pos,0,2.62,-0.95,0.94,-8.05
input,0,0.00,0.26,-0.11,0.39
pos,1,2.62,-0.95,0.94,-8.06
input,1,0.00,0.26,-0.11,0.39
pos,2,2.62,-0.96,0.94,-8.07
input,2,0.00,0.25,-0.11,0.40
pos,3,2.62,-0.96,0.95,-8.08
input,3,0.00,0.25,-0.11,0.41
pos,4,2.61,-0.97,0.95,-8.12
input,4,0.00,0.24,-0.10,0.42
pos,5,2.61,-0.98,0.95,-8.13
input,5,0.00,0.24,-0.10,0.43
pos,6,2.61,-0.98,0.96,-8.14
input,6,0.00,0.24,-0.10,0.44
pos,7,2.61,-0.99,0.96,-8.14
input,7,0.00,0.23,-0.10,0.45
pos,8,2.61,-1.00,0.96,-8.12
input,8,0.00,0.23,-0.10,0.46
pos,9,2.61,-1.00,0.97,-8.13
input,9,0.00,0.23,-0.10,0.46
pos,10,2.60,-1.01,0.97,-8.12
input,10,0.00,0.22,-0.10,0.47
pos,11,2.60,-1.02,0.98,-8.15
input,11,0.00,0.22,-0.11,0.48
pos,12,2.60,-1.02,0.98,-8.14
input,12,0.00,0.22,-0.12,0.49
pos,13,2.60,-1.03,0.98,-8.15
input,13,0.00,0.21,-0.14,0.49
pos,14,2.60,-1.03,0.98,-8.18
input,14,0.00,0.21,-0.15,0.49
pos,15,2.60,-1.03,0.99,-8.17
input,15,0.00,0.21,-0.16,0.48
pos,16,2.59,-1.05,0.99,-8.16
input,16,0.00,0.20,-0.17,0.47
pos,17,2.59,-1.06,1.00,-8.20
input,17,0.00,0.20,-0.19,0.47
pos,18,2.59,-1.06,1.00,-8.18
input,18,0.00,0.20,-0.20,0.46
pos,19,2.59,-1.06,1.01,-8.19
input,19,0.00,0.19,-0.21,0.45
pos,20,2.59,-1.07,1.01,-8.18
input,20,0.00,0.19,-0.22,0.45
pos,21,2.59,-1.07,1.01,-8.21
input,21,0.00,0.19,-0.23,0.44
pos,22,2.59,-1.08,1.02,-8.20
input,22,0.00,0.19,-0.25,0.43
pos,23,2.58,-1.09,1.02,-8.19
input,23,0.00,0.18,-0.26,0.43
pos,24,2.58,-1.09,1.02,-8.20
input,24,0.00,0.18,-0.27,0.42
pos,25,2.58,-1.10,1.03,-8.22
input,25,0.00,0.18,-0.28,0.41
pos,26,2.58,-1.10,1.02,-8.24
input,26,0.00,0.17,-0.29,0.41
pos,27,2.58,-1.10,1.02,-8.24
input,27,0.00,0.17,-0.30,0.40
pos,28,2.58,-1.10,1.03,-8.24
input,28,0.00,0.17,-0.31,0.39
pos,29,2.58,-1.10,1.03,-8.24
input,29,0.00,0.17,-0.32,0.39
pos,30,2.58,-1.10,1.03,-8.24
input,30,0.00,0.16,-0.33,0.38
pos,31,2.58,-1.10,1.03,-8.24
input,31,0.00,0.16,-0.34,0.38
pos,32,2.58,-1.10,1.03,-8.24
input,32,0.00,0.16,-0.35,0.37
pos,33,2.58,-1.10,1.03,-8.24
input,33,0.00,0.16,-0.36,0.37
pos,34,2.58,-1.10,1.03,-8.24
input,34,0.00,0.15,-0.37,0.36
pos,35,2.58,-1.10,1.03,-8.24
input,35,0.00,0.15,-0.38,0.35
pos,36,2.58,-1.10,1.03,-8.24
input,36,0.00,0.15,-0.39,0.35
pos,37,2.58,-1.10,1.03,-8.24
input,37,0.00,0.15,-0.40,0.34
pos,38,2.58,-1.10,1.03,-8.24
input,38,0.00,0.15,-0.41,0.34
pos,39,2.58,-1.10,1.03,-8.24
input,39,0.00,0.14,-0.42,0.33
pos,40,2.57,-1.16,1.07,-8.35
input,40,0.00,0.14,-0.42,0.33
pos,41,2.57,-1.17,1.07,-8.38
input,41,0.00,0.14,-0.43,0.32
pos,42,2.57,-1.17,1.08,-8.34
input,42,0.00,0.14,-0.44,0.32
pos,43,2.57,-1.17,1.09,-8.35
input,43,0.00,0.14,-0.45,0.31
pos,44,2.57,-1.18,1.09,-8.37
input,44,0.00,0.13,-0.46,0.31
pos,45,2.57,-1.18,1.09,-8.38
input,45,0.00,0.13,-0.47,0.31
pos,46,2.57,-1.18,1.10,-8.40
input,46,0.00,0.13,-0.47,0.30
pos,47,2.57,-1.19,1.10,-8.45
input,47,0.00,0.13,-0.48,0.30
pos,48,2.57,-1.19,1.11,-8.43
input,48,0.00,0.13,-0.49,0.29
pos,49,2.57,-1.19,1.11,-8.44
input,49,0.00,0.12,-0.50,0.29
pos,50,2.57,-1.19,1.12,-8.47
input,50,0.00,0.12,-0.51,0.28
pos,51,2.56,-1.19,1.13,-8.42
input,51,0.00,0.12,-0.51,0.28
pos,52,2.57,-1.20,1.13,-8.49
input,52,0.00,0.12,-0.52,0.27
pos,53,2.57,-1.20,1.13,-8.51
input,53,0.00,0.12,-0.53,0.27
pos,54,2.57,-1.20,1.14,-8.51
input,54,0.00,0.11,-0.53,0.27
pos,55,2.57,-1.20,1.14,-8.51
input,55,0.00,0.11,-0.54,0.26
pos,56,2.56,-1.21,1.14,-8.50
input,56,0.00,0.11,-0.55,0.26
pos,57,2.57,-1.21,1.15,-8.54
input,57,0.00,0.11,-0.56,0.25
pos,58,2.56,-1.21,1.16,-8.57
input,58,0.00,0.11,-0.56,0.25
pos,59,2.56,-1.22,1.15,-8.68
input,59,0.00,0.11,-0.57,0.25
pos,60,2.56,-1.22,1.16,-8.68
input,60,0.00,0.10,-0.57,0.24
pos,61,2.56,-1.22,1.16,-8.68
input,61,0.00,0.10,-0.58,0.24
pos,62,2.56,-1.22,1.17,-8.69
input,62,0.00,0.10,-0.59,0.24
pos,63,2.57,-1.22,1.17,-8.71
input,63,0.00,0.10,-0.59,0.23
pos,64,2.57,-1.23,1.18,-8.69
input,64,0.00,0.10,-0.60,0.23
pos,65,2.57,-1.23,1.18,-8.70
input,65,0.00,0.10,-0.61,0.23
pos,66,2.57,-1.23,1.18,-8.71
input,66,0.00,0.10,-0.61,0.22
pos,67,2.57,-1.23,1.19,-8.71
input,67,0.00,0.09,-0.62,0.22
pos,68,2.56,-1.23,1.19,-8.73
input,68,0.00,0.09,-0.62,0.22
pos,69,2.56,-1.23,1.20,-8.73
input,69,0.00,0.09,-0.63,0.21
pos,70,2.56,-1.23,1.20,-8.73
input,70,0.00,0.09,-0.63,0.21
pos,71,2.56,-1.23,1.20,-8.73
input,71,0.00,0.09,-0.64,0.21
pos,72,2.56,-1.23,1.20,-8.73
input,72,0.00,0.09,-0.65,0.20
pos,73,2.57,-1.24,1.21,-8.70
input,73,0.00,0.09,-0.65,0.20
pos,74,2.57,-1.24,1.23,-8.74
input,74,0.00,0.08,-0.66,0.20
pos,75,2.57,-1.24,1.23,-8.74
input,75,0.00,0.08,-0.66,0.19
pos,76,2.56,-1.24,1.23,-8.77
input,76,0.00,0.08,-0.67,0.19
pos,77,2.56,-1.25,1.24,-8.79
input,77,0.00,0.08,-0.66,0.19
pos,78,2.56,-1.25,1.24,-8.79
input,78,0.00,0.08,-0.65,0.19
pos,79,2.56,-1.25,1.25,-8.80
input,79,0.00,0.08,-0.64,0.18
pos,80,2.56,-1.25,1.25,-8.80
input,80,0.00,0.08,-0.63,0.18
pos,81,2.56,-1.25,1.26,-8.81
input,81,0.00,0.08,-0.62,0.18
pos,82,2.56,-1.25,1.26,-8.84
input,82,0.00,0.07,-0.61,0.17
pos,83,2.56,-1.26,1.27,-8.84
input,83,0.00,0.07,-0.60,0.17
pos,84,2.56,-1.26,1.27,-8.85
input,84,0.00,0.09,-0.59,0.17
pos,85,2.56,-1.26,1.27,-8.86
input,85,0.00,0.10,-0.58,0.17
pos,86,2.56,-1.26,1.28,-8.88
input,86,0.00,0.12,-0.57,0.16
pos,87,2.56,-1.26,1.28,-8.89
input,87,0.00,0.13,-0.56,0.16
pos,88,2.56,-1.26,1.28,-8.89
input,88,0.00,0.14,-0.56,0.16
pos,89,2.56,-1.27,1.29,-8.90
input,89,0.00,0.15,-0.55,0.16
pos,90,2.56,-1.27,1.29,-8.90
input,90,0.00,0.17,-0.54,0.15
pos,91,2.56,-1.27,1.29,-8.90
input,91,0.00,0.18,-0.53,0.15
pos,92,2.55,-1.27,1.31,-8.90
input,92,0.00,0.19,-0.52,0.15
pos,93,2.55,-1.28,1.31,-8.94
input,93,0.00,0.20,-0.52,0.15
pos,94,2.55,-1.28,1.32,-9.01
input,94,0.00,0.22,-0.51,0.15
pos,95,2.55,-1.28,1.32,-9.04
input,95,0.00,0.23,-0.50,0.14
pos,96,2.54,-1.28,1.32,-9.03
input,96,0.00,0.24,-0.49,0.14
pos,97,2.54,-1.29,1.33,-9.06
input,97,0.00,0.25,-0.48,0.14
pos,98,2.53,-1.29,1.33,-9.06
input,98,0.00,0.26,-0.48,0.14
pos,99,2.53,-1.29,1.33,-9.07
input,99,0.00,0.27,-0.47,0.13
pos,100,2.53,-1.29,1.34,-9.08
input,100,0.00,0.28,-0.46,0.13
pos,101,2.53,-1.29,1.34,-9.08
input,101,0.00,0.29,-0.46,0.13
pos,102,2.52,-1.29,1.35,-9.04
input,102,0.00,0.31,-0.45,0.13
pos,103,2.52,-1.30,1.36,-9.05
input,103,0.00,0.32,-0.44,0.13
pos,104,2.52,-1.30,1.36,-9.05
input,104,0.00,0.33,-0.44,0.13
pos,105,2.52,-1.30,1.36,-9.05
input,105,0.00,0.34,-0.43,0.12
pos,106,2.52,-1.30,1.36,-9.05
input,106,0.00,0.35,-0.42,0.12
pos,107,2.52,-1.30,1.36,-9.06
input,107,0.00,0.36,-0.42,0.12
pos,108,2.52,-1.30,1.36,-9.06
input,108,0.00,0.37,-0.41,0.12
pos,109,2.50,-1.31,1.38,-9.09
input,109,0.00,0.37,-0.40,0.12
pos,110,2.49,-1.31,1.38,-9.09
input,110,0.00,0.38,-0.40,0.11
pos,111,2.49,-1.31,1.38,-9.09
input,111,0.00,0.39,-0.39,0.11
pos,112,2.47,-1.33,1.40,-9.11
input,112,0.00,0.40,-0.39,0.11
pos,113,2.47,-1.33,1.41,-9.12
input,113,0.00,0.41,-0.38,0.11
pos,114,2.47,-1.33,1.41,-9.12
input,114,0.00,0.42,-0.38,0.11
pos,115,2.47,-1.33,1.41,-9.12
input,115,0.00,0.43,-0.37,0.11
pos,116,2.45,-1.34,1.42,-9.07
input,116,0.00,0.44,-0.36,0.10
pos,117,2.44,-1.34,1.43,-9.09
input,117,0.00,0.45,-0.36,0.10
pos,118,2.43,-1.34,1.43,-9.08
input,118,0.00,0.45,-0.35,0.10
pos,119,2.42,-1.35,1.44,-9.11
input,119,0.00,0.46,-0.35,0.10
pos,120,2.42,-1.35,1.44,-9.24
input,120,0.00,0.47,-0.34,0.10
pos,121,2.40,-1.35,1.45,-9.24
input,121,0.00,0.48,-0.34,0.10
pos,122,2.40,-1.36,1.46,-9.23
input,122,0.00,0.49,-0.33,0.10
pos,123,2.39,-1.36,1.46,-9.23
input,123,0.00,0.49,-0.33,0.09
pos,124,2.38,-1.36,1.47,-9.11
input,124,0.00,0.50,-0.32,0.09
pos,125,2.37,-1.36,1.47,-9.20
input,125,0.00,0.51,-0.32,0.09
pos,126,2.37,-1.37,1.48,-9.21
input,126,0.00,0.52,-0.31,0.09
pos,127,2.36,-1.37,1.48,-9.23
input,127,0.00,0.52,-0.31,0.09
pos,128,2.35,-1.37,1.49,-9.11
input,128,0.00,0.53,-0.30,0.09
pos,129,2.35,-1.37,1.49,-9.11
input,129,0.00,0.54,-0.30,0.09
pos,130,2.34,-1.38,1.50,-9.12
input,130,0.00,0.54,-0.29,0.08
pos,131,2.32,-1.38,1.51,-9.16
input,131,0.00,0.55,-0.29,0.08
pos,132,2.31,-1.38,1.52,-9.16
input,132,0.00,0.56,-0.29,0.08
pos,133,2.31,-1.38,1.52,-9.16
input,133,0.00,0.56,-0.28,0.08
pos,134,2.30,-1.39,1.53,-9.17
input,134,0.00,0.57,-0.28,0.08
pos,135,2.29,-1.39,1.53,-9.17
input,135,0.00,0.58,-0.27,0.08
pos,136,2.29,-1.39,1.53,-9.17
input,136,0.00,0.57,-0.27,0.08
pos,137,2.27,-1.40,1.55,-9.18
input,137,0.00,0.56,-0.27,0.08
pos,138,2.26,-1.40,1.55,-9.18
input,138,0.00,0.55,-0.26,0.07
pos,139,2.24,-1.40,1.57,-9.20
input,139,0.00,0.54,-0.26,0.07
pos,140,2.24,-1.40,1.57,-9.19
input,140,0.00,0.54,-0.25,0.07
pos,141,2.22,-1.41,1.57,-9.31
input,141,0.00,0.53,-0.25,0.07
pos,142,2.22,-1.41,1.57,-9.31
input,142,0.00,0.52,-0.25,0.07
pos,143,2.21,-1.41,1.58,-9.30
input,143,0.00,0.51,-0.24,0.07
pos,144,2.21,-1.41,1.58,-9.30
input,144,0.00,0.50,-0.24,0.07
pos,145,2.21,-1.41,1.58,-9.30
input,145,0.00,0.50,-0.23,0.07
pos,146,2.21,-1.41,1.58,-9.30
input,146,0.00,0.49,-0.23,0.07
pos,147,2.21,-1.41,1.58,-9.30
input,147,0.00,0.48,-0.23,0.07
pos,148,2.14,-1.42,1.62,-9.21
input,148,0.00,0.47,-0.22,0.06
pos,149,2.13,-1.43,1.62,-9.24
input,149,0.00,0.47,-0.22,0.06
pos,150,2.11,-1.43,1.63,-9.24
input,150,0.00,0.46,-0.22,0.06
pos,151,2.10,-1.43,1.64,-9.24
input,151,0.00,0.45,-0.21,0.06
pos,152,2.08,-1.44,1.65,-9.24
input,152,0.00,0.45,-0.21,0.06
pos,153,2.08,-1.44,1.65,-9.24
input,153,0.00,0.44,-0.21,0.06
pos,154,2.05,-1.44,1.66,-9.25
input,154,0.00,0.45,-0.20,0.06
pos,155,2.04,-1.44,1.67,-9.25
input,155,0.00,0.46,-0.20,0.06
pos,156,2.04,-1.44,1.67,-9.25
input,156,0.00,0.47,-0.20,0.06
pos,157,2.01,-1.45,1.68,-9.31
input,157,0.00,0.47,-0.20,0.06
pos,158,2.00,-1.45,1.68,-9.30
input,158,0.00,0.48,-0.19,0.06
pos,159,1.98,-1.45,1.69,-9.22
input,159,0.00,0.49,-0.19,0.05
pos,160,1.98,-1.45,1.69,-9.22
input,160,0.00,0.50,-0.19,0.05
pos,161,1.97,-1.45,1.69,-9.27
input,161,0.00,0.50,-0.18,0.05
pos,162,1.93,-1.46,1.71,-9.22
input,162,0.00,0.51,-0.18,0.05
pos,163,1.92,-1.46,1.72,-9.21
input,163,0.00,0.52,-0.18,0.05
pos,164,1.92,-1.46,1.72,-9.21
input,164,0.00,0.53,-0.18,0.05
pos,165,1.91,-1.46,1.72,-9.24
input,165,0.00,0.53,-0.17,0.05
pos,166,1.89,-1.47,1.73,-9.23
input,166,0.00,0.54,-0.17,0.05
pos,167,1.86,-1.47,1.74,-9.23
input,167,0.00,0.53,-0.17,0.05
pos,168,1.83,-1.48,1.75,-9.24
input,168,0.00,0.52,-0.17,0.05
pos,169,1.82,-1.48,1.76,-9.23
input,169,0.00,0.52,-0.16,0.05
pos,170,1.81,-1.48,1.76,-9.20
input,170,0.00,0.51,-0.16,0.05
pos,171,1.80,-1.48,1.76,-9.22
input,171,0.00,0.50,-0.16,0.05
pos,172,1.78,-1.48,1.77,-9.26
input,172,0.00,0.49,-0.16,0.04
pos,173,1.76,-1.49,1.78,-9.27
input,173,0.00,0.49,-0.15,0.04
pos,174,1.75,-1.49,1.78,-9.28
input,174,0.00,0.48,-0.15,0.04
pos,175,1.75,-1.49,1.78,-9.28
input,175,0.00,0.47,-0.15,0.04
pos,176,1.72,-1.49,1.79,-9.28
input,176,0.00,0.46,-0.15,0.04
pos,177,1.70,-1.50,1.80,-9.30
input,177,0.00,0.46,-0.14,0.04
pos,178,1.69,-1.50,1.81,-9.36
input,178,0.00,0.45,-0.14,0.04
pos,179,1.68,-1.50,1.81,-9.38
input,179,0.00,0.44,-0.14,0.04
pos,180,1.66,-1.50,1.82,-9.38
input,180,0.00,0.44,-0.14,0.04
pos,181,1.66,-1.50,1.82,-9.38
input,181,0.00,0.43,-0.14,0.04
pos,182,1.63,-1.51,1.83,-9.37
input,182,0.00,0.42,-0.13,0.04
pos,183,1.63,-1.51,1.83,-9.37
input,183,0.00,0.42,-0.13,0.04
pos,184,1.60,-1.51,1.84,-9.36
input,184,0.00,0.41,-0.13,0.04
pos,185,1.59,-1.51,1.85,-9.39
input,185,0.00,0.41,-0.13,0.04
pos,186,1.59,-1.51,1.85,-9.39
input,186,0.00,0.40,-0.13,0.04
pos,187,1.58,-1.51,1.85,-9.38
input,187,0.00,0.39,-0.12,0.04
pos,188,1.57,-1.51,1.86,-9.38
input,188,0.00,0.39,-0.12,0.04
pos,189,1.54,-1.51,1.87,-9.39
input,189,0.00,0.38,-0.12,0.03
pos,190,1.53,-1.51,1.87,-9.40
input,190,0.00,0.38,-0.12,0.03
pos,191,1.52,-1.52,1.88,-9.40
input,191,0.00,0.37,-0.12,0.03
pos,192,1.50,-1.52,1.88,-9.41
input,192,0.00,0.36,-0.12,0.03
pos,193,1.50,-1.52,1.88,-9.41
input,193,0.00,0.36,-0.11,0.03
pos,194,1.48,-1.52,1.89,-9.40
input,194,0.00,0.35,-0.11,0.03
pos,195,1.47,-1.52,1.90,-9.34
input,195,0.00,0.35,-0.11,0.03
pos,196,1.45,-1.52,1.90,-9.37
input,196,0.00,0.34,-0.11,0.03
pos,197,1.44,-1.52,1.91,-9.39
input,197,0.00,0.34,-0.11,0.03
pos,198,1.44,-1.52,1.91,-9.39
input,198,0.00,0.33,-0.11,0.03
pos,199,1.44,-1.52,1.91,-9.39
input,199,0.00,0.33,-0.10,0.03
pos,200,1.44,-1.52,1.91,-9.39
input,200,0.00,0.32,-0.10,0.03
pos,201,1.40,-1.52,1.92,-9.37
input,201,0.00,0.32,-0.10,0.03
pos,202,1.40,-1.52,1.93,-9.38
input,202,0.00,0.31,-0.10,0.03
pos,203,1.40,-1.52,1.93,-9.38
input,203,0.00,0.31,-0.10,0.03
pos,204,1.40,-1.52,1.93,-9.38
input,204,0.00,0.30,-0.10,0.03
pos,205,1.36,-1.52,1.95,-9.37
input,205,0.00,0.30,-0.09,0.03
pos,206,1.36,-1.52,1.95,-9.37
input,206,0.00,0.30,-0.09,0.03
pos,207,1.36,-1.52,1.95,-9.37
input,207,0.00,0.29,-0.09,0.03
pos,208,1.33,-1.52,1.97,-9.37
input,208,0.00,0.29,-0.09,0.03
pos,209,1.33,-1.52,1.97,-9.37
input,209,0.00,0.28,-0.09,0.03
pos,210,1.32,-1.52,1.97,-9.38
input,210,0.00,0.28,-0.09,0.03
pos,211,1.29,-1.52,1.99,-9.38
input,211,0.00,0.27,-0.09,0.02
pos,212,1.29,-1.52,1.99,-9.37
input,212,0.00,0.27,-0.09,0.02
pos,213,1.26,-1.52,2.00,-9.37
input,213,0.00,0.27,-0.08,0.02
pos,214,1.25,-1.52,2.01,-9.32
input,214,0.00,0.26,-0.08,0.02
pos,215,1.25,-1.52,2.01,-9.32
input,215,0.00,0.26,-0.08,0.02
pos,216,1.23,-1.52,2.02,-9.31
input,216,0.00,0.25,-0.08,0.02
pos,217,1.23,-1.52,2.02,-9.31
input,217,0.00,0.25,-0.08,0.02
pos,218,1.23,-1.52,2.02,-9.31
input,218,0.00,0.25,-0.08,0.02
pos,219,1.19,-1.52,2.04,-9.37
input,219,0.00,0.24,-0.08,0.02
pos,220,1.18,-1.52,2.05,-9.38
input,220,0.00,0.24,-0.08,0.01
pos,221,1.17,-1.52,2.05,-9.40
input,221,0.00,0.24,-0.07,-0.01
pos,222,1.17,-1.52,2.06,-9.41
input,222,0.00,0.23,-0.07,-0.02
pos,223,1.16,-1.52,2.06,-9.39
input,223,0.00,0.23,-0.07,-0.04
pos,224,1.16,-1.52,2.06,-9.39
input,224,0.00,0.22,-0.07,-0.05
pos,225,1.13,-1.53,2.08,-9.39
input,225,0.00,0.22,-0.07,-0.07
pos,226,1.13,-1.53,2.08,-9.47
input,226,0.00,0.22,-0.07,-0.08
pos,227,1.12,-1.53,2.09,-9.35
input,227,0.00,0.21,-0.07,-0.09
pos,228,1.11,-1.53,2.10,-9.38
input,228,0.00,0.21,-0.07,-0.11
pos,229,1.10,-1.53,2.10,-9.38
input,229,0.00,0.21,-0.07,-0.12
pos,230,1.09,-1.53,2.11,-9.49
input,230,0.00,0.21,-0.07,-0.13
pos,231,1.08,-1.53,2.12,-9.46
input,231,0.00,0.20,-0.06,-0.15
pos,232,1.07,-1.53,2.13,-9.45
input,232,0.00,0.20,-0.06,-0.16
pos,233,1.06,-1.53,2.13,-9.48
input,233,0.00,0.20,-0.06,-0.17
pos,234,1.06,-1.54,2.13,-9.48
input,234,0.00,0.19,-0.06,-0.19
pos,235,1.06,-1.54,2.13,-9.48
input,235,0.00,0.19,-0.06,-0.20
pos,236,1.04,-1.53,2.15,-9.46
input,236,0.00,0.19,-0.06,-0.21
pos,237,1.04,-1.53,2.15,-9.46
input,237,0.00,0.18,-0.06,-0.22
pos,238,1.04,-1.53,2.15,-9.46
input,238,0.00,0.18,-0.06,-0.23
pos,239,1.02,-1.54,2.16,-9.48
input,239,0.00,0.18,-0.06,-0.24
pos,240,1.01,-1.54,2.16,-9.46
input,240,0.00,0.18,-0.06,-0.26
pos,241,1.01,-1.54,2.17,-9.49
input,241,0.00,0.17,-0.06,-0.27
pos,242,1.00,-1.54,2.17,-9.47
input,242,0.00,0.17,-0.05,-0.28
pos,243,0.99,-1.54,2.18,-9.41
input,243,0.00,0.17,-0.05,-0.29
pos,244,0.98,-1.54,2.18,-9.46
input,244,0.00,0.17,-0.05,-0.30
pos,245,0.98,-1.54,2.19,-9.44
input,245,0.00,0.16,-0.05,-0.31
pos,246,0.97,-1.54,2.19,-9.49
input,246,0.00,0.16,-0.05,-0.32
pos,247,0.97,-1.54,2.19,-9.46
input,247,0.00,0.16,-0.05,-0.33
pos,248,0.96,-1.55,2.20,-9.47
input,248,0.00,0.16,-0.05,-0.34
pos,249,0.96,-1.55,2.20,-9.47
input,249,0.00,0.15,-0.05,-0.35
pos,250,0.95,-1.55,2.20,-9.48
input,250,0.00,0.15,-0.05,-0.36
pos,251,0.94,-1.55,2.21,-9.48
input,251,0.00,0.15,-0.05,-0.37
pos,252,0.94,-1.55,2.21,-9.47
input,252,0.00,0.15,-0.05,-0.38
pos,253,0.94,-1.55,2.21,-9.48
input,253,0.00,0.14,-0.05,-0.39
pos,254,0.93,-1.55,2.22,-9.46
input,254,0.00,0.14,-0.05,-0.40
pos,255,0.93,-1.55,2.22,-9.56
input,255,0.00,0.14,-0.04,-0.41
pos,256,0.92,-1.55,2.23,-9.56
input,256,0.00,0.14,-0.04,-0.42
pos,257,0.92,-1.55,2.23,-9.44
input,257,0.00,0.14,-0.04,-0.42
pos,258,0.92,-1.55,2.23,-9.44
input,258,0.00,0.13,-0.04,-0.43
pos,259,0.89,-1.55,2.24,-9.44
input,259,0.00,0.13,-0.04,-0.43
pos,260,0.90,-1.55,2.24,-9.51
input,260,0.00,0.13,-0.04,-0.42
pos,261,0.90,-1.56,2.24,-9.40
input,261,0.00,0.13,-0.04,-0.41
pos,262,0.89,-1.56,2.24,-9.48
input,262,0.00,0.13,-0.04,-0.41
pos,263,0.89,-1.56,2.24,-9.48
input,263,0.00,0.12,-0.04,-0.40
pos,264,0.89,-1.56,2.25,-9.45
input,264,0.00,0.12,-0.04,-0.40
pos,265,0.89,-1.56,2.25,-9.45
input,265,0.00,0.12,-0.04,-0.39
pos,266,0.88,-1.56,2.26,-9.46
input,266,0.00,0.12,-0.04,-0.38
pos,267,0.87,-1.56,2.26,-9.47
input,267,0.00,0.12,-0.04,-0.38
pos,268,0.87,-1.56,2.27,-9.51
input,268,0.00,0.12,-0.04,-0.37
pos,269,0.83,-1.57,2.30,-9.51
input,269,0.00,0.11,-0.04,-0.37
pos,270,0.82,-1.57,2.30,-9.51
input,270,0.00,0.11,-0.04,-0.36
pos,271,0.82,-1.57,2.30,-9.51
input,271,0.00,0.11,-0.04,-0.36
pos,272,0.82,-1.57,2.31,-9.51
input,272,0.00,0.11,-0.03,-0.35
pos,273,0.81,-1.58,2.31,-9.51
input,273,0.00,0.11,-0.03,-0.35
pos,274,0.81,-1.58,2.32,-9.51
input,274,0.00,0.11,-0.03,-0.34
pos,275,0.81,-1.58,2.32,-9.51
input,275,0.00,0.10,-0.03,-0.34
pos,276,0.80,-1.58,2.33,-9.51
input,276,0.00,0.10,-0.03,-0.33
pos,277,0.80,-1.58,2.33,-9.51
input,277,0.00,0.10,-0.03,-0.33
pos,278,0.80,-1.58,2.34,-9.51
input,278,0.00,0.10,-0.03,-0.32
pos,279,0.79,-1.58,2.34,-9.51
input,279,0.00,0.10,-0.03,-0.32
pos,280,0.79,-1.58,2.35,-9.51
input,280,0.00,0.10,-0.03,-0.31
pos,281,0.79,-1.58,2.35,-9.51
input,281,0.00,0.10,-0.03,-0.31
pos,282,0.79,-1.58,2.35,-9.51
input,282,0.00,0.09,-0.03,-0.30
pos,283,0.78,-1.58,2.36,-9.51
input,283,0.00,0.09,-0.03,-0.30
pos,284,0.77,-1.58,2.37,-9.51
input,284,0.00,0.09,-0.03,-0.29
pos,285,0.77,-1.58,2.37,-9.51
input,285,0.00,0.09,-0.03,-0.29
pos,286,0.77,-1.58,2.38,-9.51
input,286,0.00,0.10,-0.03,-0.28
pos,287,0.77,-1.58,2.38,-9.51
input,287,0.00,0.12,-0.03,-0.28
pos,288,0.76,-1.58,2.39,-9.51
input,288,0.00,0.13,-0.03,-0.28
pos,289,0.75,-1.58,2.39,-9.51
input,289,0.00,0.14,-0.03,-0.27
pos,290,0.75,-1.59,2.40,-9.51
input,290,0.00,0.16,-0.03,-0.27
pos,291,0.78,-1.57,2.38,-9.52
input,291,0.00,0.17,-0.03,-0.26
pos,292,0.78,-1.57,2.39,-9.52
input,292,0.00,0.18,-0.03,-0.26
pos,293,0.77,-1.57,2.39,-9.54
input,293,0.00,0.19,-0.03,-0.26
pos,294,0.77,-1.57,2.39,-9.53
input,294,0.00,0.21,-0.02,-0.25
pos,295,0.77,-1.57,2.40,-9.53
input,295,0.00,0.22,-0.02,-0.25
pos,296,0.77,-1.57,2.40,-9.53
input,296,0.00,0.23,-0.02,-0.24
pos,297,0.77,-1.57,2.40,-9.53
input,297,0.00,0.24,-0.02,-0.24
pos,298,0.77,-1.57,2.40,-9.53
input,298,0.00,0.25,-0.02,-0.24
pos,299,0.74,-1.58,2.43,-9.53
input,299,0.00,0.26,-0.02,-0.23
pos,300,0.70,-1.59,2.45,-9.53
input,300,0.00,0.27,-0.02,-0.23
pos,301,0.69,-1.59,2.45,-9.53
input,301,0.00,0.28,-0.02,-0.23
pos,302,0.69,-1.59,2.45,-9.53
input,302,0.00,0.30,-0.02,-0.22
pos,303,0.71,-1.59,2.46,-9.53
input,303,0.00,0.31,-0.02,-0.22
pos,304,0.70,-1.59,2.47,-9.87
input,304,0.00,0.32,-0.02,-0.22
pos,305,0.70,-1.59,2.47,-9.87
input,305,0.00,0.33,-0.02,-0.21
pos,306,0.70,-1.59,2.47,-9.87
input,306,0.00,0.34,-0.02,-0.21
pos,307,0.70,-1.59,2.47,-9.87
input,307,0.00,0.35,-0.02,-0.21
