pos,0,-0.59,-1.77,2.22,-9.45
input,0,0.00,-0.21,-0.00,-0.15
pos,1,-0.58,-1.77,2.22,-9.44
input,1,0.00,-0.21,-0.00,-0.16
pos,2,-0.58,-1.77,2.22,-9.44
input,2,0.00,-0.21,-0.00,-0.17
pos,3,-0.57,-1.77,2.22,-9.43
input,3,0.00,-0.20,-0.00,-0.18
pos,4,-0.56,-1.77,2.22,-9.43
input,4,0.00,-0.20,-0.00,-0.20
pos,5,-0.56,-1.77,2.22,-9.44
input,5,0.00,-0.20,-0.00,-0.21
pos,6,-0.55,-1.77,2.22,-9.44
input,6,0.00,-0.20,-0.00,-0.22
pos,7,-0.54,-1.77,2.22,-9.43
input,7,0.00,-0.19,-0.00,-0.23
pos,8,-0.54,-1.77,2.21,-9.47
input,8,0.00,-0.19,-0.00,-0.24
pos,9,-0.53,-1.77,2.21,-9.42
input,9,0.00,-0.19,-0.00,-0.25
pos,10,-0.53,-1.77,2.21,-9.30
input,10,0.00,-0.18,-0.00,-0.27
pos,11,-0.52,-1.77,2.21,-9.45
input,11,0.00,-0.18,-0.00,-0.28
pos,12,-0.52,-1.77,2.21,-9.36
input,12,0.00,-0.18,-0.00,-0.29
pos,13,-0.51,-1.77,2.20,-9.44
input,13,0.00,-0.18,-0.00,-0.30
pos,14,-0.51,-1.77,2.20,-9.36
input,14,0.00,-0.17,-0.00,-0.31
pos,15,-0.50,-1.77,2.20,-9.43
input,15,0.00,-0.17,-0.00,-0.32
pos,16,-0.50,-1.77,2.19,-9.42
input,16,0.00,-0.17,-0.00,-0.33
pos,17,-0.50,-1.77,2.19,-9.35
input,17,0.00,-0.17,-0.00,-0.34
pos,18,-0.49,-1.77,2.19,-9.47
input,18,0.00,-0.16,-0.00,-0.35
pos,19,-0.48,-1.77,2.18,-9.45
input,19,0.00,-0.16,-0.00,-0.36
pos,20,-0.48,-1.77,2.18,-9.41
input,20,0.00,-0.16,-0.00,-0.37
pos,21,-0.47,-1.77,2.17,-9.40
input,21,0.00,-0.16,-0.00,-0.38
pos,22,-0.47,-1.77,2.17,-9.40
input,22,0.00,-0.15,-0.00,-0.39
pos,23,-0.47,-1.77,2.16,-9.45
input,23,0.00,-0.15,-0.00,-0.40
pos,24,-0.46,-1.77,2.16,-9.46
input,24,0.00,-0.15,-0.00,-0.41
pos,25,-0.46,-1.77,2.16,-9.44
input,25,0.00,-0.15,-0.00,-0.41
pos,26,-0.45,-1.77,2.15,-9.35
input,26,0.00,-0.14,-0.00,-0.42
pos,27,-0.45,-1.77,2.15,-9.43
input,27,0.00,-0.14,-0.00,-0.43
pos,28,-0.45,-1.78,2.14,-9.37
input,28,0.00,-0.14,-0.00,-0.44
pos,29,-0.44,-1.78,2.13,-9.43
input,29,0.00,-0.14,-0.00,-0.45
pos,30,-0.44,-1.78,2.12,-9.44
input,30,0.00,-0.14,-0.00,-0.46
pos,31,-0.43,-1.78,2.12,-9.45
input,31,0.00,-0.13,-0.00,-0.47
pos,32,-0.43,-1.78,2.11,-9.46
input,32,0.00,-0.13,-0.00,-0.47
pos,33,-0.43,-1.78,2.10,-9.46
input,33,0.00,-0.13,-0.00,-0.48
pos,34,-0.43,-1.78,2.10,-9.48
input,34,0.00,-0.13,-0.00,-0.49
pos,35,-0.42,-1.78,2.09,-9.47
input,35,0.00,-0.13,-0.00,-0.50
pos,36,-0.42,-1.78,2.08,-9.47
input,36,0.00,-0.12,-0.00,-0.50
pos,37,-0.41,-1.78,2.07,-9.49
input,37,0.00,-0.12,-0.00,-0.51
pos,38,-0.41,-1.78,2.07,-9.49
input,38,0.00,-0.12,-0.00,-0.52
pos,39,-0.41,-1.78,2.06,-9.48
input,39,0.00,-0.12,-0.00,-0.53
pos,40,-0.40,-1.78,2.05,-9.51
input,40,0.00,-0.12,-0.02,-0.53
pos,41,-0.40,-1.78,2.05,-9.51
input,41,0.00,-0.12,-0.03,-0.54
pos,42,-0.40,-1.78,2.03,-9.50
input,42,0.00,-0.11,-0.04,-0.55
pos,43,-0.40,-1.79,2.03,-9.50
input,43,0.00,-0.11,-0.06,-0.55
pos,44,-0.39,-1.79,2.03,-9.44
input,44,0.00,-0.11,-0.07,-0.56
pos,45,-0.40,-1.78,2.00,-9.44
input,45,0.00,-0.11,-0.09,-0.57
pos,46,-0.39,-1.79,2.01,-9.50
input,46,0.00,-0.11,-0.10,-0.57
pos,47,-0.39,-1.78,1.98,-9.50
input,47,0.00,-0.11,-0.11,-0.58
pos,48,-0.39,-1.78,1.98,-9.50
input,48,0.00,-0.10,-0.13,-0.59
pos,49,-0.39,-1.78,1.97,-9.50
input,49,0.00,-0.10,-0.14,-0.59
pos,50,-0.38,-1.80,1.98,-9.50
input,50,0.00,-0.10,-0.15,-0.60
pos,51,-0.38,-1.80,1.97,-9.54
input,51,0.00,-0.10,-0.17,-0.60
pos,52,-0.37,-1.80,1.96,-9.54
input,52,0.00,-0.10,-0.18,-0.61
pos,53,-0.37,-1.80,1.95,-9.55
input,53,0.00,-0.10,-0.19,-0.62
pos,54,-0.37,-1.80,1.94,-9.52
input,54,0.00,-0.09,-0.20,-0.62
pos,55,-0.37,-1.80,1.94,-9.55
input,55,0.00,-0.09,-0.21,-0.63
pos,56,-0.36,-1.80,1.92,-9.52
input,56,0.00,-0.09,-0.23,-0.63
pos,57,-0.36,-1.80,1.90,-9.59
input,57,0.00,-0.09,-0.24,-0.64
pos,58,-0.36,-1.81,1.90,-9.62
input,58,0.00,-0.09,-0.25,-0.64
pos,59,-0.36,-1.81,1.88,-9.63
input,59,0.00,-0.09,-0.26,-0.65
pos,60,-0.36,-1.81,1.87,-9.68
input,60,0.00,-0.09,-0.27,-0.66
pos,61,-0.36,-1.81,1.87,-9.68
input,61,0.00,-0.09,-0.28,-0.66
pos,62,-0.35,-1.81,1.86,-9.67
input,62,0.00,-0.08,-0.29,-0.67
pos,63,-0.35,-1.81,1.87,-9.67
input,63,0.00,-0.08,-0.30,-0.67
pos,64,-0.35,-1.81,1.83,-9.69
input,64,0.00,-0.08,-0.31,-0.68
pos,65,-0.35,-1.81,1.82,-9.70
input,65,0.00,-0.08,-0.33,-0.68
pos,66,-0.35,-1.81,1.81,-9.70
input,66,0.00,-0.08,-0.34,-0.69
pos,67,-0.35,-1.82,1.80,-9.70
input,67,0.00,-0.08,-0.35,-0.69
pos,68,-0.35,-1.82,1.79,-9.75
input,68,0.00,-0.08,-0.35,-0.69
pos,69,-0.34,-1.82,1.78,-9.78
input,69,0.00,-0.08,-0.36,-0.70
pos,70,-0.34,-1.82,1.77,-9.77
input,70,0.00,-0.07,-0.37,-0.70
pos,71,-0.34,-1.82,1.76,-9.78
input,71,0.00,-0.07,-0.38,-0.71
pos,72,-0.34,-1.82,1.75,-9.80
input,72,0.00,-0.07,-0.39,-0.71
pos,73,-0.34,-1.82,1.74,-9.81
input,73,0.00,-0.07,-0.40,-0.72
pos,74,-0.34,-1.82,1.73,-9.85
input,74,0.00,-0.07,-0.41,-0.72
pos,75,-0.34,-1.82,1.72,-9.88
input,75,0.00,-0.07,-0.42,-0.73
pos,76,-0.34,-1.83,1.71,-9.91
input,76,0.00,-0.07,-0.43,-0.71
pos,77,-0.34,-1.83,1.69,-9.93
input,77,0.00,-0.07,-0.44,-0.70
pos,78,-0.34,-1.83,1.68,-9.94
input,78,0.00,-0.07,-0.45,-0.71
pos,79,-0.33,-1.83,1.67,-9.94
input,79,0.00,-0.07,-0.45,-0.71
pos,80,-0.33,-1.83,1.66,-9.94
input,80,0.00,-0.06,-0.46,-0.72
pos,81,-0.33,-1.83,1.65,-10.00
input,81,0.00,-0.06,-0.47,-0.71
pos,82,-0.33,-1.83,1.64,-10.01
input,82,0.00,-0.06,-0.48,-0.70
pos,83,-0.33,-1.84,1.63,-10.03
input,83,0.00,-0.06,-0.49,-0.68
pos,84,-0.33,-1.84,1.62,-10.04
input,84,0.00,-0.06,-0.49,-0.67
pos,85,-0.33,-1.84,1.61,-10.01
input,85,0.00,-0.06,-0.50,-0.66
pos,86,-0.33,-1.84,1.60,-10.03
input,86,0.00,-0.06,-0.51,-0.65
pos,87,-0.33,-1.84,1.59,-10.05
input,87,0.00,-0.06,-0.52,-0.64
pos,88,-0.33,-1.84,1.58,-10.07
input,88,0.00,-0.06,-0.52,-0.64
pos,89,-0.33,-1.84,1.57,-10.06
input,89,0.00,-0.06,-0.53,-0.63
pos,90,-0.32,-1.84,1.56,-10.09
input,90,0.00,-0.07,-0.54,-0.62
pos,91,-0.32,-1.84,1.55,-10.10
input,91,0.00,-0.08,-0.54,-0.61
pos,92,-0.32,-1.84,1.55,-10.11
input,92,0.00,-0.10,-0.55,-0.60
pos,93,-0.32,-1.84,1.53,-10.11
input,93,0.00,-0.11,-0.56,-0.59
pos,94,-0.32,-1.84,1.53,-10.12
input,94,0.00,-0.12,-0.56,-0.58
pos,95,-0.32,-1.85,1.52,-10.07
input,95,0.00,-0.14,-0.57,-0.57
pos,96,-0.31,-1.84,1.51,-10.09
input,96,0.00,-0.15,-0.58,-0.56
pos,97,-0.31,-1.84,1.50,-10.09
input,97,0.01,-0.15,-0.58,-0.55
pos,98,-0.31,-1.84,1.49,-10.19
input,98,0.03,-0.15,-0.59,-0.55
pos,99,-0.31,-1.84,1.49,-10.19
input,99,0.04,-0.14,-0.60,-0.54
pos,100,-0.31,-1.84,1.48,-10.15
input,100,0.06,-0.14,-0.60,-0.53
pos,101,-0.30,-1.84,1.47,-10.18
input,101,0.07,-0.14,-0.61,-0.52
pos,102,-0.30,-1.84,1.46,-10.13
input,102,0.09,-0.14,-0.61,-0.51
pos,103,-0.30,-1.84,1.46,-10.14
input,103,0.10,-0.14,-0.62,-0.51
pos,104,-0.30,-1.84,1.45,-10.20
input,104,0.11,-0.13,-0.63,-0.50
pos,105,-0.30,-1.84,1.44,-10.17
input,105,0.13,-0.13,-0.63,-0.49
pos,106,-0.29,-1.83,1.43,-10.21
input,106,0.14,-0.13,-0.64,-0.48
pos,107,-0.29,-1.83,1.43,-10.19
input,107,0.15,-0.13,-0.64,-0.48
pos,108,-0.29,-1.83,1.42,-10.23
input,108,0.17,-0.13,-0.65,-0.47
pos,109,-0.29,-1.83,1.41,-10.25
input,109,0.18,-0.12,-0.65,-0.46
pos,110,-0.29,-1.83,1.41,-10.26
input,110,0.19,-0.12,-0.66,-0.46
pos,111,-0.28,-1.83,1.40,-10.28
input,111,0.20,-0.12,-0.66,-0.45
pos,112,-0.28,-1.83,1.40,-10.31
input,112,0.21,-0.12,-0.67,-0.44
pos,113,-0.28,-1.82,1.39,-10.33
input,113,0.23,-0.12,-0.67,-0.44
pos,114,-0.26,-1.80,1.39,-10.33
input,114,0.24,-0.11,-0.68,-0.43
pos,115,-0.26,-1.80,1.39,-10.33
input,115,0.25,-0.11,-0.68,-0.42
pos,116,-0.26,-1.80,1.38,-10.33
input,116,0.26,-0.11,-0.69,-0.42
pos,117,-0.25,-1.79,1.37,-10.33
input,117,0.27,-0.11,-0.69,-0.41
pos,118,-0.25,-1.79,1.37,-10.33
input,118,0.28,-0.11,-0.70,-0.40
pos,119,-0.25,-1.79,1.36,-10.33
input,119,0.29,-0.11,-0.70,-0.40
pos,120,-0.24,-1.78,1.35,-10.33
input,120,0.30,-0.10,-0.71,-0.39
pos,121,-0.24,-1.78,1.34,-10.33
input,121,0.31,-0.10,-0.71,-0.39
pos,122,-0.25,-1.80,1.32,-10.55
input,122,0.32,-0.10,-0.71,-0.38
pos,123,-0.24,-1.79,1.32,-10.49
input,123,0.34,-0.10,-0.72,-0.37
pos,124,-0.24,-1.79,1.31,-10.53
input,124,0.34,-0.10,-0.72,-0.37
pos,125,-0.23,-1.79,1.30,-10.55
input,125,0.35,-0.10,-0.73,-0.36
pos,126,-0.23,-1.78,1.29,-10.55
input,126,0.36,-0.10,-0.73,-0.36
pos,127,-0.22,-1.78,1.28,-10.56
input,127,0.36,-0.09,-0.74,-0.35
pos,128,-0.22,-1.78,1.28,-10.56
input,128,0.35,-0.09,-0.74,-0.35
pos,129,-0.22,-1.77,1.27,-10.65
input,129,0.35,-0.09,-0.74,-0.34
pos,130,-0.21,-1.77,1.26,-10.67
input,130,0.34,-0.09,-0.75,-0.34
pos,131,-0.21,-1.77,1.26,-10.72
input,131,0.34,-0.09,-0.75,-0.33
pos,132,-0.20,-1.76,1.25,-10.72
input,132,0.33,-0.09,-0.75,-0.33
pos,133,-0.20,-1.76,1.24,-10.76
input,133,0.33,-0.09,-0.76,-0.32
pos,134,-0.19,-1.75,1.22,-10.72
input,134,0.32,-0.08,-0.76,-0.32
pos,135,-0.19,-1.75,1.22,-10.79
input,135,0.32,-0.08,-0.77,-0.31
pos,136,-0.18,-1.75,1.21,-10.84
input,136,0.31,-0.08,-0.77,-0.31
pos,137,-0.18,-1.74,1.21,-10.84
input,137,0.31,-0.08,-0.77,-0.30
pos,138,-0.17,-1.74,1.20,-10.86
input,138,0.30,-0.08,-0.78,-0.30
pos,139,-0.17,-1.74,1.19,-10.90
input,139,0.30,-0.08,-0.78,-0.29
pos,140,-0.16,-1.73,1.17,-10.97
input,140,0.29,-0.08,-0.78,-0.29
pos,141,-0.15,-1.73,1.16,-10.97
input,141,0.29,-0.08,-0.79,-0.29
pos,142,-0.15,-1.73,1.16,-10.96
input,142,0.29,-0.08,-0.79,-0.28
pos,143,-0.14,-1.72,1.15,-11.00
input,143,0.28,-0.07,-0.79,-0.28
pos,144,-0.14,-1.72,1.14,-10.99
input,144,0.28,-0.07,-0.80,-0.27
pos,145,-0.14,-1.72,1.14,-11.01
input,145,0.27,-0.07,-0.80,-0.27
pos,146,-0.13,-1.71,1.12,-11.05
input,146,0.27,-0.07,-0.80,-0.26
pos,147,-0.13,-1.71,1.12,-11.05
input,147,0.27,-0.07,-0.80,-0.26
pos,148,-0.12,-1.71,1.10,-11.05
input,148,0.26,-0.07,-0.81,-0.26
pos,149,-0.11,-1.70,1.09,-11.04
input,149,0.26,-0.07,-0.81,-0.25
pos,150,-0.11,-1.70,1.08,-11.04
input,150,0.25,-0.07,-0.81,-0.25
pos,151,-0.09,-1.69,1.07,-10.90
input,151,0.25,-0.07,-0.82,-0.25
pos,152,-0.10,-1.70,1.07,-10.90
input,152,0.25,-0.06,-0.82,-0.24
pos,153,-0.09,-1.69,1.06,-11.05
input,153,0.24,-0.06,-0.82,-0.24
pos,154,-0.09,-1.69,1.05,-11.08
input,154,0.24,-0.06,-0.82,-0.23
pos,155,-0.09,-1.69,1.04,-11.08
input,155,0.24,-0.06,-0.83,-0.23
pos,156,-0.08,-1.69,1.03,-11.10
input,156,0.23,-0.06,-0.83,-0.23
pos,157,-0.07,-1.68,1.02,-11.14
input,157,0.23,-0.06,-0.83,-0.22
pos,158,-0.07,-1.68,1.01,-11.16
input,158,0.22,-0.06,-0.83,-0.22
pos,159,-0.06,-1.68,0.99,-11.02
input,159,0.22,-0.06,-0.84,-0.22
pos,160,-0.06,-1.68,0.99,-11.13
input,160,0.22,-0.06,-0.84,-0.21
pos,161,-0.06,-1.67,0.98,-11.24
input,161,0.21,-0.06,-0.84,-0.21
pos,162,-0.06,-1.67,0.97,-11.25
input,162,0.21,-0.06,-0.84,-0.21
pos,163,-0.05,-1.67,0.95,-11.20
input,163,0.21,-0.05,-0.85,-0.20
pos,164,-0.04,-1.67,0.94,-11.18
input,164,0.21,-0.05,-0.85,-0.20
pos,165,-0.04,-1.66,0.93,-11.24
input,165,0.20,-0.05,-0.85,-0.20
pos,166,-0.04,-1.66,0.92,-11.27
input,166,0.20,-0.05,-0.85,-0.20
pos,167,-0.03,-1.66,0.92,-11.27
input,167,0.20,-0.05,-0.86,-0.19
pos,168,-0.03,-1.66,0.90,-11.32
input,168,0.19,-0.05,-0.86,-0.19
pos,169,-0.02,-1.66,0.89,-11.27
input,169,0.19,-0.05,-0.86,-0.19
pos,170,-0.02,-1.65,0.87,-11.36
input,170,0.19,-0.05,-0.85,-0.18
pos,171,-0.02,-1.65,0.87,-11.37
input,171,0.18,-0.05,-0.83,-0.18
pos,172,-0.01,-1.65,0.86,-11.33
input,172,0.18,-0.05,-0.82,-0.18
pos,173,-0.01,-1.65,0.84,-11.39
input,173,0.18,-0.05,-0.81,-0.18
pos,174,-0.01,-1.65,0.83,-11.40
input,174,0.18,-0.05,-0.80,-0.17
pos,175,-0.00,-1.65,0.82,-11.40
input,175,0.17,-0.05,-0.79,-0.17
pos,176,-0.00,-1.65,0.82,-11.40
input,176,0.17,-0.04,-0.77,-0.17
pos,177,-0.00,-1.65,0.82,-11.40
input,177,0.17,-0.03,-0.76,-0.17
pos,178,-0.00,-1.65,0.82,-11.40
input,178,0.17,-0.01,-0.75,-0.16
pos,179,-0.00,-1.65,0.82,-11.40
input,179,0.16,0.00,-0.74,-0.16
pos,180,-0.00,-1.65,0.82,-11.40
input,180,0.16,0.02,-0.73,-0.16
pos,181,-0.00,-1.65,0.82,-11.40
input,181,0.16,0.03,-0.72,-0.16
pos,182,-0.00,-1.65,0.82,-11.40
input,182,0.16,0.05,-0.71,-0.15
pos,183,-0.00,-1.65,0.82,-11.40
input,183,0.15,0.06,-0.70,-0.15
pos,184,-0.00,-1.65,0.82,-11.40
input,184,0.15,0.07,-0.69,-0.15
pos,185,-0.00,-1.65,0.82,-11.40
input,185,0.15,0.09,-0.68,-0.15
pos,186,-0.00,-1.65,0.82,-11.40
input,186,0.15,0.10,-0.67,-0.14
pos,187,-0.00,-1.65,0.82,-11.40
input,187,0.14,0.12,-0.66,-0.14
pos,188,-0.00,-1.65,0.82,-11.40
input,188,0.14,0.13,-0.65,-0.14
pos,189,-0.00,-1.65,0.82,-11.40
input,189,0.14,0.14,-0.64,-0.14
pos,190,-0.00,-1.65,0.82,-11.40
input,190,0.14,0.15,-0.63,-0.14
pos,191,0.06,-1.62,0.63,-11.40
input,191,0.14,0.17,-0.62,-0.13
pos,192,0.07,-1.61,0.61,-11.40
input,192,0.13,0.18,-0.61,-0.13
pos,193,0.07,-1.61,0.60,-11.62
input,193,0.13,0.19,-0.60,-0.13
pos,194,0.08,-1.61,0.59,-11.59
input,194,0.13,0.20,-0.59,-0.13
pos,195,0.09,-1.60,0.57,-11.63
input,195,0.13,0.22,-0.58,-0.13
pos,196,0.09,-1.60,0.57,-11.63
input,196,0.13,0.23,-0.57,-0.12
pos,197,0.09,-1.60,0.55,-11.65
input,197,0.12,0.24,-0.56,-0.12
pos,198,0.10,-1.59,0.54,-11.67
input,198,0.12,0.25,-0.55,-0.12
pos,199,0.11,-1.59,0.52,-11.66
input,199,0.12,0.26,-0.55,-0.12
pos,200,0.11,-1.59,0.51,-11.65
input,200,0.12,0.27,-0.54,-0.12
pos,201,0.12,-1.58,0.50,-11.66
input,201,0.12,0.28,-0.53,-0.10
pos,202,0.12,-1.58,0.50,-11.66
input,202,0.12,0.29,-0.52,-0.08
pos,203,0.12,-1.58,0.48,-11.67
input,203,0.11,0.31,-0.51,-0.07
pos,204,0.13,-1.57,0.47,-11.65
input,204,0.11,0.32,-0.51,-0.05
pos,205,0.14,-1.57,0.46,-11.67
input,205,0.11,0.33,-0.50,-0.04
pos,206,0.14,-1.57,0.45,-11.69
input,206,0.11,0.34,-0.49,-0.02
pos,207,0.15,-1.57,0.43,-11.59
input,207,0.11,0.35,-0.48,-0.00
pos,208,0.16,-1.56,0.42,-11.58
input,208,0.11,0.36,-0.48,0.01
pos,209,0.15,-1.56,0.42,-11.58
input,209,0.10,0.37,-0.47,0.03
pos,210,0.16,-1.55,0.41,-11.75
input,210,0.10,0.37,-0.46,0.04
pos,211,0.16,-1.55,0.40,-11.77
input,211,0.10,0.38,-0.46,0.05
pos,212,0.17,-1.54,0.39,-11.79
input,212,0.10,0.39,-0.45,0.07
pos,213,0.17,-1.54,0.38,-11.80
input,213,0.10,0.40,-0.44,0.08
pos,214,0.18,-1.54,0.37,-11.81
input,214,0.10,0.41,-0.44,0.10
pos,215,0.19,-1.53,0.35,-11.88
input,215,0.10,0.42,-0.43,0.11
pos,216,0.19,-1.53,0.34,-11.90
input,216,0.09,0.43,-0.44,0.12
pos,217,0.19,-1.53,0.34,-11.90
input,217,0.09,0.44,-0.45,0.14
pos,218,0.20,-1.52,0.32,-11.90
input,218,0.09,0.45,-0.45,0.15
pos,219,0.20,-1.52,0.32,-11.91
input,219,0.09,0.45,-0.46,0.16
pos,220,0.21,-1.52,0.30,-11.84
input,220,0.09,0.46,-0.47,0.17
pos,221,0.22,-1.51,0.30,-11.84
input,221,0.09,0.47,-0.48,0.19
pos,222,0.22,-1.51,0.29,-11.96
input,222,0.09,0.48,-0.49,0.20
pos,223,0.23,-1.50,0.28,-11.96
input,223,0.08,0.47,-0.49,0.21
pos,224,0.23,-1.50,0.28,-11.96
input,224,0.08,0.46,-0.50,0.22
pos,225,0.23,-1.50,0.27,-12.00
input,225,0.08,0.46,-0.51,0.23
pos,226,0.24,-1.49,0.26,-12.00
input,226,0.08,0.45,-0.52,0.25
pos,227,0.25,-1.49,0.25,-12.04
input,227,0.08,0.44,-0.52,0.26
pos,228,0.25,-1.49,0.25,-12.08
input,228,0.08,0.44,-0.53,0.27
pos,229,0.26,-1.48,0.24,-12.04
input,229,0.08,0.43,-0.54,0.28
pos,230,0.26,-1.48,0.24,-12.08
input,230,0.08,0.42,-0.54,0.29
pos,231,0.26,-1.48,0.23,-12.10
input,231,0.07,0.42,-0.55,0.30
pos,232,0.27,-1.48,0.23,-12.12
input,232,0.07,0.41,-0.56,0.31
pos,233,0.27,-1.47,0.22,-12.12
input,233,0.07,0.41,-0.56,0.32
pos,234,0.28,-1.47,0.21,-12.15
input,234,0.07,0.40,-0.57,0.33
pos,235,0.28,-1.47,0.21,-12.16
input,235,0.07,0.39,-0.58,0.34
pos,236,0.29,-1.46,0.20,-12.19
input,236,0.07,0.39,-0.58,0.35
pos,237,0.29,-1.46,0.20,-12.20
input,237,0.07,0.38,-0.59,0.36
pos,238,0.30,-1.46,0.20,-12.18
input,238,0.07,0.38,-0.60,0.37
pos,239,0.31,-1.45,0.19,-12.24
input,239,0.07,0.37,-0.60,0.38
pos,240,0.31,-1.45,0.19,-12.29
input,240,0.07,0.36,-0.61,0.39
pos,241,0.32,-1.45,0.18,-12.28
input,241,0.06,0.36,-0.61,0.40
pos,242,0.32,-1.44,0.18,-12.32
input,242,0.06,0.35,-0.62,0.41
pos,243,0.32,-1.44,0.18,-12.39
input,243,0.06,0.35,-0.63,0.42
pos,244,0.32,-1.44,0.17,-12.39
input,244,0.06,0.34,-0.63,0.43
pos,245,0.33,-1.43,0.17,-12.38
input,245,0.06,0.34,-0.64,0.43
pos,246,0.33,-1.43,0.17,-12.41
input,246,0.06,0.33,-0.64,0.44
pos,247,0.34,-1.43,0.16,-12.40
input,247,0.06,0.33,-0.65,0.45
pos,248,0.34,-1.43,0.16,-12.40
input,248,0.06,0.32,-0.65,0.46
pos,249,0.35,-1.42,0.16,-12.40
input,249,0.06,0.32,-0.66,0.47
pos,250,0.35,-1.42,0.16,-12.45
input,250,0.06,0.31,-0.65,0.48
pos,251,0.35,-1.42,0.15,-12.43
input,251,0.06,0.31,-0.64,0.48
pos,252,0.36,-1.42,0.15,-12.39
input,252,0.05,0.30,-0.64,0.49
pos,253,0.36,-1.41,0.14,-12.46
input,253,0.05,0.30,-0.65,0.50
pos,254,0.37,-1.41,0.14,-12.46
input,254,0.05,0.30,-0.65,0.51
pos,255,0.37,-1.41,0.14,-12.48
input,255,0.05,0.29,-0.66,0.51
pos,256,0.37,-1.41,0.14,-12.42
input,256,0.05,0.29,-0.67,0.52
pos,257,0.38,-1.41,0.13,-12.42
input,257,0.05,0.28,-0.67,0.53
pos,258,0.38,-1.40,0.13,-12.52
input,258,0.05,0.28,-0.68,0.54
pos,259,0.38,-1.40,0.13,-12.50
input,259,0.05,0.27,-0.68,0.54
pos,260,0.39,-1.40,0.13,-12.48
input,260,0.05,0.27,-0.68,0.55
pos,261,0.39,-1.40,0.13,-12.49
input,261,0.05,0.27,-0.69,0.56
pos,262,0.39,-1.40,0.12,-12.48
input,262,0.05,0.26,-0.69,0.56
pos,263,0.39,-1.40,0.12,-12.61
input,263,0.05,0.26,-0.70,0.57
pos,264,0.39,-1.40,0.12,-12.59
input,264,0.05,0.25,-0.70,0.58
pos,265,0.40,-1.39,0.12,-12.62
input,265,0.04,0.25,-0.71,0.58
pos,266,0.40,-1.39,0.12,-12.65
input,266,0.04,0.25,-0.71,0.59
pos,267,0.40,-1.39,0.12,-12.60
input,267,0.04,0.24,-0.72,0.59
pos,268,0.40,-1.39,0.12,-12.62
input,268,0.04,0.24,-0.72,0.60
pos,269,0.41,-1.39,0.12,-12.64
input,269,0.04,0.24,-0.72,0.61
pos,270,0.41,-1.39,0.12,-12.73
input,270,0.04,0.23,-0.73,0.61
pos,271,0.41,-1.39,0.13,-12.79
input,271,0.04,0.23,-0.73,0.62
pos,272,0.41,-1.39,0.13,-12.81
input,272,0.04,0.22,-0.74,0.62
pos,273,0.41,-1.39,0.13,-12.82
input,273,0.04,0.22,-0.74,0.63
pos,274,0.41,-1.39,0.13,-12.86
input,274,0.04,0.22,-0.74,0.64
pos,275,0.41,-1.38,0.14,-12.77
input,275,0.04,0.21,-0.75,0.64
pos,276,0.41,-1.38,0.14,-12.74
input,276,0.04,0.21,-0.75,0.65
pos,277,0.42,-1.38,0.14,-12.76
input,277,0.04,0.21,-0.76,0.65
pos,278,0.42,-1.39,0.14,-12.81
input,278,0.04,0.21,-0.76,0.66
pos,279,0.42,-1.38,0.14,-12.81
input,279,0.04,0.20,-0.76,0.66
pos,280,0.42,-1.38,0.14,-12.98
input,280,0.04,0.20,-0.75,0.67
pos,281,0.42,-1.38,0.15,-12.98
input,281,0.04,0.20,-0.74,0.67
pos,282,0.42,-1.38,0.16,-12.89
input,282,0.03,0.19,-0.73,0.68
pos,283,0.42,-1.38,0.16,-12.89
input,283,0.03,0.19,-0.72,0.68
pos,284,0.43,-1.38,0.16,-12.90
input,284,0.03,0.19,-0.71,0.69
pos,285,0.43,-1.38,0.17,-12.90
input,285,0.03,0.18,-0.70,0.69
pos,286,0.43,-1.38,0.17,-12.91
input,286,0.03,0.18,-0.69,0.70
pos,287,0.43,-1.38,0.17,-12.92
input,287,0.03,0.18,-0.68,0.70
pos,288,0.43,-1.38,0.17,-12.92
input,288,0.03,0.18,-0.67,0.70
pos,289,0.43,-1.38,0.19,-12.94
input,289,0.03,0.17,-0.66,0.71
pos,290,0.44,-1.38,0.19,-12.94
input,290,0.03,0.17,-0.65,0.71
pos,291,0.44,-1.38,0.20,-12.94
input,291,0.03,0.17,-0.64,0.72
pos,292,0.44,-1.38,0.20,-12.97
input,292,0.03,0.17,-0.63,0.72
pos,293,0.44,-1.38,0.20,-13.00
input,293,0.03,0.16,-0.62,0.73
pos,294,0.44,-1.38,0.20,-13.00
input,294,0.03,0.18,-0.61,0.73
pos,295,0.44,-1.38,0.21,-13.00
input,295,0.03,0.19,-0.60,0.73
pos,296,0.44,-1.39,0.22,-13.02
input,296,0.03,0.20,-0.59,0.74
pos,297,0.45,-1.39,0.22,-13.02
input,297,0.03,0.21,-0.58,0.74
pos,298,0.45,-1.39,0.23,-13.06
input,298,0.03,0.22,-0.57,0.75
pos,299,0.45,-1.39,0.24,-13.02
input,299,0.03,0.24,-0.56,0.75
pos,300,0.45,-1.39,0.24,-13.03
input,300,0.03,0.25,-0.56,0.75
pos,301,0.45,-1.39,0.24,-13.04
input,301,0.03,0.26,-0.55,0.76
pos,302,0.45,-1.39,0.25,-13.03
input,302,0.03,0.27,-0.54,0.76
pos,303,0.45,-1.39,0.25,-13.01
input,303,0.03,0.27,-0.53,0.76
pos,304,0.46,-1.40,0.25,-13.02
input,304,0.02,0.26,-0.52,0.77
pos,305,0.46,-1.39,0.26,-13.02
input,305,0.02,0.26,-0.52,0.77
pos,306,0.46,-1.40,0.26,-13.03
input,306,0.02,0.25,-0.51,0.78
pos,307,0.46,-1.40,0.25,-13.03
input,307,0.02,0.25,-0.50,0.78
