delay,25
params,0.7160,0.6421,0.9094,0.0015
pos,0,-1.7113,-2.2166,1.4441,-3.1466
pos,1,-1.7113,-2.2166,1.4442,-3.1466
pos,2,-1.7114,-2.2166,1.4444,-3.1466
pos,3,-1.7114,-2.2166,1.4447,-3.1466
pos,4,-1.7115,-2.2167,1.4450,-3.1466
pos,5,-1.7116,-2.2167,1.4453,-3.1466
pos,6,-1.7118,-2.2167,1.4456,-3.1466
pos,7,-1.7119,-2.2168,1.4460,-3.1466
pos,8,-1.7120,-2.2168,1.4463,-3.1467
pos,9,-1.7122,-2.2169,1.4466,-3.1467
pos,10,-1.7123,-2.2169,1.4469,-3.1467
pos,11,-1.7124,-2.2170,1.4471,-3.1467
pos,12,-1.7126,-2.2170,1.4474,-3.1467
pos,13,-1.7127,-2.2171,1.4476,-3.1468
pos,14,-1.7129,-2.2171,1.4478,-3.1468
pos,15,-1.7130,-2.2171,1.4480,-3.1468
pos,16,-1.7131,-2.2171,1.4481,-3.1469
pos,17,-1.7132,-2.2172,1.4483,-3.1469
pos,18,-1.7134,-2.2172,1.4484,-3.1469
pos,19,-1.7135,-2.2172,1.4485,-3.1470
pos,20,-1.7136,-2.2172,1.4487,-3.1470
pos,21,-1.7137,-2.2173,1.4488,-3.1470
pos,22,-1.7138,-2.2173,1.4489,-3.1471
pos,23,-1.7139,-2.2173,1.4489,-3.1471
pos,24,-1.7140,-2.2173,1.4490,-3.1472
pos,25,-1.7141,-2.2173,1.4491,-3.1472
pos,26,-1.7142,-2.2173,1.4492,-3.1472
pos,27,-1.7142,-2.2173,1.4493,-3.1471
pos,28,-1.7143,-2.2173,1.4493,-3.1470
pos,29,-1.7143,-2.2173,1.4494,-3.1470
pos,30,-1.7143,-2.2173,1.4494,-3.1469
pos,31,-1.7144,-2.2173,1.4494,-3.1468
pos,32,-1.7144,-2.2173,1.4495,-3.1468
pos,33,-1.7144,-2.2173,1.4495,-3.1467
pos,34,-1.7144,-2.2173,1.4495,-3.1466
pos,35,-1.7145,-2.2173,1.4495,-3.1466
pos,36,-1.7145,-2.2173,1.4495,-3.1465
pos,37,-1.7145,-2.2173,1.4495,-3.1464
pos,38,-1.7145,-2.2173,1.4495,-3.1464
pos,39,-1.7145,-2.2174,1.4495,-3.1463
pos,40,-1.7145,-2.2174,1.4495,-3.1462
pos,41,-1.7145,-2.2174,1.4495,-3.1462
pos,42,-1.7145,-2.2174,1.4495,-3.1461
pos,43,-1.7145,-2.2174,1.4494,-3.1460
pos,44,-1.7145,-2.2174,1.4494,-3.1460
pos,45,-1.7146,-2.2175,1.4494,-3.1459
pos,46,-1.7146,-2.2175,1.4493,-3.1458
pos,47,-1.7146,-2.2175,1.4492,-3.1458
pos,48,-1.7146,-2.2176,1.4492,-3.1457
pos,49,-1.7146,-2.2177,1.4491,-3.1456
pos,50,-1.7147,-2.2178,1.4490,-3.1456
pos,51,-1.7147,-2.2179,1.4488,-3.1455
pos,52,-1.7148,-2.2180,1.4486,-3.1454
pos,53,-1.7148,-2.2181,1.4484,-3.1453
pos,54,-1.7149,-2.2182,1.4482,-3.1453
pos,55,-1.7149,-2.2183,1.4481,-3.1452
pos,56,-1.7148,-2.2184,1.4479,-3.1451
pos,57,-1.7148,-2.2184,1.4478,-3.1451
pos,58,-1.7147,-2.2184,1.4478,-3.1450
pos,59,-1.7146,-2.2184,1.4477,-3.1450
pos,60,-1.7145,-2.2184,1.4477,-3.1449
pos,61,-1.7143,-2.2183,1.4477,-3.1449
pos,62,-1.7142,-2.2183,1.4479,-3.1448
pos,63,-1.7140,-2.2182,1.4481,-3.1448
pos,64,-1.7139,-2.2181,1.4485,-3.1448
pos,65,-1.7137,-2.2181,1.4490,-3.1447
pos,66,-1.7136,-2.2180,1.4496,-3.1447
pos,67,-1.7134,-2.2179,1.4504,-3.1447
pos,68,-1.7132,-2.2178,1.4512,-3.1446
pos,69,-1.7131,-2.2177,1.4522,-3.1446
pos,70,-1.7129,-2.2176,1.4532,-3.1446
pos,71,-1.7128,-2.2175,1.4542,-3.1446
pos,72,-1.7127,-2.2174,1.4555,-3.1445
pos,73,-1.7125,-2.2174,1.4571,-3.1445
pos,74,-1.7124,-2.2173,1.4589,-3.1445
pos,75,-1.7123,-2.2172,1.4609,-3.1445
pos,76,-1.7121,-2.2171,1.4631,-3.1445
pos,77,-1.7120,-2.2170,1.4656,-3.1445
pos,78,-1.7119,-2.2170,1.4685,-3.1445
pos,79,-1.7117,-2.2169,1.4717,-3.1444
pos,80,-1.7116,-2.2168,1.4749,-3.1444
pos,81,-1.7115,-2.2168,1.4781,-3.1444
pos,82,-1.7114,-2.2167,1.4812,-3.1444
pos,83,-1.7112,-2.2167,1.4843,-3.1444
pos,84,-1.7111,-2.2167,1.4871,-3.1444
pos,85,-1.7111,-2.2166,1.4898,-3.1444
pos,86,-1.7110,-2.2166,1.4925,-3.1444
pos,87,-1.7109,-2.2166,1.4948,-3.1444
pos,88,-1.7109,-2.2166,1.4966,-3.1444
pos,89,-1.7109,-2.2166,1.4982,-3.1444
pos,90,-1.7108,-2.2166,1.4995,-3.1444
pos,91,-1.7108,-2.2165,1.5006,-3.1444
pos,92,-1.7108,-2.2165,1.5016,-3.1444
pos,93,-1.7108,-2.2165,1.5024,-3.1444
pos,94,-1.7108,-2.2165,1.5032,-3.1444
pos,95,-1.7108,-2.2165,1.5039,-3.1444
pos,96,-1.7108,-2.2165,1.5046,-3.1444
pos,97,-1.7108,-2.2165,1.5052,-3.1443
pos,98,-1.7108,-2.2165,1.5059,-3.1443
pos,99,-1.7108,-2.2165,1.5066,-3.1443
pos,100,-1.7108,-2.2165,1.5074,-3.1443
pos,101,-1.7108,-2.2165,1.5082,-3.1443
pos,102,-1.7108,-2.2165,1.5092,-3.1443
pos,103,-1.7108,-2.2165,1.5103,-3.1443
pos,104,-1.7108,-2.2166,1.5117,-3.1443
pos,105,-1.7108,-2.2166,1.5133,-3.1443
pos,106,-1.7108,-2.2166,1.5152,-3.1443
pos,107,-1.7109,-2.2166,1.5175,-3.1443
pos,108,-1.7109,-2.2166,1.5202,-3.1443
pos,109,-1.7109,-2.2166,1.5236,-3.1442
pos,110,-1.7110,-2.2167,1.5276,-3.1442
pos,111,-1.7111,-2.2167,1.5325,-3.1442
pos,112,-1.7111,-2.2168,1.5385,-3.1442
pos,113,-1.7112,-2.2168,1.5458,-3.1442
pos,114,-1.7114,-2.2169,1.5547,-3.1442
pos,115,-1.7115,-2.2170,1.5635,-3.1442
pos,116,-1.7117,-2.2170,1.5725,-3.1442
pos,117,-1.7119,-2.2171,1.5821,-3.1442
pos,118,-1.7121,-2.2172,1.5927,-3.1441
pos,119,-1.7124,-2.2173,1.6046,-3.1441
pos,120,-1.7128,-2.2173,1.6184,-3.1441
pos,121,-1.7131,-2.2174,1.6302,-3.1441
pos,122,-1.7133,-2.2175,1.6402,-3.1441
pos,123,-1.7136,-2.2175,1.6489,-3.1441
pos,124,-1.7138,-2.2175,1.6566,-3.1441
pos,125,-1.7139,-2.2176,1.6636,-3.1441
pos,126,-1.7141,-2.2176,1.6698,-3.1441
pos,127,-1.7142,-2.2176,1.6756,-3.1441
pos,128,-1.7143,-2.2176,1.6810,-3.1441
pos,129,-1.7144,-2.2176,1.6862,-3.1442
pos,130,-1.7145,-2.2176,1.6914,-3.1442
pos,131,-1.7146,-2.2176,1.6970,-3.1442
pos,132,-1.7146,-2.2176,1.7029,-3.1442
pos,133,-1.7147,-2.2175,1.7095,-3.1443
pos,134,-1.7147,-2.2175,1.7163,-3.1443
pos,135,-1.7148,-2.2175,1.7233,-3.1443
pos,136,-1.7149,-2.2175,1.7307,-3.1444
pos,137,-1.7149,-2.2175,1.7381,-3.1444
pos,138,-1.7150,-2.2175,1.7454,-3.1445
pos,139,-1.7150,-2.2175,1.7526,-3.1445
pos,140,-1.7151,-2.2175,1.7601,-3.1446
pos,141,-1.7151,-2.2175,1.7676,-3.1446
pos,142,-1.7152,-2.2175,1.7752,-3.1447
pos,143,-1.7152,-2.2175,1.7824,-3.1447
pos,144,-1.7152,-2.2175,1.7896,-3.1448
pos,145,-1.7152,-2.2175,1.7968,-3.1448
pos,146,-1.7153,-2.2176,1.8036,-3.1449
pos,147,-1.7153,-2.2176,1.8101,-3.1450
pos,148,-1.7153,-2.2176,1.8158,-3.1450
pos,149,-1.7154,-2.2176,1.8208,-3.1451
pos,150,-1.7154,-2.2176,1.8250,-3.1452
pos,151,-1.7154,-2.2176,1.8286,-3.1452
pos,152,-1.7154,-2.2176,1.8318,-3.1453
pos,153,-1.7154,-2.2176,1.8347,-3.1453
pos,154,-1.7154,-2.2176,1.8374,-3.1454
pos,155,-1.7154,-2.2177,1.8400,-3.1454
pos,156,-1.7153,-2.2177,1.8426,-3.1455
pos,157,-1.7153,-2.2177,1.8454,-3.1456
pos,158,-1.7152,-2.2177,1.8484,-3.1456
pos,159,-1.7152,-2.2177,1.8514,-3.1457
pos,160,-1.7151,-2.2177,1.8544,-3.1457
pos,161,-1.7151,-2.2178,1.8576,-3.1458
pos,162,-1.7150,-2.2178,1.8611,-3.1458
pos,163,-1.7149,-2.2179,1.8651,-3.1459
pos,164,-1.7147,-2.2179,1.8697,-3.1459
pos,165,-1.7146,-2.2180,1.8751,-3.1460
pos,166,-1.7144,-2.2181,1.8815,-3.1461
pos,167,-1.7141,-2.2182,1.8892,-3.1461
pos,168,-1.7139,-2.2183,1.8985,-3.1462
pos,169,-1.7135,-2.2185,1.9098,-3.1462
pos,170,-1.7131,-2.2187,1.9235,-3.1463
pos,171,-1.7126,-2.2190,1.9401,-3.1464
pos,172,-1.7120,-2.2193,1.9605,-3.1464
pos,173,-1.7102,-2.2201,2.0119,-3.1466
pos,174,-1.7096,-2.2204,2.0322,-3.1467
pos,175,-1.7090,-2.2207,2.0490,-3.1468
pos,176,-1.7085,-2.2210,2.0632,-3.1468
pos,177,-1.7080,-2.2213,2.0754,-3.1469
pos,178,-1.7076,-2.2215,2.0859,-3.1470
pos,179,-1.7071,-2.2218,2.0952,-3.1471
pos,180,-1.7066,-2.2221,2.1037,-3.1472
pos,181,-1.7061,-2.2225,2.1116,-3.1473
pos,182,-1.7056,-2.2229,2.1192,-3.1474
pos,183,-1.7050,-2.2233,2.1268,-3.1475
pos,184,-1.7043,-2.2238,2.1347,-3.1476
pos,185,-1.7037,-2.2244,2.1418,-3.1477
pos,186,-1.7031,-2.2249,2.1484,-3.1478
pos,187,-1.7024,-2.2255,2.1548,-3.1479
pos,188,-1.7018,-2.2261,2.1612,-3.1480
pos,189,-1.7010,-2.2269,2.1679,-3.1481
pos,190,-1.7002,-2.2277,2.1752,-3.1482
pos,191,-1.6994,-2.2287,2.1821,-3.1483
pos,192,-1.6987,-2.2295,2.1882,-3.1484
pos,193,-1.6981,-2.2303,2.1937,-3.1485
pos,194,-1.6975,-2.2310,2.1987,-3.1486
pos,195,-1.6968,-2.2318,2.2035,-3.1487
pos,196,-1.6962,-2.2326,2.2082,-3.1488
pos,197,-1.6957,-2.2333,2.2123,-3.1489
pos,198,-1.6952,-2.2340,2.2160,-3.1491
pos,199,-1.6948,-2.2347,2.2194,-3.1492
pos,200,-1.6944,-2.2354,2.2225,-3.1493
pos,201,-1.6941,-2.2360,2.2252,-3.1493
pos,202,-1.6938,-2.2367,2.2279,-3.1494
pos,203,-1.6935,-2.2373,2.2304,-3.1495
pos,204,-1.6933,-2.2381,2.2329,-3.1496
pos,205,-1.6930,-2.2388,2.2354,-3.1497
pos,206,-1.6928,-2.2395,2.2376,-3.1497
pos,207,-1.6925,-2.2402,2.2397,-3.1498
pos,208,-1.6923,-2.2408,2.2416,-3.1499
pos,209,-1.6920,-2.2414,2.2434,-3.1500
pos,210,-1.6918,-2.2420,2.2451,-3.1501
pos,211,-1.6916,-2.2426,2.2466,-3.1502
pos,212,-1.6914,-2.2432,2.2481,-3.1503
pos,213,-1.6912,-2.2438,2.2495,-3.1504
pos,214,-1.6910,-2.2443,2.2507,-3.1505
pos,215,-1.6908,-2.2448,2.2518,-3.1506
pos,216,-1.6907,-2.2452,2.2528,-3.1507
pos,217,-1.6905,-2.2457,2.2538,-3.1507
pos,218,-1.6903,-2.2461,2.2547,-3.1508
pos,219,-1.6901,-2.2465,2.2555,-3.1510
pos,220,-1.6900,-2.2468,2.2561,-3.1510
pos,221,-1.6898,-2.2470,2.2567,-3.1511
pos,222,-1.6897,-2.2473,2.2572,-3.1512
pos,223,-1.6896,-2.2474,2.2577,-3.1513
pos,224,-1.6896,-2.2476,2.2581,-3.1514
pos,225,-1.6895,-2.2477,2.2584,-3.1515
pos,226,-1.6894,-2.2479,2.2588,-3.1515
pos,227,-1.6894,-2.2480,2.2592,-3.1516
pos,228,-1.6893,-2.2481,2.2595,-3.1516
pos,229,-1.6893,-2.2482,2.2597,-3.1517
pos,230,-1.6892,-2.2483,2.2597,-3.1517
pos,231,-1.6892,-2.2484,2.2594,-3.1518
pos,232,-1.6891,-2.2486,2.2590,-3.1518
pos,233,-1.6890,-2.2487,2.2583,-3.1519
pos,234,-1.6890,-2.2489,2.2574,-3.1519
pos,235,-1.6889,-2.2491,2.2562,-3.1519
pos,236,-1.6888,-2.2494,2.2547,-3.1519
pos,237,-1.6886,-2.2497,2.2529,-3.1520
pos,238,-1.6885,-2.2500,2.2505,-3.1520
pos,239,-1.6883,-2.2505,2.2477,-3.1520
pos,240,-1.6881,-2.2510,2.2442,-3.1520
pos,241,-1.6879,-2.2514,2.2408,-3.1520
pos,242,-1.6877,-2.2518,2.2372,-3.1520
pos,243,-1.6876,-2.2521,2.2336,-3.1519
pos,244,-1.6876,-2.2523,2.2299,-3.1519
pos,245,-1.6874,-2.2525,2.2261,-3.1519
pos,246,-1.6874,-2.2526,2.2223,-3.1519
pos,247,-1.6873,-2.2527,2.2183,-3.1519
pos,248,-1.6873,-2.2527,2.2138,-3.1519
pos,249,-1.6872,-2.2527,2.2089,-3.1518
pos,250,-1.6872,-2.2527,2.2037,-3.1518
pos,251,-1.6872,-2.2526,2.1985,-3.1518
pos,252,-1.6872,-2.2525,2.1931,-3.1517
pos,253,-1.6872,-2.2524,2.1876,-3.1516
pos,254,-1.6873,-2.2523,2.1820,-3.1516
pos,255,-1.6873,-2.2521,2.1762,-3.1515
pos,256,-1.6874,-2.2519,2.1703,-3.1514
pos,257,-1.6874,-2.2518,2.1641,-3.1514
pos,258,-1.6875,-2.2516,2.1577,-3.1513
pos,259,-1.6877,-2.2514,2.1512,-3.1512
pos,260,-1.6878,-2.2512,2.1443,-3.1512
pos,261,-1.6879,-2.2510,2.1370,-3.1511
pos,262,-1.6881,-2.2507,2.1293,-3.1510
pos,263,-1.6883,-2.2505,2.1212,-3.1510
pos,264,-1.6885,-2.2503,2.1130,-3.1509
pos,265,-1.6887,-2.2500,2.1046,-3.1508
pos,266,-1.6890,-2.2498,2.0960,-3.1507
pos,267,-1.6892,-2.2496,2.0872,-3.1507
pos,268,-1.6895,-2.2493,2.0784,-3.1506
pos,269,-1.6897,-2.2491,2.0695,-3.1505
pos,270,-1.6900,-2.2489,2.0602,-3.1505
pos,271,-1.6903,-2.2487,2.0502,-3.1504
pos,272,-1.6907,-2.2485,2.0393,-3.1503
pos,273,-1.6911,-2.2483,2.0269,-3.1503
pos,274,-1.6915,-2.2480,2.0149,-3.1502
pos,275,-1.6919,-2.2478,2.0030,-3.1502
pos,276,-1.6923,-2.2476,1.9914,-3.1501
pos,277,-1.6927,-2.2474,1.9803,-3.1501
pos,278,-1.6931,-2.2473,1.9694,-3.1500
pos,279,-1.6935,-2.2471,1.9593,-3.1500
pos,280,-1.6939,-2.2469,1.9496,-3.1499
pos,281,-1.6942,-2.2468,1.9406,-3.1499
pos,282,-1.6945,-2.2467,1.9324,-3.1498
pos,283,-1.6948,-2.2465,1.9248,-3.1498
pos,284,-1.6952,-2.2464,1.9173,-3.1497
pos,285,-1.6955,-2.2462,1.9097,-3.1497
pos,286,-1.6958,-2.2461,1.9017,-3.1496
pos,287,-1.6962,-2.2459,1.8929,-3.1496
pos,288,-1.6966,-2.2457,1.8833,-3.1495
pos,289,-1.6971,-2.2454,1.8726,-3.1495
pos,290,-1.6977,-2.2451,1.8602,-3.1494
pos,291,-1.6984,-2.2448,1.8456,-3.1493
pos,292,-1.6992,-2.2444,1.8283,-3.1493
pos,293,-1.7002,-2.2438,1.8076,-3.1492
pos,294,-1.7011,-2.2433,1.7888,-3.1492
pos,295,-1.7020,-2.2428,1.7717,-3.1491
pos,296,-1.7028,-2.2423,1.7558,-3.1491
pos,297,-1.7036,-2.2418,1.7408,-3.1490
pos,298,-1.7043,-2.2413,1.7269,-3.1490
pos,299,-1.7050,-2.2408,1.7140,-3.1489
pos,300,-1.7056,-2.2402,1.7018,-3.1489
pos,301,-1.7062,-2.2397,1.6904,-3.1488
pos,302,-1.7068,-2.2392,1.6797,-3.1488
pos,303,-1.7073,-2.2387,1.6694,-3.1488
pos,304,-1.7078,-2.2382,1.6596,-3.1488
pos,305,-1.7083,-2.2376,1.6502,-3.1487
pos,306,-1.7088,-2.2371,1.6410,-3.1487
pos,307,-1.7093,-2.2365,1.6318,-3.1487
pos,308,-1.7098,-2.2360,1.6231,-3.1487
pos,309,-1.7102,-2.2354,1.6149,-3.1487
pos,310,-1.7106,-2.2349,1.6071,-3.1487
pos,311,-1.7110,-2.2343,1.5997,-3.1487
pos,312,-1.7114,-2.2338,1.5927,-3.1487
pos,313,-1.7117,-2.2332,1.5859,-3.1487
pos,314,-1.7121,-2.2327,1.5794,-3.1487
pos,315,-1.7124,-2.2321,1.5732,-3.1487
pos,316,-1.7127,-2.2315,1.5671,-3.1487
pos,317,-1.7130,-2.2309,1.5611,-3.1487
pos,318,-1.7133,-2.2303,1.5552,-3.1487
pos,319,-1.7135,-2.2296,1.5491,-3.1487
pos,320,-1.7138,-2.2289,1.5434,-3.1487
pos,321,-1.7140,-2.2283,1.5380,-3.1488
pos,322,-1.7142,-2.2276,1.5329,-3.1488
pos,323,-1.7144,-2.2270,1.5281,-3.1488
pos,324,-1.7145,-2.2264,1.5236,-3.1488
pos,325,-1.7146,-2.2258,1.5193,-3.1489
pos,326,-1.7147,-2.2252,1.5152,-3.1489
pos,327,-1.7148,-2.2246,1.5114,-3.1489
pos,328,-1.7149,-2.2240,1.5079,-3.1489
pos,329,-1.7150,-2.2234,1.5045,-3.1489
pos,330,-1.7150,-2.2229,1.5014,-3.1490
pos,331,-1.7150,-2.2224,1.4985,-3.1490
pos,332,-1.7150,-2.2219,1.4958,-3.1490
pos,333,-1.7150,-2.2214,1.4934,-3.1491
pos,334,-1.7150,-2.2210,1.4910,-3.1491
pos,335,-1.7150,-2.2206,1.4889,-3.1491
pos,336,-1.7150,-2.2202,1.4870,-3.1492
pos,337,-1.7150,-2.2198,1.4854,-3.1492
pos,338,-1.7149,-2.2194,1.4839,-3.1492
pos,339,-1.7149,-2.2191,1.4825,-3.1493
pos,340,-1.7149,-2.2187,1.4812,-3.1493
pos,341,-1.7150,-2.2184,1.4801,-3.1494
pos,342,-1.7150,-2.2181,1.4791,-3.1494
pos,343,-1.7149,-2.2179,1.4783,-3.1494
pos,344,-1.7149,-2.2177,1.4777,-3.1495
pos,345,-1.7149,-2.2176,1.4771,-3.1495
pos,346,-1.7149,-2.2174,1.4767,-3.1496
pos,347,-1.7149,-2.2173,1.4764,-3.1496
pos,348,-1.7149,-2.2172,1.4762,-3.1496
pos,349,-1.7149,-2.2171,1.4760,-3.1497
pos,350,-1.7149,-2.2171,1.4759,-3.1497
pos,351,-1.7150,-2.2170,1.4758,-3.1497
pos,352,-1.7150,-2.2169,1.4757,-3.1498
pos,353,-1.7150,-2.2169,1.4758,-3.1498
pos,354,-1.7150,-2.2168,1.4758,-3.1498
pos,355,-1.7150,-2.2167,1.4759,-3.1498
pos,356,-1.7150,-2.2167,1.4761,-3.1499
pos,357,-1.7151,-2.2166,1.4763,-3.1499
pos,358,-1.7151,-2.2165,1.4765,-3.1499
pos,359,-1.7151,-2.2164,1.4769,-3.1499
pos,360,-1.7152,-2.2163,1.4773,-3.1500
pos,361,-1.7153,-2.2161,1.4778,-3.1500
pos,362,-1.7153,-2.2159,1.4784,-3.1500
pos,363,-1.7154,-2.2157,1.4792,-3.1500
pos,364,-1.7156,-2.2154,1.4801,-3.1500
pos,365,-1.7157,-2.2151,1.4813,-3.1501
pos,366,-1.7159,-2.2147,1.4827,-3.1501
pos,367,-1.7161,-2.2142,1.4844,-3.1501
pos,368,-1.7164,-2.2136,1.4865,-3.1501
pos,369,-1.7167,-2.2129,1.4891,-3.1501
pos,370,-1.7171,-2.2120,1.4922,-3.1501
pos,371,-1.7176,-2.2109,1.4960,-3.1501
pos,372,-1.7182,-2.2096,1.5007,-3.1502
pos,373,-1.7188,-2.2080,1.5062,-3.1502
pos,374,-1.7194,-2.2062,1.5128,-3.1502
pos,375,-1.7198,-2.2041,1.5207,-3.1502
pos,376,-1.7200,-2.2018,1.5284,-3.1502
pos,377,-1.7202,-2.1994,1.5355,-3.1502
pos,378,-1.7204,-2.1969,1.5420,-3.1502
pos,379,-1.7204,-2.1942,1.5482,-3.1502
pos,380,-1.7205,-2.1914,1.5540,-3.1503
pos,381,-1.7205,-2.1884,1.5596,-3.1503
pos,382,-1.7204,-2.1853,1.5649,-3.1503
pos,383,-1.7204,-2.1820,1.5700,-3.1504
pos,384,-1.7203,-2.1785,1.5749,-3.1504
pos,385,-1.7202,-2.1748,1.5796,-3.1504
pos,386,-1.7201,-2.1709,1.5843,-3.1504
pos,387,-1.7200,-2.1668,1.5887,-3.1505
pos,388,-1.7199,-2.1625,1.5930,-3.1505
pos,389,-1.7199,-2.1582,1.5971,-3.1505
pos,390,-1.7198,-2.1536,1.6011,-3.1506
pos,391,-1.7198,-2.1490,1.6048,-3.1506
pos,392,-1.7197,-2.1442,1.6085,-3.1506
pos,393,-1.7197,-2.1390,1.6122,-3.1506
pos,394,-1.7197,-2.1331,1.6162,-3.1507
pos,395,-1.7197,-2.1264,1.6206,-3.1507
pos,396,-1.7198,-2.1192,1.6251,-3.1508
pos,397,-1.7198,-2.1121,1.6292,-3.1508
pos,398,-1.7198,-2.1050,1.6332,-3.1508
pos,399,-1.7198,-2.0978,1.6370,-3.1509
pos,400,-1.7199,-2.0907,1.6406,-3.1509
pos,401,-1.7199,-2.0833,1.6441,-3.1510
pos,402,-1.7200,-2.0753,1.6476,-3.1510
pos,403,-1.7200,-2.0665,1.6514,-3.1511
pos,404,-1.7201,-2.0584,1.6546,-3.1512
pos,405,-1.7202,-2.0509,1.6574,-3.1512
pos,406,-1.7202,-2.0438,1.6599,-3.1513
pos,407,-1.7203,-2.0367,1.6621,-3.1513
pos,408,-1.7204,-2.0294,1.6642,-3.1513
pos,409,-1.7205,-2.0216,1.6662,-3.1514
pos,410,-1.7207,-2.0130,1.6683,-3.1514
pos,411,-1.7208,-2.0031,1.6704,-3.1515
pos,412,-1.7211,-1.9918,1.6728,-3.1515
pos,413,-1.7213,-1.9784,1.6754,-3.1516
pos,414,-1.7217,-1.9624,1.6784,-3.1516
pos,415,-1.7221,-1.9432,1.6820,-3.1517
pos,416,-1.7227,-1.9200,1.6862,-3.1517
pos,417,-1.7233,-1.8974,1.6899,-3.1518
pos,418,-1.7239,-1.8760,1.6932,-3.1518
pos,419,-1.7245,-1.8558,1.6961,-3.1518
pos,420,-1.7250,-1.8364,1.6987,-3.1519
pos,421,-1.7256,-1.8177,1.7010,-3.1519
pos,422,-1.7263,-1.7989,1.7031,-3.1520
pos,423,-1.7270,-1.7797,1.7050,-3.1520
pos,424,-1.7276,-1.7612,1.7068,-3.1520
pos,425,-1.7282,-1.7433,1.7084,-3.1521
pos,426,-1.7288,-1.7261,1.7098,-3.1521
pos,427,-1.7294,-1.7099,1.7110,-3.1522
pos,428,-1.7299,-1.6940,1.7121,-3.1522
pos,429,-1.7304,-1.6792,1.7130,-3.1522
pos,430,-1.7308,-1.6649,1.7138,-3.1523
pos,431,-1.7312,-1.6507,1.7145,-3.1524
pos,432,-1.7316,-1.6363,1.7151,-3.1525
pos,433,-1.7319,-1.6232,1.7156,-3.1525
pos,434,-1.7320,-1.6107,1.7160,-3.1526
pos,435,-1.7320,-1.5984,1.7164,-3.1527
pos,436,-1.7318,-1.5858,1.7167,-3.1527
pos,437,-1.7319,-1.5725,1.7169,-3.1528
pos,438,-1.7320,-1.5579,1.7171,-3.1529
pos,439,-1.7324,-1.5414,1.7173,-3.1529
pos,440,-1.7328,-1.5224,1.7175,-3.1530
pos,441,-1.7335,-1.5000,1.7176,-3.1530
pos,442,-1.7344,-1.4735,1.7178,-3.1531
pos,443,-1.7355,-1.4418,1.7179,-3.1532
pos,444,-1.7366,-1.4077,1.7179,-3.1532
pos,445,-1.7377,-1.3767,1.7178,-3.1533
pos,446,-1.7386,-1.3475,1.7175,-3.1533
pos,447,-1.7395,-1.3207,1.7171,-3.1533
pos,448,-1.7403,-1.2964,1.7167,-3.1534
pos,449,-1.7410,-1.2747,1.7162,-3.1534
pos,450,-1.7417,-1.2558,1.7157,-3.1535
pos,451,-1.7423,-1.2390,1.7151,-3.1535
pos,452,-1.7428,-1.2235,1.7145,-3.1535
pos,453,-1.7433,-1.2087,1.7138,-3.1536
pos,454,-1.7438,-1.1941,1.7129,-3.1536
pos,455,-1.7444,-1.1790,1.7119,-3.1536
pos,456,-1.7449,-1.1629,1.7107,-3.1536
pos,457,-1.7455,-1.1450,1.7093,-3.1537
pos,458,-1.7462,-1.1248,1.7076,-3.1537
pos,459,-1.7470,-1.1014,1.7055,-3.1537
pos,460,-1.7479,-1.0738,1.7029,-3.1537
pos,461,-1.7490,-1.0409,1.6998,-3.1537
pos,462,-1.7500,-1.0112,1.6969,-3.1537
pos,463,-1.7509,-0.9846,1.6941,-3.1537
pos,464,-1.7517,-0.9610,1.6916,-3.1537
pos,465,-1.7525,-0.9406,1.6894,-3.1537
pos,466,-1.7531,-0.9230,1.6873,-3.1537
pos,467,-1.7537,-0.9075,1.6854,-3.1537
pos,468,-1.7543,-0.8934,1.6836,-3.1536
pos,469,-1.7548,-0.8803,1.6817,-3.1536
pos,470,-1.7553,-0.8675,1.6797,-3.1536
pos,471,-1.7558,-0.8546,1.6776,-3.1536
pos,472,-1.7563,-0.8411,1.6752,-3.1535
pos,473,-1.7569,-0.8264,1.6724,-3.1535
pos,474,-1.7575,-0.8099,1.6692,-3.1535
pos,475,-1.7582,-0.7910,1.6654,-3.1534
pos,476,-1.7591,-0.7689,1.6609,-3.1534
pos,477,-1.7601,-0.7427,1.6554,-3.1533
pos,478,-1.7613,-0.7114,1.6488,-3.1533
pos,479,-1.7623,-0.6836,1.6426,-3.1532
pos,480,-1.7632,-0.6585,1.6368,-3.1532
pos,481,-1.7639,-0.6361,1.6313,-3.1531
pos,482,-1.7645,-0.6160,1.6261,-3.1531
pos,483,-1.7650,-0.5977,1.6211,-3.1530
pos,484,-1.7652,-0.5811,1.6163,-3.1530
pos,485,-1.7656,-0.5664,1.6118,-3.1529
pos,486,-1.7659,-0.5535,1.6076,-3.1529
pos,487,-1.7663,-0.5425,1.6038,-3.1529
pos,488,-1.7667,-0.5331,1.6004,-3.1528
pos,489,-1.7671,-0.5249,1.5973,-3.1528
pos,490,-1.7675,-0.5177,1.5942,-3.1528
pos,491,-1.7679,-0.5112,1.5912,-3.1527
pos,492,-1.7683,-0.5050,1.5880,-3.1527
pos,493,-1.7688,-0.4989,1.5845,-3.1527
pos,494,-1.7693,-0.4928,1.5806,-3.1526
pos,495,-1.7700,-0.4862,1.5762,-3.1526
pos,496,-1.7707,-0.4791,1.5711,-3.1526
pos,497,-1.7715,-0.4711,1.5650,-3.1525
pos,498,-1.7724,-0.4618,1.5577,-3.1525
pos,499,-1.7736,-0.4509,1.5490,-3.1525
pos,500,-1.7749,-0.4379,1.5384,-3.1524
pos,501,-1.7765,-0.4224,1.5256,-3.1524
pos,502,-1.7779,-0.4091,1.5139,-3.1524
pos,503,-1.7792,-0.3976,1.5031,-3.1524
pos,504,-1.7803,-0.3877,1.4932,-3.1523
pos,505,-1.7813,-0.3795,1.4842,-3.1523
pos,506,-1.7822,-0.3727,1.4761,-3.1522
pos,507,-1.7829,-0.3670,1.4688,-3.1522
pos,508,-1.7836,-0.3626,1.4623,-3.1522
pos,509,-1.7842,-0.3590,1.4563,-3.1521
pos,510,-1.7847,-0.3562,1.4506,-3.1521
pos,511,-1.7852,-0.3542,1.4450,-3.1520
pos,512,-1.7856,-0.3527,1.4391,-3.1520
pos,513,-1.7860,-0.3517,1.4329,-3.1520
pos,514,-1.7864,-0.3513,1.4260,-3.1519
pos,515,-1.7868,-0.3513,1.4182,-3.1519
pos,516,-1.7872,-0.3518,1.4091,-3.1518
pos,517,-1.7877,-0.3528,1.3985,-3.1518
pos,518,-1.7882,-0.3542,1.3858,-3.1517
pos,519,-1.7886,-0.3563,1.3741,-3.1517
pos,520,-1.7889,-0.3588,1.3635,-3.1516
pos,521,-1.7892,-0.3617,1.3537,-3.1515
pos,522,-1.7895,-0.3650,1.3448,-3.1515
pos,523,-1.7897,-0.3685,1.3366,-3.1514
pos,524,-1.7899,-0.3723,1.3291,-3.1514
pos,525,-1.7901,-0.3761,1.3223,-3.1513
pos,526,-1.7903,-0.3801,1.3163,-3.1513
pos,527,-1.7905,-0.3840,1.3108,-3.1512
pos,528,-1.7906,-0.3883,1.3058,-3.1512
pos,529,-1.7908,-0.3929,1.3010,-3.1511
pos,530,-1.7910,-0.3981,1.2961,-3.1510
pos,531,-1.7912,-0.4042,1.2911,-3.1510
pos,532,-1.7913,-0.4113,1.2857,-3.1509
pos,533,-1.7915,-0.4196,1.2797,-3.1509
pos,534,-1.7917,-0.4297,1.2728,-3.1508
pos,535,-1.7920,-0.4418,1.2648,-3.1507
pos,536,-1.7922,-0.4564,1.2554,-3.1506
pos,537,-1.7925,-0.4707,1.2466,-3.1506
pos,538,-1.7927,-0.4844,1.2385,-3.1505
pos,539,-1.7931,-0.4975,1.2311,-3.1504
pos,540,-1.7934,-0.5101,1.2243,-3.1504
pos,541,-1.7938,-0.5224,1.2179,-3.1503
pos,542,-1.7943,-0.5345,1.2119,-3.1502
pos,543,-1.7949,-0.5459,1.2064,-3.1502
pos,544,-1.7954,-0.5568,1.2015,-3.1501
pos,545,-1.7957,-0.5672,1.1969,-3.1500
pos,546,-1.7959,-0.5770,1.1928,-3.1499
pos,547,-1.7961,-0.5867,1.1889,-3.1498
pos,548,-1.7961,-0.5966,1.1851,-3.1498
pos,549,-1.7962,-0.6071,1.1813,-3.1497
pos,550,-1.7961,-0.6186,1.1773,-3.1496
pos,551,-1.7961,-0.6316,1.1729,-3.1495
pos,552,-1.7959,-0.6466,1.1680,-3.1495
pos,553,-1.7957,-0.6642,1.1624,-3.1494
pos,554,-1.7954,-0.6851,1.1558,-3.1493
pos,555,-1.7951,-0.7046,1.1497,-3.1492
pos,556,-1.7949,-0.7227,1.1442,-3.1491
pos,557,-1.7945,-0.7399,1.1390,-3.1491
pos,558,-1.7942,-0.7563,1.1341,-3.1490
pos,559,-1.7939,-0.7718,1.1296,-3.1489
pos,560,-1.7936,-0.7862,1.1253,-3.1489
pos,561,-1.7933,-0.7996,1.1214,-3.1488
pos,562,-1.7930,-0.8120,1.1178,-3.1487
pos,563,-1.7927,-0.8235,1.1145,-3.1487
pos,564,-1.7924,-0.8344,1.1113,-3.1486
pos,565,-1.7921,-0.8450,1.1082,-3.1485
pos,566,-1.7918,-0.8548,1.1054,-3.1485
pos,567,-1.7916,-0.8639,1.1028,-3.1484
pos,568,-1.7913,-0.8728,1.1002,-3.1483
pos,569,-1.7910,-0.8820,1.0975,-3.1483
pos,570,-1.7907,-0.8916,1.0948,-3.1482
pos,571,-1.7904,-0.9021,1.0917,-3.1482
pos,572,-1.7901,-0.9140,1.0882,-3.1481
pos,573,-1.7897,-0.9277,1.0843,-3.1481
pos,574,-1.7893,-0.9437,1.0796,-3.1480
pos,575,-1.7888,-0.9627,1.0741,-3.1479
pos,576,-1.7883,-0.9804,1.0689,-3.1479
pos,577,-1.7878,-0.9966,1.0641,-3.1478
pos,578,-1.7874,-1.0115,1.0597,-3.1478
pos,579,-1.7870,-1.0252,1.0556,-3.1477
pos,580,-1.7867,-1.0381,1.0517,-3.1477
pos,581,-1.7864,-1.0497,1.0482,-3.1476
pos,582,-1.7861,-1.0600,1.0451,-3.1476
pos,583,-1.7859,-1.0694,1.0422,-3.1476
pos,584,-1.7857,-1.0780,1.0396,-3.1475
pos,585,-1.7856,-1.0860,1.0371,-3.1475
pos,586,-1.7854,-1.0940,1.0346,-3.1474
pos,587,-1.7853,-1.1021,1.0321,-3.1474
pos,588,-1.7852,-1.1107,1.0294,-3.1474
pos,589,-1.7852,-1.1201,1.0264,-3.1474
pos,590,-1.7851,-1.1307,1.0230,-3.1473
pos,591,-1.7851,-1.1430,1.0191,-3.1473
pos,592,-1.7850,-1.1573,1.0145,-3.1473
pos,593,-1.7850,-1.1703,1.0103,-3.1473
pos,594,-1.7850,-1.1823,1.0064,-3.1472
pos,595,-1.7851,-1.1932,1.0028,-3.1472
pos,596,-1.7851,-1.2032,0.9994,-3.1472
pos,597,-1.7852,-1.2123,0.9964,-3.1472
pos,598,-1.7852,-1.2207,0.9936,-3.1471
pos,599,-1.7853,-1.2283,0.9910,-3.1471
pos,600,-1.7854,-1.2353,0.9886,-3.1471
pos,601,-1.7855,-1.2418,0.9864,-3.1471
pos,602,-1.7856,-1.2475,0.9845,-3.1470
pos,603,-1.7857,-1.2526,0.9827,-3.1470
pos,604,-1.7858,-1.2575,0.9811,-3.1470
pos,605,-1.7859,-1.2623,0.9796,-3.1470
pos,606,-1.7861,-1.2671,0.9781,-3.1469
pos,607,-1.7863,-1.2722,0.9764,-3.1469
pos,608,-1.7865,-1.2777,0.9747,-3.1469
pos,609,-1.7867,-1.2839,0.9728,-3.1468
pos,610,-1.7870,-1.2911,0.9706,-3.1468
pos,611,-1.7874,-1.2994,0.9681,-3.1468
pos,612,-1.7878,-1.3068,0.9659,-3.1468
pos,613,-1.7881,-1.3136,0.9640,-3.1468
pos,614,-1.7884,-1.3197,0.9625,-3.1467
pos,615,-1.7887,-1.3253,0.9611,-3.1467
pos,616,-1.7889,-1.3303,0.9600,-3.1467
pos,617,-1.7891,-1.3348,0.9590,-3.1466
pos,618,-1.7893,-1.3388,0.9582,-3.1466
pos,619,-1.7894,-1.3426,0.9575,-3.1466
pos,620,-1.7895,-1.3457,0.9570,-3.1465
pos,621,-1.7895,-1.3483,0.9566,-3.1465
pos,622,-1.7895,-1.3505,0.9562,-3.1464
pos,623,-1.7893,-1.3524,0.9559,-3.1464
pos,624,-1.7891,-1.3540,0.9557,-3.1464
pos,625,-1.7888,-1.3553,0.9555,-3.1463
pos,626,-1.7885,-1.3566,0.9553,-3.1463
pos,627,-1.7880,-1.3577,0.9552,-3.1463
pos,628,-1.7876,-1.3586,0.9551,-3.1462
pos,629,-1.7873,-1.3594,0.9550,-3.1462
pos,630,-1.7871,-1.3600,0.9549,-3.1461
pos,631,-1.7869,-1.3605,0.9549,-3.1461
pos,632,-1.7868,-1.3609,0.9548,-3.1461
pos,633,-1.7867,-1.3612,0.9548,-3.1460
pos,634,-1.7866,-1.3614,0.9548,-3.1460
pos,635,-1.7866,-1.3616,0.9547,-3.1459
pos,636,-1.7866,-1.3617,0.9547,-3.1459
pos,637,-1.7866,-1.3619,0.9547,-3.1458
pos,638,-1.7866,-1.3619,0.9547,-3.1458
pos,639,-1.7866,-1.3620,0.9547,-3.1458
pos,640,-1.7867,-1.3621,0.9547,-3.1457
pos,641,-1.7867,-1.3621,0.9547,-3.1457
pos,642,-1.7868,-1.3621,0.9547,-3.1456
pos,643,-1.7868,-1.3622,0.9547,-3.1456
pos,644,-1.7869,-1.3622,0.9547,-3.1455
pos,645,-1.7870,-1.3623,0.9548,-3.1455
pos,646,-1.7870,-1.3623,0.9548,-3.1454
pos,647,-1.7871,-1.3624,0.9548,-3.1454
pos,648,-1.7872,-1.3625,0.9549,-3.1453
pos,649,-1.7872,-1.3626,0.9549,-3.1453
pos,650,-1.7873,-1.3627,0.9550,-3.1452
pos,651,-1.7874,-1.3629,0.9551,-3.1452
pos,652,-1.7875,-1.3631,0.9552,-3.1451
pos,653,-1.7875,-1.3634,0.9554,-3.1451
pos,654,-1.7876,-1.3637,0.9555,-3.1450
pos,655,-1.7877,-1.3642,0.9557,-3.1450
pos,656,-1.7878,-1.3647,0.9560,-3.1449
pos,657,-1.7879,-1.3654,0.9563,-3.1448
pos,658,-1.7881,-1.3662,0.9567,-3.1448
pos,659,-1.7882,-1.3672,0.9571,-3.1447
pos,660,-1.7884,-1.3684,0.9577,-3.1447
pos,661,-1.7885,-1.3700,0.9583,-3.1446
pos,662,-1.7888,-1.3718,0.9592,-3.1445
pos,663,-1.7890,-1.3742,0.9602,-3.1445
pos,664,-1.7893,-1.3770,0.9614,-3.1444
pos,665,-1.7897,-1.3804,0.9629,-3.1443
pos,666,-1.7901,-1.3847,0.9648,-3.1443
pos,667,-1.7906,-1.3899,0.9670,-3.1442
pos,668,-1.7912,-1.3963,0.9698,-3.1441
pos,669,-1.7920,-1.4041,0.9731,-3.1441
pos,670,-1.7929,-1.4136,0.9772,-3.1440
pos,671,-1.7940,-1.4253,0.9822,-3.1439
pos,672,-1.7952,-1.4398,0.9883,-3.1438
pos,673,-1.7964,-1.4576,0.9957,-3.1438
pos,674,-1.7977,-1.4795,1.0048,-3.1437
pos,675,-1.7992,-1.5063,1.0159,-3.1436
pos,676,-1.8010,-1.5392,1.0294,-3.1435
pos,677,-1.8031,-1.5794,1.0460,-3.1435
pos,678,-1.7959,-1.7326,1.1071,-3.1432
pos,679,-1.7980,-1.7726,1.1240,-3.1431
pos,680,-1.7998,-1.8076,1.1390,-3.1430
pos,681,-1.8012,-1.8386,1.1523,-3.1429
pos,682,-1.8024,-1.8669,1.1647,-3.1429
pos,683,-1.8034,-1.8933,1.1764,-3.1428
pos,684,-1.8043,-1.9177,1.1873,-3.1427
pos,685,-1.8050,-1.9399,1.1975,-3.1426
pos,686,-1.8056,-1.9606,1.2070,-3.1425
pos,687,-1.8061,-1.9803,1.2162,-3.1424
pos,688,-1.8065,-1.9986,1.2249,-3.1424
pos,689,-1.8068,-2.0160,1.2332,-3.1423
pos,690,-1.8071,-2.0326,1.2414,-3.1422
pos,691,-1.8073,-2.0483,1.2491,-3.1421
pos,692,-1.8075,-2.0632,1.2565,-3.1420
pos,693,-1.8076,-2.0777,1.2639,-3.1420
pos,694,-1.8077,-2.0923,1.2714,-3.1419
pos,695,-1.8078,-2.1073,1.2793,-3.1418
pos,696,-1.8079,-2.1215,1.2869,-3.1417
pos,697,-1.8080,-2.1352,1.2943,-3.1416
pos,698,-1.8080,-2.1483,1.3015,-3.1416
pos,699,-1.8081,-2.1609,1.3085,-3.1415
pos,700,-1.8082,-2.1729,1.3153,-3.1414
pos,701,-1.8082,-2.1843,1.3219,-3.1413
pos,702,-1.8083,-2.1951,1.3283,-3.1412
pos,703,-1.8084,-2.2055,1.3345,-3.1412
pos,704,-1.8085,-2.2158,1.3409,-3.1411
pos,705,-1.8086,-2.2266,1.3477,-3.1410
pos,706,-1.8087,-2.2370,1.3544,-3.1409
pos,707,-1.8088,-2.2472,1.3611,-3.1409
pos,708,-1.8090,-2.2577,1.3681,-3.1408
pos,709,-1.8091,-2.2673,1.3746,-3.1407
pos,710,-1.8093,-2.2759,1.3805,-3.1406
pos,711,-1.8094,-2.2838,1.3861,-3.1406
pos,712,-1.8096,-2.2908,1.3911,-3.1405
pos,713,-1.8098,-2.2972,1.3958,-3.1404
pos,714,-1.8099,-2.3031,1.4003,-3.1404
pos,715,-1.8101,-2.3088,1.4048,-3.1403
pos,716,-1.8103,-2.3146,1.4095,-3.1402
pos,717,-1.8106,-2.3206,1.4145,-3.1402
pos,718,-1.8109,-2.3272,1.4201,-3.1401
pos,719,-1.8112,-2.3345,1.4265,-3.1400
pos,720,-1.8117,-2.3430,1.4340,-3.1399
pos,721,-1.8122,-2.3528,1.4427,-3.1399
pos,722,-1.8128,-2.3644,1.4532,-3.1398
pos,723,-1.8136,-2.3783,1.4658,-3.1397
pos,724,-1.8146,-2.3951,1.4811,-3.1396
pos,725,-1.8155,-2.4101,1.4951,-3.1396
pos,726,-1.8164,-2.4238,1.5081,-3.1395
pos,727,-1.8173,-2.4364,1.5204,-3.1394
pos,728,-1.8183,-2.4483,1.5324,-3.1393
pos,729,-1.8191,-2.4594,1.5438,-3.1392
pos,730,-1.8200,-2.4697,1.5547,-3.1391
pos,731,-1.8209,-2.4793,1.5653,-3.1390
pos,732,-1.8218,-2.4885,1.5757,-3.1389
pos,733,-1.8226,-2.4972,1.5859,-3.1389
pos,734,-1.8235,-2.5057,1.5960,-3.1388
pos,735,-1.8243,-2.5137,1.6058,-3.1387
pos,736,-1.8252,-2.5216,1.6157,-3.1386
pos,737,-1.8260,-2.5291,1.6255,-3.1385
pos,738,-1.8269,-2.5363,1.6351,-3.1384
pos,739,-1.8277,-2.5432,1.6445,-3.1383
pos,740,-1.8285,-2.5499,1.6539,-3.1382
pos,741,-1.8294,-2.5565,1.6635,-3.1381
pos,742,-1.8302,-2.5630,1.6730,-3.1380
pos,743,-1.8310,-2.5691,1.6824,-3.1378
pos,744,-1.8319,-2.5752,1.6919,-3.1377
pos,745,-1.8327,-2.5809,1.7011,-3.1376
pos,746,-1.8334,-2.5866,1.7104,-3.1375
pos,747,-1.8342,-2.5923,1.7200,-3.1373
pos,748,-1.8351,-2.5982,1.7302,-3.1372
pos,749,-1.8359,-2.6040,1.7404,-3.1370
pos,750,-1.8366,-2.6097,1.7506,-3.1369
pos,751,-1.8374,-2.6152,1.7607,-3.1367
pos,752,-1.8381,-2.6204,1.7707,-3.1365
pos,753,-1.8388,-2.6255,1.7806,-3.1364
pos,754,-1.8394,-2.6305,1.7905,-3.1362
pos,755,-1.8401,-2.6353,1.8002,-3.1360
pos,756,-1.8407,-2.6400,1.8098,-3.1359
pos,757,-1.8413,-2.6444,1.8193,-3.1357
pos,758,-1.8419,-2.6487,1.8285,-3.1355
pos,759,-1.8424,-2.6528,1.8376,-3.1353
pos,760,-1.8430,-2.6567,1.8464,-3.1351
pos,761,-1.8435,-2.6606,1.8550,-3.1349
pos,762,-1.8440,-2.6643,1.8637,-3.1347
pos,763,-1.8445,-2.6679,1.8719,-3.1345
pos,764,-1.8449,-2.6711,1.8797,-3.1343
pos,765,-1.8453,-2.6742,1.8871,-3.1340
pos,766,-1.8457,-2.6770,1.8941,-3.1338
pos,767,-1.8461,-2.6797,1.9007,-3.1336
pos,768,-1.8464,-2.6820,1.9067,-3.1333
pos,769,-1.8467,-2.6840,1.9117,-3.1331
pos,770,-1.8469,-2.6856,1.9159,-3.1328
pos,771,-1.8471,-2.6870,1.9194,-3.1326
pos,772,-1.8473,-2.6881,1.9224,-3.1323
pos,773,-1.8474,-2.6890,1.9248,-3.1321
pos,774,-1.8475,-2.6898,1.9270,-3.1319
pos,775,-1.8476,-2.6905,1.9288,-3.1317
pos,776,-1.8476,-2.6911,1.9305,-3.1315
pos,777,-1.8477,-2.6917,1.9321,-3.1313
pos,778,-1.8477,-2.6922,1.9336,-3.1311
pos,779,-1.8478,-2.6926,1.9351,-3.1309
pos,780,-1.8478,-2.6931,1.9366,-3.1307
pos,781,-1.8479,-2.6936,1.9383,-3.1305
pos,782,-1.8479,-2.6942,1.9401,-3.1303
pos,783,-1.8479,-2.6947,1.9423,-3.1302
pos,784,-1.8480,-2.6954,1.9447,-3.1300
pos,785,-1.8480,-2.6962,1.9476,-3.1298
pos,786,-1.8481,-2.6972,1.9511,-3.1297
pos,787,-1.8481,-2.6983,1.9553,-3.1295
pos,788,-1.8482,-2.6996,1.9603,-3.1294
pos,789,-1.8483,-2.7013,1.9664,-3.1292
pos,790,-1.8484,-2.7033,1.9738,-3.1291
pos,791,-1.8485,-2.7057,1.9829,-3.1290
pos,792,-1.8487,-2.7086,1.9939,-3.1288
pos,793,-1.8489,-2.7122,2.0073,-3.1287
pos,794,-1.8491,-2.7166,2.0236,-3.1286
pos,795,-1.8486,-2.7312,2.0803,-3.1283
pos,796,-1.8488,-2.7357,2.0973,-3.1282
pos,797,-1.8490,-2.7394,2.1119,-3.1281
pos,798,-1.8491,-2.7426,2.1245,-3.1280
pos,799,-1.8491,-2.7453,2.1352,-3.1279
pos,800,-1.8491,-2.7475,2.1443,-3.1278
pos,801,-1.8491,-2.7494,2.1521,-3.1277
pos,802,-1.8490,-2.7510,2.1590,-3.1276
pos,803,-1.8489,-2.7524,2.1651,-3.1276
pos,804,-1.8488,-2.7536,2.1707,-3.1275
pos,805,-1.8486,-2.7546,2.1762,-3.1275
pos,806,-1.8484,-2.7557,2.1816,-3.1274
pos,807,-1.8481,-2.7566,2.1872,-3.1274
pos,808,-1.8477,-2.7576,2.1932,-3.1273
pos,809,-1.8473,-2.7586,2.1999,-3.1273
pos,810,-1.8468,-2.7598,2.2076,-3.1273
pos,811,-1.8463,-2.7607,2.2146,-3.1273
pos,812,-1.8458,-2.7614,2.2208,-3.1272
pos,813,-1.8454,-2.7620,2.2264,-3.1272
pos,814,-1.8449,-2.7624,2.2315,-3.1271
pos,815,-1.8445,-2.7627,2.2361,-3.1270
pos,816,-1.8441,-2.7630,2.2397,-3.1267
pos,817,-1.8436,-2.7632,2.2430,-3.1264
pos,818,-1.8432,-2.7634,2.2459,-3.1261
pos,819,-1.8428,-2.7635,2.2486,-3.1258
pos,820,-1.8424,-2.7635,2.2509,-3.1256
pos,821,-1.8421,-2.7636,2.2531,-3.1253
pos,822,-1.8417,-2.7635,2.2551,-3.1251
pos,823,-1.8414,-2.7635,2.2568,-3.1248
pos,824,-1.8411,-2.7634,2.2582,-3.1246
pos,825,-1.8408,-2.7633,2.2595,-3.1244
pos,826,-1.8406,-2.7631,2.2606,-3.1242
pos,827,-1.8403,-2.7629,2.2617,-3.1240
pos,828,-1.8401,-2.7627,2.2626,-3.1238
pos,829,-1.8398,-2.7624,2.2635,-3.1236
pos,830,-1.8395,-2.7621,2.2644,-3.1235
pos,831,-1.8392,-2.7618,2.2652,-3.1234
pos,832,-1.8390,-2.7615,2.2659,-3.1233
pos,833,-1.8387,-2.7612,2.2665,-3.1232
pos,834,-1.8385,-2.7608,2.2670,-3.1232
pos,835,-1.8383,-2.7605,2.2675,-3.1232
pos,836,-1.8382,-2.7602,2.2679,-3.1232
pos,837,-1.8380,-2.7599,2.2684,-3.1233
pos,838,-1.8379,-2.7595,2.2688,-3.1233
pos,839,-1.8378,-2.7591,2.2693,-3.1235
pos,840,-1.8376,-2.7587,2.2699,-3.1236
pos,841,-1.8375,-2.7582,2.2705,-3.1238
pos,842,-1.8373,-2.7575,2.2712,-3.1239
pos,843,-1.8371,-2.7568,2.2720,-3.1242
pos,844,-1.8369,-2.7559,2.2727,-3.1244
pos,845,-1.8367,-2.7548,2.2734,-3.1247
pos,846,-1.8364,-2.7535,2.2740,-3.1250
pos,847,-1.8360,-2.7519,2.2746,-3.1253
pos,848,-1.8357,-2.7504,2.2751,-3.1257
pos,849,-1.8355,-2.7490,2.2754,-3.1260
pos,850,-1.8353,-2.7477,2.2756,-3.1263
pos,851,-1.8352,-2.7466,2.2757,-3.1267
pos,852,-1.8351,-2.7456,2.2756,-3.1270
pos,853,-1.8351,-2.7446,2.2754,-3.1273
pos,854,-1.8350,-2.7438,2.2751,-3.1276
pos,855,-1.8350,-2.7431,2.2746,-3.1280
pos,856,-1.8350,-2.7424,2.2740,-3.1283
pos,857,-1.8351,-2.7417,2.2733,-3.1286
pos,858,-1.8351,-2.7410,2.2724,-3.1289
pos,859,-1.8352,-2.7403,2.2713,-3.1292
pos,860,-1.8354,-2.7396,2.2700,-3.1295
pos,861,-1.8355,-2.7389,2.2684,-3.1298
pos,862,-1.8357,-2.7380,2.2665,-3.1302
pos,863,-1.8360,-2.7370,2.2641,-3.1305
pos,864,-1.8362,-2.7361,2.2616,-3.1308
pos,865,-1.8365,-2.7351,2.2587,-3.1311
pos,866,-1.8368,-2.7341,2.2555,-3.1314
pos,867,-1.8372,-2.7330,2.2516,-3.1317
pos,868,-1.8377,-2.7318,2.2471,-3.1320
pos,869,-1.8382,-2.7303,2.2417,-3.1323
pos,870,-1.8387,-2.7291,2.2363,-3.1326
pos,871,-1.8392,-2.7279,2.2311,-3.1329
pos,872,-1.8396,-2.7268,2.2257,-3.1332
pos,873,-1.8401,-2.7259,2.2204,-3.1335
pos,874,-1.8405,-2.7250,2.2152,-3.1338
pos,875,-1.8409,-2.7242,2.2099,-3.1341
pos,876,-1.8413,-2.7235,2.2045,-3.1344
pos,877,-1.8417,-2.7228,2.1989,-3.1346
pos,878,-1.8422,-2.7221,2.1930,-3.1349
pos,879,-1.8426,-2.7215,2.1869,-3.1352
pos,880,-1.8430,-2.7209,2.1806,-3.1355
pos,881,-1.8434,-2.7203,2.1736,-3.1357
pos,882,-1.8438,-2.7198,2.1668,-3.1360
pos,883,-1.8442,-2.7193,2.1599,-3.1362
pos,884,-1.8445,-2.7188,2.1531,-3.1365
pos,885,-1.8449,-2.7184,2.1461,-3.1367
pos,886,-1.8453,-2.7180,2.1389,-3.1369
pos,887,-1.8456,-2.7176,2.1310,-3.1371
pos,888,-1.8460,-2.7172,2.1227,-3.1373
pos,889,-1.8463,-2.7168,2.1147,-3.1375
pos,890,-1.8466,-2.7165,2.1071,-3.1377
pos,891,-1.8469,-2.7162,2.0995,-3.1379
pos,892,-1.8471,-2.7159,2.0921,-3.1381
pos,893,-1.8474,-2.7156,2.0849,-3.1383
pos,894,-1.8476,-2.7153,2.0777,-3.1385
pos,895,-1.8478,-2.7151,2.0712,-3.1387
pos,896,-1.8479,-2.7149,2.0653,-3.1388
pos,897,-1.8481,-2.7148,2.0599,-3.1390
pos,898,-1.8482,-2.7146,2.0549,-3.1392
pos,899,-1.8484,-2.7145,2.0499,-3.1394
pos,900,-1.8485,-2.7144,2.0449,-3.1395
pos,901,-1.8486,-2.7143,2.0397,-3.1397
pos,902,-1.8487,-2.7142,2.0339,-3.1399
pos,903,-1.8489,-2.7141,2.0274,-3.1401
pos,904,-1.8490,-2.7141,2.0200,-3.1402
pos,905,-1.8492,-2.7140,2.0112,-3.1404
pos,906,-1.8494,-2.7139,2.0009,-3.1406
pos,907,-1.8497,-2.7138,1.9885,-3.1408
pos,908,-1.8500,-2.7137,1.9736,-3.1409
pos,909,-1.8504,-2.7136,1.9556,-3.1411
pos,910,-1.8508,-2.7134,1.9338,-3.1413
pos,911,-1.8513,-2.7132,1.9079,-3.1415
pos,912,-1.8518,-2.7131,1.8843,-3.1416
pos,913,-1.8523,-2.7130,1.8624,-3.1418
pos,914,-1.8526,-2.7130,1.8423,-3.1420
pos,915,-1.8530,-2.7130,1.8235,-3.1422
pos,916,-1.8533,-2.7130,1.8061,-3.1424
pos,917,-1.8536,-2.7131,1.7896,-3.1426
pos,918,-1.8539,-2.7131,1.7734,-3.1428
pos,919,-1.8542,-2.7132,1.7582,-3.1430
pos,920,-1.8545,-2.7133,1.7436,-3.1432
pos,921,-1.8548,-2.7134,1.7297,-3.1434
pos,922,-1.8551,-2.7135,1.7164,-3.1435
pos,923,-1.8554,-2.7136,1.7037,-3.1437
pos,924,-1.8557,-2.7137,1.6911,-3.1439
pos,925,-1.8560,-2.7139,1.6783,-3.1440
pos,926,-1.8563,-2.7141,1.6650,-3.1442
pos,927,-1.8566,-2.7143,1.6508,-3.1444
pos,928,-1.8570,-2.7145,1.6351,-3.1445
pos,929,-1.8574,-2.7147,1.6202,-3.1447
pos,930,-1.8578,-2.7150,1.6062,-3.1448
pos,931,-1.8582,-2.7151,1.5931,-3.1449
pos,932,-1.8585,-2.7153,1.5809,-3.1451
pos,933,-1.8588,-2.7155,1.5688,-3.1452
pos,934,-1.8592,-2.7156,1.5566,-3.1453
pos,935,-1.8595,-2.7158,1.5439,-3.1454
pos,936,-1.8599,-2.7160,1.5319,-3.1455
pos,937,-1.8603,-2.7161,1.5203,-3.1456
pos,938,-1.8608,-2.7162,1.5088,-3.1457
pos,939,-1.8613,-2.7163,1.4968,-3.1458
pos,940,-1.8618,-2.7164,1.4839,-3.1459
pos,941,-1.8625,-2.7166,1.4698,-3.1460
pos,942,-1.8631,-2.7167,1.4570,-3.1461
pos,943,-1.8636,-2.7168,1.4450,-3.1462
pos,944,-1.8641,-2.7169,1.4338,-3.1463
pos,945,-1.8646,-2.7169,1.4230,-3.1464
pos,946,-1.8652,-2.7170,1.4124,-3.1465
pos,947,-1.8657,-2.7171,1.4016,-3.1466
pos,948,-1.8662,-2.7171,1.3912,-3.1466
pos,949,-1.8667,-2.7171,1.3808,-3.1467
pos,950,-1.8673,-2.7172,1.3698,-3.1468
pos,951,-1.8679,-2.7172,1.3580,-3.1469
pos,952,-1.8685,-2.7172,1.3458,-3.1470
pos,953,-1.8692,-2.7172,1.3328,-3.1471
pos,954,-1.8699,-2.7171,1.3184,-3.1472
pos,955,-1.8707,-2.7171,1.3020,-3.1473
pos,956,-1.8715,-2.7171,1.2855,-3.1474
pos,957,-1.8723,-2.7170,1.2706,-3.1475
pos,958,-1.8730,-2.7169,1.2568,-3.1476
pos,959,-1.8738,-2.7169,1.2434,-3.1477
pos,960,-1.8746,-2.7168,1.2301,-3.1478
pos,961,-1.8753,-2.7166,1.2168,-3.1479
pos,962,-1.8760,-2.7165,1.2053,-3.1480
pos,963,-1.8766,-2.7164,1.1954,-3.1481
pos,964,-1.8771,-2.7163,1.1869,-3.1482
pos,965,-1.8775,-2.7162,1.1795,-3.1483
pos,966,-1.8779,-2.7161,1.1731,-3.1484
pos,967,-1.8782,-2.7160,1.1674,-3.1485
pos,968,-1.8785,-2.7159,1.1622,-3.1486
pos,969,-1.8787,-2.7158,1.1571,-3.1487
pos,970,-1.8790,-2.7157,1.1521,-3.1488
pos,971,-1.8792,-2.7156,1.1470,-3.1489
pos,972,-1.8794,-2.7154,1.1414,-3.1491
pos,973,-1.8797,-2.7152,1.1353,-3.1492
pos,974,-1.8800,-2.7150,1.1285,-3.1493
pos,975,-1.8803,-2.7147,1.1209,-3.1495
pos,976,-1.8806,-2.7143,1.1122,-3.1496
pos,977,-1.8810,-2.7139,1.1018,-3.1497
pos,978,-1.8815,-2.7134,1.0896,-3.1499
pos,979,-1.8821,-2.7127,1.0748,-3.1500
pos,980,-1.8828,-2.7119,1.0571,-3.1502
pos,981,-1.8867,-2.7076,0.9635,-3.1509
pos,982,-1.8889,-2.7047,0.9035,-3.1514
pos,983,-1.8896,-2.7037,0.8835,-3.1515
pos,984,-1.8901,-2.7027,0.8654,-3.1517
pos,985,-1.8905,-2.7018,0.8484,-3.1519
pos,986,-1.8908,-2.7009,0.8327,-3.1520
pos,987,-1.8911,-2.7000,0.8184,-3.1522
pos,988,-1.8913,-2.6992,0.8049,-3.1523
pos,989,-1.8915,-2.6984,0.7917,-3.1525
pos,990,-1.8916,-2.6975,0.7785,-3.1527
pos,991,-1.8917,-2.6966,0.7663,-3.1528
pos,992,-1.8917,-2.6958,0.7547,-3.1530
pos,993,-1.8917,-2.6950,0.7441,-3.1531
pos,994,-1.8917,-2.6943,0.7347,-3.1533
pos,995,-1.8917,-2.6937,0.7261,-3.1534
pos,996,-1.8917,-2.6931,0.7186,-3.1536
pos,997,-1.8917,-2.6926,0.7123,-3.1537
pos,998,-1.8917,-2.6922,0.7070,-3.1539
pos,999,-1.8917,-2.6918,0.7024,-3.1540
pos,1000,-1.8917,-2.6915,0.6987,-3.1542
pos,1001,-1.8917,-2.6913,0.6956,-3.1544
pos,1002,-1.8917,-2.6911,0.6929,-3.1545
pos,1003,-1.8916,-2.6909,0.6907,-3.1547
pos,1004,-1.8916,-2.6907,0.6888,-3.1548
pos,1005,-1.8916,-2.6906,0.6872,-3.1550
pos,1006,-1.8916,-2.6905,0.6857,-3.1551
pos,1007,-1.8916,-2.6904,0.6844,-3.1553
pos,1008,-1.8916,-2.6902,0.6831,-3.1554
pos,1009,-1.8916,-2.6901,0.6818,-3.1556
pos,1010,-1.8916,-2.6900,0.6804,-3.1557
pos,1011,-1.8916,-2.6899,0.6790,-3.1559
pos,1012,-1.8916,-2.6897,0.6774,-3.1560
pos,1013,-1.8916,-2.6895,0.6756,-3.1562
pos,1014,-1.8916,-2.6893,0.6735,-3.1563
pos,1015,-1.8916,-2.6891,0.6710,-3.1565
pos,1016,-1.8916,-2.6888,0.6681,-3.1566
pos,1017,-1.8917,-2.6884,0.6645,-3.1568
pos,1018,-1.8917,-2.6880,0.6605,-3.1569
pos,1019,-1.8917,-2.6875,0.6559,-3.1571
pos,1020,-1.8917,-2.6869,0.6504,-3.1572
pos,1021,-1.8917,-2.6861,0.6438,-3.1574
pos,1022,-1.8917,-2.6851,0.6359,-3.1575
pos,1023,-1.8918,-2.6840,0.6263,-3.1577
pos,1024,-1.8918,-2.6826,0.6148,-3.1578
pos,1025,-1.8918,-2.6809,0.6007,-3.1580
pos,1026,-1.8919,-2.6794,0.5889,-3.1581
pos,1027,-1.8920,-2.6782,0.5790,-3.1583
pos,1028,-1.8921,-2.6770,0.5704,-3.1585
pos,1029,-1.8923,-2.6760,0.5630,-3.1586
pos,1030,-1.8925,-2.6750,0.5564,-3.1588
pos,1031,-1.8927,-2.6740,0.5502,-3.1590
pos,1032,-1.8930,-2.6730,0.5444,-3.1591
pos,1033,-1.8934,-2.6719,0.5386,-3.1593
pos,1034,-1.8939,-2.6706,0.5325,-3.1595
pos,1035,-1.8945,-2.6693,0.5260,-3.1596
pos,1036,-1.8950,-2.6681,0.5210,-3.1598
pos,1037,-1.8954,-2.6672,0.5173,-3.1600
pos,1038,-1.8958,-2.6665,0.5146,-3.1602
pos,1039,-1.8961,-2.6659,0.5128,-3.1603
pos,1040,-1.8965,-2.6654,0.5118,-3.1605
pos,1041,-1.8968,-2.6650,0.5115,-3.1607
pos,1042,-1.8970,-2.6647,0.5118,-3.1609
pos,1043,-1.8973,-2.6646,0.5128,-3.1611
pos,1044,-1.8975,-2.6644,0.5143,-3.1613
pos,1045,-1.8977,-2.6644,0.5164,-3.1614
pos,1046,-1.8980,-2.6644,0.5189,-3.1616
pos,1047,-1.8982,-2.6645,0.5216,-3.1618
pos,1048,-1.8983,-2.6646,0.5246,-3.1620
pos,1049,-1.8985,-2.6647,0.5279,-3.1622
pos,1050,-1.8986,-2.6649,0.5310,-3.1624
pos,1051,-1.8987,-2.6651,0.5341,-3.1626
pos,1052,-1.8988,-2.6652,0.5370,-3.1628
pos,1053,-1.8989,-2.6654,0.5396,-3.1630
pos,1054,-1.8990,-2.6656,0.5420,-3.1633
pos,1055,-1.8990,-2.6657,0.5440,-3.1635
pos,1056,-1.8991,-2.6659,0.5459,-3.1637
pos,1057,-1.8991,-2.6660,0.5476,-3.1639
pos,1058,-1.8990,-2.6662,0.5493,-3.1641
pos,1059,-1.8990,-2.6663,0.5508,-3.1644
pos,1060,-1.8990,-2.6665,0.5524,-3.1646
pos,1061,-1.8990,-2.6666,0.5541,-3.1648
pos,1062,-1.8990,-2.6668,0.5559,-3.1651
pos,1063,-1.8990,-2.6670,0.5579,-3.1653
pos,1064,-1.8990,-2.6673,0.5602,-3.1656
pos,1065,-1.8991,-2.6676,0.5628,-3.1658
pos,1066,-1.8991,-2.6679,0.5660,-3.1661
pos,1067,-1.8991,-2.6684,0.5698,-3.1663
pos,1068,-1.8992,-2.6689,0.5744,-3.1666
pos,1069,-1.8993,-2.6695,0.5799,-3.1668
pos,1070,-1.8994,-2.6703,0.5866,-3.1671
pos,1071,-1.8995,-2.6713,0.5946,-3.1674
pos,1072,-1.8995,-2.6721,0.6020,-3.1676
pos,1073,-1.8996,-2.6730,0.6090,-3.1679
pos,1074,-1.8996,-2.6738,0.6152,-3.1682
pos,1075,-1.8997,-2.6745,0.6210,-3.1685
pos,1076,-1.8997,-2.6752,0.6262,-3.1688
pos,1077,-1.8997,-2.6759,0.6312,-3.1691
pos,1078,-1.8997,-2.6766,0.6359,-3.1694
pos,1079,-1.8997,-2.6772,0.6403,-3.1697
pos,1080,-1.8997,-2.6778,0.6445,-3.1700
pos,1081,-1.8997,-2.6784,0.6485,-3.1703
pos,1082,-1.8997,-2.6790,0.6522,-3.1707
pos,1083,-1.8997,-2.6796,0.6557,-3.1710
pos,1084,-1.8997,-2.6801,0.6590,-3.1713
pos,1085,-1.8996,-2.6806,0.6622,-3.1717
pos,1086,-1.8995,-2.6812,0.6653,-3.1721
pos,1087,-1.8994,-2.6817,0.6685,-3.1724
pos,1088,-1.8993,-2.6823,0.6716,-3.1728
pos,1089,-1.8992,-2.6828,0.6746,-3.1732
pos,1090,-1.8991,-2.6833,0.6774,-3.1735
pos,1091,-1.8990,-2.6837,0.6801,-3.1739
pos,1092,-1.8989,-2.6842,0.6828,-3.1743
pos,1093,-1.8988,-2.6847,0.6856,-3.1747
pos,1094,-1.8986,-2.6852,0.6883,-3.1752
pos,1095,-1.8985,-2.6856,0.6909,-3.1756
pos,1096,-1.8983,-2.6860,0.6933,-3.1760
pos,1097,-1.8982,-2.6865,0.6958,-3.1765
pos,1098,-1.8980,-2.6869,0.6984,-3.1769
pos,1099,-1.8978,-2.6874,0.7013,-3.1774
pos,1100,-1.8976,-2.6880,0.7045,-3.1778
pos,1101,-1.8973,-2.6885,0.7075,-3.1783
pos,1102,-1.8970,-2.6891,0.7106,-3.1788
pos,1103,-1.8967,-2.6896,0.7137,-3.1793
pos,1104,-1.8963,-2.6902,0.7168,-3.1798
pos,1105,-1.8960,-2.6907,0.7197,-3.1804
pos,1106,-1.8957,-2.6912,0.7226,-3.1809
pos,1107,-1.8954,-2.6917,0.7253,-3.1814
pos,1108,-1.8950,-2.6921,0.7280,-3.1820
pos,1109,-1.8947,-2.6926,0.7305,-3.1826
pos,1110,-1.8944,-2.6930,0.7330,-3.1832
pos,1111,-1.8940,-2.6934,0.7354,-3.1838
pos,1112,-1.8937,-2.6939,0.7377,-3.1844
pos,1113,-1.8934,-2.6943,0.7401,-3.1850
pos,1114,-1.8930,-2.6947,0.7423,-3.1856
pos,1115,-1.8927,-2.6951,0.7444,-3.1863
pos,1116,-1.8924,-2.6955,0.7465,-3.1870
pos,1117,-1.8921,-2.6959,0.7486,-3.1876
pos,1118,-1.8918,-2.6963,0.7505,-3.1883
pos,1119,-1.8915,-2.6966,0.7523,-3.1890
pos,1120,-1.8913,-2.6969,0.7538,-3.1897
pos,1121,-1.8911,-2.6972,0.7552,-3.1904
pos,1122,-1.8909,-2.6974,0.7564,-3.1915
pos,1123,-1.8907,-2.6977,0.7574,-3.1929
pos,1124,-1.8906,-2.6979,0.7584,-3.1947
pos,1125,-1.8904,-2.6981,0.7594,-3.1969
pos,1126,-1.8903,-2.6984,0.7604,-3.1994
pos,1127,-1.8901,-2.6986,0.7614,-3.2022
pos,1128,-1.8900,-2.6989,0.7625,-3.2054
pos,1129,-1.8898,-2.6993,0.7637,-3.2089
pos,1130,-1.8896,-2.6997,0.7652,-3.2127
pos,1131,-1.8894,-2.7001,0.7668,-3.2168
pos,1132,-1.8891,-2.7007,0.7688,-3.2213
pos,1133,-1.8888,-2.7014,0.7711,-3.2260
pos,1134,-1.8885,-2.7022,0.7738,-3.2311
pos,1135,-1.8882,-2.7029,0.7760,-3.2364
pos,1136,-1.8880,-2.7035,0.7779,-3.2420
pos,1137,-1.8878,-2.7041,0.7795,-3.2478
pos,1138,-1.8876,-2.7047,0.7810,-3.2539
pos,1139,-1.8875,-2.7052,0.7823,-3.2603
pos,1140,-1.8874,-2.7059,0.7835,-3.2669
pos,1141,-1.8874,-2.7065,0.7848,-3.2737
pos,1142,-1.8874,-2.7073,0.7860,-3.2808
pos,1143,-1.8874,-2.7081,0.7873,-3.2882
pos,1144,-1.8874,-2.7088,0.7884,-3.2957
pos,1145,-1.8875,-2.7095,0.7893,-3.3034
pos,1146,-1.8876,-2.7101,0.7900,-3.3113
pos,1147,-1.8877,-2.7107,0.7906,-3.3194
pos,1148,-1.8879,-2.7113,0.7912,-3.3276
pos,1149,-1.8881,-2.7118,0.7916,-3.3361
pos,1150,-1.8884,-2.7123,0.7920,-3.3446
pos,1151,-1.8886,-2.7127,0.7922,-3.3534
pos,1152,-1.8890,-2.7131,0.7925,-3.3623
pos,1153,-1.8892,-2.7135,0.7926,-3.3713
pos,1154,-1.8896,-2.7139,0.7927,-3.3805
pos,1155,-1.8899,-2.7142,0.7927,-3.3898
pos,1156,-1.8903,-2.7146,0.7927,-3.3993
pos,1157,-1.8907,-2.7149,0.7926,-3.4089
pos,1158,-1.8912,-2.7151,0.7925,-3.4186
pos,1159,-1.8916,-2.7154,0.7924,-3.4285
pos,1160,-1.8921,-2.7156,0.7921,-3.4385
pos,1161,-1.8925,-2.7159,0.7919,-3.4486
pos,1162,-1.8930,-2.7161,0.7916,-3.4585
pos,1163,-1.8936,-2.7163,0.7913,-3.4681
pos,1164,-1.8942,-2.7164,0.7910,-3.4775
pos,1165,-1.8947,-2.7166,0.7906,-3.4867
pos,1166,-1.8952,-2.7167,0.7902,-3.4956
pos,1167,-1.8957,-2.7168,0.7897,-3.5043
pos,1168,-1.8962,-2.7168,0.7892,-3.5129
pos,1169,-1.8967,-2.7169,0.7887,-3.5212
pos,1170,-1.8973,-2.7169,0.7881,-3.5293
pos,1171,-1.8978,-2.7169,0.7875,-3.5372
pos,1172,-1.8983,-2.7168,0.7869,-3.5449
pos,1173,-1.8988,-2.7167,0.7863,-3.5524
pos,1174,-1.8993,-2.7166,0.7856,-3.5597
pos,1175,-1.8999,-2.7164,0.7848,-3.5669
pos,1176,-1.9004,-2.7161,0.7840,-3.5739
pos,1177,-1.9010,-2.7158,0.7832,-3.5806
pos,1178,-1.9016,-2.7155,0.7824,-3.5873
pos,1179,-1.9021,-2.7150,0.7816,-3.5937
pos,1180,-1.9027,-2.7145,0.7808,-3.6000
pos,1181,-1.9032,-2.7139,0.7800,-3.6061
pos,1182,-1.9037,-2.7132,0.7792,-3.6121
pos,1183,-1.9043,-2.7124,0.7786,-3.6179
pos,1184,-1.9047,-2.7117,0.7779,-3.6236
pos,1185,-1.9050,-2.7111,0.7774,-3.6291
pos,1186,-1.9052,-2.7105,0.7768,-3.6345
pos,1187,-1.9053,-2.7099,0.7762,-3.6397
pos,1188,-1.9054,-2.7092,0.7757,-3.6448
pos,1189,-1.9054,-2.7085,0.7750,-3.6498
pos,1190,-1.9053,-2.7077,0.7743,-3.6546
pos,1191,-1.9052,-2.7068,0.7735,-3.6594
pos,1192,-1.9049,-2.7057,0.7725,-3.6640
pos,1193,-1.9047,-2.7043,0.7713,-3.6685
pos,1194,-1.9043,-2.7028,0.7700,-3.6728
pos,1195,-1.9038,-2.7008,0.7683,-3.6771
pos,1196,-1.9033,-2.6985,0.7663,-3.6813
pos,1197,-1.9026,-2.6956,0.7639,-3.6854
pos,1198,-1.9019,-2.6930,0.7618,-3.6894
pos,1199,-1.9012,-2.6906,0.7599,-3.6932
pos,1200,-1.9005,-2.6883,0.7583,-3.6970
pos,1201,-1.8997,-2.6861,0.7568,-3.7007
pos,1202,-1.8989,-2.6840,0.7554,-3.7042
pos,1203,-1.8981,-2.6819,0.7542,-3.7077
pos,1204,-1.8971,-2.6796,0.7529,-3.7111
pos,1205,-1.8960,-2.6771,0.7516,-3.7144
pos,1206,-1.8947,-2.6743,0.7503,-3.7176
pos,1207,-1.8931,-2.6711,0.7488,-3.7207
pos,1208,-1.8913,-2.6673,0.7471,-3.7237
pos,1209,-1.8891,-2.6628,0.7451,-3.7267
pos,1210,-1.8864,-2.6574,0.7428,-3.7296
pos,1211,-1.8832,-2.6509,0.7401,-3.7324
pos,1212,-1.8801,-2.6446,0.7376,-3.7351
pos,1213,-1.8770,-2.6385,0.7352,-3.7378
pos,1214,-1.8739,-2.6325,0.7329,-3.7404
pos,1215,-1.8707,-2.6261,0.7305,-3.7429
pos,1216,-1.8672,-2.6193,0.7281,-3.7453
pos,1217,-1.8636,-2.6124,0.7256,-3.7477
pos,1218,-1.8598,-2.6051,0.7231,-3.7500
pos,1219,-1.8565,-2.5987,0.7209,-3.7523
pos,1220,-1.8534,-2.5928,0.7189,-3.7544
pos,1221,-1.8505,-2.5873,0.7171,-3.7565
pos,1222,-1.8476,-2.5819,0.7153,-3.7586
pos,1223,-1.8446,-2.5763,0.7134,-3.7606
pos,1224,-1.8414,-2.5704,0.7115,-3.7625
pos,1225,-1.8379,-2.5640,0.7094,-3.7644
pos,1226,-1.8340,-2.5567,0.7070,-3.7662
pos,1227,-1.8294,-2.5483,0.7043,-3.7680
pos,1228,-1.8240,-2.5384,0.7012,-3.7698
pos,1229,-1.8177,-2.5268,0.6975,-3.7714
pos,1230,-1.8120,-2.5164,0.6941,-3.7731
pos,1231,-1.8066,-2.5067,0.6909,-3.7746
pos,1232,-1.8014,-2.4974,0.6878,-3.7762
pos,1233,-1.7961,-2.4883,0.6847,-3.7776
pos,1234,-1.7916,-2.4807,0.6821,-3.7791
pos,1235,-1.7877,-2.4744,0.6798,-3.7804
pos,1236,-1.7842,-2.4692,0.6779,-3.7818
pos,1237,-1.7811,-2.4645,0.6762,-3.7831
pos,1238,-1.7784,-2.4603,0.6746,-3.7843
pos,1239,-1.7759,-2.4562,0.6732,-3.7855
pos,1240,-1.7736,-2.4523,0.6717,-3.7867
pos,1241,-1.7712,-2.4483,0.6702,-3.7878
pos,1242,-1.7688,-2.4440,0.6687,-3.7889
pos,1243,-1.7662,-2.4393,0.6670,-3.7899
pos,1244,-1.7633,-2.4340,0.6650,-3.7910
pos,1245,-1.7600,-2.4280,0.6628,-3.7919
pos,1246,-1.7562,-2.4209,0.6602,-3.7929
pos,1247,-1.7518,-2.4124,0.6570,-3.7938
pos,1248,-1.7464,-2.4024,0.6533,-3.7947
pos,1249,-1.7400,-2.3903,0.6488,-3.7955
pos,1250,-1.7323,-2.3756,0.6434,-3.7963
pos,1251,-1.7229,-2.3578,0.6368,-3.7971
pos,1252,-1.7115,-2.3363,0.6287,-3.7979
pos,1253,-1.6977,-2.3100,0.6189,-3.7986
pos,1254,-1.6857,-2.2873,0.6104,-3.7993
pos,1255,-1.6753,-2.2677,0.6029,-3.8000
pos,1256,-1.6664,-2.2509,0.5963,-3.8007
pos,1257,-1.6586,-2.2365,0.5906,-3.8013
pos,1258,-1.6517,-2.2238,0.5855,-3.8019
pos,1259,-1.6454,-2.2124,0.5807,-3.8025
pos,1260,-1.6394,-2.2018,0.5761,-3.8030
pos,1261,-1.6336,-2.1916,0.5715,-3.8036
pos,1262,-1.6277,-2.1811,0.5667,-3.8041
pos,1263,-1.6216,-2.1699,0.5615,-3.8046
pos,1264,-1.6151,-2.1576,0.5557,-3.8051
pos,1265,-1.6078,-2.1437,0.5491,-3.8055
pos,1266,-1.5994,-2.1276,0.5414,-3.8060
pos,1267,-1.5920,-2.1132,0.5344,-3.8064
pos,1268,-1.5853,-2.1001,0.5279,-3.8068
pos,1269,-1.5792,-2.0881,0.5217,-3.8071
pos,1270,-1.5736,-2.0769,0.5158,-3.8075
pos,1271,-1.5686,-2.0667,0.5103,-3.8078
pos,1272,-1.5639,-2.0572,0.5050,-3.8082
pos,1273,-1.5597,-2.0484,0.5000,-3.8085
pos,1274,-1.5557,-2.0400,0.4950,-3.8087
pos,1275,-1.5521,-2.0324,0.4904,-3.8090
pos,1276,-1.5491,-2.0258,0.4863,-3.8093
pos,1277,-1.5464,-2.0200,0.4825,-3.8095
pos,1278,-1.5441,-2.0147,0.4789,-3.8097
pos,1279,-1.5419,-2.0098,0.4754,-3.8099
pos,1280,-1.5399,-2.0049,0.4718,-3.8102
pos,1281,-1.5379,-2.0000,0.4680,-3.8103
pos,1282,-1.5358,-1.9949,0.4638,-3.8105
pos,1283,-1.5335,-1.9892,0.4590,-3.8107
pos,1284,-1.5310,-1.9829,0.4536,-3.8109
pos,1285,-1.5281,-1.9757,0.4471,-3.8110
pos,1286,-1.5248,-1.9673,0.4394,-3.8111
pos,1287,-1.5220,-1.9601,0.4328,-3.8113
pos,1288,-1.5197,-1.9541,0.4272,-3.8114
pos,1289,-1.5178,-1.9491,0.4225,-3.8115
pos,1290,-1.5163,-1.9450,0.4186,-3.8116
pos,1291,-1.5151,-1.9415,0.4152,-3.8117
pos,1292,-1.5142,-1.9386,0.4122,-3.8118
pos,1293,-1.5134,-1.9362,0.4096,-3.8118
pos,1294,-1.5128,-1.9340,0.4071,-3.8119
pos,1295,-1.5124,-1.9322,0.4048,-3.8120
pos,1296,-1.5121,-1.9305,0.4024,-3.8120
pos,1297,-1.5119,-1.9289,0.4000,-3.8121
pos,1298,-1.5118,-1.9274,0.3975,-3.8121
pos,1299,-1.5119,-1.9259,0.3946,-3.8122
pos,1300,-1.5120,-1.9243,0.3914,-3.8122
pos,1301,-1.5122,-1.9227,0.3876,-3.8123
pos,1302,-1.5125,-1.9208,0.3831,-3.8123
pos,1303,-1.5129,-1.9187,0.3779,-3.8123
pos,1304,-1.5135,-1.9163,0.3715,-3.8124
pos,1305,-1.5142,-1.9135,0.3638,-3.8124
pos,1306,-1.5150,-1.9101,0.3545,-3.8124
pos,1307,-1.5160,-1.9060,0.3432,-3.8124
pos,1308,-1.5171,-1.9011,0.3295,-3.8124
pos,1309,-1.5184,-1.8969,0.3171,-3.8125
pos,1310,-1.5196,-1.8936,0.3064,-3.8125
pos,1311,-1.5209,-1.8908,0.2969,-3.8125
pos,1312,-1.5221,-1.8885,0.2887,-3.8125
pos,1313,-1.5233,-1.8867,0.2816,-3.8125
pos,1314,-1.5245,-1.8853,0.2755,-3.8125
pos,1315,-1.5256,-1.8841,0.2703,-3.8125
pos,1316,-1.5266,-1.8832,0.2659,-3.8125
pos,1317,-1.5276,-1.8825,0.2622,-3.8124
pos,1318,-1.5287,-1.8820,0.2588,-3.8124
pos,1319,-1.5298,-1.8816,0.2558,-3.8124
pos,1320,-1.5311,-1.8815,0.2530,-3.8124
pos,1321,-1.5325,-1.8815,0.2502,-3.8124
pos,1322,-1.5342,-1.8816,0.2474,-3.8123
pos,1323,-1.5362,-1.8820,0.2444,-3.8123
pos,1324,-1.5385,-1.8825,0.2411,-3.8123
pos,1325,-1.5413,-1.8833,0.2374,-3.8122
pos,1326,-1.5447,-1.8843,0.2331,-3.8122
pos,1327,-1.5487,-1.8855,0.2280,-3.8121
pos,1328,-1.5534,-1.8871,0.2224,-3.8121
pos,1329,-1.5576,-1.8887,0.2177,-3.8121
pos,1330,-1.5614,-1.8902,0.2136,-3.8120
pos,1331,-1.5651,-1.8918,0.2100,-3.8119
pos,1332,-1.5687,-1.8936,0.2068,-3.8119
pos,1333,-1.5718,-1.8952,0.2042,-3.8118
pos,1334,-1.5746,-1.8966,0.2021,-3.8117
pos,1335,-1.5772,-1.8981,0.2005,-3.8116
pos,1336,-1.5798,-1.8996,0.1992,-3.8115
pos,1337,-1.5823,-1.9012,0.1983,-3.8113
pos,1338,-1.5849,-1.9029,0.1977,-3.8112
pos,1339,-1.5878,-1.9048,0.1973,-3.8110
pos,1340,-1.5910,-1.9071,0.1971,-3.8109
pos,1341,-1.5947,-1.9098,0.1972,-3.8107
pos,1342,-1.5989,-1.9129,0.1976,-3.8105
pos,1343,-1.6040,-1.9168,0.1982,-3.8103
pos,1344,-1.6101,-1.9214,0.1990,-3.8101
pos,1345,-1.6174,-1.9269,0.2001,-3.8098
pos,1346,-1.6262,-1.9337,0.2016,-3.8096
pos,1347,-1.6369,-1.9420,0.2035,-3.8094
pos,1348,-1.6500,-1.9521,0.2058,-3.8091
pos,1349,-1.6613,-1.9609,0.2080,-3.8088
pos,1350,-1.6714,-1.9689,0.2103,-3.8085
pos,1351,-1.6803,-1.9760,0.2125,-3.8083
pos,1352,-1.6881,-1.9823,0.2146,-3.8080
pos,1353,-1.6950,-1.9878,0.2166,-3.8077
pos,1354,-1.7012,-1.9929,0.2184,-3.8075
pos,1355,-1.7070,-1.9977,0.2204,-3.8072
pos,1356,-1.7125,-2.0025,0.2224,-3.8069
pos,1357,-1.7181,-2.0073,0.2245,-3.8066
pos,1358,-1.7240,-2.0125,0.2270,-3.8063
pos,1359,-1.7303,-2.0181,0.2298,-3.8060
pos,1360,-1.7374,-2.0245,0.2330,-3.8057
pos,1361,-1.7456,-2.0319,0.2369,-3.8054
pos,1362,-1.7551,-2.0406,0.2415,-3.8051
pos,1363,-1.7663,-2.0510,0.2470,-3.8048
pos,1364,-1.7766,-2.0604,0.2520,-3.8046
pos,1365,-1.7860,-2.0689,0.2567,-3.8043
pos,1366,-1.7948,-2.0767,0.2611,-3.8040
pos,1367,-1.8027,-2.0837,0.2649,-3.8037
pos,1368,-1.8103,-2.0901,0.2684,-3.8034
pos,1369,-1.8172,-2.0958,0.2714,-3.8032
pos,1370,-1.8230,-2.1006,0.2739,-3.8029
pos,1371,-1.8277,-2.1046,0.2760,-3.8026
pos,1372,-1.8316,-2.1080,0.2777,-3.8024
pos,1373,-1.8348,-2.1108,0.2790,-3.8021
pos,1374,-1.8375,-2.1131,0.2801,-3.8019
pos,1375,-1.8397,-2.1151,0.2810,-3.8016
pos,1376,-1.8415,-2.1168,0.2818,-3.8014
pos,1377,-1.8430,-2.1183,0.2824,-3.8011
pos,1378,-1.8442,-2.1197,0.2828,-3.8009
pos,1379,-1.8453,-2.1209,0.2832,-3.8007
pos,1380,-1.8462,-2.1221,0.2835,-3.8005
pos,1381,-1.8469,-2.1233,0.2838,-3.8003
pos,1382,-1.8476,-2.1245,0.2840,-3.8001
pos,1383,-1.8482,-2.1258,0.2842,-3.7998
pos,1384,-1.8488,-2.1271,0.2843,-3.7997
pos,1385,-1.8495,-2.1284,0.2845,-3.7995
pos,1386,-1.8502,-2.1297,0.2846,-3.7993
pos,1387,-1.8511,-2.1309,0.2848,-3.7991
pos,1388,-1.8521,-2.1322,0.2849,-3.7989
pos,1389,-1.8533,-2.1335,0.2851,-3.7987
pos,1390,-1.8548,-2.1351,0.2853,-3.7986
pos,1391,-1.8565,-2.1368,0.2855,-3.7984
pos,1392,-1.8587,-2.1389,0.2858,-3.7982
pos,1393,-1.8613,-2.1413,0.2861,-3.7981
pos,1394,-1.8644,-2.1442,0.2868,-3.7979
pos,1395,-1.8683,-2.1477,0.2878,-3.7978
pos,1396,-1.8730,-2.1520,0.2892,-3.7977
pos,1397,-1.8787,-2.1572,0.2911,-3.7975
pos,1398,-1.8858,-2.1635,0.2935,-3.7974
pos,1399,-1.8943,-2.1711,0.2965,-3.7973
pos,1400,-1.9048,-2.1805,0.3002,-3.7971
pos,1401,-1.9177,-2.1919,0.3048,-3.7970
pos,1402,-1.9334,-2.2059,0.3105,-3.7969
pos,1403,-1.9525,-2.2230,0.3174,-3.7968
pos,1404,-1.9760,-2.2438,0.3259,-3.7967
pos,1405,-2.0047,-2.2693,0.3363,-3.7966
pos,1406,-2.0360,-2.2967,0.3480,-3.7965
pos,1407,-2.0688,-2.3252,0.3607,-3.7964
pos,1408,-2.0978,-2.3500,0.3722,-3.7963
pos,1409,-2.1233,-2.3717,0.3826,-3.7963
pos,1410,-2.1457,-2.3907,0.3920,-3.7962
pos,1411,-2.1656,-2.4073,0.4005,-3.7961
pos,1412,-2.1834,-2.4221,0.4083,-3.7960
pos,1413,-2.1996,-2.4354,0.4156,-3.7960
pos,1414,-2.2140,-2.4471,0.4222,-3.7959
pos,1415,-2.2273,-2.4578,0.4286,-3.7958
pos,1416,-2.2391,-2.4672,0.4343,-3.7958
pos,1417,-2.2499,-2.4757,0.4397,-3.7957
pos,1418,-2.2601,-2.4837,0.4449,-3.7957
pos,1419,-2.2692,-2.4907,0.4496,-3.7956
pos,1420,-2.2776,-2.4970,0.4541,-3.7956
pos,1421,-2.2856,-2.5029,0.4584,-3.7955
pos,1422,-2.2935,-2.5087,0.4629,-3.7955
pos,1423,-2.3016,-2.5145,0.4675,-3.7954
pos,1424,-2.3104,-2.5206,0.4727,-3.7954
pos,1425,-2.3201,-2.5273,0.4785,-3.7953
pos,1426,-2.3311,-2.5348,0.4851,-3.7953
pos,1427,-2.3438,-2.5434,0.4929,-3.7952
pos,1428,-2.3588,-2.5537,0.5021,-3.7952
pos,1429,-2.3765,-2.5662,0.5129,-3.7951
pos,1430,-2.3977,-2.5814,0.5256,-3.7951
pos,1431,-2.4171,-2.5951,0.5372,-3.7951
pos,1432,-2.4351,-2.6079,0.5478,-3.7950
pos,1433,-2.4519,-2.6197,0.5576,-3.7950
pos,1434,-2.4676,-2.6307,0.5668,-3.7949
pos,1435,-2.4829,-2.6413,0.5755,-3.7949
pos,1436,-2.4972,-2.6511,0.5837,-3.7949
pos,1437,-2.5111,-2.6606,0.5915,-3.7949
pos,1438,-2.5241,-2.6694,0.5988,-3.7948
pos,1439,-2.5364,-2.6775,0.6056,-3.7948
pos,1440,-2.5483,-2.6854,0.6121,-3.7948
pos,1441,-2.5604,-2.6933,0.6187,-3.7948
pos,1442,-2.5721,-2.7008,0.6250,-3.7947
pos,1443,-2.5838,-2.7084,0.6312,-3.7947
pos,1444,-2.5958,-2.7157,0.6374,-3.7947
pos,1445,-2.6086,-2.7232,0.6439,-3.7947
pos,1446,-2.6215,-2.7304,0.6503,-3.7947
pos,1447,-2.6342,-2.7372,0.6564,-3.7947
pos,1448,-2.6463,-2.7434,0.6621,-3.7947
pos,1449,-2.6582,-2.7493,0.6676,-3.7947
pos,1450,-2.6706,-2.7551,0.6732,-3.7946
pos,1451,-2.6835,-2.7608,0.6789,-3.7946
pos,1452,-2.6975,-2.7668,0.6850,-3.7946
pos,1453,-2.7121,-2.7728,0.6915,-3.7946
pos,1454,-2.7267,-2.7785,0.6978,-3.7946
pos,1455,-2.7405,-2.7836,0.7037,-3.7945
pos,1456,-2.7543,-2.7884,0.7095,-3.7945
pos,1457,-2.7684,-2.7930,0.7155,-3.7945
pos,1458,-2.7834,-2.7975,0.7217,-3.7945
pos,1459,-2.7996,-2.8021,0.7283,-3.7945
pos,1460,-2.8153,-2.8063,0.7347,-3.7945
pos,1461,-2.8308,-2.8100,0.7409,-3.7945
pos,1462,-2.8457,-2.8133,0.7468,-3.7945
pos,1463,-2.8604,-2.8162,0.7527,-3.7945
pos,1464,-2.8744,-2.8186,0.7581,-3.7945
pos,1465,-2.8878,-2.8206,0.7633,-3.7945
pos,1466,-2.9011,-2.8222,0.7685,-3.7945
pos,1467,-2.9150,-2.8235,0.7738,-3.7946
pos,1468,-2.9299,-2.8246,0.7796,-3.7946
pos,1469,-2.9465,-2.8254,0.7859,-3.7946
pos,1470,-2.9623,-2.8258,0.7919,-3.7947
pos,1471,-2.9775,-2.8255,0.7976,-3.7947
pos,1472,-2.9928,-2.8248,0.8033,-3.7947
pos,1473,-3.0071,-2.8233,0.8085,-3.7948
pos,1474,-3.0203,-2.8211,0.8133,-3.7949
pos,1475,-3.0319,-2.8181,0.8175,-3.7949
pos,1476,-3.0424,-2.8143,0.8213,-3.7950
pos,1477,-3.0522,-2.8095,0.8248,-3.7950
pos,1478,-3.0613,-2.8037,0.8281,-3.7950
