delay,30
pos,0,-0.7412,-2.3974,1.1211,0.6006
pos,1,-0.7412,-2.3974,1.1211,0.6006
pos,2,-0.7411,-2.3974,1.1211,0.6006
pos,3,-0.7409,-2.3973,1.1211,0.6007
pos,4,-0.7408,-2.3973,1.1211,0.6007
pos,5,-0.7405,-2.3972,1.1211,0.6008
pos,6,-0.7403,-2.3971,1.1211,0.6008
pos,7,-0.7399,-2.3971,1.1211,0.6009
pos,8,-0.7396,-2.3970,1.1211,0.6010
pos,9,-0.7391,-2.3969,1.1211,0.6011
pos,10,-0.7387,-2.3967,1.1211,0.6012
pos,11,-0.7381,-2.3966,1.1211,0.6013
pos,12,-0.7376,-2.3964,1.1212,0.6015
pos,13,-0.7369,-2.3963,1.1212,0.6016
pos,14,-0.7362,-2.3961,1.1212,0.6018
pos,15,-0.7355,-2.3959,1.1212,0.6019
pos,16,-0.7349,-2.3957,1.1212,0.6021
pos,17,-0.7343,-2.3956,1.1213,0.6023
pos,18,-0.7337,-2.3954,1.1213,0.6025
pos,19,-0.7332,-2.3953,1.1214,0.6027
pos,20,-0.7327,-2.3952,1.1214,0.6028
pos,21,-0.7322,-2.3951,1.1215,0.6030
pos,22,-0.7317,-2.3950,1.1216,0.6032
pos,23,-0.7313,-2.3949,1.1217,0.6034
pos,24,-0.7308,-2.3948,1.1218,0.6037
pos,25,-0.7304,-2.3947,1.1219,0.6039
pos,26,-0.7300,-2.3946,1.1221,0.6041
pos,27,-0.7296,-2.3945,1.1222,0.6043
pos,28,-0.7292,-2.3944,1.1224,0.6046
pos,29,-0.7288,-2.3944,1.1226,0.6048
pos,30,-0.7285,-2.3943,1.1228,0.6051
pos,31,-0.7279,-2.3941,1.1230,0.6053
pos,32,-0.7275,-2.3939,1.1232,0.6056
pos,33,-0.7270,-2.3938,1.1235,0.6059
pos,34,-0.7267,-2.3937,1.1237,0.6062
pos,35,-0.7264,-2.3936,1.1239,0.6065
pos,36,-0.7261,-2.3936,1.1242,0.6068
pos,37,-0.7260,-2.3935,1.1244,0.6071
pos,38,-0.7259,-2.3936,1.1247,0.6075
pos,39,-0.7258,-2.3936,1.1249,0.6078
pos,40,-0.7258,-2.3937,1.1252,0.6081
pos,41,-0.7259,-2.3938,1.1254,0.6085
pos,42,-0.7260,-2.3939,1.1256,0.6089
pos,43,-0.7263,-2.3941,1.1259,0.6093
pos,44,-0.7265,-2.3944,1.1261,0.6097
pos,45,-0.7269,-2.3946,1.1263,0.6101
pos,46,-0.7273,-2.3950,1.1265,0.6105
pos,47,-0.7278,-2.3953,1.1268,0.6109
pos,48,-0.7284,-2.3958,1.1270,0.6113
pos,49,-0.7290,-2.3962,1.1272,0.6118
pos,50,-0.7298,-2.3968,1.1275,0.6122
pos,51,-0.7306,-2.3973,1.1277,0.6127
pos,52,-0.7315,-2.3980,1.1280,0.6131
pos,53,-0.7323,-2.3985,1.1283,0.6136
pos,54,-0.7329,-2.3990,1.1286,0.6141
pos,55,-0.7334,-2.3993,1.1289,0.6146
pos,56,-0.7338,-2.3996,1.1293,0.6151
pos,57,-0.7341,-2.3997,1.1296,0.6156
pos,58,-0.7343,-2.3998,1.1300,0.6162
pos,59,-0.7344,-2.3999,1.1303,0.6167
pos,60,-0.7344,-2.3999,1.1307,0.6172
pos,61,-0.7343,-2.3999,1.1311,0.6177
pos,62,-0.7341,-2.3998,1.1315,0.6183
pos,63,-0.7339,-2.3997,1.1319,0.6188
pos,64,-0.7336,-2.3995,1.1322,0.6193
pos,65,-0.7332,-2.3993,1.1326,0.6198
pos,66,-0.7327,-2.3990,1.1329,0.6203
pos,67,-0.7321,-2.3988,1.1332,0.6209
pos,68,-0.7315,-2.3984,1.1334,0.6215
pos,69,-0.7308,-2.3981,1.1337,0.6221
pos,70,-0.7301,-2.3977,1.1339,0.6227
pos,71,-0.7293,-2.3973,1.1341,0.6234
pos,72,-0.7284,-2.3968,1.1343,0.6240
pos,73,-0.7274,-2.3964,1.1345,0.6247
pos,74,-0.7263,-2.3959,1.1347,0.6254
pos,75,-0.7252,-2.3953,1.1349,0.6261
pos,76,-0.7240,-2.3947,1.1350,0.6268
pos,77,-0.7227,-2.3941,1.1352,0.6276
pos,78,-0.7214,-2.3935,1.1354,0.6284
pos,79,-0.7200,-2.3928,1.1355,0.6292
pos,80,-0.7184,-2.3921,1.1357,0.6300
pos,81,-0.7168,-2.3913,1.1359,0.6309
pos,82,-0.7151,-2.3905,1.1361,0.6317
pos,83,-0.7133,-2.3897,1.1363,0.6326
pos,84,-0.7114,-2.3888,1.1365,0.6335
pos,85,-0.7093,-2.3878,1.1367,0.6345
pos,86,-0.7072,-2.3868,1.1369,0.6355
pos,87,-0.7049,-2.3858,1.1371,0.6364
pos,88,-0.7025,-2.3847,1.1374,0.6375
pos,89,-0.6999,-2.3835,1.1377,0.6385
pos,90,-0.6972,-2.3823,1.1380,0.6396
pos,91,-0.6944,-2.3810,1.1383,0.6407
pos,92,-0.6914,-2.3796,1.1386,0.6418
pos,93,-0.6884,-2.3782,1.1389,0.6429
pos,94,-0.6853,-2.3767,1.1392,0.6440
pos,95,-0.6820,-2.3751,1.1395,0.6451
pos,96,-0.6787,-2.3734,1.1397,0.6463
pos,97,-0.6752,-2.3716,1.1400,0.6474
pos,98,-0.6716,-2.3697,1.1402,0.6486
pos,99,-0.6679,-2.3678,1.1405,0.6497
pos,100,-0.6640,-2.3657,1.1407,0.6509
pos,101,-0.6600,-2.3636,1.1410,0.6520
pos,102,-0.6558,-2.3613,1.1412,0.6532
pos,103,-0.6515,-2.3589,1.1414,0.6544
pos,104,-0.6470,-2.3564,1.1417,0.6555
pos,105,-0.6423,-2.3537,1.1419,0.6567
pos,106,-0.6376,-2.3510,1.1421,0.6579
pos,107,-0.6327,-2.3482,1.1423,0.6592
pos,108,-0.6277,-2.3453,1.1424,0.6601
pos,109,-0.6226,-2.3423,1.1425,0.6606
pos,110,-0.6174,-2.3392,1.1426,0.6608
pos,111,-0.6121,-2.3360,1.1428,0.6607
pos,112,-0.6066,-2.3327,1.1429,0.6603
pos,113,-0.6011,-2.3293,1.1430,0.6595
pos,114,-0.5953,-2.3258,1.1431,0.6584
pos,115,-0.5893,-2.3222,1.1432,0.6570
pos,116,-0.5833,-2.3185,1.1433,0.6554
pos,117,-0.5772,-2.3148,1.1434,0.6534
pos,118,-0.5709,-2.3109,1.1434,0.6512
pos,119,-0.5644,-2.3070,1.1434,0.6487
pos,120,-0.5578,-2.3030,1.1433,0.6459
pos,121,-0.5510,-2.2988,1.1432,0.6429
pos,122,-0.5439,-2.2945,1.1431,0.6396
pos,123,-0.5365,-2.2900,1.1429,0.6361
pos,124,-0.5288,-2.2854,1.1428,0.6323
pos,125,-0.5208,-2.2806,1.1425,0.6283
pos,126,-0.5124,-2.2755,1.1422,0.6241
pos,127,-0.5036,-2.2702,1.1419,0.6196
pos,128,-0.4942,-2.2647,1.1415,0.6149
pos,129,-0.4844,-2.2589,1.1411,0.6099
pos,130,-0.4747,-2.2532,1.1407,0.6048
pos,131,-0.4650,-2.2475,1.1402,0.5994
pos,132,-0.4553,-2.2418,1.1397,0.5937
pos,133,-0.4455,-2.2360,1.1392,0.5879
pos,134,-0.4357,-2.2303,1.1386,0.5818
pos,135,-0.4258,-2.2245,1.1380,0.5755
pos,136,-0.4157,-2.2186,1.1373,0.5690
pos,137,-0.4055,-2.2127,1.1366,0.5623
pos,138,-0.3950,-2.2066,1.1359,0.5553
pos,139,-0.3843,-2.2005,1.1350,0.5482
pos,140,-0.3732,-2.1941,1.1342,0.5408
pos,141,-0.3618,-2.1876,1.1332,0.5332
pos,142,-0.3499,-2.1809,1.1321,0.5254
pos,143,-0.3375,-2.1740,1.1309,0.5177
pos,144,-0.3247,-2.1668,1.1297,0.5102
pos,145,-0.3112,-2.1593,1.1282,0.5029
pos,146,-0.2971,-2.1515,1.1267,0.4957
pos,147,-0.2823,-2.1433,1.1250,0.4886
pos,148,-0.2667,-2.1347,1.1231,0.4816
pos,149,-0.2511,-2.1262,1.1212,0.4748
pos,150,-0.2356,-2.1178,1.1193,0.4681
pos,151,-0.2202,-2.1094,1.1174,0.4616
pos,152,-0.2048,-2.1012,1.1156,0.4553
pos,153,-0.1895,-2.0930,1.1137,0.4491
pos,154,-0.1741,-2.0848,1.1118,0.4430
pos,155,-0.1587,-2.0767,1.1099,0.4370
pos,156,-0.1434,-2.0686,1.1080,0.4312
pos,157,-0.1281,-2.0606,1.1062,0.4255
pos,158,-0.1128,-2.0527,1.1043,0.4200
pos,159,-0.0976,-2.0448,1.1024,0.4146
pos,160,-0.0825,-2.0370,1.1005,0.4093
pos,161,-0.0673,-2.0294,1.0987,0.4041
pos,162,-0.0522,-2.0217,1.0968,0.3991
pos,163,-0.0371,-2.0141,1.0950,0.3942
pos,164,-0.0218,-2.0065,1.0931,0.3893
pos,165,-0.0064,-1.9989,1.0912,0.3846
pos,166,0.0090,-1.9913,1.0893,0.3800
pos,167,0.0245,-1.9838,1.0873,0.3754
pos,168,0.0401,-1.9763,1.0854,0.3710
pos,169,0.0559,-1.9687,1.0833,0.3667
pos,170,0.0720,-1.9610,1.0813,0.3624
pos,171,0.0885,-1.9532,1.0791,0.3582
pos,172,0.1053,-1.9452,1.0768,0.3541
pos,173,0.1227,-1.9371,1.0743,0.3501
pos,174,0.1406,-1.9287,1.0717,0.3461
pos,175,0.1592,-1.9201,1.0689,0.3422
pos,176,0.1786,-1.9111,1.0659,0.3384
pos,177,0.1978,-1.9023,1.0629,0.3347
pos,178,0.2169,-1.8936,1.0599,0.3310
pos,179,0.2358,-1.8851,1.0569,0.3275
pos,180,0.2547,-1.8767,1.0539,0.3240
pos,181,0.2735,-1.8684,1.0510,0.3206
pos,182,0.2921,-1.8602,1.0480,0.3173
pos,183,0.3106,-1.8522,1.0451,0.3140
pos,184,0.3290,-1.8443,1.0422,0.3109
pos,185,0.3473,-1.8365,1.0393,0.3077
pos,186,0.3654,-1.8289,1.0365,0.3047
pos,187,0.3834,-1.8214,1.0337,0.3016
pos,188,0.4012,-1.8140,1.0310,0.2987
pos,189,0.4190,-1.8068,1.0283,0.2957
pos,190,0.4368,-1.7996,1.0255,0.2928
pos,191,0.4547,-1.7924,1.0227,0.2900
pos,192,0.4729,-1.7853,1.0198,0.2871
pos,193,0.4913,-1.7781,1.0168,0.2843
pos,194,0.5100,-1.7708,1.0137,0.2816
pos,195,0.5292,-1.7635,1.0104,0.2788
pos,196,0.5489,-1.7560,1.0069,0.2761
pos,197,0.5693,-1.7483,1.0032,0.2734
pos,198,0.5903,-1.7405,0.9992,0.2708
pos,199,0.6121,-1.7324,0.9949,0.2681
pos,200,0.6336,-1.7245,0.9906,0.2655
pos,201,0.6550,-1.7168,0.9864,0.2629
pos,202,0.6761,-1.7092,0.9821,0.2604
pos,203,0.6971,-1.7018,0.9778,0.2580
pos,204,0.7179,-1.6945,0.9735,0.2556
pos,205,0.7385,-1.6874,0.9692,0.2532
pos,206,0.7589,-1.6804,0.9648,0.2509
pos,207,0.7789,-1.6736,0.9607,0.2486
pos,208,0.7986,-1.6670,0.9569,0.2464
pos,209,0.8181,-1.6606,0.9532,0.2442
pos,210,0.8372,-1.6544,0.9498,0.2420
pos,211,0.8560,-1.6483,0.9466,0.2399
pos,212,0.8744,-1.6424,0.9436,0.2378
pos,213,0.8927,-1.6367,0.9408,0.2357
pos,214,0.9106,-1.6311,0.9381,0.2337
pos,215,0.9282,-1.6257,0.9357,0.2317
pos,216,0.9454,-1.6205,0.9335,0.2297
pos,217,0.9622,-1.6154,0.9314,0.2278
pos,218,0.9788,-1.6105,0.9296,0.2259
pos,219,0.9952,-1.6058,0.9278,0.2240
pos,220,1.0115,-1.6011,0.9262,0.2221
pos,221,1.0277,-1.5966,0.9248,0.2203
pos,222,1.0440,-1.5921,0.9234,0.2185
pos,223,1.0603,-1.5876,0.9220,0.2167
pos,224,1.0769,-1.5832,0.9208,0.2149
pos,225,1.0937,-1.5788,0.9196,0.2132
pos,226,1.1108,-1.5743,0.9183,0.2114
pos,227,1.1283,-1.5699,0.9171,0.2097
pos,228,1.1462,-1.5653,0.9159,0.2080
pos,229,1.1647,-1.5607,0.9147,0.2063
pos,230,1.1839,-1.5561,0.9134,0.2047
pos,231,1.2038,-1.5512,0.9121,0.2030
pos,232,1.2244,-1.5463,0.9107,0.2014
pos,233,1.2460,-1.5412,0.9092,0.1997
pos,234,1.2686,-1.5359,0.9076,0.1981
pos,235,1.2923,-1.5304,0.9059,0.1965
pos,236,1.3171,-1.5247,0.9040,0.1949
pos,237,1.3433,-1.5187,0.9020,0.1933
pos,238,1.3709,-1.5125,0.8998,0.1917
pos,239,1.4000,-1.5059,0.8973,0.1900
pos,240,1.4309,-1.4990,0.8947,0.1884
pos,241,1.4635,-1.4917,0.8917,0.1868
pos,242,1.4981,-1.4840,0.8882,0.1852
pos,243,1.5335,-1.4763,0.8846,0.1836
pos,244,1.5682,-1.4688,0.8812,0.1820
pos,245,1.6022,-1.4615,0.8782,0.1804
pos,246,1.6357,-1.4545,0.8754,0.1788
pos,247,1.6684,-1.4476,0.8730,0.1772
pos,248,1.7004,-1.4410,0.8708,0.1756
pos,249,1.7318,-1.4347,0.8688,0.1740
pos,250,1.7626,-1.4285,0.8671,0.1723
pos,251,1.7929,-1.4225,0.8657,0.1707
pos,252,1.8229,-1.4167,0.8644,0.1691
pos,253,1.8526,-1.4110,0.8633,0.1674
pos,254,1.8819,-1.4054,0.8624,0.1658
pos,255,1.9108,-1.4001,0.8616,0.1641
pos,256,1.9394,-1.3948,0.8610,0.1625
pos,257,1.9677,-1.3897,0.8606,0.1612
pos,258,1.9959,-1.3847,0.8603,0.1602
pos,259,2.0237,-1.3798,0.8600,0.1596
pos,260,2.0510,-1.3751,0.8599,0.1593
pos,261,2.0780,-1.3705,0.8598,0.1593
pos,262,2.1047,-1.3660,0.8598,0.1597
pos,263,2.1311,-1.3616,0.8599,0.1603
pos,264,2.1576,-1.3572,0.8601,0.1613
pos,265,2.1835,-1.3529,0.8603,0.1626
pos,266,2.2092,-1.3488,0.8605,0.1641
pos,267,2.2345,-1.3447,0.8607,0.1660
pos,268,2.2594,-1.3407,0.8609,0.1681
pos,269,2.2839,-1.3368,0.8611,0.1705
pos,270,2.3079,-1.3330,0.8613,0.1732
pos,271,2.3314,-1.3293,0.8614,0.1761
pos,272,2.3543,-1.3257,0.8615,0.1793
pos,273,2.3767,-1.3221,0.8616,0.1828
pos,274,2.3986,-1.3187,0.8615,0.1865
pos,275,2.4199,-1.3153,0.8615,0.1905
pos,276,2.4409,-1.3121,0.8613,0.1947
pos,277,2.4614,-1.3088,0.8611,0.1992
pos,278,2.4817,-1.3056,0.8609,0.2039
pos,279,2.5018,-1.3024,0.8606,0.2089
pos,280,2.5219,-1.2991,0.8602,0.2141
pos,281,2.5416,-1.2960,0.8597,0.2195
pos,282,2.5612,-1.2928,0.8592,0.2252
pos,283,2.5807,-1.2896,0.8586,0.2311
pos,284,2.6002,-1.2865,0.8579,0.2372
pos,285,2.6198,-1.2833,0.8571,0.2435
pos,286,2.6395,-1.2800,0.8562,0.2501
pos,287,2.6596,-1.2767,0.8552,0.2569
pos,288,2.6800,-1.2734,0.8541,0.2639
pos,289,2.7009,-1.2699,0.8529,0.2712
pos,290,2.7223,-1.2663,0.8516,0.2787
pos,291,2.7444,-1.2627,0.8501,0.2864
pos,292,2.7672,-1.2589,0.8485,0.2943
pos,293,2.7909,-1.2549,0.8467,0.3024
pos,294,2.8156,-1.2508,0.8446,0.3108
pos,295,2.8414,-1.2464,0.8424,0.3194
pos,296,2.8684,-1.2419,0.8400,0.3282
pos,297,2.8968,-1.2372,0.8373,0.3372
pos,298,2.9266,-1.2322,0.8343,0.3465
pos,299,2.9579,-1.2269,0.8310,0.3560
pos,300,2.9911,-1.2213,0.8274,0.3657
pos,301,3.0261,-1.2154,0.8233,0.3757
pos,302,3.0632,-1.2092,0.8189,0.3859
pos,303,3.0992,-1.2031,0.8146,0.3963
pos,304,3.1341,-1.1971,0.8105,0.4070
pos,305,3.1680,-1.1912,0.8065,0.4178
pos,306,3.2010,-1.1854,0.8027,0.4288
pos,307,3.2333,-1.1796,0.7989,0.4399
pos,308,3.2650,-1.1739,0.7952,0.4511
pos,309,3.2962,-1.1683,0.7915,0.4625
pos,310,3.3266,-1.1626,0.7880,0.4741
pos,311,3.3562,-1.1571,0.7845,0.4857
pos,312,3.3850,-1.1517,0.7812,0.4975
pos,313,3.4130,-1.1463,0.7780,0.5094
pos,314,3.4403,-1.1409,0.7749,0.5213
pos,315,3.4669,-1.1357,0.7719,0.5334
pos,316,3.4927,-1.1305,0.7689,0.5457
pos,317,3.5181,-1.1253,0.7659,0.5580
pos,318,3.5430,-1.1201,0.7630,0.5704
pos,319,3.5675,-1.1149,0.7600,0.5830
pos,320,3.5919,-1.1097,0.7569,0.5957
pos,321,3.6162,-1.1044,0.7538,0.6085
pos,322,3.6405,-1.0990,0.7505,0.6215
pos,323,3.6649,-1.0935,0.7470,0.6346
pos,324,3.6896,-1.0879,0.7434,0.6479
pos,325,3.7146,-1.0822,0.7395,0.6612
pos,326,3.7400,-1.0762,0.7354,0.6748
pos,327,3.7661,-1.0701,0.7309,0.6885
pos,328,3.7914,-1.0640,0.7266,0.7022
pos,329,3.8160,-1.0581,0.7223,0.7161
pos,330,3.8399,-1.0523,0.7181,0.7301
pos,331,3.8632,-1.0465,0.7140,0.7441
pos,332,3.8860,-1.0409,0.7100,0.7582
pos,333,3.9081,-1.0353,0.7060,0.7724
pos,334,3.9297,-1.0298,0.7021,0.7868
pos,335,3.9505,-1.0245,0.6983,0.8012
pos,336,3.9707,-1.0193,0.6946,0.8157
pos,337,3.9903,-1.0143,0.6910,0.8303
pos,338,4.0093,-1.0093,0.6875,0.8450
pos,339,4.0277,-1.0045,0.6840,0.8599
pos,340,4.0455,-0.9997,0.6807,0.8748
pos,341,4.0627,-0.9951,0.6775,0.8898
pos,342,4.0793,-0.9906,0.6744,0.9049
pos,343,4.0956,-0.9862,0.6713,0.9201
pos,344,4.1114,-0.9819,0.6683,0.9350
pos,345,4.1270,-0.9776,0.6652,0.9497
pos,346,4.1422,-0.9733,0.6622,0.9641
pos,347,4.1573,-0.9691,0.6590,0.9783
pos,348,4.1722,-0.9649,0.6558,0.9923
pos,349,4.1871,-0.9606,0.6525,1.0061
pos,350,4.2021,-0.9563,0.6490,1.0196
pos,351,4.2171,-0.9520,0.6453,1.0330
pos,352,4.2323,-0.9476,0.6413,1.0462
pos,353,4.2477,-0.9431,0.6371,1.0593
pos,354,4.2634,-0.9385,0.6326,1.0722
pos,355,4.2794,-0.9338,0.6278,1.0850
pos,356,4.2949,-0.9292,0.6231,1.0976
pos,357,4.3097,-0.9247,0.6186,1.1101
pos,358,4.3240,-0.9204,0.6142,1.1225
pos,359,4.3377,-0.9162,0.6099,1.1347
pos,360,4.3510,-0.9120,0.6057,1.1469
pos,361,4.3638,-0.9080,0.6016,1.1590
pos,362,4.3759,-0.9042,0.5977,1.1708
pos,363,4.3876,-0.9005,0.5939,1.1824
pos,364,4.3986,-0.8969,0.5902,1.1938
pos,365,4.4092,-0.8935,0.5866,1.2049
pos,366,4.4192,-0.8901,0.5832,1.2157
pos,367,4.4288,-0.8869,0.5798,1.2264
pos,368,4.4380,-0.8838,0.5764,1.2369
pos,369,4.4467,-0.8808,0.5730,1.2471
pos,370,4.4552,-0.8779,0.5696,1.2571
pos,371,4.4633,-0.8750,0.5664,1.2670
pos,372,4.4711,-0.8722,0.5634,1.2767
pos,373,4.4788,-0.8694,0.5604,1.2862
pos,374,4.4862,-0.8667,0.5576,1.2955
pos,375,4.4935,-0.8639,0.5547,1.3046
pos,376,4.5007,-0.8612,0.5519,1.3136
pos,377,4.5077,-0.8584,0.5491,1.3225
pos,378,4.5147,-0.8556,0.5463,1.3312
pos,379,4.5217,-0.8528,0.5433,1.3398
pos,380,4.5287,-0.8499,0.5402,1.3482
pos,381,4.5357,-0.8470,0.5370,1.3566
pos,382,4.5428,-0.8440,0.5336,1.3648
pos,383,4.5500,-0.8408,0.5300,1.3728
pos,384,4.5573,-0.8376,0.5261,1.3808
pos,385,4.5648,-0.8343,0.5219,1.3887
pos,386,4.5725,-0.8308,0.5173,1.3965
pos,387,4.5804,-0.8272,0.5124,1.4042
pos,388,4.5886,-0.8234,0.5069,1.4118
pos,389,4.5971,-0.8194,0.5010,1.4194
pos,390,4.6059,-0.8152,0.4945,1.4269
pos,391,4.6152,-0.8108,0.4874,1.4343
pos,392,4.6249,-0.8061,0.4795,1.4416
pos,393,4.6350,-0.8012,0.4708,1.4489
pos,394,4.6453,-0.7961,0.4616,1.4561
pos,395,4.6551,-0.7913,0.4533,1.4632
pos,396,4.6644,-0.7867,0.4456,1.4701
pos,397,4.6733,-0.7823,0.4386,1.4769
pos,398,4.6818,-0.7780,0.4323,1.4836
pos,399,4.6899,-0.7740,0.4266,1.4902
pos,400,4.6976,-0.7701,0.4214,1.4966
pos,401,4.7050,-0.7664,0.4168,1.5030
pos,402,4.7120,-0.7628,0.4126,1.5092
pos,403,4.7186,-0.7594,0.4089,1.5153
pos,404,4.7250,-0.7562,0.4057,1.5213
pos,405,4.7310,-0.7531,0.4028,1.5272
pos,406,4.7367,-0.7501,0.4004,1.5330
pos,407,4.7421,-0.7473,0.3982,1.5387
pos,408,4.7473,-0.7446,0.3964,1.5443
pos,409,4.7522,-0.7420,0.3948,1.5498
pos,410,4.7568,-0.7395,0.3935,1.5552
pos,411,4.7613,-0.7371,0.3924,1.5605
pos,412,4.7655,-0.7348,0.3915,1.5657
pos,413,4.7695,-0.7326,0.3908,1.5709
pos,414,4.7733,-0.7305,0.3902,1.5760
pos,415,4.7769,-0.7285,0.3897,1.5810
pos,416,4.7803,-0.7266,0.3894,1.5859
pos,417,4.7835,-0.7248,0.3891,1.5908
pos,418,4.7866,-0.7231,0.3890,1.5956
pos,419,4.7896,-0.7214,0.3890,1.6003
pos,420,4.7924,-0.7197,0.3891,1.6050
pos,421,4.7951,-0.7181,0.3893,1.6096
pos,422,4.7976,-0.7166,0.3896,1.6141
pos,423,4.8001,-0.7151,0.3900,1.6187
pos,424,4.8025,-0.7136,0.3905,1.6231
pos,425,4.8049,-0.7121,0.3912,1.6275
pos,426,4.8072,-0.7107,0.3919,1.6319
pos,427,4.8094,-0.7092,0.3928,1.6362
pos,428,4.8116,-0.7078,0.3938,1.6405
pos,429,4.8138,-0.7063,0.3950,1.6448
pos,430,4.8159,-0.7048,0.3963,1.6490
pos,431,4.8180,-0.7033,0.3977,1.6532
pos,432,4.8202,-0.7018,0.3994,1.6574
pos,433,4.8223,-0.7002,0.4012,1.6615
pos,434,4.8245,-0.6986,0.4032,1.6657
pos,435,4.8267,-0.6970,0.4055,1.6698
pos,436,4.8289,-0.6953,0.4080,1.6739
pos,437,4.8312,-0.6935,0.4108,1.6780
pos,438,4.8335,-0.6916,0.4138,1.6820
pos,439,4.8359,-0.6897,0.4172,1.6861
pos,440,4.8382,-0.6878,0.4203,1.6901
pos,441,4.8403,-0.6861,0.4232,1.6941
pos,442,4.8423,-0.6844,0.4259,1.6981
pos,443,4.8442,-0.6828,0.4285,1.7020
pos,444,4.8460,-0.6814,0.4309,1.7058
pos,445,4.8476,-0.6800,0.4332,1.7097
pos,446,4.8492,-0.6787,0.4353,1.7133
pos,447,4.8506,-0.6775,0.4374,1.7169
pos,448,4.8520,-0.6764,0.4394,1.7202
pos,449,4.8532,-0.6753,0.4411,1.7234
pos,450,4.8544,-0.6743,0.4426,1.7264
pos,451,4.8554,-0.6733,0.4437,1.7292
pos,452,4.8565,-0.6724,0.4446,1.7319
pos,453,4.8574,-0.6716,0.4453,1.7345
pos,454,4.8583,-0.6708,0.4458,1.7369
pos,455,4.8591,-0.6700,0.4460,1.7391
pos,456,4.8598,-0.6693,0.4461,1.7412
pos,457,4.8605,-0.6686,0.4459,1.7431
pos,458,4.8612,-0.6679,0.4456,1.7449
pos,459,4.8618,-0.6673,0.4453,1.7465
pos,460,4.8623,-0.6666,0.4450,1.7480
pos,461,4.8628,-0.6661,0.4448,1.7494
pos,462,4.8633,-0.6655,0.4446,1.7506
pos,463,4.8637,-0.6649,0.4444,1.7516
pos,464,4.8641,-0.6644,0.4443,1.7525
pos,465,4.8645,-0.6639,0.4441,1.7533
pos,466,4.8648,-0.6633,0.4441,1.7540
pos,467,4.8651,-0.6628,0.4440,1.7545
pos,468,4.8653,-0.6623,0.4439,1.7548
pos,469,4.8655,-0.6618,0.4439,1.7550
pos,470,4.8657,-0.6613,0.4439,1.7551
pos,471,4.8659,-0.6608,0.4439,1.7551
pos,472,4.8661,-0.6603,0.4439,1.7549
pos,473,4.8662,-0.6598,0.4439,1.7546
pos,474,4.8663,-0.6593,0.4439,1.7541
pos,475,4.8664,-0.6589,0.4439,1.7535
pos,476,4.8664,-0.6586,0.4438,1.7528
pos,477,4.8665,-0.6582,0.4438,1.7520
pos,478,4.8665,-0.6579,0.4437,1.7513
pos,479,4.8665,-0.6576,0.4437,1.7505
pos,480,4.8664,-0.6574,0.4436,1.7498
pos,481,4.8664,-0.6571,0.4435,1.7490
pos,482,4.8663,-0.6569,0.4434,1.7482
pos,483,4.8663,-0.6567,0.4432,1.7475
pos,484,4.8662,-0.6566,0.4431,1.7467
pos,485,4.8660,-0.6565,0.4429,1.7459
pos,486,4.8659,-0.6563,0.4427,1.7451
pos,487,4.8658,-0.6562,0.4426,1.7443
pos,488,4.8657,-0.6561,0.4425,1.7435
pos,489,4.8655,-0.6560,0.4423,1.7427
pos,490,4.8654,-0.6559,0.4422,1.7419
pos,491,4.8653,-0.6559,0.4421,1.7412
pos,492,4.8652,-0.6558,0.4421,1.7404
pos,493,4.8650,-0.6557,0.4420,1.7396
pos,494,4.8649,-0.6556,0.4420,1.7389
pos,495,4.8648,-0.6556,0.4419,1.7381
pos,496,4.8647,-0.6555,0.4420,1.7373
pos,497,4.8646,-0.6555,0.4420,1.7366
pos,498,4.8645,-0.6555,0.4421,1.7358
pos,499,4.8644,-0.6555,0.4423,1.7350
pos,500,4.8643,-0.6554,0.4424,1.7342
pos,501,4.8642,-0.6554,0.4426,1.7335
pos,502,4.8642,-0.6555,0.4429,1.7327
pos,503,4.8641,-0.6555,0.4432,1.7319
pos,504,4.8640,-0.6555,0.4435,1.7311
pos,505,4.8639,-0.6555,0.4439,1.7303
pos,506,4.8638,-0.6556,0.4444,1.7295
pos,507,4.8638,-0.6556,0.4448,1.7287
pos,508,4.8637,-0.6557,0.4453,1.7279
pos,509,4.8636,-0.6558,0.4457,1.7271
pos,510,4.8636,-0.6559,0.4462,1.7262
pos,511,4.8635,-0.6560,0.4466,1.7254
pos,512,4.8635,-0.6561,0.4471,1.7246
pos,513,4.8634,-0.6562,0.4475,1.7237
pos,514,4.8634,-0.6563,0.4480,1.7229
pos,515,4.8633,-0.6564,0.4484,1.7221
pos,516,4.8633,-0.6565,0.4488,1.7212
pos,517,4.8632,-0.6567,0.4493,1.7204
pos,518,4.8632,-0.6568,0.4497,1.7195
pos,519,4.8632,-0.6570,0.4501,1.7186
pos,520,4.8631,-0.6571,0.4505,1.7178
pos,521,4.8631,-0.6573,0.4509,1.7169
pos,522,4.8631,-0.6575,0.4514,1.7160
pos,523,4.8630,-0.6577,0.4518,1.7151
pos,524,4.8630,-0.6579,0.4523,1.7143
pos,525,4.8630,-0.6581,0.4528,1.7134
pos,526,4.8630,-0.6584,0.4533,1.7125
pos,527,4.8630,-0.6586,0.4539,1.7116
pos,528,4.8629,-0.6589,0.4545,1.7106
pos,529,4.8629,-0.6592,0.4551,1.7097
pos,530,4.8629,-0.6595,0.4558,1.7088
pos,531,4.8629,-0.6598,0.4565,1.7079
pos,532,4.8629,-0.6601,0.4574,1.7069
pos,533,4.8629,-0.6605,0.4582,1.7060
pos,534,4.8629,-0.6609,0.4592,1.7050
pos,535,4.8628,-0.6613,0.4602,1.7041
pos,536,4.8628,-0.6618,0.4614,1.7031
pos,537,4.8628,-0.6622,0.4625,1.7021
pos,538,4.8628,-0.6627,0.4635,1.7011
pos,539,4.8628,-0.6631,0.4644,1.7001
pos,540,4.8628,-0.6635,0.4653,1.6991
pos,541,4.8627,-0.6640,0.4661,1.6981
pos,542,4.8627,-0.6644,0.4669,1.6971
pos,543,4.8627,-0.6648,0.4676,1.6961
pos,544,4.8627,-0.6651,0.4682,1.6950
pos,545,4.8626,-0.6655,0.4688,1.6940
pos,546,4.8626,-0.6659,0.4693,1.6930
pos,547,4.8626,-0.6662,0.4698,1.6919
pos,548,4.8625,-0.6666,0.4702,1.6909
pos,549,4.8625,-0.6669,0.4706,1.6899
pos,550,4.8624,-0.6672,0.4709,1.6888
pos,551,4.8624,-0.6675,0.4711,1.6878
pos,552,4.8623,-0.6679,0.4714,1.6867
pos,553,4.8623,-0.6682,0.4718,1.6856
pos,554,4.8622,-0.6685,0.4721,1.6846
pos,555,4.8621,-0.6688,0.4723,1.6835
pos,556,4.8621,-0.6691,0.4726,1.6823
pos,557,4.8620,-0.6694,0.4728,1.6812
pos,558,4.8620,-0.6697,0.4731,1.6801
pos,559,4.8620,-0.6700,0.4733,1.6789
pos,560,4.8619,-0.6702,0.4736,1.6777
pos,561,4.8619,-0.6705,0.4738,1.6765
pos,562,4.8619,-0.6708,0.4740,1.6753
pos,563,4.8619,-0.6711,0.4742,1.6741
pos,564,4.8619,-0.6713,0.4744,1.6728
pos,565,4.8619,-0.6716,0.4747,1.6716
pos,566,4.8619,-0.6719,0.4749,1.6703
pos,567,4.8618,-0.6722,0.4751,1.6690
pos,568,4.8618,-0.6725,0.4754,1.6676
pos,569,4.8618,-0.6728,0.4756,1.6663
pos,570,4.8619,-0.6731,0.4759,1.6649
pos,571,4.8619,-0.6734,0.4762,1.6639
pos,572,4.8619,-0.6738,0.4765,1.6632
pos,573,4.8619,-0.6741,0.4768,1.6629
pos,574,4.8619,-0.6745,0.4769,1.6629
pos,575,4.8619,-0.6748,0.4768,1.6632
pos,576,4.8620,-0.6752,0.4765,1.6638
pos,577,4.8620,-0.6757,0.4759,1.6647
pos,578,4.8620,-0.6761,0.4751,1.6659
pos,579,4.8621,-0.6766,0.4741,1.6674
pos,580,4.8621,-0.6771,0.4729,1.6692
pos,581,4.8622,-0.6775,0.4716,1.6713
pos,582,4.8623,-0.6780,0.4702,1.6737
pos,583,4.8624,-0.6785,0.4687,1.6762
pos,584,4.8625,-0.6790,0.4672,1.6791
pos,585,4.8626,-0.6795,0.4657,1.6822
pos,586,4.8627,-0.6799,0.4642,1.6856
pos,587,4.8629,-0.6804,0.4627,1.6893
pos,588,4.8630,-0.6808,0.4612,1.6932
pos,589,4.8632,-0.6812,0.4597,1.6974
pos,590,4.8633,-0.6817,0.4581,1.7018
pos,591,4.8635,-0.6821,0.4564,1.7065
pos,592,4.8636,-0.6825,0.4546,1.7114
pos,593,4.8638,-0.6829,0.4528,1.7166
pos,594,4.8640,-0.6834,0.4509,1.7220
pos,595,4.8642,-0.6838,0.4488,1.7276
pos,596,4.8644,-0.6843,0.4466,1.7335
pos,597,4.8647,-0.6847,0.4443,1.7396
pos,598,4.8649,-0.6852,0.4417,1.7459
pos,599,4.8652,-0.6856,0.4394,1.7525
pos,600,4.8654,-0.6861,0.4374,1.7592
pos,601,4.8657,-0.6865,0.4356,1.7662
pos,602,4.8660,-0.6870,0.4341,1.7735
pos,603,4.8663,-0.6874,0.4328,1.7809
pos,604,4.8666,-0.6879,0.4318,1.7885
pos,605,4.8669,-0.6883,0.4310,1.7963
pos,606,4.8672,-0.6887,0.4305,1.8044
pos,607,4.8675,-0.6892,0.4303,1.8126
pos,608,4.8677,-0.6896,0.4302,1.8209
pos,609,4.8680,-0.6900,0.4304,1.8295
pos,610,4.8683,-0.6905,0.4309,1.8382
pos,611,4.8686,-0.6909,0.4315,1.8471
pos,612,4.8689,-0.6913,0.4323,1.8562
pos,613,4.8692,-0.6917,0.4333,1.8654
pos,614,4.8695,-0.6922,0.4344,1.8748
pos,615,4.8698,-0.6926,0.4357,1.8843
pos,616,4.8701,-0.6930,0.4371,1.8940
pos,617,4.8704,-0.6934,0.4387,1.9038
pos,618,4.8708,-0.6938,0.4405,1.9138
pos,619,4.8711,-0.6943,0.4424,1.9239
pos,620,4.8714,-0.6947,0.4446,1.9342
pos,621,4.8717,-0.6952,0.4470,1.9447
pos,622,4.8721,-0.6956,0.4497,1.9553
pos,623,4.8724,-0.6961,0.4527,1.9660
pos,624,4.8728,-0.6966,0.4561,1.9769
pos,625,4.8732,-0.6971,0.4598,1.9880
pos,626,4.8736,-0.6976,0.4639,1.9993
pos,627,4.8740,-0.6982,0.4679,2.0106
pos,628,4.8744,-0.6987,0.4717,2.0221
pos,629,4.8748,-0.6992,0.4754,2.0337
pos,630,4.8752,-0.6997,0.4789,2.0454
pos,631,4.8756,-0.7002,0.4823,2.0572
pos,632,4.8759,-0.7007,0.4856,2.0692
pos,633,4.8763,-0.7012,0.4888,2.0813
pos,634,4.8767,-0.7017,0.4919,2.0934
pos,635,4.8770,-0.7022,0.4948,2.1058
pos,636,4.8774,-0.7026,0.4977,2.1182
pos,637,4.8778,-0.7031,0.5003,2.1308
pos,638,4.8781,-0.7036,0.5029,2.1435
pos,639,4.8785,-0.7040,0.5054,2.1563
pos,640,4.8788,-0.7045,0.5077,2.1693
pos,641,4.8791,-0.7049,0.5099,2.1824
pos,642,4.8795,-0.7053,0.5120,2.1956
pos,643,4.8798,-0.7058,0.5140,2.2090
pos,644,4.8801,-0.7062,0.5159,2.2225
pos,645,4.8804,-0.7065,0.5177,2.2361
pos,646,4.8807,-0.7069,0.5194,2.2498
pos,647,4.8810,-0.7073,0.5210,2.2636
pos,648,4.8812,-0.7076,0.5225,2.2776
pos,649,4.8815,-0.7080,0.5240,2.2917
pos,650,4.8817,-0.7083,0.5254,2.3059
pos,651,4.8820,-0.7087,0.5269,2.3202
pos,652,4.8822,-0.7090,0.5283,2.3346
pos,653,4.8824,-0.7093,0.5297,2.3492
pos,654,4.8827,-0.7097,0.5311,2.3640
pos,655,4.8829,-0.7100,0.5326,2.3789
pos,656,4.8831,-0.7104,0.5342,2.3939
pos,657,4.8834,-0.7107,0.5358,2.4091
pos,658,4.8836,-0.7110,0.5374,2.4244
pos,659,4.8838,-0.7114,0.5390,2.4400
pos,660,4.8840,-0.7117,0.5404,2.4557
pos,661,4.8841,-0.7120,0.5417,2.4712
pos,662,4.8843,-0.7123,0.5429,2.4865
pos,663,4.8844,-0.7126,0.5439,2.5016
pos,664,4.8846,-0.7129,0.5447,2.5166
pos,665,4.8847,-0.7132,0.5454,2.5313
pos,666,4.8848,-0.7135,0.5459,2.5456
pos,667,4.8849,-0.7138,0.5462,2.5597
pos,668,4.8850,-0.7140,0.5463,2.5734
pos,669,4.8850,-0.7143,0.5465,2.5869
pos,670,4.8851,-0.7145,0.5467,2.6000
pos,671,4.8852,-0.7148,0.5470,2.6129
pos,672,4.8852,-0.7150,0.5474,2.6255
pos,673,4.8852,-0.7152,0.5478,2.6379
pos,674,4.8853,-0.7155,0.5483,2.6500
pos,675,4.8853,-0.7157,0.5488,2.6620
pos,676,4.8853,-0.7160,0.5495,2.6736
pos,677,4.8853,-0.7162,0.5501,2.6851
pos,678,4.8853,-0.7165,0.5509,2.6964
pos,679,4.8853,-0.7167,0.5517,2.7074
pos,680,4.8853,-0.7170,0.5526,2.7183
pos,681,4.8852,-0.7173,0.5536,2.7290
pos,682,4.8852,-0.7175,0.5546,2.7396
pos,683,4.8852,-0.7178,0.5558,2.7499
pos,684,4.8851,-0.7181,0.5571,2.7602
pos,685,4.8850,-0.7184,0.5584,2.7702
pos,686,4.8850,-0.7188,0.5599,2.7802
pos,687,4.8849,-0.7191,0.5616,2.7900
pos,688,4.8848,-0.7195,0.5634,2.7997
pos,689,4.8847,-0.7199,0.5653,2.8093
pos,690,4.8845,-0.7203,0.5675,2.8187
pos,691,4.8844,-0.7207,0.5698,2.8281
pos,692,4.8843,-0.7211,0.5724,2.8374
pos,693,4.8841,-0.7216,0.5752,2.8466
pos,694,4.8840,-0.7221,0.5780,2.8557
pos,695,4.8838,-0.7225,0.5809,2.8647
pos,696,4.8837,-0.7230,0.5839,2.8737
pos,697,4.8836,-0.7235,0.5869,2.8826
pos,698,4.8835,-0.7239,0.5900,2.8913
pos,699,4.8834,-0.7243,0.5933,2.8999
pos,700,4.8834,-0.7248,0.5967,2.9083
pos,701,4.8834,-0.7251,0.6003,2.9165
pos,702,4.8834,-0.7255,0.6040,2.9246
pos,703,4.8834,-0.7259,0.6079,2.9326
pos,704,4.8834,-0.7263,0.6119,2.9404
pos,705,4.8834,-0.7267,0.6160,2.9480
pos,706,4.8835,-0.7270,0.6203,2.9554
pos,707,4.8835,-0.7274,0.6246,2.9627
pos,708,4.8836,-0.7278,0.6291,2.9699
pos,709,4.8837,-0.7281,0.6338,2.9769
pos,710,4.8839,-0.7285,0.6386,2.9838
pos,711,4.8840,-0.7288,0.6435,2.9905
pos,712,4.8842,-0.7292,0.6486,2.9971
pos,713,4.8844,-0.7296,0.6539,3.0035
pos,714,4.8846,-0.7299,0.6594,3.0098
pos,715,4.8848,-0.7303,0.6649,3.0160
pos,716,4.8851,-0.7306,0.6705,3.0221
pos,717,4.8854,-0.7310,0.6762,3.0279
pos,718,4.8857,-0.7313,0.6819,3.0337
pos,719,4.8860,-0.7317,0.6877,3.0393
pos,720,4.8864,-0.7320,0.6935,3.0448
pos,721,4.8868,-0.7323,0.6994,3.0502
pos,722,4.8873,-0.7327,0.7054,3.0554
pos,723,4.8878,-0.7330,0.7115,3.0605
pos,724,4.8884,-0.7333,0.7176,3.0655
pos,725,4.8890,-0.7336,0.7235,3.0703
pos,726,4.8896,-0.7339,0.7294,3.0750
pos,727,4.8903,-0.7342,0.7350,3.0796
pos,728,4.8911,-0.7345,0.7404,3.0840
pos,729,4.8920,-0.7348,0.7457,3.0884
pos,730,4.8929,-0.7351,0.7509,3.0926
pos,731,4.8939,-0.7354,0.7561,3.0967
pos,732,4.8949,-0.7357,0.7613,3.1007
pos,733,4.8961,-0.7360,0.7666,3.1046
pos,734,4.8973,-0.7363,0.7720,3.1083
pos,735,4.8986,-0.7365,0.7776,3.1120
pos,736,4.8998,-0.7368,0.7835,3.1156
pos,737,4.9007,-0.7371,0.7897,3.1191
pos,738,4.9015,-0.7374,0.7959,3.1225
pos,739,4.9022,-0.7377,0.8017,3.1258
pos,740,4.9027,-0.7379,0.8070,3.1290
pos,741,4.9031,-0.7382,0.8120,3.1321
pos,742,4.9033,-0.7384,0.8166,3.1352
pos,743,4.9034,-0.7386,0.8209,3.1381
pos,744,4.9034,-0.7388,0.8249,3.1411
pos,745,4.9032,-0.7391,0.8288,3.1439
pos,746,4.9030,-0.7393,0.8325,3.1466
pos,747,4.9027,-0.7395,0.8361,3.1493
pos,748,4.9022,-0.7397,0.8396,3.1520
pos,749,4.9016,-0.7400,0.8431,3.1545
pos,750,4.9010,-0.7402,0.8465,3.1570
pos,751,4.9002,-0.7405,0.8500,3.1594
pos,752,4.8994,-0.7407,0.8535,3.1618
pos,753,4.8984,-0.7410,0.8572,3.1642
pos,754,4.8974,-0.7413,0.8609,3.1664
pos,755,4.8962,-0.7416,0.8649,3.1686
pos,756,4.8950,-0.7420,0.8691,3.1708
pos,757,4.8937,-0.7423,0.8735,3.1729
pos,758,4.8922,-0.7427,0.8783,3.1750
pos,759,4.8907,-0.7431,0.8834,3.1770
pos,760,4.8890,-0.7435,0.8890,3.1790
pos,761,4.8872,-0.7440,0.8950,3.1809
pos,762,4.8853,-0.7445,0.9015,3.1828
pos,763,4.8833,-0.7450,0.9087,3.1847
pos,764,4.8812,-0.7456,0.9165,3.1865
pos,765,4.8789,-0.7462,0.9251,3.1883
pos,766,4.8765,-0.7468,0.9345,3.1900
pos,767,4.8739,-0.7475,0.9449,3.1918
pos,768,4.8712,-0.7482,0.9546,3.1934
pos,769,4.8684,-0.7490,0.9636,3.1950
pos,770,4.8654,-0.7497,0.9721,3.1966
pos,771,4.8623,-0.7504,0.9801,3.1981
pos,772,4.8591,-0.7512,0.9875,3.1995
pos,773,4.8558,-0.7520,0.9944,3.2009
pos,774,4.8523,-0.7528,1.0009,3.2023
pos,775,4.8488,-0.7536,1.0070,3.2036
pos,776,4.8451,-0.7544,1.0127,3.2048
pos,777,4.8413,-0.7552,1.0179,3.2061
pos,778,4.8373,-0.7560,1.0228,3.2073
pos,779,4.8333,-0.7569,1.0273,3.2084
pos,780,4.8292,-0.7577,1.0316,3.2095
pos,781,4.8249,-0.7586,1.0355,3.2105
pos,782,4.8205,-0.7594,1.0391,3.2116
pos,783,4.8160,-0.7603,1.0425,3.2125
pos,784,4.8114,-0.7612,1.0457,3.2135
pos,785,4.8067,-0.7621,1.0486,3.2144
pos,786,4.8019,-0.7630,1.0513,3.2152
pos,787,4.7969,-0.7639,1.0538,3.2160
pos,788,4.7919,-0.7648,1.0562,3.2168
pos,789,4.7867,-0.7657,1.0584,3.2176
pos,790,4.7815,-0.7666,1.0604,3.2183
pos,791,4.7761,-0.7675,1.0622,3.2190
pos,792,4.7706,-0.7684,1.0640,3.2196
pos,793,4.7649,-0.7694,1.0656,3.2202
pos,794,4.7591,-0.7703,1.0671,3.2208
pos,795,4.7530,-0.7712,1.0686,3.2213
pos,796,4.7467,-0.7722,1.0699,3.2218
pos,797,4.7401,-0.7732,1.0713,3.2223
pos,798,4.7333,-0.7742,1.0726,3.2227
pos,799,4.7262,-0.7753,1.0739,3.2231
pos,800,4.7187,-0.7764,1.0751,3.2234
pos,801,4.7109,-0.7775,1.0764,3.2238
pos,802,4.7026,-0.7787,1.0777,3.2241
pos,803,4.6940,-0.7799,1.0790,3.2243
pos,804,4.6848,-0.7812,1.0804,3.2246
pos,805,4.6752,-0.7825,1.0818,3.2248
pos,806,4.6650,-0.7839,1.0833,3.2249
pos,807,4.6542,-0.7854,1.0849,3.2251
pos,808,4.6427,-0.7869,1.0865,3.2252
pos,809,4.6311,-0.7885,1.0882,3.2253
pos,810,4.6193,-0.7900,1.0897,3.2253
pos,811,4.6074,-0.7915,1.0913,3.2254
pos,812,4.5953,-0.7931,1.0927,3.2254
pos,813,4.5833,-0.7946,1.0942,3.2253
pos,814,4.5714,-0.7960,1.0955,3.2253
pos,815,4.5594,-0.7975,1.0969,3.2252
pos,816,4.5476,-0.7989,1.0982,3.2250
pos,817,4.5357,-0.8003,1.0995,3.2248
pos,818,4.5238,-0.8017,1.1007,3.2246
pos,819,4.5119,-0.8031,1.1020,3.2248
pos,820,4.4997,-0.8045,1.1033,3.2252
pos,821,4.4873,-0.8060,1.1046,3.2260
pos,822,4.4747,-0.8074,1.1059,3.2271
pos,823,4.4617,-0.8089,1.1073,3.2285
pos,824,4.4484,-0.8104,1.1088,3.2302
pos,825,4.4346,-0.8119,1.1103,3.2322
pos,826,4.4202,-0.8136,1.1119,3.2345
pos,827,4.4053,-0.8152,1.1137,3.2371
pos,828,4.3901,-0.8170,1.1155,3.2400
pos,829,4.3750,-0.8187,1.1172,3.2432
pos,830,4.3600,-0.8203,1.1189,3.2466
pos,831,4.3451,-0.8220,1.1206,3.2503
pos,832,4.3304,-0.8237,1.1223,3.2543
pos,833,4.3157,-0.8253,1.1239,3.2586
pos,834,4.3011,-0.8269,1.1255,3.2631
pos,835,4.2867,-0.8285,1.1270,3.2679
pos,836,4.2724,-0.8301,1.1286,3.2730
pos,837,4.2582,-0.8317,1.1301,3.2783
pos,838,4.2441,-0.8332,1.1316,3.2838
pos,839,4.2302,-0.8348,1.1332,3.2896
pos,840,4.2164,-0.8363,1.1347,3.2956
pos,841,4.2028,-0.8378,1.1361,3.3019
pos,842,4.1893,-0.8393,1.1376,3.3083
pos,843,4.1759,-0.8408,1.1391,3.3150
pos,844,4.1626,-0.8423,1.1406,3.3220
pos,845,4.1494,-0.8438,1.1421,3.3291
pos,846,4.1364,-0.8452,1.1437,3.3365
pos,847,4.1236,-0.8466,1.1452,3.3441
pos,848,4.1110,-0.8481,1.1467,3.3519
pos,849,4.0985,-0.8495,1.1482,3.3599
pos,850,4.0863,-0.8508,1.1497,3.3681
pos,851,4.0743,-0.8522,1.1513,3.3765
pos,852,4.0625,-0.8536,1.1528,3.3851
pos,853,4.0509,-0.8549,1.1543,3.3939
pos,854,4.0395,-0.8562,1.1558,3.4029
pos,855,4.0284,-0.8574,1.1572,3.4120
pos,856,4.0175,-0.8587,1.1587,3.4214
pos,857,4.0068,-0.8599,1.1602,3.4305
pos,858,3.9964,-0.8611,1.1616,3.4395
pos,859,3.9864,-0.8622,1.1630,3.4482
pos,860,3.9767,-0.8633,1.1644,3.4568
pos,861,3.9674,-0.8644,1.1657,3.4652
pos,862,3.9586,-0.8654,1.1670,3.4734
pos,863,3.9498,-0.8664,1.1683,3.4814
pos,864,3.9413,-0.8674,1.1694,3.4892
pos,865,3.9329,-0.8685,1.1705,3.4969
pos,866,3.9245,-0.8696,1.1716,3.5044
pos,867,3.9163,-0.8708,1.1726,3.5117
pos,868,3.9081,-0.8720,1.1735,3.5189
pos,869,3.8998,-0.8733,1.1745,3.5259
pos,870,3.8916,-0.8746,1.1754,3.5328
pos,871,3.8833,-0.8760,1.1763,3.5396
pos,872,3.8748,-0.8774,1.1773,3.5462
pos,873,3.8663,-0.8789,1.1783,3.5527
pos,874,3.8576,-0.8805,1.1792,3.5591
pos,875,3.8487,-0.8822,1.1803,3.5654
pos,876,3.8395,-0.8840,1.1813,3.5716
pos,877,3.8301,-0.8860,1.1825,3.5776
pos,878,3.8204,-0.8880,1.1837,3.5836
pos,879,3.8103,-0.8901,1.1849,3.5895
pos,880,3.7998,-0.8924,1.1863,3.5953
pos,881,3.7889,-0.8948,1.1878,3.6010
pos,882,3.7775,-0.8974,1.1894,3.6066
pos,883,3.7656,-0.9001,1.1912,3.6122
pos,884,3.7531,-0.9030,1.1931,3.6177
pos,885,3.7400,-0.9061,1.1952,3.6232
pos,886,3.7262,-0.9094,1.1975,3.6286
pos,887,3.7116,-0.9129,1.2000,3.6339
pos,888,3.6962,-0.9166,1.2027,3.6392
pos,889,3.6800,-0.9206,1.2057,3.6445
pos,890,3.6628,-0.9249,1.2091,3.6497
pos,891,3.6461,-0.9291,1.2121,3.6549
pos,892,3.6299,-0.9334,1.2149,3.6600
pos,893,3.6140,-0.9376,1.2175,3.6649
pos,894,3.5985,-0.9419,1.2198,3.6698
pos,895,3.5833,-0.9463,1.2220,3.6747
pos,896,3.5682,-0.9507,1.2240,3.6794
pos,897,3.5533,-0.9553,1.2258,3.6841
pos,898,3.5384,-0.9599,1.2275,3.6887
pos,899,3.5236,-0.9647,1.2291,3.6933
pos,900,3.5087,-0.9696,1.2306,3.6978
pos,901,3.4937,-0.9747,1.2320,3.7023
pos,902,3.4784,-0.9800,1.2333,3.7067
pos,903,3.4630,-0.9856,1.2346,3.7110
pos,904,3.4477,-0.9911,1.2357,3.7153
pos,905,3.4326,-0.9968,1.2366,3.7195
pos,906,3.4176,-1.0026,1.2374,3.7237
pos,907,3.4027,-1.0085,1.2380,3.7278
pos,908,3.3879,-1.0144,1.2384,3.7318
pos,909,3.3732,-1.0205,1.2387,3.7358
pos,910,3.3586,-1.0267,1.2389,3.7397
pos,911,3.3440,-1.0330,1.2389,3.7436
pos,912,3.3295,-1.0394,1.2389,3.7474
pos,913,3.3151,-1.0459,1.2387,3.7512
pos,914,3.3007,-1.0525,1.2384,3.7549
pos,915,3.2864,-1.0592,1.2380,3.7585
pos,916,3.2723,-1.0659,1.2375,3.7621
pos,917,3.2583,-1.0726,1.2369,3.7657
pos,918,3.2445,-1.0793,1.2362,3.7692
pos,919,3.2307,-1.0860,1.2355,3.7727
pos,920,3.2170,-1.0928,1.2345,3.7761
pos,921,3.2031,-1.0998,1.2335,3.7796
pos,922,3.1890,-1.1069,1.2323,3.7829
pos,923,3.1748,-1.1142,1.2310,3.7863
pos,924,3.1603,-1.1216,1.2295,3.7896
pos,925,3.1454,-1.1294,1.2279,3.7925
pos,926,3.1301,-1.1374,1.2260,3.7950
pos,927,3.1143,-1.1457,1.2240,3.7972
pos,928,3.0987,-1.1540,1.2219,3.7990
pos,929,3.0833,-1.1621,1.2198,3.8004
pos,930,3.0682,-1.1702,1.2177,3.8014
pos,931,3.0533,-1.1783,1.2155,3.8021
pos,932,3.0387,-1.1862,1.2134,3.8025
pos,933,3.0244,-1.1940,1.2113,3.8025
pos,934,3.0102,-1.2017,1.2091,3.8022
pos,935,2.9963,-1.2093,1.2070,3.8016
pos,936,2.9826,-1.2168,1.2049,3.8006
pos,937,2.9692,-1.2242,1.2027,3.7994
pos,938,2.9560,-1.2315,1.2005,3.7978
pos,939,2.9429,-1.2388,1.1984,3.7959
pos,940,2.9301,-1.2459,1.1962,3.7938
pos,941,2.9175,-1.2529,1.1940,3.7913
pos,942,2.9051,-1.2599,1.1918,3.7886
pos,943,2.8929,-1.2667,1.1896,3.7856
pos,944,2.8810,-1.2734,1.1875,3.7823
pos,945,2.8693,-1.2801,1.1853,3.7788
pos,946,2.8578,-1.2866,1.1832,3.7749
pos,947,2.8465,-1.2929,1.1811,3.7709
pos,948,2.8355,-1.2992,1.1790,3.7665
pos,949,2.8246,-1.3054,1.1770,3.7619
pos,950,2.8138,-1.3116,1.1749,3.7571
pos,951,2.8031,-1.3177,1.1728,3.7520
pos,952,2.7924,-1.3239,1.1706,3.7466
pos,953,2.7816,-1.3301,1.1684,3.7410
pos,954,2.7708,-1.3364,1.1660,3.7352
pos,955,2.7597,-1.3428,1.1635,3.7292
pos,956,2.7485,-1.3493,1.1609,3.7228
pos,957,2.7371,-1.3560,1.1581,3.7163
pos,958,2.7253,-1.3628,1.1551,3.7095
pos,959,2.7132,-1.3699,1.1518,3.7025
pos,960,2.7007,-1.3772,1.1483,3.6953
pos,961,2.6885,-1.3844,1.1449,3.6878
pos,962,2.6766,-1.3914,1.1416,3.6802
pos,963,2.6649,-1.3982,1.1384,3.6724
pos,964,2.6536,-1.4049,1.1353,3.6644
pos,965,2.6427,-1.4114,1.1323,3.6562
pos,966,2.6320,-1.4177,1.1295,3.6479
pos,967,2.6215,-1.4238,1.1267,3.6394
pos,968,2.6113,-1.4299,1.1240,3.6307
pos,969,2.6012,-1.4359,1.1213,3.6218
pos,970,2.5912,-1.4418,1.1186,3.6128
pos,971,2.5812,-1.4477,1.1159,3.6036
pos,972,2.5713,-1.4536,1.1131,3.5943
pos,973,2.5613,-1.4595,1.1102,3.5847
pos,974,2.5513,-1.4655,1.1072,3.5750
pos,975,2.5411,-1.4716,1.1041,3.5651
pos,976,2.5308,-1.4778,1.1007,3.5554
pos,977,2.5200,-1.4843,1.0972,3.5459
pos,978,2.5093,-1.4906,1.0938,3.5366
pos,979,2.4987,-1.4969,1.0906,3.5275
pos,980,2.4883,-1.5031,1.0875,3.5186
pos,981,2.4780,-1.5091,1.0845,3.5099
pos,982,2.4678,-1.5151,1.0817,3.5014
pos,983,2.4578,-1.5209,1.0790,3.4931
pos,984,2.4479,-1.5266,1.0764,3.4849
pos,985,2.4382,-1.5321,1.0740,3.4769
pos,986,2.4286,-1.5375,1.0717,3.4691
pos,987,2.4191,-1.5428,1.0695,3.4614
pos,988,2.4098,-1.5480,1.0674,3.4538
pos,989,2.4005,-1.5532,1.0654,3.4464
pos,990,2.3912,-1.5582,1.0635,3.4391
pos,991,2.3818,-1.5632,1.0616,3.4319
pos,992,2.3724,-1.5682,1.0597,3.4249
pos,993,2.3629,-1.5732,1.0579,3.4179
pos,994,2.3533,-1.5782,1.0560,3.4111
pos,995,2.3434,-1.5833,1.0541,3.4043
pos,996,2.3334,-1.5884,1.0521,3.3977
pos,997,2.3230,-1.5936,1.0500,3.3911
pos,998,2.3124,-1.5988,1.0479,3.3847
pos,999,2.3014,-1.6043,1.0456,3.3783
pos,1000,2.2904,-1.6096,1.0434,3.3720
pos,1001,2.2794,-1.6148,1.0414,3.3658
pos,1002,2.2686,-1.6198,1.0394,3.3598
pos,1003,2.2578,-1.6248,1.0375,3.3538
pos,1004,2.2471,-1.6295,1.0357,3.3480
pos,1005,2.2364,-1.6342,1.0340,3.3424
pos,1006,2.2258,-1.6387,1.0324,3.3368
pos,1007,2.2153,-1.6431,1.0309,3.3314
pos,1008,2.2048,-1.6474,1.0294,3.3260
pos,1009,2.1942,-1.6515,1.0280,3.3208
pos,1010,2.1837,-1.6556,1.0266,3.3157
pos,1011,2.1732,-1.6595,1.0252,3.3107
pos,1012,2.1628,-1.6634,1.0239,3.3058
pos,1013,2.1524,-1.6671,1.0228,3.3010
pos,1014,2.1420,-1.6707,1.0220,3.2963
pos,1015,2.1317,-1.6742,1.0214,3.2918
pos,1016,2.1214,-1.6776,1.0210,3.2873
pos,1017,2.1112,-1.6808,1.0208,3.2829
pos,1018,2.1010,-1.6840,1.0208,3.2787
pos,1019,2.0907,-1.6871,1.0209,3.2745
pos,1020,2.0804,-1.6901,1.0213,3.2704
pos,1021,2.0701,-1.6931,1.0218,3.2664
pos,1022,2.0598,-1.6959,1.0224,3.2625
pos,1023,2.0496,-1.6986,1.0233,3.2587
pos,1024,2.0395,-1.7013,1.0243,3.2550
pos,1025,2.0294,-1.7038,1.0255,3.2514
pos,1026,2.0195,-1.7063,1.0268,3.2479
pos,1027,2.0096,-1.7086,1.0282,3.2444
pos,1028,1.9997,-1.7109,1.0298,3.2410
pos,1029,1.9898,-1.7131,1.0314,3.2377
pos,1030,1.9800,-1.7152,1.0328,3.2345
pos,1031,1.9700,-1.7173,1.0343,3.2314
pos,1032,1.9599,-1.7194,1.0356,3.2283
pos,1033,1.9496,-1.7214,1.0370,3.2253
pos,1034,1.9391,-1.7234,1.0384,3.2224
pos,1035,1.9283,-1.7253,1.0398,3.2195
pos,1036,1.9173,-1.7273,1.0412,3.2167
pos,1037,1.9059,-1.7293,1.0427,3.2139
pos,1038,1.8941,-1.7313,1.0442,3.2112
pos,1039,1.8818,-1.7333,1.0458,3.2086
pos,1040,1.8690,-1.7353,1.0475,3.2060
pos,1041,1.8557,-1.7374,1.0494,3.2034
pos,1042,1.8417,-1.7395,1.0513,3.2010
pos,1043,1.8279,-1.7415,1.0532,3.1985
pos,1044,1.8143,-1.7435,1.0551,3.1961
pos,1045,1.8007,-1.7454,1.0570,3.1938
pos,1046,1.7871,-1.7472,1.0590,3.1915
pos,1047,1.7734,-1.7490,1.0609,3.1893
pos,1048,1.7596,-1.7507,1.0630,3.1871
pos,1049,1.7456,-1.7523,1.0651,3.1849
pos,1050,1.7314,-1.7540,1.0673,3.1828
pos,1051,1.7168,-1.7556,1.0697,3.1807
pos,1052,1.7019,-1.7572,1.0722,3.1787
pos,1053,1.6866,-1.7588,1.0749,3.1767
pos,1054,1.6708,-1.7604,1.0778,3.1748
pos,1055,1.6543,-1.7620,1.0810,3.1728
pos,1056,1.6380,-1.7635,1.0841,3.1710
pos,1057,1.6219,-1.7650,1.0871,3.1691
pos,1058,1.6058,-1.7664,1.0900,3.1674
pos,1059,1.5897,-1.7677,1.0929,3.1656
pos,1060,1.5737,-1.7690,1.0958,3.1640
pos,1061,1.5575,-1.7702,1.0987,3.1624
pos,1062,1.5414,-1.7714,1.1015,3.1608
pos,1063,1.5254,-1.7725,1.1043,3.1593
pos,1064,1.5095,-1.7736,1.1070,3.1578
pos,1065,1.4936,-1.7746,1.1096,3.1563
pos,1066,1.4778,-1.7755,1.1121,3.1549
pos,1067,1.4619,-1.7764,1.1146,3.1535
pos,1068,1.4459,-1.7773,1.1171,3.1521
pos,1069,1.4298,-1.7781,1.1196,3.1508
pos,1070,1.4135,-1.7789,1.1221,3.1495
pos,1071,1.3968,-1.7796,1.1247,3.1482
pos,1072,1.3797,-1.7803,1.1274,3.1470
pos,1073,1.3622,-1.7810,1.1302,3.1458
pos,1074,1.3442,-1.7817,1.1332,3.1446
pos,1075,1.3255,-1.7824,1.1363,3.1434
pos,1076,1.3062,-1.7830,1.1397,3.1422
pos,1077,1.2861,-1.7836,1.1432,3.1411
pos,1078,1.2660,-1.7842,1.1467,3.1400
pos,1079,1.2461,-1.7848,1.1501,3.1390
pos,1080,1.2264,-1.7853,1.1534,3.1380
pos,1081,1.2067,-1.7858,1.1566,3.1370
pos,1082,1.1872,-1.7862,1.1598,3.1361
pos,1083,1.1677,-1.7866,1.1628,3.1352
pos,1084,1.1484,-1.7870,1.1658,3.1343
pos,1085,1.1291,-1.7873,1.1687,3.1335
pos,1086,1.1099,-1.7877,1.1716,3.1327
pos,1087,1.0907,-1.7879,1.1744,3.1320
pos,1088,1.0716,-1.7882,1.1772,3.1312
pos,1089,1.0526,-1.7884,1.1798,3.1305
pos,1090,1.0338,-1.7886,1.1824,3.1298
pos,1091,1.0150,-1.7888,1.1849,3.1291
pos,1092,0.9964,-1.7889,1.1873,3.1285
pos,1093,0.9779,-1.7890,1.1896,3.1278
pos,1094,0.9596,-1.7891,1.1919,3.1272
pos,1095,0.9413,-1.7891,1.1941,3.1265
pos,1096,0.9232,-1.7891,1.1962,3.1259
pos,1097,0.9051,-1.7891,1.1983,3.1254
pos,1098,0.8871,-1.7891,1.2003,3.1248
pos,1099,0.8690,-1.7890,1.2024,3.1243
pos,1100,0.8507,-1.7889,1.2045,3.1237
pos,1101,0.8321,-1.7888,1.2066,3.1232
pos,1102,0.8132,-1.7886,1.2089,3.1228
pos,1103,0.7939,-1.7885,1.2112,3.1223
pos,1104,0.7741,-1.7883,1.2136,3.1219
pos,1105,0.7537,-1.7880,1.2161,3.1215
pos,1106,0.7326,-1.7878,1.2189,3.1211
pos,1107,0.7108,-1.7875,1.2218,3.1207
pos,1108,0.6892,-1.7872,1.2246,3.1203
pos,1109,0.6678,-1.7868,1.2274,3.1200
pos,1110,0.6466,-1.7865,1.2302,3.1197
pos,1111,0.6254,-1.7861,1.2331,3.1194
pos,1112,0.6042,-1.7857,1.2359,3.1191
pos,1113,0.5829,-1.7853,1.2386,3.1188
pos,1114,0.5614,-1.7848,1.2411,3.1186
pos,1115,0.5396,-1.7843,1.2434,3.1183
pos,1116,0.5174,-1.7838,1.2457,3.1181
pos,1117,0.4947,-1.7832,1.2479,3.1180
pos,1118,0.4714,-1.7826,1.2501,3.1178
pos,1119,0.4473,-1.7820,1.2523,3.1176
pos,1120,0.4225,-1.7813,1.2544,3.1175
pos,1121,0.3967,-1.7806,1.2566,3.1174
pos,1122,0.3699,-1.7798,1.2589,3.1173
pos,1123,0.3419,-1.7790,1.2613,3.1172
pos,1124,0.3142,-1.7782,1.2634,3.1171
pos,1125,0.2867,-1.7773,1.2653,3.1171
pos,1126,0.2594,-1.7765,1.2670,3.1170
pos,1127,0.2323,-1.7756,1.2685,3.1169
pos,1128,0.2054,-1.7747,1.2697,3.1168
pos,1129,0.1787,-1.7737,1.2708,3.1168
pos,1130,0.1523,-1.7728,1.2716,3.1167
pos,1131,0.1260,-1.7718,1.2724,3.1167
pos,1132,0.1000,-1.7708,1.2732,3.1167
pos,1133,0.0742,-1.7698,1.2741,3.1167
pos,1134,0.0486,-1.7688,1.2749,3.1167
pos,1135,0.0232,-1.7678,1.2758,3.1168
pos,1136,-0.0019,-1.7667,1.2766,3.1168
pos,1137,-0.0268,-1.7656,1.2774,3.1169
pos,1138,-0.0515,-1.7646,1.2783,3.1170
pos,1139,-0.0760,-1.7635,1.2791,3.1170
pos,1140,-0.1003,-1.7624,1.2798,3.1170
pos,1141,-0.1241,-1.7613,1.2806,3.1171
pos,1142,-0.1473,-1.7602,1.2813,3.1172
pos,1143,-0.1701,-1.7591,1.2820,3.1172
pos,1144,-0.1924,-1.7580,1.2826,3.1173
pos,1145,-0.2145,-1.7569,1.2832,3.1174
pos,1146,-0.2364,-1.7558,1.2837,3.1174
pos,1147,-0.2582,-1.7546,1.2843,3.1175
pos,1148,-0.2801,-1.7535,1.2847,3.1176
pos,1149,-0.3020,-1.7523,1.2852,3.1177
pos,1150,-0.3241,-1.7511,1.2856,3.1178
pos,1151,-0.3464,-1.7498,1.2860,3.1179
pos,1152,-0.3691,-1.7486,1.2864,3.1180
pos,1153,-0.3923,-1.7472,1.2868,3.1181
pos,1154,-0.4161,-1.7458,1.2872,3.1182
pos,1155,-0.4405,-1.7444,1.2876,3.1183
pos,1156,-0.4658,-1.7428,1.2879,3.1184
pos,1157,-0.4920,-1.7412,1.2883,3.1185
pos,1158,-0.5192,-1.7396,1.2887,3.1186
pos,1159,-0.5476,-1.7378,1.2890,3.1187
pos,1160,-0.5773,-1.7359,1.2894,3.1188
pos,1161,-0.6085,-1.7340,1.2898,3.1189
pos,1162,-0.6412,-1.7319,1.2902,3.1190
pos,1163,-0.6756,-1.7297,1.2906,3.1190
pos,1164,-0.7094,-1.7275,1.2910,3.1191
pos,1165,-0.7427,-1.7254,1.2915,3.1193
pos,1166,-0.7757,-1.7233,1.2919,3.1194
pos,1167,-0.8079,-1.7212,1.2924,3.1195
pos,1168,-0.8396,-1.7191,1.2929,3.1196
pos,1169,-0.8706,-1.7171,1.2934,3.1197
pos,1170,-0.9010,-1.7151,1.2940,3.1198
pos,1171,-0.9307,-1.7132,1.2946,3.1199
pos,1172,-0.9600,-1.7113,1.2952,3.1200
pos,1173,-0.9888,-1.7094,1.2958,3.1202
pos,1174,-1.0166,-1.7076,1.2965,3.1203
pos,1175,-1.0436,-1.7058,1.2972,3.1204
pos,1176,-1.0698,-1.7040,1.2979,3.1205
pos,1177,-1.0955,-1.7023,1.2986,3.1206
pos,1178,-1.1207,-1.7006,1.2995,3.1207
pos,1179,-1.1456,-1.6989,1.3003,3.1208
pos,1180,-1.1703,-1.6972,1.3012,3.1209
pos,1181,-1.1948,-1.6955,1.3022,3.1210
pos,1182,-1.2194,-1.6938,1.3033,3.1212
pos,1183,-1.2440,-1.6920,1.3045,3.1213
pos,1184,-1.2689,-1.6903,1.3057,3.1214
pos,1185,-1.2942,-1.6885,1.3071,3.1214
pos,1186,-1.3199,-1.6866,1.3086,3.1215
pos,1187,-1.3463,-1.6847,1.3102,3.1216
pos,1188,-1.3725,-1.6828,1.3120,3.1217
pos,1189,-1.3977,-1.6810,1.3136,3.1218
pos,1190,-1.4220,-1.6792,1.3152,3.1219
pos,1191,-1.4454,-1.6774,1.3168,3.1220
pos,1192,-1.4682,-1.6758,1.3184,3.1220
pos,1193,-1.4903,-1.6741,1.3199,3.1221
pos,1194,-1.5119,-1.6725,1.3215,3.1222
pos,1195,-1.5329,-1.6709,1.3231,3.1222
pos,1196,-1.5536,-1.6693,1.3247,3.1223
pos,1197,-1.5739,-1.6678,1.3264,3.1223
pos,1198,-1.5941,-1.6662,1.3281,3.1224
pos,1199,-1.6141,-1.6647,1.3299,3.1224
pos,1200,-1.6341,-1.6631,1.3319,3.1224
pos,1201,-1.6542,-1.6615,1.3340,3.1224
pos,1202,-1.6744,-1.6600,1.3362,3.1224
pos,1203,-1.6949,-1.6583,1.3385,3.1224
pos,1204,-1.7158,-1.6567,1.3411,3.1224
pos,1205,-1.7371,-1.6550,1.3439,3.1224
pos,1206,-1.7576,-1.6534,1.3466,3.1224
pos,1207,-1.7773,-1.6518,1.3492,3.1224
pos,1208,-1.7962,-1.6502,1.3517,3.1223
pos,1209,-1.8145,-1.6487,1.3542,3.1223
pos,1210,-1.8320,-1.6472,1.3566,3.1223
pos,1211,-1.8490,-1.6457,1.3590,3.1223
pos,1212,-1.8651,-1.6443,1.3613,3.1223
pos,1213,-1.8806,-1.6429,1.3635,3.1222
pos,1214,-1.8955,-1.6416,1.3656,3.1222
pos,1215,-1.9096,-1.6403,1.3677,3.1222
pos,1216,-1.9231,-1.6390,1.3697,3.1222
pos,1217,-1.9359,-1.6378,1.3715,3.1222
pos,1218,-1.9481,-1.6366,1.3734,3.1222
pos,1219,-1.9599,-1.6354,1.3751,3.1221
pos,1220,-1.9712,-1.6343,1.3769,3.1221
pos,1221,-1.9821,-1.6331,1.3787,3.1221
pos,1222,-1.9926,-1.6320,1.3805,3.1221
pos,1223,-2.0029,-1.6308,1.3823,3.1221
pos,1224,-2.0129,-1.6297,1.3841,3.1220
pos,1225,-2.0227,-1.6286,1.3861,3.1220
pos,1226,-2.0324,-1.6274,1.3881,3.1220
pos,1227,-2.0420,-1.6262,1.3902,3.1220
pos,1228,-2.0515,-1.6250,1.3925,3.1220
pos,1229,-2.0605,-1.6239,1.3946,3.1219
pos,1230,-2.0689,-1.6227,1.3966,3.1219
pos,1231,-2.0769,-1.6216,1.3984,3.1219
pos,1232,-2.0843,-1.6206,1.4002,3.1218
pos,1233,-2.0913,-1.6195,1.4018,3.1217
pos,1234,-2.0978,-1.6185,1.4033,3.1217
pos,1235,-2.1039,-1.6176,1.4046,3.1216
pos,1236,-2.1096,-1.6166,1.4059,3.1215
pos,1237,-2.1149,-1.6157,1.4070,3.1214
pos,1238,-2.1197,-1.6149,1.4080,3.1213
pos,1239,-2.1242,-1.6140,1.4089,3.1212
pos,1240,-2.1283,-1.6132,1.4097,3.1211
pos,1241,-2.1320,-1.6124,1.4104,3.1210
pos,1242,-2.1354,-1.6116,1.4109,3.1209
pos,1243,-2.1383,-1.6109,1.4114,3.1207
pos,1244,-2.1409,-1.6102,1.4117,3.1206
pos,1245,-2.1432,-1.6096,1.4120,3.1205
pos,1246,-2.1451,-1.6090,1.4122,3.1203
pos,1247,-2.1466,-1.6084,1.4122,3.1201
pos,1248,-2.1478,-1.6078,1.4122,3.1200
pos,1249,-2.1487,-1.6073,1.4121,3.1198
pos,1250,-2.1493,-1.6068,1.4119,3.1196
pos,1251,-2.1495,-1.6064,1.4116,3.1194
pos,1252,-2.1495,-1.6059,1.4113,3.1193
pos,1253,-2.1491,-1.6055,1.4108,3.1191
pos,1254,-2.1484,-1.6051,1.4102,3.1188
pos,1255,-2.1474,-1.6047,1.4095,3.1186
pos,1256,-2.1460,-1.6043,1.4087,3.1184
pos,1257,-2.1444,-1.6040,1.4078,3.1182
pos,1258,-2.1424,-1.6037,1.4068,3.1180
pos,1259,-2.1401,-1.6034,1.4057,3.1177
pos,1260,-2.1375,-1.6031,1.4046,3.1175
pos,1261,-2.1346,-1.6029,1.4035,3.1172
pos,1262,-2.1315,-1.6027,1.4024,3.1169
pos,1263,-2.1281,-1.6025,1.4014,3.1166
pos,1264,-2.1244,-1.6024,1.4005,3.1164
pos,1265,-2.1205,-1.6023,1.3995,3.1161
pos,1266,-2.1163,-1.6023,1.3986,3.1158
pos,1267,-2.1118,-1.6023,1.3976,3.1155
pos,1268,-2.1069,-1.6024,1.3967,3.1152
pos,1269,-2.1018,-1.6024,1.3957,3.1149
pos,1270,-2.0962,-1.6026,1.3948,3.1145
pos,1271,-2.0902,-1.6027,1.3938,3.1142
pos,1272,-2.0839,-1.6029,1.3927,3.1139
pos,1273,-2.0771,-1.6031,1.3916,3.1136
pos,1274,-2.0698,-1.6034,1.3904,3.1132
pos,1275,-2.0620,-1.6038,1.3892,3.1129
pos,1276,-2.0537,-1.6041,1.3879,3.1125
pos,1277,-2.0451,-1.6045,1.3865,3.1122
pos,1278,-2.0361,-1.6050,1.3849,3.1118
pos,1279,-2.0268,-1.6055,1.3832,3.1114
pos,1280,-2.0170,-1.6060,1.3814,3.1111
pos,1281,-2.0068,-1.6066,1.3794,3.1107
pos,1282,-1.9961,-1.6073,1.3772,3.1103
pos,1283,-1.9848,-1.6080,1.3748,3.1099
pos,1284,-1.9728,-1.6087,1.3722,3.1095
pos,1285,-1.9602,-1.6095,1.3693,3.1091
pos,1286,-1.9469,-1.6104,1.3662,3.1087
pos,1287,-1.9336,-1.6113,1.3631,3.1082
pos,1288,-1.9203,-1.6122,1.3601,3.1078
pos,1289,-1.9072,-1.6131,1.3572,3.1074
pos,1290,-1.8940,-1.6140,1.3544,3.1069
pos,1291,-1.8810,-1.6149,1.3517,3.1065
pos,1292,-1.8680,-1.6158,1.3490,3.1060
pos,1293,-1.8550,-1.6167,1.3465,3.1055
pos,1294,-1.8421,-1.6176,1.3440,3.1051
pos,1295,-1.8293,-1.6185,1.3415,3.1046
pos,1296,-1.8164,-1.6194,1.3391,3.1041
pos,1297,-1.8036,-1.6203,1.3368,3.1036
pos,1298,-1.7908,-1.6212,1.3345,3.1031
pos,1299,-1.7780,-1.6221,1.3323,3.1026
pos,1300,-1.7652,-1.6230,1.3301,3.1022
pos,1301,-1.7524,-1.6240,1.3280,3.1017
pos,1302,-1.7397,-1.6249,1.3260,3.1012
pos,1303,-1.7269,-1.6258,1.3240,3.1008
pos,1304,-1.7142,-1.6266,1.3220,3.1003
pos,1305,-1.7014,-1.6275,1.3201,3.0998
pos,1306,-1.6886,-1.6284,1.3183,3.0994
pos,1307,-1.6759,-1.6293,1.3164,3.0989
pos,1308,-1.6631,-1.6302,1.3146,3.0985
pos,1309,-1.6505,-1.6311,1.3129,3.0980
pos,1310,-1.6379,-1.6319,1.3112,3.0975
pos,1311,-1.6253,-1.6328,1.3095,3.0969
pos,1312,-1.6128,-1.6336,1.3078,3.0964
pos,1313,-1.6004,-1.6345,1.3062,3.0959
pos,1314,-1.5881,-1.6353,1.3047,3.0953
pos,1315,-1.5760,-1.6361,1.3032,3.0948
pos,1316,-1.5640,-1.6369,1.3017,3.0942
pos,1317,-1.5521,-1.6376,1.3003,3.0937
pos,1318,-1.5405,-1.6384,1.2989,3.0931
pos,1319,-1.5291,-1.6391,1.2975,3.0928
pos,1320,-1.5179,-1.6398,1.2962,3.0930
pos,1321,-1.5070,-1.6405,1.2949,3.0934
pos,1322,-1.4963,-1.6412,1.2936,3.0942
pos,1323,-1.4858,-1.6418,1.2924,3.0953
pos,1324,-1.4757,-1.6424,1.2913,3.0967
pos,1325,-1.4659,-1.6430,1.2901,3.0985
pos,1326,-1.4565,-1.6436,1.2891,3.1005
pos,1327,-1.4473,-1.6441,1.2880,3.1029
pos,1328,-1.4385,-1.6445,1.2870,3.1055
pos,1329,-1.4298,-1.6450,1.2860,3.1084
pos,1330,-1.4213,-1.6454,1.2850,3.1117
pos,1331,-1.4130,-1.6458,1.2841,3.1152
pos,1332,-1.4048,-1.6462,1.2831,3.1189
pos,1333,-1.3967,-1.6465,1.2820,3.1230
pos,1334,-1.3886,-1.6469,1.2810,3.1273
pos,1335,-1.3805,-1.6472,1.2799,3.1319
pos,1336,-1.3723,-1.6475,1.2788,3.1367
pos,1337,-1.3641,-1.6477,1.2776,3.1418
pos,1338,-1.3557,-1.6480,1.2763,3.1472
pos,1339,-1.3472,-1.6482,1.2750,3.1528
pos,1340,-1.3385,-1.6484,1.2735,3.1587
pos,1341,-1.3296,-1.6486,1.2719,3.1648
pos,1342,-1.3203,-1.6488,1.2702,3.1711
pos,1343,-1.3108,-1.6490,1.2683,3.1777
pos,1344,-1.3009,-1.6491,1.2663,3.1846
pos,1345,-1.2906,-1.6493,1.2641,3.1916
pos,1346,-1.2798,-1.6494,1.2617,3.1990
pos,1347,-1.2686,-1.6495,1.2590,3.2065
pos,1348,-1.2568,-1.6496,1.2561,3.2143
pos,1349,-1.2443,-1.6497,1.2529,3.2223
pos,1350,-1.2312,-1.6498,1.2493,3.2306
pos,1351,-1.2174,-1.6499,1.2454,3.2391
pos,1352,-1.2028,-1.6500,1.2412,3.2478
pos,1353,-1.1874,-1.6501,1.2364,3.2567
pos,1354,-1.1710,-1.6501,1.2312,3.2659
pos,1355,-1.1550,-1.6501,1.2260,3.2753
pos,1356,-1.1395,-1.6501,1.2211,3.2849
pos,1357,-1.1245,-1.6500,1.2164,3.2946
pos,1358,-1.1100,-1.6499,1.2118,3.3045
pos,1359,-1.0959,-1.6498,1.2073,3.3146
pos,1360,-1.0823,-1.6496,1.2031,3.3248
pos,1361,-1.0691,-1.6493,1.1991,3.3352
pos,1362,-1.0564,-1.6491,1.1952,3.3457
pos,1363,-1.0441,-1.6487,1.1916,3.3564
pos,1364,-1.0322,-1.6483,1.1881,3.3672
pos,1365,-1.0206,-1.6479,1.1847,3.3781
pos,1366,-1.0094,-1.6474,1.1815,3.3892
pos,1367,-0.9984,-1.6469,1.1784,3.4004
pos,1368,-0.9876,-1.6463,1.1754,3.4117
pos,1369,-0.9770,-1.6456,1.1724,3.4232
pos,1370,-0.9666,-1.6449,1.1695,3.4345
pos,1371,-0.9562,-1.6441,1.1665,3.4455
pos,1372,-0.9461,-1.6433,1.1637,3.4563
pos,1373,-0.9364,-1.6425,1.1610,3.4668
pos,1374,-0.9273,-1.6417,1.1584,3.4771
pos,1375,-0.9186,-1.6410,1.1559,3.4872
pos,1376,-0.9103,-1.6403,1.1536,3.4970
pos,1377,-0.9024,-1.6396,1.1513,3.5066
pos,1378,-0.8949,-1.6390,1.1492,3.5159
pos,1379,-0.8878,-1.6384,1.1472,3.5250
pos,1380,-0.8810,-1.6378,1.1452,3.5339
pos,1381,-0.8745,-1.6373,1.1433,3.5426
pos,1382,-0.8683,-1.6368,1.1415,3.5511
pos,1383,-0.8624,-1.6364,1.1398,3.5594
pos,1384,-0.8569,-1.6360,1.1382,3.5674
pos,1385,-0.8518,-1.6357,1.1367,3.5754
pos,1386,-0.8469,-1.6354,1.1353,3.5831
pos,1387,-0.8423,-1.6352,1.1340,3.5906
pos,1388,-0.8380,-1.6350,1.1328,3.5980
pos,1389,-0.8340,-1.6349,1.1316,3.6053
pos,1390,-0.8302,-1.6349,1.1305,3.6123
pos,1391,-0.8267,-1.6349,1.1295,3.6192
pos,1392,-0.8235,-1.6350,1.1285,3.6260
pos,1393,-0.8206,-1.6351,1.1277,3.6326
pos,1394,-0.8179,-1.6353,1.1268,3.6391
pos,1395,-0.8155,-1.6356,1.1261,3.6454
pos,1396,-0.8134,-1.6359,1.1254,3.6515
pos,1397,-0.8116,-1.6363,1.1247,3.6575
pos,1398,-0.8100,-1.6368,1.1241,3.6634
pos,1399,-0.8086,-1.6374,1.1236,3.6692
pos,1400,-0.8075,-1.6381,1.1231,3.6748
pos,1401,-0.8066,-1.6388,1.1226,3.6803
pos,1402,-0.8059,-1.6396,1.1222,3.6857
pos,1403,-0.8054,-1.6405,1.1217,3.6910
pos,1404,-0.8050,-1.6415,1.1214,3.6962
pos,1405,-0.8049,-1.6426,1.1210,3.7012
pos,1406,-0.8050,-1.6437,1.1206,3.7062
pos,1407,-0.8052,-1.6450,1.1202,3.7111
pos,1408,-0.8054,-1.6462,1.1199,3.7159
pos,1409,-0.8055,-1.6474,1.1195,3.7206
pos,1410,-0.8057,-1.6486,1.1192,3.7252
pos,1411,-0.8061,-1.6497,1.1188,3.7296
pos,1412,-0.8065,-1.6508,1.1184,3.7340
pos,1413,-0.8071,-1.6520,1.1181,3.7382
pos,1414,-0.8078,-1.6531,1.1177,3.7424
pos,1415,-0.8086,-1.6541,1.1172,3.7464
pos,1416,-0.8096,-1.6552,1.1168,3.7503
pos,1417,-0.8107,-1.6563,1.1164,3.7542
pos,1418,-0.8120,-1.6574,1.1159,3.7579
pos,1419,-0.8134,-1.6585,1.1154,3.7616
pos,1420,-0.8151,-1.6596,1.1149,3.7651
pos,1421,-0.8169,-1.6607,1.1144,3.7686
pos,1422,-0.8188,-1.6618,1.1138,3.7720
pos,1423,-0.8210,-1.6630,1.1132,3.7753
pos,1424,-0.8234,-1.6642,1.1125,3.7786
pos,1425,-0.8261,-1.6654,1.1118,3.7817
pos,1426,-0.8289,-1.6667,1.1110,3.7848
pos,1427,-0.8321,-1.6680,1.1102,3.7878
pos,1428,-0.8355,-1.6694,1.1092,3.7908
pos,1429,-0.8390,-1.6708,1.1083,3.7937
pos,1430,-0.8427,-1.6721,1.1075,3.7965
pos,1431,-0.8466,-1.6733,1.1067,3.7992
pos,1432,-0.8506,-1.6745,1.1060,3.8019
pos,1433,-0.8548,-1.6757,1.1053,3.8045
pos,1434,-0.8589,-1.6769,1.1046,3.8070
pos,1435,-0.8629,-1.6782,1.1040,3.8095
pos,1436,-0.8668,-1.6796,1.1034,3.8119
pos,1437,-0.8707,-1.6809,1.1029,3.8142
pos,1438,-0.8745,-1.6824,1.1024,3.8165
pos,1439,-0.8782,-1.6838,1.1020,3.8187
pos,1440,-0.8819,-1.6853,1.1016,3.8209
pos,1441,-0.8856,-1.6868,1.1013,3.8231
pos,1442,-0.8892,-1.6883,1.1010,3.8251
pos,1443,-0.8928,-1.6899,1.1007,3.8272
pos,1444,-0.8963,-1.6915,1.1005,3.8291
pos,1445,-0.8998,-1.6930,1.1004,3.8311
pos,1446,-0.9033,-1.6946,1.1003,3.8330
pos,1447,-0.9068,-1.6962,1.1002,3.8348
pos,1448,-0.9103,-1.6977,1.1002,3.8366
pos,1449,-0.9137,-1.6993,1.1003,3.8383
pos,1450,-0.9172,-1.7008,1.1004,3.8401
pos,1451,-0.9205,-1.7023,1.1005,3.8417
pos,1452,-0.9239,-1.7037,1.1007,3.8433
pos,1453,-0.9272,-1.7051,1.1010,3.8449
pos,1454,-0.9305,-1.7065,1.1013,3.8465
pos,1455,-0.9339,-1.7079,1.1016,3.8480
pos,1456,-0.9373,-1.7092,1.1020,3.8494
pos,1457,-0.9408,-1.7105,1.1025,3.8509
pos,1458,-0.9443,-1.7118,1.1030,3.8523
pos,1459,-0.9480,-1.7131,1.1036,3.8537
pos,1460,-0.9517,-1.7144,1.1043,3.8550
pos,1461,-0.9556,-1.7157,1.1051,3.8564
pos,1462,-0.9597,-1.7170,1.1060,3.8577
pos,1463,-0.9640,-1.7183,1.1070,3.8589
pos,1464,-0.9681,-1.7195,1.1081,3.8602
pos,1465,-0.9723,-1.7206,1.1092,3.8614
pos,1466,-0.9764,-1.7216,1.1103,3.8626
pos,1467,-0.9804,-1.7225,1.1114,3.8637
pos,1468,-0.9843,-1.7234,1.1126,3.8649
pos,1469,-0.9882,-1.7241,1.1137,3.8660
pos,1470,-0.9920,-1.7248,1.1149,3.8671
pos,1471,-0.9958,-1.7254,1.1161,3.8681
pos,1472,-0.9997,-1.7257,1.1173,3.8691
pos,1473,-1.0038,-1.7259,1.1185,3.8701
pos,1474,-1.0080,-1.7259,1.1196,3.8711
pos,1475,-1.0124,-1.7257,1.1207,3.8721
pos,1476,-1.0169,-1.7253,1.1218,3.8730
pos,1477,-1.0215,-1.7247,1.1228,3.8739
pos,1478,-1.0263,-1.7240,1.1238,3.8748
pos,1479,-1.0312,-1.7231,1.1248,3.8757
pos,1480,-1.0363,-1.7220,1.1258,3.8766
pos,1481,-1.0417,-1.7207,1.1268,3.8774
pos,1482,-1.0473,-1.7192,1.1278,3.8782
pos,1483,-1.0532,-1.7176,1.1288,3.8791
pos,1484,-1.0593,-1.7157,1.1299,3.8799
pos,1485,-1.0658,-1.7136,1.1310,3.8806
pos,1486,-1.0726,-1.7113,1.1321,3.8814
pos,1487,-1.0795,-1.7089,1.1332,3.8822
pos,1488,-1.0863,-1.7064,1.1343,3.8829
pos,1489,-1.0932,-1.7038,1.1353,3.8837
pos,1490,-1.1000,-1.7011,1.1363,3.8844
pos,1491,-1.1067,-1.6984,1.1372,3.8851
pos,1492,-1.1132,-1.6957,1.1381,3.8858
pos,1493,-1.1196,-1.6930,1.1390,3.8865
pos,1494,-1.1259,-1.6903,1.1398,3.8872
pos,1495,-1.1321,-1.6875,1.1407,3.8878
pos,1496,-1.1382,-1.6846,1.1416,3.8885
pos,1497,-1.1444,-1.6817,1.1424,3.8891
pos,1498,-1.1506,-1.6787,1.1433,3.8897
pos,1499,-1.1568,-1.6755,1.1442,3.8904
pos,1500,-1.1631,-1.6723,1.1452,3.8910
pos,1501,-1.1695,-1.6689,1.1462,3.8916
pos,1502,-1.1757,-1.6655,1.1471,3.8922
pos,1503,-1.1817,-1.6622,1.1481,3.8928
pos,1504,-1.1875,-1.6588,1.1490,3.8933
pos,1505,-1.1932,-1.6556,1.1498,3.8939
pos,1506,-1.1986,-1.6523,1.1506,3.8945
pos,1507,-1.2038,-1.6491,1.1514,3.8950
pos,1508,-1.2089,-1.6459,1.1521,3.8956
pos,1509,-1.2137,-1.6428,1.1528,3.8961
pos,1510,-1.2183,-1.6398,1.1534,3.8966
pos,1511,-1.2227,-1.6368,1.1540,3.8971
pos,1512,-1.2270,-1.6338,1.1545,3.8976
pos,1513,-1.2311,-1.6308,1.1550,3.8981
pos,1514,-1.2351,-1.6278,1.1555,3.8986
pos,1515,-1.2390,-1.6248,1.1559,3.8990
pos,1516,-1.2428,-1.6218,1.1563,3.8995
pos,1517,-1.2465,-1.6188,1.1567,3.8999
pos,1518,-1.2502,-1.6157,1.1571,3.9004
pos,1519,-1.2539,-1.6125,1.1574,3.9008
pos,1520,-1.2576,-1.6093,1.1577,3.9013
pos,1521,-1.2612,-1.6060,1.1581,3.9017
pos,1522,-1.2650,-1.6025,1.1583,3.9021
pos,1523,-1.2687,-1.5989,1.1586,3.9025
pos,1524,-1.2725,-1.5952,1.1589,3.9030
pos,1525,-1.2764,-1.5913,1.1591,3.9034
pos,1526,-1.2804,-1.5873,1.1594,3.9038
pos,1527,-1.2845,-1.5830,1.1596,3.9042
pos,1528,-1.2888,-1.5785,1.1598,3.9046
pos,1529,-1.2935,-1.5737,1.1600,3.9050
pos,1530,-1.2986,-1.5685,1.1601,3.9054
pos,1531,-1.3042,-1.5629,1.1603,3.9058
pos,1532,-1.3103,-1.5569,1.1604,3.9062
pos,1533,-1.3169,-1.5505,1.1605,3.9066
pos,1534,-1.3240,-1.5436,1.1606,3.9069
pos,1535,-1.3317,-1.5362,1.1606,3.9073
pos,1536,-1.3400,-1.5283,1.1607,3.9077
pos,1537,-1.3489,-1.5198,1.1607,3.9081
pos,1538,-1.3584,-1.5107,1.1606,3.9085
pos,1539,-1.3678,-1.5018,1.1605,3.9089
pos,1540,-1.3768,-1.4932,1.1602,3.9093
pos,1541,-1.3853,-1.4850,1.1599,3.9096
pos,1542,-1.3934,-1.4770,1.1595,3.9100
pos,1543,-1.4011,-1.4695,1.1591,3.9103
pos,1544,-1.4084,-1.4622,1.1586,3.9106
pos,1545,-1.4153,-1.4553,1.1582,3.9110
pos,1546,-1.4220,-1.4486,1.1577,3.9113
pos,1547,-1.4285,-1.4422,1.1572,3.9116
pos,1548,-1.4349,-1.4359,1.1567,3.9119
pos,1549,-1.4411,-1.4298,1.1562,3.9122
pos,1550,-1.4471,-1.4240,1.1557,3.9124
pos,1551,-1.4531,-1.4182,1.1552,3.9127
pos,1552,-1.4589,-1.4126,1.1547,3.9130
pos,1553,-1.4647,-1.4070,1.1542,3.9132
pos,1554,-1.4705,-1.4016,1.1537,3.9135
pos,1555,-1.4762,-1.3961,1.1532,3.9137
pos,1556,-1.4819,-1.3908,1.1527,3.9139
pos,1557,-1.4876,-1.3854,1.1521,3.9141
pos,1558,-1.4933,-1.3800,1.1516,3.9144
pos,1559,-1.4990,-1.3746,1.1510,3.9146
pos,1560,-1.5049,-1.3691,1.1504,3.9148
pos,1561,-1.5108,-1.3635,1.1497,3.9149
pos,1562,-1.5168,-1.3579,1.1491,3.9151
pos,1563,-1.5229,-1.3521,1.1484,3.9153
pos,1564,-1.5292,-1.3462,1.1476,3.9155
pos,1565,-1.5356,-1.3401,1.1469,3.9156
pos,1566,-1.5423,-1.3338,1.1460,3.9158
pos,1567,-1.5491,-1.3273,1.1451,3.9159
pos,1568,-1.5562,-1.3206,1.1441,3.9161
pos,1569,-1.5635,-1.3135,1.1431,3.9162
pos,1570,-1.5712,-1.3062,1.1420,3.9163
pos,1571,-1.5791,-1.2985,1.1407,3.9165
pos,1572,-1.5875,-1.2905,1.1394,3.9166
pos,1573,-1.5962,-1.2821,1.1380,3.9167
pos,1574,-1.6053,-1.2732,1.1365,3.9168
pos,1575,-1.6149,-1.2638,1.1348,3.9169
pos,1576,-1.6249,-1.2539,1.1330,3.9170
pos,1577,-1.6355,-1.2435,1.1310,3.9171
pos,1578,-1.6467,-1.2324,1.1288,3.9172
pos,1579,-1.6585,-1.2207,1.1265,3.9173
pos,1580,-1.6710,-1.2083,1.1239,3.9173
pos,1581,-1.6842,-1.1952,1.1211,3.9174
pos,1582,-1.6976,-1.1817,1.1183,3.9175
pos,1583,-1.7109,-1.1683,1.1154,3.9175
pos,1584,-1.7237,-1.1554,1.1126,3.9176
pos,1585,-1.7362,-1.1428,1.1099,3.9177
pos,1586,-1.7483,-1.1306,1.1072,3.9177
pos,1587,-1.7601,-1.1186,1.1045,3.9177
pos,1588,-1.7717,-1.1068,1.1018,3.9178
pos,1589,-1.7831,-1.0952,1.0990,3.9178
pos,1590,-1.7939,-1.0842,1.0963,3.9178
pos,1591,-1.8043,-1.0736,1.0938,3.9178
pos,1592,-1.8142,-1.0636,1.0914,3.9179
pos,1593,-1.8236,-1.0540,1.0892,3.9179
pos,1594,-1.8325,-1.0449,1.0870,3.9179
pos,1595,-1.8410,-1.0363,1.0849,3.9179
pos,1596,-1.8491,-1.0280,1.0829,3.9179
pos,1597,-1.8568,-1.0202,1.0810,3.9179
pos,1598,-1.8641,-1.0127,1.0792,3.9179
pos,1599,-1.8710,-1.0057,1.0775,3.9179
pos,1600,-1.8775,-0.9991,1.0759,3.9179
pos,1601,-1.8836,-0.9929,1.0744,3.9179
pos,1602,-1.8894,-0.9871,1.0730,3.9179
pos,1603,-1.8948,-0.9816,1.0717,3.9179
pos,1604,-1.8999,-0.9765,1.0705,3.9179
pos,1605,-1.9048,-0.9716,1.0693,3.9179
pos,1606,-1.9093,-0.9670,1.0682,3.9179
pos,1607,-1.9137,-0.9627,1.0670,3.9179
pos,1608,-1.9178,-0.9586,1.0659,3.9179
pos,1609,-1.9216,-0.9548,1.0649,3.9179
pos,1610,-1.9253,-0.9512,1.0637,3.9179
pos,1611,-1.9288,-0.9477,1.0626,3.9179
pos,1612,-1.9321,-0.9445,1.0615,3.9180
pos,1613,-1.9352,-0.9414,1.0602,3.9180
pos,1614,-1.9382,-0.9384,1.0590,3.9180
pos,1615,-1.9411,-0.9356,1.0576,3.9180
pos,1616,-1.9438,-0.9330,1.0562,3.9180
pos,1617,-1.9464,-0.9304,1.0546,3.9180
pos,1618,-1.9489,-0.9280,1.0530,3.9180
pos,1619,-1.9513,-0.9256,1.0512,3.9180
pos,1620,-1.9535,-0.9234,1.0495,3.9180
pos,1621,-1.9556,-0.9214,1.0481,3.9181
pos,1622,-1.9575,-0.9195,1.0468,3.9181
pos,1623,-1.9594,-0.9177,1.0456,3.9181
pos,1624,-1.9611,-0.9161,1.0445,3.9181
pos,1625,-1.9627,-0.9145,1.0435,3.9181
pos,1626,-1.9641,-0.9131,1.0427,3.9181
pos,1627,-1.9655,-0.9118,1.0419,3.9181
pos,1628,-1.9668,-0.9106,1.0412,3.9182
pos,1629,-1.9681,-0.9095,1.0406,3.9182
pos,1630,-1.9692,-0.9084,1.0400,3.9182
pos,1631,-1.9702,-0.9075,1.0395,3.9182
pos,1632,-1.9712,-0.9067,1.0391,3.9182
pos,1633,-1.9721,-0.9059,1.0387,3.9183
pos,1634,-1.9730,-0.9052,1.0384,3.9183
pos,1635,-1.9737,-0.9046,1.0381,3.9183
pos,1636,-1.9744,-0.9041,1.0378,3.9184
pos,1637,-1.9751,-0.9036,1.0376,3.9184
pos,1638,-1.9757,-0.9032,1.0374,3.9184
pos,1639,-1.9762,-0.9029,1.0373,3.9185
pos,1640,-1.9767,-0.9027,1.0371,3.9185
pos,1641,-1.9771,-0.9025,1.0370,3.9186
pos,1642,-1.9774,-0.9024,1.0370,3.9186
pos,1643,-1.9778,-0.9024,1.0369,3.9187
pos,1644,-1.9780,-0.9025,1.0369,3.9187
pos,1645,-1.9782,-0.9026,1.0368,3.9188
pos,1646,-1.9784,-0.9028,1.0368,3.9188
pos,1647,-1.9785,-0.9031,1.0368,3.9189
pos,1648,-1.9785,-0.9035,1.0369,3.9190
pos,1649,-1.9785,-0.9039,1.0369,3.9190
pos,1650,-1.9784,-0.9045,1.0370,3.9191
pos,1651,-1.9783,-0.9051,1.0370,3.9192
pos,1652,-1.9781,-0.9059,1.0371,3.9192
pos,1653,-1.9779,-0.9067,1.0372,3.9193
pos,1654,-1.9776,-0.9076,1.0373,3.9194
pos,1655,-1.9772,-0.9086,1.0374,3.9195
pos,1656,-1.9768,-0.9098,1.0375,3.9196
pos,1657,-1.9763,-0.9110,1.0376,3.9197
pos,1658,-1.9757,-0.9124,1.0377,3.9198
pos,1659,-1.9749,-0.9141,1.0379,3.9199
pos,1660,-1.9737,-0.9160,1.0380,3.9200
pos,1661,-1.9721,-0.9182,1.0382,3.9201
pos,1662,-1.9703,-0.9207,1.0383,3.9202
pos,1663,-1.9681,-0.9236,1.0385,3.9203
pos,1664,-1.9656,-0.9267,1.0386,3.9204
pos,1665,-1.9627,-0.9301,1.0388,3.9205
pos,1666,-1.9595,-0.9339,1.0390,3.9206
pos,1667,-1.9560,-0.9380,1.0391,3.9208
pos,1668,-1.9520,-0.9425,1.0393,3.9209
pos,1669,-1.9477,-0.9474,1.0395,3.9210
pos,1670,-1.9430,-0.9527,1.0397,3.9212
pos,1671,-1.9378,-0.9584,1.0399,3.9213
pos,1672,-1.9323,-0.9646,1.0400,3.9215
pos,1673,-1.9262,-0.9713,1.0402,3.9216
pos,1674,-1.9197,-0.9784,1.0404,3.9218
pos,1675,-1.9126,-0.9861,1.0406,3.9219
pos,1676,-1.9050,-0.9943,1.0408,3.9221
pos,1677,-1.8969,-1.0032,1.0410,3.9223
pos,1678,-1.8881,-1.0126,1.0412,3.9224
pos,1679,-1.8787,-1.0228,1.0413,3.9226
pos,1680,-1.8687,-1.0337,1.0415,3.9228
pos,1681,-1.8579,-1.0453,1.0417,3.9230
pos,1682,-1.8463,-1.0578,1.0418,3.9232
pos,1683,-1.8339,-1.0711,1.0419,3.9234
pos,1684,-1.8207,-1.0854,1.0420,3.9236
pos,1685,-1.8067,-1.1005,1.0421,3.9238
pos,1686,-1.7924,-1.1158,1.0420,3.9240
pos,1687,-1.7787,-1.1305,1.0419,3.9242
pos,1688,-1.7656,-1.1446,1.0417,3.9244
pos,1689,-1.7530,-1.1581,1.0415,3.9246
pos,1690,-1.7410,-1.1710,1.0413,3.9247
pos,1691,-1.7295,-1.1833,1.0411,3.9249
pos,1692,-1.7186,-1.1950,1.0409,3.9251
pos,1693,-1.7081,-1.2062,1.0407,3.9253
pos,1694,-1.6981,-1.2169,1.0405,3.9255
pos,1695,-1.6885,-1.2271,1.0403,3.9257
pos,1696,-1.6793,-1.2368,1.0401,3.9259
pos,1697,-1.6705,-1.2462,1.0399,3.9261
pos,1698,-1.6620,-1.2552,1.0397,3.9262
pos,1699,-1.6538,-1.2639,1.0395,3.9264
pos,1700,-1.6459,-1.2722,1.0394,3.9266
pos,1701,-1.6382,-1.2804,1.0392,3.9268
pos,1702,-1.6306,-1.2883,1.0391,3.9270
pos,1703,-1.6233,-1.2960,1.0389,3.9272
pos,1704,-1.6161,-1.3036,1.0388,3.9273
pos,1705,-1.6089,-1.3110,1.0387,3.9275
pos,1706,-1.6019,-1.3184,1.0386,3.9277
pos,1707,-1.5949,-1.3257,1.0385,3.9279
pos,1708,-1.5879,-1.3330,1.0384,3.9281
pos,1709,-1.5809,-1.3403,1.0383,3.9283
pos,1710,-1.5738,-1.3477,1.0382,3.9285
pos,1711,-1.5667,-1.3551,1.0382,3.9287
pos,1712,-1.5594,-1.3626,1.0381,3.9289
pos,1713,-1.5520,-1.3703,1.0381,3.9291
pos,1714,-1.5445,-1.3781,1.0380,3.9293
pos,1715,-1.5367,-1.3862,1.0380,3.9295
pos,1716,-1.5287,-1.3944,1.0379,3.9297
pos,1717,-1.5204,-1.4030,1.0379,3.9299
pos,1718,-1.5119,-1.4119,1.0379,3.9301
pos,1719,-1.5033,-1.4207,1.0379,3.9303
pos,1720,-1.4948,-1.4295,1.0378,3.9305
pos,1721,-1.4863,-1.4382,1.0377,3.9306
pos,1722,-1.4777,-1.4471,1.0377,3.9308
pos,1723,-1.4690,-1.4560,1.0376,3.9310
pos,1724,-1.4601,-1.4651,1.0375,3.9312
pos,1725,-1.4511,-1.4743,1.0374,3.9314
pos,1726,-1.4418,-1.4837,1.0373,3.9316
pos,1727,-1.4323,-1.4934,1.0372,3.9318
pos,1728,-1.4225,-1.5033,1.0370,3.9319
pos,1729,-1.4124,-1.5136,1.0369,3.9321
pos,1730,-1.4019,-1.5243,1.0367,3.9323
pos,1731,-1.3909,-1.5354,1.0365,3.9324
pos,1732,-1.3795,-1.5470,1.0363,3.9326
pos,1733,-1.3675,-1.5590,1.0360,3.9328
pos,1734,-1.3550,-1.5717,1.0358,3.9329
pos,1735,-1.3429,-1.5839,1.0355,3.9331
pos,1736,-1.3313,-1.5955,1.0351,3.9333
pos,1737,-1.3203,-1.6066,1.0347,3.9334
pos,1738,-1.3096,-1.6173,1.0343,3.9336
pos,1739,-1.2993,-1.6276,1.0338,3.9337
pos,1740,-1.2894,-1.6374,1.0333,3.9339
pos,1741,-1.2799,-1.6469,1.0328,3.9341
pos,1742,-1.2707,-1.6560,1.0322,3.9342
pos,1743,-1.2619,-1.6648,1.0316,3.9344
pos,1744,-1.2534,-1.6732,1.0310,3.9346
pos,1745,-1.2453,-1.6812,1.0304,3.9348
pos,1746,-1.2374,-1.6890,1.0298,3.9349
pos,1747,-1.2298,-1.6965,1.0291,3.9351
pos,1748,-1.2225,-1.7037,1.0285,3.9353
pos,1749,-1.2154,-1.7106,1.0279,3.9355
pos,1750,-1.2085,-1.7174,1.0272,3.9356
pos,1751,-1.2019,-1.7239,1.0266,3.9358
pos,1752,-1.1955,-1.7301,1.0260,3.9359
pos,1753,-1.1893,-1.7361,1.0255,3.9361
pos,1754,-1.1834,-1.7420,1.0249,3.9363
pos,1755,-1.1776,-1.7476,1.0244,3.9364
pos,1756,-1.1720,-1.7530,1.0239,3.9366
pos,1757,-1.1666,-1.7582,1.0234,3.9367
pos,1758,-1.1614,-1.7633,1.0229,3.9368
pos,1759,-1.1564,-1.7682,1.0225,3.9370
pos,1760,-1.1516,-1.7729,1.0220,3.9371
pos,1761,-1.1469,-1.7774,1.0216,3.9373
pos,1762,-1.1424,-1.7818,1.0212,3.9374
pos,1763,-1.1381,-1.7860,1.0209,3.9375
pos,1764,-1.1339,-1.7900,1.0206,3.9376
pos,1765,-1.1299,-1.7939,1.0203,3.9378
pos,1766,-1.1260,-1.7976,1.0200,3.9379
pos,1767,-1.1223,-1.8012,1.0198,3.9380
pos,1768,-1.1187,-1.8047,1.0196,3.9381
pos,1769,-1.1152,-1.8080,1.0194,3.9382
pos,1770,-1.1119,-1.8112,1.0192,3.9383
pos,1771,-1.1088,-1.8143,1.0190,3.9384
pos,1772,-1.1058,-1.8172,1.0189,3.9385
pos,1773,-1.1029,-1.8200,1.0188,3.9386
pos,1774,-1.1002,-1.8226,1.0188,3.9386
pos,1775,-1.0976,-1.8251,1.0188,3.9387
pos,1776,-1.0951,-1.8275,1.0188,3.9388
pos,1777,-1.0928,-1.8298,1.0188,3.9389
pos,1778,-1.0906,-1.8320,1.0188,3.9390
pos,1779,-1.0884,-1.8340,1.0189,3.9390
pos,1780,-1.0864,-1.8360,1.0191,3.9391
pos,1781,-1.0845,-1.8379,1.0192,3.9392
pos,1782,-1.0826,-1.8397,1.0194,3.9392
pos,1783,-1.0808,-1.8415,1.0196,3.9393
pos,1784,-1.0791,-1.8432,1.0199,3.9393
pos,1785,-1.0774,-1.8449,1.0202,3.9394
pos,1786,-1.0758,-1.8465,1.0206,3.9394
pos,1787,-1.0742,-1.8481,1.0210,3.9395
pos,1788,-1.0727,-1.8496,1.0214,3.9395
pos,1789,-1.0713,-1.8510,1.0219,3.9396
pos,1790,-1.0700,-1.8523,1.0223,3.9396
pos,1791,-1.0689,-1.8535,1.0226,3.9397
pos,1792,-1.0680,-1.8545,1.0230,3.9397
pos,1793,-1.0672,-1.8553,1.0233,3.9398
pos,1794,-1.0665,-1.8560,1.0235,3.9398
pos,1795,-1.0661,-1.8566,1.0237,3.9399
pos,1796,-1.0657,-1.8571,1.0239,3.9399
pos,1797,-1.0655,-1.8574,1.0241,3.9399
pos,1798,-1.0655,-1.8576,1.0242,3.9399
pos,1799,-1.0656,-1.8576,1.0243,3.9400
pos,1800,-1.0659,-1.8576,1.0243,3.9400
pos,1801,-1.0663,-1.8573,1.0244,3.9400
