delay,0
pos,0,-0.8324,-2.9449,1.3667,-5.0303
pos,1,-0.8282,-2.9368,1.3678,-5.0311
pos,2,-0.8239,-2.9287,1.3685,-5.0322
pos,3,-0.8195,-2.9203,1.3690,-5.0336
pos,4,-0.8151,-2.9118,1.3693,-5.0351
pos,5,-0.8107,-2.9033,1.3696,-5.0369
pos,6,-0.8061,-2.8945,1.3697,-5.0390
pos,7,-0.8016,-2.8858,1.3698,-5.0412
pos,8,-0.7969,-2.8768,1.3699,-5.0437
pos,9,-0.7922,-2.8678,1.3699,-5.0465
pos,10,-0.7874,-2.8587,1.3699,-5.0494
pos,11,-0.7827,-2.8495,1.3700,-5.0528
pos,12,-0.7778,-2.8403,1.3700,-5.0562
pos,13,-0.7730,-2.8311,1.3700,-5.0599
pos,14,-0.7681,-2.8218,1.3700,-5.0637
pos,15,-0.7633,-2.8126,1.3700,-5.0677
pos,16,-0.7583,-2.8033,1.3700,-5.0721
pos,17,-0.7534,-2.7941,1.3700,-5.0767
pos,18,-0.7485,-2.7848,1.3700,-5.0814
pos,19,-0.7435,-2.7756,1.3700,-5.0863
pos,20,-0.7385,-2.7664,1.3700,-5.0913
pos,21,-0.7335,-2.7572,1.3700,-5.0966
pos,22,-0.7284,-2.7480,1.3700,-5.1020
pos,23,-0.7234,-2.7389,1.3700,-5.1076
pos,24,-0.7183,-2.7298,1.3700,-5.1133
pos,25,-0.7132,-2.7208,1.3700,-5.1192
pos,26,-0.7081,-2.7119,1.3700,-5.1253
pos,27,-0.7030,-2.7029,1.3700,-5.1315
pos,28,-0.6979,-2.6940,1.3700,-5.1379
pos,29,-0.6928,-2.6852,1.3700,-5.1445
pos,30,-0.6878,-2.6766,1.3700,-5.1512
pos,31,-0.6827,-2.6680,1.3700,-5.1581
pos,32,-0.6776,-2.6593,1.3700,-5.1651
pos,33,-0.6725,-2.6509,1.3700,-5.1723
pos,34,-0.6674,-2.6425,1.3700,-5.1796
pos,35,-0.6623,-2.6343,1.3700,-5.1871
pos,36,-0.6573,-2.6262,1.3700,-5.1946
pos,37,-0.6522,-2.6181,1.3700,-5.2022
pos,38,-0.6472,-2.6102,1.3700,-5.2099
pos,39,-0.6422,-2.6024,1.3700,-5.2178
pos,40,-0.6371,-2.5946,1.3700,-5.2259
pos,41,-0.6321,-2.5870,1.3700,-5.2341
pos,42,-0.6270,-2.5793,1.3700,-5.2422
pos,43,-0.6215,-2.5714,1.3700,-5.2506
pos,44,-0.6159,-2.5634,1.3700,-5.2590
pos,45,-0.6101,-2.5554,1.3700,-5.2677
pos,46,-0.6042,-2.5473,1.3700,-5.2763
pos,47,-0.5980,-2.5391,1.3700,-5.2849
pos,48,-0.5918,-2.5309,1.3700,-5.2933
pos,49,-0.5853,-2.5226,1.3700,-5.3015
pos,50,-0.5786,-2.5142,1.3700,-5.3094
pos,51,-0.5717,-2.5057,1.3700,-5.3174
pos,52,-0.5646,-2.4969,1.3700,-5.3252
pos,53,-0.5572,-2.4880,1.3700,-5.3328
pos,54,-0.5494,-2.4789,1.3700,-5.3404
pos,55,-0.5413,-2.4695,1.3700,-5.3478
pos,56,-0.5329,-2.4599,1.3700,-5.3551
pos,57,-0.5240,-2.4499,1.3700,-5.3625
pos,58,-0.5147,-2.4395,1.3700,-5.3697
pos,59,-0.5050,-2.4288,1.3700,-5.3768
pos,60,-0.4947,-2.4176,1.3700,-5.3839
pos,61,-0.4839,-2.4060,1.3700,-5.3910
pos,62,-0.4731,-2.3945,1.3700,-5.3980
pos,63,-0.4620,-2.3831,1.3700,-5.4050
pos,64,-0.4508,-2.3716,1.3700,-5.4119
pos,65,-0.4394,-2.3601,1.3700,-5.4189
pos,66,-0.4277,-2.3486,1.3700,-5.4257
pos,67,-0.4158,-2.3370,1.3700,-5.4324
pos,68,-0.4036,-2.3255,1.3700,-5.4391
pos,69,-0.3912,-2.3139,1.3700,-5.4458
pos,70,-0.3784,-2.3022,1.3700,-5.4524
pos,71,-0.3655,-2.2906,1.3700,-5.4590
pos,72,-0.3524,-2.2789,1.3700,-5.4656
pos,73,-0.3389,-2.2672,1.3700,-5.4720
pos,74,-0.3252,-2.2555,1.3700,-5.4785
pos,75,-0.3113,-2.2437,1.3700,-5.4848
pos,76,-0.2973,-2.2321,1.3701,-5.4911
pos,77,-0.2830,-2.2204,1.3701,-5.4972
pos,78,-0.2685,-2.2088,1.3701,-5.5034
pos,79,-0.2539,-2.1973,1.3702,-5.5094
pos,80,-0.2390,-2.1857,1.3703,-5.5155
pos,81,-0.2238,-2.1741,1.3704,-5.5219
pos,82,-0.2084,-2.1626,1.3706,-5.5285
pos,83,-0.1927,-2.1510,1.3710,-5.5352
pos,84,-0.1768,-2.1395,1.3714,-5.5422
pos,85,-0.1605,-2.1279,1.3721,-5.5493
pos,86,-0.1439,-2.1163,1.3731,-5.5566
pos,87,-0.1272,-2.1048,1.3747,-5.5642
pos,88,-0.1102,-2.0933,1.3753,-5.5718
pos,89,-0.0931,-2.0819,1.3769,-5.5797
pos,90,-0.0757,-2.0705,1.3779,-5.5878
pos,91,-0.0581,-2.0592,1.3786,-5.5960
pos,92,-0.0403,-2.0481,1.3791,-5.6042
pos,93,-0.0222,-2.0369,1.3794,-5.6127
pos,94,-0.0039,-2.0259,1.3796,-5.6213
pos,95,0.0147,-2.0149,1.3798,-5.6301
pos,96,0.0334,-2.0040,1.3799,-5.6390
pos,97,0.0525,-1.9932,1.3800,-5.6482
pos,98,0.0717,-1.9825,1.3802,-5.6574
pos,99,0.0913,-1.9718,1.3803,-5.6668
pos,100,0.1110,-1.9614,1.3805,-5.6764
pos,101,0.1310,-1.9510,1.3808,-5.6862
pos,102,0.1511,-1.9408,1.3812,-5.6960
pos,103,0.1715,-1.9307,1.3818,-5.7059
pos,104,0.1921,-1.9208,1.3827,-5.7160
pos,105,0.2129,-1.9111,1.3840,-5.7263
pos,106,0.2342,-1.9014,1.3860,-5.7365
pos,107,0.2556,-1.8919,1.3873,-5.7469
pos,108,0.2773,-1.8825,1.3882,-5.7574
pos,109,0.2991,-1.8733,1.3889,-5.7679
pos,110,0.3212,-1.8642,1.3893,-5.7786
pos,111,0.3435,-1.8554,1.3896,-5.7894
pos,112,0.3658,-1.8468,1.3899,-5.8002
pos,113,0.3883,-1.8384,1.3901,-5.8112
pos,114,0.4111,-1.8303,1.3904,-5.8222
pos,115,0.4341,-1.8223,1.3907,-5.8334
pos,116,0.4571,-1.8146,1.3911,-5.8447
pos,117,0.4803,-1.8071,1.3918,-5.8561
pos,118,0.5040,-1.7998,1.3927,-5.8673
pos,119,0.5279,-1.7926,1.3940,-5.8783
pos,120,0.5523,-1.7856,1.3960,-5.8894
pos,121,0.5769,-1.7788,1.3973,-5.9004
pos,122,0.6017,-1.7722,1.3982,-5.9112
pos,123,0.6268,-1.7659,1.3988,-5.9218
pos,124,0.6520,-1.7598,1.3992,-5.9323
pos,125,0.6773,-1.7539,1.3994,-5.9426
pos,126,0.7028,-1.7483,1.3996,-5.9528
pos,127,0.7280,-1.7430,1.3998,-5.9630
pos,128,0.7532,-1.7379,1.3998,-5.9731
pos,129,0.7784,-1.7330,1.3999,-5.9830
pos,130,0.8034,-1.7285,1.3999,-5.9928
pos,131,0.8283,-1.7242,1.3999,-6.0027
pos,132,0.8530,-1.7201,1.4000,-6.0124
pos,133,0.8777,-1.7163,1.4000,-6.0219
pos,134,0.9025,-1.7127,1.4000,-6.0313
pos,135,0.9273,-1.7094,1.4000,-6.0408
pos,136,0.9518,-1.7063,1.4000,-6.0501
pos,137,0.9766,-1.7034,1.4000,-6.0592
pos,138,1.0015,-1.7007,1.4000,-6.0684
pos,139,1.0269,-1.6982,1.4000,-6.0774
pos,140,1.0527,-1.6959,1.4000,-6.0863
pos,141,1.0786,-1.6939,1.4000,-6.0953
pos,142,1.1046,-1.6920,1.4000,-6.1041
pos,143,1.1309,-1.6904,1.4000,-6.1128
pos,144,1.1570,-1.6890,1.4000,-6.1215
pos,145,1.1835,-1.6878,1.4000,-6.1302
pos,146,1.2099,-1.6868,1.4000,-6.1389
pos,147,1.2362,-1.6860,1.4000,-6.1475
pos,148,1.2628,-1.6855,1.4000,-6.1559
pos,149,1.2894,-1.6852,1.4000,-6.1645
pos,150,1.3163,-1.6851,1.4000,-6.1730
pos,151,1.3432,-1.6853,1.4000,-6.1815
pos,152,1.3703,-1.6857,1.4000,-6.1900
pos,153,1.3979,-1.6863,1.4000,-6.1985
pos,154,1.4259,-1.6871,1.4000,-6.2070
pos,155,1.4536,-1.6882,1.4000,-6.2154
pos,156,1.4811,-1.6894,1.4000,-6.2239
pos,157,1.5083,-1.6908,1.4000,-6.2324
pos,158,1.5353,-1.6923,1.4000,-6.2409
pos,159,1.5620,-1.6941,1.4000,-6.2494
pos,160,1.5886,-1.6960,1.4000,-6.2580
pos,161,1.6150,-1.6981,1.4000,-6.2668
pos,162,1.6412,-1.7004,1.4001,-6.2755
pos,163,1.6671,-1.7028,1.4001,-6.2843
pos,164,1.6927,-1.7054,1.4001,-6.2931
pos,165,1.7180,-1.7081,1.4002,-6.3020
pos,166,1.7430,-1.7109,1.4003,-6.3108
pos,167,1.7677,-1.7139,1.4005,-6.3198
pos,168,1.7920,-1.7170,1.4007,-6.3287
pos,169,1.8160,-1.7202,1.4011,-6.3378
pos,170,1.8398,-1.7235,1.4016,-6.3470
pos,171,1.8635,-1.7270,1.4024,-6.3562
pos,172,1.8868,-1.7306,1.4036,-6.3655
pos,173,1.9098,-1.7343,1.4053,-6.3748
pos,174,1.9327,-1.7381,1.4063,-6.3843
pos,175,1.9553,-1.7421,1.4067,-6.3941
pos,176,1.9777,-1.7461,1.4066,-6.4038
pos,177,1.9996,-1.7502,1.4059,-6.4139
pos,178,2.0213,-1.7543,1.4062,-6.4239
pos,179,2.0428,-1.7586,1.4074,-6.4341
pos,180,2.0640,-1.7630,1.4083,-6.4446
pos,181,2.0847,-1.7674,1.4088,-6.4551
pos,182,2.1051,-1.7719,1.4092,-6.4658
pos,183,2.1254,-1.7766,1.4095,-6.4768
pos,184,2.1453,-1.7813,1.4096,-6.4879
pos,185,2.1649,-1.7860,1.4098,-6.4992
pos,186,2.1841,-1.7908,1.4098,-6.5107
pos,187,2.2031,-1.7958,1.4099,-6.5223
pos,188,2.2219,-1.8008,1.4099,-6.5343
pos,189,2.2403,-1.8060,1.4100,-6.5464
pos,190,2.2586,-1.8112,1.4100,-6.5587
pos,191,2.2766,-1.8165,1.4100,-6.5712
pos,192,2.2942,-1.8219,1.4100,-6.5840
pos,193,2.3117,-1.8274,1.4100,-6.5968
pos,194,2.3288,-1.8329,1.4100,-6.6100
pos,195,2.3457,-1.8385,1.4100,-6.6234
pos,196,2.3624,-1.8443,1.4100,-6.6371
pos,197,2.3789,-1.8502,1.4100,-6.6509
pos,198,2.3953,-1.8563,1.4100,-6.6649
pos,199,2.4116,-1.8625,1.4100,-6.6792
pos,200,2.4278,-1.8690,1.4100,-6.6937
pos,201,2.4437,-1.8754,1.4100,-6.7084
pos,202,2.4593,-1.8817,1.4100,-6.7234
pos,203,2.4744,-1.8881,1.4100,-6.7387
pos,204,2.4891,-1.8943,1.4100,-6.7541
pos,205,2.5036,-1.9006,1.4100,-6.7697
pos,206,2.5178,-1.9069,1.4100,-6.7855
pos,207,2.5317,-1.9131,1.4100,-6.8016
pos,208,2.5452,-1.9193,1.4100,-6.8178
pos,209,2.5585,-1.9254,1.4100,-6.8341
pos,210,2.5714,-1.9315,1.4100,-6.8507
pos,211,2.5839,-1.9374,1.4100,-6.8675
pos,212,2.5962,-1.9433,1.4100,-6.8844
pos,213,2.6081,-1.9491,1.4100,-6.9014
pos,214,2.6196,-1.9548,1.4100,-6.9185
pos,215,2.6308,-1.9605,1.4100,-6.9358
pos,216,2.6417,-1.9660,1.4100,-6.9532
pos,217,2.6522,-1.9713,1.4100,-6.9708
pos,218,2.6625,-1.9766,1.4100,-6.9884
pos,219,2.6724,-1.9817,1.4100,-7.0061
pos,220,2.6821,-1.9868,1.4100,-7.0239
pos,221,2.6915,-1.9917,1.4100,-7.0419
pos,222,2.7007,-1.9965,1.4100,-7.0599
pos,223,2.7096,-2.0012,1.4099,-7.0779
pos,224,2.7183,-2.0058,1.4099,-7.0959
pos,225,2.7267,-2.0102,1.4098,-7.1140
pos,226,2.7348,-2.0146,1.4098,-7.1323
pos,227,2.7428,-2.0187,1.4097,-7.1505
pos,228,2.7506,-2.0228,1.4095,-7.1687
pos,229,2.7582,-2.0267,1.4092,-7.1869
pos,230,2.7655,-2.0305,1.4089,-7.2051
pos,231,2.7727,-2.0341,1.4083,-7.2234
pos,232,2.7797,-2.0377,1.4075,-7.2417
pos,233,2.7865,-2.0411,1.4079,-7.2600
pos,234,2.7930,-2.0443,1.4079,-7.2780
pos,235,2.7994,-2.0475,1.4076,-7.2960
pos,236,2.8056,-2.0505,1.4069,-7.3139
pos,237,2.8116,-2.0535,1.4057,-7.3318
pos,238,2.8174,-2.0562,1.4039,-7.3496
pos,239,2.8231,-2.0588,1.4026,-7.3673
pos,240,2.8286,-2.0613,1.4018,-7.3850
pos,241,2.8340,-2.0637,1.4013,-7.4024
pos,242,2.8393,-2.0661,1.4009,-7.4198
pos,243,2.8445,-2.0684,1.4007,-7.4370
pos,244,2.8497,-2.0706,1.4007,-7.4542
pos,245,2.8548,-2.0728,1.4007,-7.4713
pos,246,2.8600,-2.0749,1.4009,-7.4883
pos,247,2.8652,-2.0770,1.4012,-7.5052
pos,248,2.8704,-2.0791,1.4017,-7.5217
pos,249,2.8758,-2.0811,1.4024,-7.5378
pos,250,2.8810,-2.0830,1.4035,-7.5534
pos,251,2.8861,-2.0848,1.4052,-7.5685
pos,252,2.8911,-2.0865,1.4062,-7.5830
pos,253,2.8960,-2.0880,1.4065,-7.5971
pos,254,2.9007,-2.0893,1.4062,-7.6106
pos,255,2.9053,-2.0905,1.4054,-7.6237
pos,256,2.9098,-2.0915,1.4038,-7.6360
pos,257,2.9142,-2.0924,1.4028,-7.6479
pos,258,2.9185,-2.0931,1.4023,-7.6593
pos,259,2.9227,-2.0937,1.4021,-7.6702
pos,260,2.9268,-2.0943,1.4023,-7.6807
pos,261,2.9309,-2.0948,1.4028,-7.6907
pos,262,2.9348,-2.0951,1.4022,-7.7002
pos,263,2.9386,-2.0952,1.4019,-7.7093
pos,264,2.9423,-2.0951,1.4019,-7.7179
pos,265,2.9459,-2.0951,1.4023,-7.7261
pos,266,2.9495,-2.0948,1.4030,-7.7336
pos,267,2.9530,-2.0944,1.4041,-7.7407
pos,268,2.9564,-2.0937,1.4059,-7.7474
pos,269,2.9597,-2.0928,1.4071,-7.7537
pos,270,2.9629,-2.0918,1.4078,-7.7596
pos,271,2.9660,-2.0906,1.4082,-7.7651
pos,272,2.9691,-2.0890,1.4083,-7.7703
pos,273,2.9720,-2.0874,1.4081,-7.7751
pos,274,2.9749,-2.0855,1.4077,-7.7795
pos,275,2.9777,-2.0837,1.4068,-7.7837
pos,276,2.9804,-2.0821,1.4054,-7.7875
pos,277,2.9830,-2.0803,1.4033,-7.7908
pos,278,2.9855,-2.0786,1.4018,-7.7939
pos,279,2.9879,-2.0770,1.4005,-7.7967
pos,280,2.9901,-2.0755,1.3993,-7.7993
pos,281,2.9923,-2.0739,1.3980,-7.8017
pos,282,2.9944,-2.0723,1.3964,-7.8039
pos,283,2.9964,-2.0708,1.3958,-7.8059
pos,284,2.9982,-2.0693,1.3962,-7.8077
pos,285,2.9999,-2.0675,1.3975,-7.8094
pos,286,3.0015,-2.0658,1.3985,-7.8110
pos,287,3.0030,-2.0640,1.3992,-7.8124
pos,288,3.0045,-2.0620,1.3998,-7.8137
pos,289,3.0058,-2.0600,1.4003,-7.8150
pos,290,3.0072,-2.0580,1.4009,-7.8159
pos,291,3.0084,-2.0558,1.4016,-7.8168
pos,292,3.0096,-2.0536,1.4026,-7.8177
pos,293,3.0108,-2.0513,1.4041,-7.8184
pos,294,3.0119,-2.0487,1.4029,-7.8192
pos,295,3.0129,-2.0461,1.4023,-7.8199
pos,296,3.0139,-2.0434,1.4020,-7.8205
pos,297,3.0149,-2.0404,1.4020,-7.8211
pos,298,3.0158,-2.0374,1.4023,-7.8217
pos,299,3.0167,-2.0340,1.4031,-7.8223
pos,300,3.0176,-2.0306,1.4043,-7.8229
pos,301,3.0185,-2.0268,1.4061,-7.8235
pos,302,3.0193,-2.0229,1.4074,-7.8241
pos,303,3.0202,-2.0184,1.4082,-7.8247
pos,304,3.0211,-2.0132,1.4088,-7.8253
pos,305,3.0221,-2.0075,1.4092,-7.8259
pos,306,3.0231,-2.0011,1.4094,-7.8266
pos,307,3.0241,-1.9940,1.4096,-7.8271
pos,308,3.0253,-1.9862,1.4097,-7.8276
pos,309,3.0265,-1.9779,1.4097,-7.8281
