delay,0
pos,0,-1.0868,-1.8177,1.2407,-2.8120
pos,1,-1.0721,-1.8156,1.2425,-2.8161
pos,2,-1.0574,-1.8135,1.2446,-2.8203
pos,3,-1.0427,-1.8115,1.2474,-2.8246
pos,4,-1.0278,-1.8094,1.2498,-2.8291
pos,5,-1.0129,-1.8074,1.2505,-2.8336
pos,6,-0.9978,-1.8053,1.2495,-2.8384
pos,7,-0.9827,-1.8033,1.2500,-2.8434
pos,8,-0.9674,-1.8013,1.2504,-2.8486
pos,9,-0.9521,-1.7994,1.2508,-2.8539
pos,10,-0.9369,-1.7975,1.2512,-2.8593
pos,11,-0.9216,-1.7957,1.2517,-2.8648
pos,12,-0.9064,-1.7940,1.2524,-2.8705
pos,13,-0.8912,-1.7924,1.2534,-2.8763
pos,14,-0.8760,-1.7908,1.2547,-2.8822
pos,15,-0.8609,-1.7893,1.2568,-2.8882
pos,16,-0.8456,-1.7878,1.2582,-2.8944
pos,17,-0.8306,-1.7863,1.2593,-2.9008
pos,18,-0.8156,-1.7849,1.2601,-2.9070
pos,19,-0.8007,-1.7836,1.2609,-2.9134
pos,20,-0.7855,-1.7823,1.2617,-2.9200
pos,21,-0.7700,-1.7811,1.2628,-2.9267
pos,22,-0.7543,-1.7800,1.2643,-2.9334
pos,23,-0.7383,-1.7789,1.2663,-2.9398
pos,24,-0.7220,-1.7780,1.2676,-2.9460
pos,25,-0.7054,-1.7770,1.2686,-2.9522
pos,26,-0.6888,-1.7762,1.2692,-2.9582
pos,27,-0.6719,-1.7753,1.2696,-2.9641
pos,28,-0.6549,-1.7746,1.2699,-2.9698
pos,29,-0.6378,-1.7739,1.2700,-2.9753
pos,30,-0.6204,-1.7733,1.2702,-2.9808
pos,31,-0.6030,-1.7728,1.2702,-2.9861
pos,32,-0.5854,-1.7724,1.2703,-2.9914
pos,33,-0.5675,-1.7720,1.2703,-2.9964
pos,34,-0.5496,-1.7718,1.2703,-3.0015
pos,35,-0.5316,-1.7716,1.2702,-3.0064
pos,36,-0.5135,-1.7714,1.2701,-3.0113
pos,37,-0.4952,-1.7714,1.2700,-3.0160
pos,38,-0.4770,-1.7714,1.2699,-3.0208
pos,39,-0.4586,-1.7715,1.2696,-3.0254
pos,40,-0.4400,-1.7717,1.2691,-3.0300
pos,41,-0.4214,-1.7719,1.2685,-3.0344
pos,42,-0.4027,-1.7723,1.2675,-3.0389
pos,43,-0.3840,-1.7727,1.2661,-3.0437
pos,44,-0.3651,-1.7732,1.2641,-3.0486
pos,45,-0.3462,-1.7737,1.2626,-3.0537
pos,46,-0.3270,-1.7744,1.2613,-3.0590
pos,47,-0.3079,-1.7752,1.2603,-3.0645
pos,48,-0.2886,-1.7761,1.2592,-3.0702
pos,49,-0.2694,-1.7771,1.2580,-3.0761
pos,50,-0.2502,-1.7782,1.2563,-3.0821
pos,51,-0.2307,-1.7794,1.2541,-3.0884
pos,52,-0.2113,-1.7808,1.2524,-3.0948
pos,53,-0.1916,-1.7823,1.2510,-3.1014
pos,54,-0.1719,-1.7840,1.2497,-3.1079
pos,55,-0.1521,-1.7858,1.2483,-3.1146
pos,56,-0.1322,-1.7878,1.2465,-3.1215
pos,57,-0.1122,-1.7899,1.2442,-3.1286
pos,58,-0.0922,-1.7921,1.2425,-3.1358
pos,59,-0.0722,-1.7945,1.2411,-3.1432
pos,60,-0.0520,-1.7971,1.2398,-3.1505
pos,61,-0.0319,-1.7998,1.2385,-3.1580
pos,62,-0.0116,-1.8027,1.2368,-3.1657
pos,63,0.0088,-1.8058,1.2345,-3.1735
pos,64,0.0291,-1.8090,1.2329,-3.1812
pos,65,0.0496,-1.8124,1.2318,-3.1891
pos,66,0.0701,-1.8160,1.2308,-3.1972
pos,67,0.0906,-1.8198,1.2300,-3.2054
pos,68,0.1112,-1.8237,1.2291,-3.2136
pos,69,0.1318,-1.8278,1.2280,-3.2220
pos,70,0.1524,-1.8320,1.2266,-3.2305
pos,71,0.1731,-1.8365,1.2245,-3.2391
pos,72,0.1937,-1.8412,1.2231,-3.2478
pos,73,0.2143,-1.8460,1.2221,-3.2566
pos,74,0.2351,-1.8511,1.2213,-3.2654
pos,75,0.2558,-1.8563,1.2208,-3.2743
pos,76,0.2765,-1.8617,1.2203,-3.2831
pos,77,0.2973,-1.8673,1.2198,-3.2921
pos,78,0.3180,-1.8732,1.2193,-3.3013
pos,79,0.3387,-1.8792,1.2186,-3.3103
pos,80,0.3595,-1.8855,1.2177,-3.3195
pos,81,0.3804,-1.8920,1.2164,-3.3286
pos,82,0.4013,-1.8986,1.2144,-3.3379
pos,83,0.4221,-1.9055,1.2130,-3.3474
pos,84,0.4431,-1.9126,1.2121,-3.3569
pos,85,0.4641,-1.9200,1.2115,-3.3667
pos,86,0.4852,-1.9276,1.2110,-3.3764
pos,87,0.5068,-1.9356,1.2107,-3.3864
pos,88,0.5282,-1.9438,1.2105,-3.3964
pos,89,0.5494,-1.9521,1.2103,-3.4066
pos,90,0.5704,-1.9604,1.2102,-3.4170
pos,91,0.5914,-1.9690,1.2101,-3.4275
pos,92,0.6123,-1.9778,1.2100,-3.4382
pos,93,0.6331,-1.9868,1.2099,-3.4490
pos,94,0.6538,-1.9959,1.2097,-3.4600
pos,95,0.6745,-2.0054,1.2096,-3.4712
pos,96,0.6953,-2.0150,1.2092,-3.4825
pos,97,0.7161,-2.0250,1.2088,-3.4940
pos,98,0.7367,-2.0351,1.2081,-3.5057
pos,99,0.7572,-2.0454,1.2072,-3.5176
pos,100,0.7776,-2.0559,1.2058,-3.5297
pos,101,0.7975,-2.0664,1.2037,-3.5418
pos,102,0.8170,-2.0769,1.2022,-3.5538
pos,103,0.8362,-2.0875,1.2010,-3.5657
pos,104,0.8551,-2.0982,1.2001,-3.5776
pos,105,0.8735,-2.1089,1.1991,-3.5894
pos,106,0.8916,-2.1195,1.1980,-3.6012
pos,107,0.9093,-2.1302,1.1965,-3.6128
pos,108,0.9267,-2.1410,1.1946,-3.6245
pos,109,0.9438,-2.1518,1.1933,-3.6360
pos,110,0.9606,-2.1627,1.1926,-3.6474
pos,111,0.9771,-2.1735,1.1890,-3.6588
pos,112,0.9931,-2.1842,1.1870,-3.6702
pos,113,1.0088,-2.1949,1.1843,-3.6815
pos,114,1.0241,-2.2056,1.1824,-3.6927
pos,115,1.0391,-2.2163,1.1808,-3.7038
pos,116,1.0539,-2.2270,1.1794,-3.7149
pos,117,1.0683,-2.2377,1.1778,-3.7260
pos,118,1.0823,-2.2484,1.1761,-3.7371
pos,119,1.0962,-2.2591,1.1738,-3.7481
pos,120,1.1097,-2.2698,1.1724,-3.7590
pos,121,1.1228,-2.2804,1.1714,-3.7698
pos,122,1.1356,-2.2909,1.1707,-3.7805
pos,123,1.1481,-2.3014,1.1703,-3.7913
pos,124,1.1603,-2.3119,1.1700,-3.8020
pos,125,1.1723,-2.3223,1.1698,-3.8126
pos,126,1.1840,-2.3327,1.1698,-3.8229
pos,127,1.1955,-2.3431,1.1698,-3.8329
pos,128,1.2069,-2.3536,1.1697,-3.8426
pos,129,1.2182,-2.3641,1.1696,-3.8519
pos,130,1.2295,-2.3747,1.1693,-3.8609
pos,131,1.2409,-2.3856,1.1690,-3.8696
pos,132,1.2523,-2.3966,1.1685,-3.8781
pos,133,1.2638,-2.4079,1.1676,-3.8863
pos,134,1.2755,-2.4194,1.1664,-3.8942
pos,135,1.2873,-2.4312,1.1646,-3.9020
pos,136,1.2995,-2.4435,1.1619,-3.9095
pos,137,1.3120,-2.4561,1.1578,-3.9169
pos,138,1.3248,-2.4691,1.1518,-3.9242
pos,139,1.3381,-2.4828,1.1429,-3.9314
pos,140,1.3510,-2.4961,1.1361,-3.9384
pos,141,1.3635,-2.5092,1.1302,-3.9452
pos,142,1.3757,-2.5219,1.1259,-3.9518
pos,143,1.3876,-2.5346,1.1225,-3.9584
pos,144,1.3991,-2.5470,1.1196,-3.9648
pos,145,1.4103,-2.5591,1.1165,-3.9710
pos,146,1.4213,-2.5712,1.1130,-3.9773
pos,147,1.4321,-2.5831,1.1098,-3.9838
pos,148,1.4425,-2.5947,1.1065,-3.9905
pos,149,1.4528,-2.6063,1.1043,-3.9974
pos,150,1.4628,-2.6177,1.1028,-4.0045
pos,151,1.4724,-2.6287,1.1018,-4.0115
pos,152,1.4817,-2.6393,1.1010,-4.0187
pos,153,1.4906,-2.6496,1.1003,-4.0260
pos,154,1.4992,-2.6595,1.0997,-4.0334
pos,155,1.5075,-2.6692,1.0990,-4.0410
pos,156,1.5157,-2.6786,1.0981,-4.0487
pos,157,1.5236,-2.6878,1.0969,-4.0565
pos,158,1.5314,-2.6968,1.0953,-4.0642
pos,159,1.5391,-2.7057,1.0928,-4.0720
pos,160,1.5468,-2.7146,1.0891,-4.0798
pos,161,1.5545,-2.7235,1.0837,-4.0878
pos,162,1.5621,-2.7322,1.0756,-4.0959
pos,163,1.5694,-2.7407,1.0701,-4.1040
pos,164,1.5766,-2.7489,1.0662,-4.1121
pos,165,1.5835,-2.7567,1.0632,-4.1204
pos,166,1.5901,-2.7642,1.0607,-4.1285
pos,167,1.5965,-2.7714,1.0583,-4.1366
pos,168,1.6027,-2.7784,1.0572,-4.1447
pos,169,1.6087,-2.7850,1.0573,-4.1529
pos,170,1.6146,-2.7916,1.0554,-4.1610
pos,171,1.6204,-2.7978,1.0511,-4.1691
pos,172,1.6261,-2.8039,1.0470,-4.1772
pos,173,1.6316,-2.8097,1.0439,-4.1852
pos,174,1.6370,-2.8153,1.0415,-4.1932
pos,175,1.6422,-2.8206,1.0393,-4.2011
pos,176,1.6473,-2.8257,1.0370,-4.2088
pos,177,1.6523,-2.8306,1.0342,-4.2164
pos,178,1.6571,-2.8352,1.0321,-4.2239
pos,179,1.6618,-2.8395,1.0303,-4.2314
pos,180,1.6664,-2.8437,1.0286,-4.2387
pos,181,1.6709,-2.8477,1.0266,-4.2459
pos,182,1.6753,-2.8514,1.0240,-4.2531
pos,183,1.6796,-2.8549,1.0204,-4.2601
pos,184,1.6839,-2.8583,1.0153,-4.2670
pos,185,1.6880,-2.8616,1.0111,-4.2738
pos,186,1.6921,-2.8645,1.0070,-4.2805
pos,187,1.6960,-2.8673,1.0041,-4.2868
pos,188,1.6999,-2.8699,1.0018,-4.2931
pos,189,1.7037,-2.8724,0.9998,-4.2992
pos,190,1.7074,-2.8747,0.9977,-4.3052
pos,191,1.7109,-2.8767,0.9952,-4.3111
pos,192,1.7145,-2.8785,0.9920,-4.3168
pos,193,1.7179,-2.8802,0.9891,-4.3223
pos,194,1.7213,-2.8817,0.9862,-4.3276
pos,195,1.7246,-2.8831,0.9827,-4.3328
pos,196,1.7279,-2.8843,0.9798,-4.3378
pos,197,1.7311,-2.8854,0.9771,-4.3427
pos,198,1.7342,-2.8862,0.9740,-4.3474
pos,199,1.7372,-2.8870,0.9716,-4.3518
pos,200,1.7402,-2.8876,0.9696,-4.3560
pos,201,1.7431,-2.8880,0.9677,-4.3599
pos,202,1.7460,-2.8883,0.9655,-4.3636
pos,203,1.7488,-2.8884,0.9627,-4.3671
pos,204,1.7516,-2.8883,0.9604,-4.3704
pos,205,1.7543,-2.8880,0.9584,-4.3735
pos,206,1.7569,-2.8876,0.9561,-4.3763
pos,207,1.7594,-2.8869,0.9550,-4.3790
pos,208,1.7619,-2.8861,0.9531,-4.3815
pos,209,1.7644,-2.8851,0.9518,-4.3838
pos,210,1.7668,-2.8841,0.9509,-4.3859
pos,211,1.7691,-2.8829,0.9503,-4.3877
pos,212,1.7713,-2.8815,0.9482,-4.3894
pos,213,1.7735,-2.8798,0.9444,-4.3909
pos,214,1.7756,-2.8780,0.9413,-4.3921
pos,215,1.7776,-2.8762,0.9385,-4.3932
pos,216,1.7794,-2.8741,0.9356,-4.3941
pos,217,1.7811,-2.8718,0.9337,-4.3946
pos,218,1.7827,-2.8693,0.9325,-4.3950
pos,219,1.7843,-2.8665,0.9317,-4.3952
pos,220,1.7857,-2.8636,0.9313,-4.3953
pos,221,1.7871,-2.8605,0.9312,-4.3956
pos,222,1.7883,-2.8571,0.9313,-4.3959
pos,223,1.7895,-2.8537,0.9317,-4.3964
pos,224,1.7905,-2.8499,0.9325,-4.3970
pos,225,1.7915,-2.8458,0.9338,-4.3976
pos,226,1.7924,-2.8414,0.9357,-4.3984
pos,227,1.7932,-2.8369,0.9387,-4.3993
pos,228,1.7939,-2.8321,0.9415,-4.4003
pos,229,1.7946,-2.8270,0.9447,-4.4014
pos,230,1.7952,-2.8218,0.9470,-4.4025
pos,231,1.7958,-2.8163,0.9490,-4.4037
pos,232,1.7963,-2.8106,0.9508,-4.4049
pos,233,1.7968,-2.8047,0.9529,-4.4063
pos,234,1.7971,-2.7984,0.9556,-4.4078
pos,235,1.7974,-2.7920,0.9575,-4.4093
pos,236,1.7976,-2.7853,0.9592,-4.4109
pos,237,1.7978,-2.7785,0.9608,-4.4125
pos,238,1.7978,-2.7714,0.9625,-4.4142
pos,239,1.7978,-2.7641,0.9647,-4.4160
pos,240,1.7978,-2.7566,0.9661,-4.4181
pos,241,1.7976,-2.7487,0.9686,-4.4203
pos,242,1.7974,-2.7407,0.9709,-4.4225
pos,243,1.7971,-2.7323,0.9734,-4.4249
pos,244,1.7968,-2.7239,0.9766,-4.4274
pos,245,1.7964,-2.7151,0.9792,-4.4300
pos,246,1.7959,-2.7062,0.9817,-4.4328
pos,247,1.7954,-2.6970,0.9846,-4.4352
pos,248,1.7948,-2.6876,0.9883,-4.4376
pos,249,1.7942,-2.6777,0.9934,-4.4398
pos,250,1.7935,-2.6678,0.9974,-4.4419
pos,251,1.7927,-2.6575,1.0011,-4.4438
pos,252,1.7918,-2.6471,1.0051,-4.4456
pos,253,1.7909,-2.6365,1.0099,-4.4472
pos,254,1.7898,-2.6255,1.0148,-4.4488
pos,255,1.7887,-2.6143,1.0204,-4.4502
pos,256,1.7875,-2.6028,1.0262,-4.4518
pos,257,1.7862,-2.5912,1.0314,-4.4536
pos,258,1.7849,-2.5791,1.0370,-4.4555
pos,259,1.7835,-2.5669,1.0420,-4.4577
pos,260,1.7820,-2.5546,1.0474,-4.4601
pos,261,1.7805,-2.5419,1.0525,-4.4627
pos,262,1.7789,-2.5291,1.0580,-4.4655
pos,263,1.7773,-2.5159,1.0632,-4.4686
pos,264,1.7756,-2.5025,1.0690,-4.4718
pos,265,1.7739,-2.4890,1.0747,-4.4754
pos,266,1.7722,-2.4752,1.0796,-4.4791
pos,267,1.7705,-2.4612,1.0844,-4.4831
pos,268,1.7688,-2.4469,1.0898,-4.4874
pos,269,1.7671,-2.4322,1.0968,-4.4919
pos,270,1.7653,-2.4174,1.1031,-4.4965
pos,271,1.7636,-2.4025,1.1082,-4.5014
pos,272,1.7618,-2.3872,1.1129,-4.5066
pos,273,1.7601,-2.3718,1.1181,-4.5121
pos,274,1.7583,-2.3562,1.1228,-4.5180
pos,275,1.7566,-2.3402,1.1279,-4.5241
pos,276,1.7549,-2.3240,1.1342,-4.5305
pos,277,1.7532,-2.3077,1.1395,-4.5373
pos,278,1.7516,-2.2910,1.1447,-4.5444
pos,279,1.7501,-2.2743,1.1489,-4.5518
pos,280,1.7486,-2.2574,1.1528,-4.5595
pos,281,1.7472,-2.2402,1.1571,-4.5675
pos,282,1.7458,-2.2227,1.1625,-4.5760
pos,283,1.7445,-2.2051,1.1682,-4.5847
pos,284,1.7434,-2.1875,1.1736,-4.5938
pos,285,1.7424,-2.1698,1.1778,-4.6033
pos,286,1.7416,-2.1521,1.1816,-4.6131
pos,287,1.7410,-2.1344,1.1856,-4.6233
pos,288,1.7406,-2.1166,1.1889,-4.6339
pos,289,1.7403,-2.0988,1.1919,-4.6448
pos,290,1.7403,-2.0811,1.1951,-4.6561
pos,291,1.7406,-2.0634,1.1975,-4.6679
pos,292,1.7411,-2.0456,1.1995,-4.6799
pos,293,1.7418,-2.0277,1.2013,-4.6923
pos,294,1.7429,-2.0097,1.2032,-4.7050
pos,295,1.7441,-1.9916,1.2056,-4.7182
pos,296,1.7458,-1.9731,1.2089,-4.7312
pos,297,1.7477,-1.9545,1.2134,-4.7445
pos,298,1.7499,-1.9361,1.2169,-4.7579
pos,299,1.7525,-1.9178,1.2198,-4.7713
pos,300,1.7554,-1.8996,1.2227,-4.7848
pos,301,1.7588,-1.8813,1.2258,-4.7983
pos,302,1.7625,-1.8632,1.2283,-4.8119
pos,303,1.7666,-1.8452,1.2305,-4.8253
pos,304,1.7711,-1.8274,1.2327,-4.8388
pos,305,1.7760,-1.8095,1.2353,-4.8521
pos,306,1.7814,-1.7916,1.2386,-4.8655
pos,307,1.7871,-1.7740,1.2418,-4.8786
