delay,0
pos,0,1.6717,-1.7457,1.3661,0.5353
pos,1,1.6813,-1.7420,1.3706,0.5353
pos,2,1.6903,-1.7385,1.3736,0.5353
pos,3,1.6988,-1.7353,1.3757,0.5353
pos,4,1.7065,-1.7323,1.3770,0.5353
pos,5,1.7137,-1.7295,1.3779,0.5353
pos,6,1.7205,-1.7269,1.3785,0.5353
pos,7,1.7267,-1.7245,1.3789,0.5353
pos,8,1.7324,-1.7223,1.3792,0.5354
pos,9,1.7378,-1.7202,1.3794,0.5354
pos,10,1.7427,-1.7183,1.3795,0.5354
pos,11,1.7471,-1.7165,1.3797,0.5354
pos,12,1.7514,-1.7149,1.3797,0.5355
pos,13,1.7552,-1.7134,1.3798,0.5355
pos,14,1.7586,-1.7120,1.3798,0.5355
pos,15,1.7618,-1.7107,1.3798,0.5355
pos,16,1.7647,-1.7095,1.3798,0.5355
pos,17,1.7673,-1.7084,1.3798,0.5355
pos,18,1.7697,-1.7074,1.3798,0.5355
pos,19,1.7718,-1.7064,1.3798,0.5355
pos,20,1.7739,-1.7055,1.3798,0.5355
pos,21,1.7756,-1.7047,1.3799,0.5355
pos,22,1.7771,-1.7039,1.3799,0.5355
pos,23,1.7785,-1.7032,1.3799,0.5354
pos,24,1.7797,-1.7025,1.3798,0.5354
pos,25,1.7808,-1.7019,1.3799,0.5353
pos,26,1.7817,-1.7014,1.3799,0.5352
pos,27,1.7826,-1.7008,1.3799,0.5351
pos,28,1.7832,-1.7004,1.3799,0.5350
pos,29,1.7838,-1.6999,1.3800,0.5348
pos,30,1.7843,-1.6995,1.3800,0.5347
pos,31,1.7847,-1.6991,1.3801,0.5345
pos,32,1.7850,-1.6988,1.3802,0.5344
pos,33,1.7853,-1.6985,1.3804,0.5342
pos,34,1.7854,-1.6983,1.3807,0.5339
pos,35,1.7855,-1.6980,1.3811,0.5337
pos,36,1.7855,-1.6978,1.3817,0.5335
pos,37,1.7855,-1.6977,1.3826,0.5333
pos,38,1.7853,-1.6975,1.3839,0.5330
pos,39,1.7852,-1.6974,1.3859,0.5327
pos,40,1.7849,-1.6974,1.3872,0.5325
pos,41,1.7847,-1.6973,1.3881,0.5321
pos,42,1.7846,-1.6972,1.3887,0.5318
pos,43,1.7843,-1.6972,1.3892,0.5314
pos,44,1.7840,-1.6972,1.3895,0.5311
pos,45,1.7836,-1.6973,1.3897,0.5307
pos,46,1.7833,-1.6973,1.3899,0.5304
pos,47,1.7830,-1.6974,1.3902,0.5300
pos,48,1.7826,-1.6975,1.3904,0.5296
pos,49,1.7822,-1.6976,1.3908,0.5293
pos,50,1.7818,-1.6977,1.3913,0.5289
pos,51,1.7814,-1.6979,1.3919,0.5286
pos,52,1.7811,-1.6981,1.3929,0.5282
pos,53,1.7807,-1.6983,1.3945,0.5278
pos,54,1.7804,-1.6985,1.3952,0.5274
pos,55,1.7801,-1.6987,1.3967,0.5270
pos,56,1.7797,-1.6990,1.3976,0.5266
pos,57,1.7794,-1.6993,1.3982,0.5262
pos,58,1.7791,-1.6996,1.3985,0.5259
pos,59,1.7788,-1.6999,1.3987,0.5255
pos,60,1.7785,-1.7003,1.3987,0.5251
pos,61,1.7782,-1.7006,1.3984,0.5248
pos,62,1.7778,-1.7010,1.3979,0.5245
pos,63,1.7775,-1.7013,1.3970,0.5241
pos,64,1.7773,-1.7016,1.3957,0.5238
pos,65,1.7771,-1.7019,1.3938,0.5235
pos,66,1.7768,-1.7022,1.3925,0.5232
pos,67,1.7765,-1.7025,1.3916,0.5229
pos,68,1.7763,-1.7028,1.3909,0.5226
pos,69,1.7759,-1.7031,1.3904,0.5223
pos,70,1.7757,-1.7034,1.3899,0.5220
pos,71,1.7754,-1.7037,1.3894,0.5217
pos,72,1.7753,-1.7040,1.3889,0.5214
pos,73,1.7750,-1.7043,1.3882,0.5211
pos,74,1.7748,-1.7046,1.3873,0.5208
pos,75,1.7746,-1.7048,1.3859,0.5206
pos,76,1.7745,-1.7051,1.3839,0.5203
pos,77,1.7742,-1.7054,1.3824,0.5201
pos,78,1.7740,-1.7057,1.3814,0.5199
pos,79,1.7739,-1.7059,1.3806,0.5196
pos,80,1.7738,-1.7062,1.3799,0.5194
pos,81,1.7736,-1.7065,1.3793,0.5192
pos,82,1.7734,-1.7068,1.3785,0.5190
pos,83,1.7732,-1.7071,1.3775,0.5189
pos,84,1.7732,-1.7074,1.3761,0.5187
pos,85,1.7729,-1.7078,1.3741,0.5185
pos,86,1.7727,-1.7081,1.3727,0.5184
pos,87,1.7726,-1.7085,1.3718,0.5182
pos,88,1.7725,-1.7088,1.3711,0.5181
pos,89,1.7724,-1.7091,1.3704,0.5180
pos,90,1.7722,-1.7095,1.3697,0.5179
pos,91,1.7720,-1.7098,1.3688,0.5177
pos,92,1.7719,-1.7101,1.3675,0.5176
pos,93,1.7718,-1.7104,1.3658,0.5175
pos,94,1.7718,-1.7106,1.3633,0.5174
pos,95,1.7716,-1.7109,1.3613,0.5173
pos,96,1.7714,-1.7112,1.3592,0.5172
pos,97,1.7713,-1.7115,1.3570,0.5171
pos,98,1.7712,-1.7118,1.3542,0.5171
pos,99,1.7712,-1.7121,1.3519,0.5170
pos,100,1.7712,-1.7124,1.3499,0.5169
pos,101,1.7711,-1.7127,1.3477,0.5169
pos,102,1.7710,-1.7130,1.3451,0.5169
pos,103,1.7709,-1.7133,1.3432,0.5168
pos,104,1.7708,-1.7136,1.3415,0.5168
pos,105,1.7708,-1.7138,1.3399,0.5168
pos,106,1.7709,-1.7140,1.3380,0.5168
pos,107,1.7708,-1.7143,1.3356,0.5167
pos,108,1.7707,-1.7145,1.3339,0.5167
pos,109,1.7707,-1.7147,1.3326,0.5167
pos,110,1.7707,-1.7149,1.3315,0.5167
pos,111,1.7707,-1.7151,1.3304,0.5167
pos,112,1.7708,-1.7153,1.3292,0.5167
pos,113,1.7707,-1.7155,1.3276,0.5167
pos,114,1.7706,-1.7157,1.3255,0.5167
pos,115,1.7706,-1.7159,1.3241,0.5166
pos,116,1.7707,-1.7161,1.3231,0.5166
pos,117,1.7707,-1.7162,1.3224,0.5166
pos,118,1.7708,-1.7164,1.3219,0.5166
pos,119,1.7710,-1.7165,1.3215,0.5166
pos,120,1.7712,-1.7166,1.3212,0.5166
pos,121,1.7712,-1.7168,1.3209,0.5166
pos,122,1.7712,-1.7170,1.3205,0.5166
pos,123,1.7714,-1.7171,1.3201,0.5166
pos,124,1.7715,-1.7173,1.3195,0.5167
pos,125,1.7717,-1.7174,1.3186,0.5167
pos,126,1.7719,-1.7175,1.3173,0.5167
pos,127,1.7722,-1.7177,1.3155,0.5167
pos,128,1.7725,-1.7178,1.3128,0.5167
pos,129,1.7727,-1.7179,1.3088,0.5168
pos,130,1.7728,-1.7181,1.3060,0.5168
pos,131,1.7730,-1.7183,1.3039,0.5168
pos,132,1.7732,-1.7184,1.3024,0.5169
pos,133,1.7734,-1.7186,1.3012,0.5169
pos,134,1.7736,-1.7187,1.2999,0.5169
pos,135,1.7738,-1.7189,1.2986,0.5170
pos,136,1.7741,-1.7190,1.2968,0.5170
pos,137,1.7743,-1.7191,1.2944,0.5171
pos,138,1.7744,-1.7193,1.2925,0.5171
pos,139,1.7745,-1.7195,1.2910,0.5172
pos,140,1.7746,-1.7197,1.2894,0.5172
pos,141,1.7747,-1.7199,1.2877,0.5172
pos,142,1.7749,-1.7201,1.2854,0.5173
pos,143,1.7750,-1.7203,1.2839,0.5173
pos,144,1.7751,-1.7204,1.2828,0.5173
pos,145,1.7752,-1.7205,1.2821,0.5173
pos,146,1.7753,-1.7207,1.2816,0.5174
pos,147,1.7755,-1.7208,1.2813,0.5174
pos,148,1.7757,-1.7209,1.2810,0.5174
pos,149,1.7757,-1.7211,1.2807,0.5175
pos,150,1.7757,-1.7214,1.2805,0.5175
pos,151,1.7757,-1.7216,1.2802,0.5175
pos,152,1.7758,-1.7218,1.2799,0.5176
pos,153,1.7759,-1.7220,1.2794,0.5176
pos,154,1.7759,-1.7222,1.2787,0.5176
pos,155,1.7759,-1.7225,1.2794,0.5176
pos,156,1.7758,-1.7227,1.2798,0.5176
pos,157,1.7758,-1.7230,1.2801,0.5176
pos,158,1.7758,-1.7233,1.2803,0.5176
pos,159,1.7758,-1.7236,1.2804,0.5177
pos,160,1.7759,-1.7238,1.2805,0.5177
pos,161,1.7760,-1.7241,1.2806,0.5177
pos,162,1.7760,-1.7243,1.2808,0.5176
pos,163,1.7759,-1.7245,1.2809,0.5176
pos,164,1.7759,-1.7248,1.2811,0.5176
pos,165,1.7758,-1.7250,1.2814,0.5176
pos,166,1.7758,-1.7253,1.2819,0.5176
pos,167,1.7758,-1.7254,1.2825,0.5175
pos,168,1.7758,-1.7256,1.2835,0.5175
pos,169,1.7759,-1.7258,1.2849,0.5175
pos,170,1.7759,-1.7259,1.2870,0.5174
pos,171,1.7760,-1.7261,1.2886,0.5174
pos,172,1.7761,-1.7262,1.2898,0.5174
pos,173,1.7762,-1.7263,1.2909,0.5173
pos,174,1.7764,-1.7264,1.2922,0.5173
pos,175,1.7765,-1.7265,1.2939,0.5172
pos,176,1.7767,-1.7266,1.2963,0.5172
pos,177,1.7769,-1.7266,1.2981,0.5171
pos,178,1.7772,-1.7267,1.2997,0.5170
pos,179,1.7772,-1.7268,1.3013,0.5170
pos,180,1.7773,-1.7269,1.3031,0.5169
pos,181,1.7773,-1.7271,1.3056,0.5169
pos,182,1.7774,-1.7272,1.3073,0.5168
pos,183,1.7775,-1.7273,1.3086,0.5168
pos,184,1.7776,-1.7275,1.3098,0.5167
pos,185,1.7778,-1.7276,1.3110,0.5166
pos,186,1.7780,-1.7277,1.3123,0.5166
pos,187,1.7782,-1.7278,1.3141,0.5165
pos,188,1.7784,-1.7279,1.3150,0.5164
pos,189,1.7787,-1.7280,1.3168,0.5164
pos,190,1.7789,-1.7282,1.3180,0.5163
pos,191,1.7791,-1.7284,1.3191,0.5163
pos,192,1.7793,-1.7286,1.3199,0.5162
pos,193,1.7796,-1.7288,1.3209,0.5162
pos,194,1.7798,-1.7291,1.3220,0.5162
pos,195,1.7800,-1.7294,1.3235,0.5161
pos,196,1.7802,-1.7297,1.3255,0.5161
pos,197,1.7804,-1.7300,1.3269,0.5161
pos,198,1.7806,-1.7303,1.3278,0.5160
pos,199,1.7809,-1.7306,1.3284,0.5160
pos,200,1.7811,-1.7309,1.3288,0.5160
pos,201,1.7813,-1.7312,1.3290,0.5159
pos,202,1.7814,-1.7316,1.3291,0.5159
pos,203,1.7815,-1.7320,1.3292,0.5158
pos,204,1.7815,-1.7324,1.3291,0.5157
pos,205,1.7816,-1.7328,1.3288,0.5157
pos,206,1.7817,-1.7332,1.3285,0.5156
pos,207,1.7818,-1.7336,1.3279,0.5155
pos,208,1.7819,-1.7341,1.3270,0.5155
pos,209,1.7820,-1.7345,1.3257,0.5154
pos,210,1.7821,-1.7350,1.3237,0.5152
pos,211,1.7823,-1.7355,1.3224,0.5151
pos,212,1.7824,-1.7360,1.3215,0.5150
pos,213,1.7825,-1.7365,1.3208,0.5149
pos,214,1.7827,-1.7371,1.3203,0.5148
pos,215,1.7829,-1.7376,1.3198,0.5148
pos,216,1.7830,-1.7382,1.3194,0.5146
pos,217,1.7832,-1.7387,1.3188,0.5145
pos,218,1.7834,-1.7392,1.3182,0.5143
pos,219,1.7836,-1.7398,1.3172,0.5141
pos,220,1.7838,-1.7403,1.3158,0.5140
pos,221,1.7841,-1.7408,1.3138,0.5138
pos,222,1.7843,-1.7413,1.3125,0.5137
pos,223,1.7846,-1.7419,1.3115,0.5136
pos,224,1.7849,-1.7424,1.3108,0.5135
pos,225,1.7852,-1.7430,1.3103,0.5135
pos,226,1.7855,-1.7435,1.3098,0.5134
pos,227,1.7858,-1.7441,1.3093,0.5134
pos,228,1.7862,-1.7447,1.3088,0.5133
pos,229,1.7865,-1.7452,1.3081,0.5133
pos,230,1.7869,-1.7458,1.3071,0.5132
pos,231,1.7874,-1.7463,1.3056,0.5132
pos,232,1.7878,-1.7468,1.3035,0.5131
pos,233,1.7883,-1.7473,1.3020,0.5130
pos,234,1.7888,-1.7478,1.3008,0.5130
pos,235,1.7891,-1.7484,1.2997,0.5129
pos,236,1.7893,-1.7490,1.2987,0.5129
pos,237,1.7896,-1.7495,1.2975,0.5128
pos,238,1.7899,-1.7501,1.2958,0.5128
pos,239,1.7901,-1.7506,1.2935,0.5127
pos,240,1.7904,-1.7512,1.2919,0.5127
pos,241,1.7906,-1.7517,1.2906,0.5127
pos,242,1.7909,-1.7523,1.2893,0.5126
pos,243,1.7912,-1.7529,1.2880,0.5126
pos,244,1.7915,-1.7534,1.2863,0.5126
pos,245,1.7917,-1.7540,1.2841,0.5125
pos,246,1.7920,-1.7546,1.2826,0.5125
pos,247,1.7923,-1.7553,1.2815,0.5124
pos,248,1.7926,-1.7559,1.2807,0.5122
pos,249,1.7929,-1.7565,1.2799,0.5121
pos,250,1.7933,-1.7572,1.2792,0.5120
pos,251,1.7936,-1.7578,1.2785,0.5118
pos,252,1.7939,-1.7584,1.2774,0.5116
pos,253,1.7943,-1.7590,1.2776,0.5114
pos,254,1.7946,-1.7596,1.2773,0.5113
pos,255,1.7950,-1.7601,1.2767,0.5111
pos,256,1.7953,-1.7607,1.2755,0.5110
pos,257,1.7957,-1.7613,1.2737,0.5108
pos,258,1.7961,-1.7619,1.2725,0.5107
pos,259,1.7966,-1.7625,1.2717,0.5106
pos,260,1.7970,-1.7631,1.2711,0.5105
pos,261,1.7975,-1.7638,1.2707,0.5104
pos,262,1.7980,-1.7644,1.2705,0.5103
pos,263,1.7986,-1.7651,1.2704,0.5102
pos,264,1.7991,-1.7657,1.2704,0.5101
pos,265,1.7996,-1.7664,1.2704,0.5101
pos,266,1.8002,-1.7671,1.2705,0.5100
pos,267,1.8007,-1.7679,1.2707,0.5101
pos,268,1.8012,-1.7687,1.2711,0.5101
pos,269,1.8018,-1.7694,1.2717,0.5101
pos,270,1.8023,-1.7702,1.2725,0.5102
pos,271,1.8029,-1.7709,1.2738,0.5102
pos,272,1.8035,-1.7717,1.2740,0.5102
pos,273,1.8040,-1.7725,1.2749,0.5102
pos,274,1.8046,-1.7733,1.2766,0.5102
pos,275,1.8052,-1.7741,1.2777,0.5102
pos,276,1.8059,-1.7748,1.2785,0.5102
pos,277,1.8065,-1.7756,1.2792,0.5102
pos,278,1.8071,-1.7764,1.2796,0.5102
pos,279,1.8077,-1.7773,1.2801,0.5102
pos,280,1.8082,-1.7781,1.2805,0.5102
pos,281,1.8088,-1.7790,1.2810,0.5103
pos,282,1.8094,-1.7798,1.2816,0.5103
pos,283,1.8100,-1.7807,1.2826,0.5103
pos,284,1.8105,-1.7815,1.2840,0.5103
pos,285,1.8111,-1.7824,1.2860,0.5104
pos,286,1.8117,-1.7832,1.2875,0.5104
pos,287,1.8123,-1.7840,1.2885,0.5104
pos,288,1.8128,-1.7848,1.2893,0.5104
pos,289,1.8134,-1.7856,1.2899,0.5104
pos,290,1.8139,-1.7863,1.2906,0.5104
pos,291,1.8145,-1.7871,1.2914,0.5104
pos,292,1.8150,-1.7878,1.2923,0.5104
pos,293,1.8154,-1.7885,1.2937,0.5104
pos,294,1.8159,-1.7892,1.2941,0.5104
pos,295,1.8163,-1.7899,1.2952,0.5103
pos,296,1.8168,-1.7905,1.2971,0.5103
pos,297,1.8172,-1.7911,1.2986,0.5103
pos,298,1.8176,-1.7917,1.2998,0.5103
pos,299,1.8180,-1.7922,1.3010,0.5103
pos,300,1.8184,-1.7927,1.3024,0.5103
pos,301,1.8188,-1.7932,1.3041,0.5103
pos,302,1.8192,-1.7937,1.3050,0.5103
pos,303,1.8196,-1.7941,1.3066,0.5104
pos,304,1.8200,-1.7945,1.3076,0.5104
pos,305,1.8203,-1.7949,1.3084,0.5104
pos,306,1.8207,-1.7953,1.3089,0.5105
pos,307,1.8210,-1.7957,1.3093,0.5106
pos,308,1.8214,-1.7960,1.3095,0.5106
pos,309,1.8216,-1.7964,1.3096,0.5107
pos,310,1.8217,-1.7967,1.3097,0.5107
pos,311,1.8219,-1.7970,1.3097,0.5107
pos,312,1.8220,-1.7972,1.3097,0.5107
pos,313,1.8221,-1.7974,1.3097,0.5107
pos,314,1.8222,-1.7975,1.3095,0.5107
pos,315,1.8223,-1.7976,1.3093,0.5107
pos,316,1.8223,-1.7977,1.3091,0.5107
