delay,0
pos,0,3.3687,-1.4107,1.3400,-5.8701
pos,1,3.3593,-1.4131,1.3400,-5.8704
pos,2,3.3505,-1.4154,1.3400,-5.8706
pos,3,3.3422,-1.4176,1.3400,-5.8707
pos,4,3.3344,-1.4198,1.3399,-5.8707
pos,5,3.3273,-1.4219,1.3399,-5.8706
pos,6,3.3206,-1.4239,1.3398,-5.8704
pos,7,3.3142,-1.4258,1.3398,-5.8702
pos,8,3.3084,-1.4277,1.3397,-5.8699
pos,9,3.3028,-1.4296,1.3395,-5.8695
pos,10,3.2975,-1.4314,1.3393,-5.8691
pos,11,3.2926,-1.4332,1.3389,-5.8687
pos,12,3.2879,-1.4350,1.3383,-5.8682
pos,13,3.2834,-1.4368,1.3375,-5.8676
pos,14,3.2792,-1.4385,1.3363,-5.8671
pos,15,3.2751,-1.4403,1.3346,-5.8665
pos,16,3.2712,-1.4421,1.3335,-5.8660
pos,17,3.2675,-1.4439,1.3330,-5.8654
pos,18,3.2639,-1.4456,1.3330,-5.8648
pos,19,3.2605,-1.4473,1.3335,-5.8641
pos,20,3.2571,-1.4491,1.3345,-5.8635
pos,21,3.2537,-1.4508,1.3363,-5.8629
pos,22,3.2506,-1.4526,1.3374,-5.8624
pos,23,3.2474,-1.4543,1.3382,-5.8618
pos,24,3.2443,-1.4561,1.3386,-5.8613
pos,25,3.2412,-1.4579,1.3389,-5.8608
pos,26,3.2382,-1.4597,1.3389,-5.8603
pos,27,3.2351,-1.4615,1.3388,-5.8599
pos,28,3.2321,-1.4634,1.3385,-5.8595
pos,29,3.2290,-1.4653,1.3380,-5.8591
pos,30,3.2259,-1.4673,1.3372,-5.8592
pos,31,3.2227,-1.4693,1.3359,-5.8596
pos,32,3.2195,-1.4713,1.3339,-5.8604
pos,33,3.2160,-1.4733,1.3326,-5.8615
pos,34,3.2126,-1.4754,1.3317,-5.8628
pos,35,3.2089,-1.4774,1.3310,-5.8645
pos,36,3.2052,-1.4795,1.3306,-5.8665
pos,37,3.2016,-1.4816,1.3302,-5.8688
pos,38,3.1982,-1.4836,1.3299,-5.8715
pos,39,3.1949,-1.4856,1.3295,-5.8745
pos,40,3.1916,-1.4875,1.3290,-5.8777
pos,41,3.1885,-1.4893,1.3284,-5.8814
pos,42,3.1855,-1.4911,1.3276,-5.8853
pos,43,3.1825,-1.4929,1.3263,-5.8895
pos,44,3.1796,-1.4946,1.3244,-5.8939
pos,45,3.1767,-1.4962,1.3233,-5.8985
pos,46,3.1739,-1.4978,1.3227,-5.9036
pos,47,3.1711,-1.4993,1.3225,-5.9090
pos,48,3.1681,-1.5009,1.3228,-5.9146
pos,49,3.1652,-1.5024,1.3218,-5.9204
pos,50,3.1622,-1.5039,1.3212,-5.9264
pos,51,3.1592,-1.5053,1.3207,-5.9327
pos,52,3.1562,-1.5066,1.3204,-5.9393
pos,53,3.1532,-1.5079,1.3202,-5.9460
pos,54,3.1502,-1.5092,1.3199,-5.9530
pos,55,3.1469,-1.5105,1.3197,-5.9602
pos,56,3.1437,-1.5117,1.3194,-5.9676
pos,57,3.1404,-1.5129,1.3189,-5.9752
pos,58,3.1371,-1.5140,1.3184,-5.9830
pos,59,3.1336,-1.5152,1.3175,-5.9910
pos,60,3.1300,-1.5163,1.3163,-5.9992
pos,61,3.1264,-1.5174,1.3144,-6.0077
pos,62,3.1228,-1.5184,1.3133,-6.0164
pos,63,3.1189,-1.5194,1.3127,-6.0253
pos,64,3.1151,-1.5204,1.3125,-6.0344
pos,65,3.1112,-1.5214,1.3128,-6.0437
pos,66,3.1071,-1.5223,1.3119,-6.0532
pos,67,3.1030,-1.5232,1.3113,-6.0626
pos,68,3.0989,-1.5241,1.3108,-6.0718
pos,69,3.0945,-1.5250,1.3106,-6.0810
pos,70,3.0901,-1.5258,1.3104,-6.0901
pos,71,3.0857,-1.5266,1.3103,-6.0990
pos,72,3.0811,-1.5274,1.3102,-6.1080
pos,73,3.0765,-1.5282,1.3101,-6.1168
pos,74,3.0717,-1.5289,1.3101,-6.1257
pos,75,3.0669,-1.5297,1.3101,-6.1344
pos,76,3.0622,-1.5304,1.3100,-6.1430
pos,77,3.0572,-1.5312,1.3100,-6.1516
pos,78,3.0523,-1.5319,1.3100,-6.1601
pos,79,3.0472,-1.5326,1.3100,-6.1686
pos,80,3.0421,-1.5333,1.3100,-6.1769
pos,81,3.0368,-1.5340,1.3100,-6.1853
pos,82,3.0316,-1.5347,1.3100,-6.1935
pos,83,3.0265,-1.5354,1.3100,-6.2018
pos,84,3.0212,-1.5361,1.3100,-6.2100
pos,85,3.0159,-1.5368,1.3100,-6.2182
pos,86,3.0105,-1.5375,1.3099,-6.2263
pos,87,3.0052,-1.5382,1.3099,-6.2344
pos,88,2.9997,-1.5390,1.3099,-6.2425
pos,89,2.9941,-1.5397,1.3098,-6.2506
pos,90,2.9885,-1.5405,1.3097,-6.2586
pos,91,2.9829,-1.5412,1.3096,-6.2666
pos,92,2.9773,-1.5420,1.3094,-6.2745
pos,93,2.9717,-1.5427,1.3091,-6.2825
pos,94,2.9661,-1.5435,1.3087,-6.2905
pos,95,2.9605,-1.5443,1.3081,-6.2984
pos,96,2.9549,-1.5451,1.3072,-6.3063
pos,97,2.9493,-1.5459,1.3058,-6.3142
pos,98,2.9437,-1.5467,1.3038,-6.3221
pos,99,2.9381,-1.5474,1.3023,-6.3298
pos,100,2.9324,-1.5482,1.3012,-6.3376
pos,101,2.9269,-1.5490,1.3004,-6.3454
pos,102,2.9212,-1.5498,1.2996,-6.3531
pos,103,2.9157,-1.5507,1.2987,-6.3610
pos,104,2.9101,-1.5514,1.2976,-6.3694
pos,105,2.9045,-1.5522,1.2961,-6.3780
pos,106,2.8990,-1.5530,1.2940,-6.3869
pos,107,2.8934,-1.5537,1.2926,-6.3960
pos,108,2.8878,-1.5545,1.2915,-6.4054
pos,109,2.8823,-1.5552,1.2907,-6.4150
pos,110,2.8768,-1.5559,1.2900,-6.4249
pos,111,2.8712,-1.5566,1.2893,-6.4350
pos,112,2.8659,-1.5573,1.2886,-6.4454
pos,113,2.8605,-1.5579,1.2875,-6.4560
pos,114,2.8550,-1.5584,1.2861,-6.4668
pos,115,2.8497,-1.5590,1.2841,-6.4779
pos,116,2.8444,-1.5595,1.2827,-6.4892
pos,117,2.8391,-1.5600,1.2818,-6.5005
pos,118,2.8339,-1.5604,1.2812,-6.5121
pos,119,2.8287,-1.5608,1.2807,-6.5239
pos,120,2.8235,-1.5611,1.2804,-6.5359
pos,121,2.8185,-1.5614,1.2801,-6.5481
pos,122,2.8135,-1.5616,1.2799,-6.5605
pos,123,2.8084,-1.5617,1.2796,-6.5732
pos,124,2.8034,-1.5618,1.2793,-6.5858
pos,125,2.7985,-1.5619,1.2789,-6.5987
pos,126,2.7936,-1.5619,1.2782,-6.6118
pos,127,2.7891,-1.5620,1.2773,-6.6250
pos,128,2.7850,-1.5622,1.2760,-6.6385
pos,129,2.7810,-1.5624,1.2740,-6.6519
pos,130,2.7773,-1.5627,1.2727,-6.6655
pos,131,2.7740,-1.5632,1.2718,-6.6793
pos,132,2.7709,-1.5637,1.2712,-6.6932
pos,133,2.7681,-1.5644,1.2708,-6.7071
pos,134,2.7654,-1.5651,1.2706,-6.7212
pos,135,2.7631,-1.5660,1.2704,-6.7354
pos,136,2.7610,-1.5671,1.2702,-6.7493
pos,137,2.7590,-1.5682,1.2702,-6.7631
pos,138,2.7573,-1.5696,1.2701,-6.7765
pos,139,2.7555,-1.5709,1.2701,-6.7898
pos,140,2.7537,-1.5722,1.2700,-6.8030
pos,141,2.7515,-1.5734,1.2700,-6.8160
pos,142,2.7493,-1.5745,1.2699,-6.8288
pos,143,2.7469,-1.5756,1.2699,-6.8413
pos,144,2.7445,-1.5767,1.2698,-6.8539
pos,145,2.7418,-1.5778,1.2698,-6.8663
pos,146,2.7391,-1.5789,1.2696,-6.8784
pos,147,2.7362,-1.5800,1.2695,-6.8906
pos,148,2.7332,-1.5811,1.2692,-6.9026
pos,149,2.7299,-1.5822,1.2688,-6.9144
pos,150,2.7268,-1.5832,1.2682,-6.9262
pos,151,2.7237,-1.5843,1.2673,-6.9377
pos,152,2.7207,-1.5853,1.2660,-6.9491
pos,153,2.7177,-1.5863,1.2640,-6.9604
pos,154,2.7149,-1.5873,1.2627,-6.9715
pos,155,2.7121,-1.5883,1.2618,-6.9823
pos,156,2.7093,-1.5892,1.2612,-6.9931
pos,157,2.7070,-1.5905,1.2607,-7.0036
pos,158,2.7048,-1.5918,1.2604,-7.0141
pos,159,2.7029,-1.5935,1.2602,-7.0243
pos,160,2.7012,-1.5953,1.2600,-7.0343
pos,161,2.6997,-1.5973,1.2598,-7.0442
pos,162,2.6984,-1.5997,1.2596,-7.0538
pos,163,2.6974,-1.6022,1.2592,-7.0633
pos,164,2.6965,-1.6048,1.2588,-7.0725
pos,165,2.6959,-1.6078,1.2582,-7.0817
pos,166,2.6954,-1.6110,1.2573,-7.0905
pos,167,2.6951,-1.6143,1.2559,-7.0993
pos,168,2.6951,-1.6181,1.2540,-7.1077
pos,169,2.6952,-1.6220,1.2526,-7.1161
pos,170,2.6954,-1.6260,1.2517,-7.1242
pos,171,2.6958,-1.6303,1.2510,-7.1321
pos,172,2.6963,-1.6348,1.2505,-7.1398
pos,173,2.6971,-1.6396,1.2500,-7.1473
pos,174,2.6980,-1.6446,1.2496,-7.1545
pos,175,2.6991,-1.6499,1.2490,-7.1616
pos,176,2.7003,-1.6553,1.2484,-7.1684
pos,177,2.7016,-1.6610,1.2474,-7.1751
pos,178,2.7031,-1.6668,1.2461,-7.1816
pos,179,2.7047,-1.6729,1.2441,-7.1879
pos,180,2.7065,-1.6792,1.2428,-7.1940
pos,181,2.7084,-1.6857,1.2419,-7.1999
pos,182,2.7105,-1.6925,1.2413,-7.2056
pos,183,2.7127,-1.6995,1.2410,-7.2110
pos,184,2.7151,-1.7068,1.2408,-7.2163
pos,185,2.7176,-1.7143,1.2407,-7.2216
pos,186,2.7202,-1.7220,1.2408,-7.2265
pos,187,2.7231,-1.7301,1.2410,-7.2313
pos,188,2.7261,-1.7384,1.2413,-7.2361
pos,189,2.7291,-1.7469,1.2419,-7.2406
pos,190,2.7324,-1.7557,1.2428,-7.2449
pos,191,2.7357,-1.7648,1.2441,-7.2490
pos,192,2.7392,-1.7742,1.2460,-7.2531
pos,193,2.7428,-1.7839,1.2473,-7.2570
pos,194,2.7464,-1.7935,1.2482,-7.2607
pos,195,2.7500,-1.8031,1.2488,-7.2643
pos,196,2.7536,-1.8127,1.2493,-7.2678
pos,197,2.7572,-1.8223,1.2496,-7.2711
pos,198,2.7608,-1.8318,1.2498,-7.2744
pos,199,2.7645,-1.8414,1.2500,-7.2776
pos,200,2.7681,-1.8510,1.2503,-7.2805
pos,201,2.7718,-1.8607,1.2505,-7.2835
pos,202,2.7754,-1.8702,1.2509,-7.2864
pos,203,2.7790,-1.8797,1.2514,-7.2892
pos,204,2.7827,-1.8895,1.2521,-7.2919
pos,205,2.7865,-1.8992,1.2532,-7.2946
pos,206,2.7903,-1.9091,1.2548,-7.2973
pos,207,2.7941,-1.9191,1.2571,-7.2998
pos,208,2.7980,-1.9293,1.2606,-7.3022
pos,209,2.8019,-1.9394,1.2642,-7.3047
pos,210,2.8058,-1.9497,1.2669,-7.3072
pos,211,2.8097,-1.9599,1.2690,-7.3094
pos,212,2.8137,-1.9703,1.2710,-7.3117
pos,213,2.8177,-1.9807,1.2732,-7.3140
pos,214,2.8217,-1.9912,1.2759,-7.3162
pos,215,2.8257,-2.0017,1.2779,-7.3183
pos,216,2.8297,-2.0123,1.2796,-7.3204
pos,217,2.8337,-2.0227,1.2812,-7.3224
pos,218,2.8375,-2.0329,1.2830,-7.3245
pos,219,2.8413,-2.0428,1.2853,-7.3264
pos,220,2.8449,-2.0525,1.2868,-7.3282
pos,221,2.8485,-2.0620,1.2879,-7.3301
pos,222,2.8520,-2.0713,1.2886,-7.3320
pos,223,2.8556,-2.0806,1.2890,-7.3337
pos,224,2.8591,-2.0898,1.2894,-7.3354
pos,225,2.8625,-2.0987,1.2896,-7.3371
pos,226,2.8658,-2.1073,1.2897,-7.3388
pos,227,2.8690,-2.1159,1.2898,-7.3406
pos,228,2.8722,-2.1243,1.2899,-7.3421
pos,229,2.8752,-2.1324,1.2899,-7.3436
pos,230,2.8783,-2.1405,1.2899,-7.3451
pos,231,2.8812,-2.1483,1.2900,-7.3466
pos,232,2.8841,-2.1561,1.2900,-7.3482
pos,233,2.8869,-2.1636,1.2900,-7.3495
pos,234,2.8896,-2.1710,1.2900,-7.3509
pos,235,2.8922,-2.1783,1.2900,-7.3522
pos,236,2.8948,-2.1855,1.2900,-7.3536
pos,237,2.8973,-2.1925,1.2900,-7.3549
pos,238,2.8998,-2.1995,1.2900,-7.3562
pos,239,2.9022,-2.2062,1.2900,-7.3573
pos,240,2.9047,-2.2131,1.2900,-7.3584
pos,241,2.9071,-2.2199,1.2900,-7.3595
pos,242,2.9094,-2.2265,1.2900,-7.3606
pos,243,2.9117,-2.2330,1.2900,-7.3617
pos,244,2.9140,-2.2395,1.2900,-7.3628
pos,245,2.9162,-2.2457,1.2900,-7.3637
pos,246,2.9184,-2.2520,1.2900,-7.3646
pos,247,2.9206,-2.2581,1.2900,-7.3652
pos,248,2.9227,-2.2642,1.2900,-7.3655
pos,249,2.9248,-2.2701,1.2899,-7.3654
pos,250,2.9269,-2.2758,1.2899,-7.3650
pos,251,2.9289,-2.2815,1.2899,-7.3643
pos,252,2.9309,-2.2871,1.2898,-7.3633
pos,253,2.9328,-2.2927,1.2898,-7.3619
pos,254,2.9347,-2.2982,1.2896,-7.3604
pos,255,2.9366,-2.3034,1.2895,-7.3584
pos,256,2.9383,-2.3083,1.2892,-7.3562
pos,257,2.9399,-2.3131,1.2888,-7.3536
pos,258,2.9415,-2.3177,1.2882,-7.3508
pos,259,2.9430,-2.3221,1.2873,-7.3478
pos,260,2.9445,-2.3264,1.2860,-7.3445
pos,261,2.9458,-2.3305,1.2841,-7.3409
pos,262,2.9471,-2.3344,1.2828,-7.3371
pos,263,2.9484,-2.3382,1.2820,-7.3329
pos,264,2.9495,-2.3418,1.2815,-7.3285
pos,265,2.9506,-2.3454,1.2812,-7.3239
pos,266,2.9516,-2.3487,1.2811,-7.3189
pos,267,2.9525,-2.3520,1.2812,-7.3137
pos,268,2.9534,-2.3554,1.2814,-7.3083
pos,269,2.9543,-2.3587,1.2819,-7.3027
pos,270,2.9551,-2.3619,1.2828,-7.2970
pos,271,2.9558,-2.3649,1.2840,-7.2910
pos,272,2.9564,-2.3678,1.2859,-7.2847
pos,273,2.9569,-2.3704,1.2872,-7.2782
pos,274,2.9573,-2.3728,1.2880,-7.2716
pos,275,2.9576,-2.3752,1.2884,-7.2647
pos,276,2.9578,-2.3774,1.2886,-7.2577
pos,277,2.9579,-2.3795,1.2886,-7.2506
pos,278,2.9579,-2.3813,1.2884,-7.2432
pos,279,2.9577,-2.3831,1.2879,-7.2358
pos,280,2.9575,-2.3848,1.2871,-7.2282
pos,281,2.9571,-2.3865,1.2858,-7.2204
pos,282,2.9566,-2.3880,1.2839,-7.2126
pos,283,2.9560,-2.3892,1.2826,-7.2046
pos,284,2.9553,-2.3904,1.2817,-7.1965
pos,285,2.9544,-2.3912,1.2810,-7.1882
pos,286,2.9534,-2.3918,1.2806,-7.1799
pos,287,2.9523,-2.3922,1.2802,-7.1714
pos,288,2.9510,-2.3924,1.2799,-7.1629
pos,289,2.9495,-2.3924,1.2795,-7.1544
pos,290,2.9479,-2.3922,1.2791,-7.1458
pos,291,2.9462,-2.3918,1.2785,-7.1370
pos,292,2.9442,-2.3911,1.2777,-7.1282
pos,293,2.9420,-2.3904,1.2765,-7.1193
pos,294,2.9397,-2.3893,1.2747,-7.1103
pos,295,2.9372,-2.3882,1.2721,-7.1014
pos,296,2.9345,-2.3866,1.2699,-7.0923
pos,297,2.9315,-2.3847,1.2676,-7.0832
pos,298,2.9283,-2.3826,1.2650,-7.0740
pos,299,2.9248,-2.3802,1.2632,-7.0647
pos,300,2.9211,-2.3775,1.2618,-7.0554
pos,301,2.9171,-2.3744,1.2608,-7.0461
pos,302,2.9129,-2.3710,1.2598,-7.0366
pos,303,2.9083,-2.3673,1.2589,-7.0272
pos,304,2.9036,-2.3634,1.2577,-7.0177
pos,305,2.8988,-2.3595,1.2562,-7.0081
pos,306,2.8938,-2.3554,1.2541,-6.9983
pos,307,2.8888,-2.3512,1.2527,-6.9885
pos,308,2.8835,-2.3467,1.2517,-6.9786
pos,309,2.8782,-2.3421,1.2510,-6.9686
pos,310,2.8726,-2.3373,1.2504,-6.9584
pos,311,2.8667,-2.3320,1.2499,-6.9480
pos,312,2.8606,-2.3265,1.2494,-6.9377
pos,313,2.8543,-2.3208,1.2488,-6.9275
pos,314,2.8477,-2.3147,1.2480,-6.9174
pos,315,2.8408,-2.3083,1.2469,-6.9074
pos,316,2.8337,-2.3015,1.2453,-6.8975
pos,317,2.8261,-2.2942,1.2446,-6.8873
