delay,0
pos,0,2.0391,-1.8188,1.4600,-1.7021
pos,1,2.0409,-1.8131,1.4600,-1.7043
pos,2,2.0428,-1.8071,1.4600,-1.7066
pos,3,2.0448,-1.8009,1.4600,-1.7086
pos,4,2.0469,-1.7945,1.4600,-1.7105
pos,5,2.0490,-1.7878,1.4600,-1.7125
pos,6,2.0513,-1.7809,1.4600,-1.7144
pos,7,2.0537,-1.7737,1.4600,-1.7163
pos,8,2.0561,-1.7662,1.4600,-1.7181
pos,9,2.0587,-1.7585,1.4600,-1.7197
pos,10,2.0613,-1.7505,1.4601,-1.7213
pos,11,2.0640,-1.7422,1.4601,-1.7229
pos,12,2.0668,-1.7336,1.4601,-1.7244
pos,13,2.0698,-1.7248,1.4602,-1.7260
pos,14,2.0727,-1.7159,1.4602,-1.7275
pos,15,2.0758,-1.7067,1.4604,-1.7289
pos,16,2.0790,-1.6972,1.4605,-1.7302
pos,17,2.0823,-1.6875,1.4608,-1.7314
pos,18,2.0857,-1.6774,1.4612,-1.7326
pos,19,2.0892,-1.6671,1.4618,-1.7338
pos,20,2.0928,-1.6565,1.4627,-1.7350
pos,21,2.0964,-1.6458,1.4640,-1.7361
pos,22,2.1001,-1.6348,1.4659,-1.7372
pos,23,2.1040,-1.6235,1.4672,-1.7382
pos,24,2.1079,-1.6120,1.4681,-1.7391
pos,25,2.1119,-1.6002,1.4686,-1.7400
pos,26,2.1159,-1.5884,1.4690,-1.7409
pos,27,2.1200,-1.5763,1.4692,-1.7418
pos,28,2.1242,-1.5639,1.4692,-1.7427
pos,29,2.1286,-1.5513,1.4691,-1.7436
pos,30,2.1329,-1.5386,1.4689,-1.7445
pos,31,2.1373,-1.5256,1.4685,-1.7452
pos,32,2.1418,-1.5123,1.4678,-1.7459
pos,33,2.1463,-1.4990,1.4668,-1.7467
pos,34,2.1509,-1.4854,1.4653,-1.7474
pos,35,2.1556,-1.4715,1.4646,-1.7482
pos,36,2.1603,-1.4577,1.4646,-1.7490
pos,37,2.1648,-1.4441,1.4654,-1.7498
pos,38,2.1693,-1.4306,1.4655,-1.7506
pos,39,2.1738,-1.4172,1.4648,-1.7515
pos,40,2.1782,-1.4038,1.4649,-1.7524
pos,41,2.1825,-1.3905,1.4658,-1.7531
pos,42,2.1868,-1.3774,1.4660,-1.7539
pos,43,2.1910,-1.3644,1.4672,-1.7547
pos,44,2.1951,-1.3516,1.4680,-1.7555
pos,45,2.1993,-1.3387,1.4684,-1.7564
pos,46,2.2034,-1.3260,1.4686,-1.7573
pos,47,2.2074,-1.3135,1.4685,-1.7583
pos,48,2.2115,-1.3009,1.4682,-1.7593
pos,49,2.2155,-1.2885,1.4676,-1.7604
pos,50,2.2195,-1.2764,1.4666,-1.7616
pos,51,2.2233,-1.2645,1.4666,-1.7627
pos,52,2.2272,-1.2526,1.4678,-1.7637
pos,53,2.2310,-1.2409,1.4701,-1.7648
pos,54,2.2349,-1.2292,1.4741,-1.7659
pos,55,2.2387,-1.2177,1.4755,-1.7670
pos,56,2.2424,-1.2064,1.4747,-1.7682
pos,57,2.2461,-1.1951,1.4713,-1.7694
pos,58,2.2497,-1.1841,1.4698,-1.7706
pos,59,2.2533,-1.1732,1.4699,-1.7719
pos,60,2.2569,-1.1624,1.4699,-1.7733
pos,61,2.2604,-1.1519,1.4699,-1.7747
pos,62,2.2638,-1.1418,1.4699,-1.7761
pos,63,2.2670,-1.1321,1.4699,-1.7775
pos,64,2.2701,-1.1229,1.4699,-1.7790
pos,65,2.2731,-1.1142,1.4699,-1.7803
pos,66,2.2759,-1.1059,1.4667,-1.7817
pos,67,2.2785,-1.0980,1.4645,-1.7830
pos,68,2.2811,-1.0906,1.4630,-1.7844
pos,69,2.2836,-1.0833,1.4621,-1.7857
pos,70,2.2860,-1.0765,1.4614,-1.7871
pos,71,2.2883,-1.0700,1.4610,-1.7884
pos,72,2.2906,-1.0638,1.4607,-1.7898
pos,73,2.2927,-1.0579,1.4606,-1.7911
pos,74,2.2948,-1.0521,1.4605,-1.7924
pos,75,2.2969,-1.0466,1.4606,-1.7938
pos,76,2.2989,-1.0413,1.4607,-1.7951
pos,77,2.3010,-1.0360,1.4609,-1.7964
pos,78,2.3029,-1.0309,1.4613,-1.7978
pos,79,2.3049,-1.0260,1.4619,-1.7997
pos,80,2.3069,-1.0211,1.4627,-1.8017
pos,81,2.3088,-1.0163,1.4640,-1.8039
pos,82,2.3108,-1.0115,1.4660,-1.8065
pos,83,2.3126,-1.0072,1.4673,-1.8093
pos,84,2.3143,-1.0032,1.4682,-1.8122
pos,85,2.3158,-0.9997,1.4688,-1.8154
pos,86,2.3172,-0.9966,1.4692,-1.8188
pos,87,2.3183,-0.9941,1.4694,-1.8224
pos,88,2.3193,-0.9919,1.4696,-1.8261
pos,89,2.3202,-0.9900,1.4697,-1.8301
pos,90,2.3209,-0.9887,1.4698,-1.8344
pos,91,2.3214,-0.9877,1.4699,-1.8387
pos,92,2.3218,-0.9870,1.4699,-1.8433
pos,93,2.3220,-0.9869,1.4699,-1.8480
pos,94,2.3220,-0.9870,1.4699,-1.8531
pos,95,2.3219,-0.9875,1.4699,-1.8580
pos,96,2.3216,-0.9885,1.4699,-1.8628
pos,97,2.3211,-0.9898,1.4698,-1.8675
pos,98,2.3205,-0.9914,1.4698,-1.8721
pos,99,2.3197,-0.9934,1.4697,-1.8768
pos,100,2.3188,-0.9957,1.4695,-1.8812
pos,101,2.3177,-0.9983,1.4693,-1.8857
pos,102,2.3163,-1.0015,1.4689,-1.8901
pos,103,2.3148,-1.0051,1.4684,-1.8944
pos,104,2.3131,-1.0089,1.4676,-1.8987
pos,105,2.3112,-1.0132,1.4664,-1.9029
pos,106,2.3091,-1.0177,1.4646,-1.9070
pos,107,2.3069,-1.0226,1.4636,-1.9110
pos,108,2.3045,-1.0278,1.4631,-1.9150
pos,109,2.3019,-1.0333,1.4632,-1.9188
pos,110,2.2991,-1.0391,1.4637,-1.9227
pos,111,2.2961,-1.0453,1.4649,-1.9264
pos,112,2.2930,-1.0517,1.4668,-1.9298
pos,113,2.2896,-1.0585,1.4682,-1.9331
pos,114,2.2861,-1.0657,1.4694,-1.9364
pos,115,2.2823,-1.0732,1.4704,-1.9395
pos,116,2.2783,-1.0810,1.4715,-1.9425
pos,117,2.2741,-1.0891,1.4729,-1.9454
pos,118,2.2697,-1.0975,1.4747,-1.9483
pos,119,2.2652,-1.1061,1.4757,-1.9512
pos,120,2.2604,-1.1151,1.4760,-1.9543
pos,121,2.2554,-1.1243,1.4772,-1.9576
pos,122,2.2502,-1.1338,1.4781,-1.9610
pos,123,2.2448,-1.1437,1.4786,-1.9646
pos,124,2.2391,-1.1538,1.4788,-1.9686
pos,125,2.2333,-1.1641,1.4789,-1.9727
pos,126,2.2273,-1.1747,1.4788,-1.9770
pos,127,2.2209,-1.1856,1.4786,-1.9815
pos,128,2.2144,-1.1968,1.4781,-1.9862
pos,129,2.2075,-1.2083,1.4773,-1.9911
pos,130,2.2005,-1.2199,1.4760,-1.9961
pos,131,2.1933,-1.2318,1.4741,-2.0014
pos,132,2.1857,-1.2440,1.4729,-2.0068
pos,133,2.1781,-1.2563,1.4721,-2.0125
pos,134,2.1701,-1.2688,1.4717,-2.0184
pos,135,2.1619,-1.2816,1.4715,-2.0245
pos,136,2.1534,-1.2947,1.4716,-2.0308
pos,137,2.1447,-1.3079,1.4719,-2.0372
pos,138,2.1358,-1.3213,1.4725,-2.0438
pos,139,2.1266,-1.3349,1.4735,-2.0504
pos,140,2.1172,-1.3487,1.4751,-2.0571
pos,141,2.1075,-1.3626,1.4774,-2.0640
pos,142,2.0976,-1.3767,1.4794,-2.0709
pos,143,2.0875,-1.3909,1.4796,-2.0780
pos,144,2.0770,-1.4053,1.4799,-2.0850
pos,145,2.0664,-1.4198,1.4800,-2.0923
pos,146,2.0555,-1.4344,1.4802,-2.0998
pos,147,2.0444,-1.4491,1.4805,-2.1075
pos,148,2.0331,-1.4640,1.4808,-2.1154
pos,149,2.0215,-1.4788,1.4812,-2.1236
pos,150,2.0097,-1.4938,1.4818,-2.1317
pos,151,1.9975,-1.5090,1.4827,-2.1401
pos,152,1.9851,-1.5241,1.4840,-2.1486
pos,153,1.9725,-1.5394,1.4860,-2.1573
pos,154,1.9596,-1.5547,1.4873,-2.1660
pos,155,1.9464,-1.5700,1.4882,-2.1749
pos,156,1.9330,-1.5854,1.4888,-2.1840
pos,157,1.9193,-1.6008,1.4892,-2.1934
pos,158,1.9053,-1.6162,1.4894,-2.2027
pos,159,1.8911,-1.6318,1.4896,-2.2124
pos,160,1.8766,-1.6472,1.4898,-2.2222
pos,161,1.8620,-1.6626,1.4898,-2.2322
pos,162,1.8470,-1.6781,1.4899,-2.2423
pos,163,1.8318,-1.6935,1.4899,-2.2527
pos,164,1.8162,-1.7089,1.4899,-2.2631
pos,165,1.8005,-1.7242,1.4900,-2.2737
pos,166,1.7843,-1.7396,1.4900,-2.2843
pos,167,1.7680,-1.7549,1.4900,-2.2951
pos,168,1.7514,-1.7702,1.4900,-2.3062
pos,169,1.7345,-1.7854,1.4900,-2.3173
pos,170,1.7173,-1.8004,1.4900,-2.3286
pos,171,1.6999,-1.8154,1.4900,-2.3400
pos,172,1.6823,-1.8302,1.4900,-2.3516
pos,173,1.6643,-1.8450,1.4900,-2.3635
pos,174,1.6461,-1.8596,1.4900,-2.3755
pos,175,1.6276,-1.8741,1.4900,-2.3876
pos,176,1.6088,-1.8885,1.4900,-2.3999
pos,177,1.5898,-1.9027,1.4900,-2.4124
pos,178,1.5705,-1.9167,1.4900,-2.4249
pos,179,1.5510,-1.9306,1.4901,-2.4377
pos,180,1.5312,-1.9442,1.4901,-2.4505
pos,181,1.5111,-1.9577,1.4901,-2.4636
pos,182,1.4907,-1.9709,1.4902,-2.4767
pos,183,1.4702,-1.9840,1.4903,-2.4901
pos,184,1.4494,-1.9967,1.4904,-2.5035
pos,185,1.4282,-2.0093,1.4906,-2.5171
pos,186,1.4069,-2.0217,1.4909,-2.5308
pos,187,1.3854,-2.0338,1.4914,-2.5446
pos,188,1.3635,-2.0457,1.4920,-2.5586
pos,189,1.3414,-2.0573,1.4930,-2.5727
pos,190,1.3192,-2.0687,1.4945,-2.5871
pos,191,1.2966,-2.0797,1.4951,-2.6015
pos,192,1.2739,-2.0905,1.4949,-2.6161
pos,193,1.2510,-2.1010,1.4955,-2.6308
pos,194,1.2279,-2.1111,1.4970,-2.6456
pos,195,1.2045,-2.1210,1.4980,-2.6606
pos,196,1.1809,-2.1306,1.4986,-2.6757
pos,197,1.1572,-2.1398,1.4991,-2.6911
pos,198,1.1331,-2.1488,1.4994,-2.7066
pos,199,1.1089,-2.1573,1.4996,-2.7220
pos,200,1.0846,-2.1656,1.4998,-2.7378
pos,201,1.0601,-2.1734,1.4999,-2.7537
pos,202,1.0353,-2.1810,1.5000,-2.7696
pos,203,1.0104,-2.1882,1.5001,-2.7859
pos,204,0.9853,-2.1950,1.5003,-2.8023
pos,205,0.9600,-2.2015,1.5005,-2.8191
pos,206,0.9344,-2.2076,1.5007,-2.8360
pos,207,0.9087,-2.2133,1.5011,-2.8531
pos,208,0.8830,-2.2186,1.5016,-2.8705
pos,209,0.8572,-2.2234,1.5024,-2.8879
pos,210,0.8312,-2.2278,1.5036,-2.9055
pos,211,0.8049,-2.2318,1.5053,-2.9232
pos,212,0.7784,-2.2354,1.5063,-2.9412
pos,213,0.7519,-2.2385,1.5067,-2.9594
pos,214,0.7253,-2.2411,1.5065,-2.9777
pos,215,0.6985,-2.2433,1.5059,-2.9963
pos,216,0.6714,-2.2450,1.5045,-3.0151
pos,217,0.6444,-2.2462,1.5039,-3.0340
pos,218,0.6172,-2.2469,1.5039,-3.0533
pos,219,0.5900,-2.2472,1.5045,-3.0728
pos,220,0.5626,-2.2469,1.5058,-3.0924
pos,221,0.5351,-2.2460,1.5064,-3.1122
pos,222,0.5076,-2.2447,1.5065,-3.1323
pos,223,0.4801,-2.2428,1.5076,-3.1527
pos,224,0.4526,-2.2404,1.5083,-3.1732
pos,225,0.4252,-2.2374,1.5088,-3.1938
pos,226,0.3975,-2.2338,1.5091,-3.2149
pos,227,0.3699,-2.2297,1.5092,-3.2362
pos,228,0.3422,-2.2250,1.5092,-3.2577
pos,229,0.3147,-2.2198,1.5090,-3.2794
pos,230,0.2875,-2.2141,1.5088,-3.3011
pos,231,0.2606,-2.2079,1.5083,-3.3229
pos,232,0.2340,-2.2012,1.5075,-3.3447
pos,233,0.2077,-2.1941,1.5063,-3.3663
pos,234,0.1816,-2.1864,1.5046,-3.3880
pos,235,0.1557,-2.1783,1.5036,-3.4097
pos,236,0.1301,-2.1698,1.5031,-3.4314
pos,237,0.1047,-2.1607,1.5032,-3.4531
pos,238,0.0797,-2.1513,1.5022,-3.4749
pos,239,0.0550,-2.1414,1.5015,-3.4968
pos,240,0.0306,-2.1310,1.5011,-3.5185
pos,241,0.0064,-2.1203,1.5008,-3.5404
pos,242,-0.0176,-2.1091,1.5007,-3.5624
pos,243,-0.0410,-2.0977,1.5007,-3.5845
pos,244,-0.0639,-2.0860,1.5008,-3.6067
pos,245,-0.0862,-2.0742,1.5010,-3.6289
pos,246,-0.1080,-2.0622,1.5013,-3.6512
pos,247,-0.1293,-2.0500,1.5019,-3.6735
pos,248,-0.1501,-2.0376,1.5028,-3.6959
pos,249,-0.1704,-2.0250,1.5025,-3.7183
pos,250,-0.1902,-2.0124,1.5027,-3.7407
pos,251,-0.2095,-1.9997,1.5032,-3.7632
pos,252,-0.2283,-1.9868,1.5043,-3.7860
pos,253,-0.2466,-1.9738,1.5061,-3.8091
pos,254,-0.2644,-1.9609,1.5072,-3.8324
pos,255,-0.2817,-1.9478,1.5079,-3.8560
pos,256,-0.2986,-1.9348,1.5082,-3.8798
pos,257,-0.3150,-1.9217,1.5083,-3.9039
pos,258,-0.3311,-1.9086,1.5081,-3.9281
pos,259,-0.3467,-1.8955,1.5076,-3.9526
pos,260,-0.3619,-1.8824,1.5067,-3.9774
pos,261,-0.3767,-1.8693,1.5052,-4.0023
pos,262,-0.3910,-1.8564,1.5046,-4.0275
pos,263,-0.4050,-1.8436,1.5048,-4.0527
pos,264,-0.4187,-1.8309,1.5041,-4.0782
pos,265,-0.4319,-1.8183,1.5041,-4.1037
pos,266,-0.4447,-1.8058,1.5047,-4.1294
pos,267,-0.4572,-1.7935,1.5061,-4.1551
pos,268,-0.4693,-1.7815,1.5068,-4.1808
pos,269,-0.4810,-1.7697,1.5071,-4.2066
pos,270,-0.4924,-1.7581,1.5069,-4.2323
pos,271,-0.5034,-1.7469,1.5062,-4.2580
pos,272,-0.5140,-1.7360,1.5065,-4.2837
pos,273,-0.5244,-1.7253,1.5062,-4.3094
pos,274,-0.5344,-1.7150,1.5053,-4.3349
pos,275,-0.5441,-1.7051,1.5036,-4.3604
pos,276,-0.5535,-1.6955,1.5025,-4.3857
pos,277,-0.5627,-1.6864,1.5018,-4.4108
pos,278,-0.5715,-1.6776,1.5015,-4.4357
pos,279,-0.5801,-1.6693,1.5013,-4.4604
pos,280,-0.5883,-1.6613,1.5014,-4.4849
pos,281,-0.5964,-1.6540,1.5016,-4.5091
pos,282,-0.6042,-1.6469,1.5022,-4.5329
pos,283,-0.6117,-1.6403,1.5015,-4.5565
pos,284,-0.6190,-1.6344,1.5010,-4.5797
pos,285,-0.6261,-1.6289,1.5007,-4.6025
pos,286,-0.6329,-1.6240,1.5004,-4.6250
pos,287,-0.6395,-1.6196,1.5003,-4.6471
pos,288,-0.6459,-1.6157,1.5002,-4.6687
pos,289,-0.6520,-1.6123,1.5001,-4.6900
pos,290,-0.6580,-1.6095,1.5001,-4.7108
pos,291,-0.6638,-1.6073,1.5001,-4.7312
pos,292,-0.6693,-1.6057,1.5000,-4.7512
pos,293,-0.6746,-1.6045,1.5000,-4.7706
pos,294,-0.6798,-1.6042,1.5000,-4.7890
pos,295,-0.6847,-1.6044,1.5000,-4.8068
pos,296,-0.6894,-1.6052,1.5000,-4.8240
pos,297,-0.6939,-1.6066,1.5000,-4.8404
pos,298,-0.6981,-1.6087,1.5000,-4.8563
pos,299,-0.7021,-1.6114,1.5000,-4.8715
pos,300,-0.7057,-1.6148,1.5000,-4.8861
pos,301,-0.7092,-1.6188,1.5000,-4.9002
pos,302,-0.7124,-1.6238,1.5000,-4.9137
pos,303,-0.7153,-1.6296,1.5000,-4.9268
