delay,0
pos,0,0.6216,-1.8856,1.5000,-9.3916
pos,1,0.6176,-1.8851,1.5000,-9.3876
pos,2,0.6138,-1.8846,1.5000,-9.3838
pos,3,0.6099,-1.8841,1.5000,-9.3800
pos,4,0.6061,-1.8837,1.5000,-9.3762
pos,5,0.6026,-1.8833,1.5000,-9.3726
pos,6,0.5991,-1.8829,1.5000,-9.3689
pos,7,0.5956,-1.8826,1.5000,-9.3653
pos,8,0.5923,-1.8823,1.5000,-9.3616
pos,9,0.5891,-1.8820,1.5000,-9.3581
pos,10,0.5858,-1.8818,1.5000,-9.3546
pos,11,0.5826,-1.8816,1.4999,-9.3511
pos,12,0.5795,-1.8814,1.4999,-9.3478
pos,13,0.5764,-1.8812,1.4999,-9.3445
pos,14,0.5733,-1.8810,1.4998,-9.3412
pos,15,0.5702,-1.8809,1.4997,-9.3379
pos,16,0.5672,-1.8808,1.4996,-9.3348
pos,17,0.5643,-1.8807,1.4994,-9.3317
pos,18,0.5613,-1.8806,1.4992,-9.3286
pos,19,0.5583,-1.8805,1.4988,-9.3256
pos,20,0.5552,-1.8805,1.4982,-9.3225
pos,21,0.5524,-1.8804,1.4973,-9.3196
pos,22,0.5495,-1.8804,1.4975,-9.3167
pos,23,0.5465,-1.8804,1.4974,-9.3137
pos,24,0.5436,-1.8804,1.4969,-9.3108
pos,25,0.5406,-1.8804,1.4959,-9.3080
pos,26,0.5378,-1.8804,1.4958,-9.3051
pos,27,0.5349,-1.8805,1.4950,-9.3023
pos,28,0.5318,-1.8805,1.4934,-9.2995
pos,29,0.5282,-1.8805,1.4924,-9.2967
pos,30,0.5245,-1.8806,1.4917,-9.2940
pos,31,0.5205,-1.8806,1.4913,-9.2913
pos,32,0.5162,-1.8806,1.4911,-9.2885
pos,33,0.5115,-1.8807,1.4911,-9.2857
pos,34,0.5066,-1.8807,1.4913,-9.2829
pos,35,0.5014,-1.8808,1.4917,-9.2803
pos,36,0.4960,-1.8808,1.4923,-9.2776
pos,37,0.4904,-1.8809,1.4934,-9.2749
pos,38,0.4845,-1.8810,1.4933,-9.2721
pos,39,0.4782,-1.8811,1.4922,-9.2694
pos,40,0.4717,-1.8812,1.4915,-9.2668
pos,41,0.4650,-1.8814,1.4910,-9.2642
pos,42,0.4580,-1.8815,1.4907,-9.2616
pos,43,0.4509,-1.8817,1.4904,-9.2590
pos,44,0.4434,-1.8819,1.4903,-9.2564
pos,45,0.4358,-1.8821,1.4902,-9.2538
pos,46,0.4278,-1.8824,1.4901,-9.2514
pos,47,0.4194,-1.8826,1.4900,-9.2491
pos,48,0.4108,-1.8829,1.4900,-9.2467
pos,49,0.4017,-1.8833,1.4899,-9.2444
pos,50,0.3922,-1.8836,1.4898,-9.2420
pos,51,0.3823,-1.8841,1.4897,-9.2397
pos,52,0.3720,-1.8845,1.4896,-9.2374
pos,53,0.3613,-1.8850,1.4894,-9.2353
pos,54,0.3499,-1.8855,1.4890,-9.2332
pos,55,0.3380,-1.8860,1.4885,-9.2311
pos,56,0.3254,-1.8867,1.4878,-9.2290
pos,57,0.3121,-1.8873,1.4868,-9.2269
pos,58,0.2981,-1.8880,1.4852,-9.2249
pos,59,0.2841,-1.8888,1.4845,-9.2229
pos,60,0.2698,-1.8896,1.4844,-9.2211
pos,61,0.2553,-1.8904,1.4835,-9.2193
pos,62,0.2406,-1.8913,1.4832,-9.2175
pos,63,0.2256,-1.8922,1.4834,-9.2156
pos,64,0.2105,-1.8931,1.4840,-9.2138
pos,65,0.1952,-1.8941,1.4838,-9.2120
pos,66,0.1797,-1.8951,1.4826,-9.2101
pos,67,0.1639,-1.8961,1.4817,-9.2083
pos,68,0.1480,-1.8972,1.4812,-9.2065
pos,69,0.1318,-1.8984,1.4808,-9.2049
pos,70,0.1154,-1.8996,1.4805,-9.2033
pos,71,0.0990,-1.9009,1.4803,-9.2017
pos,72,0.0823,-1.9022,1.4802,-9.2002
pos,73,0.0653,-1.9035,1.4802,-9.1986
pos,74,0.0482,-1.9049,1.4801,-9.1971
pos,75,0.0309,-1.9063,1.4801,-9.1957
pos,76,0.0133,-1.9078,1.4800,-9.1942
pos,77,-0.0043,-1.9093,1.4800,-9.1928
pos,78,-0.0222,-1.9108,1.4800,-9.1915
pos,79,-0.0402,-1.9124,1.4800,-9.1903
pos,80,-0.0585,-1.9140,1.4800,-9.1890
pos,81,-0.0770,-1.9156,1.4800,-9.1878
pos,82,-0.0958,-1.9173,1.4800,-9.1865
pos,83,-0.1149,-1.9191,1.4800,-9.1853
pos,84,-0.1339,-1.9208,1.4800,-9.1841
pos,85,-0.1532,-1.9226,1.4800,-9.1829
pos,86,-0.1725,-1.9244,1.4800,-9.1817
pos,87,-0.1920,-1.9263,1.4800,-9.1805
pos,88,-0.2115,-1.9282,1.4800,-9.1794
pos,89,-0.2312,-1.9300,1.4800,-9.1784
pos,90,-0.2510,-1.9319,1.4800,-9.1775
pos,91,-0.2710,-1.9339,1.4800,-9.1766
pos,92,-0.2909,-1.9359,1.4800,-9.1758
pos,93,-0.3111,-1.9378,1.4800,-9.1749
pos,94,-0.3312,-1.9398,1.4800,-9.1741
pos,95,-0.3515,-1.9418,1.4800,-9.1733
pos,96,-0.3717,-1.9439,1.4800,-9.1725
pos,97,-0.3921,-1.9459,1.4800,-9.1718
pos,98,-0.4124,-1.9480,1.4800,-9.1710
pos,99,-0.4328,-1.9501,1.4800,-9.1703
pos,100,-0.4534,-1.9522,1.4800,-9.1696
pos,101,-0.4742,-1.9543,1.4800,-9.1689
pos,102,-0.4952,-1.9565,1.4800,-9.1685
pos,103,-0.5165,-1.9587,1.4800,-9.1680
pos,104,-0.5384,-1.9609,1.4800,-9.1676
pos,105,-0.5607,-1.9632,1.4800,-9.1672
pos,106,-0.5837,-1.9656,1.4800,-9.1668
pos,107,-0.6073,-1.9680,1.4800,-9.1664
pos,108,-0.6316,-1.9706,1.4800,-9.1660
pos,109,-0.6568,-1.9732,1.4800,-9.1657
pos,110,-0.6829,-1.9758,1.4800,-9.1654
pos,111,-0.7102,-1.9787,1.4800,-9.1651
pos,112,-0.7385,-1.9816,1.4800,-9.1648
pos,113,-0.7680,-1.9846,1.4800,-9.1646
pos,114,-0.7974,-1.9876,1.4800,-9.1643
pos,115,-0.8267,-1.9907,1.4800,-9.1641
pos,116,-0.8557,-1.9937,1.4801,-9.1640
pos,117,-0.8843,-1.9967,1.4801,-9.1638
pos,118,-0.9127,-1.9996,1.4802,-9.1637
pos,119,-0.9404,-2.0025,1.4802,-9.1638
pos,120,-0.9678,-2.0054,1.4803,-9.1640
pos,121,-0.9949,-2.0082,1.4805,-9.1641
pos,122,-1.0216,-2.0110,1.4807,-9.1643
pos,123,-1.0480,-2.0138,1.4811,-9.1644
pos,124,-1.0740,-2.0166,1.4816,-9.1646
pos,125,-1.0998,-2.0193,1.4825,-9.1649
pos,126,-1.1251,-2.0219,1.4836,-9.1651
pos,127,-1.1501,-2.0246,1.4838,-9.1654
pos,128,-1.1748,-2.0271,1.4830,-9.1657
pos,129,-1.1991,-2.0297,1.4827,-9.1660
pos,130,-1.2231,-2.0322,1.4828,-9.1663
pos,131,-1.2468,-2.0347,1.4834,-9.1667
pos,132,-1.2704,-2.0372,1.4845,-9.1670
pos,133,-1.2936,-2.0396,1.4863,-9.1674
pos,134,-1.3162,-2.0419,1.4875,-9.1678
pos,135,-1.3382,-2.0443,1.4883,-9.1682
pos,136,-1.3598,-2.0465,1.4889,-9.1687
pos,137,-1.3806,-2.0487,1.4892,-9.1691
pos,138,-1.4009,-2.0509,1.4895,-9.1696
pos,139,-1.4207,-2.0529,1.4897,-9.1701
pos,140,-1.4400,-2.0549,1.4898,-9.1706
pos,141,-1.4587,-2.0569,1.4899,-9.1713
pos,142,-1.4769,-2.0588,1.4899,-9.1721
pos,143,-1.4943,-2.0606,1.4900,-9.1728
pos,144,-1.5112,-2.0624,1.4900,-9.1735
pos,145,-1.5275,-2.0641,1.4900,-9.1742
pos,146,-1.5433,-2.0657,1.4901,-9.1750
pos,147,-1.5585,-2.0673,1.4901,-9.1757
pos,148,-1.5731,-2.0688,1.4902,-9.1764
pos,149,-1.5874,-2.0703,1.4903,-9.1771
pos,150,-1.6011,-2.0717,1.4904,-9.1778
pos,151,-1.6143,-2.0730,1.4906,-9.1785
pos,152,-1.6269,-2.0743,1.4909,-9.1792
pos,153,-1.6389,-2.0755,1.4913,-9.1798
pos,154,-1.6505,-2.0767,1.4920,-9.1805
pos,155,-1.6616,-2.0778,1.4913,-9.1811
pos,156,-1.6721,-2.0788,1.4909,-9.1815
pos,157,-1.6820,-2.0797,1.4906,-9.1820
pos,158,-1.6915,-2.0806,1.4904,-9.1825
pos,159,-1.7004,-2.0815,1.4903,-9.1830
pos,160,-1.7089,-2.0822,1.4902,-9.1834
pos,161,-1.7169,-2.0830,1.4901,-9.1837
pos,162,-1.7242,-2.0836,1.4901,-9.1841
pos,163,-1.7311,-2.0843,1.4901,-9.1844
pos,164,-1.7375,-2.0849,1.4900,-9.1847
pos,165,-1.7434,-2.0854,1.4900,-9.1850
pos,166,-1.7488,-2.0859,1.4900,-9.1852
pos,167,-1.7538,-2.0864,1.4900,-9.1855
pos,168,-1.7581,-2.0868,1.4900,-9.1857
pos,169,-1.7620,-2.0872,1.4900,-9.1859
pos,170,-1.7655,-2.0875,1.4900,-9.1860
pos,171,-1.7684,-2.0877,1.4900,-9.1862
pos,172,-1.7709,-2.0879,1.4900,-9.1863
pos,173,-1.7730,-2.0880,1.4900,-9.1864
pos,174,-1.7744,-2.0881,1.4900,-9.1865
pos,175,-1.7754,-2.0881,1.4900,-9.1868
pos,176,-1.7761,-2.0880,1.4900,-9.1871
pos,177,-1.7763,-2.0879,1.4900,-9.1873
pos,178,-1.7758,-2.0877,1.4900,-9.1876
pos,179,-1.7749,-2.0874,1.4900,-9.1878
pos,180,-1.7736,-2.0872,1.4899,-9.1880
pos,181,-1.7718,-2.0869,1.4899,-9.1882
pos,182,-1.7697,-2.0865,1.4899,-9.1884
pos,183,-1.7671,-2.0862,1.4898,-9.1886
pos,184,-1.7638,-2.0858,1.4897,-9.1888
pos,185,-1.7601,-2.0854,1.4896,-9.1890
pos,186,-1.7560,-2.0849,1.4894,-9.1891
pos,187,-1.7514,-2.0845,1.4890,-9.1893
pos,188,-1.7464,-2.0840,1.4886,-9.1894
pos,189,-1.7409,-2.0834,1.4879,-9.1896
pos,190,-1.7351,-2.0828,1.4869,-9.1897
pos,191,-1.7287,-2.0822,1.4853,-9.1899
pos,192,-1.7220,-2.0816,1.4847,-9.1900
pos,193,-1.7148,-2.0809,1.4831,-9.1902
pos,194,-1.7071,-2.0801,1.4821,-9.1903
pos,195,-1.6990,-2.0794,1.4814,-9.1904
pos,196,-1.6905,-2.0786,1.4809,-9.1906
pos,197,-1.6816,-2.0778,1.4806,-9.1907
pos,198,-1.6722,-2.0770,1.4803,-9.1908
pos,199,-1.6626,-2.0762,1.4801,-9.1910
pos,200,-1.6526,-2.0753,1.4799,-9.1911
pos,201,-1.6422,-2.0744,1.4797,-9.1912
pos,202,-1.6313,-2.0735,1.4795,-9.1913
pos,203,-1.6201,-2.0726,1.4792,-9.1914
pos,204,-1.6084,-2.0716,1.4788,-9.1915
pos,205,-1.5962,-2.0707,1.4781,-9.1916
pos,206,-1.5839,-2.0697,1.4772,-9.1916
pos,207,-1.5712,-2.0688,1.4758,-9.1917
pos,208,-1.5580,-2.0678,1.4738,-9.1917
pos,209,-1.5444,-2.0668,1.4724,-9.1917
pos,210,-1.5307,-2.0658,1.4713,-9.1917
pos,211,-1.5165,-2.0647,1.4705,-9.1916
pos,212,-1.5020,-2.0637,1.4697,-9.1915
pos,213,-1.4870,-2.0626,1.4690,-9.1914
pos,214,-1.4719,-2.0616,1.4680,-9.1912
pos,215,-1.4564,-2.0605,1.4667,-9.1910
pos,216,-1.4405,-2.0595,1.4649,-9.1911
pos,217,-1.4244,-2.0584,1.4639,-9.1913
pos,218,-1.4079,-2.0574,1.4635,-9.1919
pos,219,-1.3911,-2.0563,1.4620,-9.1927
pos,220,-1.3741,-2.0552,1.4609,-9.1938
pos,221,-1.3567,-2.0541,1.4599,-9.1950
pos,222,-1.3389,-2.0530,1.4588,-9.1964
pos,223,-1.3209,-2.0520,1.4592,-9.1981
pos,224,-1.3026,-2.0511,1.4595,-9.1999
pos,225,-1.2841,-2.0501,1.4596,-9.2018
pos,226,-1.2653,-2.0492,1.4598,-9.2040
pos,227,-1.2461,-2.0482,1.4598,-9.2063
pos,228,-1.2269,-2.0473,1.4599,-9.2087
pos,229,-1.2072,-2.0465,1.4599,-9.2112
pos,230,-1.1875,-2.0456,1.4599,-9.2140
pos,231,-1.1674,-2.0448,1.4599,-9.2169
pos,232,-1.1472,-2.0440,1.4599,-9.2198
pos,233,-1.1267,-2.0433,1.4599,-9.2229
pos,234,-1.1059,-2.0426,1.4599,-9.2260
pos,235,-1.0850,-2.0420,1.4599,-9.2292
pos,236,-1.0638,-2.0415,1.4598,-9.2327
pos,237,-1.0424,-2.0410,1.4597,-9.2363
pos,238,-1.0207,-2.0405,1.4596,-9.2399
pos,239,-0.9986,-2.0401,1.4594,-9.2436
pos,240,-0.9763,-2.0397,1.4592,-9.2473
pos,241,-0.9539,-2.0394,1.4588,-9.2512
pos,242,-0.9313,-2.0392,1.4582,-9.2551
pos,243,-0.9085,-2.0390,1.4573,-9.2591
pos,244,-0.8857,-2.0389,1.4560,-9.2632
pos,245,-0.8625,-2.0388,1.4540,-9.2674
pos,246,-0.8393,-2.0388,1.4527,-9.2717
pos,247,-0.8158,-2.0388,1.4518,-9.2762
pos,248,-0.7922,-2.0389,1.4512,-9.2807
pos,249,-0.7684,-2.0391,1.4508,-9.2853
pos,250,-0.7445,-2.0394,1.4506,-9.2900
pos,251,-0.7205,-2.0397,1.4504,-9.2946
pos,252,-0.6963,-2.0401,1.4503,-9.2993
pos,253,-0.6721,-2.0406,1.4502,-9.3041
pos,254,-0.6476,-2.0412,1.4501,-9.3090
pos,255,-0.6231,-2.0418,1.4501,-9.3139
pos,256,-0.5986,-2.0425,1.4501,-9.3190
pos,257,-0.5738,-2.0434,1.4501,-9.3243
pos,258,-0.5490,-2.0443,1.4501,-9.3294
pos,259,-0.5242,-2.0452,1.4501,-9.3348
pos,260,-0.4992,-2.0463,1.4501,-9.3402
pos,261,-0.4741,-2.0474,1.4502,-9.3458
pos,262,-0.4491,-2.0486,1.4503,-9.3514
pos,263,-0.4239,-2.0499,1.4504,-9.3572
pos,264,-0.3987,-2.0512,1.4507,-9.3629
pos,265,-0.3736,-2.0526,1.4510,-9.3687
pos,266,-0.3481,-2.0542,1.4514,-9.3743
pos,267,-0.3222,-2.0559,1.4519,-9.3799
pos,268,-0.2962,-2.0578,1.4524,-9.3854
pos,269,-0.2701,-2.0598,1.4529,-9.3910
pos,270,-0.2440,-2.0618,1.4535,-9.3965
pos,271,-0.2178,-2.0641,1.4540,-9.4020
pos,272,-0.1917,-2.0663,1.4545,-9.4075
pos,273,-0.1656,-2.0687,1.4551,-9.4129
pos,274,-0.1397,-2.0711,1.4556,-9.4183
pos,275,-0.1139,-2.0737,1.4562,-9.4238
pos,276,-0.0882,-2.0762,1.4567,-9.4292
pos,277,-0.0625,-2.0789,1.4572,-9.4346
pos,278,-0.0369,-2.0816,1.4578,-9.4402
pos,279,-0.0114,-2.0844,1.4583,-9.4457
pos,280,0.0138,-2.0873,1.4589,-9.4514
pos,281,0.0389,-2.0902,1.4595,-9.4571
pos,282,0.0640,-2.0932,1.4601,-9.4628
pos,283,0.0890,-2.0962,1.4609,-9.4686
pos,284,0.1137,-2.0994,1.4618,-9.4744
pos,285,0.1382,-2.1026,1.4614,-9.4804
pos,286,0.1624,-2.1059,1.4611,-9.4865
pos,287,0.1867,-2.1093,1.4610,-9.4927
pos,288,0.2107,-2.1128,1.4609,-9.4989
pos,289,0.2345,-2.1163,1.4608,-9.5053
pos,290,0.2579,-2.1200,1.4607,-9.5116
pos,291,0.2811,-2.1238,1.4606,-9.5180
pos,292,0.3041,-2.1277,1.4605,-9.5244
pos,293,0.3267,-2.1317,1.4603,-9.5308
pos,294,0.3491,-2.1358,1.4602,-9.5372
pos,295,0.3712,-2.1401,1.4601,-9.5436
pos,296,0.3927,-2.1444,1.4602,-9.5500
pos,297,0.4134,-2.1488,1.4607,-9.5564
pos,298,0.4335,-2.1533,1.4618,-9.5627
pos,299,0.4530,-2.1578,1.4623,-9.5689
pos,300,0.4718,-2.1625,1.4623,-9.5750
pos,301,0.4898,-2.1672,1.4621,-9.5810
pos,302,0.5071,-2.1720,1.4617,-9.5866
pos,303,0.5236,-2.1770,1.4615,-9.5922
