pos,0,-0.1643,-0.8569,0.5197,-1.1582
input,0,-0.0001,0.1519,0.0347,0.0000
target,0,-0.1634,-0.8173,0.5592,-1.1781
pos,1,-0.1637,-0.8714,0.5128,-1.1757
input,1,-0.0001,0.1496,0.0342,0.0000
target,1,-0.1624,-0.8271,0.5555,-1.1769
pos,2,-0.1616,-0.8802,0.5083,-1.1400
input,2,-0.0001,0.1474,0.0337,0.0000
target,2,-0.1615,-0.8376,0.5514,-1.1765
pos,3,-0.1619,-0.8888,0.5032,-1.1442
input,3,-0.0001,0.1452,0.0332,0.0000
target,3,-0.1604,-0.8478,0.5474,-1.1746
pos,4,-0.1607,-0.8981,0.4982,-1.1683
input,4,-0.0001,0.1430,0.0327,0.0000
target,4,-0.1596,-0.8576,0.5432,-1.1730
pos,5,-0.1597,-0.9024,0.4960,-1.1686
input,5,-0.0001,0.1408,0.0322,0.0000
target,5,-0.1587,-0.8674,0.5389,-1.1725
pos,6,-0.1574,-0.9140,0.4889,-1.1283
input,6,-0.0001,0.1387,0.0317,0.0000
target,6,-0.1577,-0.8763,0.5349,-1.1720
pos,7,-0.1569,-0.9179,0.4861,-1.0980
input,7,-0.0001,0.1366,0.0312,0.0000
target,7,-0.1566,-0.8855,0.5305,-1.1698
pos,8,-0.1557,-0.9305,0.4786,-1.1321
input,8,-0.0001,0.1346,0.0308,0.0000
target,8,-0.1556,-0.8940,0.5263,-1.1664
pos,9,-0.1549,-0.9341,0.4760,-1.1247
input,9,-0.0001,0.1326,0.0303,0.0000
target,9,-0.1545,-0.9029,0.5218,-1.1645
pos,10,-0.1535,-0.9420,0.4711,-1.1246
input,10,-0.0001,0.1306,0.0298,0.0000
target,10,-0.1535,-0.9111,0.5174,-1.1625
pos,11,-0.1524,-0.9496,0.4651,-1.1306
input,11,-0.0001,0.1286,0.0294,0.0000
target,11,-0.1525,-0.9191,0.5131,-1.1605
pos,12,-0.1506,-0.9567,0.4597,-1.1119
input,12,-0.0001,0.1267,0.0290,0.0000
target,12,-0.1514,-0.9270,0.5085,-1.1589
pos,13,-0.1482,-0.9678,0.4522,-1.1132
input,13,-0.0001,0.1248,0.0285,0.0000
target,13,-0.1502,-0.9348,0.5039,-1.1565
pos,14,-0.1482,-0.9713,0.4499,-1.1072
input,14,-0.0001,0.1229,0.0281,0.0000
target,14,-0.1489,-0.9430,0.4990,-1.1542
pos,15,-0.1448,-0.9815,0.4415,-1.1088
input,15,-0.0001,0.1211,0.0277,0.0000
target,15,-0.1478,-0.9504,0.4944,-1.1519
pos,16,-0.1432,-0.9880,0.4361,-1.1032
input,16,-0.0000,0.1193,0.0273,0.0000
target,16,-0.1463,-0.9582,0.4894,-1.1496
pos,17,-0.1431,-0.9951,0.4324,-1.0935
input,17,-0.0000,0.1175,0.0269,0.0000
target,17,-0.1449,-0.9658,0.4843,-1.1472
pos,18,-0.1421,-0.9985,0.4298,-1.1110
input,18,-0.0000,0.1157,0.0265,0.0000
target,18,-0.1436,-0.9732,0.4794,-1.1446
pos,19,-0.1397,-1.0042,0.4236,-1.0722
input,19,-0.0000,0.1140,0.0261,0.0000
target,19,-0.1424,-0.9800,0.4747,-1.1427
pos,20,-0.1383,-1.0143,0.4151,-1.1048
input,20,-0.0000,0.1123,0.0257,0.0000
target,20,-0.1409,-0.9866,0.4699,-1.1393
pos,21,-0.1370,-1.0203,0.4104,-1.1073
input,21,-0.0000,0.1106,0.0253,0.0000
target,21,-0.1396,-0.9937,0.4647,-1.1375
pos,22,-0.1366,-1.0236,0.4073,-1.1065
input,22,-0.0000,0.1089,0.0249,0.0000
target,22,-0.1382,-1.0005,0.4596,-1.1358
pos,23,-0.1348,-1.0286,0.4031,-1.1028
input,23,-0.0000,0.1073,0.0245,0.0000
target,23,-0.1370,-1.0068,0.4546,-1.1342
pos,24,-0.1325,-1.0348,0.3973,-1.0888
input,24,-0.0000,0.1057,0.0242,0.0000
target,24,-0.1357,-1.0129,0.4497,-1.1325
pos,25,-0.1322,-1.0375,0.3949,-1.0680
input,25,-0.0000,0.1041,0.0238,0.0000
target,25,-0.1343,-1.0190,0.4448,-1.1303
pos,26,-0.1295,-1.0457,0.3889,-1.0932
input,26,-0.0000,0.1025,0.0234,0.0000
target,26,-0.1330,-1.0245,0.4401,-1.1272
pos,27,-0.1281,-1.0517,0.3818,-1.0729
input,27,-0.0000,0.1010,0.0231,0.0000
target,27,-0.1315,-1.0304,0.4352,-1.1254
pos,28,-0.1272,-1.0568,0.3759,-1.0819
input,28,-0.0000,0.1145,0.0227,0.0000
target,28,-0.1301,-1.0362,0.4301,-1.1228
pos,29,-0.1242,-1.0644,0.3692,-1.0766
input,29,-0.0000,0.1278,0.0224,0.0000
target,29,-0.1287,-1.0419,0.4250,-1.1207
pos,30,-0.1237,-1.0696,0.3628,-1.0923
input,30,-0.0000,0.1408,0.0221,0.0000
target,30,-0.1271,-1.0478,0.4197,-1.1184
pos,31,-0.1215,-1.0749,0.3586,-1.0796
input,31,-0.0000,0.1537,0.0217,0.0000
target,31,-0.1271,-1.0478,0.4197,-1.1184
pos,32,-0.1206,-1.0769,0.3558,-1.0639
input,32,-0.0000,0.1664,0.0214,0.0000
target,32,-0.1241,-1.0592,0.4090,-1.1151
pos,33,-0.1185,-1.0850,0.3471,-1.1020
input,33,-0.0000,0.1789,0.0211,0.0000
target,33,-0.1227,-1.0643,0.4040,-1.1125
pos,34,-0.1181,-1.0866,0.3446,-1.0739
input,34,-0.0000,0.1912,0.0208,0.0000
target,34,-0.1212,-1.0698,0.3986,-1.1118
pos,35,-0.1164,-1.0928,0.3394,-1.0763
input,35,-0.0000,0.2034,0.0205,0.0000
target,35,-0.1198,-1.0747,0.3935,-1.1098
pos,36,-0.1152,-1.0967,0.3337,-1.0743
input,36,-0.0000,0.2153,0.0202,0.0000
target,36,-0.1184,-1.0797,0.3884,-1.1081
pos,37,-0.1149,-1.1019,0.3268,-1.0933
input,37,-0.0000,0.2271,0.0198,0.0000
target,37,-0.1170,-1.0846,0.3832,-1.1063
pos,38,-0.1117,-1.1092,0.3196,-1.0886
input,38,-0.0000,0.2387,0.0196,0.0000
target,38,-0.1170,-1.0846,0.3832,-1.1063
pos,39,-0.1105,-1.1134,0.3137,-1.0696
input,39,-0.0000,0.2501,0.0193,0.0000
target,39,-0.1144,-1.0946,0.3723,-1.1045
pos,40,-0.1104,-1.1184,0.3071,-1.0773
input,40,-0.0000,0.2614,0.0190,0.0000
target,40,-0.1129,-1.0996,0.3668,-1.1028
pos,41,-0.1094,-1.1209,0.3051,-1.0741
input,41,-0.0000,0.2724,0.0187,0.0000
target,41,-0.1117,-1.1045,0.3611,-1.1014
pos,42,-0.1070,-1.1282,0.2962,-1.0666
input,42,-0.0000,0.2834,0.0184,0.0000
target,42,-0.1105,-1.1091,0.3558,-1.1000
pos,43,-0.1061,-1.1307,0.2934,-1.0706
input,43,-0.0000,0.2941,0.0181,0.0000
target,43,-0.1091,-1.1140,0.3502,-1.0983
pos,44,-0.1067,-1.1349,0.2878,-1.0802
input,44,-0.0000,0.3047,0.0179,0.0000
target,44,-0.1078,-1.1185,0.3448,-1.0969
pos,45,-0.1058,-1.1426,0.2801,-1.0861
input,45,-0.0000,0.3151,0.0176,0.0000
target,45,-0.1068,-1.1230,0.3394,-1.0960
pos,46,-0.1037,-1.1448,0.2769,-1.0674
input,46,-0.0000,0.3254,0.0173,0.0000
target,46,-0.1058,-1.1279,0.3338,-1.0954
pos,47,-0.1038,-1.1523,0.2692,-1.0568
input,47,-0.0000,0.3355,0.0171,0.0000
target,47,-0.1047,-1.1323,0.3284,-1.0940
pos,48,-0.1025,-1.1565,0.2626,-1.0428
input,48,-0.0000,0.3455,0.0168,0.0000
target,48,-0.1037,-1.1372,0.3228,-1.0922
pos,49,-0.1030,-1.1618,0.2586,-1.0509
input,49,-0.0000,0.3553,0.0166,0.0000
target,49,-0.1027,-1.1419,0.3171,-1.0898
pos,50,-0.1024,-1.1655,0.2523,-1.0418
input,50,-0.0000,0.3650,0.0163,0.0000
target,50,-0.1027,-1.1419,0.3171,-1.0898
pos,51,-0.1032,-1.1681,0.2496,-1.0849
input,51,-0.0000,0.3745,0.0161,0.0000
target,51,-0.1012,-1.1513,0.3060,-1.0859
pos,52,-0.1027,-1.1720,0.2443,-1.0577
input,52,-0.0000,0.3839,0.0158,0.0000
target,52,-0.1006,-1.1556,0.3006,-1.0857
pos,53,-0.1021,-1.1791,0.2375,-1.1697
input,53,-0.0000,0.3931,0.0306,0.0000
target,53,-0.1001,-1.1597,0.2953,-1.0844
pos,54,-0.1002,-1.1859,0.2287,-1.1490
input,54,-0.0000,0.4022,0.0451,0.0000
target,54,-0.0996,-1.1643,0.2898,-1.0881
pos,55,-0.1011,-1.1878,0.2237,-1.0385
input,55,-0.0000,0.4112,0.0594,0.0000
target,55,-0.0996,-1.1643,0.2898,-1.0881
pos,56,-0.1010,-1.1898,0.2218,-1.0742
input,56,-0.0000,0.4200,0.0736,0.0000
target,56,-0.0990,-1.1692,0.2840,-1.0907
pos,57,-0.1018,-1.1960,0.2162,-1.0532
input,57,-0.0000,0.4287,0.0875,0.0000
target,57,-0.0981,-1.1777,0.2730,-1.0876
pos,58,-0.1009,-1.2008,0.2075,-1.0526
input,58,-0.0000,0.4373,0.1011,0.0000
target,58,-0.0978,-1.1820,0.2676,-1.0860
pos,59,-0.1014,-1.2054,0.2023,-1.0559
input,59,-0.0000,0.4457,0.1146,0.0000
target,59,-0.0974,-1.1866,0.2619,-1.0845
pos,60,-0.1016,-1.2077,0.2001,-1.0353
input,60,-0.0000,0.4540,0.1279,0.0000
target,60,-0.0971,-1.1914,0.2563,-1.0832
pos,61,-0.1002,-1.2114,0.1957,-1.0653
input,61,-0.0000,0.4622,0.1410,0.0000
target,61,-0.0971,-1.1914,0.2563,-1.0832
pos,62,-0.1020,-1.2166,0.1897,-1.0645
input,62,-0.0000,0.4703,0.1539,0.0000
target,62,-0.0961,-1.2009,0.2458,-1.0803
pos,63,-0.1030,-1.2231,0.1799,-1.0689
input,63,-0.0000,0.4782,0.1666,0.0000
target,63,-0.0958,-1.2060,0.2405,-1.0796
pos,64,-0.1033,-1.2271,0.1749,-1.0751
input,64,-0.0000,0.4861,0.1791,0.0000
target,64,-0.0956,-1.2115,0.2347,-1.0792
pos,65,-0.1036,-1.2310,0.1686,-1.0764
input,65,-0.0000,0.4938,0.1914,0.0000
target,65,-0.0954,-1.2169,0.2291,-1.0791
pos,66,-0.1034,-1.2354,0.1636,-1.0826
input,66,-0.0000,0.5014,0.2035,0.0000
target,66,-0.0952,-1.2224,0.2234,-1.0791
pos,67,-0.1034,-1.2388,0.1601,-1.0564
input,67,-0.0000,0.5089,0.2155,0.0000
target,67,-0.0949,-1.2279,0.2177,-1.0793
pos,68,-0.1033,-1.2413,0.1560,-1.0633
input,68,-0.0000,0.5162,0.2272,0.0000
target,68,-0.0946,-1.2334,0.2122,-1.0785
pos,69,-0.1029,-1.2462,0.1506,-1.0715
input,69,-0.0000,0.5235,0.2388,0.0000
target,69,-0.0943,-1.2386,0.2069,-1.0779
pos,70,-0.1034,-1.2513,0.1416,-1.0834
input,70,-0.0000,0.5306,0.2502,0.0000
target,70,-0.0939,-1.2440,0.2016,-1.0778
pos,71,-0.1032,-1.2557,0.1379,-1.0445
input,71,-0.0000,0.5377,0.2615,0.0000
target,71,-0.0939,-1.2440,0.2016,-1.0778
pos,72,-0.1038,-1.2594,0.1336,-1.0875
input,72,-0.0000,0.5446,0.2726,0.0000
target,72,-0.0931,-1.2551,0.1904,-1.0769
pos,73,-0.1038,-1.2629,0.1288,-1.0601
input,73,-0.0000,0.5514,0.2835,0.0000
target,73,-0.0929,-1.2605,0.1851,-1.0776
pos,74,-0.1041,-1.2670,0.1243,-1.0718
input,74,-0.0000,0.5582,0.2942,0.0000
target,74,-0.0925,-1.2659,0.1797,-1.0771
pos,75,-0.1038,-1.2686,0.1220,-1.0644
input,75,-0.0000,0.5648,0.3048,0.0000
target,75,-0.0922,-1.2713,0.1745,-1.0771
pos,76,-0.1042,-1.2752,0.1156,-1.0455
input,76,-0.0000,0.5713,0.3152,0.0000
target,76,-0.0919,-1.2764,0.1695,-1.0768
pos,77,-0.1046,-1.2773,0.1131,-1.0483
input,77,-0.0000,0.5777,0.3255,0.0000
target,77,-0.0915,-1.2818,0.1644,-1.0758
pos,78,-0.1046,-1.2797,0.1113,-1.0502
input,78,-0.0000,0.5841,0.3356,0.0000
target,78,-0.0913,-1.2870,0.1596,-1.0750
pos,79,-0.1050,-1.2840,0.1061,-1.0689
input,79,-0.0000,0.5903,0.3456,0.0000
target,79,-0.0909,-1.2919,0.1550,-1.0742
pos,80,-0.1049,-1.2890,0.0991,-1.0441
input,80,-0.0000,0.5965,0.3554,0.0000
target,80,-0.0907,-1.2969,0.1504,-1.0744
pos,81,-0.1061,-1.2915,0.0977,-1.0782
input,81,-0.0000,0.6025,0.3651,0.0000
target,81,-0.0904,-1.3021,0.1455,-1.0735
pos,82,-0.1056,-1.2961,0.0923,-1.0392
input,82,-0.0000,0.6085,0.3746,0.0000
target,82,-0.0904,-1.3020,0.1455,-1.0735
pos,83,-0.1060,-1.2998,0.0889,-1.0407
input,83,-0.0000,0.6144,0.3840,0.0000
target,83,-0.0900,-1.3121,0.1364,-1.0731
pos,84,-0.1063,-1.3021,0.0879,-1.0529
input,84,-0.0000,0.6201,0.3932,0.0000
target,84,-0.0898,-1.3171,0.1319,-1.0720
pos,85,-0.1070,-1.3053,0.0845,-1.0798
input,85,-0.0000,0.6258,0.4023,0.0000
target,85,-0.0896,-1.3219,0.1277,-1.0711
pos,86,-0.1079,-1.3085,0.0818,-1.0598
input,86,-0.0000,0.6314,0.4113,0.0000
target,86,-0.0895,-1.3267,0.1236,-1.0712
pos,87,-0.1091,-1.3122,0.0801,-1.0628
input,87,-0.0000,0.6370,0.4201,0.0000
target,87,-0.0895,-1.3313,0.1197,-1.0703
pos,88,-0.1102,-1.3157,0.0752,-1.0716
input,88,-0.0000,0.6424,0.4288,0.0000
target,88,-0.0896,-1.3360,0.1159,-1.0694
pos,89,-0.1114,-1.3194,0.0729,-1.0742
input,89,-0.0000,0.6478,0.4374,0.0000
target,89,-0.0898,-1.3407,0.1121,-1.0686
pos,90,-0.1135,-1.3251,0.0681,-1.0844
input,90,-0.0000,0.6531,0.4458,0.0000
target,90,-0.0900,-1.3454,0.1084,-1.0679
pos,91,-0.1133,-1.3296,0.0668,-1.0451
input,91,-0.0000,0.6583,0.4541,0.0000
target,91,-0.0901,-1.3454,0.1083,-1.0679
pos,92,-0.1141,-1.3313,0.0662,-1.0536
input,92,-0.0000,0.6634,0.4623,0.0000
target,92,-0.0909,-1.3554,0.1010,-1.0652
pos,93,-0.1161,-1.3378,0.0635,-1.0594
input,93,-0.0000,0.6684,0.4704,0.0000
target,93,-0.0912,-1.3601,0.0977,-1.0631
pos,94,-0.1188,-1.3410,0.0586,-1.0893
input,94,-0.0000,0.6734,0.4783,0.0000
target,94,-0.0917,-1.3652,0.0945,-1.0613
pos,95,-0.1194,-1.3441,0.0581,-1.0899
input,95,-0.0000,0.6783,0.4862,0.0000
target,95,-0.0925,-1.3701,0.0911,-1.0607
pos,96,-0.1209,-1.3516,0.0561,-1.0870
input,96,-0.0000,0.6831,0.4939,0.0000
target,96,-0.0933,-1.3750,0.0879,-1.0600
pos,97,-0.1213,-1.3560,0.0532,-1.0301
input,97,-0.0000,0.6879,0.5015,0.0000
target,97,-0.0941,-1.3803,0.0849,-1.0591
pos,98,-0.1241,-1.3603,0.0524,-1.0509
input,98,-0.0000,0.6926,0.5089,0.0000
target,98,-0.0947,-1.3856,0.0819,-1.0555
pos,99,-0.1259,-1.3651,0.0493,-1.0643
input,99,-0.0000,0.6972,0.5163,0.0000
target,99,-0.0955,-1.3909,0.0791,-1.0529
pos,100,-0.1272,-1.3676,0.0492,-1.0649
input,100,-0.0000,0.7017,0.5236,0.0000
target,100,-0.0965,-1.3962,0.0763,-1.0508
pos,101,-0.1291,-1.3721,0.0474,-1.0470
input,101,-0.0000,0.7062,0.5307,0.0000
target,101,-0.0965,-1.3962,0.0763,-1.0509
pos,102,-0.1312,-1.3760,0.0449,-1.0617
input,102,-0.0000,0.7106,0.5377,0.0000
target,102,-0.0985,-1.4064,0.0713,-1.0457
pos,103,-0.1337,-1.3810,0.0425,-1.0560
input,103,-0.0000,0.7150,0.5447,0.0000
target,103,-0.0996,-1.4114,0.0688,-1.0434
pos,104,-0.1376,-1.3894,0.0400,-1.0550
input,104,-0.0000,0.7192,0.5515,0.0000
target,104,-0.1009,-1.4166,0.0663,-1.0408
pos,105,-0.1374,-1.3908,0.0373,-1.0335
input,105,-0.0000,0.7234,0.5582,0.0000
target,105,-0.1025,-1.4223,0.0638,-1.0384
pos,106,-0.1424,-1.3989,0.0350,-1.0626
input,106,-0.0000,0.7276,0.5649,0.0000
target,106,-0.1037,-1.4275,0.0613,-1.0349
pos,107,-0.1458,-1.4050,0.0334,-1.0436
input,107,-0.0000,0.7317,0.5714,0.0000
target,107,-0.1037,-1.4275,0.0613,-1.0350
pos,108,-0.1473,-1.4041,0.0311,-1.0940
input,108,-0.0000,0.7357,0.5778,0.0000
target,108,-0.1073,-1.4391,0.0564,-1.0300
pos,109,-0.1497,-1.4118,0.0325,-1.0801
input,109,-0.0000,0.7397,0.5841,0.0000
target,109,-0.1092,-1.4441,0.0540,-1.0291
pos,110,-0.1524,-1.4157,0.0343,-1.0470
input,110,-0.0000,0.7436,0.5904,0.0000
target,110,-0.1111,-1.4496,0.0520,-1.0277
pos,111,-0.1534,-1.4182,0.0343,-1.0465
input,111,-0.0000,0.7474,0.5965,0.0000
target,111,-0.1130,-1.4550,0.0503,-1.0248
pos,112,-0.1572,-1.4238,0.0358,-1.0516
input,112,-0.0000,0.7512,0.6026,0.0000
target,112,-0.1147,-1.4601,0.0488,-1.0217
pos,113,-0.1586,-1.4257,0.0361,-1.0505
input,113,-0.0000,0.7549,0.6085,0.0000
target,113,-0.1166,-1.4653,0.0475,-1.0189
pos,114,-0.1611,-1.4287,0.0349,-1.0724
input,114,-0.0000,0.7586,0.6144,0.0000
target,114,-0.1184,-1.4702,0.0465,-1.0159
pos,115,-0.1654,-1.4358,0.0351,-1.0572
input,115,-0.0000,0.7622,0.6202,0.0000
target,115,-0.1203,-1.4749,0.0454,-1.0138
pos,116,-0.1677,-1.4397,0.0335,-1.0547
input,116,-0.0000,0.7658,0.6259,0.0000
target,116,-0.1225,-1.4800,0.0444,-1.0114
pos,117,-0.1697,-1.4447,0.0319,-1.0631
input,117,-0.0000,0.7693,0.6315,0.0000
target,117,-0.1246,-1.4850,0.0434,-1.0087
pos,118,-0.1729,-1.4467,0.0320,-1.0935
input,118,-0.0000,0.7728,0.6370,0.0000
target,118,-0.1267,-1.4902,0.0423,-1.0064
pos,119,-0.1734,-1.4480,0.0330,-1.0883
input,119,-0.0000,0.7762,0.6425,0.0000
target,119,-0.1290,-1.4949,0.0413,-1.0058
pos,120,-0.1760,-1.4517,0.0340,-1.0666
input,120,-0.0000,0.7795,0.6478,0.0000
target,120,-0.1290,-1.4949,0.0413,-1.0058
pos,121,-0.1779,-1.4540,0.0334,-1.0643
input,121,-0.0000,0.7828,0.6531,0.0000
target,121,-0.1327,-1.5037,0.0399,-1.0013
pos,122,-0.1818,-1.4589,0.0330,-1.0788
input,122,-0.0000,0.7861,0.6583,0.0000
target,122,-0.1346,-1.5078,0.0393,-0.9986
pos,123,-0.1842,-1.4628,0.0324,-1.0888
input,123,-0.0000,0.7893,0.6635,0.0000
target,123,-0.1368,-1.5121,0.0387,-0.9971
pos,124,-0.1859,-1.4644,0.0324,-1.0774
input,124,-0.0000,0.7925,0.6685,0.0000
target,124,-0.1368,-1.5121,0.0387,-0.9971
pos,125,-0.1882,-1.4683,0.0321,-1.0779
input,125,-0.0000,0.7956,0.6735,0.0000
target,125,-0.1410,-1.5205,0.0375,-0.9935
pos,126,-0.1898,-1.4711,0.0328,-1.0754
input,126,-0.0000,0.7987,0.6784,0.0000
target,126,-0.1430,-1.5246,0.0370,-0.9913
pos,127,-0.1916,-1.4737,0.0329,-1.0713
input,127,-0.0000,0.8017,0.6832,0.0000
target,127,-0.1448,-1.5286,0.0366,-0.9889
pos,128,-0.1927,-1.4759,0.0323,-1.0550
input,128,-0.0000,0.8046,0.6879,0.0000
target,128,-0.1466,-1.5325,0.0363,-0.9863
pos,129,-0.1939,-1.4770,0.0323,-1.0577
input,129,-0.0000,0.8076,0.6926,0.0000
target,129,-0.1482,-1.5362,0.0359,-0.9828
pos,130,-0.1959,-1.4801,0.0325,-1.0545
input,130,-0.0000,0.8105,0.6972,0.0000
target,130,-0.1497,-1.5396,0.0356,-0.9794
pos,131,-0.1971,-1.4814,0.0330,-1.0854
input,131,-0.0000,0.8133,0.7018,0.0000
target,131,-0.1497,-1.5396,0.0356,-0.9794
pos,132,-0.1971,-1.4822,0.0330,-1.0504
input,132,-0.0000,0.8161,0.7063,0.0000
target,132,-0.1527,-1.5462,0.0351,-0.9736
pos,133,-0.1984,-1.4834,0.0325,-1.0548
input,133,-0.0000,0.8189,0.7107,0.0000
target,133,-0.1538,-1.5491,0.0349,-0.9695
pos,134,-0.1991,-1.4841,0.0322,-1.0553
input,134,-0.0000,0.8216,0.7150,0.0000
target,134,-0.1549,-1.5518,0.0346,-0.9657
pos,135,-0.1991,-1.4841,0.0322,-1.0553
input,135,-0.0000,0.8243,0.7193,0.0000
target,135,-0.1558,-1.5543,0.0344,-0.9618
pos,136,-0.2003,-1.4838,0.0321,-1.0854
input,136,-0.0000,0.8269,0.7235,0.0000
target,136,-0.1565,-1.5565,0.0342,-0.9577
pos,137,-0.2004,-1.4845,0.0321,-1.0851
input,137,-0.0000,0.8295,0.7276,0.0000
target,137,-0.1573,-1.5584,0.0340,-0.9550
pos,138,-0.2001,-1.4835,0.0340,-1.0871
input,138,-0.0000,0.8320,0.7317,0.0000
target,138,-0.1580,-1.5602,0.0338,-0.9521
pos,139,-0.2002,-1.4839,0.0338,-1.0954
input,139,-0.0000,0.8346,0.7357,0.0000
target,139,-0.1584,-1.5617,0.0339,-0.9492
pos,140,-0.2001,-1.4838,0.0334,-1.0855
input,140,-0.0000,0.8370,0.7397,0.0000
target,140,-0.1588,-1.5631,0.0339,-0.9465
pos,141,-0.2005,-1.4841,0.0335,-1.0768
input,141,-0.0000,0.8395,0.7436,0.0000
target,141,-0.1590,-1.5643,0.0338,-0.9433
pos,142,-0.2006,-1.4849,0.0323,-1.0829
input,142,-0.0000,0.8419,0.7475,0.0000
target,142,-0.1592,-1.5654,0.0338,-0.9397
pos,143,-0.2005,-1.4860,0.0324,-1.0615
input,143,-0.0000,0.8443,0.7512,0.0000
target,143,-0.1592,-1.5665,0.0336,-0.9364
pos,144,-0.2005,-1.4858,0.0325,-1.0581
input,144,-0.0000,0.8466,0.7550,0.0000
target,144,-0.1592,-1.5677,0.0335,-0.9321
pos,145,-0.2006,-1.4858,0.0326,-1.0562
input,145,-0.0000,0.8489,0.7587,0.0000
target,145,-0.1591,-1.5687,0.0334,-0.9277
pos,146,-0.2008,-1.4852,0.0320,-1.1024
input,146,-0.0000,0.8512,0.7623,0.0000
target,146,-0.1589,-1.5696,0.0334,-0.9233
pos,147,-0.2009,-1.4852,0.0322,-1.1047
input,147,-0.0000,0.8534,0.7658,0.0000
target,147,-0.1588,-1.5704,0.0332,-0.9209
pos,148,-0.2017,-1.4859,0.0334,-1.0775
input,148,-0.0000,0.8556,0.7694,0.0000
target,148,-0.1587,-1.5711,0.0331,-0.9186
pos,149,-0.2017,-1.4862,0.0333,-1.0782
input,149,-0.0000,0.8578,0.7728,0.0000
target,149,-0.1586,-1.5718,0.0332,-0.9152
pos,150,-0.2011,-1.4869,0.0328,-1.0786
input,150,-0.0000,0.8599,0.7762,0.0000
target,150,-0.1585,-1.5725,0.0332,-0.9118
pos,151,-0.2023,-1.4867,0.0336,-1.0815
input,151,-0.0000,0.8620,0.7796,0.0000
target,151,-0.1582,-1.5733,0.0331,-0.9085
pos,152,-0.2027,-1.4870,0.0337,-1.0836
input,152,-0.0000,0.8641,0.7829,0.0000
target,152,-0.1581,-1.5739,0.0332,-0.9054
pos,153,-0.2028,-1.4864,0.0333,-1.0801
input,153,-0.0000,0.8661,0.7861,0.0000
target,153,-0.1580,-1.5746,0.0332,-0.9024
pos,154,-0.2031,-1.4874,0.0342,-1.0822
input,154,-0.0000,0.8681,0.7893,0.0000
target,154,-0.1579,-1.5751,0.0332,-0.8993
pos,155,-0.2035,-1.4875,0.0347,-1.0839
input,155,-0.0000,0.8701,0.7925,0.0000
target,155,-0.1578,-1.5757,0.0333,-0.8963
pos,156,-0.2035,-1.4875,0.0348,-1.0779
input,156,-0.0000,0.8721,0.7956,0.0000
target,156,-0.1577,-1.5763,0.0335,-0.8935
pos,157,-0.2056,-1.4866,0.0332,-1.1312
input,157,-0.0000,0.8740,0.7987,0.0000
target,157,-0.1576,-1.5768,0.0336,-0.8904
pos,158,-0.2057,-1.4871,0.0327,-1.1256
input,158,-0.0000,0.8759,0.8017,0.0000
target,158,-0.1578,-1.5773,0.0336,-0.8899
pos,159,-0.2060,-1.4872,0.0332,-1.1276
input,159,-0.0000,0.8777,0.8047,0.0000
target,159,-0.1580,-1.5778,0.0335,-0.8890
pos,160,-0.2064,-1.4878,0.0338,-1.1067
input,160,-0.0000,0.8796,0.8076,0.0000
target,160,-0.1582,-1.5783,0.0334,-0.8882
pos,161,-0.2061,-1.4894,0.0361,-1.0808
input,161,-0.0000,0.8814,0.8105,0.0000
target,161,-0.1583,-1.5788,0.0335,-0.8865
pos,162,-0.2057,-1.4893,0.0359,-1.0837
input,162,-0.0000,0.8831,0.8133,0.0000
target,162,-0.1583,-1.5794,0.0337,-0.8836
pos,163,-0.2057,-1.4900,0.0357,-1.0868
input,163,-0.0000,0.8849,0.8161,0.0000
target,163,-0.1581,-1.5800,0.0339,-0.8807
pos,164,-0.2062,-1.4905,0.0362,-1.0904
input,164,-0.0000,0.8866,0.8189,0.0000
target,164,-0.1580,-1.5807,0.0341,-0.8780
pos,165,-0.2076,-1.4895,0.0353,-1.1278
input,165,-0.0000,0.8883,0.8216,0.0000
target,165,-0.1579,-1.5813,0.0343,-0.8756
pos,166,-0.2069,-1.4914,0.0364,-1.0932
input,166,-0.0000,0.8900,0.8093,0.0000
target,166,-0.1580,-1.5819,0.0344,-0.8749
pos,167,-0.2079,-1.4917,0.0369,-1.0966
input,167,-0.0000,0.8916,0.7971,0.0000
target,167,-0.1579,-1.5826,0.0346,-0.8726
pos,168,-0.2079,-1.4917,0.0369,-1.1000
input,168,-0.0000,0.8933,0.7852,0.0000
target,168,-0.1580,-1.5832,0.0348,-0.8706
pos,169,-0.2083,-1.4920,0.0372,-1.1051
input,169,-0.0000,0.8949,0.7734,0.0000
target,169,-0.1580,-1.5838,0.0350,-0.8686
pos,170,-0.2088,-1.4920,0.0375,-1.1268
input,170,-0.0000,0.8965,0.7618,0.0000
target,170,-0.1580,-1.5845,0.0352,-0.8669
pos,171,-0.2094,-1.4922,0.0379,-1.1303
input,171,-0.0000,0.8980,0.7504,0.0000
target,171,-0.1581,-1.5850,0.0354,-0.8662
pos,172,-0.2092,-1.4924,0.0376,-1.1255
input,172,-0.0000,0.8995,0.7391,0.0000
target,172,-0.1583,-1.5856,0.0357,-0.8656
pos,173,-0.2096,-1.4924,0.0377,-1.1321
input,173,-0.0000,0.9010,0.7280,0.0000
target,173,-0.1584,-1.5862,0.0359,-0.8647
pos,174,-0.2097,-1.4926,0.0380,-1.1405
input,174,-0.0000,0.9025,0.7171,0.0000
target,174,-0.1585,-1.5867,0.0360,-0.8641
pos,175,-0.2101,-1.4930,0.0380,-1.1512
input,175,-0.0000,0.9040,0.7064,0.0000
target,175,-0.1586,-1.5872,0.0362,-0.8638
pos,176,-0.2108,-1.4930,0.0381,-1.1541
input,176,-0.0000,0.9054,0.6958,0.0000
target,176,-0.1587,-1.5878,0.0364,-0.8639
pos,177,-0.2111,-1.4932,0.0383,-1.1612
input,177,-0.0000,0.9068,0.6853,0.0000
target,177,-0.1590,-1.5883,0.0366,-0.8641
pos,178,-0.2112,-1.4936,0.0381,-1.1648
input,178,-0.0000,0.9082,0.6751,0.0000
target,178,-0.1592,-1.5888,0.0367,-0.8646
pos,179,-0.2110,-1.4929,0.0374,-1.1736
input,179,-0.0000,0.9096,0.6649,0.0000
target,179,-0.1594,-1.5894,0.0369,-0.8651
pos,180,-0.2113,-1.4936,0.0371,-1.1683
input,180,-0.0000,0.9110,0.6550,0.0000
target,180,-0.1596,-1.5898,0.0369,-0.8658
pos,181,-0.2109,-1.4937,0.0359,-1.1728
input,181,-0.0000,0.9123,0.6451,0.0000
target,181,-0.1598,-1.5903,0.0369,-0.8662
pos,182,-0.2106,-1.4938,0.0349,-1.1751
input,182,-0.0000,0.9136,0.6355,0.0000
target,182,-0.1599,-1.5908,0.0368,-0.8667
pos,183,-0.2099,-1.4930,0.0342,-1.1644
input,183,-0.0000,0.9149,0.6259,0.0000
target,183,-0.1599,-1.5913,0.0366,-0.8672
pos,184,-0.2095,-1.4931,0.0332,-1.1680
input,184,-0.0000,0.9162,0.6165,0.0000
target,184,-0.1597,-1.5916,0.0364,-0.8670
pos,185,-0.2089,-1.4932,0.0329,-1.1575
input,185,-0.0000,0.9175,0.6073,0.0000
target,185,-0.1596,-1.5919,0.0361,-0.8668
pos,186,-0.2092,-1.4927,0.0330,-1.1493
input,186,-0.0000,0.9187,0.5982,0.0000
target,186,-0.1593,-1.5922,0.0358,-0.8661
pos,187,-0.2091,-1.4928,0.0332,-1.1397
input,187,-0.0000,0.9199,0.5892,0.0000
target,187,-0.1590,-1.5924,0.0355,-0.8649
pos,188,-0.2095,-1.4934,0.0331,-1.1482
input,188,-0.0000,0.9211,0.5804,0.0000
target,188,-0.1587,-1.5926,0.0353,-0.8634
pos,189,-0.2097,-1.4927,0.0335,-1.1499
input,189,-0.0000,0.9223,0.5717,0.0000
target,189,-0.1585,-1.5929,0.0351,-0.8623
pos,190,-0.2102,-1.4919,0.0330,-1.1524
input,190,-0.0000,0.9235,0.5631,0.0000
target,190,-0.1584,-1.5931,0.0349,-0.8613
pos,191,-0.2093,-1.4922,0.0327,-1.1117
input,191,-0.0000,0.9246,0.5546,0.0000
target,191,-0.1583,-1.5931,0.0348,-0.8604
pos,192,-0.2094,-1.4924,0.0326,-1.0998
input,192,-0.0000,0.9257,0.5463,0.0000
target,192,-0.1579,-1.5932,0.0346,-0.8576
pos,193,-0.2092,-1.4923,0.0327,-1.0875
input,193,-0.0000,0.9269,0.5381,0.0000
target,193,-0.1576,-1.5933,0.0344,-0.8544
pos,194,-0.2092,-1.4923,0.0327,-1.0875
input,194,-0.0000,0.9280,0.5301,0.0000
target,194,-0.1571,-1.5933,0.0342,-0.8507
pos,195,-0.2079,-1.4923,0.0318,-1.0855
input,195,-0.0000,0.9290,0.5221,0.0000
target,195,-0.1567,-1.5933,0.0341,-0.8470
pos,196,-0.2091,-1.4924,0.0326,-1.0721
input,196,-0.0000,0.9301,0.5143,0.0000
target,196,-0.1560,-1.5933,0.0339,-0.8433
pos,197,-0.2107,-1.4918,0.0331,-1.0929
input,197,-0.0000,0.9311,0.5066,0.0000
target,197,-0.1560,-1.5933,0.0339,-0.8433
pos,198,-0.2113,-1.4915,0.0339,-1.0819
input,198,-0.0000,0.9322,0.4990,0.0000
target,198,-0.1554,-1.5934,0.0337,-0.8373
pos,199,-0.2115,-1.4916,0.0341,-1.0770
input,199,-0.0000,0.9332,0.4915,0.0000
target,199,-0.1553,-1.5933,0.0337,-0.8348
pos,200,-0.2121,-1.4914,0.0346,-1.0776
input,200,-0.0000,0.9342,0.4841,0.0000
target,200,-0.1552,-1.5933,0.0337,-0.8325
pos,201,-0.2127,-1.4918,0.0352,-1.0785
input,201,-0.0000,0.9352,0.4768,0.0000
target,201,-0.1551,-1.5932,0.0338,-0.8305
pos,202,-0.2140,-1.4916,0.0366,-1.0766
input,202,-0.0000,0.9362,0.4697,0.0000
target,202,-0.1551,-1.5932,0.0339,-0.8290
pos,203,-0.2148,-1.4921,0.0388,-1.0643
input,203,-0.0000,0.9371,0.4626,0.0000
target,203,-0.1553,-1.5933,0.0342,-0.8277
pos,204,-0.2169,-1.4928,0.0411,-1.0530
input,204,-0.0000,0.9381,0.4557,0.0000
target,204,-0.1555,-1.5934,0.0346,-0.8262
pos,205,-0.2185,-1.4929,0.0434,-1.0447
input,205,-0.0000,0.9390,0.4489,0.0000
target,205,-0.1559,-1.5935,0.0352,-0.8247
pos,206,-0.2201,-1.4940,0.0466,-1.0435
input,206,-0.0000,0.9399,0.4421,0.0000
target,206,-0.1564,-1.5937,0.0360,-0.8232
pos,207,-0.2206,-1.4933,0.0484,-1.0374
input,207,-0.0000,0.9408,0.4355,0.0000
target,207,-0.1570,-1.5940,0.0370,-0.8221
pos,208,-0.2236,-1.4943,0.0517,-1.0670
input,208,-0.0000,0.9417,0.4290,0.0000
target,208,-0.1576,-1.5942,0.0381,-0.8208
pos,209,-0.2265,-1.4954,0.0581,-1.0710
input,209,-0.0000,0.9426,0.4225,0.0000
target,209,-0.1586,-1.5946,0.0394,-0.8214
pos,210,-0.2290,-1.4959,0.0627,-1.0741
input,210,-0.0000,0.9434,0.4162,0.0000
target,210,-0.1599,-1.5951,0.0412,-0.8226
pos,211,-0.2311,-1.4969,0.0679,-1.0769
input,211,-0.0000,0.9443,0.4100,0.0000
target,211,-0.1614,-1.5956,0.0432,-0.8242
pos,212,-0.2336,-1.4976,0.0732,-1.0646
input,212,-0.0000,0.9451,0.4038,0.0000
target,212,-0.1630,-1.5963,0.0455,-0.8262
pos,213,-0.2344,-1.4980,0.0758,-1.0738
input,213,-0.0000,0.9459,0.3977,0.0000
target,213,-0.1647,-1.5970,0.0482,-0.8278
pos,214,-0.2368,-1.4995,0.0822,-1.0449
input,214,-0.0000,0.9467,0.3918,0.0000
target,214,-0.1663,-1.5977,0.0508,-0.8299
pos,215,-0.2388,-1.5004,0.0882,-1.0461
input,215,-0.0000,0.9475,0.3859,0.0000
target,215,-0.1679,-1.5985,0.0538,-0.8309
pos,216,-0.2420,-1.5017,0.0973,-1.0647
input,216,-0.0000,0.9483,0.3801,0.0000
target,216,-0.1696,-1.5993,0.0570,-0.8321
pos,217,-0.2448,-1.5035,0.1036,-1.0570
input,217,-0.0000,0.9491,0.3744,0.0000
target,217,-0.1716,-1.6003,0.0608,-0.8345
pos,218,-0.2464,-1.5030,0.1093,-1.0421
input,218,-0.0000,0.9499,0.3688,0.0000
target,218,-0.1738,-1.6014,0.0649,-0.8369
pos,219,-0.2482,-1.5034,0.1182,-1.0501
input,219,-0.0000,0.9506,0.3633,0.0000
target,219,-0.1758,-1.6023,0.0691,-0.8385
pos,220,-0.2491,-1.5046,0.1198,-1.0466
input,220,-0.0000,0.9514,0.3578,0.0000
target,220,-0.1778,-1.6032,0.0737,-0.8404
pos,221,-0.2515,-1.5050,0.1277,-1.0570
input,221,-0.0000,0.9521,0.3524,0.0000
target,221,-0.1796,-1.6041,0.0781,-0.8423
pos,222,-0.2544,-1.5073,0.1318,-1.0951
input,222,-0.0000,0.9528,0.3472,0.0000
target,222,-0.1816,-1.6051,0.0828,-0.8447
pos,223,-0.2542,-1.5088,0.1383,-1.0691
input,223,-0.0000,0.9535,0.3420,0.0000
target,223,-0.1838,-1.6063,0.0874,-0.8491
pos,224,-0.2565,-1.5101,0.1456,-1.0739
input,224,-0.0000,0.9542,0.3368,0.0000
target,224,-0.1857,-1.6075,0.0923,-0.8522
pos,225,-0.2586,-1.5120,0.1535,-1.0402
input,225,-0.0000,0.9549,0.3318,0.0000
target,225,-0.1877,-1.6089,0.0973,-0.8555
pos,226,-0.2606,-1.5134,0.1640,-1.0384
input,226,-0.0000,0.9556,0.3268,0.0000
target,226,-0.1896,-1.6102,0.1026,-0.8575
pos,227,-0.2627,-1.5144,0.1712,-1.0396
input,227,-0.0000,0.9562,0.3219,0.0000
target,227,-0.1915,-1.6116,0.1085,-0.8594
pos,228,-0.2633,-1.5150,0.1750,-1.0295
input,228,-0.0000,0.9569,0.3171,0.0000
target,228,-0.1935,-1.6130,0.1144,-0.8615
pos,229,-0.2646,-1.5161,0.1825,-1.0686
input,229,-0.0000,0.9575,0.3123,0.0000
target,229,-0.1935,-1.6130,0.1144,-0.8615
pos,230,-0.2659,-1.5165,0.1907,-1.0663
input,230,-0.0000,0.9582,0.3076,0.0000
target,230,-0.1971,-1.6156,0.1261,-0.8663
pos,231,-0.2670,-1.5199,0.1969,-1.0491
input,231,-0.0000,0.9588,0.3030,0.0000
target,231,-0.1988,-1.6169,0.1322,-0.8694
pos,232,-0.2690,-1.5221,0.2094,-1.0336
input,232,-0.0000,0.9594,0.2985,0.0000
target,232,-0.1988,-1.6169,0.1322,-0.8694
pos,233,-0.2686,-1.5207,0.2180,-1.0133
input,233,-0.0000,0.9600,0.2940,0.0000
target,233,-0.2021,-1.6201,0.1451,-0.8738
pos,234,-0.2706,-1.5224,0.2263,-1.0077
input,234,-0.0000,0.9606,0.2896,0.0000
target,234,-0.2034,-1.6213,0.1520,-0.8744
pos,235,-0.2720,-1.5240,0.2351,-1.0247
input,235,-0.0000,0.9612,0.2852,0.0000
target,235,-0.2048,-1.6226,0.1590,-0.8751
pos,236,-0.2713,-1.5246,0.2398,-0.9969
input,236,-0.0000,0.9618,0.2810,0.0000
target,236,-0.2063,-1.6240,0.1662,-0.8766
pos,237,-0.2726,-1.5274,0.2518,-1.0497
input,237,-0.0000,0.9624,0.2767,0.0000
target,237,-0.2073,-1.6252,0.1732,-0.8767
pos,238,-0.2726,-1.5278,0.2571,-1.0452
input,238,-0.0000,0.9629,0.2726,0.0000
target,238,-0.2086,-1.6268,0.1807,-0.8793
pos,239,-0.2734,-1.5301,0.2696,-1.0607
input,239,-0.0000,0.9635,0.2685,0.0000
target,239,-0.2096,-1.6282,0.1879,-0.8815
pos,240,-0.2735,-1.5314,0.2744,-1.0566
input,240,-0.0000,0.9641,0.2645,0.0000
target,240,-0.2107,-1.6298,0.1956,-0.8846
pos,241,-0.2736,-1.5331,0.2830,-1.0385
input,241,-0.0000,0.9496,0.2605,0.0000
target,241,-0.2108,-1.6298,0.1956,-0.8848
pos,242,-0.2729,-1.5343,0.2914,-1.0358
input,242,-0.0000,0.9353,0.2566,0.0000
target,242,-0.2125,-1.6330,0.2107,-0.8892
pos,243,-0.2738,-1.5359,0.3022,-1.0585
input,243,-0.0000,0.9213,0.2528,0.0000
target,243,-0.2131,-1.6346,0.2183,-0.8908
pos,244,-0.2736,-1.5364,0.3116,-1.0473
input,244,-0.0000,0.9075,0.2490,0.0000
target,244,-0.2138,-1.6362,0.2263,-0.8936
pos,245,-0.2735,-1.5387,0.3246,-1.0325
input,245,-0.0000,0.8939,0.2452,0.0000
target,245,-0.2144,-1.6377,0.2344,-0.8957
pos,246,-0.2726,-1.5398,0.3353,-1.0307
input,246,-0.0000,0.8805,0.2415,0.0000
target,246,-0.2148,-1.6393,0.2429,-0.8971
pos,247,-0.2723,-1.5416,0.3454,-1.0518
input,247,-0.0000,0.8673,0.2379,0.0000
target,247,-0.2151,-1.6408,0.2517,-0.8984
pos,248,-0.2713,-1.5432,0.3563,-0.9973
input,248,-0.0000,0.8543,0.2344,0.0000
target,248,-0.2151,-1.6408,0.2517,-0.8984
pos,249,-0.2717,-1.5434,0.3617,-0.9966
input,249,-0.0000,0.8414,0.2308,0.0000
target,249,-0.2152,-1.6440,0.2696,-0.9003
pos,250,-0.2711,-1.5477,0.3745,-1.0471
input,250,-0.0000,0.8288,0.2274,0.0000
target,250,-0.2152,-1.6454,0.2783,-0.9000
pos,251,-0.2702,-1.5481,0.3833,-1.0249
input,251,-0.0000,0.8164,0.2240,0.0000
target,251,-0.2152,-1.6472,0.2874,-0.9022
pos,252,-0.2701,-1.5483,0.3882,-1.0207
input,252,-0.0000,0.8041,0.2206,0.0000
target,252,-0.2150,-1.6489,0.2965,-0.9032
pos,253,-0.2693,-1.5491,0.3984,-1.0412
input,253,-0.0000,0.7921,0.2173,0.0000
target,253,-0.2149,-1.6504,0.3052,-0.9041
pos,254,-0.2682,-1.5508,0.4115,-1.0307
input,254,-0.0000,0.7802,0.2140,0.0000
target,254,-0.2147,-1.6518,0.3140,-0.9057
pos,255,-0.2672,-1.5508,0.4165,-1.0430
input,255,-0.0000,0.7685,0.2108,0.0000
target,255,-0.2143,-1.6532,0.3233,-0.9069
pos,256,-0.2655,-1.5521,0.4284,-1.0442
input,256,-0.0000,0.7570,0.2077,0.0000
target,256,-0.2139,-1.6545,0.3321,-0.9086
pos,257,-0.2645,-1.5529,0.4363,-1.0462
input,257,-0.0000,0.7456,0.2046,0.0000
target,257,-0.2134,-1.6558,0.3412,-0.9102
pos,258,-0.2636,-1.5542,0.4440,-1.0334
input,258,-0.0000,0.7344,0.2015,0.0000
target,258,-0.2127,-1.6571,0.3502,-0.9118
pos,259,-0.2623,-1.5542,0.4518,-1.0453
input,259,-0.0000,0.7234,0.1985,0.0000
target,259,-0.2121,-1.6584,0.3591,-0.9128
pos,260,-0.2609,-1.5552,0.4588,-1.0495
input,260,-0.0000,0.7126,0.1955,0.0000
target,260,-0.2113,-1.6595,0.3679,-0.9143
pos,261,-0.2607,-1.5549,0.4628,-1.0379
input,261,-0.0000,0.7019,0.1926,0.0000
target,261,-0.2105,-1.6606,0.3765,-0.9159
pos,262,-0.2603,-1.5557,0.4683,-1.0488
input,262,-0.0000,0.6913,0.1897,0.0000
target,262,-0.2097,-1.6616,0.3847,-0.9171
pos,263,-0.2584,-1.5569,0.4756,-1.0346
input,263,-0.0000,0.6810,0.1868,0.0000
target,263,-0.2091,-1.6625,0.3926,-0.9188
pos,264,-0.2580,-1.5570,0.4804,-1.0605
input,264,-0.0000,0.6708,0.1840,0.0000
target,264,-0.2082,-1.6635,0.4004,-0.9198
pos,265,-0.2555,-1.5562,0.4913,-1.0607
input,265,-0.0000,0.6607,0.1813,0.0000
target,265,-0.2075,-1.6644,0.4080,-0.9220
pos,266,-0.2551,-1.5569,0.4936,-1.0384
input,266,-0.0000,0.6508,0.1785,0.0000
target,266,-0.2066,-1.6651,0.4159,-0.9239
pos,267,-0.2534,-1.5579,0.5026,-1.0197
input,267,-0.0000,0.6410,0.1759,0.0000
target,267,-0.2056,-1.6658,0.4233,-0.9249
pos,268,-0.2523,-1.5574,0.5072,-1.0028
input,268,-0.0000,0.6314,0.1732,0.0000
target,268,-0.2045,-1.6665,0.4308,-0.9251
pos,269,-0.2519,-1.5575,0.5100,-1.0457
input,269,-0.0000,0.6219,0.1706,0.0000
target,269,-0.2033,-1.6670,0.4379,-0.9239
pos,270,-0.2503,-1.5578,0.5134,-1.0552
input,270,-0.0000,0.6126,0.1681,0.0000
target,270,-0.2024,-1.6675,0.4448,-0.9259
pos,271,-0.2505,-1.5579,0.5175,-1.0574
input,271,-0.0000,0.6034,0.1655,0.0000
target,271,-0.2024,-1.6675,0.4448,-0.9259
pos,272,-0.2484,-1.5567,0.5235,-0.9480
input,272,-0.0000,0.5944,0.1631,0.0000
target,272,-0.2008,-1.6684,0.4576,-0.9297
pos,273,-0.2480,-1.5580,0.5260,-1.0120
input,273,-0.0000,0.5855,0.1606,0.0000
target,273,-0.1996,-1.6681,0.4638,-0.9264
pos,274,-0.2472,-1.5580,0.5273,-1.0042
input,274,-0.0000,0.5767,0.1582,0.0000
target,274,-0.1996,-1.6681,0.4638,-0.9264
pos,275,-0.2469,-1.5573,0.5293,-1.0547
input,275,-0.0000,0.5680,0.1558,0.0000
target,275,-0.1982,-1.6673,0.4751,-0.9260
pos,276,-0.2458,-1.5580,0.5315,-1.0393
input,276,-0.0000,0.5595,0.1535,0.0000
target,276,-0.1980,-1.6667,0.4803,-0.9288
pos,277,-0.2444,-1.5569,0.5354,-0.9551
input,277,-0.0000,0.5511,0.1512,0.0000
target,277,-0.1977,-1.6660,0.4851,-0.9304
pos,278,-0.2434,-1.5575,0.5383,-1.0302
input,278,-0.0000,0.5428,0.1489,0.0000
target,278,-0.1970,-1.6649,0.4898,-0.9277
pos,279,-0.2429,-1.5577,0.5382,-1.0106
input,279,-0.0000,0.5347,0.1467,0.0000
target,279,-0.1967,-1.6639,0.4944,-0.9292
pos,280,-0.2427,-1.5582,0.5381,-1.0150
input,280,-0.0000,0.5267,0.1445,0.0000
target,280,-0.1963,-1.6629,0.4985,-0.9290
pos,281,-0.2423,-1.5590,0.5374,-1.0381
input,281,-0.0000,0.5188,0.1423,0.0000
target,281,-0.1962,-1.6619,0.5023,-0.9304
pos,282,-0.2413,-1.5583,0.5396,-1.0149
input,282,-0.0000,0.5110,0.1402,0.0000
target,282,-0.1962,-1.6610,0.5056,-0.9323
pos,283,-0.2413,-1.5585,0.5393,-1.0157
input,283,-0.0000,0.5033,0.1381,0.0000
target,283,-0.1960,-1.6599,0.5088,-0.9331
pos,284,-0.2403,-1.5582,0.5393,-1.0104
input,284,-0.0000,0.4958,0.1360,0.0000
target,284,-0.1959,-1.6588,0.5117,-0.9334
pos,285,-0.2401,-1.5581,0.5365,-1.0400
input,285,-0.0000,0.4883,0.1340,0.0000
target,285,-0.1959,-1.6576,0.5143,-0.9341
