pos,0,-2.0600,-2.9282,0.8304,0.0066
input,0,0.0433,0.0179,-0.0079,0.1026
target,0,-2.0000,-3.0000,1.0000,0.0000
param,0,0.8634,0.3563,0.9380,-0.2500
pos,1,-2.0601,-2.9348,0.8305,0.0069
input,1,0.0424,0.0175,-0.0078,0.1016
target,1,-0.5000,-3.0000,1.0000,0.0000
param,1,0.8634,0.3563,0.9380,-0.2500
pos,2,-2.0601,-2.9348,0.8305,0.0069
input,2,0.0295,0.0228,-0.0047,0.1036
target,2,-0.5000,-3.0000,1.0000,0.0000
param,2,0.8634,0.3563,0.9380,-0.2500
pos,3,-2.0603,-2.9413,0.8306,0.0080
input,3,0.0289,0.0223,-0.0046,0.1026
target,3,-0.5000,-3.0000,1.0000,0.0000
param,3,0.8634,0.3563,0.9380,-0.2500
pos,4,-2.0605,-2.9532,0.8308,0.0088
input,4,0.0283,0.0218,-0.0046,0.1016
target,4,-0.5000,-3.0000,1.0000,0.0000
param,4,0.8634,0.3563,0.9380,-0.2500
pos,5,-2.0606,-2.9579,0.8309,0.0091
input,5,0.1946,0.4453,0.0001,0.0251
target,5,-0.5000,-3.0000,1.0000,0.0000
param,5,0.8634,0.3563,0.9380,-0.2500
pos,6,-2.0606,-2.9579,0.8309,0.0091
input,6,0.1900,0.4362,-0.0001,0.0247
target,6,-0.5000,-3.0000,1.0000,0.0000
param,6,0.8634,0.3563,0.9380,-0.2500
pos,7,-2.0605,-2.9643,0.8309,0.0096
input,7,0.1856,0.4274,-0.0003,0.0242
target,7,-0.5000,-3.0000,1.0000,0.0000
param,7,0.8634,0.3563,0.9380,-0.2500
pos,8,-2.0606,-2.9766,0.8310,0.0096
input,8,0.1920,0.4455,0.0207,0.0328
target,8,-0.5000,-3.0000,1.0000,0.0000
param,8,0.8634,0.3563,0.9380,-0.2500
pos,9,-2.0605,-2.9822,0.8311,0.0098
input,9,0.1872,0.4365,0.0168,0.0312
target,9,-0.5000,-3.0000,1.0000,0.0000
param,9,0.8634,0.3563,0.9380,-0.2500
pos,10,-2.0605,-2.9822,0.8311,0.0098
input,10,0.1970,0.4549,0.0247,0.0344
target,10,-0.5000,-3.0000,1.0000,0.0000
param,10,0.8634,0.3563,0.9380,-0.2500
pos,11,-2.0606,-2.9874,0.8311,0.0104
input,11,0.1920,0.4455,0.0207,0.0328
target,11,-0.5000,-3.0000,1.0000,0.0000
param,11,0.8634,0.3563,0.9380,-0.2500
pos,12,-2.0609,-2.9976,0.8313,0.0103
input,12,0.1872,0.4365,0.0168,0.0312
target,12,-0.5000,-3.0000,1.0000,0.0000
param,12,0.8634,0.3563,0.9380,-0.2500
pos,13,-2.0609,-3.0025,0.8314,0.0107
input,13,0.1826,0.4277,0.0130,0.0296
target,13,-0.5000,-3.0000,1.0000,0.0000
param,13,0.8634,0.3563,0.9380,-0.2500
pos,14,-2.0609,-3.0025,0.8314,0.0107
input,14,0.1765,0.4360,0.0171,0.0322
target,14,-0.5000,-3.0000,1.0000,0.0000
param,14,0.8634,0.3563,0.9380,-0.2500
pos,15,-2.0606,-3.0071,0.8313,0.0094
input,15,0.1722,0.4274,0.0131,0.0306
target,15,-0.5000,-3.0000,1.0000,0.0000
param,15,0.8634,0.3563,0.9380,-0.2500
pos,16,-2.0600,-3.0161,0.8313,0.0078
input,16,0.1681,0.4190,0.0093,0.0291
target,16,-0.5000,-3.0000,1.0000,0.0000
param,16,0.8634,0.3563,0.9380,-0.2500
pos,17,-2.0597,-3.0199,0.8313,0.0070
input,17,0.1722,0.4443,0.0212,0.0342
target,17,-0.5000,-3.0000,1.0000,0.0000
param,17,0.8634,0.3563,0.9380,-0.2500
pos,18,-2.0597,-3.0199,0.8313,0.0070
input,18,0.1678,0.4354,0.0169,0.0327
target,18,-0.5000,-3.0000,1.0000,0.0000
param,18,0.8634,0.3563,0.9380,-0.2500
pos,19,-2.0593,-3.0243,0.8313,0.0063
input,19,0.1768,0.4535,0.0256,0.0358
target,19,-0.5000,-3.0000,1.0000,0.0000
param,19,0.8634,0.3563,0.9380,-0.2500
pos,20,-2.0586,-3.0328,0.8312,0.0047
input,20,0.1722,0.4443,0.0212,0.0342
target,20,-0.5000,-3.0000,1.0000,0.0000
param,20,0.8634,0.3563,0.9380,-0.2500
pos,21,-2.0580,-3.0370,0.8311,0.0039
input,21,0.1678,0.4354,0.0169,0.0327
target,21,-0.5000,-3.0000,1.0000,0.0000
param,21,0.8634,0.3563,0.9380,-0.2500
pos,22,-2.0580,-3.0370,0.8311,0.0039
input,22,0.1623,0.4427,0.0229,0.0351
target,22,-0.5000,-3.0000,1.0000,0.0000
param,22,0.8634,0.3563,0.9380,-0.2500
pos,23,-2.0575,-3.0407,0.8311,0.0027
input,23,0.1581,0.4339,0.0184,0.0335
target,23,-0.5000,-3.0000,1.0000,0.0000
param,23,0.8634,0.3563,0.9380,-0.2500
pos,24,-2.0564,-3.0479,0.8310,0.0012
input,24,0.1542,0.4254,0.0140,0.0321
target,24,-0.5000,-3.0000,1.0000,0.0000
param,24,0.8634,0.3563,0.9380,-0.2500
pos,25,-2.0556,-3.0512,0.8310,0.0007
input,25,0.1534,0.4411,0.0244,0.0354
target,25,-0.5000,-3.0000,1.0000,0.0000
param,25,0.8634,0.3563,0.9380,-0.2500
pos,26,-2.0549,-3.0541,0.8310,0.0002
input,26,0.1494,0.4323,0.0197,0.0339
target,26,-0.5000,-3.0000,1.0000,0.0000
param,26,0.8634,0.3563,0.9380,-0.2500
pos,27,-2.0549,-3.0541,0.8310,0.0002
input,27,0.1577,0.4501,0.0292,0.0370
target,27,-0.5000,-3.0000,1.0000,0.0000
param,27,0.8634,0.3563,0.9380,-0.2500
pos,28,-2.0537,-3.0576,0.8308,-0.0006
input,28,0.1534,0.4411,0.0244,0.0354
target,28,-0.5000,-3.0000,1.0000,0.0000
param,28,0.8634,0.3563,0.9380,-0.2500
pos,29,-2.0506,-3.0650,0.8305,-0.0014
input,29,0.1494,0.4323,0.0197,0.0339
target,29,-0.5000,-3.0000,1.0000,0.0000
param,29,0.8634,0.3563,0.9380,-0.2500
pos,30,-2.0489,-3.0683,0.8303,-0.0019
input,30,0.1412,0.4387,0.0260,0.0364
target,30,-0.5000,-3.0000,1.0000,0.0000
param,30,0.8634,0.3563,0.9380,-0.2500
pos,31,-2.0489,-3.0683,0.8303,-0.0019
input,31,0.1375,0.4300,0.0211,0.0350
target,31,-0.5000,-3.0000,1.0000,0.0000
param,31,0.8634,0.3563,0.9380,-0.2500
pos,32,-2.0469,-3.0717,0.8300,-0.0022
input,32,0.1339,0.4216,0.0163,0.0336
target,32,-0.5000,-3.0000,1.0000,0.0000
param,32,0.8634,0.3563,0.9380,-0.2500
pos,33,-2.0427,-3.0782,0.8295,-0.0030
input,33,0.1319,0.4153,0.0161,0.0331
target,33,-2.0427,-3.0782,0.8295,-0.0030
param,33,0.8634,0.3563,0.9380,-0.2500
pos,34,-2.0400,-3.0815,0.8291,-0.0034
input,34,0.1299,0.4091,0.0158,0.0326
target,34,-2.0400,-3.0815,0.8291,-0.0034
param,34,0.8634,0.3563,0.9380,-0.2500
pos,35,-2.0394,-3.0823,0.8299,-0.0036
input,35,0.1280,0.4029,0.0156,0.0321
target,35,-2.0394,-3.0823,0.8299,-0.0036
param,35,0.8634,0.3563,0.9380,-0.2500
pos,36,-2.0354,-3.0884,0.8294,-0.0043
input,36,0.1261,0.3969,0.0154,0.0316
target,36,-2.0354,-3.0884,0.8294,-0.0043
param,36,0.8634,0.3563,0.9380,-0.2500
pos,37,-2.0354,-3.0884,0.8294,-0.0043
input,37,0.1242,0.3909,0.0151,0.0311
target,37,-2.0354,-3.0884,0.8294,-0.0043
param,37,0.8634,0.3563,0.9380,-0.2500
pos,38,-2.0331,-3.0919,0.8302,-0.0047
input,38,0.1223,0.3851,0.0149,0.0306
target,38,-2.0331,-3.0919,0.8302,-0.0047
param,38,0.8634,0.3563,0.9380,-0.2500
pos,39,-2.0272,-3.0986,0.8308,-0.0055
input,39,0.1205,0.3793,0.0147,0.0302
target,39,-2.0272,-3.0986,0.8308,-0.0055
param,39,0.8634,0.3563,0.9380,-0.2500
pos,40,-2.0238,-3.1020,0.8312,-0.0058
input,40,0.1187,0.3736,0.0145,0.0297
target,40,-2.0238,-3.1020,0.8312,-0.0058
param,40,0.8634,0.3563,0.9380,-0.2500
pos,41,-2.0202,-3.1054,0.8315,-0.0061
input,41,0.1169,0.3680,0.0143,0.0293
target,41,-2.0202,-3.1054,0.8315,-0.0061
param,41,0.8634,0.3563,0.9380,-0.2500
pos,42,-2.0202,-3.1054,0.8315,-0.0061
input,42,0.1151,0.3625,0.0140,0.0288
target,42,-2.0202,-3.1054,0.8315,-0.0061
param,42,0.8634,0.3563,0.9380,-0.2500
pos,43,-2.0091,-3.1122,0.8312,-0.0064
input,43,0.1134,0.3570,0.0138,0.0284
target,43,-2.0091,-3.1122,0.8312,-0.0064
param,43,0.8634,0.3563,0.9380,-0.2500
pos,44,-1.9889,-3.1244,0.8299,-0.0071
input,44,0.1117,0.3517,0.0136,0.0280
target,44,-1.9889,-3.1244,0.8299,-0.0071
param,44,0.8634,0.3563,0.9380,-0.2500
pos,45,-1.9797,-3.1298,0.8291,-0.0071
input,45,0.1100,0.3464,0.0134,0.0276
target,45,-1.9797,-3.1298,0.8291,-0.0071
param,45,0.8634,0.3563,0.9380,-0.2500
pos,46,-1.9797,-3.1298,0.8291,-0.0071
input,46,0.1084,0.3412,0.0132,0.0272
target,46,-1.9797,-3.1298,0.8291,-0.0071
param,46,0.8634,0.3563,0.9380,-0.2500
pos,47,-1.9719,-3.1343,0.8284,-0.0070
input,47,0.1068,0.3361,0.0130,0.0267
target,47,-1.9719,-3.1343,0.8284,-0.0070
param,47,0.8634,0.3563,0.9380,-0.2500
pos,48,-1.9540,-3.1444,0.8272,-0.0068
input,48,0.1052,0.3311,0.0128,0.0263
target,48,-1.9540,-3.1444,0.8272,-0.0068
param,48,0.8634,0.3563,0.9380,-0.2500
pos,49,-1.9468,-3.1484,0.8268,-0.0067
input,49,0.1036,0.3261,0.0126,0.0260
target,49,-1.9468,-3.1484,0.8268,-0.0067
param,49,0.8634,0.3563,0.9380,-0.2500
pos,50,-1.9468,-3.1484,0.8268,-0.0067
input,50,0.1020,0.3212,0.0124,0.0256
target,50,-1.9468,-3.1484,0.8268,-0.0067
param,50,0.8634,0.3563,0.9380,-0.2500
pos,51,-1.9397,-3.1523,0.8263,-0.0067
input,51,0.1005,0.3164,0.0123,0.0252
target,51,-1.9397,-3.1523,0.8263,-0.0067
param,51,0.8634,0.3563,0.9380,-0.2500
pos,52,-1.9213,-3.1608,0.8236,-0.0076
input,52,0.0990,0.3116,0.0121,0.0248
target,52,-1.9213,-3.1608,0.8236,-0.0076
param,52,0.8634,0.3563,0.9380,-0.2500
pos,53,-1.9121,-3.1647,0.8216,-0.0088
input,53,0.0975,0.3070,0.0119,0.0244
target,53,-1.9121,-3.1647,0.8216,-0.0088
param,53,0.8634,0.3563,0.9380,-0.2500
pos,54,-1.9121,-3.1647,0.8216,-0.0088
input,54,0.0960,0.3024,0.0117,0.0241
target,54,-1.9121,-3.1647,0.8216,-0.0088
param,54,0.8634,0.3563,0.9380,-0.2500
pos,55,-1.9032,-3.1683,0.8198,-0.0100
input,55,0.0946,0.2978,0.0115,0.0237
target,55,-1.9032,-3.1683,0.8198,-0.0100
param,55,0.8634,0.3563,0.9380,-0.2500
