pos,0,-1.92,-1.59,1.09,-8.78
input,0,-0.00,0.29,0.54,-0.01
pos,1,-1.93,-1.59,1.09,-8.77
input,1,-0.00,0.30,0.53,-0.01
pos,2,-1.94,-1.59,1.09,-8.77
input,2,-0.00,0.31,0.52,-0.01
pos,3,-1.94,-1.59,1.09,-8.79
input,3,-0.00,0.32,0.51,-0.01
pos,4,-1.95,-1.60,1.08,-8.75
input,4,-0.00,0.33,0.51,-0.01
pos,5,-1.96,-1.60,1.09,-8.75
input,5,-0.00,0.34,0.50,-0.01
pos,6,-1.97,-1.60,1.09,-8.74
input,6,-0.00,0.35,0.49,-0.01
pos,7,-1.97,-1.61,1.09,-8.73
input,7,-0.00,0.36,0.48,-0.01
pos,8,-1.98,-1.61,1.09,-8.73
input,8,-0.00,0.37,0.48,-0.01
pos,9,-1.99,-1.61,1.09,-8.72
input,9,-0.00,0.38,0.47,-0.01
pos,10,-2.00,-1.62,1.09,-8.71
input,10,-0.00,0.39,0.46,-0.01
pos,11,-2.01,-1.62,1.09,-8.71
input,11,-0.00,0.40,0.45,-0.01
pos,12,-2.01,-1.62,1.09,-8.70
input,12,-0.00,0.41,0.45,-0.01
pos,13,-2.02,-1.63,1.09,-8.70
input,13,-0.00,0.42,0.44,-0.01
pos,14,-2.03,-1.63,1.09,-8.69
input,14,-0.00,0.43,0.43,-0.01
pos,15,-2.04,-1.64,1.09,-8.69
input,15,-0.00,0.43,0.43,-0.01
pos,16,-2.05,-1.64,1.09,-8.69
input,16,-0.00,0.44,0.42,-0.01
pos,17,-2.06,-1.65,1.09,-8.69
input,17,-0.00,0.45,0.41,-0.01
pos,18,-2.07,-1.65,1.10,-8.69
input,18,-0.00,0.46,0.41,-0.01
pos,19,-2.08,-1.66,1.10,-8.67
input,19,-0.00,0.47,0.40,-0.01
pos,20,-2.08,-1.66,1.10,-8.67
input,20,-0.00,0.48,0.40,-0.01
pos,21,-2.09,-1.67,1.10,-8.67
input,21,-0.00,0.48,0.39,-0.01
pos,22,-2.10,-1.68,1.10,-8.66
input,22,-0.00,0.49,0.38,-0.01
pos,23,-2.11,-1.69,1.10,-8.66
input,23,-0.00,0.50,0.38,-0.01
pos,24,-2.12,-1.69,1.10,-8.65
input,24,-0.00,0.51,0.37,-0.01
pos,25,-2.13,-1.70,1.10,-8.65
input,25,-0.00,0.51,0.37,-0.01
pos,26,-2.14,-1.71,1.10,-8.67
input,26,-0.00,0.52,0.36,-0.01
pos,27,-2.15,-1.71,1.10,-8.66
input,27,-0.00,0.53,0.36,-0.01
pos,28,-2.16,-1.72,1.10,-8.66
input,28,-0.00,0.54,0.35,-0.01
pos,29,-2.17,-1.73,1.10,-8.66
input,29,-0.00,0.54,0.35,-0.01
pos,30,-2.18,-1.73,1.10,-8.65
input,30,-0.00,0.55,0.34,-0.01
pos,31,-2.19,-1.74,1.10,-8.66
input,31,-0.00,0.56,0.34,-0.01
pos,32,-2.19,-1.74,1.10,-8.66
input,32,-0.00,0.56,0.33,-0.01
pos,33,-2.22,-1.76,1.11,-8.59
input,33,-0.00,0.57,0.33,-0.01
pos,34,-2.23,-1.77,1.11,-8.60
input,34,-0.00,0.58,0.32,-0.01
pos,35,-2.23,-1.77,1.11,-8.60
input,35,-0.00,0.58,0.32,-0.01
pos,36,-2.25,-1.78,1.11,-8.61
input,36,-0.00,0.59,0.31,-0.01
pos,37,-2.25,-1.78,1.11,-8.61
input,37,-0.00,0.59,0.31,-0.01
pos,38,-2.25,-1.78,1.11,-8.61
input,38,-0.00,0.60,0.30,-0.01
pos,39,-2.25,-1.78,1.11,-8.61
input,39,-0.00,0.59,0.30,-0.01
pos,40,-2.25,-1.78,1.11,-8.61
input,40,-0.00,0.58,0.29,-0.01
pos,41,-2.31,-1.83,1.12,-8.59
input,41,-0.00,0.57,0.29,-0.01
pos,42,-2.31,-1.83,1.12,-8.59
input,42,-0.00,0.57,0.28,-0.01
pos,43,-2.31,-1.83,1.12,-8.59
input,43,0.01,0.56,0.28,-0.01
pos,44,-2.34,-1.85,1.12,-8.55
input,44,0.03,0.55,0.28,-0.01
pos,45,-2.35,-1.86,1.12,-8.55
input,45,0.04,0.54,0.27,-0.01
pos,46,-2.37,-1.87,1.12,-8.57
input,46,0.06,0.53,0.27,-0.01
pos,47,-2.38,-1.88,1.13,-8.56
input,47,0.07,0.52,0.26,-0.01
pos,48,-2.39,-1.89,1.12,-8.57
input,48,0.09,0.52,0.26,-0.01
pos,49,-2.40,-1.90,1.13,-8.57
input,49,0.10,0.51,0.26,-0.01
pos,50,-2.41,-1.91,1.13,-8.55
input,50,0.11,0.50,0.25,-0.01
pos,51,-2.42,-1.91,1.13,-8.57
input,51,0.13,0.49,0.25,-0.01
pos,52,-2.43,-1.92,1.13,-8.57
input,52,0.14,0.49,0.24,-0.01
pos,53,-2.44,-1.93,1.13,-8.56
input,53,0.15,0.48,0.24,-0.01
pos,54,-2.44,-1.93,1.13,-8.56
input,54,0.17,0.47,0.24,-0.01
pos,55,-2.47,-1.94,1.13,-8.51
input,55,0.18,0.46,0.23,-0.01
pos,56,-2.48,-1.95,1.13,-8.55
input,56,0.19,0.46,0.23,-0.01
pos,57,-2.49,-1.96,1.13,-8.56
input,57,0.20,0.45,0.23,-0.01
pos,58,-2.51,-1.97,1.13,-8.55
input,58,0.21,0.44,0.22,-0.01
pos,59,-2.52,-1.97,1.13,-8.55
input,59,0.23,0.44,0.22,-0.01
pos,60,-2.53,-1.98,1.13,-8.55
input,60,0.24,0.43,0.22,-0.01
pos,61,-2.55,-1.99,1.13,-8.54
input,61,0.25,0.42,0.21,-0.01
pos,62,-2.56,-1.99,1.14,-8.54
input,62,0.26,0.42,0.21,-0.01
pos,63,-2.57,-2.00,1.14,-8.54
input,63,0.27,0.41,0.21,-0.01
pos,64,-2.58,-2.00,1.14,-8.53
input,64,0.28,0.41,0.20,-0.01
pos,65,-2.59,-2.01,1.14,-8.53
input,65,0.29,0.40,0.20,-0.01
pos,66,-2.61,-2.02,1.14,-8.53
input,66,0.30,0.39,0.20,-0.00
pos,67,-2.61,-2.02,1.14,-8.53
input,67,0.31,0.39,0.19,-0.00
pos,68,-2.62,-2.02,1.14,-8.52
input,68,0.32,0.38,0.19,-0.00
pos,69,-2.64,-2.03,1.14,-8.51
input,69,0.34,0.38,0.19,-0.00
pos,70,-2.65,-2.04,1.14,-8.52
input,70,0.34,0.37,0.19,-0.00
pos,71,-2.67,-2.04,1.14,-8.52
input,71,0.35,0.36,0.18,-0.00
pos,72,-2.68,-2.04,1.14,-8.52
input,72,0.36,0.36,0.18,-0.00
pos,73,-2.69,-2.05,1.14,-8.52
input,73,0.37,0.35,0.18,-0.00
pos,74,-2.70,-2.05,1.14,-8.51
input,74,0.38,0.35,0.18,-0.00
pos,75,-2.70,-2.05,1.14,-8.51
input,75,0.38,0.34,0.17,-0.00
pos,76,-2.72,-2.06,1.14,-8.52
input,76,0.37,0.34,0.17,-0.00
pos,77,-2.73,-2.06,1.14,-8.51
input,77,0.37,0.33,0.17,-0.00
pos,78,-2.74,-2.06,1.14,-8.51
input,78,0.36,0.33,0.17,-0.00
pos,79,-2.74,-2.06,1.14,-8.51
input,79,0.36,0.32,0.16,-0.00
pos,80,-2.74,-2.06,1.14,-8.51
input,80,0.35,0.32,0.16,-0.00
pos,81,-2.78,-2.07,1.14,-8.51
input,81,0.34,0.31,0.16,-0.00
pos,82,-2.79,-2.07,1.14,-8.50
input,82,0.34,0.31,0.16,-0.00
pos,83,-2.79,-2.07,1.14,-8.50
input,83,0.33,0.30,0.15,-0.00
pos,84,-2.81,-2.08,1.14,-8.46
input,84,0.33,0.30,0.15,-0.00
pos,85,-2.81,-2.08,1.14,-8.46
input,85,0.32,0.28,0.15,-0.00
pos,86,-2.81,-2.08,1.14,-8.46
input,86,0.32,0.26,0.15,-0.00
pos,87,-2.81,-2.08,1.14,-8.46
input,87,0.32,0.24,0.14,-0.00
pos,88,-2.84,-2.08,1.15,-8.33
input,88,0.31,0.22,0.14,-0.00
pos,89,-2.84,-2.08,1.15,-8.33
input,89,0.31,0.21,0.14,-0.00
pos,90,-2.84,-2.08,1.15,-8.33
input,90,0.30,0.19,0.14,-0.00
pos,91,-2.88,-2.09,1.13,-8.33
input,91,0.30,0.17,0.14,-0.00
pos,92,-2.89,-2.09,1.13,-8.33
input,92,0.29,0.15,0.13,-0.00
pos,93,-2.91,-2.09,1.13,-8.33
input,93,0.29,0.13,0.13,-0.00
pos,94,-2.91,-2.09,1.13,-8.33
input,94,0.28,0.12,0.13,-0.00
pos,95,-2.92,-2.09,1.13,-8.33
input,95,0.28,0.10,0.13,-0.00
pos,96,-2.93,-2.09,1.13,-8.33
input,96,0.28,0.08,0.13,-0.00
pos,97,-2.94,-2.09,1.13,-8.33
input,97,0.27,0.07,0.12,-0.00
pos,98,-2.94,-2.09,1.12,-8.33
input,98,0.27,0.05,0.12,-0.00
pos,99,-2.95,-2.09,1.12,-8.33
input,99,0.26,0.04,0.12,-0.00
pos,100,-2.95,-2.09,1.12,-8.33
input,100,0.26,0.02,0.12,-0.00
pos,101,-2.96,-2.09,1.12,-8.95
input,101,0.26,0.01,0.12,-0.00
pos,102,-2.96,-2.09,1.12,-8.95
input,102,0.25,-0.01,0.11,-0.00
pos,103,-2.98,-2.08,1.12,-8.96
input,103,0.25,-0.02,0.11,-0.00
pos,104,-2.98,-2.08,1.12,-8.95
input,104,0.24,-0.04,0.11,-0.00
pos,105,-2.98,-2.08,1.12,-8.95
input,105,0.24,-0.05,0.11,-0.00
pos,106,-2.99,-2.08,1.12,-8.96
input,106,0.24,-0.07,0.11,-0.00
pos,107,-2.99,-2.08,1.12,-8.95
input,107,0.23,-0.08,0.11,-0.00
pos,108,-3.00,-2.07,1.12,-8.94
input,108,0.23,-0.10,0.10,-0.00
pos,109,-3.00,-2.07,1.12,-8.94
input,109,0.23,-0.11,0.10,-0.00
pos,110,-3.00,-2.07,1.12,-8.94
input,110,0.22,-0.12,0.10,-0.00
pos,111,-3.00,-2.07,1.12,-8.94
input,111,0.22,-0.14,0.10,-0.00
pos,112,-3.02,-2.06,1.11,-8.98
input,112,0.22,-0.15,0.10,-0.00
pos,113,-3.03,-2.05,1.11,-8.97
input,113,0.21,-0.16,0.10,-0.00
pos,114,-3.03,-2.05,1.11,-8.98
input,114,0.21,-0.17,0.10,-0.00
pos,115,-3.03,-2.05,1.11,-8.98
input,115,0.21,-0.19,0.09,-0.00
pos,116,-3.04,-2.04,1.11,-8.95
input,116,0.20,-0.20,0.09,-0.00
pos,117,-3.04,-2.04,1.11,-8.95
input,117,0.20,-0.21,0.09,-0.00
pos,118,-3.04,-2.04,1.11,-8.92
input,118,0.20,-0.22,0.09,-0.00
pos,119,-3.04,-2.04,1.11,-8.92
input,119,0.19,-0.23,0.09,-0.00
pos,120,-3.04,-2.04,1.11,-8.92
input,120,0.19,-0.25,0.09,-0.00
pos,121,-3.05,-2.02,1.10,-8.89
input,121,0.19,-0.26,0.09,-0.00
pos,122,-3.06,-2.02,1.10,-8.92
input,122,0.19,-0.27,0.07,-0.00
pos,123,-3.06,-2.02,1.10,-8.90
input,123,0.18,-0.26,0.05,-0.00
pos,124,-3.06,-2.02,1.10,-8.89
input,124,0.18,-0.26,0.04,-0.00
pos,125,-3.06,-2.02,1.10,-8.89
input,125,0.18,-0.26,0.02,-0.00
pos,126,-3.06,-2.02,1.10,-8.89
input,126,0.17,-0.25,0.01,-0.00
pos,127,-3.05,-1.99,1.11,-8.89
input,127,0.17,-0.25,-0.01,-0.00
pos,128,-3.05,-1.99,1.11,-8.89
input,128,0.17,-0.24,-0.02,-0.00
pos,129,-3.05,-1.99,1.10,-8.78
input,129,0.17,-0.24,-0.04,-0.00
pos,130,-3.05,-1.98,1.10,-8.78
input,130,0.16,-0.24,-0.05,-0.00
pos,131,-3.05,-1.98,1.10,-8.78
input,131,0.16,-0.23,-0.07,-0.00
pos,132,-3.05,-1.98,1.10,-8.78
input,132,0.16,-0.23,-0.08,-0.00
pos,133,-3.05,-1.98,1.10,-8.78
input,133,0.16,-0.23,-0.09,-0.00
pos,134,-3.05,-1.98,1.10,-8.78
input,134,0.15,-0.22,-0.11,-0.00
pos,135,-3.05,-1.98,1.10,-8.78
input,135,0.15,-0.22,-0.12,-0.00
pos,136,-3.05,-1.98,1.10,-8.78
input,136,0.15,-0.22,-0.13,-0.00
pos,137,-3.05,-1.98,1.10,-8.78
input,137,0.15,-0.21,-0.15,-0.00
pos,138,-3.05,-1.98,1.10,-8.78
input,138,0.15,-0.21,-0.16,-0.00
pos,139,-3.05,-1.98,1.10,-8.78
input,139,0.14,-0.21,-0.17,-0.00
pos,140,-3.05,-1.98,1.10,-8.78
input,140,0.14,-0.20,-0.18,-0.00
pos,141,-3.05,-1.98,1.10,-8.78
input,141,0.14,-0.20,-0.20,-0.00
pos,142,-3.05,-1.98,1.10,-8.78
input,142,0.14,-0.20,-0.21,-0.00
pos,143,-3.05,-1.92,1.09,-8.73
input,143,0.14,-0.20,-0.22,-0.00
pos,144,-3.05,-1.92,1.09,-8.74
input,144,0.13,-0.19,-0.23,-0.00
pos,145,-3.05,-1.92,1.09,-8.75
input,145,0.13,-0.19,-0.24,-0.00
pos,146,-3.05,-1.91,1.09,-8.76
input,146,0.13,-0.19,-0.26,-0.00
pos,147,-3.05,-1.91,1.09,-8.76
input,147,0.13,-0.18,-0.27,-0.00
pos,148,-3.05,-1.90,1.09,-8.77
input,148,0.13,-0.18,-0.28,-0.00
pos,149,-3.05,-1.90,1.09,-8.77
input,149,0.12,-0.18,-0.29,-0.00
pos,150,-3.05,-1.89,1.09,-8.78
input,150,0.12,-0.18,-0.30,-0.00
pos,151,-3.05,-1.89,1.09,-8.78
input,151,0.12,-0.17,-0.31,-0.00
pos,152,-3.05,-1.88,1.09,-8.76
input,152,0.12,-0.17,-0.32,-0.00
pos,153,-3.05,-1.88,1.09,-8.76
input,153,0.12,-0.17,-0.33,-0.00
pos,154,-3.05,-1.88,1.09,-8.76
input,154,0.11,-0.17,-0.33,-0.00
pos,155,-3.04,-1.87,1.09,-8.77
input,155,0.11,-0.16,-0.32,0.01
pos,156,-3.04,-1.87,1.09,-8.77
input,156,0.11,-0.16,-0.32,0.03
pos,157,-3.04,-1.86,1.10,-8.77
input,157,0.11,-0.16,-0.31,0.04
pos,158,-3.04,-1.86,1.10,-8.77
input,158,0.11,-0.16,-0.31,0.06
pos,159,-3.04,-1.86,1.10,-8.77
input,159,0.11,-0.15,-0.30,0.07
pos,160,-3.04,-1.86,1.10,-8.77
input,160,0.10,-0.15,-0.30,0.09
pos,161,-3.03,-1.85,1.10,-8.79
input,161,0.10,-0.15,-0.29,0.10
pos,162,-3.03,-1.85,1.10,-8.79
input,162,0.10,-0.15,-0.29,0.11
pos,163,-3.03,-1.85,1.10,-8.79
input,163,0.10,-0.14,-0.28,0.13
pos,164,-3.03,-1.83,1.11,-8.79
input,164,0.10,-0.14,-0.28,0.14
pos,165,-3.03,-1.84,1.10,-8.84
input,165,0.10,-0.14,-0.28,0.15
pos,166,-3.03,-1.84,1.10,-8.84
input,166,0.10,-0.14,-0.27,0.16
pos,167,-3.03,-1.83,1.10,-8.85
input,167,0.09,-0.14,-0.27,0.18
pos,168,-3.03,-1.83,1.10,-8.85
input,168,0.09,-0.13,-0.26,0.19
pos,169,-3.02,-1.82,1.12,-8.71
input,169,0.09,-0.13,-0.26,0.20
pos,170,-3.02,-1.82,1.12,-8.71
input,170,0.09,-0.13,-0.26,0.21
pos,171,-3.02,-1.82,1.12,-8.71
input,171,0.09,-0.13,-0.25,0.23
pos,172,-3.02,-1.82,1.12,-8.71
input,172,0.09,-0.13,-0.25,0.24
pos,173,-3.02,-1.82,1.12,-8.71
input,173,0.09,-0.12,-0.24,0.25
pos,174,-3.02,-1.80,1.13,-8.72
input,174,0.08,-0.12,-0.24,0.26
pos,175,-3.02,-1.80,1.13,-8.69
input,175,0.08,-0.12,-0.24,0.27
pos,176,-3.01,-1.80,1.14,-8.66
input,176,0.08,-0.12,-0.23,0.28
pos,177,-3.01,-1.80,1.14,-8.80
input,177,0.08,-0.12,-0.23,0.29
pos,178,-3.01,-1.79,1.16,-8.80
input,178,0.08,-0.12,-0.23,0.30
pos,179,-3.01,-1.79,1.16,-8.80
input,179,0.08,-0.11,-0.22,0.31
pos,180,-3.01,-1.78,1.17,-8.80
input,180,0.08,-0.11,-0.22,0.32
pos,181,-3.01,-1.78,1.17,-8.55
input,181,0.08,-0.11,-0.22,0.33
pos,182,-3.01,-1.78,1.17,-8.55
input,182,0.07,-0.11,-0.21,0.34
pos,183,-3.01,-1.78,1.17,-8.55
input,183,0.07,-0.11,-0.21,0.35
pos,184,-3.01,-1.78,1.17,-8.55
input,184,0.07,-0.10,-0.21,0.36
pos,185,-2.99,-1.78,1.17,-8.55
input,185,0.07,-0.10,-0.20,0.37
pos,186,-2.99,-1.78,1.17,-8.55
input,186,0.07,-0.10,-0.20,0.38
pos,187,-2.99,-1.78,1.17,-8.55
input,187,0.07,-0.10,-0.20,0.39
pos,188,-2.98,-1.77,1.19,-8.71
input,188,0.07,-0.10,-0.19,0.40
pos,189,-2.98,-1.77,1.20,-8.70
input,189,0.07,-0.10,-0.19,0.41
pos,190,-2.98,-1.77,1.20,-8.70
input,190,0.07,-0.10,-0.19,0.42
pos,191,-2.98,-1.77,1.21,-8.70
input,191,0.07,-0.09,-0.19,0.43
pos,192,-2.98,-1.76,1.21,-8.69
input,192,0.06,-0.09,-0.18,0.44
pos,193,-2.97,-1.76,1.22,-8.69
input,193,0.06,-0.09,-0.18,0.44
pos,194,-2.97,-1.76,1.22,-8.70
input,194,0.06,-0.09,-0.18,0.45
pos,195,-2.97,-1.76,1.22,-8.70
input,195,0.06,-0.09,-0.18,0.45
pos,196,-2.97,-1.76,1.23,-8.69
input,196,0.06,-0.09,-0.16,0.44
pos,197,-2.97,-1.76,1.24,-8.71
input,197,0.06,-0.09,-0.14,0.43
pos,198,-2.96,-1.74,1.25,-8.71
input,198,0.06,-0.09,-0.12,0.43
pos,199,-2.96,-1.74,1.26,-8.71
input,199,0.06,-0.08,-0.11,0.42
pos,200,-2.96,-1.74,1.26,-8.71
input,200,0.06,-0.08,-0.09,0.41
pos,201,-2.96,-1.75,1.25,-8.68
input,201,0.06,-0.08,-0.07,0.41
pos,202,-2.96,-1.75,1.26,-8.68
input,202,0.06,-0.08,-0.06,0.40
pos,203,-2.95,-1.75,1.26,-8.67
input,203,0.05,-0.08,-0.04,0.40
pos,204,-2.95,-1.75,1.26,-8.67
input,204,0.05,-0.08,-0.03,0.39
pos,205,-2.95,-1.75,1.27,-8.81
input,205,0.05,-0.08,-0.01,0.38
pos,206,-2.95,-1.74,1.28,-8.69
input,206,0.05,-0.08,0.00,0.38
pos,207,-2.95,-1.74,1.28,-8.66
input,207,0.05,-0.07,0.02,0.37
pos,208,-2.94,-1.74,1.29,-8.68
input,208,0.05,-0.07,0.03,0.37
pos,209,-2.94,-1.74,1.29,-8.82
input,209,0.05,-0.07,0.05,0.36
pos,210,-2.94,-1.74,1.29,-8.81
input,210,0.05,-0.07,0.06,0.36
pos,211,-2.93,-1.74,1.29,-8.80
input,211,0.05,-0.07,0.08,0.35
pos,212,-2.93,-1.73,1.30,-8.80
input,212,0.05,-0.07,0.09,0.35
pos,213,-2.93,-1.73,1.30,-8.78
input,213,0.05,-0.07,0.10,0.34
pos,214,-2.93,-1.73,1.31,-8.77
input,214,0.05,-0.07,0.12,0.33
pos,215,-2.92,-1.73,1.31,-8.76
input,215,0.05,-0.07,0.13,0.33
pos,216,-2.92,-1.73,1.32,-8.76
input,216,0.04,-0.06,0.14,0.32
pos,217,-2.92,-1.73,1.32,-8.75
input,217,0.04,-0.06,0.16,0.32
pos,218,-2.92,-1.72,1.32,-8.75
input,218,0.04,-0.06,0.17,0.32
pos,219,-2.92,-1.72,1.33,-8.76
input,219,0.04,-0.06,0.18,0.31
pos,220,-2.91,-1.72,1.33,-8.74
input,220,0.04,-0.06,0.19,0.31
pos,221,-2.91,-1.72,1.33,-8.74
input,221,0.04,-0.06,0.21,0.30
pos,222,-2.91,-1.72,1.33,-8.74
input,222,0.04,-0.06,0.22,0.30
pos,223,-2.91,-1.72,1.33,-8.74
input,223,0.04,-0.06,0.23,0.29
pos,224,-2.91,-1.72,1.33,-8.74
input,224,0.04,-0.06,0.24,0.29
pos,225,-2.91,-1.72,1.33,-8.74
input,225,0.04,-0.06,0.25,0.28
pos,226,-2.90,-1.71,1.34,-8.74
input,226,0.04,-0.06,0.26,0.28
pos,227,-2.90,-1.71,1.34,-8.74
input,227,0.04,-0.05,0.28,0.28
pos,228,-2.90,-1.70,1.35,-8.74
input,228,0.04,-0.05,0.29,0.27
pos,229,-2.90,-1.70,1.35,-8.45
input,229,0.04,-0.05,0.30,0.27
pos,230,-2.90,-1.70,1.35,-8.43
input,230,0.04,-0.05,0.31,0.26
pos,231,-2.89,-1.70,1.35,-8.42
input,231,0.04,-0.05,0.32,0.26
pos,232,-2.89,-1.70,1.35,-8.39
input,232,0.04,-0.05,0.33,0.26
pos,233,-2.89,-1.70,1.35,-8.39
input,233,0.03,-0.05,0.34,0.25
pos,234,-2.89,-1.70,1.36,-8.38
input,234,0.03,-0.05,0.35,0.25
pos,235,-2.89,-1.69,1.36,-8.36
input,235,0.03,-0.05,0.36,0.24
pos,236,-2.91,-1.68,1.35,-8.36
input,236,0.03,-0.05,0.37,0.24
pos,237,-2.91,-1.68,1.35,-8.36
input,237,0.03,-0.05,0.38,0.24
pos,238,-2.91,-1.68,1.35,-8.36
input,238,0.03,-0.05,0.39,0.23
pos,239,-2.91,-1.68,1.35,-8.36
input,239,0.03,-0.05,0.40,0.23
pos,240,-2.91,-1.68,1.36,-8.36
input,240,0.03,-0.05,0.40,0.23
pos,241,-2.88,-1.70,1.37,-8.36
input,241,0.03,-0.04,0.41,0.22
pos,242,-2.88,-1.70,1.37,-8.36
input,242,0.03,-0.04,0.42,0.22
pos,243,-2.88,-1.69,1.37,-8.36
input,243,0.03,-0.04,0.43,0.22
pos,244,-2.88,-1.69,1.37,-8.36
input,244,0.03,-0.04,0.44,0.21
pos,245,-2.87,-1.69,1.37,-8.36
input,245,0.03,-0.04,0.45,0.21
pos,246,-2.87,-1.69,1.37,-8.36
input,246,0.03,-0.04,0.46,0.21
pos,247,-2.87,-1.69,1.37,-8.36
input,247,0.03,-0.04,0.46,0.20
pos,248,-2.87,-1.69,1.37,-8.36
input,248,0.03,-0.04,0.47,0.20
pos,249,-2.87,-1.69,1.37,-8.36
input,249,0.03,-0.04,0.48,0.20
pos,250,-2.86,-1.68,1.38,-8.36
input,250,0.03,-0.04,0.49,0.19
pos,251,-2.86,-1.68,1.38,-8.36
input,251,0.03,-0.04,0.50,0.19
pos,252,-2.86,-1.68,1.38,-8.36
input,252,0.03,-0.04,0.50,0.19
pos,253,-2.86,-1.68,1.38,-8.36
input,253,0.03,-0.04,0.51,0.19
pos,254,-2.85,-1.68,1.38,-8.36
input,254,0.03,-0.04,0.52,0.18
pos,255,-2.85,-1.68,1.38,-8.36
input,255,0.02,-0.04,0.53,0.18
pos,256,-2.85,-1.68,1.38,-8.36
input,256,0.02,-0.04,0.53,0.18
pos,257,-2.85,-1.68,1.38,-8.36
input,257,0.02,-0.03,0.54,0.17
pos,258,-2.85,-1.68,1.38,-8.36
input,258,0.02,-0.03,0.53,0.17
pos,259,-2.85,-1.68,1.38,-8.36
input,259,0.02,-0.03,0.52,0.17
pos,260,-2.85,-1.68,1.38,-8.36
input,260,0.02,-0.03,0.52,0.17
pos,261,-2.85,-1.68,1.38,-8.36
input,261,0.02,-0.03,0.51,0.16
pos,262,-2.85,-1.68,1.38,-8.36
input,262,0.02,-0.03,0.50,0.16
pos,263,-2.85,-1.68,1.38,-8.36
input,263,0.02,-0.03,0.49,0.16
pos,264,-2.85,-1.68,1.38,-8.36
input,264,0.02,-0.03,0.49,0.16
pos,265,-2.85,-1.68,1.38,-8.36
input,265,0.02,-0.03,0.48,0.15
pos,266,-2.84,-1.66,1.37,-7.53
input,266,0.02,-0.03,0.47,0.15
pos,267,-2.84,-1.66,1.37,-7.44
input,267,0.02,-0.03,0.46,0.15
pos,268,-2.83,-1.67,1.37,-7.44
input,268,0.02,-0.03,0.46,0.15
pos,269,-2.83,-1.67,1.37,-7.44
input,269,0.02,-0.03,0.45,0.15
pos,270,-2.83,-1.67,1.37,-7.44
input,270,0.02,-0.03,0.44,0.14
pos,271,-2.83,-1.67,1.37,-7.44
input,271,0.02,-0.03,0.44,0.14
pos,272,-2.82,-1.66,1.38,-7.44
input,272,0.02,-0.03,0.43,0.14
pos,273,-2.82,-1.66,1.38,-7.44
input,273,0.02,-0.03,0.42,0.14
pos,274,-2.82,-1.66,1.38,-7.44
input,274,0.02,-0.03,0.42,0.14
pos,275,-2.83,-1.66,1.38,-7.44
input,275,0.02,-0.03,0.41,0.13
pos,276,-2.83,-1.66,1.38,-7.44
input,276,0.02,-0.03,0.40,0.13
pos,277,-2.83,-1.66,1.38,-7.44
input,277,0.02,-0.03,0.40,0.13
pos,278,-2.83,-1.66,1.38,-7.44
input,278,0.02,-0.03,0.39,0.13
pos,279,-2.83,-1.66,1.38,-7.44
input,279,0.02,-0.03,0.39,0.13
pos,280,-2.83,-1.66,1.38,-7.44
input,280,0.02,-0.02,0.38,0.12
pos,281,-2.83,-1.66,1.38,-7.44
input,281,0.02,-0.02,0.38,0.12
pos,282,-2.83,-1.66,1.38,-7.44
input,282,0.02,-0.02,0.37,0.12
pos,283,-2.83,-1.66,1.38,-7.44
input,283,0.02,-0.02,0.36,0.12
pos,284,-2.83,-1.66,1.38,-6.51
input,284,0.02,-0.02,0.36,0.12
pos,285,-2.83,-1.66,1.38,-6.51
input,285,0.02,-0.02,0.35,0.11
pos,286,-2.82,-1.66,1.38,-6.49
input,286,0.02,-0.02,0.35,0.11
pos,287,-2.82,-1.66,1.38,-6.46
input,287,0.02,-0.02,0.34,0.11
pos,288,-2.82,-1.66,1.38,-6.45
input,288,0.02,-0.02,0.34,0.11
pos,289,-2.82,-1.66,1.39,-6.45
input,289,0.01,-0.02,0.33,0.11
pos,290,-2.82,-1.66,1.39,-6.45
input,290,0.01,-0.02,0.33,0.11
pos,291,-2.81,-1.66,1.39,-6.45
input,291,0.01,-0.02,0.32,0.10
pos,292,-2.81,-1.66,1.39,-6.45
input,292,0.01,-0.02,0.32,0.10
pos,293,-2.81,-1.66,1.39,-6.45
input,293,0.01,-0.02,0.31,0.10
pos,294,-2.81,-1.66,1.39,-6.45
input,294,0.01,-0.02,0.31,0.10
pos,295,-2.81,-1.66,1.39,-6.45
input,295,0.01,-0.02,0.30,0.10
pos,296,-2.81,-1.65,1.39,-6.46
input,296,0.01,-0.02,0.30,0.10
pos,297,-2.81,-1.65,1.39,-6.43
input,297,0.01,-0.02,0.29,0.10
pos,298,-2.81,-1.65,1.39,-6.45
input,298,0.01,-0.02,0.29,0.09
pos,299,-2.81,-1.65,1.39,-6.45
input,299,0.01,-0.02,0.29,0.09
pos,300,-2.81,-1.65,1.39,-6.45
input,300,0.01,-0.02,0.28,0.09
pos,301,-2.81,-1.65,1.39,-6.46
input,301,0.01,-0.02,0.28,0.09
pos,302,-2.81,-1.65,1.39,-6.46
input,302,0.01,-0.02,0.27,0.09
pos,303,-2.81,-1.65,1.39,-6.45
input,303,0.01,-0.02,0.27,0.09
pos,304,-2.81,-1.65,1.39,-6.45
input,304,0.01,-0.02,0.27,0.09
pos,305,-2.81,-1.65,1.39,-6.45
input,305,0.01,-0.02,0.26,0.08
pos,306,-2.80,-1.65,1.39,-6.46
input,306,0.01,-0.02,0.26,0.08
pos,307,-2.80,-1.65,1.39,-6.47
input,307,0.01,-0.02,0.25,0.08
pos,308,-2.78,-1.64,1.39,-6.47
input,308,0.01,-0.02,0.25,0.08
