pos,0,-0.12,-2.03,0.87,-15.26
input,0,0.82,0.04,-0.09,0.00
pos,1,-0.12,-2.03,0.87,-15.26
input,1,0.82,0.04,-0.10,0.00
pos,2,-0.12,-2.03,0.87,-15.26
input,2,0.83,0.04,-0.12,0.00
pos,3,-0.12,-2.03,0.87,-15.26
input,3,0.83,0.04,-0.13,0.00
pos,4,-0.16,-1.97,0.88,-15.32
input,4,0.83,0.04,-0.14,0.00
pos,5,-0.17,-1.95,0.88,-15.22
input,5,0.83,0.04,-0.15,0.00
pos,6,-0.18,-1.93,0.88,-15.24
input,6,0.84,0.04,-0.17,0.00
pos,7,-0.19,-1.92,0.88,-15.28
input,7,0.84,0.03,-0.18,0.00
pos,8,-0.20,-1.90,0.88,-15.27
input,8,0.84,0.03,-0.19,0.00
pos,9,-0.20,-1.90,0.88,-15.27
input,9,0.84,0.03,-0.20,0.00
pos,10,-0.25,-1.88,0.90,-15.27
input,10,0.85,0.03,-0.22,0.00
pos,11,-0.25,-1.87,0.91,-15.27
input,11,0.85,0.03,-0.23,0.00
pos,12,-0.26,-1.86,0.91,-15.27
input,12,0.85,0.03,-0.24,0.00
pos,13,-0.27,-1.84,0.91,-15.27
input,13,0.85,0.03,-0.25,0.00
pos,14,-0.28,-1.82,0.91,-15.27
input,14,0.86,0.03,-0.26,0.00
pos,15,-0.29,-1.80,0.92,-15.27
input,15,0.86,0.03,-0.27,0.00
pos,16,-0.27,-1.76,0.90,-15.28
input,16,0.86,0.03,-0.28,0.00
pos,17,-0.28,-1.74,0.90,-15.27
input,17,0.86,0.03,-0.29,0.00
pos,18,-0.29,-1.72,0.90,-15.29
input,18,0.86,0.03,-0.31,0.00
pos,19,-0.30,-1.70,0.90,-15.39
input,19,0.87,0.03,-0.32,0.00
pos,20,-0.31,-1.69,0.90,-15.49
input,20,0.87,0.03,-0.33,0.00
pos,21,-0.32,-1.68,0.90,-15.52
input,21,0.87,0.03,-0.34,0.00
pos,22,-0.33,-1.65,0.90,-15.53
input,22,0.87,0.03,-0.35,0.00
pos,23,-0.34,-1.64,0.90,-15.52
input,23,0.87,0.03,-0.36,0.00
pos,24,-0.35,-1.61,0.90,-15.53
input,24,0.88,0.03,-0.37,0.00
pos,25,-0.36,-1.59,0.90,-15.59
input,25,0.88,0.03,-0.37,0.00
pos,26,-0.37,-1.57,0.90,-15.62
input,26,0.88,0.03,-0.38,0.00
pos,27,-0.38,-1.55,0.90,-15.63
input,27,0.88,0.03,-0.39,0.00
pos,28,-0.39,-1.54,0.90,-15.64
input,28,0.88,0.03,-0.40,0.00
pos,29,-0.39,-1.53,0.90,-15.66
input,29,0.88,0.02,-0.41,0.00
pos,30,-0.40,-1.50,0.90,-15.67
input,30,0.89,0.02,-0.42,0.00
pos,31,-0.41,-1.49,0.90,-15.67
input,31,0.89,0.02,-0.43,0.00
pos,32,-0.42,-1.46,0.90,-15.67
input,32,0.89,0.02,-0.44,0.00
pos,33,-0.42,-1.46,0.90,-15.51
input,33,0.89,0.02,-0.45,0.00
pos,34,-0.42,-1.46,0.90,-15.51
input,34,0.89,0.02,-0.45,0.00
pos,35,-0.42,-1.46,0.90,-15.51
input,35,0.89,0.02,-0.46,0.00
pos,36,-0.45,-1.37,0.92,-15.51
input,36,0.90,0.02,-0.47,0.00
pos,37,-0.46,-1.35,0.90,-15.70
input,37,0.90,0.02,-0.48,0.00
pos,38,-0.46,-1.35,0.90,-15.70
input,38,0.90,0.02,-0.49,0.00
pos,39,-0.46,-1.35,0.90,-15.70
input,39,0.90,0.02,-0.49,0.00
pos,40,-0.46,-1.35,0.90,-15.70
input,40,0.90,0.02,-0.50,0.00
pos,41,-0.46,-1.35,0.90,-15.70
input,41,0.90,0.02,-0.51,0.00
pos,42,-0.50,-1.24,0.90,-15.76
input,42,0.91,0.02,-0.52,0.00
pos,43,-0.51,-1.22,0.90,-15.89
input,43,0.91,0.02,-0.52,0.00
pos,44,-0.52,-1.20,0.90,-15.79
input,44,0.91,0.02,-0.53,0.00
pos,45,-0.52,-1.18,0.90,-15.83
input,45,0.91,0.02,-0.54,0.00
pos,46,-0.53,-1.17,0.90,-15.80
input,46,0.91,0.02,-0.54,0.00
pos,47,-0.53,-1.15,0.90,-15.83
input,47,0.91,0.02,-0.55,0.00
pos,48,-0.54,-1.12,0.90,-15.86
input,48,0.91,0.02,-0.56,0.00
pos,49,-0.55,-1.09,0.90,-15.88
input,49,0.91,0.02,-0.56,0.00
pos,50,-0.56,-1.07,0.90,-15.88
input,50,0.92,0.02,-0.57,0.00
pos,51,-0.56,-1.04,0.90,-15.91
input,51,0.92,0.02,-0.58,0.00
pos,52,-0.57,-1.02,0.90,-15.93
input,52,0.92,0.02,-0.58,0.00
pos,53,-0.57,-1.00,0.90,-15.94
input,53,0.92,0.02,-0.59,0.00
pos,54,-0.58,-0.97,0.90,-15.96
input,54,0.92,0.02,-0.60,0.00
pos,55,-0.58,-0.97,0.90,-15.96
input,55,0.92,0.02,-0.60,0.00
pos,56,-0.59,-0.93,0.90,-16.01
input,56,0.92,0.02,-0.61,0.00
pos,57,-0.60,-0.90,0.89,-16.10
input,57,0.92,0.02,-0.61,0.00
pos,58,-0.60,-0.88,0.89,-16.09
input,58,0.93,0.02,-0.62,0.00
pos,59,-0.60,-0.87,0.89,-16.10
input,59,0.93,0.02,-0.63,0.00
pos,60,-0.61,-0.85,0.89,-16.10
input,60,0.93,0.02,-0.63,0.00
pos,61,-0.61,-0.81,0.89,-16.10
input,61,0.93,0.02,-0.64,0.00
pos,62,-0.62,-0.80,0.89,-16.10
input,62,0.93,0.02,-0.64,0.00
pos,63,-0.62,-0.76,0.89,-16.10
input,63,0.92,0.01,-0.65,0.00
pos,64,-0.62,-0.74,0.89,-16.07
input,64,0.90,0.01,-0.65,0.00
pos,65,-0.63,-0.72,0.89,-16.08
input,65,0.89,0.01,-0.66,0.00
pos,66,-0.63,-0.69,0.89,-16.10
input,66,0.88,0.01,-0.66,0.00
pos,67,-0.63,-0.67,0.89,-16.09
input,67,0.86,0.01,-0.67,0.00
pos,68,-0.63,-0.64,0.89,-16.14
input,68,0.85,0.01,-0.67,0.00
pos,69,-0.64,-0.62,0.89,-16.17
input,69,0.84,0.01,-0.68,0.00
pos,70,-0.64,-0.60,0.89,-16.13
input,70,0.82,0.01,-0.68,0.00
pos,71,-0.64,-0.57,0.89,-16.15
input,71,0.81,0.01,-0.69,0.00
pos,72,-0.64,-0.55,0.89,-16.14
input,72,0.80,0.01,-0.69,0.00
pos,73,-0.64,-0.53,0.89,-16.17
input,73,0.79,0.01,-0.70,0.00
pos,74,-0.64,-0.50,0.89,-16.18
input,74,0.78,0.01,-0.70,0.00
pos,75,-0.64,-0.48,0.89,-16.23
input,75,0.76,0.01,-0.71,0.00
pos,76,-0.64,-0.46,0.89,-16.22
input,76,0.75,0.01,-0.71,0.00
pos,77,-0.64,-0.43,0.89,-16.23
input,77,0.74,0.01,-0.72,0.00
pos,78,-0.64,-0.41,0.88,-16.24
input,78,0.73,0.01,-0.72,0.00
pos,79,-0.63,-0.39,0.88,-16.26
input,79,0.72,-0.00,-0.71,0.00
pos,80,-0.63,-0.37,0.88,-16.26
input,80,0.71,-0.02,-0.70,0.00
pos,81,-0.63,-0.34,0.88,-16.28
input,81,0.70,-0.03,-0.69,0.00
pos,82,-0.63,-0.32,0.88,-16.29
input,82,0.69,-0.05,-0.68,0.00
pos,83,-0.62,-0.30,0.88,-16.31
input,83,0.68,-0.06,-0.67,0.00
pos,84,-0.62,-0.28,0.88,-16.27
input,84,0.67,-0.08,-0.66,0.00
pos,85,-0.62,-0.26,0.88,-16.35
input,85,0.66,-0.09,-0.65,0.00
pos,86,-0.61,-0.24,0.88,-16.36
input,86,0.65,-0.10,-0.64,0.00
pos,87,-0.61,-0.23,0.88,-16.37
input,87,0.64,-0.12,-0.63,0.00
pos,88,-0.60,-0.19,0.87,-16.38
input,88,0.63,-0.13,-0.62,0.00
pos,89,-0.60,-0.18,0.87,-16.40
input,89,0.62,-0.14,-0.61,0.00
pos,90,-0.59,-0.15,0.87,-16.40
input,90,0.61,-0.16,-0.60,0.00
pos,91,-0.59,-0.15,0.87,-16.40
input,91,0.60,-0.17,-0.59,0.00
pos,92,-0.58,-0.11,0.87,-16.46
input,92,0.59,-0.18,-0.58,0.00
pos,93,-0.57,-0.09,0.87,-16.49
input,93,0.58,-0.19,-0.57,0.00
pos,94,-0.56,-0.08,0.87,-16.46
input,94,0.57,-0.21,-0.56,0.00
pos,95,-0.55,-0.06,0.87,-16.47
input,95,0.56,-0.22,-0.56,0.00
pos,96,-0.55,-0.04,0.86,-16.57
input,96,0.56,-0.23,-0.55,0.00
pos,97,-0.54,-0.03,0.86,-16.57
input,97,0.55,-0.24,-0.54,0.00
pos,98,-0.53,-0.00,0.86,-16.54
input,98,0.54,-0.25,-0.53,0.00
pos,99,-0.53,0.01,0.86,-16.57
input,99,0.53,-0.26,-0.52,0.00
pos,100,-0.51,0.03,0.86,-16.62
input,100,0.52,-0.27,-0.52,0.00
pos,101,-0.51,0.04,0.85,-16.61
input,101,0.52,-0.29,-0.51,0.00
pos,102,-0.50,0.05,0.85,-16.59
input,102,0.51,-0.30,-0.50,0.00
pos,103,-0.48,0.08,0.85,-16.61
input,103,0.50,-0.31,-0.49,0.00
pos,104,-0.47,0.10,0.85,-16.61
input,104,0.49,-0.32,-0.49,0.00
pos,105,-0.46,0.11,0.85,-16.69
input,105,0.49,-0.33,-0.49,0.00
pos,106,-0.46,0.12,0.84,-16.69
input,106,0.48,-0.34,-0.50,0.00
pos,107,-0.44,0.14,0.84,-16.70
input,107,0.47,-0.35,-0.51,0.00
pos,108,-0.43,0.15,0.84,-16.70
input,108,0.46,-0.36,-0.52,0.00
pos,109,-0.43,0.16,0.84,-16.70
input,109,0.46,-0.37,-0.52,0.00
pos,110,-0.42,0.17,0.84,-16.64
input,110,0.45,-0.38,-0.53,0.00
pos,111,-0.42,0.17,0.84,-16.64
input,111,0.44,-0.39,-0.54,0.00
pos,112,-0.41,0.18,0.84,-16.66
input,112,0.44,-0.39,-0.54,0.00
pos,113,-0.37,0.22,0.84,-16.64
input,113,0.43,-0.40,-0.55,0.00
pos,114,-0.36,0.23,0.83,-16.66
input,114,0.42,-0.41,-0.56,0.00
pos,115,-0.35,0.24,0.83,-16.65
input,115,0.42,-0.42,-0.56,0.00
pos,116,-0.34,0.25,0.83,-16.65
input,116,0.41,-0.43,-0.57,0.00
pos,117,-0.33,0.27,0.83,-16.60
input,117,0.41,-0.44,-0.58,0.00
pos,118,-0.32,0.27,0.83,-16.59
input,118,0.40,-0.45,-0.58,0.00
pos,119,-0.30,0.29,0.82,-16.60
input,119,0.39,-0.46,-0.59,0.00
pos,120,-0.30,0.29,0.82,-16.60
input,120,0.39,-0.46,-0.60,0.00
pos,121,-0.28,0.30,0.82,-16.61
input,121,0.38,-0.47,-0.60,0.00
pos,122,-0.26,0.31,0.82,-16.60
input,122,0.38,-0.48,-0.59,0.00
pos,123,-0.25,0.32,0.82,-16.62
input,123,0.37,-0.49,-0.58,0.00
pos,124,-0.25,0.33,0.81,-16.61
input,124,0.36,-0.50,-0.58,0.00
pos,125,-0.23,0.34,0.81,-16.61
input,125,0.36,-0.50,-0.57,0.00
pos,126,-0.22,0.34,0.81,-16.61
input,126,0.35,-0.51,-0.56,0.00
pos,127,-0.20,0.35,0.81,-16.79
input,127,0.35,-0.52,-0.55,0.00
pos,128,-0.19,0.36,0.80,-16.82
input,128,0.34,-0.52,-0.54,0.00
pos,129,-0.18,0.36,0.81,-16.77
input,129,0.34,-0.53,-0.53,0.00
pos,130,-0.17,0.37,0.80,-16.78
input,130,0.33,-0.54,-0.53,0.00
pos,131,-0.15,0.38,0.79,-16.85
input,131,0.33,-0.55,-0.52,0.00
pos,132,-0.14,0.38,0.80,-16.88
input,132,0.32,-0.55,-0.51,0.00
pos,133,-0.13,0.39,0.79,-16.84
input,133,0.32,-0.56,-0.50,0.00
pos,134,-0.11,0.39,0.79,-16.87
input,134,0.31,-0.57,-0.49,0.00
pos,135,-0.10,0.39,0.79,-16.87
input,135,0.31,-0.57,-0.49,0.00
pos,136,-0.09,0.39,0.80,-16.85
input,136,0.30,-0.58,-0.48,0.00
pos,137,-0.07,0.40,0.79,-16.86
input,137,0.30,-0.59,-0.47,0.00
pos,138,-0.07,0.40,0.79,-16.87
input,138,0.29,-0.59,-0.47,0.00
pos,139,-0.05,0.40,0.78,-16.89
input,139,0.29,-0.60,-0.46,0.00
pos,140,-0.04,0.41,0.78,-16.87
input,140,0.29,-0.60,-0.45,0.00
pos,141,-0.02,0.40,0.78,-16.87
input,141,0.28,-0.59,-0.45,0.00
pos,142,-0.01,0.40,0.80,-16.73
input,142,0.28,-0.59,-0.44,0.00
pos,143,0.01,0.41,0.78,-16.86
input,143,0.27,-0.58,-0.43,0.00
pos,144,0.01,0.41,0.78,-16.85
input,144,0.27,-0.57,-0.43,0.00
pos,145,0.01,0.41,0.78,-16.85
input,145,0.27,-0.56,-0.42,0.00
pos,146,0.04,0.41,0.78,-16.88
input,146,0.26,-0.55,-0.41,0.00
pos,147,0.05,0.41,0.78,-16.91
input,147,0.26,-0.54,-0.41,0.00
pos,148,0.06,0.41,0.78,-16.88
input,148,0.25,-0.53,-0.40,0.00
pos,149,0.09,0.41,0.78,-16.94
input,149,0.25,-0.53,-0.39,0.00
pos,150,0.10,0.41,0.77,-16.90
input,150,0.25,-0.52,-0.39,0.00
pos,151,0.11,0.40,0.78,-16.93
input,151,0.24,-0.51,-0.38,0.00
pos,152,0.11,0.40,0.78,-16.93
input,152,0.24,-0.50,-0.38,0.00
pos,153,0.12,0.40,0.79,-16.92
input,153,0.24,-0.50,-0.37,0.01
pos,154,0.12,0.40,0.79,-16.92
input,154,0.23,-0.49,-0.37,0.03
pos,155,0.14,0.39,0.78,-16.94
input,155,0.23,-0.48,-0.36,0.04
pos,156,0.16,0.39,0.77,-16.91
input,156,0.22,-0.47,-0.35,0.06
pos,157,0.19,0.38,0.77,-16.94
input,157,0.22,-0.47,-0.35,0.07
pos,158,0.19,0.38,0.77,-16.94
input,158,0.22,-0.46,-0.34,0.09
pos,159,0.19,0.38,0.77,-16.94
input,159,0.21,-0.45,-0.34,0.10
pos,160,0.22,0.37,0.77,-16.93
input,160,0.21,-0.45,-0.32,0.11
pos,161,0.23,0.37,0.79,-16.93
input,161,0.21,-0.44,-0.30,0.11
pos,162,0.25,0.36,0.78,-16.76
input,162,0.21,-0.43,-0.28,0.11
pos,163,0.25,0.35,0.78,-16.78
input,163,0.20,-0.43,-0.26,0.11
pos,164,0.27,0.35,0.78,-16.77
input,164,0.20,-0.42,-0.24,0.11
pos,165,0.28,0.35,0.78,-16.77
input,165,0.20,-0.41,-0.22,0.11
pos,166,0.29,0.34,0.78,-16.77
input,166,0.19,-0.41,-0.20,0.10
pos,167,0.29,0.34,0.78,-16.77
input,167,0.19,-0.40,-0.19,0.10
pos,168,0.30,0.33,0.78,-16.77
input,168,0.19,-0.40,-0.17,0.10
pos,169,0.31,0.33,0.78,-16.79
input,169,0.18,-0.39,-0.15,0.10
pos,170,0.32,0.32,0.78,-16.77
input,170,0.18,-0.38,-0.13,0.10
pos,171,0.33,0.32,0.78,-16.78
input,171,0.18,-0.38,-0.12,0.10
pos,172,0.34,0.31,0.78,-16.85
input,172,0.18,-0.37,-0.10,0.10
pos,173,0.35,0.31,0.77,-16.84
input,173,0.17,-0.37,-0.08,0.09
pos,174,0.36,0.31,0.77,-16.85
input,174,0.17,-0.36,-0.07,0.09
pos,175,0.37,0.30,0.77,-16.87
input,175,0.17,-0.36,-0.05,0.09
pos,176,0.38,0.29,0.77,-16.85
input,176,0.17,-0.35,-0.04,0.09
pos,177,0.38,0.29,0.77,-16.85
input,177,0.16,-0.34,-0.02,0.09
pos,178,0.38,0.29,0.77,-16.85
input,178,0.16,-0.34,-0.00,0.09
pos,179,0.38,0.29,0.77,-16.85
input,179,0.16,-0.33,0.01,0.09
pos,180,0.38,0.29,0.77,-16.85
input,180,0.16,-0.33,0.03,0.08
pos,181,0.38,0.29,0.77,-16.85
input,181,0.15,-0.32,0.04,0.08
pos,182,0.38,0.29,0.77,-16.85
input,182,0.15,-0.32,0.05,0.08
pos,183,0.38,0.29,0.77,-16.85
input,183,0.15,-0.32,0.07,0.08
pos,184,0.38,0.29,0.77,-16.85
input,184,0.15,-0.31,0.08,0.08
pos,185,0.38,0.29,0.77,-16.85
input,185,0.14,-0.31,0.10,0.08
pos,186,0.38,0.29,0.77,-16.85
input,186,0.14,-0.30,0.11,0.08
pos,187,0.38,0.29,0.77,-16.85
input,187,0.14,-0.30,0.12,0.08
pos,188,0.38,0.29,0.77,-16.85
input,188,0.14,-0.29,0.14,0.07
pos,189,0.38,0.29,0.77,-16.85
input,189,0.14,-0.29,0.15,0.07
pos,190,0.38,0.29,0.77,-16.85
input,190,0.13,-0.28,0.16,0.07
pos,191,0.38,0.29,0.77,-16.85
input,191,0.13,-0.28,0.17,0.07
pos,192,0.38,0.29,0.77,-16.85
input,192,0.13,-0.28,0.19,0.07
pos,193,0.51,0.22,0.76,-16.85
input,193,0.13,-0.27,0.20,0.07
pos,194,0.52,0.21,0.76,-16.85
input,194,0.13,-0.27,0.21,0.07
pos,195,0.52,0.21,0.76,-16.85
input,195,0.12,-0.26,0.22,0.07
pos,196,0.52,0.21,0.76,-16.85
input,196,0.12,-0.26,0.23,0.07
pos,197,0.52,0.21,0.76,-16.85
input,197,0.12,-0.26,0.25,0.07
pos,198,0.53,0.18,0.77,-16.86
input,198,0.12,-0.25,0.26,0.06
pos,199,0.54,0.18,0.76,-16.86
input,199,0.12,-0.25,0.27,0.06
pos,200,0.54,0.18,0.76,-16.71
input,200,0.12,-0.24,0.28,0.06
pos,201,0.54,0.17,0.76,-16.71
input,201,0.11,-0.24,0.29,0.06
pos,202,0.54,0.17,0.76,-16.71
input,202,0.11,-0.24,0.30,0.06
pos,203,0.55,0.16,0.77,-16.82
input,203,0.11,-0.23,0.31,0.06
pos,204,0.55,0.16,0.77,-16.82
input,204,0.11,-0.23,0.32,0.06
pos,205,0.57,0.15,0.77,-16.73
input,205,0.11,-0.23,0.33,0.06
pos,206,0.57,0.15,0.76,-16.62
input,206,0.11,-0.22,0.33,0.06
pos,207,0.57,0.15,0.76,-16.62
input,207,0.10,-0.22,0.32,0.06
pos,208,0.58,0.14,0.76,-16.67
input,208,0.10,-0.22,0.32,0.06
pos,209,0.59,0.13,0.76,-16.63
input,209,0.10,-0.21,0.31,0.05
pos,210,0.59,0.13,0.76,-16.63
input,210,0.10,-0.21,0.31,0.05
pos,211,0.59,0.12,0.76,-16.63
input,211,0.10,-0.21,0.30,0.05
pos,212,0.60,0.12,0.76,-16.63
input,212,0.10,-0.20,0.30,0.05
pos,213,0.60,0.11,0.76,-16.62
input,213,0.09,-0.20,0.29,0.05
pos,214,0.60,0.11,0.76,-16.64
input,214,0.09,-0.20,0.29,0.05
pos,215,0.61,0.11,0.75,-16.64
input,215,0.09,-0.19,0.29,0.05
pos,216,0.61,0.11,0.75,-16.64
input,216,0.09,-0.19,0.28,0.05
pos,217,0.61,0.11,0.75,-16.66
input,217,0.09,-0.19,0.28,0.05
pos,218,0.62,0.10,0.75,-16.64
input,218,0.09,-0.19,0.27,0.05
pos,219,0.62,0.10,0.75,-16.64
input,219,0.09,-0.18,0.27,0.05
pos,220,0.62,0.10,0.75,-16.64
input,220,0.09,-0.18,0.26,0.05
pos,221,0.62,0.10,0.75,-16.64
input,221,0.08,-0.18,0.26,0.05
pos,222,0.63,0.09,0.73,-16.63
input,222,0.08,-0.17,0.26,0.04
pos,223,0.63,0.09,0.73,-16.65
input,223,0.08,-0.17,0.27,0.04
pos,224,0.63,0.09,0.73,-16.65
input,224,0.08,-0.17,0.28,0.04
pos,225,0.64,0.08,0.72,-16.71
input,225,0.08,-0.17,0.29,0.04
pos,226,0.64,0.08,0.71,-16.71
input,226,0.08,-0.16,0.30,0.04
pos,227,0.64,0.08,0.71,-16.60
input,227,0.08,-0.16,0.31,0.04
pos,228,0.64,0.08,0.71,-16.60
input,228,0.08,-0.16,0.32,0.04
pos,229,0.65,0.07,0.70,-16.57
input,229,0.07,-0.16,0.33,0.04
pos,230,0.65,0.07,0.69,-16.60
input,230,0.07,-0.15,0.34,0.04
pos,231,0.65,0.07,0.69,-16.60
input,231,0.07,-0.15,0.35,0.04
pos,232,0.66,0.06,0.70,-16.47
input,232,0.07,-0.15,0.36,0.04
pos,233,0.66,0.06,0.69,-16.47
input,233,0.07,-0.15,0.37,0.04
pos,234,0.67,0.06,0.68,-16.51
input,234,0.07,-0.15,0.38,0.04
pos,235,0.67,0.06,0.66,-16.54
input,235,0.07,-0.14,0.39,0.04
pos,236,0.67,0.06,0.66,-16.54
input,236,0.07,-0.14,0.40,0.04
pos,237,0.67,0.06,0.66,-16.54
input,237,0.07,-0.14,0.41,0.04
pos,238,0.68,0.05,0.65,-16.46
input,238,0.07,-0.14,0.42,0.04
pos,239,0.68,0.05,0.64,-16.48
input,239,0.06,-0.14,0.43,0.03
pos,240,0.68,0.05,0.63,-16.42
input,240,0.06,-0.13,0.43,0.03
pos,241,0.68,0.05,0.63,-16.40
input,241,0.06,-0.13,0.44,0.03
pos,242,0.68,0.05,0.62,-16.40
input,242,0.06,-0.13,0.45,0.03
pos,243,0.69,0.04,0.61,-16.38
input,243,0.06,-0.13,0.46,0.03
pos,244,0.69,0.04,0.61,-16.41
input,244,0.06,-0.13,0.47,0.03
pos,245,0.69,0.04,0.61,-16.41
input,245,0.06,-0.12,0.47,0.03
pos,246,0.69,0.04,0.61,-16.41
input,246,0.06,-0.12,0.48,0.03
pos,247,0.69,0.04,0.60,-16.39
input,247,0.06,-0.12,0.49,0.03
pos,248,0.70,0.04,0.58,-16.28
input,248,0.06,-0.12,0.50,0.03
pos,249,0.70,0.04,0.57,-16.28
input,249,0.06,-0.12,0.51,0.03
pos,250,0.70,0.04,0.56,-16.45
input,250,0.05,-0.11,0.51,0.03
pos,251,0.70,0.04,0.56,-16.45
input,251,0.05,-0.11,0.52,0.03
pos,252,0.71,0.03,0.55,-16.45
input,252,0.05,-0.11,0.53,0.03
pos,253,0.71,0.03,0.54,-16.29
input,253,0.05,-0.11,0.53,0.03
pos,254,0.71,0.03,0.54,-16.27
input,254,0.05,-0.11,0.54,0.03
pos,255,0.72,0.03,0.53,-16.20
input,255,0.05,-0.11,0.55,0.03
pos,256,0.72,0.03,0.53,-16.15
input,256,0.05,-0.10,0.56,0.03
pos,257,0.72,0.03,0.52,-16.15
input,257,0.05,-0.10,0.56,0.03
pos,258,0.73,0.03,0.52,-16.12
input,258,0.05,-0.10,0.57,0.03
pos,259,0.73,0.03,0.51,-16.12
input,259,0.05,-0.10,0.58,0.03
pos,260,0.73,0.02,0.50,-16.09
input,260,0.05,-0.10,0.58,0.03
pos,261,0.73,0.02,0.50,-16.10
input,261,0.05,-0.10,0.57,0.02
pos,262,0.73,0.02,0.49,-16.09
input,262,0.05,-0.10,0.56,0.02
pos,263,0.73,0.02,0.49,-16.09
input,263,0.04,-0.09,0.56,0.02
pos,264,0.74,0.02,0.47,-16.08
input,264,0.04,-0.09,0.55,0.02
pos,265,0.74,0.02,0.47,-16.10
input,265,0.04,-0.09,0.54,0.04
pos,266,0.74,0.02,0.46,-16.07
input,266,0.04,-0.09,0.53,0.05
pos,267,0.74,0.02,0.46,-16.07
input,267,0.04,-0.09,0.52,0.07
pos,268,0.74,0.02,0.46,-16.07
input,268,0.04,-0.09,0.52,0.08
pos,269,0.74,0.02,0.43,-16.07
input,269,0.04,-0.09,0.51,0.09
pos,270,0.74,0.02,0.43,-16.07
input,270,0.04,-0.08,0.50,0.11
pos,271,0.75,0.01,0.43,-16.07
input,271,0.04,-0.08,0.49,0.12
pos,272,0.75,0.01,0.43,-16.07
input,272,0.04,-0.08,0.48,0.13
pos,273,0.75,0.01,0.43,-16.07
input,273,0.04,-0.08,0.48,0.15
pos,274,0.75,0.01,0.41,-16.05
input,274,0.04,-0.08,0.47,0.16
pos,275,0.75,0.01,0.41,-16.05
input,275,0.04,-0.08,0.46,0.17
pos,276,0.75,0.01,0.41,-16.05
input,276,0.04,-0.08,0.46,0.19
pos,277,0.75,0.01,0.41,-16.05
input,277,0.04,-0.08,0.45,0.20
pos,278,0.75,0.01,0.41,-16.05
input,278,0.04,-0.07,0.44,0.21
pos,279,0.75,0.01,0.41,-16.05
input,279,0.04,-0.07,0.44,0.22
pos,280,0.77,0.02,0.30,-16.00
input,280,0.03,-0.07,0.43,0.23
pos,281,0.77,0.02,0.30,-16.06
input,281,0.03,-0.07,0.42,0.24
pos,282,0.77,0.02,0.31,-16.04
input,282,0.03,-0.07,0.42,0.26
pos,283,0.77,0.02,0.31,-16.05
input,283,0.03,-0.07,0.41,0.27
pos,284,0.77,0.02,0.31,-16.02
input,284,0.03,-0.07,0.40,0.28
pos,285,0.77,0.03,0.31,-16.02
input,285,0.03,-0.07,0.40,0.29
pos,286,0.77,0.03,0.31,-15.83
input,286,0.03,-0.07,0.39,0.30
pos,287,0.77,0.03,0.30,-15.80
input,287,0.03,-0.07,0.39,0.31
pos,288,0.77,0.03,0.30,-15.85
input,288,0.03,-0.06,0.38,0.32
pos,289,0.77,0.03,0.30,-15.85
input,289,0.03,-0.06,0.38,0.33
pos,290,0.77,0.03,0.30,-15.85
input,290,0.03,-0.06,0.37,0.34
pos,291,0.77,0.02,0.29,-15.82
input,291,0.03,-0.06,0.36,0.35
pos,292,0.77,0.02,0.29,-15.82
input,292,0.03,-0.06,0.36,0.36
pos,293,0.77,0.02,0.29,-15.83
input,293,0.03,-0.06,0.35,0.37
pos,294,0.77,0.03,0.30,-15.93
input,294,0.03,-0.06,0.35,0.38
pos,295,0.77,0.03,0.29,-15.93
input,295,0.03,-0.06,0.34,0.39
pos,296,0.77,0.03,0.29,-15.93
input,296,0.03,-0.06,0.34,0.40
pos,297,0.77,0.03,0.29,-15.92
input,297,0.03,-0.06,0.33,0.41
pos,298,0.77,0.03,0.29,-15.92
input,298,0.03,-0.06,0.33,0.42
pos,299,0.77,0.03,0.29,-15.92
input,299,0.03,-0.05,0.32,0.42
pos,300,0.77,0.03,0.29,-15.92
input,300,0.03,-0.05,0.32,0.43
pos,301,0.77,0.03,0.29,-15.92
input,301,0.03,-0.05,0.31,0.44
pos,302,0.77,0.03,0.29,-15.89
input,302,0.02,-0.05,0.31,0.45
pos,303,0.77,0.03,0.29,-15.89
input,303,0.02,-0.05,0.30,0.46
pos,304,0.77,0.03,0.29,-15.91
input,304,0.02,-0.05,0.30,0.47
pos,305,0.77,0.03,0.29,-15.89
input,305,0.02,-0.05,0.29,0.47
pos,306,0.77,0.03,0.29,-15.89
input,306,0.02,-0.05,0.29,0.48
pos,307,0.77,0.03,0.29,-15.88
input,307,0.02,-0.05,0.29,0.49
pos,308,0.77,0.03,0.29,-15.88
input,308,0.02,-0.05,0.28,0.50
