pos,0,-1.68,-2.23,1.18,1.32
input,0,0.02,-0.08,0.00,0.00
pos,1,-1.68,-2.23,1.18,1.26
input,1,0.02,-0.07,0.00,0.00
pos,2,-1.68,-2.23,1.18,1.30
input,2,0.02,-0.07,0.00,0.00
pos,3,-1.68,-2.23,1.18,1.31
input,3,0.02,-0.07,0.00,0.00
pos,4,-1.68,-2.23,1.18,1.28
input,4,0.02,-0.07,0.00,0.00
pos,5,-1.68,-2.23,1.18,1.27
input,5,0.02,-0.07,0.00,0.00
pos,6,-1.68,-2.23,1.18,1.28
input,6,0.02,-0.07,0.00,0.00
pos,7,-1.68,-2.24,1.18,1.34
input,7,0.02,-0.07,0.00,0.00
pos,8,-1.68,-2.24,1.18,1.33
input,8,0.02,-0.07,0.00,0.00
pos,9,-1.68,-2.24,1.18,1.34
input,9,0.02,-0.07,0.00,0.00
pos,10,-1.68,-2.24,1.18,1.29
input,10,0.02,-0.07,0.00,0.00
pos,11,-1.68,-2.24,1.18,1.24
input,11,0.02,-0.06,0.00,0.00
pos,12,-1.68,-2.24,1.18,1.23
input,12,0.02,-0.06,0.00,0.00
pos,13,-1.68,-2.24,1.18,1.22
input,13,0.02,-0.06,0.00,0.00
pos,14,-1.68,-2.24,1.18,1.22
input,14,0.02,-0.06,0.00,0.00
pos,15,-1.68,-2.24,1.18,1.23
input,15,0.02,-0.06,0.00,0.00
pos,16,-1.68,-2.24,1.18,1.32
input,16,0.02,-0.06,0.00,0.00
pos,17,-1.68,-2.24,1.18,1.32
input,17,0.02,-0.06,0.00,0.00
pos,18,-1.68,-2.25,1.18,1.29
input,18,0.02,-0.06,0.00,0.00
pos,19,-1.68,-2.25,1.18,1.30
input,19,0.02,-0.06,0.00,0.00
pos,20,-1.68,-2.25,1.18,1.30
input,20,0.01,-0.06,0.00,0.00
pos,21,-1.68,-2.25,1.18,1.32
input,21,0.01,-0.06,0.00,0.00
pos,22,-1.68,-2.25,1.18,1.32
input,22,0.01,-0.05,0.00,0.00
pos,23,-1.68,-2.25,1.18,1.25
input,23,0.01,-0.05,0.00,0.00
pos,24,-1.68,-2.25,1.18,1.24
input,24,0.01,-0.05,0.00,0.00
pos,25,-1.68,-2.25,1.18,1.26
input,25,0.01,-0.05,0.00,0.00
pos,26,-1.68,-2.25,1.18,1.30
input,26,0.01,-0.05,0.00,0.00
pos,27,-1.68,-2.25,1.18,1.29
input,27,0.01,-0.05,0.00,0.00
pos,28,-1.68,-2.25,1.18,1.29
input,28,0.01,-0.05,0.00,0.00
pos,29,-1.68,-2.24,1.18,1.29
input,29,0.01,-0.05,0.00,0.00
pos,30,-1.68,-2.24,1.19,1.29
input,30,0.01,-0.05,0.00,0.00
pos,31,-1.68,-2.24,1.19,1.28
input,31,0.01,-0.05,0.00,0.00
pos,32,-1.68,-2.24,1.19,1.28
input,32,0.01,-0.05,0.00,0.00
pos,33,-1.68,-2.24,1.19,1.29
input,33,0.01,-0.05,0.00,0.00
pos,34,-1.68,-2.24,1.19,1.29
input,34,0.01,-0.05,0.00,0.00
pos,35,-1.68,-2.24,1.19,1.32
input,35,0.01,-0.04,0.00,0.00
pos,36,-1.68,-2.24,1.19,1.32
input,36,0.01,-0.04,0.00,0.00
pos,37,-1.68,-2.24,1.19,1.34
input,37,0.01,-0.04,0.00,0.00
pos,38,-1.68,-2.24,1.19,1.34
input,38,0.01,-0.04,0.00,0.00
pos,39,-1.68,-2.24,1.19,1.23
input,39,0.01,-0.04,0.00,0.00
pos,40,-1.68,-2.24,1.19,1.23
input,40,0.01,-0.04,0.00,0.00
pos,41,-1.68,-2.24,1.19,1.23
input,41,0.01,-0.04,0.00,0.00
pos,42,-1.68,-2.24,1.19,1.23
input,42,0.01,-0.04,0.00,0.00
pos,43,-1.68,-2.24,1.19,1.23
input,43,0.01,-0.04,0.00,0.00
pos,44,-1.68,-2.24,1.19,1.23
input,44,0.01,-0.04,0.00,0.00
pos,45,-1.68,-2.24,1.19,1.23
input,45,0.01,-0.04,0.00,0.00
pos,46,-1.68,-2.24,1.19,1.23
input,46,0.01,-0.04,0.00,0.00
pos,47,-1.68,-2.24,1.19,1.23
input,47,0.01,-0.04,0.00,0.00
pos,48,-1.68,-2.24,1.19,1.23
input,48,0.01,-0.04,0.00,0.00
pos,49,-1.68,-2.24,1.19,1.23
input,49,0.01,-0.04,0.00,0.00
pos,50,-1.68,-2.24,1.19,1.23
input,50,0.01,-0.04,0.00,0.00
pos,51,-1.68,-2.24,1.19,1.23
input,51,0.01,-0.04,0.00,0.00
pos,52,-1.68,-2.24,1.19,1.23
input,52,0.01,-0.03,0.00,0.00
pos,53,-1.68,-2.24,1.19,1.23
input,53,0.01,-0.02,0.00,0.00
pos,54,-1.68,-2.24,1.19,1.23
input,54,0.01,-0.00,0.00,0.00
pos,55,-1.68,-2.22,1.19,1.29
input,55,0.01,0.01,0.00,0.00
pos,56,-1.68,-2.22,1.19,1.31
input,56,0.01,0.03,0.00,0.00
pos,57,-1.68,-2.22,1.19,1.30
input,57,0.01,0.04,0.00,0.00
pos,58,-1.68,-2.22,1.19,1.29
input,58,0.01,0.06,0.00,0.00
pos,59,-1.68,-2.22,1.19,1.28
input,59,0.01,0.07,0.00,0.00
pos,60,-1.68,-2.22,1.19,1.29
input,60,0.01,0.08,0.00,0.00
pos,61,-1.68,-2.22,1.19,1.32
input,61,0.01,0.10,0.00,0.00
pos,62,-1.68,-2.22,1.19,1.30
input,62,0.01,0.11,0.00,0.00
pos,63,-1.68,-2.21,1.19,1.30
input,63,0.01,0.12,0.00,0.00
pos,64,-1.68,-2.21,1.19,1.32
input,64,0.01,0.14,0.00,0.00
pos,65,-1.68,-2.21,1.19,1.32
input,65,0.01,0.15,0.00,0.00
pos,66,-1.65,-2.18,1.21,1.32
input,66,0.01,0.16,0.00,0.00
pos,67,-1.68,-2.21,1.19,1.24
input,67,0.01,0.18,0.00,0.00
pos,68,-1.68,-2.21,1.19,1.24
input,68,0.01,0.19,0.00,0.00
pos,69,-1.68,-2.21,1.19,1.24
input,69,0.01,0.20,0.00,0.00
pos,70,-1.68,-2.21,1.19,1.24
input,70,0.01,0.21,0.00,0.00
pos,71,-1.67,-2.21,1.19,1.22
input,71,0.01,0.22,0.00,0.00
pos,72,-1.67,-2.21,1.19,1.25
input,72,0.01,0.24,0.00,0.00
pos,73,-1.67,-2.21,1.19,1.24
input,73,0.01,0.25,0.00,0.00
pos,74,-1.67,-2.21,1.19,1.29
input,74,0.01,0.26,0.00,0.00
pos,75,-1.67,-2.21,1.19,1.29
input,75,0.01,0.27,0.00,0.00
pos,76,-1.67,-2.21,1.19,1.31
input,76,0.01,0.28,0.00,0.00
pos,77,-1.67,-2.21,1.19,1.31
input,77,0.01,0.29,0.00,0.00
pos,78,-1.67,-2.21,1.19,1.33
input,78,0.01,0.30,0.00,0.00
pos,79,-1.67,-2.21,1.20,1.23
input,79,0.01,0.31,0.00,0.00
pos,80,-1.67,-2.21,1.20,1.23
input,80,0.01,0.32,0.00,0.00
pos,81,-1.67,-2.20,1.20,1.27
input,81,0.01,0.33,0.00,0.00
pos,82,-1.67,-2.20,1.20,1.31
input,82,0.01,0.34,0.00,0.00
pos,83,-1.67,-2.20,1.20,1.31
input,83,0.01,0.35,0.00,0.00
pos,84,-1.67,-2.20,1.20,1.31
input,84,0.01,0.36,0.00,0.00
pos,85,-1.67,-2.20,1.20,1.31
input,85,0.01,0.37,0.00,0.00
pos,86,-1.67,-2.20,1.20,1.31
input,86,0.01,0.38,0.00,0.00
pos,87,-1.67,-2.20,1.20,1.31
input,87,0.01,0.39,0.00,0.00
pos,88,-1.67,-2.20,1.20,1.31
input,88,0.01,0.40,0.00,0.00
pos,89,-1.67,-2.20,1.20,1.31
input,89,0.01,0.41,0.00,0.00
pos,90,-1.67,-2.20,1.20,1.31
input,90,0.01,0.42,0.00,0.00
pos,91,-1.67,-2.20,1.20,1.31
input,91,0.01,0.43,0.00,0.00
pos,92,-1.67,-2.20,1.20,1.31
input,92,0.01,0.43,0.00,0.00
pos,93,-1.67,-2.20,1.20,1.31
input,93,0.01,0.44,0.00,0.00
pos,94,-1.67,-2.20,1.20,1.31
input,94,0.00,0.45,0.00,0.00
pos,95,-1.67,-2.20,1.20,1.31
input,95,0.00,0.46,0.00,0.00
pos,96,-1.67,-2.20,1.20,1.31
input,96,0.00,0.47,0.00,0.00
pos,97,-1.67,-2.20,1.20,1.31
input,97,0.00,0.48,0.00,0.00
pos,98,-1.67,-2.20,1.20,1.31
input,98,0.00,0.48,0.00,0.00
pos,99,-1.67,-2.20,1.20,1.31
input,99,0.00,0.49,0.00,0.00
pos,100,-1.66,-2.19,1.20,1.28
input,100,0.00,0.50,0.00,0.00
pos,101,-1.66,-2.19,1.21,1.29
input,101,0.00,0.51,0.00,0.00
pos,102,-1.66,-2.18,1.21,1.25
input,102,0.00,0.51,0.00,0.00
pos,103,-1.65,-2.18,1.20,1.33
input,103,0.00,0.52,0.00,0.00
pos,104,-1.65,-2.18,1.21,1.29
input,104,0.00,0.53,0.00,0.00
pos,105,-1.65,-2.17,1.21,1.31
input,105,0.00,0.54,0.00,0.00
pos,106,-1.65,-2.17,1.21,1.26
input,106,0.00,0.53,0.00,0.00
pos,107,-1.65,-2.17,1.21,1.29
input,107,0.00,0.52,0.00,0.00
pos,108,-1.65,-2.16,1.21,1.29
input,108,0.00,0.51,0.00,0.00
pos,109,-1.65,-2.16,1.21,1.29
input,109,0.00,0.50,0.00,0.00
pos,110,-1.64,-2.16,1.21,1.27
input,110,0.00,0.50,0.00,0.00
pos,111,-1.64,-2.15,1.21,1.28
input,111,0.00,0.49,0.00,0.00
pos,112,-1.64,-2.14,1.21,1.29
input,112,0.00,0.48,0.00,0.00
pos,113,-1.64,-2.14,1.21,1.29
input,113,0.00,0.47,0.00,0.00
pos,114,-1.63,-2.14,1.21,1.25
input,114,0.00,0.47,0.00,0.00
pos,115,-1.63,-2.13,1.21,1.26
input,115,0.00,0.46,0.00,0.00
pos,116,-1.63,-2.12,1.21,1.30
input,116,0.00,0.45,0.00,0.00
pos,117,-1.62,-2.12,1.21,1.26
input,117,0.00,0.45,0.00,0.00
pos,118,-1.62,-2.12,1.21,1.26
input,118,0.00,0.44,0.00,0.00
pos,119,-1.62,-2.11,1.21,1.28
input,119,0.00,0.43,0.00,0.00
pos,120,-1.62,-2.11,1.21,1.28
input,120,0.00,0.43,0.00,0.00
pos,121,-1.61,-2.09,1.21,1.28
input,121,0.00,0.42,0.00,0.00
pos,122,-1.61,-2.09,1.21,1.26
input,122,0.00,0.41,0.00,0.00
pos,123,-1.60,-2.08,1.21,1.29
input,123,0.00,0.41,0.00,0.00
pos,124,-1.60,-2.07,1.21,1.28
input,124,0.00,0.40,0.00,0.00
pos,125,-1.60,-2.06,1.21,1.29
input,125,0.00,0.40,0.00,0.00
pos,126,-1.59,-2.05,1.21,1.28
input,126,0.00,0.39,0.00,0.00
pos,127,-1.59,-2.05,1.21,1.29
input,127,0.00,0.38,0.00,0.00
pos,128,-1.59,-2.04,1.21,1.28
input,128,0.00,0.38,0.00,0.00
pos,129,-1.58,-2.03,1.21,1.27
input,129,0.00,0.37,0.00,0.00
pos,130,-1.58,-2.02,1.21,1.30
input,130,0.00,0.37,0.00,0.00
pos,131,-1.57,-2.01,1.21,1.25
input,131,0.00,0.36,0.00,0.00
pos,132,-1.57,-2.01,1.21,1.29
input,132,0.00,0.36,0.00,0.00
pos,133,-1.57,-2.00,1.21,1.28
input,133,0.00,0.35,0.00,0.00
pos,134,-1.56,-1.99,1.21,1.28
input,134,0.00,0.35,0.00,0.00
pos,135,-1.56,-1.98,1.21,1.29
input,135,0.00,0.34,0.00,0.00
pos,136,-1.56,-1.97,1.21,1.28
input,136,0.00,0.34,0.00,0.00
pos,137,-1.56,-1.97,1.21,1.28
input,137,0.00,0.33,0.00,0.00
pos,138,-1.55,-1.95,1.21,1.24
input,138,0.00,0.33,0.00,0.00
pos,139,-1.55,-1.95,1.21,1.26
input,139,0.00,0.32,0.00,0.00
pos,140,-1.54,-1.94,1.21,1.26
input,140,0.00,0.32,0.00,0.00
pos,141,-1.54,-1.93,1.21,1.26
input,141,0.00,0.31,0.00,0.00
pos,142,-1.54,-1.92,1.21,1.22
input,142,0.00,0.31,0.00,0.00
pos,143,-1.53,-1.91,1.21,1.24
input,143,0.00,0.32,0.00,0.00
pos,144,-1.53,-1.91,1.21,1.24
input,144,0.00,0.33,0.00,0.00
pos,145,-1.52,-1.89,1.21,1.28
input,145,0.00,0.34,0.00,0.00
pos,146,-1.52,-1.87,1.21,1.29
input,146,0.00,0.35,0.00,0.00
pos,147,-1.51,-1.87,1.21,1.26
input,147,0.00,0.36,0.00,0.00
pos,148,-1.51,-1.85,1.20,1.29
input,148,0.00,0.37,0.00,0.00
pos,149,-1.50,-1.84,1.21,1.26
input,149,0.00,0.38,0.00,0.00
pos,150,-1.50,-1.83,1.21,1.26
input,150,0.00,0.39,0.00,0.00
pos,151,-1.50,-1.83,1.21,1.26
input,151,0.00,0.39,0.00,0.00
pos,152,-1.49,-1.81,1.21,1.27
input,152,0.00,0.40,0.00,0.00
pos,153,-1.49,-1.80,1.21,1.26
input,153,0.00,0.41,0.00,0.00
pos,154,-1.49,-1.80,1.21,1.24
input,154,0.00,0.42,0.00,0.00
pos,155,-1.49,-1.80,1.21,1.24
input,155,0.00,0.43,0.00,0.00
pos,156,-1.49,-1.80,1.21,1.24
input,156,0.00,0.44,0.00,0.00
pos,157,-1.48,-1.79,1.21,1.26
input,157,0.00,0.45,0.00,0.00
pos,158,-1.48,-1.79,1.21,1.26
input,158,0.00,0.46,0.00,0.00
pos,159,-1.48,-1.79,1.21,1.26
input,159,0.00,0.46,0.00,0.00
pos,160,-1.48,-1.79,1.21,1.26
input,160,0.00,0.47,0.00,0.00
pos,161,-1.48,-1.79,1.21,1.26
input,161,0.00,0.48,0.00,0.00
pos,162,-1.48,-1.79,1.21,1.26
input,162,0.00,0.49,0.00,0.00
pos,163,-1.48,-1.79,1.21,1.26
input,163,0.00,0.49,0.00,0.00
pos,164,-1.48,-1.79,1.21,1.26
input,164,0.00,0.50,0.00,0.00
pos,165,-1.48,-1.79,1.21,1.26
input,165,0.00,0.51,0.00,0.00
pos,166,-1.48,-1.79,1.21,1.26
input,166,0.00,0.52,0.00,0.00
pos,167,-1.48,-1.79,1.21,1.26
input,167,0.00,0.52,0.00,0.00
pos,168,-1.48,-1.79,1.21,1.26
input,168,0.00,0.53,0.00,0.00
pos,169,-1.48,-1.79,1.21,1.26
input,169,0.00,0.54,0.00,0.00
pos,170,-1.48,-1.79,1.21,1.26
input,170,0.00,0.55,0.00,0.00
pos,171,-1.48,-1.79,1.21,1.26
input,171,0.00,0.55,0.00,0.00
pos,172,-1.39,-1.55,1.21,1.27
input,172,0.00,0.54,0.00,0.00
pos,173,-1.38,-1.53,1.21,1.27
input,173,0.00,0.54,0.00,0.00
pos,174,-1.37,-1.52,1.21,1.26
input,174,0.00,0.53,0.00,0.00
pos,175,-1.37,-1.51,1.21,1.26
input,175,0.00,0.52,0.00,0.00
pos,176,-1.37,-1.51,1.21,1.26
input,176,0.00,0.51,0.00,0.00
pos,177,-1.35,-1.47,1.21,1.27
input,177,0.00,0.50,0.00,0.00
pos,178,-1.35,-1.46,1.21,1.26
input,178,0.00,0.50,0.00,0.00
pos,179,-1.34,-1.44,1.21,1.26
input,179,0.00,0.49,0.00,0.00
pos,180,-1.34,-1.43,1.21,1.26
input,180,0.00,0.48,0.00,0.00
pos,181,-1.33,-1.42,1.21,1.26
input,181,0.00,0.47,0.00,0.00
pos,182,-1.33,-1.41,1.21,1.26
input,182,0.00,0.47,0.00,0.00
pos,183,-1.32,-1.39,1.21,1.26
input,183,0.00,0.46,0.00,0.00
pos,184,-1.31,-1.37,1.21,1.25
input,184,0.00,0.45,0.00,0.00
pos,185,-1.31,-1.37,1.21,1.26
input,185,0.00,0.45,0.00,0.00
pos,186,-1.30,-1.35,1.21,1.26
input,186,0.00,0.44,0.00,0.00
pos,187,-1.30,-1.35,1.21,1.25
input,187,0.00,0.43,0.00,0.00
pos,188,-1.29,-1.33,1.21,1.26
input,188,0.00,0.43,0.00,0.00
pos,189,-1.28,-1.31,1.21,1.25
input,189,0.00,0.42,0.00,0.00
pos,190,-1.28,-1.30,1.21,1.26
input,190,0.00,0.41,0.00,0.00
pos,191,-1.28,-1.29,1.21,1.26
input,191,0.00,0.41,0.00,0.00
pos,192,-1.25,-1.28,1.21,1.26
input,192,0.00,0.40,0.00,0.00
pos,193,-1.25,-1.28,1.21,1.26
input,193,0.00,0.40,0.00,0.00
pos,194,-1.25,-1.28,1.21,1.26
input,194,0.00,0.39,0.00,0.00
pos,195,-1.25,-1.28,1.21,1.26
input,195,0.00,0.38,0.00,0.00
pos,196,-1.25,-1.28,1.21,1.26
input,196,0.00,0.38,0.00,0.00
pos,197,-1.25,-1.28,1.21,1.26
input,197,0.00,0.37,0.00,0.00
pos,198,-1.25,-1.28,1.21,1.26
input,198,0.00,0.37,0.00,0.00
pos,199,-1.25,-1.28,1.21,1.26
input,199,0.00,0.36,0.00,0.00
pos,200,-1.25,-1.28,1.21,1.26
input,200,0.00,0.36,0.00,0.00
pos,201,-1.25,-1.28,1.21,1.26
input,201,0.00,0.34,0.00,0.00
pos,202,-1.25,-1.28,1.21,1.26
input,202,0.00,0.32,0.00,0.00
pos,203,-1.25,-1.28,1.21,1.26
input,203,0.00,0.30,0.00,0.00
pos,204,-1.25,-1.28,1.21,1.26
input,204,0.00,0.28,0.00,0.00
pos,205,-1.25,-1.28,1.21,1.26
input,205,0.00,0.26,0.00,0.00
pos,206,-1.25,-1.28,1.21,1.26
input,206,0.00,0.24,0.00,0.00
pos,207,-1.25,-1.28,1.21,1.26
input,207,0.00,0.22,0.00,0.00
pos,208,-1.18,-1.11,1.20,1.25
input,208,0.00,0.20,0.00,0.00
pos,209,-1.17,-1.09,1.20,1.25
input,209,0.00,0.18,0.00,0.00
pos,210,-1.17,-1.09,1.20,1.26
input,210,0.00,0.17,0.00,0.00
pos,211,-1.17,-1.09,1.20,1.25
input,211,0.00,0.15,0.00,0.00
pos,212,-1.16,-1.07,1.20,1.25
input,212,0.00,0.13,0.00,0.00
pos,213,-1.16,-1.07,1.20,1.26
input,213,0.00,0.11,0.00,0.00
pos,214,-1.16,-1.06,1.20,1.26
input,214,0.00,0.10,0.00,0.00
pos,215,-1.15,-1.05,1.20,1.25
input,215,0.00,0.08,0.00,0.00
pos,216,-1.15,-1.05,1.20,1.25
input,216,0.00,0.07,0.00,0.00
pos,217,-1.14,-1.04,1.20,1.26
input,217,0.00,0.05,0.00,0.00
pos,218,-1.14,-1.03,1.20,1.26
input,218,0.00,0.03,0.00,0.00
pos,219,-1.14,-1.03,1.20,1.29
input,219,0.00,0.02,0.00,0.00
pos,220,-1.14,-1.03,1.20,1.28
input,220,0.00,0.00,0.00,0.00
pos,221,-1.14,-1.03,1.20,1.28
input,221,0.00,-0.01,0.00,0.00
pos,222,-1.13,-1.01,1.20,1.26
input,222,0.00,-0.03,0.00,0.00
pos,223,-1.13,-1.01,1.20,1.26
input,223,0.00,-0.04,0.00,0.00
pos,224,-1.12,-1.01,1.20,1.25
input,224,0.00,-0.06,0.00,0.00
pos,225,-1.12,-1.00,1.20,1.28
input,225,0.00,-0.07,0.00,0.00
pos,226,-1.12,-1.00,1.20,1.28
input,226,0.00,-0.08,0.00,0.00
pos,227,-1.12,-0.99,1.20,1.26
input,227,0.00,-0.10,0.00,0.00
pos,228,-1.12,-0.99,1.20,1.28
input,228,0.00,-0.11,0.00,0.00
pos,229,-1.11,-0.99,1.20,1.28
input,229,0.00,-0.12,0.00,0.00
pos,230,-1.11,-0.99,1.20,1.28
input,230,0.00,-0.14,0.00,0.00
pos,231,-1.11,-0.99,1.20,1.29
input,231,0.00,-0.15,0.00,0.00
pos,232,-1.11,-0.99,1.20,1.28
input,232,0.00,-0.16,0.00,0.00
pos,233,-1.11,-0.99,1.20,1.28
input,233,0.00,-0.18,0.00,0.00
pos,234,-1.11,-0.99,1.20,1.26
input,234,0.00,-0.19,0.00,0.00
pos,235,-1.11,-0.99,1.20,1.26
input,235,0.00,-0.20,0.00,0.00
pos,236,-1.11,-0.99,1.20,1.26
input,236,0.00,-0.21,0.00,0.00
pos,237,-1.11,-0.99,1.20,1.26
input,237,0.00,-0.22,0.00,0.00
pos,238,-1.11,-0.99,1.20,1.26
input,238,0.00,-0.24,0.00,0.00
pos,239,-1.11,-0.99,1.20,1.26
input,239,0.00,-0.25,0.00,0.00
pos,240,-1.10,-0.99,1.19,1.29
input,240,0.00,-0.26,0.00,0.00
pos,241,-1.10,-0.99,1.19,1.29
input,241,0.00,-0.27,0.00,0.00
pos,242,-1.11,-0.99,1.19,1.21
input,242,0.00,-0.28,0.00,0.00
pos,243,-1.11,-1.00,1.19,1.29
input,243,0.00,-0.29,0.00,0.00
pos,244,-1.11,-1.00,1.19,1.23
input,244,0.00,-0.30,0.00,0.00
pos,245,-1.11,-1.01,1.19,1.26
input,245,0.00,-0.31,0.00,0.00
pos,246,-1.11,-1.01,1.19,1.27
input,246,0.00,-0.32,0.00,0.00
pos,247,-1.11,-1.01,1.19,1.25
input,247,0.00,-0.33,0.00,0.00
pos,248,-1.11,-1.02,1.19,1.24
input,248,0.00,-0.34,0.00,0.00
pos,249,-1.11,-1.02,1.19,1.24
input,249,0.00,-0.35,0.00,0.00
pos,250,-1.11,-1.03,1.19,1.23
input,250,0.00,-0.36,0.00,0.00
pos,251,-1.11,-1.03,1.19,1.22
input,251,0.00,-0.37,0.00,0.00
pos,252,-1.12,-1.04,1.19,1.22
input,252,0.00,-0.38,0.00,0.00
pos,253,-1.12,-1.04,1.19,1.22
input,253,0.00,-0.39,0.00,0.00
pos,254,-1.12,-1.05,1.19,1.20
input,254,0.00,-0.40,0.00,0.00
pos,255,-1.12,-1.06,1.19,1.25
input,255,0.00,-0.41,0.00,0.00
pos,256,-1.13,-1.06,1.19,1.23
input,256,0.00,-0.42,0.00,0.00
pos,257,-1.13,-1.07,1.19,1.23
input,257,0.00,-0.43,0.00,0.00
pos,258,-1.13,-1.07,1.19,1.23
input,258,0.00,-0.44,0.00,0.00
pos,259,-1.13,-1.09,1.19,1.21
input,259,0.00,-0.44,0.00,0.00
pos,260,-1.13,-1.09,1.19,1.25
input,260,0.00,-0.45,0.00,0.00
pos,261,-1.14,-1.10,1.19,1.22
input,261,0.00,-0.46,0.00,0.00
pos,262,-1.14,-1.11,1.19,1.20
input,262,0.00,-0.47,0.00,0.00
pos,263,-1.15,-1.12,1.19,1.17
input,263,0.00,-0.48,0.00,0.00
pos,264,-1.15,-1.12,1.19,1.17
input,264,0.00,-0.48,0.00,0.00
pos,265,-1.15,-1.13,1.19,1.17
input,265,0.00,-0.49,0.00,0.00
pos,266,-1.16,-1.14,1.19,1.16
input,266,0.00,-0.50,-0.01,0.00
pos,267,-1.16,-1.16,1.19,1.15
input,267,0.00,-0.51,-0.03,0.00
pos,268,-1.17,-1.16,1.19,1.14
input,268,0.00,-0.51,-0.04,0.00
pos,269,-1.17,-1.16,1.19,1.14
input,269,0.00,-0.52,-0.06,0.00
pos,270,-1.18,-1.18,1.19,1.13
input,270,0.00,-0.53,-0.07,0.00
pos,271,-1.18,-1.20,1.19,1.11
input,271,0.00,-0.54,-0.09,0.00
pos,272,-1.19,-1.21,1.19,1.11
input,272,0.00,-0.54,-0.10,0.00
pos,273,-1.19,-1.22,1.19,1.10
input,273,0.00,-0.55,-0.11,0.00
pos,274,-1.20,-1.23,1.19,1.09
input,274,0.00,-0.56,-0.13,0.00
pos,275,-1.20,-1.24,1.19,1.10
input,275,0.00,-0.56,-0.14,0.00
pos,276,-1.21,-1.25,1.19,1.07
input,276,0.00,-0.57,-0.15,0.00
pos,277,-1.21,-1.26,1.18,1.08
input,277,0.00,-0.58,-0.17,0.00
pos,278,-1.22,-1.27,1.19,1.11
input,278,0.00,-0.58,-0.18,0.00
pos,279,-1.22,-1.28,1.19,1.07
input,279,0.00,-0.59,-0.19,0.00
pos,280,-1.23,-1.30,1.19,1.05
input,280,0.00,-0.60,-0.20,0.00
pos,281,-1.23,-1.30,1.19,1.06
input,281,0.00,-0.60,-0.21,0.00
pos,282,-1.25,-1.33,1.19,1.03
input,282,0.00,-0.61,-0.23,0.00
pos,283,-1.25,-1.34,1.19,1.03
input,283,0.00,-0.61,-0.24,0.00
pos,284,-1.26,-1.35,1.19,1.02
input,284,0.00,-0.62,-0.25,0.00
pos,285,-1.26,-1.36,1.19,1.00
input,285,0.00,-0.62,-0.26,0.00
pos,286,-1.27,-1.37,1.19,0.96
input,286,0.00,-0.63,-0.27,0.00
pos,287,-1.28,-1.39,1.19,0.99
input,287,0.00,-0.64,-0.28,0.00
pos,288,-1.29,-1.41,1.19,0.98
input,288,0.00,-0.64,-0.29,0.00
pos,289,-1.30,-1.42,1.19,0.96
input,289,0.00,-0.65,-0.30,0.00
pos,290,-1.30,-1.43,1.19,0.96
input,290,0.00,-0.65,-0.31,0.00
pos,291,-1.31,-1.45,1.19,0.93
input,291,0.00,-0.66,-0.32,0.00
pos,292,-1.32,-1.46,1.19,0.98
input,292,0.00,-0.65,-0.34,0.00
pos,293,-1.33,-1.47,1.19,0.91
input,293,0.00,-0.64,-0.34,0.00
pos,294,-1.33,-1.47,1.19,0.91
input,294,0.00,-0.63,-0.35,0.00
pos,295,-1.33,-1.47,1.19,0.91
input,295,0.00,-0.62,-0.36,0.00
pos,296,-1.33,-1.47,1.19,0.91
input,296,0.00,-0.61,-0.37,0.00
pos,297,-1.33,-1.47,1.19,0.91
input,297,0.00,-0.60,-0.38,0.00
pos,298,-1.33,-1.47,1.19,0.91
input,298,0.00,-0.59,-0.39,0.00
pos,299,-1.33,-1.47,1.19,0.91
input,299,0.00,-0.58,-0.40,0.00
pos,300,-1.33,-1.47,1.19,0.91
input,300,0.00,-0.57,-0.41,0.00
pos,301,-1.33,-1.47,1.19,0.91
input,301,0.00,-0.56,-0.42,0.00
pos,302,-1.33,-1.47,1.19,0.91
input,302,0.00,-0.56,-0.43,0.00
pos,303,-1.33,-1.47,1.19,0.91
input,303,0.00,-0.55,-0.44,0.00
