pos,0,0.30,-2.64,1.19,-2.42
input,0,0.00,-0.05,-0.56,0.00
pos,1,0.30,-2.64,1.19,-2.42
input,1,0.00,-0.04,-0.55,0.00
pos,2,0.30,-2.63,1.19,-2.42
input,2,0.00,-0.02,-0.54,0.00
pos,3,0.30,-2.63,1.20,-2.43
input,3,0.00,-0.01,-0.53,0.00
pos,4,0.30,-2.63,1.19,-2.44
input,4,0.00,0.01,-0.53,0.00
pos,5,0.30,-2.63,1.20,-2.45
input,5,0.00,0.02,-0.52,0.00
pos,6,0.29,-2.63,1.19,-2.48
input,6,0.00,0.04,-0.51,0.00
pos,7,0.29,-2.63,1.19,-2.48
input,7,0.00,0.05,-0.50,0.00
pos,8,0.29,-2.63,1.19,-2.48
input,8,0.00,0.07,-0.49,0.00
pos,9,0.29,-2.63,1.19,-2.48
input,9,0.00,0.08,-0.49,0.00
pos,10,0.29,-2.63,1.19,-2.48
input,10,0.00,0.10,-0.48,0.00
pos,11,0.29,-2.63,1.19,-2.48
input,11,0.00,0.11,-0.47,0.00
pos,12,0.29,-2.63,1.19,-2.48
input,12,0.00,0.12,-0.47,0.00
pos,13,0.29,-2.63,1.19,-2.48
input,13,0.00,0.14,-0.46,0.00
pos,14,0.29,-2.63,1.19,-2.48
input,14,0.00,0.15,-0.45,0.00
pos,15,0.29,-2.63,1.19,-2.48
input,15,0.00,0.16,-0.45,0.00
pos,16,0.29,-2.63,1.19,-2.48
input,16,0.00,0.17,-0.44,0.00
pos,17,0.29,-2.63,1.19,-2.48
input,17,0.00,0.19,-0.43,0.00
pos,18,0.29,-2.63,1.19,-2.48
input,18,0.00,0.20,-0.43,0.00
pos,19,0.29,-2.63,1.19,-2.48
input,19,0.00,0.21,-0.42,0.00
pos,20,0.29,-2.63,1.19,-2.48
input,20,0.00,0.22,-0.41,0.00
pos,21,0.29,-2.63,1.19,-2.48
input,21,0.00,0.23,-0.41,0.00
pos,22,0.29,-2.63,1.19,-2.48
input,22,0.00,0.25,-0.40,0.00
pos,23,0.26,-2.65,1.20,-2.47
input,23,0.00,0.26,-0.39,0.00
pos,24,0.25,-2.65,1.20,-2.47
input,24,0.00,0.27,-0.39,0.00
pos,25,0.25,-2.65,1.20,-2.47
input,25,0.00,0.28,-0.38,0.00
pos,26,0.24,-2.65,1.20,-2.48
input,26,0.00,0.29,-0.38,0.00
pos,27,0.23,-2.66,1.20,-2.48
input,27,0.00,0.30,-0.37,0.00
pos,28,0.23,-2.66,1.20,-2.48
input,28,0.00,0.31,-0.37,0.00
pos,29,0.22,-2.66,1.20,-2.48
input,29,0.00,0.32,-0.36,0.00
pos,30,0.22,-2.67,1.20,-2.48
input,30,0.00,0.33,-0.35,0.00
pos,31,0.21,-2.67,1.20,-2.48
input,31,0.00,0.34,-0.35,0.00
pos,32,0.21,-2.67,1.20,-2.48
input,32,0.00,0.35,-0.34,0.00
pos,33,0.21,-2.67,1.20,-2.48
input,33,0.00,0.36,-0.34,0.00
pos,34,0.21,-2.67,1.20,-2.48
input,34,0.00,0.37,-0.33,0.00
pos,35,0.21,-2.67,1.20,-2.48
input,35,0.00,0.38,-0.33,0.00
pos,36,0.21,-2.67,1.20,-2.48
input,36,0.00,0.39,-0.32,0.00
pos,37,0.21,-2.67,1.20,-2.48
input,37,0.00,0.40,-0.32,0.00
pos,38,0.21,-2.67,1.20,-2.48
input,38,0.00,0.41,-0.31,0.00
pos,39,0.21,-2.67,1.20,-2.48
input,39,0.00,0.42,-0.31,0.00
pos,40,0.21,-2.67,1.20,-2.48
input,40,0.00,0.42,-0.31,0.00
pos,41,0.21,-2.67,1.20,-2.48
input,41,0.00,0.43,-0.30,0.00
pos,42,0.21,-2.67,1.20,-2.48
input,42,0.00,0.44,-0.30,0.00
pos,43,0.21,-2.67,1.20,-2.48
input,43,0.00,0.45,-0.29,0.00
pos,44,0.21,-2.67,1.20,-2.48
input,44,0.00,0.46,-0.29,0.00
pos,45,0.21,-2.67,1.20,-2.48
input,45,0.00,0.47,-0.28,0.00
pos,46,0.21,-2.67,1.20,-2.48
input,46,0.00,0.47,-0.28,0.00
pos,47,0.21,-2.67,1.20,-2.48
input,47,0.00,0.48,-0.27,0.00
pos,48,0.07,-2.75,1.21,-2.56
input,48,0.00,0.49,-0.27,0.00
pos,49,0.07,-2.75,1.21,-2.56
input,49,0.00,0.50,-0.27,0.00
pos,50,0.04,-2.77,1.21,-2.61
input,50,0.00,0.51,-0.26,0.00
pos,51,0.03,-2.78,1.21,-2.59
input,51,0.00,0.51,-0.26,0.00
pos,52,0.01,-2.78,1.21,-2.60
input,52,0.00,0.52,-0.25,0.00
pos,53,0.00,-2.79,1.21,-2.60
input,53,0.00,0.53,-0.25,0.00
pos,54,-0.00,-2.80,1.21,-2.62
input,54,0.00,0.53,-0.25,0.00
pos,55,-0.02,-2.80,1.21,-2.62
input,55,0.00,0.54,-0.24,0.00
pos,56,-0.03,-2.82,1.21,-2.64
input,56,0.00,0.55,-0.24,0.00
pos,57,-0.05,-2.82,1.21,-2.64
input,57,0.00,0.56,-0.24,0.00
pos,58,-0.06,-2.83,1.21,-2.66
input,58,0.00,0.56,-0.23,0.00
pos,59,-0.07,-2.84,1.21,-2.75
input,59,0.00,0.57,-0.23,0.00
pos,60,-0.09,-2.85,1.21,-2.66
input,60,0.00,0.57,-0.23,0.00
pos,61,-0.09,-2.85,1.21,-2.67
input,61,0.00,0.58,-0.24,0.00
pos,62,-0.11,-2.87,1.21,-2.70
input,62,0.00,0.59,-0.25,0.00
pos,63,-0.13,-2.87,1.21,-2.71
input,63,0.00,0.59,-0.26,0.00
pos,64,-0.14,-2.88,1.21,-2.73
input,64,0.00,0.60,-0.27,0.00
pos,65,-0.16,-2.89,1.21,-2.74
input,65,0.00,0.61,-0.28,0.00
pos,66,-0.17,-2.90,1.21,-2.73
input,66,0.00,0.61,-0.29,0.00
pos,67,-0.18,-2.90,1.21,-2.76
input,67,0.00,0.62,-0.30,0.00
pos,68,-0.20,-2.92,1.21,-2.90
input,68,0.00,0.62,-0.31,0.00
pos,69,-0.21,-2.92,1.21,-2.91
input,69,0.00,0.63,-0.32,0.00
pos,70,-0.24,-2.94,1.21,-2.94
input,70,0.00,0.63,-0.33,0.00
pos,71,-0.24,-2.94,1.21,-2.94
input,71,0.00,0.64,-0.34,0.00
pos,72,-0.25,-2.94,1.21,-2.95
input,72,0.00,0.65,-0.35,0.00
pos,73,-0.25,-2.94,1.21,-2.95
input,73,0.00,0.65,-0.36,0.00
pos,74,-0.30,-2.97,1.21,-2.97
input,74,0.00,0.66,-0.37,0.00
pos,75,-0.31,-2.97,1.21,-2.96
input,75,0.00,0.66,-0.38,0.00
pos,76,-0.34,-2.98,1.21,-2.98
input,76,0.00,0.67,-0.39,0.00
pos,77,-0.35,-2.99,1.22,-2.96
input,77,0.00,0.67,-0.40,0.00
pos,78,-0.37,-3.00,1.22,-3.00
input,78,0.00,0.68,-0.41,0.00
pos,79,-0.39,-3.01,1.22,-2.93
input,79,0.00,0.68,-0.42,0.00
pos,80,-0.40,-3.01,1.22,-2.94
input,80,0.00,0.69,-0.43,0.00
pos,81,-0.42,-3.02,1.23,-2.94
input,81,0.00,0.69,-0.44,0.00
pos,82,-0.43,-3.03,1.23,-2.96
input,82,0.00,0.70,-0.44,0.00
pos,83,-0.46,-3.04,1.22,-3.01
input,83,0.00,0.70,-0.45,0.00
pos,84,-0.48,-3.05,1.22,-3.05
input,84,0.00,0.70,-0.46,0.00
pos,85,-0.49,-3.05,1.22,-3.06
input,85,0.00,0.71,-0.47,0.00
pos,86,-0.52,-3.07,1.22,-3.09
input,86,0.00,0.71,-0.48,0.00
pos,87,-0.52,-3.07,1.22,-3.09
input,87,0.00,0.72,-0.48,0.00
pos,88,-0.55,-3.08,1.22,-3.10
input,88,0.00,0.71,-0.49,0.00
pos,89,-0.57,-3.08,1.22,-3.12
input,89,0.00,0.70,-0.50,0.00
pos,90,-0.60,-3.09,1.23,-3.03
input,90,0.00,0.69,-0.51,0.00
pos,91,-0.62,-3.10,1.23,-3.04
input,91,0.00,0.68,-0.52,0.00
pos,92,-0.64,-3.11,1.23,-3.09
input,92,0.00,0.67,-0.51,0.00
pos,93,-0.66,-3.12,1.23,-3.12
input,93,0.00,0.66,-0.50,0.00
pos,94,-0.66,-3.12,1.23,-3.12
input,94,0.00,0.65,-0.49,0.00
pos,95,-0.71,-3.13,1.23,-3.22
input,95,0.00,0.64,-0.48,0.00
pos,96,-0.71,-3.13,1.23,-3.22
input,96,0.00,0.63,-0.48,0.00
pos,97,-0.71,-3.13,1.23,-3.22
input,97,0.00,0.62,-0.47,0.00
pos,98,-0.71,-3.13,1.23,-3.22
input,98,0.00,0.61,-0.46,0.00
pos,99,-0.71,-3.13,1.23,-3.22
input,99,0.00,0.60,-0.46,0.00
pos,100,-0.71,-3.13,1.23,-3.22
input,100,0.00,0.59,-0.45,0.00
pos,101,-0.71,-3.13,1.23,-3.22
input,101,0.00,0.58,-0.44,0.00
pos,102,-0.71,-3.13,1.23,-3.22
input,102,0.00,0.57,-0.44,0.00
pos,103,-0.71,-3.13,1.23,-3.22
input,103,0.00,0.56,-0.43,0.00
pos,104,-0.71,-3.13,1.23,-3.22
input,104,0.00,0.55,-0.42,0.00
pos,105,-0.71,-3.13,1.23,-3.22
input,105,0.00,0.55,-0.43,0.00
pos,106,-0.93,-3.19,1.24,-3.27
input,106,0.00,0.54,-0.44,0.00
pos,107,-0.94,-3.19,1.24,-3.27
input,107,0.00,0.53,-0.45,0.00
pos,108,-0.97,-3.20,1.24,-3.29
input,108,0.00,0.52,-0.46,0.00
pos,109,-0.99,-3.20,1.24,-3.30
input,109,0.00,0.51,-0.47,0.00
pos,110,-1.00,-3.20,1.24,-3.30
input,110,0.00,0.51,-0.47,0.00
pos,111,-1.03,-3.21,1.24,-3.33
input,111,0.00,0.50,-0.48,0.00
pos,112,-1.03,-3.21,1.24,-3.33
input,112,0.00,0.49,-0.49,0.00
pos,113,-1.07,-3.21,1.24,-3.34
input,113,0.00,0.48,-0.50,0.00
pos,114,-1.09,-3.22,1.24,-3.34
input,114,0.00,0.49,-0.50,0.00
pos,115,-1.11,-3.22,1.24,-3.37
input,115,0.00,0.50,-0.51,0.00
pos,116,-1.13,-3.22,1.24,-3.38
input,116,0.00,0.51,-0.52,0.00
pos,117,-1.14,-3.22,1.24,-3.41
input,117,0.00,0.51,-0.53,0.00
pos,118,-1.15,-3.22,1.24,-3.41
input,118,0.00,0.52,-0.53,0.00
pos,119,-1.20,-3.23,1.24,-3.38
input,119,0.00,0.53,-0.54,0.00
pos,120,-1.21,-3.23,1.24,-3.39
input,120,0.00,0.54,-0.53,0.00
pos,121,-1.21,-3.23,1.24,-3.39
input,121,0.00,0.54,-0.52,0.00
pos,122,-1.26,-3.23,1.24,-3.40
input,122,0.00,0.55,-0.52,0.00
pos,123,-1.29,-3.23,1.24,-3.41
input,123,0.00,0.56,-0.51,0.00
pos,124,-1.31,-3.23,1.24,-3.42
input,124,0.00,0.56,-0.50,0.00
pos,125,-1.33,-3.23,1.25,-3.42
input,125,0.00,0.57,-0.49,0.00
pos,126,-1.33,-3.23,1.25,-3.42
input,126,0.00,0.58,-0.49,0.00
pos,127,-1.37,-3.23,1.25,-3.43
input,127,0.00,0.58,-0.48,0.00
pos,128,-1.40,-3.23,1.25,-3.44
input,128,0.00,0.59,-0.47,0.00
pos,129,-1.41,-3.23,1.25,-3.44
input,129,0.00,0.60,-0.46,0.00
pos,130,-1.42,-3.23,1.25,-3.45
input,130,0.00,0.60,-0.46,0.01
pos,131,-1.42,-3.23,1.25,-3.45
input,131,0.00,0.61,-0.45,0.03
pos,132,-1.49,-3.22,1.26,-3.48
input,132,0.00,0.61,-0.44,0.04
pos,133,-1.51,-3.22,1.26,-3.49
input,133,0.00,0.62,-0.44,0.06
pos,134,-1.53,-3.22,1.26,-3.50
input,134,0.00,0.62,-0.43,0.07
pos,135,-1.56,-3.22,1.26,-3.51
input,135,0.00,0.63,-0.42,0.09
pos,136,-1.58,-3.21,1.27,-3.52
input,136,0.00,0.64,-0.42,0.10
pos,137,-1.60,-3.21,1.27,-3.53
input,137,0.00,0.64,-0.41,0.11
pos,138,-1.59,-3.15,1.24,-3.49
input,138,0.00,0.65,-0.41,0.13
pos,139,-1.60,-3.15,1.24,-3.49
input,139,0.00,0.65,-0.40,0.14
pos,140,-1.67,-3.20,1.27,-3.58
input,140,0.00,0.66,-0.39,0.15
pos,141,-1.68,-3.20,1.27,-3.59
input,141,0.00,0.66,-0.39,0.17
pos,142,-1.72,-3.19,1.28,-3.61
input,142,0.00,0.67,-0.38,0.18
pos,143,-1.74,-3.19,1.28,-3.61
input,143,0.00,0.67,-0.38,0.19
pos,144,-1.76,-3.18,1.28,-3.63
input,144,0.00,0.68,-0.37,0.20
pos,145,-1.79,-3.18,1.29,-3.63
input,145,0.00,0.68,-0.36,0.21
pos,146,-1.81,-3.18,1.29,-3.62
input,146,0.00,0.69,-0.36,0.23
pos,147,-1.83,-3.17,1.29,-3.65
input,147,0.00,0.69,-0.35,0.24
pos,148,-1.83,-3.17,1.29,-3.65
input,148,0.00,0.68,-0.35,0.25
pos,149,-1.88,-3.16,1.30,-3.65
input,149,0.00,0.67,-0.34,0.26
pos,150,-1.89,-3.16,1.30,-3.64
input,150,0.00,0.66,-0.34,0.27
pos,151,-1.92,-3.15,1.30,-3.65
input,151,0.00,0.65,-0.33,0.28
pos,152,-1.95,-3.15,1.31,-3.66
input,152,0.00,0.64,-0.33,0.29
pos,153,-1.98,-3.16,1.32,-3.66
input,153,0.00,0.63,-0.34,0.29
pos,154,-2.02,-3.15,1.32,-3.66
input,154,0.00,0.62,-0.35,0.28
pos,155,-2.02,-3.15,1.32,-3.66
input,155,0.00,0.61,-0.36,0.28
pos,156,-2.03,-3.10,1.32,-3.66
input,156,0.00,0.60,-0.37,0.28
pos,157,-2.05,-3.09,1.33,-3.32
input,157,0.00,0.59,-0.38,0.27
pos,158,-2.07,-3.08,1.33,-3.33
input,158,0.00,0.59,-0.39,0.27
pos,159,-2.09,-3.08,1.33,-3.34
input,159,0.00,0.58,-0.40,0.26
pos,160,-2.11,-3.07,1.33,-3.35
input,160,0.00,0.57,-0.40,0.26
pos,161,-2.13,-3.06,1.33,-3.35
input,161,0.00,0.56,-0.41,0.26
pos,162,-2.14,-3.06,1.34,-3.36
input,162,0.00,0.55,-0.42,0.25
pos,163,-2.17,-3.05,1.34,-3.37
input,163,0.00,0.54,-0.42,0.25
pos,164,-2.19,-3.04,1.34,-3.37
input,164,0.00,0.53,-0.41,0.24
pos,165,-2.19,-3.04,1.34,-3.37
input,165,0.00,0.53,-0.40,0.24
pos,166,-2.23,-3.03,1.34,-3.38
input,166,0.00,0.52,-0.40,0.24
pos,167,-2.24,-3.03,1.34,-3.39
input,167,0.00,0.51,-0.39,0.23
pos,168,-2.25,-3.02,1.34,-3.39
input,168,0.00,0.50,-0.39,0.23
pos,169,-2.28,-3.01,1.35,-3.40
input,169,0.00,0.50,-0.38,0.23
pos,170,-2.30,-3.00,1.35,-3.40
input,170,0.00,0.47,-0.37,0.22
pos,171,-2.31,-3.00,1.35,-3.41
input,171,0.00,0.45,-0.37,0.22
pos,172,-2.33,-2.99,1.35,-3.38
input,172,0.00,0.43,-0.36,0.22
pos,173,-2.35,-2.99,1.35,-3.38
input,173,0.00,0.41,-0.36,0.21
pos,174,-2.32,-2.97,1.31,-3.38
input,174,0.00,0.39,-0.35,0.21
pos,175,-2.33,-2.97,1.31,-3.38
input,175,0.00,0.37,-0.35,0.21
pos,176,-2.33,-2.97,1.31,-3.38
input,176,0.00,0.35,-0.34,0.20
pos,177,-2.36,-2.96,1.31,-3.38
input,177,0.00,0.33,-0.34,0.20
pos,178,-2.36,-2.96,1.31,-3.38
input,178,0.00,0.31,-0.33,0.20
pos,179,-2.39,-2.95,1.31,-3.38
input,179,0.00,0.29,-0.33,0.18
pos,180,-2.40,-2.94,1.31,-3.38
input,180,0.00,0.27,-0.32,0.16
pos,181,-2.40,-2.94,1.31,-3.38
input,181,0.00,0.25,-0.32,0.15
pos,182,-2.40,-2.94,1.31,-3.38
input,182,0.00,0.23,-0.31,0.13
pos,183,-2.40,-2.94,1.31,-3.38
input,183,0.00,0.21,-0.31,0.11
pos,184,-2.40,-2.94,1.31,-3.38
input,184,0.00,0.19,-0.30,0.09
pos,185,-2.40,-2.94,1.31,-3.38
input,185,0.00,0.17,-0.30,0.08
pos,186,-2.40,-2.94,1.31,-3.38
input,186,0.00,0.16,-0.29,0.06
pos,187,-2.40,-2.94,1.31,-3.38
input,187,0.00,0.14,-0.29,0.05
pos,188,-2.40,-2.94,1.31,-3.38
input,188,0.00,0.12,-0.29,0.03
pos,189,-2.40,-2.94,1.31,-3.38
input,189,0.00,0.11,-0.28,0.01
pos,190,-2.40,-2.94,1.31,-3.38
input,190,0.00,0.09,-0.28,-0.00
pos,191,-2.40,-2.94,1.31,-3.38
input,191,0.00,0.07,-0.27,-0.02
pos,192,-2.40,-2.94,1.31,-3.38
input,192,0.00,0.06,-0.27,-0.03
pos,193,-2.40,-2.94,1.31,-3.38
input,193,0.00,0.04,-0.26,-0.04
pos,194,-2.40,-2.94,1.31,-3.38
input,194,0.00,0.03,-0.26,-0.06
pos,195,-2.40,-2.94,1.31,-3.38
input,195,0.00,0.01,-0.26,-0.07
pos,196,-2.56,-2.87,1.30,-3.38
input,196,0.00,-0.01,-0.25,-0.09
pos,197,-2.57,-2.87,1.30,-3.38
input,197,0.00,-0.02,-0.25,-0.10
pos,198,-2.58,-2.87,1.29,-3.38
input,198,0.00,-0.03,-0.25,-0.11
pos,199,-2.58,-2.87,1.29,-3.38
input,199,0.00,-0.05,-0.24,-0.13
pos,200,-2.59,-2.86,1.29,-3.38
input,200,0.00,-0.06,-0.24,-0.14
pos,201,-2.59,-2.86,1.28,-3.38
input,201,0.00,-0.08,-0.23,-0.15
pos,202,-2.60,-2.86,1.28,-3.38
input,202,0.00,-0.09,-0.23,-0.17
pos,203,-2.60,-2.86,1.28,-3.38
input,203,0.00,-0.11,-0.23,-0.18
pos,204,-2.61,-2.86,1.27,-5.00
input,204,0.00,-0.12,-0.22,-0.19
pos,205,-2.61,-2.85,1.27,-5.00
input,205,0.00,-0.13,-0.22,-0.20
pos,206,-2.61,-2.85,1.26,-5.00
input,206,0.00,-0.14,-0.22,-0.22
pos,207,-2.61,-2.85,1.26,-5.00
input,207,0.00,-0.16,-0.21,-0.23
pos,208,-2.62,-2.85,1.26,-5.01
input,208,0.00,-0.17,-0.21,-0.24
pos,209,-2.62,-2.85,1.25,-5.02
input,209,0.00,-0.18,-0.21,-0.25
pos,210,-2.63,-2.85,1.24,-5.02
input,210,0.00,-0.20,-0.20,-0.26
pos,211,-2.63,-2.85,1.24,-5.02
input,211,0.00,-0.21,-0.20,-0.27
pos,212,-2.63,-2.85,1.23,-5.03
input,212,0.00,-0.22,-0.20,-0.28
pos,213,-2.63,-2.85,1.23,-5.04
input,213,0.00,-0.23,-0.20,-0.29
pos,214,-2.63,-2.85,1.22,-5.04
input,214,0.00,-0.24,-0.19,-0.30
pos,215,-2.63,-2.85,1.22,-5.04
input,215,0.00,-0.25,-0.19,-0.32
pos,216,-2.67,-2.89,1.24,-5.04
input,216,0.00,-0.26,-0.19,-0.33
pos,217,-2.67,-2.89,1.24,-5.04
input,217,0.00,-0.28,-0.18,-0.34
pos,218,-2.67,-2.89,1.23,-5.04
input,218,0.00,-0.29,-0.18,-0.35
pos,219,-2.67,-2.89,1.23,-5.04
input,219,0.00,-0.30,-0.18,-0.36
pos,220,-2.66,-2.89,1.22,-5.04
input,220,0.00,-0.31,-0.18,-0.36
pos,221,-2.66,-2.89,1.22,-5.04
input,221,0.00,-0.32,-0.17,-0.37
pos,222,-2.66,-2.90,1.21,-5.04
input,222,0.00,-0.33,-0.17,-0.38
pos,223,-2.66,-2.90,1.21,-5.04
input,223,0.00,-0.34,-0.17,-0.39
pos,224,-2.66,-2.91,1.20,-5.04
input,224,0.00,-0.35,-0.17,-0.40
pos,225,-2.65,-2.91,1.19,-5.04
input,225,0.00,-0.36,-0.16,-0.41
pos,226,-2.65,-2.91,1.19,-5.04
input,226,0.00,-0.37,-0.16,-0.42
pos,227,-2.65,-2.91,1.19,-5.04
input,227,0.00,-0.38,-0.16,-0.43
pos,228,-2.64,-2.92,1.18,-5.04
input,228,0.00,-0.39,-0.16,-0.44
pos,229,-2.64,-2.93,1.17,-5.04
input,229,0.00,-0.40,-0.15,-0.45
pos,230,-2.64,-2.93,1.17,-5.04
input,230,0.00,-0.41,-0.15,-0.44
pos,231,-2.63,-2.94,1.16,-5.04
input,231,0.00,-0.41,-0.15,-0.43
pos,232,-2.63,-2.94,1.16,-5.04
input,232,0.00,-0.42,-0.15,-0.43
pos,233,-2.62,-2.94,1.15,-5.04
input,233,0.00,-0.43,-0.14,-0.42
pos,234,-2.62,-2.95,1.15,-5.04
input,234,0.00,-0.44,-0.14,-0.41
pos,235,-2.61,-2.96,1.14,-5.04
input,235,0.00,-0.45,-0.14,-0.41
pos,236,-2.60,-2.96,1.14,-3.97
input,236,0.00,-0.46,-0.14,-0.40
pos,237,-2.60,-2.97,1.14,-3.98
input,237,0.00,-0.46,-0.14,-0.39
pos,238,-2.60,-2.97,1.14,-3.98
input,238,0.00,-0.47,-0.13,-0.39
pos,239,-2.59,-2.98,1.13,-3.99
input,239,0.00,-0.48,-0.13,-0.38
pos,240,-2.59,-2.98,1.13,-3.99
input,240,0.00,-0.49,-0.13,-0.38
pos,241,-2.57,-3.00,1.12,-3.98
input,241,0.00,-0.50,-0.13,-0.37
pos,242,-2.57,-3.01,1.11,-3.96
input,242,0.00,-0.50,-0.13,-0.37
pos,243,-2.56,-3.02,1.11,-3.96
input,243,0.00,-0.51,-0.12,-0.36
pos,244,-2.56,-3.02,1.11,-3.96
input,244,0.00,-0.52,-0.12,-0.36
pos,245,-2.56,-3.02,1.11,-3.96
input,245,0.00,-0.53,-0.12,-0.35
pos,246,-2.56,-3.02,1.11,-3.96
input,246,0.00,-0.53,-0.12,-0.34
pos,247,-2.56,-3.02,1.11,-3.96
input,247,0.00,-0.54,-0.12,-0.34
pos,248,-2.56,-3.02,1.11,-3.96
input,248,0.00,-0.55,-0.12,-0.33
pos,249,-2.56,-3.02,1.11,-3.96
input,249,0.00,-0.55,-0.11,-0.33
pos,250,-2.56,-3.02,1.11,-3.96
input,250,0.00,-0.56,-0.11,-0.32
pos,251,-2.56,-3.02,1.11,-3.96
input,251,0.00,-0.55,-0.11,-0.32
pos,252,-2.56,-3.02,1.11,-3.96
input,252,0.00,-0.54,-0.11,-0.31
pos,253,-2.56,-3.02,1.11,-3.96
input,253,0.00,-0.54,-0.11,-0.31
pos,254,-2.56,-3.02,1.11,-3.96
input,254,0.00,-0.53,-0.11,-0.31
pos,255,-2.56,-3.02,1.11,-3.96
input,255,0.00,-0.52,-0.10,-0.30
pos,256,-2.56,-3.02,1.11,-3.96
input,256,0.00,-0.51,-0.10,-0.30
pos,257,-2.56,-3.02,1.11,-3.96
input,257,0.00,-0.50,-0.10,-0.29
pos,258,-2.56,-3.02,1.11,-3.96
input,258,0.00,-0.50,-0.10,-0.29
pos,259,-2.56,-3.02,1.11,-3.96
input,259,0.00,-0.49,-0.10,-0.28
pos,260,-2.42,-3.16,1.07,-4.02
input,260,0.00,-0.48,-0.10,-0.28
pos,261,-2.42,-3.17,1.07,-4.02
input,261,0.00,-0.47,-0.09,-0.27
pos,262,-2.41,-3.18,1.07,-4.02
input,262,0.00,-0.47,-0.09,-0.26
pos,263,-2.40,-3.19,1.07,-4.02
input,263,0.00,-0.46,-0.09,-0.24
pos,264,-2.39,-3.20,1.07,-4.02
input,264,0.00,-0.45,-0.09,-0.22
pos,265,-2.38,-3.21,1.07,-4.01
input,265,0.00,-0.45,-0.09,-0.20
pos,266,-2.37,-3.22,1.07,-4.01
input,266,0.00,-0.44,-0.09,-0.18
pos,267,-2.37,-3.23,1.07,-4.01
input,267,0.00,-0.43,-0.09,-0.16
pos,268,-2.36,-3.24,1.07,-4.02
input,268,0.00,-0.43,-0.09,-0.15
pos,269,-2.35,-3.24,1.07,-4.01
input,269,0.00,-0.42,-0.08,-0.13
pos,270,-2.34,-3.25,1.07,-4.02
input,270,0.00,-0.41,-0.08,-0.11
pos,271,-2.34,-3.26,1.07,-4.02
input,271,0.00,-0.41,-0.08,-0.10
pos,272,-2.34,-3.26,1.07,-4.02
input,272,0.00,-0.40,-0.08,-0.08
pos,273,-2.32,-3.28,1.07,-4.02
input,273,0.00,-0.40,-0.08,-0.06
pos,274,-2.31,-3.29,1.07,-4.02
input,274,0.00,-0.39,-0.08,-0.05
pos,275,-2.30,-3.29,1.07,-4.02
input,275,0.00,-0.38,-0.08,-0.03
pos,276,-2.30,-3.30,1.07,-4.02
input,276,0.00,-0.38,-0.08,-0.02
pos,277,-2.29,-3.31,1.07,-4.02
input,277,0.00,-0.37,-0.07,-0.00
pos,278,-2.29,-3.31,1.07,-4.02
input,278,0.00,-0.37,-0.07,0.01
pos,279,-2.29,-3.31,1.07,-4.02
input,279,0.00,-0.36,-0.07,0.03
pos,280,-2.29,-3.31,1.07,-4.02
input,280,0.00,-0.36,-0.07,0.04
pos,281,-2.29,-3.31,1.07,-4.02
input,281,0.00,-0.35,-0.07,0.06
pos,282,-2.29,-3.31,1.07,-4.02
input,282,0.00,-0.35,-0.07,0.07
pos,283,-2.29,-3.31,1.07,-4.02
input,283,0.00,-0.34,-0.07,0.09
pos,284,-2.29,-3.31,1.07,-4.02
input,284,0.00,-0.34,-0.07,0.10
pos,285,-2.29,-3.31,1.07,-4.02
input,285,0.00,-0.33,-0.07,0.11
pos,286,-2.29,-3.31,1.07,-4.02
input,286,0.00,-0.33,-0.06,0.13
pos,287,-2.29,-3.31,1.07,-4.02
input,287,0.00,-0.32,-0.06,0.14
pos,288,-2.29,-3.31,1.07,-4.02
input,288,0.00,-0.32,-0.06,0.15
pos,289,-2.29,-3.31,1.07,-4.02
input,289,0.00,-0.31,-0.06,0.17
pos,290,-2.29,-3.31,1.07,-4.02
input,290,0.00,-0.31,-0.06,0.18
pos,291,-2.19,-3.42,1.10,-4.09
input,291,0.00,-0.30,-0.06,0.19
pos,292,-2.19,-3.42,1.10,-4.00
input,292,0.00,-0.30,-0.06,0.20
pos,293,-2.18,-3.43,1.10,-4.00
input,293,0.00,-0.29,-0.06,0.21
pos,294,-2.18,-3.44,1.11,-4.11
input,294,0.00,-0.29,-0.06,0.23
pos,295,-2.17,-3.45,1.11,-4.20
input,295,0.00,-0.28,-0.06,0.24
pos,296,-2.16,-3.45,1.12,-4.12
input,296,0.00,-0.28,-0.06,0.25
pos,297,-2.16,-3.46,1.12,-4.14
input,297,0.00,-0.28,-0.07,0.26
pos,298,-2.15,-3.46,1.13,-4.15
input,298,0.00,-0.27,-0.08,0.27
pos,299,-2.14,-3.47,1.13,-4.11
input,299,0.00,-0.27,-0.10,0.28
pos,300,-2.14,-3.47,1.13,-4.10
input,300,0.00,-0.26,-0.11,0.29
pos,301,-2.13,-3.48,1.14,-4.13
input,301,0.00,-0.26,-0.12,0.30
pos,302,-2.13,-3.49,1.15,-4.13
input,302,0.00,-0.26,-0.14,0.31
pos,303,-2.12,-3.49,1.15,-4.14
input,303,0.00,-0.25,-0.15,0.32
