pos,0,-0.1774,-2.5665,1.2322,-2.9919
input,0,-0.0325,-0.0008,0.0000,0.0000
target,0,-0.1851,-2.5573,1.2306,-3.0764
pos,1,-0.1774,-2.5665,1.2322,-2.9919
input,1,-0.0318,-0.0008,0.0000,0.0000
target,1,-0.1846,-2.5583,1.2308,-3.0724
pos,2,-0.1769,-2.5678,1.2326,-2.9967
input,2,-0.0312,-0.0008,0.0000,0.0000
target,2,-0.1842,-2.5593,1.2309,-3.0686
pos,3,-0.1767,-2.5680,1.2328,-2.9866
input,3,-0.0306,-0.0008,0.0000,0.0000
target,3,-0.1838,-2.5602,1.2311,-3.0652
pos,4,-0.1768,-2.5679,1.2326,-2.9881
input,4,-0.0300,-0.0008,0.0000,0.0000
target,4,-0.1833,-2.5611,1.2313,-3.0614
pos,5,-0.1756,-2.5675,1.2338,-3.0785
input,5,-0.0294,-0.0008,0.0000,0.0000
target,5,-0.1830,-2.5619,1.2314,-3.0580
pos,6,-0.1763,-2.5670,1.2320,-3.0933
input,6,-0.0288,-0.0007,0.0000,0.0000
target,6,-0.1825,-2.5625,1.2316,-3.0588
pos,7,-0.1752,-2.5702,1.2326,-3.1433
input,7,-0.0282,-0.0007,0.0000,0.0000
target,7,-0.1821,-2.5629,1.2317,-3.0604
pos,8,-0.1751,-2.5700,1.2323,-3.1522
input,8,-0.0276,-0.0007,0.0000,0.0000
target,8,-0.1817,-2.5637,1.2318,-3.0642
pos,9,-0.1735,-2.5700,1.2364,-3.0617
input,9,-0.0271,-0.0007,0.0000,0.0000
target,9,-0.1812,-2.5644,1.2318,-3.0685
pos,10,-0.1726,-2.5704,1.2366,-3.0539
input,10,-0.0266,-0.0007,0.0000,0.0000
target,10,-0.1806,-2.5650,1.2322,-3.0683
pos,11,-0.1724,-2.5705,1.2367,-3.0516
input,11,-0.0260,-0.0007,0.0000,0.0000
target,11,-0.1800,-2.5656,1.2327,-3.0676
pos,12,-0.1723,-2.5705,1.2365,-3.0629
input,12,-0.0255,-0.0007,0.0000,0.0000
target,12,-0.1794,-2.5661,1.2330,-3.0668
pos,13,-0.1719,-2.5707,1.2363,-3.0677
input,13,-0.0250,-0.0007,0.0000,0.0000
target,13,-0.1788,-2.5666,1.2334,-3.0665
pos,14,-0.1719,-2.5707,1.2363,-3.0677
input,14,-0.0245,-0.0006,0.0000,0.0000
target,14,-0.1783,-2.5670,1.2337,-3.0666
pos,15,-0.1705,-2.5707,1.2364,-3.0617
input,15,-0.0240,-0.0006,0.0000,0.0000
target,15,-0.1778,-2.5674,1.2339,-3.0667
pos,16,-0.1707,-2.5705,1.2359,-3.0618
input,16,-0.0235,-0.0006,0.0000,0.0000
target,16,-0.1772,-2.5677,1.2341,-3.0665
pos,17,-0.1699,-2.5709,1.2360,-3.0707
input,17,-0.0230,-0.0006,0.0000,0.0000
target,17,-0.1767,-2.5679,1.2343,-3.0663
pos,18,-0.1700,-2.5739,1.2375,-3.0739
input,18,-0.0226,-0.0006,0.0000,0.0000
target,18,-0.1761,-2.5682,1.2345,-3.0665
pos,19,-0.1689,-2.5710,1.2359,-3.0677
input,19,-0.0221,-0.0006,0.0000,0.0000
target,19,-0.1756,-2.5689,1.2348,-3.0669
pos,20,-0.1691,-2.5718,1.2362,-3.0593
input,20,-0.0217,-0.0006,0.0000,0.0000
target,20,-0.1751,-2.5690,1.2349,-3.0669
pos,21,-0.1691,-2.5718,1.2362,-3.0593
input,21,-0.0213,-0.0006,0.0000,0.0000
target,21,-0.1746,-2.5693,1.2350,-3.0666
pos,22,-0.1697,-2.5735,1.2328,-3.1615
input,22,-0.0208,-0.0005,0.0000,0.0000
target,22,-0.1742,-2.5695,1.2351,-3.0662
pos,23,-0.1695,-2.5735,1.2327,-3.1621
input,23,-0.0204,-0.0005,0.0000,0.0000
target,23,-0.1739,-2.5700,1.2349,-3.0707
pos,24,-0.1687,-2.5732,1.2323,-3.1692
input,24,-0.0200,-0.0005,0.0000,0.0000
target,24,-0.1736,-2.5703,1.2347,-3.0751
pos,25,-0.1660,-2.5711,1.2355,-3.0733
input,25,-0.0196,-0.0005,0.0000,0.0000
target,25,-0.1732,-2.5706,1.2345,-3.0797
pos,26,-0.1660,-2.5711,1.2355,-3.0733
input,26,-0.0192,-0.0005,0.0000,0.0000
target,26,-0.1725,-2.5706,1.2345,-3.0795
pos,27,-0.1652,-2.5707,1.2353,-3.0576
input,27,-0.0188,-0.0005,0.0000,0.0000
target,27,-0.1719,-2.5706,1.2346,-3.0793
pos,28,-0.1649,-2.5707,1.2353,-3.0538
input,28,-0.0185,-0.0005,0.0000,0.0000
target,28,-0.1712,-2.5705,1.2347,-3.0783
pos,29,-0.1643,-2.5705,1.2347,-3.0556
input,29,-0.0181,-0.0005,0.0000,0.0000
target,29,-0.1706,-2.5704,1.2348,-3.0772
pos,30,-0.1641,-2.5704,1.2348,-3.0552
input,30,-0.0177,-0.0005,0.0000,0.0000
target,30,-0.1700,-2.5703,1.2347,-3.0763
pos,31,-0.1632,-2.5703,1.2346,-3.0678
input,31,-0.0174,-0.0005,0.0000,0.0000
target,31,-0.1694,-2.5703,1.2348,-3.0753
pos,32,-0.1633,-2.5699,1.2341,-3.0643
input,32,-0.0170,-0.0004,0.0000,0.0000
target,32,-0.1688,-2.5702,1.2347,-3.0750
pos,33,-0.1625,-2.5698,1.2342,-3.0555
input,33,-0.0167,-0.0004,0.0000,0.0000
target,33,-0.1683,-2.5701,1.2347,-3.0746
pos,34,-0.1616,-2.5693,1.2341,-3.0547
input,34,-0.0163,-0.0004,0.0000,0.0000
target,34,-0.1677,-2.5699,1.2346,-3.0737
pos,35,-0.1627,-2.5712,1.2304,-3.1622
input,35,-0.0160,-0.0004,0.0000,0.0000
target,35,-0.1671,-2.5698,1.2346,-3.0728
pos,36,-0.1627,-2.5712,1.2304,-3.1622
input,36,-0.0157,-0.0004,0.0000,0.0000
target,36,-0.1667,-2.5699,1.2342,-3.0770
pos,37,-0.1590,-2.5679,1.2331,-3.0589
input,37,-0.0154,-0.0004,0.0000,0.0000
target,37,-0.1663,-2.5700,1.2338,-3.0810
pos,38,-0.1596,-2.5684,1.2330,-3.0430
input,38,-0.0151,-0.0004,0.0000,0.0000
target,38,-0.1655,-2.5696,1.2338,-3.0800
pos,39,-0.1596,-2.5684,1.2330,-3.0430
input,39,-0.0148,-0.0004,0.0000,0.0000
target,39,-0.1649,-2.5694,1.2337,-3.0782
pos,40,-0.1595,-2.5700,1.2292,-3.1619
input,40,-0.0145,-0.0004,0.0000,0.0000
target,40,-0.1643,-2.5692,1.2336,-3.0766
pos,41,-0.1588,-2.5696,1.2287,-3.1634
input,41,-0.0142,-0.0004,0.0000,0.0000
target,41,-0.1638,-2.5692,1.2332,-3.0805
pos,42,-0.1580,-2.5690,1.2285,-3.1571
input,42,-0.0139,-0.0004,0.0000,0.0000
target,42,-0.1633,-2.5692,1.2328,-3.0845
pos,43,-0.1577,-2.5689,1.2282,-3.1608
input,43,-0.0136,-0.0004,0.0000,0.0000
target,43,-0.1627,-2.5691,1.2324,-3.0880
pos,44,-0.1570,-2.5684,1.2277,-3.1629
input,44,-0.0134,-0.0003,0.0000,0.0000
target,44,-0.1622,-2.5691,1.2320,-3.0915
pos,45,-0.1565,-2.5682,1.2274,-3.1631
input,45,-0.0131,-0.0003,0.0000,0.0000
target,45,-0.1616,-2.5689,1.2316,-3.0949
pos,46,-0.1556,-2.5675,1.2268,-3.1650
input,46,-0.0128,-0.0003,0.0000,0.0000
target,46,-0.1610,-2.5688,1.2312,-3.0982
pos,47,-0.1553,-2.5673,1.2266,-3.1657
input,47,-0.0126,-0.0003,0.0000,0.0000
target,47,-0.1604,-2.5685,1.2307,-3.1014
pos,48,-0.1542,-2.5662,1.2249,-3.1827
input,48,-0.0123,-0.0003,0.0000,0.0000
target,48,-0.1598,-2.5683,1.2303,-3.1045
pos,49,-0.1535,-2.5658,1.2244,-3.1852
input,49,-0.0121,-0.0003,0.0000,0.0000
target,49,-0.1592,-2.5680,1.2298,-3.1082
pos,50,-0.1532,-2.5654,1.2239,-3.1882
input,50,-0.0118,-0.0003,0.0000,0.0000
target,50,-0.1585,-2.5676,1.2293,-3.1119
pos,51,-0.1518,-2.5646,1.2235,-3.1789
input,51,-0.0116,-0.0003,0.0000,0.0000
target,51,-0.1579,-2.5673,1.2288,-3.1156
pos,52,-0.1504,-2.5627,1.2242,-3.1789
input,52,-0.0114,-0.0003,0.0000,0.0000
target,52,-0.1571,-2.5669,1.2283,-3.1186
pos,53,-0.1499,-2.5617,1.2233,-2.9870
input,53,-0.0111,-0.0003,0.0000,0.0000
target,53,-0.1563,-2.5663,1.2279,-3.1214
pos,54,-0.1492,-2.5619,1.2235,-3.0010
input,54,-0.0109,-0.0003,0.0000,0.0000
target,54,-0.1555,-2.5656,1.2275,-3.1151
pos,55,-0.1492,-2.5619,1.2235,-3.0010
input,55,-0.0107,-0.0003,0.0000,0.0000
target,55,-0.1547,-2.5650,1.2271,-3.1096
pos,56,-0.1475,-2.5605,1.2218,-3.0079
input,56,-0.0105,-0.0003,0.0000,0.0000
target,56,-0.1540,-2.5646,1.2267,-3.1044
pos,57,-0.1465,-2.5601,1.2214,-3.0022
input,57,-0.0103,-0.0003,0.0000,0.0000
target,57,-0.1532,-2.5640,1.2263,-3.0998
pos,58,-0.1469,-2.5580,1.2187,-3.1189
input,58,-0.0101,-0.0003,0.0000,0.0000
target,58,-0.1524,-2.5634,1.2258,-3.0952
pos,59,-0.1454,-2.5608,1.2196,-3.1624
input,59,-0.0099,-0.0003,0.0000,0.0000
target,59,-0.1517,-2.5627,1.2251,-3.0962
pos,60,-0.1446,-2.5579,1.2178,-3.1348
input,60,-0.0097,-0.0003,0.0000,0.0000
target,60,-0.1509,-2.5624,1.2246,-3.0994
pos,61,-0.1424,-2.5572,1.2210,-3.0630
input,61,-0.0095,-0.0002,0.0000,0.0000
target,61,-0.1500,-2.5617,1.2240,-3.1011
pos,62,-0.1415,-2.5564,1.2204,-3.0658
input,62,-0.0093,-0.0002,0.0000,0.0000
target,62,-0.1490,-2.5611,1.2237,-3.0994
pos,63,-0.1407,-2.5559,1.2196,-3.0665
input,63,0.0150,-0.0093,-0.0000,-0.0000
target,63,-0.1490,-2.5611,1.2237,-3.0994
pos,64,-0.1396,-2.5552,1.2194,-3.0552
input,64,0.0129,-0.0028,-0.0052,0.0003
target,64,-0.1490,-2.5611,1.2237,-3.0994
pos,65,-0.1391,-2.5549,1.2185,-3.0554
input,65,0.0111,0.0031,-0.0097,0.0008
target,65,-0.1490,-2.5611,1.2237,-3.0994
pos,66,-0.1388,-2.5541,1.2174,-3.0533
input,66,0.0097,0.0086,-0.0156,0.0011
target,66,-0.1490,-2.5611,1.2237,-3.0994
pos,67,-0.1391,-2.5555,1.2144,-3.1436
input,67,0.0086,0.0134,-0.0208,0.0016
target,67,-0.1490,-2.5611,1.2237,-3.0994
pos,68,-0.1387,-2.5553,1.2132,-3.1596
input,68,0.0081,0.0176,-0.0255,0.0021
target,68,-0.1490,-2.5611,1.2237,-3.0994
pos,69,-0.1361,-2.5525,1.2153,-3.0581
input,69,0.0071,0.0203,-0.0156,0.0028
target,69,-0.1490,-2.5611,1.2237,-3.0994
pos,70,-0.1368,-2.5516,1.2117,-3.1000
input,70,0.0064,0.0225,-0.0040,0.0037
target,70,-0.1490,-2.5611,1.2237,-3.0994
pos,71,-0.1352,-2.5516,1.2136,-3.0686
input,71,0.0064,0.0263,-0.0095,0.0042
target,71,-0.1490,-2.5611,1.2237,-3.0994
pos,72,-0.1348,-2.5514,1.2128,-3.0678
input,72,0.0072,0.0294,-0.0083,0.0050
target,72,-0.1490,-2.5611,1.2237,-3.0994
pos,73,-0.1343,-2.5510,1.2122,-3.0710
input,73,0.0074,0.0324,-0.0118,0.0055
target,73,-0.1490,-2.5611,1.2237,-3.0994
pos,74,-0.1336,-2.5506,1.2112,-3.0696
input,74,0.0077,0.0349,-0.0152,0.0060
target,74,-0.1490,-2.5611,1.2237,-3.0994
pos,75,-0.1333,-2.5506,1.2107,-3.0669
input,75,0.0081,0.0370,-0.0176,0.0066
target,75,-0.1490,-2.5611,1.2237,-3.0994
pos,76,-0.1327,-2.5502,1.2100,-3.0666
input,76,0.0084,0.0390,-0.0200,0.0072
target,76,-0.1490,-2.5611,1.2237,-3.0994
pos,77,-0.1322,-2.5498,1.2090,-3.0664
input,77,0.0088,0.0405,-0.0224,0.0077
target,77,-0.1490,-2.5611,1.2237,-3.0994
pos,78,-0.1317,-2.5494,1.2084,-3.0696
input,78,0.0092,0.0419,-0.0246,0.0083
target,78,-0.1490,-2.5611,1.2237,-3.0994
pos,79,-0.1308,-2.5493,1.2072,-3.0591
input,79,0.0096,0.0431,-0.0265,0.0089
target,79,-0.1490,-2.5611,1.2237,-3.0994
pos,80,-0.1303,-2.5490,1.2063,-3.0568
input,80,0.0101,0.0442,-0.0276,0.0095
target,80,-0.1490,-2.5611,1.2237,-3.0994
pos,81,-0.1300,-2.5485,1.2051,-3.0685
input,81,0.0104,0.0452,-0.0302,0.0102
target,81,-0.1490,-2.5611,1.2237,-3.0994
pos,82,-0.1299,-2.5485,1.2047,-3.0673
input,82,0.0108,0.0461,-0.0327,0.0108
target,82,-0.1490,-2.5611,1.2237,-3.0994
pos,83,-0.1292,-2.5484,1.2047,-3.0595
input,83,0.0113,0.0468,-0.0331,0.0115
target,83,-0.1490,-2.5611,1.2237,-3.0994
pos,84,-0.1289,-2.5478,1.2032,-3.0692
input,84,0.0117,0.0471,-0.0330,0.0122
target,84,-0.1490,-2.5611,1.2237,-3.0994
pos,85,-0.1288,-2.5480,1.2029,-3.0686
input,85,0.0123,0.0471,-0.0340,0.0128
target,85,-0.1490,-2.5611,1.2237,-3.0994
pos,86,-0.1274,-2.5468,1.2010,-3.0728
input,86,0.0132,0.0471,-0.0334,0.0134
target,86,-0.1490,-2.5611,1.2237,-3.0994
pos,87,-0.1274,-2.5472,1.2010,-3.0576
input,87,0.0141,0.0467,-0.0328,0.0140
target,87,-0.1490,-2.5611,1.2237,-3.0994
pos,88,-0.1286,-2.5488,1.1970,-3.1646
input,88,0.0150,0.0471,-0.0316,0.0148
target,88,-0.1490,-2.5611,1.2237,-3.0994
pos,89,-0.1284,-2.5486,1.1967,-3.1650
input,89,0.0158,0.0470,-0.0331,0.0154
target,89,-0.1490,-2.5611,1.2237,-3.0994
pos,90,-0.1276,-2.5479,1.1956,-3.1697
input,90,0.0162,0.0457,-0.0182,0.0164
target,90,-0.1490,-2.5611,1.2237,-3.0994
pos,91,-0.1270,-2.5457,1.1952,-3.1697
input,91,0.0167,0.0445,-0.0044,0.0172
target,91,-0.1490,-2.5611,1.2237,-3.0994
pos,92,-0.1265,-2.5450,1.1945,-3.0075
input,92,0.0173,0.0440,0.0088,0.0181
target,92,-0.1490,-2.5611,1.2237,-3.0994
pos,93,-0.1251,-2.5449,1.1950,-3.0395
input,93,0.0187,0.0446,0.0205,0.0190
target,93,-0.1490,-2.5611,1.2237,-3.0994
pos,94,-0.1251,-2.5446,1.1948,-3.0306
input,94,0.0196,0.0455,0.0060,0.0197
target,94,-0.1490,-2.5611,1.2237,-3.0994
pos,95,-0.1250,-2.5450,1.1943,-3.0689
input,95,0.0200,0.0470,-0.0026,0.0204
target,95,-0.1490,-2.5611,1.2237,-3.0994
pos,96,-0.1249,-2.5446,1.1926,-3.1686
input,96,0.0204,0.0484,-0.0116,0.0210
target,96,-0.1490,-2.5611,1.2237,-3.0994
pos,97,-0.1248,-2.5446,1.1923,-3.1743
input,97,0.0206,0.0493,-0.0138,0.0215
target,97,-0.1490,-2.5611,1.2237,-3.0994
pos,98,-0.1240,-2.5439,1.1920,-3.1711
input,98,0.0211,0.0501,-0.0005,0.0221
target,98,-0.1490,-2.5611,1.2237,-3.0994
pos,99,-0.1237,-2.5436,1.1919,-3.1629
input,99,0.0216,0.0507,0.0124,0.0227
target,99,-0.1490,-2.5611,1.2237,-3.0994
pos,100,-0.1232,-2.5425,1.1914,-3.1703
input,100,0.0221,0.0518,0.0236,0.0233
target,100,-0.1490,-2.5611,1.2237,-3.0994
pos,101,-0.1230,-2.5423,1.1913,-3.1694
input,101,0.0225,0.0529,0.0321,0.0237
target,101,-0.1490,-2.5611,1.2237,-3.0994
pos,102,-0.1223,-2.5413,1.1908,-3.1708
input,102,0.0233,0.0544,0.0406,0.0242
target,102,-0.1490,-2.5611,1.2237,-3.0994
pos,103,-0.1221,-2.5408,1.1905,-3.1747
input,103,0.0239,0.0558,0.0479,0.0246
target,103,-0.1490,-2.5611,1.2237,-3.0994
pos,104,-0.1219,-2.5406,1.1906,-3.1730
input,104,0.0248,0.0576,0.0544,0.0250
target,104,-0.1490,-2.5611,1.2237,-3.0994
pos,105,-0.1224,-2.5393,1.1888,-3.2166
input,105,0.0256,0.0593,0.0604,0.0253
target,105,-0.1490,-2.5611,1.2237,-3.0994
pos,106,-0.1215,-2.5387,1.1888,-3.1950
input,106,0.0264,0.0608,0.0653,0.0256
target,106,-0.1490,-2.5611,1.2237,-3.0994
pos,107,-0.1211,-2.5382,1.1888,-3.1952
input,107,0.0279,0.0622,0.0761,0.0261
target,107,-0.1490,-2.5611,1.2237,-3.0994
pos,108,-0.1210,-2.5378,1.1888,-3.1958
input,108,0.0291,0.0639,0.0821,0.0264
target,108,-0.1490,-2.5611,1.2237,-3.0994
pos,109,-0.1195,-2.5363,1.1906,-3.1958
input,109,0.0303,0.0657,0.0872,0.0268
target,109,-0.1490,-2.5611,1.2237,-3.0994
pos,110,-0.1194,-2.5361,1.1907,-3.0459
input,110,0.0314,0.0672,0.0914,0.0270
target,110,-0.1490,-2.5611,1.2237,-3.0994
pos,111,-0.1212,-2.5328,1.1870,-3.1099
input,111,0.0327,0.0695,0.0947,0.0270
target,111,-0.1490,-2.5611,1.2237,-3.0994
pos,112,-0.1198,-2.5346,1.1882,-3.1981
input,112,0.0335,0.0717,0.0744,0.0270
target,112,-0.1490,-2.5611,1.2237,-3.0994
pos,113,-0.1196,-2.5341,1.1883,-3.1987
input,113,0.0363,0.0739,0.0653,0.0274
target,113,-0.1490,-2.5611,1.2237,-3.0994
pos,114,-0.1183,-2.5332,1.1908,-3.1987
input,114,0.0376,0.0753,0.0709,0.0276
target,114,-0.1490,-2.5611,1.2237,-3.0994
pos,115,-0.1181,-2.5327,1.1908,-3.0489
input,115,0.0390,0.0764,0.0760,0.0277
target,115,-0.1490,-2.5611,1.2237,-3.0994
pos,116,-0.1180,-2.5316,1.1906,-3.0510
input,116,0.0403,0.0781,0.0804,0.0276
target,116,-0.1490,-2.5611,1.2237,-3.0994
pos,117,-0.1179,-2.5313,1.1908,-3.0510
input,117,0.0411,0.0799,0.0610,0.0275
target,117,-0.1490,-2.5611,1.2237,-3.0994
pos,118,-0.1175,-2.5309,1.1910,-3.0467
input,118,0.0422,0.0819,0.0434,0.0274
target,118,-0.1490,-2.5611,1.2237,-3.0994
pos,119,-0.1164,-2.5306,1.1939,-3.0817
input,119,0.0431,0.0835,0.0273,0.0272
target,119,-0.1490,-2.5611,1.2237,-3.0994
pos,120,-0.1160,-2.5291,1.1940,-3.0761
input,120,0.0439,0.0850,0.0121,0.0271
target,120,-0.1490,-2.5611,1.2237,-3.0994
pos,121,-0.1164,-2.5290,1.1939,-3.0885
input,121,0.0443,0.0866,0.0040,0.0266
target,121,-0.1490,-2.5611,1.2237,-3.0994
pos,122,-0.1159,-2.5274,1.1938,-3.0850
input,122,0.0453,0.0883,-0.0038,0.0262
target,122,-0.1490,-2.5611,1.2237,-3.0994
pos,123,-0.1170,-2.5274,1.1918,-3.0438
input,123,0.0463,0.0893,-0.0084,0.0259
target,123,-0.1490,-2.5611,1.2237,-3.0994
pos,124,-0.1171,-2.5262,1.1920,-3.0525
input,124,0.0477,0.0908,-0.0128,0.0255
target,124,-0.1490,-2.5611,1.2237,-3.0994
pos,125,-0.1170,-2.5258,1.1921,-3.0508
input,125,0.0491,0.0914,-0.0229,0.0254
target,125,-0.1490,-2.5611,1.2237,-3.0994
pos,126,-0.1181,-2.5263,1.1903,-3.1950
input,126,0.0507,0.0922,-0.0305,0.0254
target,126,-0.1490,-2.5611,1.2237,-3.0994
pos,127,-0.1183,-2.5251,1.1910,-3.1935
input,127,0.0521,0.0929,-0.0375,0.0253
target,127,-0.1490,-2.5611,1.2237,-3.0994
pos,128,-0.1183,-2.5251,1.1910,-3.1935
input,128,0.0537,0.0925,-0.0213,0.0254
target,128,-0.1490,-2.5611,1.2237,-3.0994
pos,129,-0.1183,-2.5241,1.1917,-3.1899
input,129,0.0558,0.0921,-0.0063,0.0254
target,129,-0.1490,-2.5611,1.2237,-3.0994
pos,130,-0.1173,-2.5225,1.1938,-3.0412
input,130,0.0574,0.0917,0.0074,0.0254
target,130,-0.1490,-2.5611,1.2237,-3.0994
pos,131,-0.1176,-2.5211,1.1940,-3.0470
input,131,0.0592,0.0917,0.0193,0.0253
target,131,-0.1490,-2.5611,1.2237,-3.0994
pos,132,-0.1176,-2.5206,1.1947,-3.0422
input,132,0.0605,0.0930,0.0073,0.0250
target,132,-0.1490,-2.5611,1.2237,-3.0994
pos,133,-0.1179,-2.5201,1.1947,-3.0486
input,133,0.0619,0.0947,-0.0027,0.0248
target,133,-0.1490,-2.5611,1.2237,-3.0994
pos,134,-0.1181,-2.5192,1.1952,-3.0498
input,134,0.0632,0.0962,-0.0121,0.0244
target,134,-0.1490,-2.5611,1.2237,-3.0994
pos,135,-0.1181,-2.5185,1.1957,-3.0384
input,135,0.0644,0.0975,-0.0193,0.0242
target,135,-0.1490,-2.5611,1.2237,-3.0994
pos,136,-0.1182,-2.5182,1.1959,-3.0364
input,136,0.0658,0.0987,-0.0253,0.0239
target,136,-0.1490,-2.5611,1.2237,-3.0994
pos,137,-0.1187,-2.5172,1.1961,-3.0470
input,137,0.0671,0.0999,-0.0320,0.0235
target,137,-0.1490,-2.5611,1.2237,-3.0994
pos,138,-0.1200,-2.5173,1.1945,-3.1910
input,138,0.0682,0.1010,-0.0379,0.0232
target,138,-0.1490,-2.5611,1.2237,-3.0994
pos,139,-0.1193,-2.5155,1.1966,-3.0451
input,139,0.0696,0.1019,-0.0412,0.0229
target,139,-0.1490,-2.5611,1.2237,-3.0994
pos,140,-0.1197,-2.5146,1.1969,-3.0479
input,140,0.0715,0.1019,-0.0218,0.0228
target,140,-0.1490,-2.5611,1.2237,-3.0994
pos,141,-0.1197,-2.5144,1.1971,-3.0478
input,141,0.0734,0.1026,-0.0258,0.0225
target,141,-0.1490,-2.5611,1.2237,-3.0994
pos,142,-0.1201,-2.5132,1.1977,-3.0401
input,142,0.0750,0.1039,-0.0294,0.0222
target,142,-0.1490,-2.5611,1.2237,-3.0994
pos,143,-0.1205,-2.5127,1.1976,-3.0465
input,143,0.0762,0.1050,-0.0328,0.0220
target,143,-0.1490,-2.5611,1.2237,-3.0994
pos,144,-0.1209,-2.5121,1.1980,-3.0499
input,144,0.0777,0.1062,-0.0370,0.0216
target,144,-0.1490,-2.5611,1.2237,-3.0994
pos,145,-0.1217,-2.5117,1.1971,-3.1704
input,145,0.0791,0.1073,-0.0396,0.0214
target,145,-0.1490,-2.5611,1.2237,-3.0994
pos,146,-0.1217,-2.5103,1.1984,-3.0470
input,146,0.0805,0.1082,-0.0409,0.0211
target,146,-0.1490,-2.5611,1.2237,-3.0994
pos,147,-0.1232,-2.5105,1.1967,-3.0470
input,147,0.0823,0.1086,-0.0234,0.0209
target,147,-0.1490,-2.5611,1.2237,-3.0994
pos,148,-0.1235,-2.5100,1.1968,-3.1955
input,148,0.0841,0.1094,-0.0264,0.0207
target,148,-0.1490,-2.5611,1.2237,-3.0994
pos,149,-0.1243,-2.5080,1.1970,-3.2038
input,149,0.0855,0.1098,-0.0296,0.0206
target,149,-0.1490,-2.5611,1.2237,-3.0994
pos,150,-0.1244,-2.5067,1.1968,-3.1915
input,150,0.0873,0.1099,-0.0096,0.0205
target,150,-0.1490,-2.5611,1.2237,-3.0994
pos,151,-0.1253,-2.5067,1.1973,-3.2025
input,151,0.0902,0.1098,0.0100,0.0204
target,151,-0.1490,-2.5611,1.2237,-3.0994
pos,152,-0.1258,-2.5057,1.1977,-3.1959
input,152,0.0931,0.1103,0.0257,0.0204
target,152,-0.1490,-2.5611,1.2237,-3.0994
pos,153,-0.1250,-2.5038,1.1998,-3.1959
input,153,0.0955,0.1104,0.0413,0.0202
target,153,-0.1490,-2.5611,1.2237,-3.0994
pos,154,-0.1261,-2.5018,1.2000,-3.0410
input,154,0.0980,0.1107,0.0542,0.0201
target,154,-0.1490,-2.5611,1.2237,-3.0994
pos,155,-0.1265,-2.5010,1.2005,-3.0464
input,155,0.1005,0.1121,0.0655,0.0197
target,155,-0.1490,-2.5611,1.2237,-3.0994
pos,156,-0.1275,-2.4998,1.2004,-3.0538
input,156,0.1031,0.1143,0.0515,0.0194
target,156,-0.1490,-2.5611,1.2237,-3.0994
pos,157,-0.1289,-2.5004,1.1985,-3.0538
input,157,0.1053,0.1169,0.0388,0.0190
target,157,-0.1490,-2.5611,1.2237,-3.0994
pos,158,-0.1289,-2.5004,1.1985,-3.2051
input,158,0.1076,0.1191,0.0284,0.0187
target,158,-0.1490,-2.5611,1.2237,-3.0994
pos,159,-0.1303,-2.4974,1.2001,-3.1827
input,159,0.1095,0.1203,0.0189,0.0187
target,159,-0.1490,-2.5611,1.2237,-3.0994
pos,160,-0.1301,-2.4957,1.2014,-3.0543
input,160,0.1112,0.1207,0.0336,0.0186
target,160,-0.1490,-2.5611,1.2237,-3.0994
pos,161,-0.1312,-2.4938,1.2019,-3.0412
input,161,0.1145,0.1211,0.0439,0.0184
target,161,-0.1490,-2.5611,1.2237,-3.0994
pos,162,-0.1319,-2.4930,1.2018,-3.0523
input,162,0.1173,0.1229,0.0332,0.0180
target,162,-0.1490,-2.5611,1.2237,-3.0994
pos,163,-0.1342,-2.4922,1.2004,-3.0523
input,163,0.1201,0.1254,0.0211,0.0177
target,163,-0.1490,-2.5611,1.2237,-3.0994
pos,164,-0.1351,-2.4908,1.2009,-3.1995
input,164,0.1227,0.1276,0.0117,0.0174
target,164,-0.1490,-2.5611,1.2237,-3.0994
pos,165,-0.1348,-2.4886,1.2035,-3.1995
input,165,0.1256,0.1287,0.0033,0.0172
target,165,-0.1490,-2.5611,1.2237,-3.0994
pos,166,-0.1357,-2.4870,1.2038,-3.0515
input,166,0.1290,0.1292,0.0184,0.0170
target,166,-0.1490,-2.5611,1.2237,-3.0994
pos,167,-0.1368,-2.4856,1.2042,-3.0487
input,167,0.1329,0.1301,0.0322,0.0166
target,167,-0.1490,-2.5611,1.2237,-3.0994
pos,168,-0.1381,-2.4851,1.2031,-3.0829
input,168,0.1363,0.1319,0.0215,0.0161
target,168,-0.1490,-2.5611,1.2237,-3.0994
pos,169,-0.1403,-2.4832,1.2026,-3.2118
input,169,0.1393,0.1344,0.0107,0.0157
target,169,-0.1490,-2.5611,1.2237,-3.0994
pos,170,-0.1404,-2.4828,1.2038,-3.1932
input,170,0.1421,0.1360,0.0064,0.0154
target,170,-0.1490,-2.5611,1.2237,-3.0994
pos,171,-0.1392,-2.4792,1.2076,-3.1041
input,171,0.1460,0.1363,0.0225,0.0152
target,171,-0.1490,-2.5611,1.2237,-3.0994
pos,172,-0.1433,-2.4776,1.2036,-3.1944
input,172,0.1494,0.1364,0.0343,0.0149
target,172,-0.1490,-2.5611,1.2237,-3.0994
pos,173,-0.1440,-2.4766,1.2035,-3.2079
input,173,0.1528,0.1390,0.0311,0.0142
target,173,-0.1490,-2.5611,1.2237,-3.0994
pos,174,-0.1440,-2.4766,1.2035,-3.2079
input,174,0.1572,0.1400,0.0421,0.0139
target,174,-0.1490,-2.5611,1.2237,-3.0994
pos,175,-0.1463,-2.4718,1.2068,-3.2079
input,175,0.1615,0.1405,0.0541,0.0137
target,175,-0.1490,-2.5611,1.2237,-3.0994
pos,176,-0.1472,-2.4699,1.2073,-3.0440
input,176,0.1647,0.1410,0.0644,0.0135
target,176,-0.1490,-2.5611,1.2237,-3.0994
pos,177,-0.1487,-2.4683,1.2075,-3.0518
input,177,0.1698,0.1423,0.0742,0.0130
target,177,-0.1490,-2.5611,1.2237,-3.0994
pos,178,-0.1491,-2.4672,1.2076,-3.0387
input,178,0.1745,0.1451,0.0575,0.0125
target,178,-0.1490,-2.5611,1.2237,-3.0994
pos,179,-0.1507,-2.4654,1.2078,-3.0570
input,179,0.1785,0.1486,0.0431,0.0120
target,179,-0.1490,-2.5611,1.2237,-3.0994
pos,180,-0.1526,-2.4626,1.2082,-3.0539
input,180,0.1820,0.1521,0.0280,0.0115
target,180,-0.1490,-2.5611,1.2237,-3.0994
pos,181,-0.1543,-2.4620,1.2063,-3.0539
input,181,0.1856,0.1550,0.0175,0.0111
target,181,-0.1490,-2.5611,1.2237,-3.0994
pos,182,-0.1529,-2.4589,1.2096,-3.0935
input,182,0.1901,0.1577,0.0077,0.0107
target,182,-0.1490,-2.5611,1.2237,-3.0994
pos,183,-0.1564,-2.4555,1.2091,-3.0497
input,183,0.1940,0.1596,-0.0009,0.0105
target,183,-0.1490,-2.5611,1.2237,-3.0994
pos,184,-0.1573,-2.4544,1.2091,-3.0536
input,184,0.1977,0.1628,-0.0022,0.0100
target,184,-0.1490,-2.5611,1.2237,-3.0994
pos,185,-0.1576,-2.4529,1.2094,-3.0435
input,185,0.2031,0.1654,-0.0093,0.0095
target,185,-0.1490,-2.5611,1.2237,-3.0994
pos,186,-0.1600,-2.4501,1.2095,-3.0442
input,186,0.2076,0.1680,-0.0151,0.0091
target,186,-0.1490,-2.5611,1.2237,-3.0994
pos,187,-0.1619,-2.4499,1.2074,-3.0442
input,187,0.2114,0.1708,-0.0218,0.0087
target,187,-0.1490,-2.5611,1.2237,-3.0994
pos,188,-0.1626,-2.4440,1.2125,-3.1015
input,188,0.2161,0.1734,-0.0274,0.0083
target,188,-0.1490,-2.5611,1.2237,-3.0994
pos,189,-0.1636,-2.4426,1.2124,-3.1142
input,189,0.2201,0.1749,-0.0328,0.0082
target,189,-0.1490,-2.5611,1.2237,-3.0994
pos,190,-0.1636,-2.4426,1.2124,-3.1142
input,190,0.2258,0.1778,-0.0282,0.0075
target,190,-0.1490,-2.5611,1.2237,-3.0994
pos,191,-0.1686,-2.4361,1.2102,-3.0598
input,191,0.2312,0.1799,-0.0213,0.0069
target,191,-0.1490,-2.5611,1.2237,-3.0994
pos,192,-0.1699,-2.4334,1.2108,-3.0519
input,192,0.2352,0.1817,-0.0151,0.0063
target,192,-0.1490,-2.5611,1.2237,-3.0994
pos,193,-0.1718,-2.4306,1.2106,-3.0616
input,193,0.2424,0.1840,-0.0176,0.0060
target,193,-0.1490,-2.5611,1.2237,-3.0994
pos,194,-0.1743,-2.4290,1.2087,-3.0616
input,194,0.2491,0.1871,-0.0210,0.0056
target,194,-0.1490,-2.5611,1.2237,-3.0994
pos,195,-0.1752,-2.4275,1.2088,-3.2150
input,195,0.2559,0.1901,-0.0226,0.0052
target,195,-0.1490,-2.5611,1.2237,-3.0994
pos,196,-0.1756,-2.4264,1.2098,-3.2008
input,196,0.2623,0.1923,-0.0239,0.0051
target,196,-0.1490,-2.5611,1.2237,-3.0994
pos,197,-0.1793,-2.4191,1.2088,-3.2133
input,197,0.2683,0.1928,-0.0005,0.0048
target,197,-0.1490,-2.5611,1.2237,-3.0994
pos,198,-0.1793,-2.4191,1.2088,-3.2133
input,198,0.2739,0.1924,0.0185,0.0045
target,198,-0.1490,-2.5611,1.2237,-3.0994
pos,199,-0.1787,-2.4155,1.2122,-3.1089
input,199,0.2686,0.1922,0.0144,0.0053
target,199,-0.1490,-2.5611,1.2237,-3.0994
pos,200,-0.1819,-2.4107,1.2141,-3.1087
input,200,0.2768,0.1936,0.0334,0.0051
target,200,-0.1490,-2.5611,1.2237,-3.0994
pos,201,-0.1850,-2.4054,1.2140,-3.1241
input,201,0.2837,0.1944,0.0516,0.0048
target,201,-0.1490,-2.5611,1.2237,-3.0994
pos,202,-0.1857,-2.4034,1.2144,-3.1135
input,202,0.2902,0.1982,0.0521,0.0042
target,202,-0.1490,-2.5611,1.2237,-3.0994
pos,203,-0.1878,-2.4001,1.2145,-3.1121
input,203,0.3125,0.2061,0.0594,0.0017
target,203,-0.1490,-2.5611,1.2237,-3.0994
pos,204,-0.1914,-2.3943,1.2143,-3.1291
input,204,0.3198,0.2113,0.0592,0.0008
target,204,-0.1490,-2.5611,1.2237,-3.0994
pos,205,-0.1921,-2.3924,1.2148,-3.1140
input,205,0.3272,0.2164,0.0588,0.0001
target,205,-0.1490,-2.5611,1.2237,-3.0994
pos,206,-0.1971,-2.3881,1.2110,-3.2256
input,206,0.3362,0.2214,0.0612,-0.0007
target,206,-0.1490,-2.5611,1.2237,-3.0994
pos,207,-0.1990,-2.3837,1.2113,-3.2148
input,207,0.3441,0.2264,0.0612,-0.0014
target,207,-0.1490,-2.5611,1.2237,-3.0994
pos,208,-0.2002,-2.3806,1.2106,-3.2143
input,208,0.3532,0.2285,0.0786,-0.0019
target,208,-0.1490,-2.5611,1.2237,-3.0994
pos,209,-0.2036,-2.3737,1.2107,-3.2167
input,209,0.3631,0.2305,0.0923,-0.0024
target,209,-0.1490,-2.5611,1.2237,-3.0994
pos,210,-0.2063,-2.3691,1.2105,-3.2295
input,210,0.3721,0.2333,0.1044,-0.0028
target,210,-0.1490,-2.5611,1.2237,-3.0994
pos,211,-0.2063,-2.3691,1.2105,-3.2295
input,211,0.3828,0.2370,0.1156,-0.0034
target,211,-0.1490,-2.5611,1.2237,-3.0994
pos,212,-0.2095,-2.3625,1.2115,-3.2179
input,212,0.3935,0.2409,0.1275,-0.0040
target,212,-0.1490,-2.5611,1.2237,-3.0994
pos,213,-0.2134,-2.3549,1.2112,-3.2223
input,213,0.4015,0.2447,0.1374,-0.0045
target,213,-0.1490,-2.5611,1.2237,-3.0994
pos,214,-0.2147,-2.3521,1.2110,-3.2271
input,214,0.4112,0.2496,0.1445,-0.0051
target,214,-0.1490,-2.5611,1.2237,-3.0994
pos,215,-0.2162,-2.3442,1.2153,-3.1158
input,215,0.4228,0.2552,0.1516,-0.0059
target,215,-0.1490,-2.5611,1.2237,-3.0994
pos,216,-0.2205,-2.3395,1.2138,-3.0727
input,216,0.4330,0.2608,0.1584,-0.0067
target,216,-0.1490,-2.5611,1.2237,-3.0994
pos,217,-0.2233,-2.3339,1.2138,-3.0571
input,217,0.4451,0.2710,0.1469,-0.0078
target,217,-0.1490,-2.5611,1.2237,-3.0994
pos,218,-0.2233,-2.3305,1.2173,-3.1154
input,218,0.4569,0.2827,0.1300,-0.0087
target,218,-0.1490,-2.5611,1.2237,-3.0994
pos,219,-0.2261,-2.3245,1.2175,-3.1156
input,219,0.4688,0.2949,0.1118,-0.0096
target,219,-0.1490,-2.5611,1.2237,-3.0994
pos,220,-0.2306,-2.3158,1.2177,-3.1163
input,220,0.4787,0.3057,0.1045,-0.0110
target,220,-0.1490,-2.5611,1.2237,-3.0994
pos,221,-0.2332,-2.3099,1.2181,-3.1166
input,221,0.4898,0.3152,0.0981,-0.0122
target,221,-0.1490,-2.5611,1.2237,-3.0994
pos,222,-0.2347,-2.3062,1.2181,-3.1163
input,222,0.5032,0.3247,0.0931,-0.0136
target,222,-0.1490,-2.5611,1.2237,-3.0994
pos,223,-0.2376,-2.3001,1.2182,-3.1105
input,223,0.5167,0.3339,0.0891,-0.0150
target,223,-0.1490,-2.5611,1.2237,-3.0994
pos,224,-0.2408,-2.2940,1.2184,-3.1237
input,224,0.5288,0.3427,0.0854,-0.0164
target,224,-0.1490,-2.5611,1.2237,-3.0994
pos,225,-0.2408,-2.2940,1.2184,-3.1237
input,225,0.5415,0.3515,0.0813,-0.0177
target,225,-0.1490,-2.5611,1.2237,-3.0994
pos,226,-0.2439,-2.2901,1.2135,-3.2232
input,226,0.5544,0.3597,0.0797,-0.0191
target,226,-0.1490,-2.5611,1.2237,-3.0994
pos,227,-0.2534,-2.2693,1.2142,-3.2030
input,227,0.5641,0.3668,0.0778,-0.0202
target,227,-0.1490,-2.5611,1.2237,-3.0994
pos,228,-0.2571,-2.2619,1.2135,-3.2181
input,228,0.5734,0.3701,0.0919,-0.0209
target,228,-0.1490,-2.5611,1.2237,-3.0994
pos,229,-0.2587,-2.2581,1.2136,-3.2165
input,229,0.5935,0.3751,0.1028,-0.0220
target,229,-0.1490,-2.5611,1.2237,-3.0994
pos,230,-0.2620,-2.2463,1.2188,-3.1098
input,230,0.6131,0.3804,0.1170,-0.0238
target,230,-0.1490,-2.5611,1.2237,-3.0994
pos,231,-0.2646,-2.2378,1.2191,-3.1039
input,231,0.6305,0.3858,0.1293,-0.0255
target,231,-0.1490,-2.5611,1.2237,-3.0994
pos,232,-0.2685,-2.2298,1.2191,-3.1118
input,232,0.6503,0.3971,0.1241,-0.0275
target,232,-0.1490,-2.5611,1.2237,-3.0994
pos,233,-0.2701,-2.2255,1.2190,-3.1108
input,233,0.6689,0.4113,0.1205,-0.0298
target,233,-0.1490,-2.5611,1.2237,-3.0994
pos,234,-0.2762,-2.2136,1.2191,-3.1011
input,234,0.6878,0.4246,0.1189,-0.0320
target,234,-0.1490,-2.5611,1.2237,-3.0994
pos,235,-0.2780,-2.2093,1.2192,-3.0971
input,235,0.7000,0.4370,0.1172,-0.0341
target,235,-0.1490,-2.5611,1.2237,-3.0994
pos,236,-0.2797,-2.2048,1.2193,-3.0894
input,236,0.7000,0.4469,0.1146,-0.0359
target,236,-0.1490,-2.5611,1.2237,-3.0994
pos,237,-0.2874,-2.1866,1.2193,-3.0844
input,237,0.7000,0.4469,0.1146,-0.0359
target,237,-0.1490,-2.5611,1.2237,-3.0994
pos,238,-0.2915,-2.1771,1.2190,-3.0832
input,238,0.7000,0.4487,0.0994,-0.0367
target,238,-0.1490,-2.5611,1.2237,-3.0994
pos,239,-0.2957,-2.1672,1.2191,-3.0795
input,239,0.7000,0.4494,0.0926,-0.0369
target,239,-0.1490,-2.5611,1.2237,-3.0994
pos,240,-0.2999,-2.1567,1.2189,-3.0792
input,240,0.7000,0.4494,0.0926,-0.0369
target,240,-0.1490,-2.5611,1.2237,-3.0994
pos,241,-0.3046,-2.1466,1.2186,-3.0845
input,241,0.7000,0.4464,0.0804,-0.0369
target,241,-0.1490,-2.5611,1.2237,-3.0994
pos,242,-0.3069,-2.1409,1.2184,-3.0659
input,242,0.7000,0.4458,0.0755,-0.0371
target,242,-0.1490,-2.5611,1.2237,-3.0994
pos,243,-0.3137,-2.1244,1.2183,-3.0809
input,243,0.7000,0.4436,0.0726,-0.0372
target,243,-0.1490,-2.5611,1.2237,-3.0994
pos,244,-0.3158,-2.1187,1.2184,-3.0731
input,244,0.7000,0.4436,0.0726,-0.0372
target,244,-0.1490,-2.5611,1.2237,-3.0994
pos,245,-0.3231,-2.1010,1.2181,-3.0751
input,245,0.7000,0.4395,0.0669,-0.0371
target,245,-0.1490,-2.5611,1.2237,-3.0994
pos,246,-0.3284,-2.0891,1.2179,-3.0692
input,246,0.7000,0.4395,0.0669,-0.0371
target,246,-0.1490,-2.5611,1.2237,-3.0994
pos,247,-0.3304,-2.0826,1.2178,-3.0736
input,247,0.7000,0.4351,0.0650,-0.0374
target,247,-0.1490,-2.5611,1.2237,-3.0994
pos,248,-0.3386,-2.0639,1.2176,-3.0672
input,248,0.7000,0.4325,0.0638,-0.0376
target,248,-0.1490,-2.5611,1.2237,-3.0994
pos,249,-0.3419,-2.0578,1.2174,-3.0528
input,249,0.7000,0.4325,0.0638,-0.0376
target,249,-0.1490,-2.5611,1.2237,-3.0994
pos,250,-0.3473,-2.0448,1.2171,-3.0634
input,250,0.7000,0.4382,0.0424,-0.0322
target,250,-0.1490,-2.5611,1.2237,-3.0994
pos,251,-0.3530,-2.0314,1.2169,-3.0635
input,251,0.7000,0.4333,0.0434,-0.0324
target,251,-0.1490,-2.5611,1.2237,-3.0994
pos,252,-0.3591,-2.0177,1.2164,-3.0652
input,252,0.7000,0.4305,0.0424,-0.0326
target,252,-0.1490,-2.5611,1.2237,-3.0994
pos,253,-0.3676,-1.9960,1.2158,-3.0677
input,253,0.7000,0.4345,0.0217,-0.0274
target,253,-0.1490,-2.5611,1.2237,-3.0994
pos,254,-0.3710,-1.9898,1.2160,-3.0566
input,254,0.7000,0.4314,0.0230,-0.0276
target,254,-0.1490,-2.5611,1.2237,-3.0994
pos,255,-0.3805,-1.9677,1.2156,-3.0512
input,255,0.7000,0.4336,0.0027,-0.0224
target,255,-0.1490,-2.5611,1.2237,-3.0994
pos,256,-0.3805,-1.9677,1.2156,-3.0512
input,256,0.7000,0.4239,0.0282,-0.0280
target,256,-0.1490,-2.5611,1.2237,-3.0994
pos,257,-0.3904,-1.9453,1.2152,-3.0521
input,257,0.7000,0.4264,0.0079,-0.0228
target,257,-0.1490,-2.5611,1.2237,-3.0994
pos,258,-0.3904,-1.9453,1.2152,-3.0521
input,258,0.7000,0.4144,0.0349,-0.0286
target,258,-0.1490,-2.5611,1.2237,-3.0994
pos,259,-0.4036,-1.9139,1.2146,-3.0534
input,259,0.7000,0.4175,0.0149,-0.0234
target,259,-0.1490,-2.5611,1.2237,-3.0994
pos,260,-0.4137,-1.8893,1.2138,-3.0604
input,260,0.7000,0.4061,0.0390,-0.0291
target,260,-0.1490,-2.5611,1.2237,-3.0994
pos,261,-0.4245,-1.8742,1.2078,-3.1724
input,261,0.7000,0.3927,0.0627,-0.0348
target,261,-0.1490,-2.5611,1.2237,-3.0994
pos,262,-0.4276,-1.8649,1.2077,-3.1943
input,262,0.7000,0.3989,0.0431,-0.0296
target,262,-0.1490,-2.5611,1.2237,-3.0994
pos,263,-0.4377,-1.8422,1.2078,-3.1478
input,263,0.7000,0.3950,0.0451,-0.0299
target,263,-0.1490,-2.5611,1.2237,-3.0994
pos,264,-0.4419,-1.8341,1.2078,-3.1457
input,264,0.7000,0.3996,0.0260,-0.0247
target,264,-0.1490,-2.5611,1.2237,-3.0994
pos,265,-0.4493,-1.8169,1.2075,-3.1445
input,265,0.7000,0.3820,0.0593,-0.0303
target,265,-0.1490,-2.5611,1.2237,-3.0994
pos,266,-0.4571,-1.7996,1.2071,-3.1437
input,266,0.7000,0.3870,0.0399,-0.0251
target,266,-0.1490,-2.5611,1.2237,-3.0994
pos,267,-0.4688,-1.7733,1.2068,-3.1407
input,267,0.7000,0.3642,0.0762,-0.0306
target,267,-0.1490,-2.5611,1.2237,-3.0994
pos,268,-0.4768,-1.7555,1.2063,-3.1425
input,268,0.7000,0.3706,0.0569,-0.0254
target,268,-0.1490,-2.5611,1.2237,-3.0994
pos,269,-0.4761,-1.7438,1.2164,-3.1425
input,269,0.7000,0.3509,0.0849,-0.0307
target,269,-0.1490,-2.5611,1.2237,-3.0994
pos,270,-0.4825,-1.7359,1.2117,-3.0304
input,270,0.7000,0.3585,0.0661,-0.0254
target,270,-0.1490,-2.5611,1.2237,-3.0994
pos,271,-0.4870,-1.7272,1.2093,-3.0949
input,271,0.7000,0.3395,0.0918,-0.0309
target,271,-0.1490,-2.5611,1.2237,-3.0994
pos,272,-0.5039,-1.6902,1.2070,-3.0825
input,272,0.7000,0.3478,0.0734,-0.0256
target,272,-0.1490,-2.5611,1.2237,-3.0994
pos,273,-0.5120,-1.6712,1.2083,-3.0668
input,273,0.7000,0.3303,0.0968,-0.0315
target,273,-0.1490,-2.5611,1.2237,-3.0994
pos,274,-0.5271,-1.6449,1.2040,-3.1216
input,274,0.7000,0.3054,0.1327,-0.0423
target,274,-0.1490,-2.5611,1.2237,-3.0994
pos,275,-0.5306,-1.6331,1.2038,-3.1240
input,275,0.7000,0.3054,0.1327,-0.0423
target,275,-0.1490,-2.5611,1.2237,-3.0994
pos,276,-0.5306,-1.6331,1.2038,-3.1240
input,276,0.7000,0.3038,0.1251,-0.0421
target,276,-0.1490,-2.5611,1.2237,-3.0994
pos,277,-0.5524,-1.5846,1.2028,-3.1347
input,277,0.7000,0.3038,0.1251,-0.0421
target,277,-0.1490,-2.5611,1.2237,-3.0994
pos,278,-0.5610,-1.5678,1.2064,-3.0718
input,278,0.7000,0.3038,0.1251,-0.0421
target,278,-0.1490,-2.5611,1.2237,-3.0994
pos,279,-0.5657,-1.5581,1.2061,-3.0768
input,279,0.7000,0.3177,0.1080,-0.0367
target,279,-0.1490,-2.5611,1.2237,-3.0994
pos,280,-0.5745,-1.5384,1.2064,-3.0577
input,280,0.7000,0.3292,0.0906,-0.0314
target,280,-0.1490,-2.5611,1.2237,-3.0994
pos,281,-0.5793,-1.5286,1.2055,-3.0729
input,281,0.7000,0.2995,0.1272,-0.0421
target,281,-0.1490,-2.5611,1.2237,-3.0994
pos,282,-0.5989,-1.4893,1.2015,-3.1462
input,282,0.7000,0.2995,0.1272,-0.0421
target,282,-0.1490,-2.5611,1.2237,-3.0994
pos,283,-0.6070,-1.4687,1.2048,-3.0719
input,283,0.7000,0.2995,0.1272,-0.0421
target,283,-0.1490,-2.5611,1.2237,-3.0994
pos,284,-0.6163,-1.4483,1.2045,-3.0677
input,284,0.7000,0.2993,0.1193,-0.0418
target,284,-0.1490,-2.5611,1.2237,-3.0994
pos,285,-0.6256,-1.4276,1.2044,-3.0417
input,285,0.7000,0.2993,0.1193,-0.0418
target,285,-0.1490,-2.5611,1.2237,-3.0994
pos,286,-0.6370,-1.4057,1.1999,-3.1648
input,286,0.7000,0.2993,0.1193,-0.0418
target,286,-0.1490,-2.5611,1.2237,-3.0994
pos,287,-0.6415,-1.3956,1.1997,-3.1636
input,287,0.7000,0.2993,0.1193,-0.0418
target,287,-0.1490,-2.5611,1.2237,-3.0994
pos,288,-0.6568,-1.3642,1.1996,-3.1626
input,288,0.7000,0.2996,0.1153,-0.0417
target,288,-0.1490,-2.5611,1.2237,-3.0994
pos,289,-0.6616,-1.3537,1.1994,-3.1632
input,289,0.7000,0.3130,0.0989,-0.0364
target,289,-0.1490,-2.5611,1.2237,-3.0994
pos,290,-0.6690,-1.3340,1.2047,-3.1632
input,290,0.7000,0.3241,0.0823,-0.0311
target,290,-0.1490,-2.5611,1.2237,-3.0994
pos,291,-0.6741,-1.3232,1.2042,-3.0037
input,291,0.7000,0.3209,0.0835,-0.0312
target,291,-0.1490,-2.5611,1.2237,-3.0994
pos,292,-0.6943,-1.2806,1.2045,-3.0000
input,292,0.7000,0.3297,0.0667,-0.0260
target,292,-0.1490,-2.5611,1.2237,-3.0994
pos,293,-0.6998,-1.2702,1.2043,-3.0023
input,293,0.7000,0.3129,0.0859,-0.0312
target,293,-0.1490,-2.5611,1.2237,-3.0994
pos,294,-0.7054,-1.2597,1.2045,-3.0077
input,294,0.7000,0.2879,0.1189,-0.0417
target,294,-0.1490,-2.5611,1.2237,-3.0994
pos,295,-0.7210,-1.2264,1.2049,-3.0169
input,295,0.7000,0.2879,0.1189,-0.0417
target,295,-0.1490,-2.5611,1.2237,-3.0994
pos,296,-0.7210,-1.2264,1.2049,-3.0169
input,296,0.7000,0.2879,0.1189,-0.0417
target,296,-0.1490,-2.5544,1.2237,-3.0994
pos,297,-0.7444,-1.1824,1.1978,-3.1339
input,297,0.7000,0.2879,0.1189,-0.0417
target,297,-0.1490,-2.5477,1.2237,-3.0994
pos,298,-0.7605,-1.1482,1.1975,-3.1602
input,298,0.7000,0.3016,0.1025,-0.0364
target,298,-0.1490,-2.5411,1.2237,-3.0994
pos,299,-0.7659,-1.1370,1.1974,-3.1582
input,299,0.7000,0.3129,0.0859,-0.0312
target,299,-0.1490,-2.5344,1.2237,-3.0994
pos,300,-0.7766,-1.1153,1.1987,-3.1284
input,300,0.7000,0.3283,0.0683,-0.0308
target,300,-0.1490,-2.5277,1.2237,-3.0994
pos,301,-0.7881,-1.0925,1.1979,-3.1532
input,301,0.7000,0.3361,0.0522,-0.0258
target,301,-0.1490,-2.5211,1.2237,-3.0994
pos,302,-0.7930,-1.0814,1.1982,-3.1157
input,302,0.7000,0.3418,0.0360,-0.0209
target,302,-0.1490,-2.5144,1.2237,-3.0994
pos,303,-0.8099,-1.0477,1.1977,-3.1290
input,303,0.7000,0.3256,0.0545,-0.0257
target,303,-0.1490,-2.5077,1.2237,-3.0994
pos,304,-0.8201,-1.0255,1.2032,-3.0198
input,304,0.7000,0.3318,0.0383,-0.0208
target,304,-0.1490,-2.5011,1.2237,-3.0994
pos,305,-0.8328,-1.0019,1.1971,-3.1285
input,305,0.7000,0.2987,0.0737,-0.0307
target,305,-0.1490,-2.4944,1.2237,-3.0994
pos,306,-0.8438,-0.9803,1.1987,-3.0598
input,306,0.7000,0.2775,0.0865,-0.0356
target,306,-0.1490,-2.4877,1.2237,-3.0994
pos,307,-0.8610,-0.9456,1.1992,-3.0429
input,307,0.7000,0.2600,0.0966,-0.0405
target,307,-0.1490,-2.4811,1.2237,-3.0994
pos,308,-0.8670,-0.9340,1.1986,-3.0473
input,308,0.7000,0.2599,0.0942,-0.0404
target,308,-0.1490,-2.4744,1.2237,-3.0994
pos,309,-0.8791,-0.9099,1.1968,-3.0854
input,309,0.7000,0.2599,0.0942,-0.0404
target,309,-0.1490,-2.4677,1.2237,-3.0994
pos,310,-0.8849,-0.8989,1.1974,-3.0666
input,310,0.7000,0.2597,0.0909,-0.0400
target,310,-0.1490,-2.4611,1.2237,-3.0994
pos,311,-0.9086,-0.8525,1.1978,-3.0717
input,311,0.7000,0.2578,0.0904,-0.0400
target,311,-0.1424,-2.4544,1.2237,-3.0994
pos,312,-0.9205,-0.8283,1.1975,-3.0570
input,312,0.7000,0.2535,0.0886,-0.0397
target,312,-0.1357,-2.4477,1.2237,-3.0994
pos,313,-0.9264,-0.8160,1.1961,-3.0531
input,313,0.7000,0.2484,0.0868,-0.0396
target,313,-0.1290,-2.4411,1.2237,-3.0994
pos,314,-0.9444,-0.7805,1.1958,-3.0519
input,314,0.7000,0.2442,0.0845,-0.0394
target,314,-0.1224,-2.4344,1.2237,-3.0994
pos,315,-0.9557,-0.7565,1.1976,-3.0134
input,315,0.7000,0.2405,0.0822,-0.0391
target,315,-0.1157,-2.4277,1.2237,-3.0994
pos,316,-0.9674,-0.7330,1.1987,-3.0048
input,316,0.7000,0.2366,0.0803,-0.0389
target,316,-0.1090,-2.4277,1.2237,-3.0994
pos,317,-0.9733,-0.7211,1.1983,-3.0076
input,317,0.7000,0.2360,0.0775,-0.0388
target,317,-0.1024,-2.4277,1.2237,-3.0994
pos,318,-0.9853,-0.6980,1.1980,-2.9972
input,318,0.7000,0.2357,0.0756,-0.0386
target,318,-0.0957,-2.4277,1.2237,-3.0994
pos,319,-1.0031,-0.6630,1.1972,-3.0072
input,319,0.7000,0.2354,0.0738,-0.0385
target,319,-0.0890,-2.4277,1.2237,-3.0994
pos,320,-1.0150,-0.6402,1.1967,-3.0028
input,320,0.7000,0.2354,0.0719,-0.0383
target,320,-0.0824,-2.4277,1.2237,-3.0994
pos,321,-1.0210,-0.6288,1.1966,-3.0024
input,321,0.7000,0.2346,0.0706,-0.0381
target,321,-0.0757,-2.4277,1.2237,-3.0994
pos,322,-1.0383,-0.5951,1.1958,-3.0033
input,322,0.7000,0.2337,0.0692,-0.0380
target,322,-0.0690,-2.4277,1.2237,-3.0994
pos,323,-1.0495,-0.5731,1.1954,-2.9969
input,323,0.7000,0.2330,0.0678,-0.0378
target,323,-0.0624,-2.4277,1.2237,-3.0994
pos,324,-1.0609,-0.5512,1.1949,-2.9973
input,324,0.7000,0.2320,0.0667,-0.0376
target,324,-0.0557,-2.4277,1.2237,-3.0994
pos,325,-1.0722,-0.5296,1.1944,-2.9914
input,325,0.7000,0.2314,0.0655,-0.0375
target,325,-0.0490,-2.4277,1.2237,-3.0994
pos,326,-1.0833,-0.5085,1.1933,-2.9929
input,326,0.7000,0.2307,0.0644,-0.0373
target,326,-0.0424,-2.4277,1.2237,-3.0994
pos,327,-1.0888,-0.4978,1.1930,-2.9887
input,327,0.7000,0.2302,0.0632,-0.0371
target,327,-0.0357,-2.4277,1.2237,-3.0994
pos,328,-1.1052,-0.4655,1.1917,-2.9703
input,328,0.7000,0.2298,0.0620,-0.0369
target,328,-0.0290,-2.4277,1.2237,-3.0994
pos,329,-1.1107,-0.4555,1.1913,-2.9868
input,329,0.7000,0.2298,0.0620,-0.0369
target,329,-0.0224,-2.4277,1.2237,-3.0994
pos,330,-1.1217,-0.4342,1.1909,-2.9701
input,330,0.7000,0.2300,0.0594,-0.0364
target,330,-0.0157,-2.4277,1.2237,-3.0994
pos,331,-1.1217,-0.4342,1.1909,-2.9701
input,331,0.7000,0.2299,0.0584,-0.0362
target,331,-0.0090,-2.4277,1.2237,-3.0994
pos,332,-1.1264,-0.4242,1.1902,-2.9654
input,332,0.7000,0.2299,0.0584,-0.0362
target,332,-0.0024,-2.4277,1.2237,-3.0994
pos,333,-1.1471,-0.3829,1.1892,-3.0004
input,333,0.7000,0.2299,0.0584,-0.0362
target,333,0.0043,-2.4277,1.2237,-3.0994
pos,334,-1.1629,-0.3515,1.1885,-3.0160
input,334,0.7000,0.2299,0.0584,-0.0362
target,334,0.0110,-2.4277,1.2237,-3.0994
pos,335,-1.1731,-0.3305,1.1876,-3.0136
input,335,0.7000,0.2300,0.0538,-0.0351
target,335,0.0176,-2.4277,1.2237,-3.0994
pos,336,-1.1832,-0.3093,1.1867,-3.0154
input,336,0.7000,0.2430,0.0436,-0.0307
target,336,0.0243,-2.4277,1.2237,-3.0994
pos,337,-1.1932,-0.2881,1.1857,-3.0019
input,337,0.7000,0.2538,0.0331,-0.0265
target,337,0.0310,-2.4277,1.2237,-3.0994
pos,338,-1.2081,-0.2561,1.1848,-3.0058
input,338,0.7000,0.2519,0.0331,-0.0264
target,338,0.0376,-2.4277,1.2237,-3.0994
pos,339,-1.2181,-0.2341,1.1841,-3.0110
input,339,0.7000,0.2606,0.0225,-0.0222
target,339,0.0376,-2.4277,1.2237,-3.0994
pos,340,-1.2282,-0.2119,1.1835,-3.0161
input,340,0.7000,0.2673,0.0118,-0.0181
target,340,0.0376,-2.4277,1.2237,-3.0994
pos,341,-1.2328,-0.2011,1.1831,-3.0044
input,341,0.7000,0.2563,0.0225,-0.0221
target,341,0.0376,-2.4277,1.2237,-3.0994
pos,342,-1.2427,-0.1786,1.1827,-3.0050
input,342,0.7000,0.2632,0.0119,-0.0179
target,342,0.0376,-2.4277,1.2237,-3.0994
pos,343,-1.2526,-0.1557,1.1821,-3.0057
input,343,0.7000,0.2452,0.0327,-0.0261
target,343,0.0376,-2.4277,1.2237,-3.0994
pos,344,-1.2574,-0.1446,1.1819,-3.0125
input,344,0.7000,0.2213,0.0526,-0.0346
target,344,0.0376,-2.4277,1.2237,-3.0994
pos,345,-1.2723,-0.1101,1.1813,-3.0152
input,345,0.7000,0.2343,0.0428,-0.0303
target,345,0.0376,-2.4277,1.2237,-3.0994
pos,346,-1.2817,-0.0867,1.1807,-3.0175
input,346,0.7000,0.2452,0.0327,-0.0261
target,346,0.0376,-2.4277,1.2237,-3.0994
pos,347,-1.2913,-0.0632,1.1803,-3.0141
input,347,0.7000,0.2452,0.0327,-0.0261
target,347,0.0376,-2.4277,1.2237,-3.0994
pos,348,-1.3057,-0.0275,1.1797,-3.0175
input,348,0.7000,0.2541,0.0224,-0.0219
target,348,0.0376,-2.4277,1.2237,-3.0994
pos,349,-1.3150,-0.0033,1.1779,-3.0087
input,349,0.7000,0.2452,0.0327,-0.0261
target,349,0.0376,-2.4277,1.2237,-3.0994
pos,350,-1.3243,0.0208,1.1785,-2.9896
input,350,0.7000,0.2541,0.0224,-0.0219
target,350,0.0376,-2.4277,1.2237,-3.0994
pos,351,-1.3296,0.0331,1.1791,-3.0157
input,351,0.7000,0.2452,0.0327,-0.0261
target,351,0.0376,-2.4277,1.2237,-3.0994
pos,352,-1.3392,0.0576,1.1785,-3.0148
input,352,0.7000,0.2541,0.0224,-0.0219
target,352,0.0376,-2.4277,1.2237,-3.0994
pos,353,-1.3531,0.0951,1.1778,-3.0019
input,353,0.7000,0.2610,0.0120,-0.0178
target,353,0.0376,-2.4277,1.2237,-3.0994
pos,354,-1.3531,0.0951,1.1778,-3.0019
input,354,0.7000,0.2541,0.0224,-0.0219
target,354,0.0376,-2.4277,1.2237,-3.0994
