pos,0,-0.8940,-1.9602,1.1403,0.0002
input,0,0.0152,-0.0682,0.0348,0.1123
target,0,-1.0000,-2.0000,1.3000,0.0000
param,0,0.8634,0.3573,0.9380,-0.1170
pos,1,-0.8938,-1.9559,1.1486,-0.0022
input,1,0.0156,-0.0704,0.0376,0.1040
target,1,0.0000,-2.0000,1.6000,0.0000
param,1,0.8634,0.3573,0.9380,-0.1170
pos,2,-0.8936,-1.9522,1.1561,-0.0045
input,2,0.5889,0.4622,0.0204,0.1824
target,2,0.0000,-2.0000,1.6000,0.0000
param,2,0.8634,0.3573,0.9380,-0.1170
pos,3,-0.8934,-1.9490,1.1629,-0.0066
input,3,0.5884,0.4619,0.0446,0.1987
target,3,0.0000,-2.0000,1.6000,0.0000
param,3,0.8634,0.3574,0.9380,-0.1170
pos,4,-0.8933,-1.9463,1.1691,-0.0087
input,4,0.5884,0.4619,0.0446,0.1987
target,4,0.0000,-2.0000,1.6000,0.0000
param,4,0.8634,0.3574,0.9380,-0.1170
pos,5,-0.8933,-1.9439,1.1747,-0.0106
input,5,0.5884,0.4619,0.0446,0.1987
target,5,0.0000,-2.0000,1.6000,0.0000
param,5,0.8634,0.3574,0.9380,-0.1170
pos,6,-0.8933,-1.9418,1.1797,-0.0125
input,6,0.5884,0.4619,0.0446,0.1987
target,6,0.0000,-2.0000,1.6000,0.0000
param,6,0.8634,0.3573,0.9380,-0.1170
pos,7,-0.8933,-1.9401,1.1843,-0.0143
input,7,0.5799,0.4603,0.0555,0.2030
target,7,0.0000,-2.0000,1.6000,0.0000
param,7,0.8634,0.3573,0.9380,-0.1170
pos,8,-0.8931,-1.9367,1.1918,-0.0161
input,8,0.5799,0.4603,0.0555,0.2030
target,8,0.0000,-2.0000,1.6000,0.0000
param,8,0.8634,0.3573,0.9380,-0.1170
pos,9,-0.8929,-1.9338,1.1987,-0.0178
input,9,0.5799,0.4603,0.0555,0.2030
target,9,0.0000,-2.0000,1.6000,0.0000
param,9,0.8634,0.3573,0.9380,-0.1170
pos,10,-0.8927,-1.9313,1.2049,-0.0194
input,10,0.5799,0.4603,0.0555,0.2030
target,10,0.0000,-2.0000,1.6000,0.0000
param,10,0.8634,0.3573,0.9380,-0.1170
pos,11,-0.8926,-1.9292,1.2104,-0.0209
input,11,0.5799,0.4603,0.0555,0.2030
target,11,0.0000,-2.0000,1.6000,0.0000
param,11,0.8634,0.3572,0.9380,-0.1170
pos,12,-0.8925,-1.9274,1.2153,-0.0224
input,12,0.5722,0.4575,0.0630,0.2067
target,12,0.0000,-2.0000,1.6000,0.0000
param,12,0.8633,0.3572,0.9380,-0.1170
pos,13,-0.8924,-1.9258,1.2198,-0.0237
input,13,0.5722,0.4575,0.0630,0.2067
target,13,0.0000,-2.0000,1.6000,0.0000
param,13,0.8633,0.3571,0.9380,-0.1170
pos,14,-0.8923,-1.9245,1.2239,-0.0250
input,14,0.5722,0.4575,0.0630,0.2067
target,14,0.0000,-2.0000,1.6000,0.0000
param,14,0.8633,0.3571,0.9380,-0.1170
pos,15,-0.8923,-1.9233,1.2276,-0.0264
input,15,0.5621,0.4542,0.0655,0.2124
target,15,0.0000,-2.0000,1.6000,0.0000
param,15,0.8633,0.3570,0.9380,-0.1170
pos,16,-0.8923,-1.9223,1.2309,-0.0277
input,16,0.5621,0.4542,0.0655,0.2124
target,16,0.0000,-2.0000,1.6000,0.0000
param,16,0.8633,0.3570,0.9380,-0.1170
pos,17,-0.8923,-1.9214,1.2340,-0.0289
input,17,0.5531,0.4511,0.0665,0.2172
target,17,0.0000,-2.0000,1.6000,0.0000
param,17,0.8633,0.3569,0.9380,-0.1170
pos,18,-0.8923,-1.9207,1.2367,-0.0301
input,18,0.5531,0.4511,0.0665,0.2172
target,18,0.0000,-2.0000,1.6000,0.0000
param,18,0.8633,0.3569,0.9380,-0.1170
pos,19,-0.8920,-1.9202,1.2391,-0.0311
input,19,0.5425,0.4476,0.0671,0.2228
target,19,0.0000,-2.0000,1.6000,0.0000
param,19,0.8633,0.3569,0.9380,-0.1170
pos,20,-0.8915,-1.9198,1.2412,-0.0321
input,20,0.5425,0.4476,0.0671,0.2228
target,20,0.0000,-2.0000,1.6000,0.0000
param,20,0.8633,0.3568,0.9380,-0.1170
pos,21,-0.8906,-1.9195,1.2469,-0.0351
input,21,0.5308,0.4435,0.0673,0.2287
target,21,0.0000,-2.0000,1.6000,0.0000
param,21,0.8633,0.3568,0.9380,-0.1170
pos,22,-0.8891,-1.9206,1.2535,-0.0385
input,22,0.5308,0.4435,0.0673,0.2287
target,22,0.0000,-2.0000,1.6000,0.0000
param,22,0.8633,0.3568,0.9380,-0.1170
pos,23,-0.8876,-1.9216,1.2594,-0.0418
input,23,0.5308,0.4435,0.0673,0.2287
target,23,0.0000,-2.0000,1.6000,0.0000
param,23,0.8633,0.3568,0.9380,-0.1170
pos,24,-0.8863,-1.9225,1.2646,-0.0447
input,24,0.5252,0.4400,0.0823,0.2293
target,24,0.0000,-2.0000,1.6000,0.0000
param,24,0.8633,0.3568,0.9380,-0.1170
pos,25,-0.8841,-1.9256,1.2706,-0.0476
input,25,0.5252,0.4400,0.0823,0.2293
target,25,0.0000,-2.0000,1.6000,0.0000
param,25,0.8633,0.3568,0.9380,-0.1170
pos,26,-0.8819,-1.9288,1.2764,-0.0497
input,26,0.5252,0.4400,0.0823,0.2293
target,26,0.0000,-2.0000,1.6000,0.0000
param,26,0.8633,0.3568,0.9380,-0.1170
pos,27,-0.8795,-1.9323,1.2816,-0.0495
input,27,0.5161,0.4354,0.0951,0.2309
target,27,0.0000,-2.0000,1.6000,0.0000
param,27,0.8633,0.3568,0.9380,-0.1170
pos,28,-0.8772,-1.9362,1.2869,-0.0521
input,28,0.5161,0.4354,0.0951,0.2309
target,28,0.0000,-2.0000,1.6000,0.0000
param,28,0.8633,0.3567,0.9380,-0.1170
pos,29,-0.8750,-1.9399,1.2919,-0.0546
input,29,0.5161,0.4354,0.0951,0.2309
target,29,0.0000,-2.0000,1.6000,0.0000
param,29,0.8633,0.3567,0.9380,-0.1170
pos,30,-0.8732,-1.9432,1.2963,-0.0570
input,30,0.5040,0.4298,0.1023,0.2328
target,30,0.0000,-2.0000,1.6000,0.0000
param,30,0.8633,0.3567,0.9380,-0.1170
pos,31,-0.8713,-1.9463,1.3005,-0.0581
input,31,0.5040,0.4298,0.1023,0.2328
target,31,0.0000,-2.0000,1.6000,0.0000
param,31,0.8633,0.3567,0.9380,-0.1170
pos,32,-0.8697,-1.9491,1.3042,-0.0589
input,32,0.4956,0.4252,0.1064,0.2342
target,32,0.0000,-2.0000,1.6000,0.0000
param,32,0.8633,0.3567,0.9380,-0.1170
pos,33,-0.8683,-1.9515,1.3075,-0.0596
input,33,0.4956,0.4252,0.1064,0.2342
target,33,0.0000,-2.0000,1.6000,0.0000
param,33,0.8633,0.3567,0.9380,-0.1170
pos,34,-0.8671,-1.9536,1.3105,-0.0602
input,34,0.4871,0.4206,0.1066,0.2361
target,34,0.0000,-2.0000,1.6000,0.0000
param,34,0.8633,0.3567,0.9380,-0.1170
pos,35,-0.8660,-1.9553,1.3130,-0.0606
input,35,0.4871,0.4206,0.1066,0.2361
target,35,0.0000,-2.0000,1.6000,0.0000
param,35,0.8633,0.3567,0.9380,-0.1170
pos,36,-0.8652,-1.9569,1.3153,-0.0610
input,36,0.4784,0.4158,0.1062,0.2384
target,36,0.0000,-2.0000,1.6000,0.0000
param,36,0.8633,0.3567,0.9380,-0.1170
pos,37,-0.8644,-1.9582,1.3173,-0.0614
input,37,0.4784,0.4158,0.1062,0.2384
target,37,0.0000,-2.0000,1.6000,0.0000
param,37,0.8633,0.3566,0.9380,-0.1170
pos,38,-0.8480,-1.9638,1.3196,-0.0621
input,38,0.4696,0.4108,0.1051,0.2409
target,38,0.0000,-2.0000,1.6000,0.0000
param,38,0.8633,0.3566,0.9380,-0.1170
pos,39,-0.8339,-1.9687,1.3218,-0.0624
input,39,0.4696,0.4108,0.1051,0.2409
target,39,0.0000,-2.0000,1.6000,0.0000
param,39,0.8633,0.3566,0.9380,-0.1170
pos,40,-0.8218,-1.9728,1.3237,-0.0627
input,40,0.4696,0.4108,0.1051,0.2409
target,40,0.0000,-2.0000,1.6000,0.0000
param,40,0.8633,0.3566,0.9380,-0.1170
pos,41,-0.8113,-1.9764,1.3255,-0.0629
input,41,0.4620,0.4060,0.1025,0.2427
target,41,0.0000,-2.0000,1.6000,0.0000
param,41,0.8633,0.3566,0.9380,-0.1170
pos,42,-0.8023,-1.9794,1.3271,-0.0630
input,42,0.4620,0.4060,0.1025,0.2427
target,42,0.0000,-2.0000,1.6000,0.0000
param,42,0.8633,0.3566,0.9380,-0.1170
pos,43,-0.7947,-1.9820,1.3286,-0.0629
input,43,0.4620,0.4060,0.1025,0.2427
target,43,0.0000,-2.0000,1.6000,0.0000
param,43,0.8633,0.3566,0.9380,-0.1170
pos,44,-0.7882,-1.9842,1.3299,-0.0628
input,44,0.4620,0.4060,0.1025,0.2427
target,44,0.0000,-2.0000,1.6000,0.0000
param,44,0.8633,0.3565,0.9380,-0.1170
pos,45,-0.7825,-1.9861,1.3311,-0.0626
input,45,0.4620,0.4060,0.1025,0.2427
target,45,0.0000,-2.0000,1.6000,0.0000
param,45,0.8633,0.3565,0.9380,-0.1170
pos,46,-0.7777,-1.9877,1.3322,-0.0624
input,46,0.4620,0.4060,0.1025,0.2427
target,46,0.0000,-2.0000,1.6000,0.0000
param,46,0.8633,0.3565,0.9380,-0.1170
pos,47,-0.7735,-1.9891,1.3331,-0.0622
input,47,0.4620,0.4060,0.1025,0.2427
target,47,0.0000,-2.0000,1.6000,0.0000
param,47,0.8633,0.3565,0.9380,-0.1170
pos,48,-0.7700,-1.9903,1.3341,-0.0618
input,48,0.4620,0.4060,0.1025,0.2427
target,48,0.0000,-2.0000,1.6000,0.0000
param,48,0.8633,0.3565,0.9380,-0.1170
pos,49,-0.7670,-1.9913,1.3349,-0.0615
input,49,0.4647,0.4067,0.0873,0.2397
target,49,0.0000,-2.0000,1.6000,0.0000
param,49,0.8633,0.3565,0.9380,-0.1170
pos,50,-0.7598,-2.0023,1.3387,-0.0634
input,50,0.4647,0.4067,0.0873,0.2397
target,50,0.0000,-2.0000,1.6000,0.0000
param,50,0.8633,0.3565,0.9380,-0.1170
pos,51,-0.7537,-2.0118,1.3423,-0.0650
input,51,0.4647,0.4067,0.0873,0.2397
target,51,0.0000,-2.0000,1.6000,0.0000
param,51,0.8633,0.3564,0.9380,-0.1170
pos,52,-0.7406,-2.0358,1.3497,-0.0715
input,52,0.4580,0.4026,0.0980,0.2367
target,52,0.0000,-2.0000,1.6000,0.0000
param,52,0.8633,0.3565,0.9380,-0.1170
pos,53,-0.7267,-2.0617,1.3579,-0.0785
input,53,0.4440,0.3930,0.1174,0.2341
target,53,0.0000,-2.0000,1.6000,0.0000
param,53,0.8633,0.3565,0.9380,-0.1170
pos,54,-0.7147,-2.0840,1.3654,-0.0841
input,54,0.4278,0.3806,0.1364,0.2303
target,54,0.0000,-2.0000,1.6000,0.0000
param,54,0.8633,0.3565,0.9380,-0.1171
pos,55,-0.7045,-2.1031,1.3724,-0.0886
input,55,0.4146,0.3704,0.1196,0.2241
target,55,0.0000,-2.0000,1.6000,0.0000
param,55,0.8633,0.3565,0.9380,-0.1171
pos,56,-0.6957,-2.1194,1.3788,-0.0920
input,56,0.4014,0.3594,0.1317,0.2195
target,56,0.0000,-2.0000,1.6000,0.0000
param,56,0.8633,0.3565,0.9380,-0.1171
pos,57,-0.6825,-2.1438,1.3870,-0.0976
input,57,0.3907,0.3493,0.1408,0.2148
target,57,0.0000,-2.0000,1.6000,0.0000
param,57,0.8633,0.3565,0.9380,-0.1171
pos,58,-0.6710,-2.1648,1.3946,-0.1021
input,58,0.3820,0.3407,0.1467,0.2101
target,58,0.0000,-2.0000,1.6000,0.0000
param,58,0.8633,0.3565,0.9380,-0.1171
pos,59,-0.6612,-2.1828,1.4016,-0.1054
input,59,0.3650,0.3243,0.1588,0.2046
target,59,0.0000,-2.0000,1.6000,0.0000
param,59,0.8633,0.3566,0.9380,-0.1171
pos,60,-0.6522,-2.1992,1.4083,-0.1075
input,60,0.3503,0.3096,0.1647,0.1981
target,60,0.0000,-2.0000,1.6000,0.0000
param,60,0.8633,0.3566,0.9380,-0.1171
pos,61,-0.6445,-2.2133,1.4144,-0.1088
input,61,0.3382,0.2970,0.1673,0.1918
target,61,0.0000,-2.0000,1.6000,0.0000
param,61,0.8633,0.3566,0.9380,-0.1171
pos,62,-0.6378,-2.2253,1.4200,-0.1094
input,62,0.3273,0.2857,0.1677,0.1856
target,62,0.0000,-2.0000,1.6000,0.0000
param,62,0.8633,0.3566,0.9380,-0.1171
pos,63,-0.6322,-2.2356,1.4252,-0.1093
input,63,0.3186,0.2764,0.1661,0.1797
target,63,0.0000,-2.0000,1.6000,0.0000
param,63,0.8632,0.3566,0.9380,-0.1172
pos,64,-0.6274,-2.2444,1.4299,-0.1088
input,64,0.3212,0.2745,0.1820,0.1800
target,64,0.0000,-2.0000,1.6000,0.0000
param,64,0.8632,0.3566,0.9380,-0.1172
pos,65,-0.6233,-2.2520,1.4343,-0.1079
input,65,0.3119,0.2691,0.1632,0.1742
target,65,0.0000,-2.0000,1.6000,0.0000
param,65,0.8632,0.3566,0.9380,-0.1172
pos,66,-0.6200,-2.2584,1.4383,-0.1065
input,66,0.3122,0.2646,0.1754,0.1708
target,66,0.0000,-2.0000,1.6000,0.0000
param,66,0.8632,0.3566,0.9380,-0.1172
pos,67,-0.6171,-2.2638,1.4420,-0.1050
input,67,0.3122,0.2646,0.1754,0.1708
target,67,0.0000,-2.0000,1.6000,0.0000
param,67,0.8632,0.3566,0.9380,-0.1172
pos,68,-0.6149,-2.2685,1.4453,-0.1031
input,68,0.3082,0.2602,0.1591,0.1592
target,68,0.0000,-2.0000,1.6000,0.0000
param,68,0.8632,0.3566,0.9380,-0.1172
pos,69,-0.6129,-2.2724,1.4484,-0.1012
input,69,0.3082,0.2602,0.1591,0.1592
target,69,0.0000,-2.0000,1.6000,0.0000
param,69,0.8632,0.3567,0.9380,-0.1172
pos,70,-0.6114,-2.2758,1.4512,-0.0991
input,70,0.3082,0.2602,0.1591,0.1592
target,70,0.0000,-2.0000,1.6000,0.0000
param,70,0.8632,0.3567,0.9380,-0.1172
pos,71,-0.6100,-2.2786,1.4538,-0.0970
input,71,0.2993,0.2551,0.1409,0.1535
target,71,0.0000,-2.0000,1.6000,0.0000
param,71,0.8632,0.3567,0.9380,-0.1172
pos,72,-0.6008,-2.2941,1.4589,-0.0976
input,72,0.3113,0.2638,0.1412,0.1502
target,72,0.0000,-2.0000,1.6000,0.0000
param,72,0.8632,0.3567,0.9380,-0.1172
pos,73,-0.5817,-2.3247,1.4674,-0.1017
input,73,0.2950,0.2503,0.1402,0.1433
target,73,0.0000,-2.0000,1.6000,0.0000
param,73,0.8632,0.3567,0.9380,-0.1172
pos,74,-0.5655,-2.3511,1.4753,-0.1046
input,74,0.2478,0.2085,0.1467,0.1320
target,74,0.0000,-2.0000,1.6000,0.0000
param,74,0.8632,0.3567,0.9380,-0.1172
pos,75,-0.5514,-2.3736,1.4826,-0.1062
input,75,0.2407,0.2047,0.1282,0.1266
target,75,0.0000,-2.0000,1.6000,0.0000
param,75,0.8632,0.3567,0.9380,-0.1172
pos,76,-0.5393,-2.3930,1.4893,-0.1067
input,76,0.1950,0.1651,0.1192,0.1107
target,76,0.0000,-2.0000,1.6000,0.0000
param,76,0.8632,0.3567,0.9380,-0.1172
pos,77,-0.5291,-2.4096,1.4956,-0.1064
input,77,0.1030,0.0862,0.1023,0.0789
target,77,0.0000,-2.0000,1.6000,0.0000
param,77,0.8632,0.3567,0.9380,-0.1172
pos,78,-0.5202,-2.4239,1.5013,-0.1054
input,78,0.0495,0.0440,0.0813,0.0581
target,78,0.0000,-2.0000,1.6000,0.0000
param,78,0.8632,0.3567,0.9380,-0.1172
pos,79,-0.5126,-2.4360,1.5065,-0.1040
input,79,0.0486,0.0447,0.0737,0.0559
target,79,0.0000,-2.0000,1.6000,0.0000
param,79,0.8632,0.3567,0.9380,-0.1172
pos,80,-0.5061,-2.4465,1.5113,-0.1021
input,80,-0.1013,-0.0684,0.0275,0.0045
target,80,0.0000,-2.0000,1.6000,0.0000
param,80,0.8632,0.3567,0.9380,-0.1172
pos,81,-0.5004,-2.4554,1.5157,-0.0999
input,81,-0.1013,-0.0684,0.0275,0.0045
target,81,0.0000,-2.0000,1.6000,0.0000
param,81,0.8632,0.3567,0.9380,-0.1172
pos,82,-0.4956,-2.4630,1.5197,-0.0976
input,82,-0.0978,-0.0650,0.0275,0.0047
target,82,0.0000,-2.0000,1.6000,0.0000
param,82,0.8632,0.3567,0.9380,-0.1172
pos,83,-0.4776,-2.4919,1.5285,-0.1012
input,83,-0.0896,-0.0654,-0.0076,-0.0166
target,83,0.0000,-2.0000,1.6000,0.0000
param,83,0.8632,0.3567,0.9380,-0.1172
pos,84,-0.4607,-2.5192,1.5371,-0.1046
input,84,-0.0867,-0.0628,-0.0027,-0.0149
target,84,0.0000,-2.0000,1.6000,0.0000
param,84,0.8633,0.3568,0.9380,-0.1172
pos,85,-0.4461,-2.5426,1.5451,-0.1069
input,85,-0.0723,-0.0690,-0.0003,-0.0235
target,85,0.0000,-2.0000,1.6000,0.0000
param,85,0.8633,0.3568,0.9380,-0.1172
pos,86,-0.4335,-2.5627,1.5524,-0.1084
input,86,-0.0700,-0.0672,0.0043,-0.0219
target,86,0.0000,-2.0000,1.6000,0.0000
param,86,0.8633,0.3568,0.9380,-0.1172
pos,87,-0.4206,-2.5833,1.5598,-0.1099
input,87,-0.0509,-0.0790,0.0088,-0.0287
target,87,0.0000,-2.0000,1.6000,0.0000
param,87,0.8633,0.3568,0.9380,-0.1172
pos,88,-0.4071,-2.6054,1.5675,-0.1104
input,88,-0.0491,-0.0769,0.0135,-0.0273
target,88,0.0000,-2.0000,1.6000,0.0000
param,88,0.8633,0.3568,0.9380,-0.1172
pos,89,-0.3944,-2.6264,1.5750,-0.1103
input,89,-0.0333,-0.0858,0.0102,-0.0324
target,89,0.0000,-2.0000,1.6000,0.0000
param,89,0.8633,0.3568,0.9380,-0.1172
pos,90,-0.3840,-2.6445,1.5819,-0.1090
input,90,-0.0320,-0.0835,0.0155,-0.0313
target,90,0.0000,-2.0000,1.6000,0.0000
param,90,0.8633,0.3568,0.9380,-0.1172
pos,91,-0.3753,-2.6598,1.5882,-0.1073
input,91,-0.0165,-0.0911,0.0096,-0.0356
target,91,0.0000,-2.0000,1.6000,0.0000
param,91,0.8633,0.3568,0.9380,-0.1172
pos,92,-0.3682,-2.6730,1.5940,-0.1048
input,92,-0.0165,-0.0911,0.0096,-0.0356
target,92,0.0000,-2.0000,1.6000,0.0000
param,92,0.8633,0.3568,0.9380,-0.1172
pos,93,-0.3623,-2.6842,1.5993,-0.1016
input,93,0.0029,-0.0938,0.0052,-0.0413
target,93,0.0000,-2.0000,1.6000,0.0000
param,93,0.8633,0.3568,0.9380,-0.1172
pos,94,-0.3575,-2.6938,1.6041,-0.0980
input,94,0.0029,-0.0938,0.0052,-0.0413
target,94,0.0000,-2.0000,1.6000,0.0000
param,94,0.8633,0.3568,0.9380,-0.1172
pos,95,-0.3461,-2.7152,1.6118,-0.0968
input,95,0.0029,-0.0938,0.0052,-0.0413
target,95,0.0000,-2.0000,1.6000,0.0000
param,95,0.8633,0.3568,0.9380,-0.1172
pos,96,-0.3367,-2.7336,1.6188,-0.0947
input,96,0.0034,-0.0915,0.0115,-0.0407
target,96,0.0000,-2.0000,1.6000,0.0000
param,96,0.8633,0.3569,0.9380,-0.1172
pos,97,-0.3289,-2.7493,1.6252,-0.0919
input,97,0.0202,-0.0955,0.0011,-0.0454
target,97,0.0000,-2.0000,1.6000,0.0000
param,97,0.8633,0.3569,0.9380,-0.1172
pos,98,-0.3225,-2.7627,1.6311,-0.0885
input,98,0.0202,-0.0955,0.0011,-0.0454
target,98,0.0000,-2.0000,1.6000,0.0000
param,98,0.8633,0.3569,0.9380,-0.1172
pos,99,-0.3173,-2.7742,1.6365,-0.0847
input,99,0.0202,-0.0934,0.0076,-0.0450
target,99,0.0000,-2.0000,1.6000,0.0000
param,99,0.8633,0.3569,0.9380,-0.1172
pos,100,-0.3127,-2.7841,1.6414,-0.0804
input,100,0.0392,-0.0989,-0.0019,-0.0488
target,100,0.0000,-2.0000,1.6000,0.0000
param,100,0.8633,0.3569,0.9380,-0.1172
pos,101,-0.3091,-2.7925,1.6459,-0.0762
input,101,0.0392,-0.0989,-0.0019,-0.0488
target,101,0.0000,-2.0000,1.6000,0.0000
param,101,0.8633,0.3568,0.9380,-0.1172
pos,102,-0.3060,-2.7996,1.6499,-0.0719
input,102,0.0392,-0.0989,-0.0019,-0.0488
target,102,0.0000,-2.0000,1.6000,0.0000
param,102,0.8633,0.3568,0.9380,-0.1172
pos,103,-0.3034,-2.8058,1.6535,-0.0674
input,103,0.0550,-0.0971,-0.0105,-0.0531
target,103,0.0000,-2.0000,1.6000,0.0000
param,103,0.8633,0.3568,0.9380,-0.1172
pos,104,-0.3012,-2.8110,1.6568,-0.0632
input,104,0.0550,-0.0971,-0.0105,-0.0531
target,104,0.0000,-2.0000,1.6000,0.0000
param,104,0.8633,0.3568,0.9380,-0.1172
pos,105,-0.2993,-2.8155,1.6598,-0.0590
input,105,0.0550,-0.0971,-0.0105,-0.0531
target,105,0.0000,-2.0000,1.6000,0.0000
param,105,0.8633,0.3568,0.9380,-0.1172
pos,106,-0.2977,-2.8193,1.6625,-0.0548
input,106,0.0550,-0.0971,-0.0105,-0.0531
target,106,0.0000,-2.0000,1.6000,0.0000
param,106,0.8633,0.3568,0.9380,-0.1172
pos,107,-0.2965,-2.8226,1.6650,-0.0509
input,107,0.0550,-0.0971,-0.0105,-0.0531
target,107,0.0000,-2.0000,1.6000,0.0000
param,107,0.8633,0.3568,0.9380,-0.1172
pos,108,-0.2952,-2.8254,1.6672,-0.0470
input,108,0.0540,-0.0954,-0.0034,-0.0532
target,108,0.0000,-2.0000,1.6000,0.0000
param,108,0.8633,0.3567,0.9380,-0.1172
pos,109,-0.2945,-2.8278,1.6692,-0.0433
input,109,0.0654,-0.0922,-0.0165,-0.0583
target,109,0.0000,-2.0000,1.6000,0.0000
param,109,0.8633,0.3567,0.9380,-0.1172
pos,110,-0.2856,-2.8464,1.6760,-0.0422
input,110,0.0654,-0.0922,-0.0165,-0.0583
target,110,0.0000,-2.0000,1.6000,0.0000
param,110,0.8633,0.3567,0.9380,-0.1172
pos,111,-0.2737,-2.8697,1.6855,-0.0436
input,111,0.0654,-0.0922,-0.0165,-0.0583
target,111,0.0000,-2.0000,1.6000,0.0000
param,111,0.8633,0.3567,0.9380,-0.1172
pos,112,-0.2647,-2.8896,1.6940,-0.0445
input,112,0.0853,-0.0989,-0.0116,-0.0612
target,112,0.0000,-2.0000,1.6000,0.0000
param,112,0.8633,0.3567,0.9380,-0.1172
pos,113,-0.2596,-2.9065,1.7017,-0.0447
input,113,0.0853,-0.0989,-0.0116,-0.0612
target,113,0.0000,-2.0000,1.6000,0.0000
param,113,0.8633,0.3567,0.9380,-0.1172
pos,114,-0.2565,-2.9210,1.7086,-0.0446
input,114,0.1030,-0.1077,-0.0112,-0.0605
target,114,0.0000,-2.0000,1.6000,0.0000
param,114,0.8633,0.3567,0.9380,-0.1172
pos,115,-0.2539,-2.9335,1.7149,-0.0440
input,115,0.1030,-0.1077,-0.0112,-0.0605
target,115,0.0000,-2.0000,1.6000,0.0000
param,115,0.8633,0.3567,0.9380,-0.1171
pos,116,-0.2555,-2.9440,1.7204,-0.0437
input,116,0.1030,-0.1077,-0.0112,-0.0605
target,116,0.0000,-2.0000,1.6000,0.0000
param,116,0.8633,0.3567,0.9380,-0.1171
pos,117,-0.2569,-2.9531,1.7254,-0.0430
input,117,0.1227,-0.1147,-0.0144,-0.0608
target,117,0.0000,-2.0000,1.6000,0.0000
param,117,0.8633,0.3567,0.9380,-0.1171
pos,118,-0.2581,-2.9610,1.7299,-0.0421
input,118,0.1227,-0.1147,-0.0144,-0.0608
target,118,0.0000,-2.0000,1.6000,0.0000
param,118,0.8633,0.3567,0.9380,-0.1171
pos,119,-0.2543,-2.9753,1.7387,-0.0416
input,119,0.1227,-0.1147,-0.0144,-0.0608
target,119,0.0000,-2.0000,1.6000,0.0000
param,119,0.8633,0.3567,0.9380,-0.1171
pos,120,-0.2508,-2.9880,1.7470,-0.0408
input,120,0.1201,-0.1132,-0.0067,-0.0618
target,120,0.0000,-2.0000,1.6000,0.0000
param,120,0.8633,0.3567,0.9380,-0.1171
pos,121,-0.2476,-2.9990,1.7544,-0.0398
input,121,0.1416,-0.1189,-0.0198,-0.0607
target,121,0.0000,-2.0000,1.6000,0.0000
param,121,0.8633,0.3566,0.9380,-0.1171
pos,122,-0.2448,-3.0084,1.7612,-0.0387
input,122,0.1386,-0.1176,-0.0116,-0.0619
target,122,0.0000,-2.0000,1.6000,0.0000
param,122,0.8633,0.3566,0.9380,-0.1171
pos,123,-0.2423,-3.0165,1.7673,-0.0374
input,123,0.1579,-0.1218,-0.0244,-0.0602
target,123,0.0000,-2.0000,1.6000,0.0000
param,123,0.8633,0.3566,0.9380,-0.1171
pos,124,-0.2401,-3.0235,1.7727,-0.0362
input,124,0.1579,-0.1218,-0.0244,-0.0602
target,124,0.0000,-2.0000,1.6000,0.0000
param,124,0.8633,0.3566,0.9380,-0.1171
pos,125,-0.2381,-3.0294,1.7777,-0.0350
input,125,0.1765,-0.1248,-0.0289,-0.0604
target,125,0.0000,-2.0000,1.6000,0.0000
param,125,0.8633,0.3566,0.9380,-0.1171
pos,126,-0.2363,-3.0345,1.7821,-0.0338
input,126,0.1765,-0.1248,-0.0289,-0.0604
target,126,0.0000,-2.0000,1.6000,0.0000
param,126,0.8633,0.3566,0.9380,-0.1171
pos,127,-0.2347,-3.0389,1.7862,-0.0327
input,127,0.1765,-0.1248,-0.0289,-0.0604
target,127,0.0000,-2.0000,1.6000,0.0000
param,127,0.8633,0.3566,0.9380,-0.1171
pos,128,-0.2332,-3.0427,1.7898,-0.0316
input,128,0.1765,-0.1248,-0.0289,-0.0604
target,128,0.0000,-2.0000,1.6000,0.0000
param,128,0.8633,0.3566,0.9380,-0.1171
pos,129,-0.2317,-3.0459,1.7931,-0.0306
input,129,0.1727,-0.1237,-0.0200,-0.0622
target,129,0.0000,-2.0000,1.6000,0.0000
param,129,0.8633,0.3565,0.9380,-0.1171
pos,130,-0.2305,-3.0487,1.7960,-0.0297
input,130,0.1937,-0.1277,-0.0326,-0.0601
target,130,0.0000,-2.0000,1.6000,0.0000
param,130,0.8633,0.3565,0.9380,-0.1171
pos,131,-0.2294,-3.0511,1.7987,-0.0288
input,131,0.1937,-0.1277,-0.0326,-0.0601
target,131,0.0000,-2.0000,1.6000,0.0000
param,131,0.8633,0.3565,0.9380,-0.1170
pos,132,-0.2284,-3.0531,1.8012,-0.0278
input,132,0.1937,-0.1277,-0.0326,-0.0601
target,132,0.0000,-2.0000,1.6000,0.0000
param,132,0.8633,0.3565,0.9380,-0.1170
pos,133,-0.2235,-3.0617,1.8095,-0.0256
input,133,0.1937,-0.1277,-0.0326,-0.0601
target,133,0.0000,-2.0000,1.6000,0.0000
param,133,0.8633,0.3565,0.9380,-0.1170
pos,134,-0.2191,-3.0696,1.8176,-0.0236
input,134,0.1895,-0.1267,-0.0235,-0.0622
target,134,0.0000,-2.0000,1.6000,0.0000
param,134,0.8633,0.3565,0.9380,-0.1170
pos,135,-0.2151,-3.0770,1.8256,-0.0212
input,135,0.2133,-0.1302,-0.0371,-0.0605
target,135,0.0000,-2.0000,1.6000,0.0000
param,135,0.8633,0.3564,0.9380,-0.1170
pos,136,-0.2113,-3.0834,1.8330,-0.0189
input,136,0.2086,-0.1294,-0.0278,-0.0628
target,136,0.0000,-2.0000,1.6000,0.0000
param,136,0.8633,0.3564,0.9380,-0.1170
pos,137,-0.2080,-3.0892,1.8398,-0.0168
input,137,0.2294,-0.1314,-0.0416,-0.0605
target,137,0.0000,-2.0000,1.6000,0.0000
param,137,0.8633,0.3564,0.9380,-0.1170
pos,138,-0.2051,-3.0941,1.8460,-0.0147
input,138,0.2434,-0.1318,-0.0453,-0.0608
target,138,0.0000,-2.0000,1.6000,0.0000
param,138,0.8633,0.3564,0.9380,-0.1170
pos,139,-0.2025,-3.0983,1.8516,-0.0130
input,139,0.2434,-0.1318,-0.0453,-0.0608
target,139,0.0000,-2.0000,1.6000,0.0000
param,139,0.8633,0.3564,0.9380,-0.1170
pos,140,-0.2002,-3.1018,1.8566,-0.0113
input,140,0.2434,-0.1318,-0.0453,-0.0608
target,140,0.0000,-2.0000,1.6000,0.0000
param,140,0.8633,0.3563,0.9380,-0.1170
pos,141,-0.1982,-3.1049,1.8611,-0.0097
input,141,0.2599,-0.1327,-0.0487,-0.0619
target,141,0.0000,-2.0000,1.6000,0.0000
param,141,0.8633,0.3563,0.9380,-0.1170
pos,142,-0.1965,-3.1076,1.8653,-0.0081
input,142,0.2599,-0.1327,-0.0487,-0.0619
target,142,0.0000,-2.0000,1.6000,0.0000
param,142,0.8633,0.3563,0.9380,-0.1170
pos,143,-0.1950,-3.1098,1.8690,-0.0067
input,143,0.2599,-0.1327,-0.0487,-0.0619
target,143,0.0000,-2.0000,1.6000,0.0000
param,143,0.8633,0.3563,0.9380,-0.1170
pos,144,-0.1937,-3.1118,1.8724,-0.0052
input,144,0.2599,-0.1327,-0.0487,-0.0619
target,144,0.0000,-2.0000,1.6000,0.0000
param,144,0.8633,0.3563,0.9380,-0.1170
pos,145,-0.1924,-3.1135,1.8754,-0.0040
input,145,0.2751,-0.1334,-0.0518,-0.0625
target,145,0.0000,-2.0000,1.6000,0.0000
param,145,0.8633,0.3563,0.9380,-0.1170
pos,146,-0.1913,-3.1149,1.8782,-0.0030
input,146,0.2751,-0.1334,-0.0518,-0.0625
target,146,0.0000,-2.0000,1.6000,0.0000
param,146,0.8633,0.3563,0.9380,-0.1170
pos,147,-0.1902,-3.1194,1.8838,-0.0047
input,147,0.2751,-0.1334,-0.0518,-0.0625
target,147,0.0000,-2.0000,1.6000,0.0000
param,147,0.8633,0.3563,0.9380,-0.1170
pos,148,-0.1891,-3.1234,1.8891,-0.0064
input,148,0.2751,-0.1334,-0.0518,-0.0625
target,148,0.0000,-2.0000,1.6000,0.0000
param,148,0.8633,0.3563,0.9380,-0.1170
pos,149,-0.1883,-3.1272,1.8941,-0.0080
input,149,0.2934,-0.1396,-0.0488,-0.0637
target,149,0.0000,-2.0000,1.6000,0.0000
param,149,0.8633,0.3562,0.9380,-0.1170
pos,150,-0.1875,-3.1309,1.8990,-0.0095
input,150,0.2934,-0.1396,-0.0488,-0.0637
target,150,0.0000,-2.0000,1.6000,0.0000
param,150,0.8633,0.3562,0.9380,-0.1170
pos,151,-0.1867,-3.1343,1.9036,-0.0082
input,151,0.2934,-0.1396,-0.0488,-0.0637
target,151,0.0000,-2.0000,1.6000,0.0000
param,151,0.8633,0.3562,0.9380,-0.1170
pos,152,-0.1861,-3.1376,1.9078,-0.0069
input,152,0.3089,-0.1451,-0.0486,-0.0643
target,152,0.0000,-2.0000,1.6000,0.0000
param,152,0.8633,0.3562,0.9380,-0.1170
pos,153,-0.1856,-3.1407,1.9119,-0.0058
input,153,0.3089,-0.1451,-0.0486,-0.0643
target,153,0.0000,-2.0000,1.6000,0.0000
param,153,0.8633,0.3562,0.9380,-0.1170
pos,154,-0.1852,-3.1438,1.9158,-0.0045
input,154,0.3089,-0.1451,-0.0486,-0.0643
target,154,0.0000,-2.0000,1.6000,0.0000
param,154,0.8633,0.3562,0.9380,-0.1170
pos,155,-0.1849,-3.1465,1.9193,-0.0034
input,155,0.3089,-0.1451,-0.0486,-0.0643
target,155,0.0000,-2.0000,1.6000,0.0000
param,155,0.8633,0.3562,0.9380,-0.1170
pos,156,-0.1846,-3.1489,1.9225,-0.0021
input,156,0.3238,-0.1460,-0.0529,-0.0654
target,156,0.0000,-2.0000,1.6000,0.0000
param,156,0.8633,0.3562,0.9380,-0.1170
pos,157,-0.1842,-3.1508,1.9254,-0.0012
input,157,0.3238,-0.1460,-0.0529,-0.0654
target,157,0.0000,-2.0000,1.6000,0.0000
param,157,0.8633,0.3562,0.9380,-0.1170
pos,158,-0.1838,-3.1525,1.9280,-0.0002
input,158,0.3238,-0.1460,-0.0529,-0.0654
target,158,0.0000,-2.0000,1.6000,0.0000
param,158,0.8633,0.3562,0.9380,-0.1170
pos,159,-0.1833,-3.1538,1.9304,0.0005
input,159,0.3238,-0.1460,-0.0529,-0.0654
target,159,0.0000,-2.0000,1.6000,0.0000
param,159,0.8633,0.3562,0.9380,-0.1170
pos,160,-0.1828,-3.1550,1.9326,0.0011
input,160,0.3238,-0.1460,-0.0529,-0.0654
target,160,0.0000,-2.0000,1.6000,0.0000
param,160,0.8633,0.3562,0.9380,-0.1170
pos,161,-0.1822,-3.1559,1.9345,0.0017
input,161,0.3238,-0.1460,-0.0529,-0.0654
target,161,0.0000,-2.0000,1.6000,0.0000
param,161,0.8633,0.3562,0.9380,-0.1170
pos,162,-0.1817,-3.1567,1.9362,0.0022
input,162,0.3381,-0.1474,-0.0540,-0.0664
target,162,0.0000,-2.0000,1.6000,0.0000
param,162,0.8633,0.3562,0.9380,-0.1170
pos,163,-0.1813,-3.1574,1.9378,0.0027
input,163,0.3381,-0.1474,-0.0540,-0.0664
target,163,0.0000,-2.0000,1.6000,0.0000
param,163,0.8633,0.3562,0.9380,-0.1170
pos,164,-0.1809,-3.1579,1.9392,0.0031
input,164,0.3381,-0.1474,-0.0540,-0.0664
target,164,0.0000,-2.0000,1.6000,0.0000
param,164,0.8633,0.3562,0.9380,-0.1170
pos,165,-0.1806,-3.1584,1.9405,0.0037
input,165,0.3381,-0.1474,-0.0540,-0.0664
target,165,0.0000,-2.0000,1.6000,0.0000
param,165,0.8633,0.3562,0.9380,-0.1170
pos,166,-0.1801,-3.1588,1.9417,0.0040
input,166,0.3381,-0.1474,-0.0540,-0.0664
target,166,0.0000,-2.0000,1.6000,0.0000
param,166,0.8633,0.3563,0.9380,-0.1170
pos,167,-0.1823,-3.1653,1.9447,0.0048
input,167,0.3381,-0.1474,-0.0540,-0.0664
target,167,0.0000,-2.0000,1.6000,0.0000
param,167,0.8633,0.3563,0.9380,-0.1170
pos,168,-0.1841,-3.1710,1.9474,0.0056
input,168,0.3381,-0.1474,-0.0540,-0.0664
target,168,0.0000,-2.0000,1.6000,0.0000
param,168,0.8633,0.3563,0.9380,-0.1170
pos,169,-0.1862,-3.1769,1.9502,0.0068
input,169,0.3381,-0.1474,-0.0540,-0.0664
target,169,0.0000,-2.0000,1.6000,0.0000
param,169,0.8633,0.3563,0.9380,-0.1170
pos,170,-0.1886,-3.1834,1.9530,0.0083
input,170,0.3305,-0.1474,-0.0436,-0.0703
target,170,0.0000,-2.0000,1.6000,0.0000
param,170,0.8633,0.3563,0.9380,-0.1170
pos,171,-0.1908,-3.1896,1.9558,0.0095
input,171,0.3523,-0.1489,-0.0560,-0.0670
target,171,0.0000,-2.0000,1.6000,0.0000
param,171,0.8633,0.3563,0.9380,-0.1170
pos,172,-0.1929,-3.1953,1.9584,0.0101
input,172,0.3523,-0.1489,-0.0560,-0.0670
target,172,0.0000,-2.0000,1.6000,0.0000
param,172,0.8633,0.3563,0.9380,-0.1170
pos,173,-0.1948,-3.2009,1.9608,0.0108
input,173,0.3523,-0.1489,-0.0560,-0.0670
target,173,0.0000,-2.0000,1.6000,0.0000
param,173,0.8633,0.3563,0.9380,-0.1170
pos,174,-0.1966,-3.2065,1.9633,0.0116
input,174,0.3523,-0.1489,-0.0560,-0.0670
target,174,0.0000,-2.0000,1.6000,0.0000
param,174,0.8633,0.3563,0.9380,-0.1170
pos,175,-0.1981,-3.2113,1.9655,0.0124
input,175,0.3523,-0.1489,-0.0560,-0.0670
target,175,0.0000,-2.0000,1.6000,0.0000
param,175,0.8633,0.3563,0.9380,-0.1170
pos,176,-0.2005,-3.2171,1.9680,0.0110
input,176,0.3653,-0.1488,-0.0599,-0.0672
target,176,0.0000,-2.0000,1.6000,0.0000
param,176,0.8633,0.3563,0.9380,-0.1170
pos,177,-0.2031,-3.2234,1.9705,0.0101
input,177,0.3653,-0.1488,-0.0599,-0.0672
target,177,0.0000,-2.0000,1.6000,0.0000
param,177,0.8633,0.3563,0.9380,-0.1170
pos,178,-0.2056,-3.2291,1.9728,0.0093
input,178,0.3653,-0.1488,-0.0599,-0.0672
target,178,0.0000,-2.0000,1.6000,0.0000
param,178,0.8633,0.3563,0.9380,-0.1170
pos,179,-0.2081,-3.2351,1.9751,0.0085
input,179,0.3653,-0.1488,-0.0599,-0.0672
target,179,0.0000,-2.0000,1.6000,0.0000
param,179,0.8633,0.3563,0.9380,-0.1170
pos,180,-0.2110,-3.2416,1.9774,0.0072
input,180,0.3653,-0.1488,-0.0599,-0.0672
target,180,0.0000,-2.0000,1.6000,0.0000
param,180,0.8633,0.3563,0.9380,-0.1170
pos,181,-0.2134,-3.2477,1.9795,0.0058
input,181,0.3653,-0.1488,-0.0599,-0.0672
target,181,0.0000,-2.0000,1.6000,0.0000
param,181,0.8633,0.3563,0.9380,-0.1170
pos,182,-0.2161,-3.2539,1.9817,0.0048
input,182,0.3801,-0.1567,-0.0538,-0.0677
target,182,0.0000,-2.0000,1.6000,0.0000
param,182,0.8633,0.3563,0.9380,-0.1170
pos,183,-0.2189,-3.2604,1.9838,0.0042
input,183,0.3801,-0.1567,-0.0538,-0.0677
target,183,0.0000,-2.0000,1.6000,0.0000
param,183,0.8633,0.3563,0.9380,-0.1170
pos,184,-0.2215,-3.2670,1.9856,0.0054
input,184,0.3801,-0.1567,-0.0538,-0.0677
target,184,0.0000,-2.0000,1.6000,0.0000
param,184,0.8633,0.3563,0.9380,-0.1170
pos,185,-0.2246,-3.2743,1.9876,0.0035
input,185,0.3801,-0.1567,-0.0538,-0.0677
target,185,0.0000,-2.0000,1.6000,0.0000
param,185,0.8633,0.3563,0.9380,-0.1170
pos,186,-0.2273,-3.2806,1.9894,0.0015
input,186,0.3801,-0.1567,-0.0538,-0.0677
target,186,0.0000,-2.0000,1.6000,0.0000
param,186,0.8633,0.3563,0.9380,-0.1170
pos,187,-0.2296,-3.2860,1.9910,-0.0005
input,187,0.3801,-0.1567,-0.0538,-0.0677
target,187,0.0000,-2.0000,1.6000,0.0000
param,187,0.8633,0.3563,0.9380,-0.1170
pos,188,-0.2314,-3.2906,1.9925,-0.0025
input,188,0.3801,-0.1567,-0.0538,-0.0677
target,188,0.0000,-2.0000,1.6000,0.0000
param,188,0.8633,0.3563,0.9380,-0.1170
pos,189,-0.2330,-3.2945,1.9939,-0.0045
input,189,0.3934,-0.1654,-0.0513,-0.0672
target,189,0.0000,-2.0000,1.6000,0.0000
param,189,0.8633,0.3563,0.9380,-0.1170
pos,190,-0.2344,-3.2979,1.9952,-0.0064
input,190,0.3934,-0.1654,-0.0513,-0.0672
target,190,0.0000,-2.0000,1.6000,0.0000
param,190,0.8633,0.3563,0.9380,-0.1170
pos,191,-0.2387,-3.3074,1.9970,-0.0076
input,191,0.3934,-0.1654,-0.0513,-0.0672
target,191,0.0000,-2.0000,1.6000,0.0000
param,191,0.8633,0.3563,0.9380,-0.1170
pos,192,-0.2422,-3.3162,1.9986,-0.0059
input,192,0.3934,-0.1654,-0.0513,-0.0672
target,192,0.0000,-2.0000,1.6000,0.0000
param,192,0.8633,0.3563,0.9380,-0.1170
pos,193,-0.2453,-3.3238,2.0001,-0.0044
input,193,0.3934,-0.1654,-0.0513,-0.0672
target,193,0.0000,-2.0000,1.6000,0.0000
param,193,0.8633,0.3563,0.9380,-0.1170
pos,194,-0.2488,-3.3323,2.0016,-0.0027
input,194,0.3934,-0.1654,-0.0513,-0.0672
target,194,0.0000,-2.0000,1.6000,0.0000
param,194,0.8633,0.3563,0.9380,-0.1170
pos,195,-0.2519,-3.3396,2.0030,-0.0012
input,195,0.3934,-0.1654,-0.0513,-0.0672
target,195,0.0000,-2.0000,1.6000,0.0000
param,195,0.8633,0.3563,0.9380,-0.1170
pos,196,-0.2545,-3.3459,2.0043,0.0001
input,196,0.3934,-0.1654,-0.0513,-0.0672
target,196,0.0000,-2.0000,1.6000,0.0000
param,196,0.8633,0.3563,0.9380,-0.1170
pos,197,-0.2567,-3.3513,2.0055,0.0012
input,197,0.3934,-0.1654,-0.0513,-0.0672
target,197,0.0000,-2.0000,1.6000,0.0000
param,197,0.8633,0.3563,0.9380,-0.1170
pos,198,-0.2585,-3.3559,2.0065,0.0021
input,198,0.3934,-0.1654,-0.0513,-0.0672
target,198,0.0000,-2.0000,1.6000,0.0000
param,198,0.8633,0.3563,0.9380,-0.1170
pos,199,-0.2600,-3.3598,2.0075,0.0030
input,199,0.3934,-0.1654,-0.0513,-0.0672
target,199,0.0000,-2.0000,1.6000,0.0000
param,199,0.8633,0.3563,0.9380,-0.1170
pos,200,-0.2613,-3.3632,2.0084,0.0037
input,200,0.3934,-0.1654,-0.0513,-0.0672
target,200,0.0000,-2.0000,1.6000,0.0000
param,200,0.8633,0.3563,0.9380,-0.1170
pos,201,-0.2624,-3.3661,2.0092,0.0044
input,201,0.4053,-0.1641,-0.0608,-0.0659
target,201,0.0000,-2.0000,1.6000,0.0000
param,201,0.8633,0.3563,0.9380,-0.1170
pos,202,-0.2634,-3.3686,2.0100,0.0049
input,202,0.4053,-0.1641,-0.0608,-0.0659
target,202,0.0000,-2.0000,1.6000,0.0000
param,202,0.8633,0.3563,0.9380,-0.1170
pos,203,-0.2703,-3.3848,2.0134,0.0079
input,203,0.4053,-0.1641,-0.0608,-0.0659
target,203,0.0000,-2.0000,1.6000,0.0000
param,203,0.8633,0.3563,0.9380,-0.1170
pos,204,-0.2764,-3.3989,2.0165,0.0106
input,204,0.4053,-0.1641,-0.0608,-0.0659
target,204,0.0000,-2.0000,1.6000,0.0000
param,204,0.8633,0.3563,0.9380,-0.1170
pos,205,-0.2825,-3.4132,2.0195,0.0131
input,205,0.4053,-0.1641,-0.0608,-0.0659
target,205,0.0000,-2.0000,1.6000,0.0000
param,205,0.8633,0.3563,0.9380,-0.1170
pos,206,-0.2890,-3.4281,2.0223,0.0156
input,206,0.4053,-0.1641,-0.0608,-0.0659
target,206,0.0000,-2.0000,1.6000,0.0000
param,206,0.8633,0.3563,0.9380,-0.1170
pos,207,-0.2950,-3.4425,2.0250,0.0179
input,207,0.4148,-0.1589,-0.0684,-0.0649
target,207,0.0000,-2.0000,1.6000,0.0000
param,207,0.8633,0.3563,0.9380,-0.1170
pos,208,-0.3016,-3.4581,2.0259,0.0193
input,208,0.4148,-0.1589,-0.0684,-0.0649
target,208,0.0000,-2.0000,1.6000,0.0000
param,208,0.8633,0.3563,0.9380,-0.1170
pos,209,-0.3076,-3.4724,2.0266,0.0207
input,209,0.4148,-0.1589,-0.0684,-0.0649
target,209,0.0000,-2.0000,1.6000,0.0000
param,209,0.8633,0.3563,0.9380,-0.1170
pos,210,-0.3139,-3.4874,2.0275,0.0220
input,210,0.4148,-0.1589,-0.0684,-0.0649
target,210,0.0000,-2.0000,1.6000,0.0000
param,210,0.8633,0.3563,0.9380,-0.1170
pos,211,-0.3200,-3.5020,2.0284,0.0233
input,211,0.4148,-0.1589,-0.0684,-0.0649
target,211,0.0000,-2.0000,1.6000,0.0000
param,211,0.8633,0.3563,0.9380,-0.1170
pos,212,-0.3258,-3.5163,2.0294,0.0244
input,212,0.4148,-0.1589,-0.0684,-0.0649
target,212,0.0000,-2.0000,1.6000,0.0000
param,212,0.8633,0.3563,0.9380,-0.1170
pos,213,-0.3311,-3.5295,2.0303,0.0252
input,213,0.4148,-0.1589,-0.0684,-0.0649
target,213,0.0000,-2.0000,1.6000,0.0000
param,213,0.8633,0.3563,0.9380,-0.1170
pos,214,-0.3367,-3.5434,2.0313,0.0262
input,214,0.4148,-0.1589,-0.0684,-0.0649
target,214,0.0000,-2.0000,1.6000,0.0000
param,214,0.8633,0.3563,0.9380,-0.1170
pos,215,-0.3423,-3.5573,2.0323,0.0271
input,215,0.4148,-0.1589,-0.0684,-0.0649
target,215,0.0000,-2.0000,1.6000,0.0000
param,215,0.8633,0.3563,0.9380,-0.1170
pos,216,-0.3478,-3.5709,2.0333,0.0278
input,216,0.4148,-0.1589,-0.0684,-0.0649
target,216,0.0000,-2.0000,1.6000,0.0000
param,216,0.8633,0.3563,0.9380,-0.1170
pos,217,-0.3533,-3.5845,2.0343,0.0285
input,217,0.4148,-0.1589,-0.0684,-0.0649
target,217,0.0000,-2.0000,1.6000,0.0000
param,217,0.8633,0.3563,0.9380,-0.1170
pos,218,-0.3586,-3.5981,2.0354,0.0292
input,218,0.4148,-0.1589,-0.0684,-0.0649
target,218,0.0000,-2.0000,1.6000,0.0000
param,218,0.8633,0.3563,0.9380,-0.1170
pos,219,-0.3639,-3.6115,2.0364,0.0299
input,219,0.4148,-0.1589,-0.0684,-0.0649
target,219,0.0000,-2.0000,1.6000,0.0000
param,219,0.8633,0.3563,0.9380,-0.1170
pos,220,-0.3692,-3.6249,2.0374,0.0307
input,220,0.4148,-0.1589,-0.0684,-0.0649
target,220,0.0000,-2.0000,1.6000,0.0000
param,220,0.8633,0.3563,0.9380,-0.1170
pos,221,-0.3740,-3.6374,2.0385,0.0313
input,221,0.4148,-0.1589,-0.0684,-0.0649
target,221,0.0000,-2.0000,1.6000,0.0000
param,221,0.8633,0.3563,0.9380,-0.1170
pos,222,-0.3790,-3.6500,2.0395,0.0318
input,222,0.4247,-0.1565,-0.0757,-0.0577
target,222,0.0000,-2.0000,1.6000,0.0000
param,222,0.8633,0.3563,0.9380,-0.1170
pos,223,-0.3843,-3.6638,2.0406,0.0322
input,223,0.4247,-0.1565,-0.0757,-0.0577
target,223,0.0000,-2.0000,1.6000,0.0000
param,223,0.8633,0.3563,0.9380,-0.1170
pos,224,-0.3892,-3.6765,2.0416,0.0326
input,224,0.4247,-0.1565,-0.0757,-0.0577
target,224,0.0000,-2.0000,1.6000,0.0000
param,224,0.8633,0.3563,0.9380,-0.1170
pos,225,-0.3934,-3.6874,2.0426,0.0329
input,225,0.4247,-0.1565,-0.0757,-0.0577
target,225,0.0000,-2.0000,1.6000,0.0000
param,225,0.8633,0.3563,0.9380,-0.1170
pos,226,-0.3970,-3.6967,2.0435,0.0329
input,226,0.4247,-0.1565,-0.0757,-0.0577
target,226,0.0000,-2.0000,1.6000,0.0000
param,226,0.8633,0.3563,0.9380,-0.1170
pos,227,-0.4026,-3.7115,2.0446,0.0337
input,227,0.4247,-0.1565,-0.0757,-0.0577
target,227,0.0000,-2.0000,1.6000,0.0000
param,227,0.8633,0.3563,0.9380,-0.1170
pos,228,-0.4082,-3.7261,2.0458,0.0343
input,228,0.4247,-0.1565,-0.0757,-0.0577
target,228,0.0000,-2.0000,1.6000,0.0000
param,228,0.8633,0.3563,0.9380,-0.1170
pos,229,-0.4134,-3.7397,2.0469,0.0347
input,229,0.4247,-0.1565,-0.0757,-0.0577
target,229,0.0000,-2.0000,1.6000,0.0000
param,229,0.8633,0.3563,0.9380,-0.1170
pos,230,-0.4189,-3.7544,2.0481,0.0352
input,230,0.4247,-0.1565,-0.0757,-0.0577
target,230,0.0000,-2.0000,1.6000,0.0000
param,230,0.8633,0.3563,0.9380,-0.1170
pos,231,-0.4241,-3.7681,2.0492,0.0356
input,231,0.4247,-0.1565,-0.0757,-0.0577
target,231,0.0000,-2.0000,1.6000,0.0000
param,231,0.8633,0.3563,0.9380,-0.1170
pos,232,-0.4295,-3.7817,2.0505,0.0336
input,232,0.4247,-0.1565,-0.0757,-0.0577
target,232,0.0000,-2.0000,1.6000,0.0000
param,232,0.8633,0.3563,0.9380,-0.1170
pos,233,-0.4353,-3.7966,2.0519,0.0329
input,233,0.4247,-0.1565,-0.0757,-0.0577
target,233,0.0000,-2.0000,1.6000,0.0000
param,233,0.8633,0.3563,0.9380,-0.1170
pos,234,-0.4404,-3.8093,2.0531,0.0319
input,234,0.4370,-0.1637,-0.0730,-0.0533
target,234,0.0000,-2.0000,1.6000,0.0000
param,234,0.8633,0.3563,0.9380,-0.1170
pos,235,-0.4457,-3.8233,2.0545,0.0301
input,235,0.4370,-0.1637,-0.0730,-0.0533
target,235,0.0000,-2.0000,1.6000,0.0000
param,235,0.8633,0.3563,0.9380,-0.1170
pos,236,-0.4510,-3.8376,2.0559,0.0277
input,236,0.4370,-0.1637,-0.0730,-0.0533
target,236,0.0000,-2.0000,1.6000,0.0000
param,236,0.8633,0.3563,0.9380,-0.1170
pos,237,-0.4554,-3.8498,2.0572,0.0251
input,237,0.4370,-0.1637,-0.0730,-0.0533
target,237,0.0000,-2.0000,1.6000,0.0000
param,237,0.8633,0.3563,0.9380,-0.1170
pos,238,-0.4607,-3.8644,2.0586,0.0229
input,238,0.4370,-0.1637,-0.0730,-0.0533
target,238,0.0000,-2.0000,1.6000,0.0000
param,238,0.8633,0.3563,0.9380,-0.1170
pos,239,-0.4652,-3.8770,2.0599,0.0205
input,239,0.4370,-0.1637,-0.0730,-0.0533
target,239,0.0000,-2.0000,1.6000,0.0000
param,239,0.8633,0.3563,0.9380,-0.1170
pos,240,-0.4691,-3.8878,2.0612,0.0180
input,240,0.4270,-0.1642,-0.0620,-0.0585
target,240,0.0000,-2.0000,1.6000,0.0000
param,240,0.8633,0.3563,0.9380,-0.1170
pos,241,-0.4725,-3.8971,2.0624,0.0154
input,241,0.4174,-0.1642,-0.0511,-0.0633
target,241,0.0000,-2.0000,1.6000,0.0000
param,241,0.8633,0.3563,0.9380,-0.1170
pos,242,-0.4754,-3.9051,2.0635,0.0127
input,242,0.4272,-0.1760,-0.0466,-0.0613
target,242,0.0000,-2.0000,1.6000,0.0000
param,242,0.8633,0.3563,0.9380,-0.1170
pos,243,-0.4777,-3.9119,2.0645,0.0099
input,243,0.4369,-0.1763,-0.0578,-0.0562
target,243,0.0000,-2.0000,1.6000,0.0000
param,243,0.8633,0.3563,0.9380,-0.1170
pos,244,-0.4796,-3.9178,2.0655,0.0070
input,244,0.4470,-0.1761,-0.0691,-0.0510
target,244,0.0000,-2.0000,1.6000,0.0000
param,244,0.8633,0.3563,0.9380,-0.1170
pos,245,-0.4813,-3.9228,2.0664,0.0042
input,245,0.4470,-0.1761,-0.0691,-0.0510
target,245,0.0000,-2.0000,1.6000,0.0000
param,245,0.8633,0.3563,0.9380,-0.1170
pos,246,-0.4828,-3.9271,2.0672,0.0013
input,246,0.4558,-0.1885,-0.0665,-0.0500
target,246,0.0000,-2.0000,1.6000,0.0000
param,246,0.8633,0.3563,0.9380,-0.1170
pos,247,-0.4840,-3.9308,2.0680,-0.0014
input,247,0.4558,-0.1885,-0.0665,-0.0500
target,247,0.0000,-2.0000,1.6000,0.0000
param,247,0.8633,0.3563,0.9380,-0.1170
pos,248,-0.4924,-3.9544,2.0694,-0.0018
input,248,0.4558,-0.1885,-0.0665,-0.0500
target,248,0.0000,-2.0000,1.6000,0.0000
param,248,0.8633,0.3563,0.9380,-0.1170
pos,249,-0.4996,-3.9748,2.0706,-0.0025
input,249,0.4558,-0.1885,-0.0665,-0.0500
target,249,0.0000,-2.0000,1.6000,0.0000
param,249,0.8633,0.3563,0.9380,-0.1170
pos,250,-0.5058,-3.9923,2.0719,-0.0036
input,250,0.4558,-0.1885,-0.0665,-0.0500
target,250,0.0000,-2.0000,1.6000,0.0000
param,250,0.8633,0.3563,0.9380,-0.1170
pos,251,-0.5137,-4.0144,2.0732,-0.0041
input,251,0.4558,-0.1885,-0.0665,-0.0500
target,251,0.0000,-2.0000,1.6000,0.0000
param,251,0.8633,0.3563,0.9380,-0.1170
pos,252,-0.5211,-4.0353,2.0746,-0.0048
input,252,0.4558,-0.1885,-0.0665,-0.0500
target,252,0.0000,-2.0000,1.6000,0.0000
param,252,0.8633,0.3563,0.9380,-0.1170
pos,253,-0.5276,-4.0534,2.0758,-0.0058
input,253,0.4558,-0.1885,-0.0665,-0.0500
target,253,0.0000,-2.0000,1.6000,0.0000
param,253,0.8633,0.3563,0.9380,-0.1170
pos,254,-0.5335,-4.0699,2.0771,-0.0070
input,254,0.4558,-0.1885,-0.0665,-0.0500
target,254,0.0000,-2.0000,1.6000,0.0000
param,254,0.8633,0.3563,0.9380,-0.1170
pos,255,-0.5403,-4.0889,2.0783,-0.0079
input,255,0.4667,-0.1993,-0.0677,-0.0468
target,255,0.0000,-2.0000,1.6000,0.0000
param,255,0.8633,0.3563,0.9380,-0.1170
pos,256,-0.5462,-4.1053,2.0794,-0.0091
input,256,0.4667,-0.1993,-0.0677,-0.0468
target,256,0.0000,-2.0000,1.6000,0.0000
param,256,0.8633,0.3563,0.9380,-0.1170
pos,257,-0.5516,-4.1203,2.0805,-0.0105
input,257,0.4667,-0.1993,-0.0677,-0.0468
target,257,0.0000,-2.0000,1.6000,0.0000
param,257,0.8633,0.3563,0.9380,-0.1170
pos,258,-0.5575,-4.1370,2.0814,-0.0118
input,258,0.4667,-0.1993,-0.0677,-0.0468
target,258,0.0000,-2.0000,1.6000,0.0000
param,258,0.8632,0.3563,0.9380,-0.1170
pos,259,-0.5633,-4.1533,2.0823,-0.0131
input,259,0.4667,-0.1993,-0.0677,-0.0468
target,259,0.0000,-2.0000,1.6000,0.0000
param,259,0.8632,0.3563,0.9380,-0.1170
pos,260,-0.5693,-4.1701,2.0831,-0.0143
input,260,0.4667,-0.1993,-0.0677,-0.0468
target,260,0.0000,-2.0000,1.6000,0.0000
param,260,0.8632,0.3563,0.9380,-0.1170
pos,261,-0.5748,-4.1856,2.0837,-0.0157
input,261,0.4667,-0.1993,-0.0677,-0.0468
target,261,0.0000,-2.0000,1.6000,0.0000
param,261,0.8632,0.3563,0.9380,-0.1170
pos,262,-0.5799,-4.1998,2.0843,-0.0171
input,262,0.4667,-0.1993,-0.0677,-0.0468
target,262,0.0000,-2.0000,1.6000,0.0000
param,262,0.8632,0.3563,0.9380,-0.1170
pos,263,-0.5846,-4.2129,2.0849,-0.0187
input,263,0.4667,-0.1993,-0.0677,-0.0468
target,263,0.0000,-2.0000,1.6000,0.0000
param,263,0.8632,0.3563,0.9380,-0.1170
pos,264,-0.5900,-4.2280,2.0851,-0.0199
input,264,0.4667,-0.1993,-0.0677,-0.0468
target,264,0.0000,-2.0000,1.6000,0.0000
param,264,0.8632,0.3563,0.9380,-0.1170
pos,265,-0.5947,-4.2409,2.0853,-0.0214
input,265,0.4755,-0.2104,-0.0684,-0.0429
target,265,0.0000,-2.0000,1.6000,0.0000
param,265,0.8632,0.3563,0.9380,-0.1170
pos,266,-0.5987,-4.2521,2.0856,-0.0231
input,266,0.4755,-0.2104,-0.0684,-0.0429
target,266,0.0000,-2.0000,1.6000,0.0000
param,266,0.8632,0.3563,0.9380,-0.1170
pos,267,-0.6022,-4.2617,2.0859,-0.0248
input,267,0.4755,-0.2104,-0.0684,-0.0429
target,267,0.0000,-2.0000,1.6000,0.0000
param,267,0.8632,0.3563,0.9380,-0.1170
pos,268,-0.6072,-4.2755,2.0855,-0.0262
input,268,0.4755,-0.2104,-0.0684,-0.0429
target,268,0.0000,-2.0000,1.6000,0.0000
param,268,0.8632,0.3563,0.9380,-0.1170
pos,269,-0.6115,-4.2874,2.0852,-0.0277
input,269,0.4755,-0.2104,-0.0684,-0.0429
target,269,0.0000,-2.0000,1.6000,0.0000
param,269,0.8632,0.3563,0.9380,-0.1170
pos,270,-0.6155,-4.2985,2.0849,-0.0291
input,270,0.4755,-0.2104,-0.0684,-0.0429
target,270,0.0000,-2.0000,1.6000,0.0000
param,270,0.8632,0.3563,0.9380,-0.1170
pos,271,-0.6208,-4.3131,2.0834,-0.0273
input,271,0.4755,-0.2104,-0.0684,-0.0429
target,271,0.0000,-2.0000,1.6000,0.0000
param,271,0.8632,0.3563,0.9380,-0.1170
pos,272,-0.6256,-4.3265,2.0819,-0.0257
input,272,0.4755,-0.2104,-0.0684,-0.0429
target,272,0.0000,-2.0000,1.6000,0.0000
param,272,0.8632,0.3563,0.9380,-0.1170
pos,273,-0.6298,-4.3381,2.0806,-0.0243
input,273,0.4755,-0.2104,-0.0684,-0.0429
target,273,0.0000,-2.0000,1.6000,0.0000
param,273,0.8632,0.3563,0.9380,-0.1170
pos,274,-0.6341,-4.3499,2.0790,-0.0231
input,274,0.4755,-0.2104,-0.0684,-0.0429
target,274,0.0000,-2.0000,1.6000,0.0000
param,274,0.8632,0.3563,0.9380,-0.1170
pos,275,-0.6378,-4.3600,2.0776,-0.0221
input,275,0.4755,-0.2104,-0.0684,-0.0429
target,275,0.0000,-2.0000,1.6000,0.0000
param,275,0.8632,0.3563,0.9380,-0.1170
pos,276,-0.6411,-4.3689,2.0764,-0.0212
input,276,0.4755,-0.2104,-0.0684,-0.0429
target,276,0.0000,-2.0000,1.6000,0.0000
param,276,0.8632,0.3563,0.9380,-0.1170
pos,277,-0.6441,-4.3764,2.0753,-0.0202
input,277,0.4755,-0.2104,-0.0684,-0.0429
target,277,0.0000,-2.0000,1.6000,0.0000
param,277,0.8632,0.3563,0.9380,-0.1170
pos,278,-0.6466,-4.3829,2.0743,-0.0193
input,278,0.4755,-0.2104,-0.0684,-0.0429
target,278,0.0000,-2.0000,1.6000,0.0000
param,278,0.8632,0.3563,0.9380,-0.1170
pos,279,-0.6488,-4.3884,2.0735,-0.0188
input,279,0.4755,-0.2104,-0.0684,-0.0429
target,279,0.0000,-2.0000,1.6000,0.0000
param,279,0.8632,0.3563,0.9380,-0.1170
pos,280,-0.6504,-4.3931,2.0729,-0.0186
input,280,0.4755,-0.2104,-0.0684,-0.0429
target,280,0.0000,-2.0000,1.6000,0.0000
param,280,0.8632,0.3563,0.9380,-0.1170
pos,281,-0.6519,-4.3971,2.0723,-0.0185
input,281,0.4755,-0.2104,-0.0684,-0.0429
target,281,0.0000,-2.0000,1.6000,0.0000
param,281,0.8632,0.3563,0.9380,-0.1170
pos,282,-0.6538,-4.4024,2.0713,-0.0182
input,282,0.4755,-0.2104,-0.0684,-0.0429
target,282,0.0000,-2.0000,1.6000,0.0000
param,282,0.8633,0.3563,0.9380,-0.1170
pos,283,-0.6616,-4.4228,2.0650,-0.0159
input,283,0.4755,-0.2104,-0.0684,-0.0429
target,283,0.0000,-2.0000,1.6000,0.0000
param,283,0.8633,0.3563,0.9380,-0.1170
pos,284,-0.6684,-4.4405,2.0592,-0.0140
input,284,0.4583,-0.2092,-0.0791,-0.0331
target,284,0.0000,-2.0000,1.6000,0.0000
param,284,0.8632,0.3563,0.9380,-0.1170
pos,285,-0.6742,-4.4558,2.0541,-0.0125
input,285,0.4583,-0.2092,-0.0791,-0.0331
target,285,0.0000,-2.0000,1.6000,0.0000
param,285,0.8632,0.3564,0.9380,-0.1170
pos,286,-0.6805,-4.4724,2.0479,-0.0111
input,286,0.4583,-0.2092,-0.0791,-0.0331
target,286,0.0000,-2.0000,1.6000,0.0000
param,286,0.8632,0.3564,0.9380,-0.1170
pos,287,-0.6860,-4.4868,2.0424,-0.0100
input,287,0.4430,-0.2055,-0.0817,-0.0307
target,287,0.0000,-2.0000,1.6000,0.0000
param,287,0.8632,0.3564,0.9380,-0.1170
pos,288,-0.6907,-4.4991,2.0374,-0.0093
input,288,0.4430,-0.2055,-0.0817,-0.0307
target,288,0.0000,-2.0000,1.6000,0.0000
param,288,0.8632,0.3564,0.9380,-0.1170
pos,289,-0.6947,-4.5098,2.0329,-0.0089
input,289,0.4430,-0.2055,-0.0817,-0.0307
target,289,0.0000,-2.0000,1.6000,0.0000
param,289,0.8632,0.3564,0.9380,-0.1170
pos,290,-0.6982,-4.5190,2.0290,-0.0087
input,290,0.4430,-0.2055,-0.0817,-0.0307
target,290,0.0000,-2.0000,1.6000,0.0000
param,290,0.8633,0.3564,0.9380,-0.1170
pos,291,-0.7012,-4.5268,2.0254,-0.0088
input,291,0.4263,-0.2034,-0.0823,-0.0281
target,291,0.0000,-2.0000,1.6000,0.0000
param,291,0.8633,0.3564,0.9380,-0.1170
pos,292,-0.7038,-4.5336,2.0223,-0.0090
input,292,0.4263,-0.2034,-0.0823,-0.0281
target,292,0.0000,-2.0000,1.6000,0.0000
param,292,0.8633,0.3564,0.9380,-0.1170
pos,293,-0.7060,-4.5394,2.0194,-0.0093
input,293,0.4263,-0.2034,-0.0823,-0.0281
target,293,0.0000,-2.0000,1.6000,0.0000
param,293,0.8633,0.3564,0.9380,-0.1170
pos,294,-0.7147,-4.5619,2.0065,-0.0076
input,294,0.4263,-0.2034,-0.0823,-0.0281
target,294,0.0000,-2.0000,1.6000,0.0000
param,294,0.8633,0.3564,0.9380,-0.1170
pos,295,-0.7222,-4.5814,1.9948,-0.0063
input,295,0.4063,-0.2013,-0.0830,-0.0254
target,295,0.0000,-2.0000,1.6000,0.0000
param,295,0.8633,0.3564,0.9380,-0.1170
pos,296,-0.7286,-4.5983,1.9842,-0.0056
input,296,0.4063,-0.2013,-0.0830,-0.0254
target,296,0.0000,-2.0000,1.6000,0.0000
param,296,0.8633,0.3564,0.9380,-0.1170
pos,297,-0.7362,-4.6178,1.9707,-0.0046
input,297,0.3977,-0.2008,-0.0686,-0.0310
target,297,0.0000,-2.0000,1.6000,0.0000
param,297,0.8632,0.3564,0.9380,-0.1170
pos,298,-0.7431,-4.6355,1.9578,-0.0040
input,298,0.3855,-0.1977,-0.0840,-0.0234
target,298,0.0000,-2.0000,1.6000,0.0000
param,298,0.8632,0.3564,0.9380,-0.1170
pos,299,-0.7501,-4.6532,1.9439,-0.0038
input,299,0.3774,-0.1973,-0.0695,-0.0288
target,299,0.0000,-2.0000,1.6000,0.0000
param,299,0.8632,0.3565,0.9380,-0.1170
pos,300,-0.7561,-4.6684,1.9314,-0.0041
input,300,0.3602,-0.1931,-0.0843,-0.0210
target,300,0.0000,-2.0000,1.6000,0.0000
param,300,0.8632,0.3565,0.9380,-0.1170
pos,301,-0.7613,-4.6816,1.9201,-0.0047
input,301,0.3347,-0.1892,-0.0832,-0.0196
target,301,0.0000,-2.0000,1.6000,0.0000
param,301,0.8632,0.3565,0.9380,-0.1170
pos,302,-0.7657,-4.6930,1.9100,-0.0056
input,302,0.3347,-0.1892,-0.0832,-0.0196
target,302,0.0000,-2.0000,1.6000,0.0000
param,302,0.8632,0.3565,0.9380,-0.1170
pos,303,-0.7733,-4.7088,1.8945,-0.0068
input,303,0.3280,-0.1887,-0.0690,-0.0246
target,303,0.0000,-2.0000,1.6000,0.0000
param,303,0.8632,0.3565,0.9380,-0.1170
pos,304,-0.7799,-4.7226,1.8805,-0.0083
input,304,0.3080,-0.1864,-0.0673,-0.0241
target,304,0.0000,-2.0000,1.6000,0.0000
param,304,0.8632,0.3565,0.9380,-0.1170
pos,305,-0.7859,-4.7353,1.8671,-0.0090
input,305,0.2991,-0.1848,-0.0803,-0.0198
target,305,0.0000,-2.0000,1.6000,0.0000
param,305,0.8632,0.3565,0.9380,-0.1170
pos,306,-0.7931,-4.7511,1.8498,-0.0094
input,306,0.2932,-0.1843,-0.0664,-0.0242
target,306,0.0000,-2.0000,1.6000,0.0000
param,306,0.8632,0.3565,0.9380,-0.1170
pos,307,-0.7997,-4.7656,1.8333,-0.0101
input,307,0.2543,-0.1774,-0.0777,-0.0189
target,307,0.0000,-2.0000,1.6000,0.0000
param,307,0.8632,0.3565,0.9380,-0.1170
pos,308,-0.8060,-4.7796,1.8166,-0.0100
input,308,0.2495,-0.1768,-0.0640,-0.0228
target,308,0.0000,-2.0000,1.6000,0.0000
param,308,0.8632,0.3565,0.9380,-0.1170
pos,309,-0.8120,-4.7933,1.7996,-0.0118
input,309,0.2329,-0.1735,-0.0626,-0.0226
target,309,0.0000,-2.0000,1.6000,0.0000
param,309,0.8632,0.3565,0.9380,-0.1171
pos,310,-0.8172,-4.8052,1.7843,-0.0138
input,310,0.2156,-0.1693,-0.0616,-0.0225
target,310,0.0000,-2.0000,1.6000,0.0000
param,310,0.8633,0.3566,0.9380,-0.1171
pos,311,-0.8221,-4.8163,1.7696,-0.0152
input,311,0.1986,-0.1663,-0.0594,-0.0224
target,311,0.0000,-2.0000,1.6000,0.0000
param,311,0.8633,0.3566,0.9380,-0.1171
pos,312,-0.8263,-4.8259,1.7564,-0.0167
input,312,0.1832,-0.1638,-0.0576,-0.0227
target,312,0.0000,-2.0000,1.6000,0.0000
param,312,0.8633,0.3566,0.9380,-0.1171
pos,313,-0.8300,-4.8342,1.7445,-0.0183
input,313,0.1710,-0.1618,-0.0689,-0.0202
target,313,0.0000,-2.0000,1.6000,0.0000
param,313,0.8633,0.3566,0.9380,-0.1171
pos,314,-0.8331,-4.8413,1.7338,-0.0201
input,314,0.1681,-0.1608,-0.0562,-0.0228
target,314,0.0000,-2.0000,1.6000,0.0000
param,314,0.8633,0.3566,0.9380,-0.1171
pos,315,-0.8374,-4.8513,1.7193,-0.0214
input,315,0.1448,-0.1573,-0.0667,-0.0193
target,315,0.0000,-2.0000,1.6000,0.0000
param,315,0.8633,0.3566,0.9380,-0.1171
pos,316,-0.8437,-4.8658,1.6984,-0.0231
input,316,0.1426,-0.1562,-0.0543,-0.0218
target,316,0.0000,-2.0000,1.6000,0.0000
param,316,0.8633,0.3566,0.9380,-0.1171
pos,317,-0.8502,-4.8805,1.6765,-0.0243
input,317,0.1167,-0.1512,-0.0514,-0.0223
target,317,0.0000,-2.0000,1.6000,0.0000
param,317,0.8633,0.3566,0.9380,-0.1171
pos,318,-0.8558,-4.8933,1.6566,-0.0258
input,318,0.0716,-0.1416,-0.0576,-0.0224
target,318,0.0000,-2.0000,1.6000,0.0000
param,318,0.8633,0.3566,0.9380,-0.1171
pos,319,-0.8607,-4.9043,1.6387,-0.0275
input,319,0.0710,-0.1402,-0.0462,-0.0237
target,319,0.0000,-2.0000,1.6000,0.0000
param,319,0.8633,0.3566,0.9380,-0.1171
pos,320,-0.8651,-4.9139,1.6227,-0.0297
input,320,0.0303,-0.1321,-0.0506,-0.0251
target,320,0.0000,-2.0000,1.6000,0.0000
param,320,0.8633,0.3566,0.9380,-0.1171
pos,321,-0.8690,-4.9222,1.6081,-0.0320
input,321,0.0128,-0.1284,-0.0474,-0.0263
target,321,0.0000,-2.0000,1.6000,0.0000
param,321,0.8633,0.3566,0.9380,-0.1171
pos,322,-0.8646,-4.9368,1.5874,-0.0332
input,322,-0.0029,-0.1252,-0.0446,-0.0274
target,322,0.0000,-2.0000,1.6000,0.0000
param,322,0.8633,0.3566,0.9380,-0.1171
pos,323,-0.8610,-4.9494,1.5686,-0.0346
input,323,-0.0018,-0.1233,-0.0348,-0.0274
target,323,0.0000,-2.0000,1.6000,0.0000
param,323,0.8633,0.3566,0.9380,-0.1171
pos,324,-0.8579,-4.9603,1.5517,-0.0363
input,324,-0.0248,-0.1171,-0.0330,-0.0269
target,324,0.0000,-2.0000,1.6000,0.0000
param,324,0.8633,0.3566,0.9380,-0.1171
pos,325,-0.8552,-4.9697,1.5365,-0.0381
input,325,-0.0455,-0.1115,-0.0298,-0.0278
target,325,0.0000,-2.0000,1.6000,0.0000
param,325,0.8633,0.3566,0.9380,-0.1171
pos,326,-0.8529,-4.9779,1.5228,-0.0400
input,326,-0.0836,-0.1045,-0.0322,-0.0307
target,326,0.0000,-2.0000,1.6000,0.0000
param,326,0.8633,0.3566,0.9380,-0.1171
pos,327,-0.8512,-4.9849,1.5105,-0.0421
input,327,-0.0988,-0.1009,-0.0293,-0.0318
target,327,0.0000,-2.0000,1.6000,0.0000
param,327,0.8633,0.3566,0.9380,-0.1171
pos,328,-0.8497,-4.9910,1.4993,-0.0442
input,328,-0.0988,-0.1009,-0.0293,-0.0318
target,328,0.0000,-2.0000,1.6000,0.0000
param,328,0.8633,0.3566,0.9380,-0.1171
pos,329,-0.8485,-4.9963,1.4893,-0.0463
input,329,-0.0956,-0.0986,-0.0214,-0.0301
target,329,0.0000,-2.0000,1.6000,0.0000
param,329,0.8633,0.3566,0.9380,-0.1171
pos,330,-0.8474,-5.0009,1.4802,-0.0485
input,330,-0.1245,-0.0950,-0.0263,-0.0315
target,330,0.0000,-2.0000,1.6000,0.0000
param,330,0.8633,0.3566,0.9380,-0.1170
pos,331,-0.8467,-5.0048,1.4720,-0.0508
input,331,-0.1453,-0.0906,-0.0220,-0.0334
target,331,0.0000,-2.0000,1.6000,0.0000
param,331,0.8633,0.3566,0.9380,-0.1170
pos,332,-0.8619,-5.0175,1.4433,-0.0510
input,332,-0.1453,-0.0906,-0.0220,-0.0334
target,332,0.0000,-2.0000,1.6000,0.0000
param,332,0.8633,0.3566,0.9380,-0.1170
pos,333,-0.8751,-5.0286,1.4171,-0.0513
input,333,-0.1410,-0.0881,-0.0150,-0.0312
target,333,0.0000,-2.0000,1.6000,0.0000
param,333,0.8633,0.3566,0.9380,-0.1170
pos,334,-0.8881,-5.0400,1.3897,-0.0541
input,334,-0.1812,-0.0760,-0.0125,-0.0304
target,334,0.0000,-2.0000,1.6000,0.0000
param,334,0.8633,0.3566,0.9380,-0.1170
pos,335,-0.8994,-5.0498,1.3648,-0.0569
input,335,-0.2096,-0.0670,-0.0065,-0.0333
target,335,0.0000,-2.0000,1.6000,0.0000
param,335,0.8633,0.3566,0.9380,-0.1170
pos,336,-0.9093,-5.0582,1.3424,-0.0600
input,336,-0.2711,-0.0560,-0.0011,-0.0397
target,336,0.0000,-2.0000,1.6000,0.0000
param,336,0.8633,0.3566,0.9380,-0.1170
pos,337,-0.9182,-5.0653,1.3222,-0.0633
input,337,-0.2641,-0.0530,0.0031,-0.0356
target,337,0.0000,-2.0000,1.6000,0.0000
param,337,0.8633,0.3566,0.9380,-0.1170
pos,338,-0.9258,-5.0715,1.3040,-0.0666
input,338,-0.2870,-0.0475,0.0070,-0.0367
target,338,0.0000,-2.0000,1.6000,0.0000
param,338,0.8633,0.3566,0.9380,-0.1170
pos,339,-0.9325,-5.0768,1.2875,-0.0696
input,339,-0.3074,-0.0428,0.0104,-0.0376
target,339,0.0000,-2.0000,1.6000,0.0000
param,339,0.8633,0.3566,0.9380,-0.1170
pos,340,-0.9385,-5.0813,1.2726,-0.0727
input,340,-0.3255,-0.0388,0.0134,-0.0383
target,340,0.0000,-2.0000,1.6000,0.0000
param,340,0.8633,0.3566,0.9380,-0.1170
pos,341,-0.9439,-5.0851,1.2591,-0.0759
input,341,-0.3417,-0.0354,0.0160,-0.0389
target,341,0.0000,-2.0000,1.6000,0.0000
param,341,0.8633,0.3566,0.9380,-0.1170
pos,342,-0.9485,-5.0884,1.2469,-0.0789
input,342,-0.3651,-0.0361,0.0161,-0.0449
target,342,0.0000,-2.0000,1.6000,0.0000
param,342,0.8633,0.3566,0.9380,-0.1170
pos,343,-0.9569,-5.0988,1.2142,-0.0767
input,343,-0.3561,-0.0325,0.0183,-0.0394
target,343,0.0000,-2.0000,1.6000,0.0000
param,343,0.8633,0.3566,0.9380,-0.1170
pos,344,-0.9643,-5.1078,1.1845,-0.0745
input,344,-0.3805,-0.0280,0.0208,-0.0384
target,344,0.0000,-2.0000,1.6000,0.0000
param,344,0.8633,0.3566,0.9380,-0.1170
pos,345,-0.9708,-5.1154,1.1577,-0.0725
input,345,-0.4536,-0.0112,0.0252,-0.0436
target,345,0.0000,-2.0000,1.6000,0.0000
param,345,0.8633,0.3566,0.9380,-0.1170
pos,346,-0.9776,-5.1232,1.1281,-0.0724
input,346,-0.4426,-0.0075,0.0259,-0.0374
target,346,0.0000,-2.0000,1.6000,0.0000
param,346,0.8633,0.3566,0.9380,-0.1170
pos,347,-0.9841,-5.1303,1.0991,-0.0712
input,347,-0.4683,0.0007,0.0291,-0.0372
target,347,0.0000,-2.0000,1.6000,0.0000
param,347,0.8633,0.3566,0.9380,-0.1170
pos,348,-0.9899,-5.1363,1.0729,-0.0703
input,348,-0.4950,0.0074,0.0323,-0.0360
target,348,0.0000,-2.0000,1.6000,0.0000
param,348,0.8633,0.3566,0.9380,-0.1170
pos,349,-0.9950,-5.1413,1.0492,-0.0697
input,349,-0.5206,0.0141,0.0344,-0.0348
target,349,0.0000,-2.0000,1.6000,0.0000
param,349,0.8633,0.3566,0.9380,-0.1170
pos,350,-1.0003,-5.1472,1.0197,-0.0668
input,350,-0.5431,0.0197,0.0364,-0.0336
target,350,0.0000,-2.0000,1.6000,0.0000
param,350,0.8633,0.3566,0.9380,-0.1170
pos,351,-1.0051,-5.1520,0.9930,-0.0643
input,351,-0.5627,0.0243,0.0379,-0.0324
target,351,0.0000,-2.0000,1.6000,0.0000
param,351,0.8633,0.3566,0.9380,-0.1170
pos,352,-1.0093,-5.1562,0.9688,-0.0618
input,352,-0.5866,0.0303,0.0382,-0.0296
target,352,0.0000,-2.0000,1.6000,0.0000
param,352,0.8633,0.3566,0.9380,-0.1170
pos,353,-1.0131,-5.1595,0.9469,-0.0594
input,353,-0.6074,0.0352,0.0391,-0.0275
target,353,0.0000,-2.0000,1.6000,0.0000
param,353,0.8633,0.3566,0.9380,-0.1170
pos,354,-1.0179,-5.1629,0.9191,-0.0554
input,354,-0.6255,0.0392,0.0395,-0.0254
target,354,0.0000,-2.0000,1.6000,0.0000
param,354,0.8633,0.3566,0.9380,-0.1170
pos,355,-1.0220,-5.1658,0.8939,-0.0514
input,355,-0.6413,0.0425,0.0396,-0.0232
target,355,0.0000,-2.0000,1.6000,0.0000
param,355,0.8633,0.3566,0.9380,-0.1170
pos,356,-1.0267,-5.1683,0.8653,-0.0469
input,356,-0.6605,0.0463,0.0387,-0.0195
target,356,0.0000,-2.0000,1.6000,0.0000
param,356,0.8633,0.3566,0.9380,-0.1170
pos,357,-1.0311,-5.1703,0.8370,-0.0433
input,357,-0.6771,0.0494,0.0380,-0.0165
target,357,0.0000,-2.0000,1.6000,0.0000
param,357,0.8633,0.3566,0.9380,-0.1170
pos,358,-1.0349,-5.1718,0.8113,-0.0398
input,358,-0.6949,0.0519,0.0368,-0.0124
target,358,0.0000,-2.0000,1.6000,0.0000
param,358,0.8634,0.3566,0.9380,-0.1170
pos,359,-1.0381,-5.1732,0.7880,-0.0363
input,359,-0.7113,0.0532,0.0356,-0.0082
target,359,0.0000,-2.0000,1.6000,0.0000
param,359,0.8634,0.3566,0.9380,-0.1170
pos,360,-1.0410,-5.1740,0.7669,-0.0330
input,360,-0.7253,0.0538,0.0340,-0.0043
target,360,0.0000,-2.0000,1.6000,0.0000
param,360,0.8634,0.3566,0.9380,-0.1170
pos,361,-1.0436,-5.1745,0.7479,-0.0298
input,361,-0.7373,0.0540,0.0322,-0.0005
target,361,0.0000,-2.0000,1.6000,0.0000
param,361,0.8634,0.3566,0.9380,-0.1170
pos,362,-1.0460,-5.1744,0.7308,-0.0267
input,362,-0.7373,0.0540,0.0322,-0.0005
target,362,0.0000,-2.0000,1.6000,0.0000
param,362,0.8634,0.3566,0.9380,-0.1170
pos,363,-1.0480,-5.1742,0.7152,-0.0237
input,363,-0.7754,0.0504,0.0320,0.0010
target,363,0.0000,-2.0000,1.6000,0.0000
param,363,0.8634,0.3566,0.9380,-0.1170
pos,364,-1.0498,-5.1739,0.7011,-0.0208
input,364,-0.7563,0.0535,0.0288,0.0072
target,364,0.0000,-2.0000,1.6000,0.0000
param,364,0.8634,0.3566,0.9380,-0.1170
pos,365,-1.0513,-5.1738,0.6884,-0.0180
input,365,-0.7899,0.0497,0.0285,0.0072
target,365,0.0000,-2.0000,1.6000,0.0000
param,365,0.8634,0.3566,0.9380,-0.1170
pos,366,-1.0527,-5.1733,0.6768,-0.0153
input,366,-0.8000,0.0489,0.0250,0.0127
target,366,0.0000,-2.0000,1.6000,0.0000
param,366,0.8634,0.3566,0.9380,-0.1170
pos,367,-1.0540,-5.1726,0.6663,-0.0127
input,367,-0.8000,0.0489,0.0250,0.0127
target,367,0.0000,-2.0000,1.6000,0.0000
param,367,0.8634,0.3566,0.9380,-0.1170
pos,368,-1.0551,-5.1720,0.6568,-0.0102
input,368,-0.8000,0.0489,0.0250,0.0127
target,368,0.0000,-2.0000,1.6000,0.0000
param,368,0.8634,0.3565,0.9380,-0.1170
pos,369,-1.0594,-5.1693,0.6195,-0.0079
input,369,-0.8000,0.0478,0.0206,0.0198
target,369,0.0000,-2.0000,1.6000,0.0000
param,369,0.8634,0.3566,0.9380,-0.1170
pos,370,-1.0632,-5.1665,0.5854,-0.0056
input,370,-0.8000,0.0407,0.0184,0.0283
target,370,0.0000,-2.0000,1.6000,0.0000
param,370,0.8634,0.3566,0.9380,-0.1170
pos,371,-1.0664,-5.1637,0.5546,-0.0033
input,371,-0.8000,0.0434,0.0158,0.0331
target,371,0.0000,-2.0000,1.6000,0.0000
param,371,0.8634,0.3566,0.9380,-0.1170
pos,372,-1.0693,-5.1604,0.5268,-0.0010
input,372,-0.8000,0.0363,0.0122,0.0405
target,372,0.0000,-2.0000,1.6000,0.0000
param,372,0.8634,0.3566,0.9380,-0.1170
pos,373,-1.0715,-5.1576,0.5016,0.0012
input,373,-0.8000,0.0294,0.0088,0.0474
target,373,0.0000,-2.0000,1.6000,0.0000
param,373,0.8634,0.3566,0.9380,-0.1170
pos,374,-1.0735,-5.1548,0.4788,0.0035
input,374,-0.8000,0.0228,0.0056,0.0537
target,374,0.0000,-2.0000,1.6000,0.0000
param,374,0.8634,0.3566,0.9380,-0.1170
pos,375,-1.0751,-5.1522,0.4582,0.0057
input,375,-0.8000,0.0165,0.0027,0.0596
target,375,0.0000,-2.0000,1.6000,0.0000
param,375,0.8634,0.3566,0.9380,-0.1170
pos,376,-1.0764,-5.1496,0.4395,0.0079
input,376,-0.8000,0.0082,0.0007,0.0621
target,376,0.0000,-2.0000,1.6000,0.0000
param,376,0.8634,0.3566,0.9380,-0.1170
pos,377,-1.0775,-5.1472,0.4226,0.0100
input,377,-0.8000,0.0107,0.0000,0.0650
target,377,0.0000,-2.0000,1.6000,0.0000
param,377,0.8634,0.3566,0.9380,-0.1170
pos,378,-1.0785,-5.1447,0.4072,0.0121
input,378,-0.8000,-0.0021,-0.0028,0.0721
target,378,0.0000,-2.0000,1.6000,0.0000
param,378,0.8634,0.3566,0.9380,-0.1170
pos,379,-1.0791,-5.1427,0.3933,0.0140
input,379,-0.8000,-0.0109,-0.0075,0.0804
target,379,0.0000,-2.0000,1.6000,0.0000
param,379,0.8633,0.3566,0.9380,-0.1170
pos,380,-1.0797,-5.1406,0.3808,0.0159
input,380,-0.8000,-0.0109,-0.0075,0.0804
target,380,0.0000,-2.0000,1.6000,0.0000
param,380,0.8633,0.3566,0.9380,-0.1170
pos,381,-1.0802,-5.1378,0.3694,0.0178
input,381,-0.8000,-0.0084,-0.0073,0.0822
target,381,0.0000,-2.0000,1.6000,0.0000
param,381,0.8633,0.3566,0.9380,-0.1170
pos,382,-1.0804,-5.1355,0.3591,0.0195
input,382,-0.8000,-0.0182,-0.0113,0.0872
target,382,0.0000,-2.0000,1.6000,0.0000
param,382,0.8633,0.3566,0.9380,-0.1170
pos,383,-1.0805,-5.1332,0.3498,0.0212
input,383,-0.8000,-0.0182,-0.0113,0.0872
target,383,0.0000,-2.0000,1.6000,0.0000
param,383,0.8633,0.3566,0.9380,-0.1170
pos,384,-1.0805,-5.1308,0.3414,0.0229
input,384,-0.8000,-0.0158,-0.0108,0.0886
target,384,0.0000,-2.0000,1.6000,0.0000
param,384,0.8633,0.3566,0.9380,-0.1170
pos,385,-1.0805,-5.1283,0.3338,0.0244
input,385,-0.8000,-0.0268,-0.0148,0.0951
target,385,0.0000,-2.0000,1.6000,0.0000
param,385,0.8633,0.3566,0.9380,-0.1170
pos,386,-1.0804,-5.1259,0.3270,0.0259
input,386,-0.8000,-0.0268,-0.0148,0.0951
target,386,0.0000,-2.0000,1.6000,0.0000
param,386,0.8633,0.3566,0.9380,-0.1170
pos,387,-1.0803,-5.1235,0.3208,0.0274
input,387,-0.8000,-0.0268,-0.0148,0.0951
target,387,0.0000,-2.0000,1.6000,0.0000
param,387,0.8633,0.3566,0.9380,-0.1170
pos,388,-1.0801,-5.1211,0.3152,0.0287
input,388,-0.8000,-0.0244,-0.0139,0.0962
target,388,0.0000,-2.0000,1.6000,0.0000
param,388,0.8633,0.3566,0.9380,-0.1170
pos,389,-1.0799,-5.1188,0.3101,0.0299
input,389,-0.8000,-0.0351,-0.0184,0.1025
target,389,0.0000,-2.0000,1.6000,0.0000
param,389,0.8633,0.3566,0.9380,-0.1170
pos,390,-1.0797,-5.1165,0.3055,0.0310
input,390,-0.8000,-0.0351,-0.0184,0.1025
target,390,0.0000,-2.0000,1.6000,0.0000
param,390,0.8633,0.3565,0.9380,-0.1170
pos,391,-1.0795,-5.1143,0.3014,0.0321
input,391,-0.8000,-0.0351,-0.0184,0.1025
target,391,0.0000,-2.0000,1.6000,0.0000
param,391,0.8633,0.3565,0.9380,-0.1170
pos,392,-1.0793,-5.1121,0.2976,0.0330
input,392,-0.8000,-0.0351,-0.0184,0.1025
target,392,0.0000,-2.0000,1.6000,0.0000
param,392,0.8633,0.3565,0.9380,-0.1170
pos,393,-1.0791,-5.1099,0.2943,0.0338
input,393,-0.8000,-0.0351,-0.0184,0.1025
target,393,0.0000,-2.0000,1.6000,0.0000
param,393,0.8633,0.3565,0.9380,-0.1170
pos,394,-1.0789,-5.1079,0.2912,0.0345
input,394,-0.8000,-0.0430,-0.0211,0.1089
target,394,0.0000,-2.0000,1.6000,0.0000
param,394,0.8633,0.3565,0.9380,-0.1170
pos,395,-1.0787,-5.1058,0.2885,0.0352
input,395,-0.8000,-0.0430,-0.0211,0.1089
target,395,0.0000,-2.0000,1.6000,0.0000
param,395,0.8633,0.3565,0.9380,-0.1170
pos,396,-1.0785,-5.1038,0.2860,0.0357
input,396,-0.8000,-0.0430,-0.0211,0.1089
target,396,0.0000,-2.0000,1.6000,0.0000
param,396,0.8633,0.3565,0.9380,-0.1170
pos,397,-1.0784,-5.1020,0.2838,0.0361
input,397,-0.8000,-0.0430,-0.0211,0.1089
target,397,0.0000,-2.0000,1.6000,0.0000
param,397,0.8633,0.3565,0.9380,-0.1170
pos,398,-1.0783,-5.1004,0.2820,0.0365
input,398,-0.8000,-0.0430,-0.0211,0.1089
target,398,0.0000,-2.0000,1.6000,0.0000
param,398,0.8633,0.3565,0.9380,-0.1170
pos,399,-1.0784,-5.0984,0.2804,0.0368
input,399,-0.8000,-0.0430,-0.0211,0.1089
target,399,0.0000,-2.0000,1.6000,0.0000
param,399,0.8633,0.3565,0.9380,-0.1170
pos,400,-1.0783,-5.0970,0.2790,0.0370
input,400,-0.8000,-0.0430,-0.0211,0.1089
target,400,0.0000,-2.0000,1.6000,0.0000
param,400,0.8633,0.3564,0.9380,-0.1170
pos,401,-1.0784,-5.0953,0.2778,0.0372
input,401,-0.8000,-0.0430,-0.0211,0.1089
target,401,0.0000,-2.0000,1.6000,0.0000
param,401,0.8633,0.3564,0.9380,-0.1170
pos,402,-1.0784,-5.0937,0.2766,0.0373
input,402,-0.8000,-0.0430,-0.0211,0.1089
target,402,0.0000,-2.0000,1.6000,0.0000
param,402,0.8632,0.3564,0.9380,-0.1170
pos,403,-1.0785,-5.0923,0.2756,0.0374
input,403,-0.8000,-0.0430,-0.0211,0.1089
target,403,0.0000,-2.0000,1.6000,0.0000
param,403,0.8632,0.3564,0.9380,-0.1170
pos,404,-1.0786,-5.0911,0.2746,0.0374
input,404,-0.8000,-0.0430,-0.0211,0.1089
target,404,0.0000,-2.0000,1.6000,0.0000
param,404,0.8632,0.3564,0.9380,-0.1170
pos,405,-1.0786,-5.0901,0.2738,0.0374
input,405,-0.8000,-0.0430,-0.0211,0.1089
target,405,0.0000,-2.0000,1.6000,0.0000
param,405,0.8632,0.3564,0.9380,-0.1170
pos,406,-1.0787,-5.0892,0.2731,0.0373
input,406,-0.8000,-0.0430,-0.0211,0.1089
target,406,0.0000,-2.0000,1.6000,0.0000
param,406,0.8632,0.3564,0.9380,-0.1170
pos,407,-1.0788,-5.0884,0.2725,0.0372
input,407,-0.8000,-0.0430,-0.0211,0.1089
target,407,0.0000,-2.0000,1.6000,0.0000
param,407,0.8632,0.3564,0.9380,-0.1170
pos,408,-1.0790,-5.0877,0.2720,0.0371
input,408,-0.8000,-0.0512,-0.0203,0.1122
target,408,0.0000,-2.0000,1.6000,0.0000
param,408,0.8632,0.3564,0.9380,-0.1170
pos,409,-1.0792,-5.0871,0.2716,0.0369
input,409,-0.8000,-0.0512,-0.0203,0.1122
target,409,0.0000,-2.0000,1.6000,0.0000
param,409,0.8632,0.3564,0.9380,-0.1170
pos,410,-1.0795,-5.0866,0.2713,0.0367
input,410,-0.8000,-0.0512,-0.0203,0.1122
target,410,0.0000,-2.0000,1.6000,0.0000
param,410,0.8632,0.3564,0.9380,-0.1170
pos,411,-1.0799,-5.0862,0.2710,0.0365
input,411,-0.8000,-0.0512,-0.0203,0.1122
target,411,0.0000,-2.0000,1.6000,0.0000
param,411,0.8632,0.3564,0.9380,-0.1170
pos,412,-1.0803,-5.0858,0.2707,0.0363
input,412,-0.8000,-0.0512,-0.0203,0.1122
target,412,0.0000,-2.0000,1.6000,0.0000
param,412,0.8632,0.3564,0.9380,-0.1170
pos,413,-1.0806,-5.0854,0.2705,0.0361
input,413,-0.8000,-0.0512,-0.0203,0.1122
target,413,0.0000,-2.0000,1.6000,0.0000
param,413,0.8632,0.3564,0.9380,-0.1170
pos,414,-1.0811,-5.0851,0.2703,0.0360
input,414,-0.8000,-0.0512,-0.0203,0.1122
target,414,0.0000,-2.0000,1.6000,0.0000
param,414,0.8632,0.3564,0.9380,-0.1170
pos,415,-1.0816,-5.0848,0.2702,0.0358
input,415,-0.8000,-0.0512,-0.0203,0.1122
target,415,0.0000,-2.0000,1.6000,0.0000
param,415,0.8632,0.3563,0.9380,-0.1170
pos,416,-1.0820,-5.0846,0.2701,0.0357
input,416,-0.8000,-0.0512,-0.0203,0.1122
target,416,0.0000,-2.0000,1.6000,0.0000
param,416,0.8632,0.3563,0.9380,-0.1170
pos,417,-1.0824,-5.0844,0.2701,0.0357
input,417,-0.8000,-0.0512,-0.0203,0.1122
target,417,0.0000,-2.0000,1.6000,0.0000
param,417,0.8632,0.3563,0.9380,-0.1170
pos,418,-1.0828,-5.0842,0.2700,0.0357
input,418,-0.8000,-0.0512,-0.0203,0.1122
target,418,0.0000,-2.0000,1.6000,0.0000
param,418,0.8631,0.3563,0.9380,-0.1170
pos,419,-1.0832,-5.0840,0.2700,0.0356
input,419,-0.8000,-0.0512,-0.0203,0.1122
target,419,0.0000,-2.0000,1.6000,0.0000
param,419,0.8631,0.3563,0.9380,-0.1170
pos,420,-1.0835,-5.0839,0.2699,0.0357
input,420,-0.8000,-0.0512,-0.0203,0.1122
target,420,0.0000,-2.0000,1.6000,0.0000
param,420,0.8631,0.3563,0.9380,-0.1170
pos,421,-1.0839,-5.0838,0.2699,0.0357
input,421,-0.8000,-0.0512,-0.0203,0.1122
target,421,0.0000,-2.0000,1.6000,0.0000
param,421,0.8631,0.3563,0.9380,-0.1170
pos,422,-1.0843,-5.0837,0.2699,0.0357
input,422,-0.8000,-0.0512,-0.0203,0.1122
target,422,0.0000,-2.0000,1.6000,0.0000
param,422,0.8631,0.3563,0.9380,-0.1170
pos,423,-1.0846,-5.0836,0.2699,0.0358
input,423,-0.8000,-0.0512,-0.0203,0.1122
target,423,0.0000,-2.0000,1.6000,0.0000
param,423,0.8631,0.3563,0.9380,-0.1170
pos,424,-1.0848,-5.0835,0.2699,0.0360
input,424,-0.8000,-0.0512,-0.0203,0.1122
target,424,0.0000,-2.0000,1.6000,0.0000
param,424,0.8631,0.3563,0.9380,-0.1170
pos,425,-1.0852,-5.0834,0.2699,0.0360
input,425,-0.8000,-0.0512,-0.0203,0.1122
target,425,0.0000,-2.0000,1.6000,0.0000
param,425,0.8631,0.3563,0.9380,-0.1170
pos,426,-1.0855,-5.0833,0.2699,0.0362
input,426,-0.8000,-0.0512,-0.0203,0.1122
target,426,0.0000,-2.0000,1.6000,0.0000
param,426,0.8631,0.3563,0.9380,-0.1170
pos,427,-1.0857,-5.0833,0.2699,0.0363
input,427,-0.8000,-0.0512,-0.0203,0.1122
target,427,0.0000,-2.0000,1.6000,0.0000
param,427,0.8631,0.3563,0.9380,-0.1170
pos,428,-1.0860,-5.0832,0.2699,0.0365
input,428,-0.8000,-0.0512,-0.0203,0.1122
target,428,0.0000,-2.0000,1.6000,0.0000
param,428,0.8631,0.3563,0.9380,-0.1170
pos,429,-1.0862,-5.0832,0.2700,0.0366
input,429,-0.8000,-0.0512,-0.0203,0.1122
target,429,0.0000,-2.0000,1.6000,0.0000
param,429,0.8631,0.3563,0.9380,-0.1170
pos,430,-1.0864,-5.0831,0.2700,0.0368
input,430,-0.8000,-0.0512,-0.0203,0.1122
target,430,0.0000,-2.0000,1.6000,0.0000
param,430,0.8631,0.3563,0.9380,-0.1170
pos,431,-1.0867,-5.0831,0.2700,0.0370
input,431,-0.8000,-0.0512,-0.0203,0.1122
target,431,0.0000,-2.0000,1.6000,0.0000
param,431,0.8631,0.3563,0.9380,-0.1170
pos,432,-1.0869,-5.0830,0.2701,0.0372
input,432,-0.8000,-0.0512,-0.0203,0.1122
target,432,0.0000,-2.0000,1.6000,0.0000
param,432,0.8631,0.3563,0.9380,-0.1170
pos,433,-1.0871,-5.0830,0.2701,0.0374
input,433,-0.8000,-0.0512,-0.0203,0.1122
target,433,0.0000,-2.0000,1.6000,0.0000
param,433,0.8631,0.3563,0.9380,-0.1170
pos,434,-1.0872,-5.0830,0.2701,0.0376
input,434,-0.8000,-0.0512,-0.0203,0.1122
target,434,0.0000,-2.0000,1.6000,0.0000
param,434,0.8631,0.3563,0.9380,-0.1170
pos,435,-1.0874,-5.0830,0.2701,0.0379
input,435,-0.8000,-0.0512,-0.0203,0.1122
target,435,0.0000,-2.0000,1.6000,0.0000
param,435,0.8631,0.3563,0.9380,-0.1170
pos,436,-1.0875,-5.0829,0.2701,0.0381
input,436,-0.8000,-0.0512,-0.0203,0.1122
target,436,0.0000,-2.0000,1.6000,0.0000
param,436,0.8631,0.3563,0.9380,-0.1170
pos,437,-1.0876,-5.0829,0.2701,0.0383
input,437,-0.8000,-0.0512,-0.0203,0.1122
target,437,0.0000,-2.0000,1.6000,0.0000
param,437,0.8631,0.3563,0.9380,-0.1170
pos,438,-1.0877,-5.0829,0.2701,0.0386
input,438,-0.8000,-0.0512,-0.0203,0.1122
target,438,0.0000,-2.0000,1.6000,0.0000
param,438,0.8631,0.3563,0.9380,-0.1170
pos,439,-1.0877,-5.0829,0.2701,0.0388
input,439,-0.8000,-0.0512,-0.0203,0.1122
target,439,0.0000,-2.0000,1.6000,0.0000
param,439,0.8631,0.3563,0.9380,-0.1170
pos,440,-1.0878,-5.0829,0.2701,0.0391
input,440,-0.8000,-0.0512,-0.0203,0.1122
target,440,0.0000,-2.0000,1.6000,0.0000
param,440,0.8631,0.3563,0.9380,-0.1170
pos,441,-1.0879,-5.0829,0.2701,0.0393
input,441,-0.8000,-0.0512,-0.0203,0.1122
target,441,0.0000,-2.0000,1.6000,0.0000
param,441,0.8631,0.3563,0.9380,-0.1170
pos,442,-1.0879,-5.0829,0.2701,0.0395
input,442,-0.8000,-0.0512,-0.0203,0.1122
target,442,0.0000,-2.0000,1.6000,0.0000
param,442,0.8631,0.3563,0.9380,-0.1170
pos,443,-1.0879,-5.0829,0.2701,0.0397
input,443,-0.8000,-0.0512,-0.0203,0.1122
target,443,0.0000,-2.0000,1.6000,0.0000
param,443,0.8631,0.3563,0.9380,-0.1170
pos,444,-1.0881,-5.0828,0.2702,0.0400
input,444,-0.8000,-0.0512,-0.0203,0.1122
target,444,0.0000,-2.0000,1.6000,0.0000
param,444,0.8631,0.3563,0.9380,-0.1170
pos,445,-1.0882,-5.0828,0.2702,0.0403
input,445,-0.8000,-0.0512,-0.0203,0.1122
target,445,0.0000,-2.0000,1.6000,0.0000
param,445,0.8631,0.3563,0.9380,-0.1170
pos,446,-1.0883,-5.0828,0.2702,0.0405
input,446,-0.8000,-0.0512,-0.0203,0.1122
target,446,0.0000,-2.0000,1.6000,0.0000
param,446,0.8631,0.3563,0.9380,-0.1170
pos,447,-1.0884,-5.0828,0.2702,0.0408
input,447,-0.8000,-0.0512,-0.0203,0.1122
target,447,0.0000,-2.0000,1.6000,0.0000
param,447,0.8631,0.3563,0.9380,-0.1170
pos,448,-1.0885,-5.0828,0.2702,0.0410
input,448,-0.8000,-0.0512,-0.0203,0.1122
target,448,0.0000,-2.0000,1.6000,0.0000
param,448,0.8631,0.3563,0.9380,-0.1170
pos,449,-1.0886,-5.0828,0.2702,0.0413
input,449,-0.8000,-0.0512,-0.0203,0.1122
target,449,0.0000,-2.0000,1.6000,0.0000
param,449,0.8631,0.3563,0.9380,-0.1170
pos,450,-1.0887,-5.0828,0.2702,0.0416
input,450,-0.7880,-0.0504,-0.0200,0.1105
target,450,-1.0887,-5.0828,0.2702,0.0416
param,450,0.8631,0.3563,0.9380,-0.1170
pos,451,-1.0887,-5.0828,0.2702,0.0418
input,451,-0.7762,-0.0497,-0.0197,0.1089
target,451,-1.0887,-5.0828,0.2702,0.0418
param,451,0.8631,0.3563,0.9380,-0.1170
pos,452,-1.0888,-5.0828,0.2702,0.0421
input,452,-0.7645,-0.0489,-0.0194,0.1072
target,452,-1.0888,-5.0828,0.2702,0.0421
param,452,0.8631,0.3563,0.9380,-0.1170
pos,453,-1.0888,-5.0828,0.2702,0.0423
input,453,-0.7531,-0.0482,-0.0191,0.1056
target,453,-1.0888,-5.0828,0.2702,0.0423
param,453,0.8631,0.3563,0.9380,-0.1170
pos,454,-1.0888,-5.0828,0.2702,0.0425
input,454,-0.7418,-0.0475,-0.0188,0.1040
target,454,-1.0888,-5.0828,0.2702,0.0425
param,454,0.8631,0.3563,0.9380,-0.1170
pos,455,-1.0889,-5.0828,0.2702,0.0428
input,455,-0.7306,-0.0468,-0.0185,0.1025
target,455,-1.0889,-5.0828,0.2702,0.0428
param,455,0.8631,0.3563,0.9380,-0.1170
pos,456,-1.0889,-5.0828,0.2702,0.0430
input,456,-0.7197,-0.0461,-0.0182,0.1009
target,456,-1.0889,-5.0828,0.2702,0.0430
param,456,0.8631,0.3563,0.9380,-0.1170
pos,457,-1.0889,-5.0828,0.2702,0.0432
input,457,-0.7089,-0.0454,-0.0180,0.0994
target,457,-1.0889,-5.0828,0.2702,0.0432
param,457,0.8631,0.3563,0.9380,-0.1170
pos,458,-1.0889,-5.0828,0.2702,0.0434
input,458,-0.6983,-0.0447,-0.0177,0.0979
target,458,-1.0889,-5.0828,0.2702,0.0434
param,458,0.8631,0.3563,0.9380,-0.1170
pos,459,-1.0890,-5.0828,0.2702,0.0436
input,459,-0.6878,-0.0440,-0.0174,0.0965
target,459,-1.0890,-5.0828,0.2702,0.0436
param,459,0.8631,0.3563,0.9380,-0.1170
pos,460,-1.0890,-5.0828,0.2702,0.0438
input,460,-0.6775,-0.0434,-0.0172,0.0950
target,460,-1.0890,-5.0828,0.2702,0.0438
param,460,0.8631,0.3563,0.9380,-0.1170
pos,461,-1.0890,-5.0828,0.2702,0.0440
input,461,-0.6673,-0.0427,-0.0169,0.0936
target,461,-1.0890,-5.0828,0.2702,0.0440
param,461,0.8631,0.3563,0.9380,-0.1170
pos,462,-1.0890,-5.0828,0.2702,0.0441
input,462,-0.6573,-0.0421,-0.0167,0.0922
target,462,-1.0890,-5.0828,0.2702,0.0441
param,462,0.8631,0.3563,0.9380,-0.1170
pos,463,-1.0890,-5.0828,0.2702,0.0443
input,463,-0.6474,-0.0414,-0.0164,0.0908
target,463,-1.0890,-5.0828,0.2702,0.0443
param,463,0.8631,0.3563,0.9380,-0.1170
pos,464,-1.0890,-5.0828,0.2702,0.0445
input,464,-0.6377,-0.0408,-0.0162,0.0894
target,464,-1.0890,-5.0828,0.2702,0.0445
param,464,0.8631,0.3563,0.9380,-0.1170
pos,465,-1.0890,-5.0828,0.2702,0.0446
input,465,-0.6282,-0.0402,-0.0159,0.0881
target,465,-1.0890,-5.0828,0.2702,0.0446
param,465,0.8631,0.3563,0.9380,-0.1170
pos,466,-1.0890,-5.0828,0.2702,0.0448
input,466,-0.6187,-0.0396,-0.0157,0.0868
target,466,-1.0890,-5.0828,0.2702,0.0448
param,466,0.8631,0.3563,0.9380,-0.1170
pos,467,-1.0890,-5.0828,0.2702,0.0449
input,467,-0.6095,-0.0390,-0.0155,0.0855
target,467,-1.0890,-5.0828,0.2702,0.0449
param,467,0.8631,0.3563,0.9380,-0.1170
pos,468,-1.0890,-5.0828,0.2702,0.0451
input,468,-0.6003,-0.0384,-0.0152,0.0842
target,468,-1.0890,-5.0828,0.2702,0.0451
param,468,0.8631,0.3563,0.9380,-0.1170
pos,469,-1.0890,-5.0828,0.2702,0.0452