pos,0,-0.8358,-2.0676,1.0799,0.0127
input,0,-0.0601,-0.0844,-0.0085,-0.0481
target,0,-1.0000,-2.0000,1.0000,0.0000
param,0,0.8634,0.3563,0.9380,-0.2000
pos,1,-0.8341,-2.0575,1.0799,0.0132
input,1,-0.0586,-0.0825,-0.0085,-0.0477
target,1,0.0000,-2.0000,1.0000,0.0000
param,1,0.8634,0.3563,0.9380,-0.2000
pos,2,-0.8324,-2.0475,1.0799,0.0140
input,2,-0.0539,-0.0861,-0.0097,-0.0477
target,2,0.0000,-2.0000,1.0000,0.0000
param,2,0.8634,0.3563,0.9380,-0.2000
pos,3,-0.8308,-2.0377,1.0802,0.0124
input,3,0.3431,0.5092,0.0256,-0.0025
target,3,0.0000,-2.0000,1.0000,0.0000
param,3,0.8634,0.3563,0.9380,-0.2000
pos,4,-0.8291,-2.0281,1.0804,0.0115
input,4,0.3522,0.5209,0.0300,-0.0004
target,4,0.0000,-2.0000,1.0000,0.0000
param,4,0.8634,0.3563,0.9380,-0.2000
pos,5,-0.8275,-2.0193,1.0806,0.0105
input,5,0.3522,0.5209,0.0300,-0.0004
target,5,0.0000,-2.0000,1.0000,0.0000
param,5,0.8634,0.3563,0.9380,-0.2000
pos,6,-0.8258,-2.0098,1.0808,0.0101
input,6,0.3522,0.5209,0.0300,-0.0004
target,6,0.0000,-2.0000,1.0000,0.0000
param,6,0.8634,0.3563,0.9380,-0.2000
pos,7,-0.8241,-2.0005,1.0811,0.0090
input,7,0.3522,0.5209,0.0300,-0.0004
target,7,0.0000,-2.0000,1.0000,0.0000
param,7,0.8634,0.3563,0.9380,-0.2000
pos,8,-0.8223,-1.9915,1.0811,0.0105
input,8,0.3522,0.5209,0.0300,-0.0004
target,8,0.0000,-2.0000,1.0000,0.0000
param,8,0.8634,0.3563,0.9380,-0.2000
pos,9,-0.8206,-1.9826,1.0812,0.0112
input,9,0.3522,0.5209,0.0300,-0.0004
target,9,0.0000,-2.0000,1.0000,0.0000
param,9,0.8634,0.3563,0.9380,-0.2000
pos,10,-0.8190,-1.9744,1.0814,0.0116
input,10,0.3522,0.5209,0.0300,-0.0004
target,10,0.0000,-2.0000,1.0000,0.0000
param,10,0.8634,0.3563,0.9380,-0.2000
pos,11,-0.8173,-1.9657,1.0816,0.0123
input,11,0.3608,0.5200,0.0233,-0.0072
target,11,0.0000,-2.0000,1.0000,0.0000
param,11,0.8634,0.3563,0.9380,-0.2000
pos,12,-0.8158,-1.9572,1.0820,0.0117
input,12,0.3608,0.5200,0.0233,-0.0072
target,12,0.0000,-2.0000,1.0000,0.0000
param,12,0.8634,0.3563,0.9380,-0.2000
pos,13,-0.8143,-1.9488,1.0822,0.0125
input,13,0.3608,0.5200,0.0233,-0.0072
target,13,0.0000,-2.0000,1.0000,0.0000
param,13,0.8634,0.3563,0.9380,-0.2000
pos,14,-0.8127,-1.9406,1.0825,0.0128
input,14,0.3608,0.5200,0.0233,-0.0072
target,14,0.0000,-2.0000,1.0000,0.0000
param,14,0.8634,0.3563,0.9380,-0.2000
pos,15,-0.8111,-1.9327,1.0828,0.0136
input,15,0.3608,0.5200,0.0233,-0.0072
target,15,0.0000,-2.0000,1.0000,0.0000
param,15,0.8634,0.3563,0.9380,-0.2000
pos,16,-0.8095,-1.9248,1.0828,0.0144
input,16,0.3608,0.5200,0.0233,-0.0072
target,16,0.0000,-2.0000,1.0000,0.0000
param,16,0.8634,0.3563,0.9380,-0.2000
pos,17,-0.8080,-1.9183,1.0831,0.0151
input,17,0.3608,0.5200,0.0233,-0.0072
target,17,0.0000,-2.0000,1.0000,0.0000
param,17,0.8634,0.3563,0.9380,-0.2000
pos,18,-0.8063,-1.9108,1.0835,0.0151
input,18,0.3608,0.5200,0.0233,-0.0072
target,18,0.0000,-2.0000,1.0000,0.0000
param,18,0.8634,0.3563,0.9380,-0.2000
pos,19,-0.8046,-1.9040,1.0838,0.0155
input,19,0.3516,0.5085,0.0194,-0.0092
target,19,0.0000,-2.0000,1.0000,0.0000
param,19,0.8634,0.3563,0.9380,-0.2000
pos,20,-0.8027,-1.8971,1.0843,0.0157
input,20,0.3651,0.5189,0.0113,-0.0155
target,20,0.0000,-2.0000,1.0000,0.0000
param,20,0.8634,0.3563,0.9380,-0.2000
pos,21,-0.8007,-1.8904,1.0847,0.0155
input,21,0.3651,0.5189,0.0113,-0.0155
target,21,0.0000,-2.0000,1.0000,0.0000
param,21,0.8634,0.3563,0.9380,-0.2000
pos,22,-0.7987,-1.8844,1.0851,0.0161
input,22,0.3651,0.5189,0.0113,-0.0155
target,22,0.0000,-2.0000,1.0000,0.0000
param,22,0.8634,0.3563,0.9380,-0.2000
pos,23,-0.7965,-1.8786,1.0855,0.0162
input,23,0.3651,0.5189,0.0113,-0.0155
target,23,0.0000,-2.0000,1.0000,0.0000
param,23,0.8634,0.3563,0.9380,-0.2000
pos,24,-0.7940,-1.8727,1.0858,0.0164
input,24,0.3651,0.5189,0.0113,-0.0155
target,24,0.0000,-2.0000,1.0000,0.0000
param,24,0.8634,0.3563,0.9380,-0.2000
pos,25,-0.7918,-1.8677,1.0862,0.0165
input,25,0.3651,0.5189,0.0113,-0.0155
target,25,0.0000,-2.0000,1.0000,0.0000
param,25,0.8634,0.3563,0.9380,-0.2000
pos,26,-0.7889,-1.8624,1.0866,0.0164
input,26,0.3634,0.5159,0.0021,-0.0267
target,26,0.0000,-2.0000,1.0000,0.0000
param,26,0.8634,0.3563,0.9380,-0.2000
pos,27,-0.7858,-1.8574,1.0871,0.0164
input,27,0.3634,0.5159,0.0021,-0.0267
target,27,0.0000,-2.0000,1.0000,0.0000
param,27,0.8633,0.3563,0.9380,-0.2000
pos,28,-0.7825,-1.8528,1.0875,0.0163
input,28,0.3634,0.5159,0.0021,-0.0267
target,28,0.0000,-2.0000,1.0000,0.0000
param,28,0.8633,0.3563,0.9380,-0.2000
pos,29,-0.7794,-1.8487,1.0879,0.0162
input,29,0.3634,0.5159,0.0021,-0.0267
target,29,0.0000,-2.0000,1.0000,0.0000
param,29,0.8633,0.3563,0.9380,-0.2000
pos,30,-0.7757,-1.8447,1.0884,0.0158
input,30,0.3542,0.5043,-0.0013,-0.0285
target,30,0.0000,-2.0000,1.0000,0.0000
param,30,0.8633,0.3563,0.9380,-0.2000
pos,31,-0.7721,-1.8412,1.0888,0.0158
input,31,0.3576,0.5125,-0.0020,-0.0360
target,31,0.0000,-2.0000,1.0000,0.0000
param,31,0.8633,0.3563,0.9380,-0.2000
pos,32,-0.7684,-1.8380,1.0892,0.0156
input,32,0.3576,0.5125,-0.0020,-0.0360
target,32,0.0000,-2.0000,1.0000,0.0000
param,32,0.8633,0.3563,0.9380,-0.2000
pos,33,-0.7647,-1.8351,1.0896,0.0155
input,33,0.3346,0.4881,-0.0045,-0.0437
target,33,0.0000,-2.0000,1.0000,0.0000
param,33,0.8633,0.3563,0.9380,-0.2000
pos,34,-0.7609,-1.8325,1.0900,0.0153
input,34,0.3150,0.4635,-0.0065,-0.0459
target,34,0.0000,-2.0000,1.0000,0.0000
param,34,0.8633,0.3563,0.9380,-0.2000
pos,35,-0.7572,-1.8302,1.0904,0.0152
input,35,0.2959,0.4395,-0.0083,-0.0479
target,35,0.0000,-2.0000,1.0000,0.0000
param,35,0.8633,0.3563,0.9380,-0.2000
pos,36,-0.7520,-1.8281,1.0907,0.0152
input,36,0.2775,0.4165,-0.0100,-0.0497
target,36,0.0000,-2.0000,1.0000,0.0000
param,36,0.8633,0.3563,0.9380,-0.2000
pos,37,-0.7469,-1.8262,1.0911,0.0151
input,37,0.2585,0.3924,-0.0118,-0.0514
target,37,0.0000,-2.0000,1.0000,0.0000
param,37,0.8633,0.3563,0.9380,-0.2000
pos,38,-0.7412,-1.8247,1.0914,0.0153
input,38,0.2403,0.3694,-0.0134,-0.0530
target,38,0.0000,-2.0000,1.0000,0.0000
param,38,0.8633,0.3563,0.9380,-0.2000
pos,39,-0.7221,-1.8287,1.0920,0.0163
input,39,0.2221,0.3465,-0.0153,-0.0545
target,39,0.0000,-2.0000,1.0000,0.0000
param,39,0.8633,0.3563,0.9380,-0.2000
pos,40,-0.7049,-1.8323,1.0926,0.0173
input,40,0.2071,0.3270,-0.0173,-0.0558
target,40,0.0000,-2.0000,1.0000,0.0000
param,40,0.8633,0.3563,0.9380,-0.2000
pos,41,-0.6891,-1.8356,1.0932,0.0180
input,41,0.1953,0.3112,-0.0190,-0.0569
target,41,0.0000,-2.0000,1.0000,0.0000
param,41,0.8633,0.3563,0.9380,-0.2000
pos,42,-0.6740,-1.8386,1.0937,0.0193
input,42,0.1855,0.2978,-0.0198,-0.0578
target,42,0.0000,-2.0000,1.0000,0.0000
param,42,0.8633,0.3563,0.9380,-0.2000
pos,43,-0.6604,-1.8413,1.0942,0.0206
input,43,0.1806,0.2912,-0.0213,-0.0580
target,43,0.0000,-2.0000,1.0000,0.0000
param,43,0.8633,0.3563,0.9380,-0.2000
pos,44,-0.6482,-1.8437,1.0946,0.0220
input,44,0.1707,0.2762,-0.0229,-0.0590
target,44,0.0000,-2.0000,1.0000,0.0000
param,44,0.8633,0.3563,0.9380,-0.2000
pos,45,-0.6356,-1.8463,1.0949,0.0234
input,45,0.1663,0.2688,-0.0243,-0.0594
target,45,0.0000,-2.0000,1.0000,0.0000
param,45,0.8633,0.3563,0.9380,-0.2000
pos,46,-0.6235,-1.8488,1.0952,0.0247
input,46,0.1614,0.2612,-0.0256,-0.0596
target,46,0.0000,-2.0000,1.0000,0.0000
param,46,0.8633,0.3563,0.9380,-0.2000
pos,47,-0.6125,-1.8512,1.0954,0.0258
input,47,0.1573,0.2545,-0.0266,-0.0598
target,47,0.0000,-2.0000,1.0000,0.0000
param,47,0.8633,0.3563,0.9380,-0.2000
pos,48,-0.6012,-1.8539,1.0956,0.0268
input,48,0.1531,0.2488,-0.0276,-0.0598
target,48,0.0000,-2.0000,1.0000,0.0000
param,48,0.8633,0.3563,0.9380,-0.2000
pos,49,-0.5903,-1.8565,1.0957,0.0273
input,49,0.1517,0.2446,-0.0279,-0.0600
target,49,0.0000,-2.0000,1.0000,0.0000
param,49,0.8633,0.3563,0.9380,-0.2000
pos,50,-0.5797,-1.8592,1.0957,0.0281
input,50,0.1491,0.2401,-0.0276,-0.0600
target,50,0.0000,-2.0000,1.0000,0.0000
param,50,0.8633,0.3563,0.9380,-0.2000
pos,51,-0.5693,-1.8621,1.0958,0.0288
input,51,0.1468,0.2362,-0.0278,-0.0599
target,51,0.0000,-2.0000,1.0000,0.0000
param,51,0.8633,0.3563,0.9380,-0.2000
pos,52,-0.5592,-1.8651,1.0958,0.0292
input,52,0.1468,0.2362,-0.0278,-0.0599
target,52,0.0000,-2.0000,1.0000,0.0000
param,52,0.8633,0.3563,0.9380,-0.2000
pos,53,-0.5491,-1.8682,1.0958,0.0298
input,53,0.1426,0.2295,-0.0269,-0.0596
target,53,0.0000,-2.0000,1.0000,0.0000
param,53,0.8633,0.3563,0.9380,-0.2000
pos,54,-0.5404,-1.8709,1.0959,0.0305
input,54,0.1426,0.2295,-0.0269,-0.0596
target,54,0.0000,-2.0000,1.0000,0.0000
param,54,0.8633,0.3563,0.9380,-0.2000
pos,55,-0.5332,-1.8731,1.0958,0.0312
input,55,0.1404,0.2256,-0.0266,-0.0592
target,55,0.0000,-2.0000,1.0000,0.0000
param,55,0.8633,0.3563,0.9380,-0.2000
pos,56,-0.5267,-1.8752,1.0958,0.0317
input,56,0.1404,0.2256,-0.0266,-0.0592
target,56,0.0000,-2.0000,1.0000,0.0000
param,56,0.8633,0.3563,0.9380,-0.2000
pos,57,-0.5158,-1.8793,1.0957,0.0317
input,57,0.1441,0.2283,-0.0264,-0.0588
target,57,0.0000,-2.0000,1.0000,0.0000
param,57,0.8633,0.3563,0.9380,-0.2000
pos,58,-0.5050,-1.8837,1.0956,0.0321
input,58,0.1404,0.2244,-0.0252,-0.0584
target,58,0.0000,-2.0000,1.0000,0.0000
param,58,0.8633,0.3563,0.9380,-0.2000
pos,59,-0.4944,-1.8881,1.0955,0.0316
input,59,0.1369,0.2208,-0.0248,-0.0582
target,59,0.0000,-2.0000,1.0000,0.0000
param,59,0.8633,0.3563,0.9380,-0.2000
pos,60,-0.4839,-1.8926,1.0953,0.0311
input,60,0.1334,0.2175,-0.0232,-0.0580
target,60,0.0000,-2.0000,1.0000,0.0000
param,60,0.8633,0.3563,0.9380,-0.2000
pos,61,-0.4734,-1.8973,1.0952,0.0316
input,61,0.1301,0.2145,-0.0215,-0.0578
target,61,0.0000,-2.0000,1.0000,0.0000
param,61,0.8633,0.3563,0.9380,-0.2000
pos,62,-0.4632,-1.9018,1.0950,0.0309
input,62,0.1270,0.2117,-0.0214,-0.0575
target,62,0.0000,-2.0000,1.0000,0.0000
param,62,0.8633,0.3563,0.9380,-0.2000
pos,63,-0.4543,-1.9058,1.0948,0.0303
input,63,0.1240,0.2091,-0.0197,-0.0573
target,63,0.0000,-2.0000,1.0000,0.0000
param,63,0.8633,0.3563,0.9380,-0.2000
pos,64,-0.4447,-1.9104,1.0945,0.0295
input,64,0.1240,0.2091,-0.0197,-0.0573
target,64,0.0000,-2.0000,1.0000,0.0000
param,64,0.8633,0.3563,0.9380,-0.2000
pos,65,-0.4343,-1.9153,1.0942,0.0286
input,65,0.1206,0.2069,-0.0162,-0.0567
target,65,0.0000,-2.0000,1.0000,0.0000
param,65,0.8633,0.3563,0.9380,-0.2000
pos,66,-0.4256,-1.9195,1.0939,0.0279
input,66,0.1173,0.2044,-0.0144,-0.0564
target,66,0.0000,-2.0000,1.0000,0.0000
param,66,0.8633,0.3563,0.9380,-0.2000
pos,67,-0.4156,-1.9247,1.0939,0.0250
input,67,0.1173,0.2044,-0.0144,-0.0564
target,67,0.0000,-2.0000,1.0000,0.0000
param,67,0.8633,0.3563,0.9380,-0.2000
pos,68,-0.4070,-1.9291,1.0938,0.0223
input,68,0.1126,0.2015,-0.0080,-0.0559
target,68,0.0000,-2.0000,1.0000,0.0000
param,68,0.8633,0.3563,0.9380,-0.2000
pos,69,-0.3981,-1.9337,1.0936,0.0206
input,69,0.1126,0.2015,-0.0080,-0.0559
target,69,0.0000,-2.0000,1.0000,0.0000
param,69,0.8633,0.3563,0.9380,-0.2000
pos,70,-0.3896,-1.9380,1.0933,0.0202
input,70,0.1089,0.1997,-0.0011,-0.0556
target,70,0.0000,-2.0000,1.0000,0.0000
param,70,0.8633,0.3563,0.9380,-0.2000
pos,71,-0.3828,-1.9415,1.0929,0.0200
input,71,0.1089,0.1997,-0.0011,-0.0556
target,71,0.0000,-2.0000,1.0000,0.0000
param,71,0.8633,0.3563,0.9380,-0.2000
pos,72,-0.3776,-1.9443,1.0926,0.0199
input,72,0.1089,0.1997,-0.0011,-0.0556
target,72,0.0000,-2.0000,1.0000,0.0000
param,72,0.8633,0.3563,0.9380,-0.2000
pos,73,-0.3736,-1.9464,1.0922,0.0198
input,73,0.1089,0.1997,-0.0011,-0.0556
target,73,0.0000,-2.0000,1.0000,0.0000
param,73,0.8633,0.3563,0.9380,-0.2000
pos,74,-0.3657,-1.9507,1.0919,0.0188
input,74,0.1089,0.1997,-0.0011,-0.0556
target,74,0.0000,-2.0000,1.0000,0.0000
param,74,0.8633,0.3563,0.9380,-0.2000
pos,75,-0.3595,-1.9542,1.0916,0.0178
input,75,0.1059,0.1953,-0.0021,-0.0554
target,75,0.0000,-2.0000,1.0000,0.0000
param,75,0.8633,0.3563,0.9380,-0.2000
pos,76,-0.3545,-1.9570,1.0913,0.0170
input,76,0.0987,0.1918,-0.0003,-0.0540
target,76,0.0000,-2.0000,1.0000,0.0000
param,76,0.8633,0.3563,0.9380,-0.2000
pos,77,-0.3500,-1.9596,1.0910,0.0171
input,77,0.0978,0.1931,0.0018,-0.0542
target,77,0.0000,-2.0000,1.0000,0.0000
param,77,0.8633,0.3563,0.9380,-0.2000
pos,78,-0.3422,-1.9638,1.0907,0.0164
input,78,0.0951,0.1889,0.0007,-0.0540
target,78,0.0000,-2.0000,1.0000,0.0000
param,78,0.8633,0.3563,0.9380,-0.2000
pos,79,-0.3356,-1.9673,1.0903,0.0158
input,79,0.0906,0.1858,0.0008,-0.0537
target,79,0.0000,-2.0000,1.0000,0.0000
param,79,0.8633,0.3563,0.9380,-0.2000
pos,80,-0.3297,-1.9706,1.0901,0.0158
input,80,0.0837,0.1796,0.0013,-0.0536
target,80,0.0000,-2.0000,1.0000,0.0000
param,80,0.8633,0.3563,0.9380,-0.2000
pos,81,-0.3248,-1.9734,1.0898,0.0158
input,81,0.0761,0.1746,0.0017,-0.0538
target,81,0.0000,-2.0000,1.0000,0.0000
param,81,0.8633,0.3563,0.9380,-0.2000
pos,82,-0.3162,-1.9779,1.0895,0.0154
input,82,0.0728,0.1718,0.0008,-0.0538
target,82,0.0000,-2.0000,1.0000,0.0000
param,82,0.8633,0.3563,0.9380,-0.2000
pos,83,-0.3077,-1.9824,1.0892,0.0109
input,83,0.0643,0.1638,0.0008,-0.0537
target,83,0.0000,-2.0000,1.0000,0.0000
param,83,0.8633,0.3563,0.9380,-0.2000
pos,84,-0.2995,-1.9867,1.0889,0.0098
input,84,0.0559,0.1559,0.0064,-0.0537
target,84,0.0000,-2.0000,1.0000,0.0000
param,84,0.8633,0.3563,0.9380,-0.2000
pos,85,-0.2914,-1.9908,1.0886,0.0091
input,85,0.0483,0.1486,0.0067,-0.0538
target,85,0.0000,-2.0000,1.0000,0.0000
param,85,0.8633,0.3563,0.9380,-0.2000
pos,86,-0.2836,-1.9949,1.0883,0.0077
input,86,0.0412,0.1417,0.0066,-0.0538
target,86,0.0000,-2.0000,1.0000,0.0000
param,86,0.8633,0.3563,0.9380,-0.2000
pos,87,-0.2760,-1.9989,1.0883,0.0049
input,87,0.0344,0.1354,0.0073,-0.0539
target,87,0.0000,-2.0000,1.0000,0.0000
param,87,0.8633,0.3563,0.9380,-0.2000
pos,88,-0.2684,-2.0030,1.0882,0.0022
input,88,0.0279,0.1292,0.0103,-0.0541
target,88,0.0000,-2.0000,1.0000,0.0000
param,88,0.8633,0.3563,0.9380,-0.2000
pos,89,-0.2620,-2.0064,1.0881,-0.0003
input,89,0.0268,0.1266,0.0093,-0.0537
target,89,0.0000,-2.0000,1.0000,0.0000
param,89,0.8633,0.3563,0.9380,-0.2000
pos,90,-0.2546,-2.0104,1.0881,-0.0024
input,90,0.0172,0.1189,0.0154,-0.0544
target,90,0.0000,-2.0000,1.0000,0.0000
param,90,0.8633,0.3563,0.9380,-0.2000
pos,91,-0.2473,-2.0142,1.0880,-0.0049
input,91,0.0115,0.1135,0.0172,-0.0546
target,91,0.0000,-2.0000,1.0000,0.0000
param,91,0.8633,0.3563,0.9380,-0.2000
pos,92,-0.2400,-2.0181,1.0879,-0.0072
input,92,0.0107,0.1113,0.0162,-0.0541
target,92,0.0000,-2.0000,1.0000,0.0000
param,92,0.8633,0.3563,0.9380,-0.2000
pos,93,-0.2332,-2.0218,1.0879,-0.0092
input,93,0.0055,0.1062,0.0183,-0.0542
target,93,0.0000,-2.0000,1.0000,0.0000
param,93,0.8633,0.3563,0.9380,-0.2000
pos,94,-0.2270,-2.0251,1.0879,-0.0111
input,94,0.0003,0.1012,0.0204,-0.0543
target,94,0.0000,-2.0000,1.0000,0.0000
param,94,0.8633,0.3563,0.9380,-0.2000
pos,95,-0.2217,-2.0280,1.0878,-0.0129
input,95,-0.0068,0.0959,0.0242,-0.0551
target,95,0.0000,-2.0000,1.0000,0.0000
param,95,0.8633,0.3563,0.9380,-0.2000
pos,96,-0.2144,-2.0319,1.0876,-0.0113
input,96,-0.0068,0.0959,0.0242,-0.0551
target,96,0.0000,-2.0000,1.0000,0.0000
param,96,0.8633,0.3563,0.9380,-0.2000
pos,97,-0.2077,-2.0353,1.0874,-0.0111
input,97,-0.0135,0.0898,0.0216,-0.0550
target,97,0.0000,-2.0000,1.0000,0.0000
param,97,0.8633,0.3563,0.9380,-0.2000
pos,98,-0.2007,-2.0388,1.0872,-0.0113
input,98,-0.0137,0.0882,0.0206,-0.0545
target,98,0.0000,-2.0000,1.0000,0.0000
param,98,0.8633,0.3563,0.9380,-0.2000
pos,99,-0.1939,-2.0424,1.0870,-0.0104
input,99,-0.0173,0.0849,0.0190,-0.0546
target,99,0.0000,-2.0000,1.0000,0.0000
param,99,0.8633,0.3563,0.9380,-0.2000
pos,100,-0.1872,-2.0459,1.0868,-0.0092
input,100,-0.0214,0.0810,0.0180,-0.0545
target,100,0.0000,-2.0000,1.0000,0.0000
param,100,0.8633,0.3563,0.9380,-0.2000
pos,101,-0.1811,-2.0489,1.0867,-0.0089
input,101,-0.0252,0.0775,0.0153,-0.0545
target,101,0.0000,-2.0000,1.0000,0.0000
param,101,0.8634,0.3563,0.9380,-0.2000
pos,102,-0.1751,-2.0519,1.0865,-0.0088
input,102,-0.0316,0.0732,0.0116,-0.0551
target,102,0.0000,-2.0000,1.0000,0.0000
param,102,0.8634,0.3563,0.9380,-0.2000
pos,103,-0.1699,-2.0544,1.0864,-0.0087
input,103,-0.0340,0.0708,0.0106,-0.0550
target,103,0.0000,-2.0000,1.0000,0.0000
param,103,0.8634,0.3563,0.9380,-0.2000
pos,104,-0.1640,-2.0576,1.0863,-0.0068
input,104,-0.0340,0.0708,0.0106,-0.0550
target,104,-2.0000,-2.0000,1.0000,0.0000
param,104,0.8634,0.3563,0.9380,-0.2000
pos,105,-0.1577,-2.0606,1.0863,-0.0064
input,105,-0.0337,0.0696,0.0099,-0.0544
target,105,-2.0000,-2.0000,1.0000,0.0000
param,105,0.8634,0.3563,0.9380,-0.2000
pos,106,-0.1516,-2.0636,1.0862,-0.0060
input,106,-0.3680,-0.5203,0.0319,0.0093
target,106,-2.0000,-2.0000,1.0000,0.0000
param,106,0.8634,0.3563,0.9380,-0.2000
pos,107,-0.1464,-2.0661,1.0862,-0.0056
input,107,-0.3680,-0.5203,0.0319,0.0093
target,107,-2.0000,-2.0000,1.0000,0.0000
param,107,0.8634,0.3563,0.9380,-0.2000
pos,108,-0.1406,-2.0691,1.0865,-0.0063
input,108,-0.3680,-0.5203,0.0319,0.0093
target,108,-2.0000,-2.0000,1.0000,0.0000
param,108,0.8634,0.3563,0.9380,-0.2000
pos,109,-0.1348,-2.0721,1.0865,-0.0093
input,109,-0.3680,-0.5203,0.0319,0.0093
target,109,-2.0000,-2.0000,1.0000,0.0000
param,109,0.8634,0.3563,0.9380,-0.2000
pos,110,-0.1299,-2.0747,1.0865,-0.0122
input,110,-0.3680,-0.5203,0.0319,0.0093
target,110,-2.0000,-2.0000,1.0000,0.0000
param,110,0.8634,0.3563,0.9380,-0.2000
pos,111,-0.1243,-2.0772,1.0868,-0.0149
input,111,-0.3680,-0.5203,0.0319,0.0093
target,111,-2.0000,-2.0000,1.0000,0.0000
param,111,0.8634,0.3563,0.9380,-0.2000
pos,112,-0.1196,-2.0794,1.0871,-0.0173
input,112,-0.3680,-0.5203,0.0319,0.0093
target,112,-2.0000,-2.0000,1.0000,0.0000
param,112,0.8634,0.3563,0.9380,-0.2000
pos,113,-0.1142,-2.0821,1.0872,-0.0151
input,113,-0.3680,-0.5203,0.0319,0.0093
target,113,-2.0000,-2.0000,1.0000,0.0000
param,113,0.8634,0.3563,0.9380,-0.2000
pos,114,-0.1092,-2.0845,1.0872,-0.0140
input,114,-0.3680,-0.5203,0.0319,0.0093
target,114,-2.0000,-2.0000,1.0000,0.0000
param,114,0.8634,0.3563,0.9380,-0.2000
pos,115,-0.1046,-2.0869,1.0876,-0.0146
input,115,-0.3680,-0.5203,0.0319,0.0093
target,115,-2.0000,-2.0000,1.0000,0.0000
param,115,0.8634,0.3563,0.9380,-0.2000
pos,116,-0.1000,-2.0893,1.0880,-0.0155
input,116,-0.3680,-0.5203,0.0319,0.0093
target,116,-2.0000,-2.0000,1.0000,0.0000
param,116,0.8634,0.3563,0.9380,-0.2000
pos,117,-0.0962,-2.0913,1.0883,-0.0163
input,117,-0.3680,-0.5203,0.0319,0.0093
target,117,-2.0000,-2.0000,1.0000,0.0000
param,117,0.8634,0.3563,0.9380,-0.2000
pos,118,-0.0926,-2.0931,1.0887,-0.0172
input,118,-0.3680,-0.5203,0.0319,0.0093
target,118,-2.0000,-2.0000,1.0000,0.0000
param,118,0.8634,0.3563,0.9380,-0.2000
pos,119,-0.0886,-2.0951,1.0889,-0.0160
input,119,-0.3585,-0.5180,0.0366,0.0078
target,119,-2.0000,-2.0000,1.0000,0.0000
param,119,0.8634,0.3563,0.9380,-0.2000
pos,120,-0.0848,-2.0969,1.0891,-0.0149
input,120,-0.3585,-0.5180,0.0366,0.0078
target,120,-2.0000,-2.0000,1.0000,0.0000
param,120,0.8634,0.3563,0.9380,-0.2000
pos,121,-0.0814,-2.0987,1.0895,-0.0159
input,121,-0.3585,-0.5180,0.0366,0.0078
target,121,-2.0000,-2.0000,1.0000,0.0000
param,121,0.8634,0.3563,0.9380,-0.2000
pos,122,-0.0783,-2.1004,1.0901,-0.0168
input,122,-0.3585,-0.5180,0.0366,0.0078
target,122,-2.0000,-2.0000,1.0000,0.0000
param,122,0.8634,0.3563,0.9380,-0.2000
pos,123,-0.0755,-2.1018,1.0905,-0.0184
input,123,-0.3585,-0.5180,0.0366,0.0078
target,123,-2.0000,-2.0000,1.0000,0.0000
param,123,0.8634,0.3563,0.9380,-0.2000
pos,124,-0.0730,-2.1030,1.0910,-0.0191
input,124,-0.3585,-0.5180,0.0366,0.0078
target,124,-2.0000,-2.0000,1.0000,0.0000
param,124,0.8634,0.3563,0.9380,-0.2000
pos,125,-0.0709,-2.1040,1.0914,-0.0204
input,125,-0.3585,-0.5180,0.0366,0.0078
target,125,-2.0000,-2.0000,1.0000,0.0000
param,125,0.8634,0.3563,0.9380,-0.2000
pos,126,-0.0690,-2.1049,1.0919,-0.0212
input,126,-0.3585,-0.5180,0.0366,0.0078
target,126,-2.0000,-2.0000,1.0000,0.0000
param,126,0.8634,0.3563,0.9380,-0.2000
pos,127,-0.0675,-2.1057,1.0923,-0.0215
input,127,-0.3585,-0.5180,0.0366,0.0078
target,127,-2.0000,-2.0000,1.0000,0.0000
param,127,0.8634,0.3563,0.9380,-0.2000
pos,128,-0.0661,-2.1062,1.0927,-0.0222
input,128,-0.3585,-0.5180,0.0366,0.0078
target,128,-2.0000,-2.0000,1.0000,0.0000
param,128,0.8634,0.3563,0.9380,-0.2000
pos,129,-0.0651,-2.1065,1.0932,-0.0227
input,129,-0.3495,-0.5156,0.0403,0.0053
target,129,-2.0000,-2.0000,1.0000,0.0000
param,129,0.8634,0.3563,0.9380,-0.2000
pos,130,-0.0644,-2.1065,1.0936,-0.0231
input,130,-0.3495,-0.5156,0.0403,0.0053
target,130,-2.0000,-2.0000,1.0000,0.0000
param,130,0.8633,0.3563,0.9380,-0.2000
pos,131,-0.0640,-2.1062,1.0941,-0.0232
input,131,-0.3495,-0.5156,0.0403,0.0053
target,131,-2.0000,-2.0000,1.0000,0.0000
param,131,0.8633,0.3563,0.9380,-0.2000
pos,132,-0.0638,-2.1058,1.0945,-0.0235
input,132,-0.3495,-0.5156,0.0403,0.0053
target,132,-2.0000,-2.0000,1.0000,0.0000
param,132,0.8633,0.3563,0.9380,-0.2000
pos,133,-0.0641,-2.1052,1.0950,-0.0236
input,133,-0.3495,-0.5156,0.0403,0.0053
target,133,-2.0000,-2.0000,1.0000,0.0000
param,133,0.8633,0.3563,0.9380,-0.2000
pos,134,-0.0645,-2.1044,1.0954,-0.0239
input,134,-0.3495,-0.5156,0.0403,0.0053
target,134,-2.0000,-2.0000,1.0000,0.0000
param,134,0.8633,0.3563,0.9380,-0.2000
pos,135,-0.0653,-2.1033,1.0958,-0.0241
input,135,-0.3495,-0.5156,0.0403,0.0053
target,135,-2.0000,-2.0000,1.0000,0.0000
param,135,0.8633,0.3563,0.9380,-0.2000
pos,136,-0.0662,-2.1021,1.0962,-0.0243
input,136,-0.3401,-0.5131,0.0434,0.0033
target,136,-2.0000,-2.0000,1.0000,0.0000
param,136,0.8633,0.3563,0.9380,-0.2000
pos,137,-0.0671,-2.1010,1.0966,-0.0245
input,137,-0.3401,-0.5131,0.0434,0.0033
target,137,-2.0000,-2.0000,1.0000,0.0000
param,137,0.8633,0.3563,0.9380,-0.2000
pos,138,-0.0680,-2.1001,1.0970,-0.0247
input,138,-0.3401,-0.5131,0.0434,0.0033
target,138,-2.0000,-2.0000,1.0000,0.0000
param,138,0.8633,0.3563,0.9380,-0.2000
pos,139,-0.0688,-2.0992,1.0973,-0.0249
input,139,-0.3401,-0.5131,0.0434,0.0033
target,139,-2.0000,-2.0000,1.0000,0.0000
param,139,0.8633,0.3563,0.9380,-0.2000
pos,140,-0.0697,-2.0983,1.0975,-0.0252
input,140,-0.3401,-0.5131,0.0434,0.0033
target,140,-2.0000,-2.0000,1.0000,0.0000
param,140,0.8633,0.3563,0.9380,-0.2000
pos,141,-0.0705,-2.0975,1.0978,-0.0255
input,141,-0.3401,-0.5131,0.0434,0.0033
target,141,-2.0000,-2.0000,1.0000,0.0000
param,141,0.8633,0.3563,0.9380,-0.2000
pos,142,-0.0836,-2.0917,1.0984,-0.0255
input,142,-0.3301,-0.5107,0.0456,0.0014
target,142,-2.0000,-2.0000,1.0000,0.0000
param,142,0.8633,0.3563,0.9380,-0.2000
pos,143,-0.0949,-2.0868,1.0990,-0.0254
input,143,-0.3301,-0.5107,0.0456,0.0014
target,143,-2.0000,-2.0000,1.0000,0.0000
param,143,0.8633,0.3563,0.9380,-0.2000
pos,144,-0.1047,-2.0825,1.0995,-0.0251
input,144,-0.3301,-0.5107,0.0456,0.0014
target,144,-2.0000,-2.0000,1.0000,0.0000
param,144,0.8633,0.3563,0.9380,-0.2000
pos,145,-0.1131,-2.0789,1.1000,-0.0248
input,145,-0.3301,-0.5107,0.0456,0.0014
target,145,-2.0000,-2.0000,1.0000,0.0000
param,145,0.8633,0.3563,0.9380,-0.2000
pos,146,-0.1203,-2.0757,1.1004,-0.0243
input,146,-0.3301,-0.5107,0.0456,0.0014
target,146,-2.0000,-2.0000,1.0000,0.0000
param,146,0.8633,0.3563,0.9380,-0.2000
pos,147,-0.1265,-2.0730,1.1007,-0.0237
input,147,-0.3215,-0.4996,0.0399,-0.0009
target,147,-2.0000,-2.0000,1.0000,0.0000
param,147,0.8633,0.3563,0.9380,-0.2000
pos,148,-0.1318,-2.0707,1.1010,-0.0231
input,148,-0.3215,-0.4996,0.0399,-0.0009
target,148,-2.0000,-2.0000,1.0000,0.0000
param,148,0.8633,0.3563,0.9380,-0.2000
pos,149,-0.1364,-2.0687,1.1013,-0.0223
input,149,-0.3215,-0.4996,0.0399,-0.0009
target,149,-2.0000,-2.0000,1.0000,0.0000
param,149,0.8633,0.3563,0.9380,-0.2000
pos,150,-0.1404,-2.0670,1.1015,-0.0215
input,150,-0.3301,-0.5107,0.0456,0.0014
target,150,-2.0000,-2.0000,1.0000,0.0000
param,150,0.8633,0.3563,0.9380,-0.2000
pos,151,-0.1438,-2.0656,1.1017,-0.0206
input,151,-0.3301,-0.5107,0.0456,0.0014
target,151,-2.0000,-2.0000,1.0000,0.0000
param,151,0.8633,0.3563,0.9380,-0.2000
pos,152,-0.1468,-2.0643,1.1019,-0.0196
input,152,-0.3301,-0.5107,0.0456,0.0014
target,152,-2.0000,-2.0000,1.0000,0.0000
param,152,0.8633,0.3563,0.9380,-0.2000
pos,153,-0.1493,-2.0633,1.1021,-0.0186
input,153,-0.3301,-0.5107,0.0456,0.0014
target,153,-2.0000,-2.0000,1.0000,0.0000
param,153,0.8633,0.3563,0.9380,-0.2000
pos,154,-0.1515,-2.0624,1.1022,-0.0175
input,154,-0.3301,-0.5107,0.0456,0.0014
target,154,-2.0000,-2.0000,1.0000,0.0000
param,154,0.8633,0.3563,0.9380,-0.2000
pos,155,-0.1533,-2.0617,1.1024,-0.0163
input,155,-0.3301,-0.5107,0.0456,0.0014
target,155,-2.0000,-2.0000,1.0000,0.0000
param,155,0.8633,0.3563,0.9380,-0.2000
pos,156,-0.1548,-2.0611,1.1025,-0.0152
input,156,-0.3301,-0.5107,0.0456,0.0014
target,156,-2.0000,-2.0000,1.0000,0.0000
param,156,0.8633,0.3563,0.9380,-0.2000
pos,157,-0.1561,-2.0607,1.1026,-0.0139
input,157,-0.3301,-0.5107,0.0456,0.0014
target,157,-2.0000,-2.0000,1.0000,0.0000
param,157,0.8633,0.3563,0.9380,-0.2000
pos,158,-0.1572,-2.0603,1.1026,-0.0127
input,158,-0.3301,-0.5107,0.0456,0.0014
target,158,-2.0000,-2.0000,1.0000,0.0000
param,158,0.8633,0.3563,0.9380,-0.2000
pos,159,-0.1581,-2.0600,1.1027,-0.0115
input,159,-0.3301,-0.5107,0.0456,0.0014
target,159,-2.0000,-2.0000,1.0000,0.0000
param,159,0.8633,0.3563,0.9380,-0.2000
pos,160,-0.1590,-2.0597,1.1028,-0.0103
input,160,-0.3301,-0.5107,0.0456,0.0014
target,160,-2.0000,-2.0000,1.0000,0.0000
param,160,0.8632,0.3563,0.9380,-0.2000
pos,161,-0.1597,-2.0595,1.1029,-0.0090
input,161,-0.3301,-0.5107,0.0456,0.0014
target,161,-2.0000,-2.0000,1.0000,0.0000
param,161,0.8632,0.3563,0.9380,-0.2000
pos,162,-0.1603,-2.0593,1.1029,-0.0078
input,162,-0.3301,-0.5107,0.0456,0.0014
target,162,-2.0000,-2.0000,1.0000,0.0000
param,162,0.8632,0.3563,0.9380,-0.2000
pos,163,-0.1608,-2.0591,1.1030,-0.0065
input,163,-0.3301,-0.5107,0.0456,0.0014
target,163,-2.0000,-2.0000,1.0000,0.0000
param,163,0.8632,0.3563,0.9380,-0.2000
pos,164,-0.1858,-2.0364,1.1031,-0.0124
input,164,-0.3301,-0.5107,0.0456,0.0014
target,164,-2.0000,-2.0000,1.0000,0.0000
param,164,0.8632,0.3563,0.9380,-0.2000
pos,165,-0.2079,-2.0164,1.1031,-0.0169
input,165,-0.3156,-0.5104,0.0404,-0.0008
target,165,-2.0000,-2.0000,1.0000,0.0000
param,165,0.8632,0.3563,0.9380,-0.2000
pos,166,-0.2269,-1.9992,1.1032,-0.0201
input,166,-0.3156,-0.5104,0.0404,-0.0008
target,166,-2.0000,-2.0000,1.0000,0.0000
param,166,0.8632,0.3563,0.9380,-0.2000
pos,167,-0.2433,-1.9844,1.1033,-0.0224
input,167,-0.3020,-0.5055,0.0483,-0.0015
target,167,-2.0000,-2.0000,1.0000,0.0000
param,167,0.8633,0.3563,0.9380,-0.2000
pos,168,-0.2626,-1.9672,1.1033,-0.0262
input,168,-0.3020,-0.5055,0.0483,-0.0015
target,168,-2.0000,-2.0000,1.0000,0.0000
param,168,0.8633,0.3563,0.9380,-0.2000
pos,169,-0.2806,-1.9511,1.1032,-0.0286
input,169,-0.2896,-0.5006,0.0542,-0.0023
target,169,-2.0000,-2.0000,1.0000,0.0000
param,169,0.8633,0.3563,0.9380,-0.2000
pos,170,-0.2975,-1.9361,1.1030,-0.0280
input,170,-0.2896,-0.5006,0.0542,-0.0023
target,170,-2.0000,-2.0000,1.0000,0.0000
param,170,0.8633,0.3563,0.9380,-0.2000
pos,171,-0.3131,-1.9224,1.1030,-0.0301
input,171,-0.2772,-0.4965,0.0574,-0.0029
target,171,-2.0000,-2.0000,1.0000,0.0000
param,171,0.8633,0.3563,0.9380,-0.2000
pos,172,-0.3288,-1.9086,1.1028,-0.0313
input,172,-0.2772,-0.4965,0.0574,-0.0029
target,172,-2.0000,-2.0000,1.0000,0.0000
param,172,0.8633,0.3563,0.9380,-0.2000
pos,173,-0.3440,-1.8955,1.1027,-0.0323
input,173,-0.2657,-0.4919,0.0613,-0.0037
target,173,-2.0000,-2.0000,1.0000,0.0000
param,173,0.8633,0.3563,0.9380,-0.2000
pos,174,-0.3588,-1.8828,1.1027,-0.0322
input,174,-0.2657,-0.4919,0.0613,-0.0037
target,174,-2.0000,-2.0000,1.0000,0.0000
param,174,0.8633,0.3563,0.9380,-0.2000
pos,175,-0.3732,-1.8706,1.1025,-0.0316
input,175,-0.2546,-0.4879,0.0635,-0.0045
target,175,-2.0000,-2.0000,1.0000,0.0000
param,175,0.8633,0.3563,0.9380,-0.2000
pos,176,-0.3873,-1.8586,1.1023,-0.0322
input,176,-0.2546,-0.4879,0.0635,-0.0045
target,176,-2.0000,-2.0000,1.0000,0.0000
param,176,0.8633,0.3563,0.9380,-0.2000
pos,177,-0.3995,-1.8482,1.1021,-0.0322
input,177,-0.2438,-0.4842,0.0649,-0.0052
target,177,-2.0000,-2.0000,1.0000,0.0000
param,177,0.8633,0.3563,0.9380,-0.2000
pos,178,-0.4134,-1.8367,1.1020,-0.0314
input,178,-0.2438,-0.4842,0.0649,-0.0052
target,178,-2.0000,-2.0000,1.0000,0.0000
param,178,0.8633,0.3563,0.9380,-0.2000
pos,179,-0.4270,-1.8255,1.1017,-0.0290
input,179,-0.2339,-0.4808,0.0657,-0.0060
target,179,-2.0000,-2.0000,1.0000,0.0000
param,179,0.8633,0.3563,0.9380,-0.2000
pos,180,-0.4408,-1.8142,1.1015,-0.0289
input,180,-0.2339,-0.4808,0.0657,-0.0060
target,180,-2.0000,-2.0000,1.0000,0.0000
param,180,0.8634,0.3563,0.9380,-0.2000
pos,181,-0.4535,-1.8038,1.1014,-0.0281
input,181,-0.2233,-0.4777,0.0655,-0.0067
target,181,-2.0000,-2.0000,1.0000,0.0000
param,181,0.8634,0.3563,0.9380,-0.2000
pos,182,-0.4673,-1.7927,1.1012,-0.0276
input,182,-0.2233,-0.4777,0.0655,-0.0067
target,182,-2.0000,-2.0000,1.0000,0.0000
param,182,0.8634,0.3563,0.9380,-0.2000
pos,183,-0.4790,-1.7832,1.1011,-0.0267
input,183,-0.2130,-0.4742,0.0659,-0.0076
target,183,-2.0000,-2.0000,1.0000,0.0000
param,183,0.8634,0.3563,0.9380,-0.2000
pos,184,-0.4927,-1.7724,1.1008,-0.0242
input,184,-0.2130,-0.4742,0.0659,-0.0076
target,184,-2.0000,-2.0000,1.0000,0.0000
param,184,0.8634,0.3563,0.9380,-0.2000
pos,185,-0.5064,-1.7615,1.1004,-0.0216
input,185,-0.2030,-0.4715,0.0646,-0.0084
target,185,-2.0000,-2.0000,1.0000,0.0000
param,185,0.8634,0.3563,0.9380,-0.2000
pos,186,-0.5204,-1.7505,1.1001,-0.0195
input,186,-0.2030,-0.4715,0.0646,-0.0084
target,186,-2.0000,-2.0000,1.0000,0.0000
param,186,0.8634,0.3563,0.9380,-0.2000
pos,187,-0.5344,-1.7397,1.0998,-0.0171
input,187,-0.1919,-0.4687,0.0628,-0.0092
target,187,-2.0000,-2.0000,1.0000,0.0000
param,187,0.8634,0.3563,0.9380,-0.2000
pos,188,-0.5474,-1.7297,1.0996,-0.0149
input,188,-0.1919,-0.4687,0.0628,-0.0092
target,188,-2.0000,-2.0000,1.0000,0.0000
param,188,0.8634,0.3563,0.9380,-0.2000
pos,189,-0.5616,-1.7188,1.0994,-0.0130
input,189,-0.1812,-0.4660,0.0609,-0.0101
target,189,-2.0000,-2.0000,1.0000,0.0000
param,189,0.8634,0.3563,0.9380,-0.2000
pos,190,-0.5759,-1.7081,1.0992,-0.0112
input,190,-0.1812,-0.4660,0.0609,-0.0101
target,190,-2.0000,-2.0000,1.0000,0.0000
param,190,0.8634,0.3563,0.9380,-0.2000
pos,191,-0.5904,-1.6972,1.0993,-0.0117
input,191,-0.1697,-0.4624,0.0597,-0.0111
target,191,-2.0000,-2.0000,1.0000,0.0000
param,191,0.8634,0.3563,0.9380,-0.2000
pos,192,-0.6049,-1.6865,1.0993,-0.0122
input,192,-0.1697,-0.4624,0.0597,-0.0111
target,192,-2.0000,-2.0000,1.0000,0.0000
param,192,0.8634,0.3563,0.9380,-0.2000
pos,193,-0.6192,-1.6760,1.0992,-0.0103
input,193,-0.1578,-0.4564,0.0614,-0.0122
target,193,-2.0000,-2.0000,1.0000,0.0000
param,193,0.8634,0.3563,0.9380,-0.2000
pos,194,-0.6334,-1.6656,1.0991,-0.0087
input,194,-0.1578,-0.4564,0.0614,-0.0122
target,194,-2.0000,-2.0000,1.0000,0.0000
param,194,0.8634,0.3563,0.9380,-0.2000
pos,195,-0.6479,-1.6551,1.0992,-0.0080
input,195,-0.1464,-0.4524,0.0595,-0.0133
target,195,-2.0000,-2.0000,1.0000,0.0000
param,195,0.8634,0.3563,0.9380,-0.2000
pos,196,-0.6623,-1.6449,1.0991,-0.0062
input,196,-0.1464,-0.4524,0.0595,-0.0133
target,196,-2.0000,-2.0000,1.0000,0.0000
param,196,0.8634,0.3563,0.9380,-0.2000
pos,197,-0.6747,-1.6361,1.0991,-0.0040
input,197,-0.1348,-0.4477,0.0586,-0.0145
target,197,-2.0000,-2.0000,1.0000,0.0000
param,197,0.8634,0.3563,0.9380,-0.2000
pos,198,-0.6865,-1.6276,1.0992,-0.0037
input,198,-0.1348,-0.4477,0.0586,-0.0145
target,198,-2.0000,-2.0000,1.0000,0.0000
param,198,0.8634,0.3563,0.9380,-0.2000
pos,199,-0.7018,-1.6170,1.0993,-0.0035
input,199,-0.1348,-0.4477,0.0586,-0.0145
target,199,-2.0000,-2.0000,1.0000,0.0000
param,199,0.8634,0.3563,0.9380,-0.2000
pos,200,-0.7169,-1.6065,1.0993,-0.0016
input,200,-0.1194,-0.4409,0.0577,-0.0157
target,200,-2.0000,-2.0000,1.0000,0.0000
param,200,0.8634,0.3563,0.9380,-0.2000
pos,201,-0.7308,-1.5969,1.0993,-0.0000
input,201,-0.1194,-0.4409,0.0577,-0.0157
target,201,-2.0000,-2.0000,1.0000,0.0000
param,201,0.8634,0.3563,0.9380,-0.2000
pos,202,-0.7460,-1.5865,1.0994,-0.0006
input,202,-0.1078,-0.4363,0.0554,-0.0173
target,202,-2.0000,-2.0000,1.0000,0.0000
param,202,0.8634,0.3563,0.9380,-0.2000
pos,203,-0.7610,-1.5763,1.0996,-0.0013
input,203,-0.1078,-0.4363,0.0554,-0.0173
target,203,-2.0000,-2.0000,1.0000,0.0000
param,203,0.8634,0.3563,0.9380,-0.2000
pos,204,-0.7758,-1.5663,1.0997,-0.0029
input,204,-0.0952,-0.4287,0.0568,-0.0186
target,204,-2.0000,-2.0000,1.0000,0.0000
param,204,0.8634,0.3563,0.9380,-0.2000
pos,205,-0.7904,-1.5566,1.0998,-0.0040
input,205,-0.0952,-0.4287,0.0568,-0.0186
target,205,-2.0000,-2.0000,1.0000,0.0000
param,205,0.8634,0.3563,0.9380,-0.2000
pos,206,-0.8051,-1.5469,1.1000,-0.0051
input,206,-0.0827,-0.4203,0.0586,-0.0200
target,206,-2.0000,-2.0000,1.0000,0.0000
param,206,0.8634,0.3563,0.9380,-0.2000
pos,207,-0.8195,-1.5374,1.1001,-0.0056
input,207,-0.0827,-0.4203,0.0586,-0.0200
target,207,-2.0000,-2.0000,1.0000,0.0000
param,207,0.8634,0.3563,0.9380,-0.2000
pos,208,-0.8341,-1.5278,1.1002,-0.0042
input,208,-0.0704,-0.4121,0.0594,-0.0214
target,208,-2.0000,-2.0000,1.0000,0.0000
param,208,0.8634,0.3563,0.9380,-0.2000
pos,209,-0.8486,-1.5182,1.1003,-0.0039
input,209,-0.0704,-0.4121,0.0594,-0.0214
target,209,-2.0000,-2.0000,1.0000,0.0000
param,209,0.8634,0.3563,0.9380,-0.2000
pos,210,-0.8630,-1.5091,1.1004,-0.0047
input,210,-0.0581,-0.4052,0.0582,-0.0228
target,210,-2.0000,-2.0000,1.0000,0.0000
param,210,0.8634,0.3563,0.9380,-0.2000
pos,211,-0.8773,-1.5000,1.1004,-0.0055
input,211,-0.0581,-0.4052,0.0582,-0.0228
target,211,-2.0000,-2.0000,1.0000,0.0000
param,211,0.8634,0.3563,0.9380,-0.2000
pos,212,-0.8907,-1.4915,1.1005,-0.0062
input,212,-0.0459,-0.3967,0.0593,-0.0242
target,212,-2.0000,-2.0000,1.0000,0.0000
param,212,0.8634,0.3563,0.9380,-0.2000
pos,213,-0.9051,-1.4825,1.1005,-0.0071
input,213,-0.0459,-0.3967,0.0593,-0.0242
target,213,-2.0000,-2.0000,1.0000,0.0000
param,213,0.8634,0.3563,0.9380,-0.2000
pos,214,-0.9196,-1.4737,1.1006,-0.0073
input,214,-0.0342,-0.3881,0.0600,-0.0255
target,214,-2.0000,-2.0000,1.0000,0.0000
param,214,0.8634,0.3563,0.9380,-0.2000
pos,215,-0.9338,-1.4649,1.1007,-0.0090
input,215,-0.0342,-0.3881,0.0600,-0.0255
target,215,-2.0000,-2.0000,1.0000,0.0000
param,215,0.8634,0.3563,0.9380,-0.2000
pos,216,-0.9482,-1.4562,1.1008,-0.0099
input,216,-0.0220,-0.3789,0.0608,-0.0268
target,216,-2.0000,-2.0000,1.0000,0.0000
param,216,0.8634,0.3563,0.9380,-0.2000
pos,217,-0.9625,-1.4477,1.1009,-0.0100
input,217,-0.0220,-0.3789,0.0608,-0.0268
target,217,-2.0000,-2.0000,1.0000,0.0000
param,217,0.8634,0.3563,0.9380,-0.2000
pos,218,-0.9768,-1.4393,1.1010,-0.0105
input,218,-0.0101,-0.3701,0.0608,-0.0282
target,218,-2.0000,-2.0000,1.0000,0.0000
param,218,0.8634,0.3563,0.9380,-0.2000
pos,219,-0.9910,-1.4310,1.1010,-0.0109
input,219,-0.0101,-0.3701,0.0608,-0.0282
target,219,-2.0000,-2.0000,1.0000,0.0000
param,219,0.8634,0.3563,0.9380,-0.2000
pos,220,-1.0052,-1.4228,1.1011,-0.0109
input,220,0.0017,-0.3612,0.0608,-0.0296
target,220,-2.0000,-2.0000,1.0000,0.0000
param,220,0.8634,0.3563,0.9380,-0.2000
pos,221,-1.0193,-1.4147,1.1012,-0.0111
input,221,0.0017,-0.3612,0.0608,-0.0296
target,221,-2.0000,-2.0000,1.0000,0.0000
param,221,0.8634,0.3563,0.9380,-0.2000
pos,222,-1.0315,-1.4078,1.1013,-0.0110
input,222,0.0132,-0.3527,0.0601,-0.0310
target,222,-2.0000,-2.0000,1.0000,0.0000
param,222,0.8634,0.3563,0.9380,-0.2000
pos,223,-1.0428,-1.4015,1.1014,-0.0108
input,223,0.0132,-0.3527,0.0601,-0.0310
target,223,-2.0000,-2.0000,1.0000,0.0000
param,223,0.8634,0.3563,0.9380,-0.2000
pos,224,-1.0555,-1.3944,1.1016,-0.0107
input,224,0.0217,-0.3465,0.0589,-0.0323
target,224,-2.0000,-2.0000,1.0000,0.0000
param,224,0.8634,0.3563,0.9380,-0.2000
pos,225,-1.0692,-1.3870,1.1018,-0.0107
input,225,0.0217,-0.3465,0.0589,-0.0323
target,225,-2.0000,-2.0000,1.0000,0.0000
param,225,0.8634,0.3563,0.9380,-0.2000
pos,226,-1.0840,-1.3793,1.1020,-0.0110
input,226,0.0318,-0.3390,0.0582,-0.0333
target,226,-2.0000,-2.0000,1.0000,0.0000
param,226,0.8634,0.3563,0.9380,-0.2000
pos,227,-1.0985,-1.3716,1.1022,-0.0101
input,227,0.0318,-0.3390,0.0582,-0.0333
target,227,-2.0000,-2.0000,1.0000,0.0000
param,227,0.8634,0.3563,0.9380,-0.2000
pos,228,-1.1129,-1.3641,1.1025,-0.0092
input,228,0.0434,-0.3303,0.0570,-0.0346
target,228,-2.0000,-2.0000,1.0000,0.0000
param,228,0.8634,0.3563,0.9380,-0.2000
pos,229,-1.1270,-1.3569,1.1028,-0.0082
input,229,0.0434,-0.3303,0.0570,-0.0346
target,229,-2.0000,-2.0000,1.0000,0.0000
param,229,0.8634,0.3563,0.9380,-0.2000
pos,230,-1.1411,-1.3499,1.1030,-0.0084
input,230,0.0544,-0.3226,0.0546,-0.0361
target,230,-2.0000,-2.0000,1.0000,0.0000
param,230,0.8634,0.3563,0.9380,-0.2000
pos,231,-1.1550,-1.3430,1.1033,-0.0086
input,231,0.0544,-0.3226,0.0546,-0.0361
target,231,-2.0000,-2.0000,1.0000,0.0000
param,231,0.8634,0.3563,0.9380,-0.2000
pos,232,-1.1678,-1.3368,1.1035,-0.0087
input,232,0.0649,-0.3138,0.0539,-0.0375
target,232,-2.0000,-2.0000,1.0000,0.0000
param,232,0.8634,0.3563,0.9380,-0.2000
pos,233,-1.1815,-1.3302,1.1038,-0.0089
input,233,0.0649,-0.3138,0.0539,-0.0375
target,233,-2.0000,-2.0000,1.0000,0.0000
param,233,0.8634,0.3563,0.9380,-0.2000
pos,234,-1.1951,-1.3238,1.1040,-0.0091
input,234,0.0744,-0.3056,0.0528,-0.0388
target,234,-2.0000,-2.0000,1.0000,0.0000
param,234,0.8634,0.3563,0.9380,-0.2000
pos,235,-1.2087,-1.3175,1.1044,-0.0090
input,235,0.0744,-0.3056,0.0528,-0.0388
target,235,-2.0000,-2.0000,1.0000,0.0000
param,235,0.8634,0.3563,0.9380,-0.2000
pos,236,-1.2220,-1.3116,1.1047,-0.0086
input,236,0.0744,-0.3006,0.0440,-0.0377
target,236,-2.0000,-2.0000,1.0000,0.0000
param,236,0.8634,0.3563,0.9380,-0.2000
pos,237,-1.2352,-1.3056,1.1050,-0.0086
input,237,0.0841,-0.2973,0.0517,-0.0400
target,237,-2.0000,-2.0000,1.0000,0.0000
param,237,0.8634,0.3563,0.9380,-0.2000
pos,238,-1.2483,-1.2999,1.1053,-0.0079
input,238,0.0935,-0.2893,0.0502,-0.0413
target,238,-2.0000,-2.0000,1.0000,0.0000
param,238,0.8634,0.3563,0.9380,-0.2000
pos,239,-1.2613,-1.2942,1.1057,-0.0073
input,239,0.0935,-0.2893,0.0502,-0.0413
target,239,-2.0000,-2.0000,1.0000,0.0000
param,239,0.8634,0.3563,0.9380,-0.2000
pos,240,-1.2741,-1.2888,1.1060,-0.0066
input,240,0.1024,-0.2822,0.0479,-0.0426
target,240,-2.0000,-2.0000,1.0000,0.0000
param,240,0.8634,0.3563,0.9380,-0.2000
pos,241,-1.2868,-1.2835,1.1064,-0.0059
input,241,0.1024,-0.2822,0.0479,-0.0426
target,241,-2.0000,-2.0000,1.0000,0.0000
param,241,0.8634,0.3563,0.9380,-0.2000
pos,242,-1.2984,-1.2786,1.1066,-0.0054
input,242,0.1109,-0.2752,0.0460,-0.0438
target,242,-2.0000,-2.0000,1.0000,0.0000
param,242,0.8634,0.3563,0.9380,-0.2000
pos,243,-1.3109,-1.2734,1.1068,-0.0045
input,243,0.1109,-0.2752,0.0460,-0.0438
target,243,-2.0000,-2.0000,1.0000,0.0000
param,243,0.8634,0.3563,0.9380,-0.2000
pos,244,-1.3232,-1.2685,1.1071,-0.0040
input,244,0.1109,-0.2752,0.0460,-0.0438
target,244,-2.0000,-2.0000,1.0000,0.0000
param,244,0.8634,0.3563,0.9380,-0.2000
pos,245,-1.3355,-1.2636,1.1073,-0.0036
input,245,0.1231,-0.2651,0.0439,-0.0449
target,245,-2.0000,-2.0000,1.0000,0.0000
param,245,0.8634,0.3563,0.9380,-0.2000
pos,246,-1.3475,-1.2589,1.1075,-0.0032
input,246,0.1231,-0.2651,0.0439,-0.0449
target,246,-2.0000,-2.0000,1.0000,0.0000
param,246,0.8634,0.3563,0.9380,-0.2000
pos,247,-1.3587,-1.2546,1.1076,-0.0028
input,247,0.1312,-0.2580,0.0416,-0.0464
target,247,-2.0000,-2.0000,1.0000,0.0000
param,247,0.8634,0.3563,0.9380,-0.2000
pos,248,-1.3689,-1.2507,1.1078,-0.0023
input,248,0.1312,-0.2580,0.0416,-0.0464
target,248,-2.0000,-2.0000,1.0000,0.0000
param,248,0.8634,0.3563,0.9380,-0.2000
pos,249,-1.3810,-1.2462,1.1079,-0.0017
input,249,0.1312,-0.2580,0.0416,-0.0464
target,249,-2.0000,-2.0000,1.0000,0.0000
param,249,0.8634,0.3563,0.9380,-0.2000
pos,250,-1.3920,-1.2421,1.1079,-0.0009
input,250,0.1419,-0.2487,0.0398,-0.0474
target,250,-2.0000,-2.0000,1.0000,0.0000
param,250,0.8634,0.3563,0.9380,-0.2000
pos,251,-1.4039,-1.2378,1.1079,-0.0005
input,251,0.1419,-0.2487,0.0398,-0.0474
target,251,-2.0000,-2.0000,1.0000,0.0000
param,251,0.8634,0.3563,0.9380,-0.2000
pos,252,-1.4155,-1.2337,1.1079,-0.0002
input,252,0.1419,-0.2487,0.0398,-0.0474
target,252,-2.0000,-2.0000,1.0000,0.0000
param,252,0.8634,0.3563,0.9380,-0.2000
pos,253,-1.4271,-1.2296,1.1078,0.0002
input,253,0.1537,-0.2383,0.0376,-0.0485
target,253,-2.0000,-2.0000,1.0000,0.0000
param,253,0.8634,0.3563,0.9380,-0.2000
pos,254,-1.4383,-1.2258,1.1077,0.0008
input,254,0.1537,-0.2383,0.0376,-0.0485
target,254,-2.0000,-2.0000,1.0000,0.0000
param,254,0.8634,0.3563,0.9380,-0.2000
pos,255,-1.4496,-1.2219,1.1075,0.0012
input,255,0.1615,-0.2314,0.0352,-0.0497
target,255,-2.0000,-2.0000,1.0000,0.0000
param,255,0.8634,0.3563,0.9380,-0.2000
pos,256,-1.4605,-1.2182,1.1074,0.0013
input,256,0.1615,-0.2314,0.0352,-0.0497
target,256,-2.0000,-2.0000,1.0000,0.0000
param,256,0.8634,0.3563,0.9380,-0.2000
pos,257,-1.4715,-1.2147,1.1072,0.0019
input,257,0.1615,-0.2314,0.0352,-0.0497
target,257,-2.0000,-2.0000,1.0000,0.0000
param,257,0.8634,0.3563,0.9380,-0.2000
pos,258,-1.4820,-1.2113,1.1069,0.0027
input,258,0.1730,-0.2210,0.0339,-0.0504
target,258,-2.0000,-2.0000,1.0000,0.0000
param,258,0.8634,0.3563,0.9380,-0.2000
pos,259,-1.4926,-1.2079,1.1066,0.0033
input,259,0.1730,-0.2210,0.0339,-0.0504
target,259,-2.0000,-2.0000,1.0000,0.0000
param,259,0.8634,0.3563,0.9380,-0.2000
pos,260,-1.5030,-1.2047,1.1062,0.0034
input,260,0.1730,-0.2210,0.0339,-0.0504
target,260,-2.0000,-2.0000,1.0000,0.0000
param,260,0.8634,0.3563,0.9380,-0.2000
pos,261,-1.5133,-1.2016,1.1059,0.0042
input,261,0.1839,-0.2114,0.0314,-0.0512
target,261,-2.0000,-2.0000,1.0000,0.0000
param,261,0.8634,0.3563,0.9380,-0.2000
pos,262,-1.5234,-1.1986,1.1056,0.0048
input,262,0.1839,-0.2114,0.0314,-0.0512
target,262,-2.0000,-2.0000,1.0000,0.0000
param,262,0.8634,0.3563,0.9380,-0.2000
pos,263,-1.5328,-1.1959,1.1052,0.0055
input,263,0.1839,-0.2114,0.0314,-0.0512
target,263,-2.0000,-2.0000,1.0000,0.0000
param,263,0.8634,0.3563,0.9380,-0.2000
pos,264,-1.5413,-1.1936,1.1048,0.0067
input,264,0.1939,-0.2030,0.0288,-0.0521
target,264,-2.0000,-2.0000,1.0000,0.0000
param,264,0.8634,0.3563,0.9380,-0.2000
pos,265,-1.5506,-1.1910,1.1045,0.0074
input,265,0.1939,-0.2030,0.0288,-0.0521
target,265,-2.0000,-2.0000,1.0000,0.0000
param,265,0.8634,0.3563,0.9380,-0.2000
pos,266,-1.5604,-1.1885,1.1041,0.0081
input,266,0.1939,-0.2030,0.0288,-0.0521
target,266,-2.0000,-2.0000,1.0000,0.0000
param,266,0.8634,0.3563,0.9380,-0.2000
pos,267,-1.5702,-1.1861,1.1037,0.0086
input,267,0.2029,-0.1957,0.0260,-0.0527
target,267,-2.0000,-2.0000,1.0000,0.0000
param,267,0.8634,0.3563,0.9380,-0.2000
pos,268,-1.5795,-1.1839,1.1034,0.0091
input,268,0.2029,-0.1957,0.0260,-0.0527
target,268,-2.0000,-2.0000,1.0000,0.0000
param,268,0.8634,0.3563,0.9380,-0.2000
pos,269,-1.5876,-1.1819,1.1030,0.0096
input,269,0.2029,-0.1957,0.0260,-0.0527
target,269,-2.0000,-2.0000,1.0000,0.0000
param,269,0.8634,0.3563,0.9380,-0.2000
pos,270,-1.5968,-1.1799,1.1027,0.0105
input,270,0.2117,-0.1877,0.0243,-0.0533
target,270,-2.0000,-2.0000,1.0000,0.0000
param,270,0.8634,0.3563,0.9380,-0.2000
pos,271,-1.6059,-1.1780,1.1023,0.0112
input,271,0.2117,-0.1877,0.0243,-0.0533
target,271,-2.0000,-2.0000,1.0000,0.0000
param,271,0.8634,0.3563,0.9380,-0.2000
pos,272,-1.6148,-1.1762,1.1020,0.0118
input,272,0.2117,-0.1877,0.0243,-0.0533
target,272,-2.0000,-2.0000,1.0000,0.0000
param,272,0.8634,0.3563,0.9380,-0.2000
pos,273,-1.6235,-1.1746,1.1016,0.0123
input,273,0.2207,-0.1800,0.0217,-0.0539
target,273,-2.0000,-2.0000,1.0000,0.0000
param,273,0.8634,0.3563,0.9380,-0.2000
pos,274,-1.6312,-1.1732,1.1013,0.0130
input,274,0.2207,-0.1800,0.0217,-0.0539
target,274,-2.0000,-2.0000,1.0000,0.0000
param,274,0.8634,0.3563,0.9380,-0.2000
pos,275,-1.6391,-1.1719,1.1009,0.0134
input,275,0.2207,-0.1800,0.0217,-0.0539
target,275,-2.0000,-2.0000,1.0000,0.0000
param,275,0.8634,0.3563,0.9380,-0.2000
pos,276,-1.6472,-1.1706,1.1005,0.0139
input,276,0.2207,-0.1800,0.0217,-0.0539
target,276,-2.0000,-2.0000,1.0000,0.0000
param,276,0.8634,0.3563,0.9380,-0.2000
pos,277,-1.6553,-1.1695,1.1001,0.0142
input,277,0.2309,-0.1707,0.0197,-0.0543
target,277,-2.0000,-2.0000,1.0000,0.0000
param,277,0.8634,0.3563,0.9380,-0.2000
pos,278,-1.6631,-1.1686,1.0998,0.0146
input,278,0.2309,-0.1707,0.0197,-0.0543
target,278,-2.0000,-2.0000,1.0000,0.0000
param,278,0.8634,0.3563,0.9380,-0.2000
pos,279,-1.6708,-1.1677,1.0994,0.0147
input,279,0.2309,-0.1707,0.0197,-0.0543
target,279,-2.0000,-2.0000,1.0000,0.0000
param,279,0.8634,0.3563,0.9380,-0.2000
pos,280,-1.6785,-1.1669,1.0990,0.0151
input,280,0.2309,-0.1707,0.0197,-0.0543
target,280,-2.0000,-2.0000,1.0000,0.0000
param,280,0.8634,0.3563,0.9380,-0.2000
pos,281,-1.6858,-1.1663,1.0986,0.0154
input,281,0.2404,-0.1614,0.0177,-0.0549
target,281,-2.0000,-2.0000,1.0000,0.0000
param,281,0.8634,0.3563,0.9380,-0.2000
pos,282,-1.6930,-1.1659,1.0982,0.0157
input,282,0.2404,-0.1614,0.0177,-0.0549
target,282,-2.0000,-2.0000,1.0000,0.0000
param,282,0.8634,0.3563,0.9380,-0.2000
pos,283,-1.7000,-1.1656,1.0978,0.0158
input,283,0.2404,-0.1614,0.0177,-0.0549
target,283,-2.0000,-2.0000,1.0000,0.0000
param,283,0.8634,0.3563,0.9380,-0.2000
pos,284,-1.7070,-1.1654,1.0974,0.0159
input,284,0.2404,-0.1614,0.0177,-0.0549
target,284,-2.0000,-2.0000,1.0000,0.0000
param,284,0.8634,0.3563,0.9380,-0.2000
pos,285,-1.7134,-1.1652,1.0971,0.0162
input,285,0.2487,-0.1530,0.0160,-0.0555
target,285,-2.0000,-2.0000,1.0000,0.0000
param,285,0.8634,0.3563,0.9380,-0.2000
pos,286,-1.7200,-1.1654,1.0966,0.0167
input,286,0.2487,-0.1530,0.0160,-0.0555
target,286,-2.0000,-2.0000,1.0000,0.0000
param,286,0.8634,0.3563,0.9380,-0.2000
pos,287,-1.7267,-1.1656,1.0962,0.0170
input,287,0.2487,-0.1530,0.0160,-0.0555
target,287,-2.0000,-2.0000,1.0000,0.0000
param,287,0.8634,0.3563,0.9380,-0.2000
pos,288,-1.7328,-1.1658,1.0958,0.0172
input,288,0.2487,-0.1530,0.0160,-0.0555
target,288,-2.0000,-2.0000,1.0000,0.0000
param,288,0.8634,0.3563,0.9380,-0.2000
pos,289,-1.7382,-1.1662,1.0954,0.0178
input,289,0.2487,-0.1530,0.0160,-0.0555
target,289,-2.0000,-2.0000,1.0000,0.0000
param,289,0.8634,0.3563,0.9380,-0.2000
pos,290,-1.7446,-1.1669,1.0949,0.0180
input,290,0.2571,-0.1452,0.0138,-0.0558
target,290,-2.0000,-2.0000,1.0000,0.0000
param,290,0.8634,0.3563,0.9380,-0.2000
pos,291,-1.7503,-1.1676,1.0945,0.0181
input,291,0.2571,-0.1452,0.0138,-0.0558
target,291,-2.0000,-2.0000,1.0000,0.0000
param,291,0.8634,0.3563,0.9380,-0.2000
pos,292,-1.7561,-1.1684,1.0940,0.0181
input,292,0.2571,-0.1452,0.0138,-0.0558
target,292,-2.0000,-2.0000,1.0000,0.0000
param,292,0.8634,0.3563,0.9380,-0.2000
pos,293,-1.7623,-1.1693,1.0935,0.0183
input,293,0.2571,-0.1452,0.0138,-0.0558
target,293,-2.0000,-2.0000,1.0000,0.0000
param,293,0.8634,0.3563,0.9380,-0.2000
pos,294,-1.7677,-1.1704,1.0929,0.0187
input,294,0.2571,-0.1452,0.0138,-0.0558
target,294,-2.0000,-2.0000,1.0000,0.0000
param,294,0.8634,0.3563,0.9380,-0.2000
pos,295,-1.7735,-1.1716,1.0923,0.0184
input,295,0.2653,-0.1373,0.0123,-0.0561
target,295,-2.0000,-2.0000,1.0000,0.0000
param,295,0.8634,0.3563,0.9380,-0.2000
pos,296,-1.7790,-1.1728,1.0916,0.0185
input,296,0.2653,-0.1373,0.0123,-0.0561
target,296,-2.0000,-2.0000,1.0000,0.0000
param,296,0.8634,0.3563,0.9380,-0.2000
pos,297,-1.7841,-1.1741,1.0911,0.0182
input,297,0.2653,-0.1373,0.0123,-0.0561
target,297,-2.0000,-2.0000,1.0000,0.0000
param,297,0.8634,0.3563,0.9380,-0.2000
pos,298,-1.7897,-1.1758,1.0904,0.0184
input,298,0.2653,-0.1373,0.0123,-0.0561
target,298,-2.0000,-2.0000,1.0000,0.0000
param,298,0.8634,0.3563,0.9380,-0.2000
pos,299,-1.7953,-1.1776,1.0897,0.0186
input,299,0.2653,-0.1373,0.0123,-0.0561
target,299,-2.0000,-2.0000,1.0000,0.0000
param,299,0.8634,0.3563,0.9380,-0.2000
pos,300,-1.8002,-1.1793,1.0889,0.0186
input,300,0.2734,-0.1294,0.0113,-0.0561
target,300,-2.0000,-2.0000,1.0000,0.0000
param,300,0.8634,0.3563,0.9380,-0.2000
pos,301,-1.8056,-1.1814,1.0881,0.0189
input,301,0.2734,-0.1294,0.0113,-0.0561
target,301,-2.0000,-2.0000,1.0000,0.0000
param,301,0.8634,0.3563,0.9380,-0.2000
pos,302,-1.8109,-1.1836,1.0874,0.0190
input,302,0.2734,-0.1294,0.0113,-0.0561
target,302,-2.0000,-2.0000,1.0000,0.0000
param,302,0.8634,0.3563,0.9380,-0.2000
pos,303,-1.8156,-1.1858,1.0866,0.0192
input,303,0.2734,-0.1294,0.0113,-0.0561
target,303,-2.0000,-2.0000,1.0000,0.0000
param,303,0.8634,0.3563,0.9380,-0.2000
pos,304,-1.8200,-1.1878,1.0859,0.0192
input,304,0.2734,-0.1294,0.0113,-0.0561
target,304,-2.0000,-2.0000,1.0000,0.0000
param,304,0.8634,0.3563,0.9380,-0.2000
pos,305,-1.8251,-1.1904,1.0850,0.0194
input,305,0.2734,-0.1294,0.0113,-0.0561
target,305,-2.0000,-2.0000,1.0000,0.0000
param,305,0.8634,0.3563,0.9380,-0.2000
pos,306,-1.8299,-1.1932,1.0842,0.0195
input,306,0.2825,-0.1218,0.0094,-0.0557
target,306,-2.0000,-2.0000,1.0000,0.0000
param,306,0.8634,0.3563,0.9380,-0.2000
pos,307,-1.8348,-1.1961,1.0833,0.0196
input,307,0.2825,-0.1218,0.0094,-0.0557
target,307,-2.0000,-2.0000,1.0000,0.0000
param,307,0.8634,0.3563,0.9380,-0.2000
pos,308,-1.8393,-1.1988,1.0824,0.0197
input,308,0.2825,-0.1218,0.0094,-0.0557
target,308,-2.0000,-2.0000,1.0000,0.0000
param,308,0.8634,0.3563,0.9380,-0.2000
pos,309,-1.8435,-1.2016,1.0816,0.0194
input,309,0.2825,-0.1218,0.0094,-0.0557
target,309,-2.0000,-2.0000,1.0000,0.0000
param,309,0.8634,0.3563,0.9380,-0.2000
pos,310,-1.8472,-1.2041,1.0809,0.0190
input,310,0.2825,-0.1218,0.0094,-0.0557
target,310,-2.0000,-2.0000,1.0000,0.0000
param,310,0.8634,0.3563,0.9380,-0.2000
pos,311,-1.8517,-1.2073,1.0798,0.0189
input,311,0.2825,-0.1218,0.0094,-0.0557
target,311,-2.0000,-2.0000,1.0000,0.0000
param,311,0.8634,0.3563,0.9380,-0.2000
pos,312,-1.8562,-1.2109,1.0787,0.0166
input,312,0.2907,-0.1149,0.0083,-0.0553
target,312,-2.0000,-2.0000,1.0000,0.0000
param,312,0.8634,0.3563,0.9380,-0.2000
pos,313,-1.8606,-1.2146,1.0778,0.0167
input,313,0.2907,-0.1149,0.0083,-0.0553
target,313,-2.0000,-2.0000,1.0000,0.0000
param,313,0.8634,0.3563,0.9380,-0.2000
pos,314,-1.8647,-1.2180,1.0770,0.0164
input,314,0.2907,-0.1149,0.0083,-0.0553
target,314,-2.0000,-2.0000,1.0000,0.0000
param,314,0.8634,0.3563,0.9380,-0.2000
pos,315,-1.8690,-1.2218,1.0760,0.0160
input,315,0.2907,-0.1149,0.0083,-0.0553
target,315,-2.0000,-2.0000,1.0000,0.0000
param,315,0.8634,0.3563,0.9380,-0.2000
pos,316,-1.8733,-1.2257,1.0752,0.0163
input,316,0.2907,-0.1149,0.0083,-0.0553
target,316,-2.0000,-2.0000,1.0000,0.0000
param,316,0.8634,0.3563,0.9380,-0.2000
pos,317,-1.8773,-1.2297,1.0743,0.0165
input,317,0.2907,-0.1149,0.0083,-0.0553
target,317,-2.0000,-2.0000,1.0000,0.0000
param,317,0.8634,0.3563,0.9380,-0.2000
pos,318,-1.8813,-1.2338,1.0734,0.0168
input,318,0.2984,-0.1072,0.0087,-0.0548
target,318,-2.0000,-2.0000,1.0000,0.0000
param,318,0.8634,0.3563,0.9380,-0.2000
pos,319,-1.8852,-1.2379,1.0725,0.0173
input,319,0.2984,-0.1072,0.0087,-0.0548
target,319,-2.0000,-2.0000,1.0000,0.0000
param,319,0.8634,0.3563,0.9380,-0.2000
pos,320,-1.8892,-1.2421,1.0716,0.0175
input,320,0.2984,-0.1072,0.0087,-0.0548
target,320,-2.0000,-2.0000,1.0000,0.0000
param,320,0.8634,0.3563,0.9380,-0.2000
pos,321,-1.8928,-1.2465,1.0707,0.0178
input,321,0.2984,-0.1072,0.0087,-0.0548
target,321,-2.0000,-2.0000,1.0000,0.0000
param,321,0.8634,0.3563,0.9380,-0.2000
pos,322,-1.8964,-1.2509,1.0698,0.0183
input,322,0.2984,-0.1072,0.0087,-0.0548
target,322,-2.0000,-2.0000,1.0000,0.0000
param,322,0.8634,0.3563,0.9380,-0.2000
pos,323,-1.9000,-1.2554,1.0688,0.0190
input,323,0.2984,-0.1072,0.0087,-0.0548
target,323,-2.0000,-2.0000,1.0000,0.0000
param,323,0.8634,0.3563,0.9380,-0.2000
pos,324,-1.9034,-1.2596,1.0679,0.0192
input,324,0.2984,-0.1072,0.0087,-0.0548
target,324,-2.0000,-2.0000,1.0000,0.0000
param,324,0.8634,0.3563,0.9380,-0.2000
pos,325,-1.9070,-1.2641,1.0669,0.0193
input,325,0.2984,-0.1072,0.0087,-0.0548
target,325,-2.0000,-2.0000,1.0000,0.0000
param,325,0.8634,0.3563,0.9380,-0.2000
pos,326,-1.9103,-1.2689,1.0659,0.0195
input,326,0.3079,-0.1026,0.0039,-0.0536
target,326,-2.0000,-2.0000,1.0000,0.0000
param,326,0.8634,0.3563,0.9380,-0.2000
pos,327,-1.9134,-1.2733,1.0649,0.0197
input,327,0.3079,-0.1026,0.0039,-0.0536
target,327,-2.0000,-2.0000,1.0000,0.0000
param,327,0.8634,0.3563,0.9380,-0.2000
pos,328,-1.9163,-1.2776,1.0641,0.0206
input,328,0.3079,-0.1026,0.0039,-0.0536
target,328,-2.0000,-2.0000,1.0000,0.0000
param,328,0.8634,0.3563,0.9380,-0.2000
pos,329,-1.9188,-1.2812,1.0633,0.0213
input,329,0.3079,-0.1026,0.0039,-0.0536
target,329,-2.0000,-2.0000,1.0000,0.0000
param,329,0.8634,0.3563,0.9380,-0.2000
pos,330,-1.9209,-1.2844,1.0626,0.0219
input,330,0.3079,-0.1026,0.0039,-0.0536
target,330,-2.0000,-2.0000,1.0000,0.0000
param,330,0.8634,0.3563,0.9380,-0.2000
pos,331,-1.9228,-1.2875,1.0618,0.0218
input,331,0.3079,-0.1026,0.0039,-0.0536
target,331,-2.0000,-2.0000,1.0000,0.0000
param,331,0.8634,0.3563,0.9380,-0.2000
pos,332,-1.9256,-1.2928,1.0601,0.0169
input,332,0.3079,-0.1026,0.0039,-0.0536
target,332,-2.0000,-2.0000,1.0000,0.0000
param,332,0.8634,0.3564,0.9380,-0.2000
pos,333,-1.9287,-1.2985,1.0584,0.0125
input,333,0.3079,-0.1026,0.0039,-0.0536
target,333,-2.0000,-2.0000,1.0000,0.0000
param,333,0.8634,0.3564,0.9380,-0.2000
pos,334,-1.9319,-1.3047,1.0565,0.0085
input,334,0.3079,-0.1026,0.0039,-0.0536
target,334,-2.0000,-2.0000,1.0000,0.0000
param,334,0.8634,0.3564,0.9380,-0.2000
pos,335,-1.9349,-1.3103,1.0548,0.0044
input,335,0.3147,-0.0933,0.0129,-0.0513
target,335,-2.0000,-2.0000,1.0000,0.0000
param,335,0.8634,0.3564,0.9380,-0.2000
pos,336,-1.9379,-1.3165,1.0531,0.0009
input,336,0.3147,-0.0933,0.0129,-0.0513
target,336,-2.0000,-2.0000,1.0000,0.0000
param,336,0.8634,0.3564,0.9380,-0.2000
pos,337,-1.9410,-1.3225,1.0519,0.0019
input,337,0.3147,-0.0933,0.0129,-0.0513
target,337,-2.0000,-2.0000,1.0000,0.0000
param,337,0.8634,0.3564,0.9380,-0.2000
pos,338,-1.9440,-1.3286,1.0506,0.0032
input,338,0.3147,-0.0933,0.0129,-0.0513
target,338,-2.0000,-2.0000,1.0000,0.0000
param,338,0.8634,0.3564,0.9380,-0.2000
pos,339,-1.9469,-1.3343,1.0495,0.0042
input,339,0.3147,-0.0933,0.0129,-0.0513
target,339,-2.0000,-2.0000,1.0000,0.0000
param,339,0.8634,0.3564,0.9380,-0.2000
pos,340,-1.9498,-1.3404,1.0482,0.0051
input,340,0.3147,-0.0933,0.0129,-0.0513
target,340,-2.0000,-2.0000,1.0000,0.0000
param,340,0.8634,0.3564,0.9380,-0.2000
pos,341,-1.9527,-1.3466,1.0469,0.0060
input,341,0.3147,-0.0933,0.0129,-0.0513
target,341,-2.0000,-2.0000,1.0000,0.0000
param,341,0.8634,0.3564,0.9380,-0.2000
pos,342,-1.9553,-1.3528,1.0455,0.0067
input,342,0.3147,-0.0933,0.0129,-0.0513
target,342,-2.0000,-2.0000,1.0000,0.0000
param,342,0.8634,0.3564,0.9380,-0.2000
pos,343,-1.9579,-1.3592,1.0441,0.0075
input,343,0.3147,-0.0933,0.0129,-0.0513
target,343,-2.0000,-2.0000,1.0000,0.0000
param,343,0.8634,0.3564,0.9380,-0.2000
pos,344,-1.9605,-1.3656,1.0427,0.0087
input,344,0.3147,-0.0933,0.0129,-0.0513
target,344,-2.0000,-2.0000,1.0000,0.0000
param,344,0.8634,0.3564,0.9380,-0.2000
pos,345,-1.9631,-1.3722,1.0412,0.0098
input,345,0.3147,-0.0933,0.0129,-0.0513
target,345,-2.0000,-2.0000,1.0000,0.0000
param,345,0.8634,0.3564,0.9380,-0.2000
pos,346,-1.9656,-1.3788,1.0397,0.0106
input,346,0.3262,-0.0917,0.0064,-0.0463
target,346,-2.0000,-2.0000,1.0000,0.0000
param,346,0.8634,0.3564,0.9380,-0.2000
pos,347,-1.9680,-1.3850,1.0383,0.0114
input,347,0.3262,-0.0917,0.0064,-0.0463
target,347,-2.0000,-2.0000,1.0000,0.0000
param,347,0.8634,0.3564,0.9380,-0.2000
pos,348,-1.9703,-1.3919,1.0368,0.0123
input,348,0.3262,-0.0917,0.0064,-0.0463
target,348,-2.0000,-2.0000,1.0000,0.0000
param,348,0.8634,0.3564,0.9380,-0.2000
pos,349,-1.9726,-1.3989,1.0352,0.0125
input,349,0.3262,-0.0917,0.0064,-0.0463
target,349,-2.0000,-2.0000,1.0000,0.0000
param,349,0.8634,0.3564,0.9380,-0.2000
pos,350,-1.9749,-1.4060,1.0335,0.0136
input,350,0.3262,-0.0917,0.0064,-0.0463
target,350,-2.0000,-2.0000,1.0000,0.0000
param,350,0.8634,0.3564,0.9380,-0.2000
pos,351,-1.9772,-1.4132,1.0319,0.0141
input,351,0.3262,-0.0917,0.0064,-0.0463
target,351,-2.0000,-2.0000,1.0000,0.0000
param,351,0.8634,0.3564,0.9380,-0.2000
pos,352,-1.9795,-1.4204,1.0303,0.0141
input,352,0.3262,-0.0917,0.0064,-0.0463
target,352,-2.0000,-2.0000,1.0000,0.0000
param,352,0.8634,0.3564,0.9380,-0.2000
pos,353,-1.9818,-1.4277,1.0287,0.0141
input,353,0.3262,-0.0917,0.0064,-0.0463
target,353,-2.0000,-2.0000,1.0000,0.0000
param,353,0.8634,0.3564,0.9380,-0.2000
pos,354,-1.9839,-1.4352,1.0270,0.0153
input,354,0.3262,-0.0917,0.0064,-0.0463
target,354,-2.0000,-2.0000,1.0000,0.0000
param,354,0.8634,0.3564,0.9380,-0.2000
pos,355,-1.9860,-1.4428,1.0254,0.0160
input,355,0.3262,-0.0917,0.0064,-0.0463
target,355,-2.0000,-2.0000,1.0000,0.0000
param,355,0.8634,0.3564,0.9380,-0.2000
pos,356,-1.9880,-1.4504,1.0235,0.0187
input,356,0.3344,-0.0969,-0.0047,-0.0397
target,356,-2.0000,-2.0000,1.0000,0.0000
param,356,0.8634,0.3564,0.9380,-0.2000
pos,357,-1.9899,-1.4581,1.0218,0.0212
input,357,0.3344,-0.0969,-0.0047,-0.0397
target,357,-2.0000,-2.0000,1.0000,0.0000
param,357,0.8634,0.3564,0.9380,-0.2000
pos,358,-1.9918,-1.4659,1.0200,0.0235
input,358,0.3344,-0.0969,-0.0047,-0.0397
target,358,-2.0000,-2.0000,1.0000,0.0000
param,358,0.8634,0.3564,0.9380,-0.2000
pos,359,-1.9938,-1.4737,1.0183,0.0258
input,359,0.3344,-0.0969,-0.0047,-0.0397
target,359,-2.0000,-2.0000,1.0000,0.0000
param,359,0.8634,0.3564,0.9380,-0.2000
pos,360,-1.9957,-1.4816,1.0166,0.0282
input,360,0.3370,-0.1042,-0.0185,-0.0362
target,360,-2.0000,-2.0000,1.0000,0.0000
param,360,0.8634,0.3564,0.9380,-0.2000
pos,361,-1.9975,-1.4890,1.0151,0.0304
input,361,0.3370,-0.1042,-0.0185,-0.0362
target,361,-2.0000,-2.0000,1.0000,0.0000
param,361,0.8634,0.3564,0.9380,-0.2000
pos,362,-1.9993,-1.4972,1.0135,0.0325
input,362,0.3370,-0.1042,-0.0185,-0.0362
target,362,-2.0000,-2.0000,1.0000,0.0000
param,362,0.8634,0.3564,0.9380,-0.2000
pos,363,-2.0012,-1.5054,1.0120,0.0345
input,363,0.3265,-0.1051,-0.0270,-0.0320
target,363,-2.0000,-2.0000,1.0000,0.0000
param,363,0.8634,0.3564,0.9380,-0.2000
pos,364,-2.0032,-1.5137,1.0106,0.0344
input,364,0.3265,-0.1051,-0.0270,-0.0320
target,364,-2.0000,-2.0000,1.0000,0.0000
param,364,0.8634,0.3564,0.9380,-0.2000
pos,365,-2.0052,-1.5220,1.0093,0.0340
input,365,0.3125,-0.1010,-0.0292,-0.0276
target,365,-2.0000,-2.0000,1.0000,0.0000
param,365,0.8634,0.3564,0.9380,-0.2000
pos,366,-2.0071,-1.5303,1.0080,0.0342
input,366,0.3125,-0.1010,-0.0292,-0.0276
target,366,-2.0000,-2.0000,1.0000,0.0000
param,366,0.8634,0.3564,0.9380,-0.2000
pos,367,-2.0090,-1.5387,1.0066,0.0343
input,367,0.2986,-0.0952,-0.0293,-0.0234
target,367,-2.0000,-2.0000,1.0000,0.0000
param,367,0.8634,0.3564,0.9380,-0.2000
pos,368,-2.0109,-1.5471,1.0053,0.0345
input,368,0.2986,-0.0952,-0.0293,-0.0234
target,368,-2.0000,-2.0000,1.0000,0.0000
param,368,0.8634,0.3564,0.9380,-0.2000
pos,369,-2.0127,-1.5549,1.0040,0.0349
input,369,0.2849,-0.0898,-0.0302,-0.0192
target,369,-2.0000,-2.0000,1.0000,0.0000
param,369,0.8634,0.3564,0.9380,-0.2000
pos,370,-2.0146,-1.5635,1.0028,0.0343
input,370,0.2849,-0.0898,-0.0302,-0.0192
target,370,-2.0000,-2.0000,1.0000,0.0000
param,370,0.8634,0.3564,0.9380,-0.2000
pos,371,-2.0161,-1.5709,1.0018,0.0338
input,371,0.2797,-0.0888,-0.0320,-0.0166
target,371,-2.0000,-2.0000,1.0000,0.0000
param,371,0.8634,0.3564,0.9380,-0.2000
pos,372,-2.0174,-1.5773,1.0008,0.0333
input,372,0.2717,-0.0841,-0.0301,-0.0155
target,372,-2.0000,-2.0000,1.0000,0.0000
param,372,0.8634,0.3564,0.9380,-0.2000
pos,373,-2.0185,-1.5828,1.0000,0.0327
input,373,0.2611,-0.0784,-0.0280,-0.0125
target,373,-2.0000,-2.0000,1.0000,0.0000
param,373,0.8634,0.3564,0.9380,-0.2000
pos,374,-2.0204,-1.5925,0.9988,0.0323
input,374,0.2611,-0.0784,-0.0280,-0.0125
target,374,-2.0000,-2.0000,1.0000,0.0000
param,374,0.8634,0.3564,0.9380,-0.2000
pos,375,-2.0222,-1.6014,0.9976,0.0323
input,375,0.2497,-0.0723,-0.0261,-0.0096
target,375,-2.0000,-2.0000,1.0000,0.0000
param,375,0.8634,0.3564,0.9380,-0.2000
pos,376,-2.0239,-1.6103,0.9964,0.0325
input,376,0.2497,-0.0723,-0.0261,-0.0096
target,376,-2.0000,-2.0000,1.0000,0.0000
param,376,0.8634,0.3564,0.9380,-0.2000
pos,377,-2.0257,-1.6193,0.9952,0.0330
input,377,0.2362,-0.0662,-0.0261,-0.0064
target,377,-2.0000,-2.0000,1.0000,0.0000
param,377,0.8634,0.3564,0.9380,-0.2000
pos,378,-2.0272,-1.6281,0.9936,0.0348
input,378,0.2362,-0.0662,-0.0261,-0.0064
target,378,-2.0000,-2.0000,1.0000,0.0000
param,378,0.8634,0.3564,0.9380,-0.2000
pos,379,-2.0289,-1.6377,0.9922,0.0367
input,379,0.2230,-0.0610,-0.0291,-0.0030
target,379,-2.0000,-2.0000,1.0000,0.0000
param,379,0.8634,0.3564,0.9380,-0.2000
pos,380,-2.0306,-1.6472,0.9908,0.0384
input,380,0.2159,-0.0584,-0.0318,-0.0009
target,380,-2.0000,-2.0000,1.0000,0.0000
param,380,0.8634,0.3564,0.9380,-0.2000
pos,381,-2.0322,-1.6558,0.9893,0.0411
input,381,0.2090,-0.0557,-0.0337,0.0008
target,381,-2.0000,-2.0000,1.0000,0.0000
param,381,0.8634,0.3564,0.9380,-0.2000
pos,382,-2.0337,-1.6653,0.9879,0.0431
input,382,0.2090,-0.0557,-0.0337,0.0008
target,382,-2.0000,-2.0000,1.0000,0.0000
param,382,0.8634,0.3564,0.9380,-0.2000
pos,383,-2.0351,-1.6735,0.9867,0.0449
input,383,0.1964,-0.0507,-0.0393,0.0036
target,383,-2.0000,-2.0000,1.0000,0.0000
param,383,0.8634,0.3564,0.9380,-0.2000
pos,384,-2.0367,-1.6830,0.9853,0.0468
input,384,0.1964,-0.0507,-0.0393,0.0036
target,384,-2.0000,-2.0000,1.0000,0.0000
param,384,0.8634,0.3564,0.9380,-0.2000
pos,385,-2.0382,-1.6917,0.9840,0.0487
input,385,0.1846,-0.0450,-0.0434,0.0065
target,385,-2.0000,-2.0000,1.0000,0.0000
param,385,0.8634,0.3564,0.9380,-0.2000
pos,386,-2.0398,-1.7011,0.9826,0.0505
input,386,0.1790,-0.0421,-0.0458,0.0081
target,386,-2.0000,-2.0000,1.0000,0.0000
param,386,0.8634,0.3564,0.9380,-0.2000
pos,387,-2.0413,-1.7103,0.9812,0.0503
input,387,0.1728,-0.0389,-0.0476,0.0095
target,387,-2.0000,-2.0000,1.0000,0.0000
param,387,0.8634,0.3564,0.9380,-0.2000
pos,388,-2.0428,-1.7194,0.9798,0.0500
input,388,0.1668,-0.0352,-0.0463,0.0109
target,388,-2.0000,-2.0000,1.0000,0.0000
param,388,0.8634,0.3564,0.9380,-0.2000
pos,389,-2.0444,-1.7284,0.9785,0.0498
input,389,0.1610,-0.0315,-0.0449,0.0122
target,389,-2.0000,-2.0000,1.0000,0.0000
param,389,0.8634,0.3564,0.9380,-0.2000
pos,390,-2.0460,-1.7376,0.9774,0.0510
input,390,0.1554,-0.0279,-0.0437,0.0134
target,390,-2.0000,-2.0000,1.0000,0.0000
param,390,0.8634,0.3564,0.9380,-0.2000
pos,391,-2.0476,-1.7467,0.9763,0.0526
input,391,0.1496,-0.0246,-0.0446,0.0144
target,391,-2.0000,-2.0000,1.0000,0.0000
param,391,0.8634,0.3564,0.9380,-0.2000
pos,392,-2.0491,-1.7558,0.9752,0.0536
input,392,0.1440,-0.0213,-0.0461,0.0154
target,392,-2.0000,-2.0000,1.0000,0.0000
param,392,0.8634,0.3564,0.9380,-0.2000
pos,393,-2.0507,-1.7649,0.9744,0.0537
input,393,0.1386,-0.0179,-0.0467,0.0163
target,393,-2.0000,-2.0000,1.0000,0.0000
param,393,0.8634,0.3564,0.9380,-0.2000
pos,394,-2.0522,-1.7739,0.9736,0.0539
input,394,0.1331,-0.0144,-0.0461,0.0170
target,394,-2.0000,-2.0000,1.0000,0.0000
param,394,0.8634,0.3564,0.9380,-0.2000
pos,395,-2.0537,-1.7828,0.9728,0.0542
input,395,0.1278,-0.0110,-0.0456,0.0178
target,395,-2.0000,-2.0000,1.0000,0.0000
param,395,0.8634,0.3564,0.9380,-0.2000
pos,396,-2.0553,-1.7916,0.9720,0.0539
input,396,0.1226,-0.0076,-0.0452,0.0184
target,396,-2.0000,-2.0000,1.0000,0.0000
param,396,0.8634,0.3564,0.9380,-0.2000
pos,397,-2.0567,-1.8001,0.9710,0.0545
input,397,0.1177,-0.0043,-0.0443,0.0191
target,397,-2.0000,-2.0000,1.0000,0.0000
param,397,0.8634,0.3564,0.9380,-0.2000
pos,398,-2.0584,-1.8086,0.9704,0.0512
input,398,0.1130,-0.0011,-0.0448,0.0198
target,398,-2.0000,-2.0000,1.0000,0.0000
param,398,0.8634,0.3564,0.9380,-0.2000
pos,399,-2.0599,-1.8164,0.9699,0.0478
input,399,0.1085,0.0027,-0.0394,0.0202
target,399,-2.0000,-2.0000,1.0000,0.0000
param,399,0.8634,0.3564,0.9380,-0.2000
pos,400,-2.0615,-1.8241,0.9694,0.0442
input,400,0.1045,0.0062,-0.0342,0.0206
target,400,-2.0000,-2.0000,1.0000,0.0000
param,400,0.8634,0.3564,0.9380,-0.2000
pos,401,-2.0631,-1.8322,0.9689,0.0421
input,401,0.1005,0.0096,-0.0289,0.0210
target,401,-1.0000,-2.0000,1.0000,0.0000
param,401,0.8634,0.3564,0.9380,-0.2000
pos,402,-2.0647,-1.8402,0.9685,0.0398
input,402,0.0985,0.0091,-0.0285,0.0209
target,402,-1.0000,-2.0000,1.0000,0.0000
param,402,0.8634,0.3564,0.9380,-0.2000
pos,403,-2.0662,-1.8479,0.9681,0.0382
input,403,0.3474,0.5346,0.0165,0.0293
target,403,-1.0000,-2.0000,1.0000,0.0000
param,403,0.8634,0.3564,0.9380,-0.2000
pos,404,-2.0676,-1.8555,0.9677,0.0360
input,404,0.3474,0.5346,0.0165,0.0293
target,404,-1.0000,-2.0000,1.0000,0.0000
param,404,0.8634,0.3563,0.9380,-0.2000
pos,405,-2.0690,-1.8630,0.9674,0.0339
input,405,0.3369,0.5345,0.0223,0.0302
target,405,-1.0000,-2.0000,1.0000,0.0000
param,405,0.8634,0.3563,0.9380,-0.2000
pos,406,-2.0703,-1.8703,0.9671,0.0322
input,406,0.3369,0.5345,0.0223,0.0302
target,406,-1.0000,-2.0000,1.0000,0.0000
param,406,0.8634,0.3563,0.9380,-0.2000
pos,407,-2.0714,-1.8766,0.9668,0.0305
input,407,0.3369,0.5345,0.0223,0.0302
target,407,-1.0000,-2.0000,1.0000,0.0000
param,407,0.8634,0.3563,0.9380,-0.2000
pos,408,-2.0724,-1.8833,0.9665,0.0270
input,408,0.3248,0.5342,0.0274,0.0306
target,408,-1.0000,-2.0000,1.0000,0.0000
param,408,0.8634,0.3563,0.9380,-0.2000
pos,409,-2.0734,-1.8895,0.9663,0.0242
input,409,0.3248,0.5342,0.0274,0.0306
target,409,-1.0000,-2.0000,1.0000,0.0000
param,409,0.8634,0.3563,0.9380,-0.2000
pos,410,-2.0742,-1.8959,0.9658,0.0255
input,410,0.3248,0.5342,0.0274,0.0306
target,410,-1.0000,-2.0000,1.0000,0.0000
param,410,0.8634,0.3563,0.9380,-0.2000
pos,411,-2.0749,-1.9013,0.9654,0.0267
input,411,0.3124,0.5334,0.0321,0.0310
target,411,-1.0000,-2.0000,1.0000,0.0000
param,411,0.8634,0.3563,0.9380,-0.2000
pos,412,-2.0755,-1.9060,0.9650,0.0279
input,412,0.3124,0.5334,0.0321,0.0310
target,412,-1.0000,-2.0000,1.0000,0.0000
param,412,0.8634,0.3563,0.9380,-0.2000
pos,413,-2.0760,-1.9099,0.9647,0.0290
input,413,0.3124,0.5334,0.0321,0.0310
target,413,-1.0000,-2.0000,1.0000,0.0000
param,413,0.8634,0.3563,0.9380,-0.2000
pos,414,-2.0765,-1.9132,0.9645,0.0299
input,414,0.3018,0.5337,0.0295,0.0311
target,414,-1.0000,-2.0000,1.0000,0.0000
param,414,0.8634,0.3563,0.9380,-0.2000
pos,415,-2.0770,-1.9160,0.9643,0.0308
input,415,0.3018,0.5337,0.0295,0.0311
target,415,-1.0000,-2.0000,1.0000,0.0000
param,415,0.8634,0.3563,0.9380,-0.2000
pos,416,-2.0774,-1.9183,0.9642,0.0316
input,416,0.2973,0.5257,0.0291,0.0306
target,416,-2.0774,-1.9183,0.9642,0.0316
param,416,0.8634,0.3563,0.9380,-0.2000
pos,417,-2.0779,-1.9202,0.9640,0.0323
input,417,0.2928,0.5178,0.0287,0.0302
target,417,-2.0779,-1.9202,0.9640,0.0323
param,417,0.8634,0.3563,0.9380,-0.2000
pos,418,-2.0782,-1.9218,0.9639,0.0329
input,418,0.2884,0.5101,0.0282,0.0297
target,418,-2.0782,-1.9218,0.9639,0.0329
param,418,0.8634,0.3563,0.9380,-0.2000
pos,419,-2.0786,-1.9231,0.9639,0.0334
input,419,0.2841,0.5024,0.0278,0.0293
target,419,-2.0786,-1.9231,0.9639,0.0334
param,419,0.8634,0.3563,0.9380,-0.2000
pos,420,-2.0789,-1.9242,0.9638,0.0338
input,420,0.2798,0.4949,0.0274,0.0288
target,420,-2.0789,-1.9242,0.9638,0.0338
param,420,0.8634,0.3563,0.9380,-0.2000
pos,421,-2.0792,-1.9251,0.9638,0.0342
input,421,0.2757,0.4875,0.0270,0.0284
target,421,-2.0792,-1.9251,0.9638,0.0342
param,421,0.8634,0.3563,0.9380,-0.2000
pos,422,-2.0795,-1.9258,0.9638,0.0345
input,422,0.2715,0.4801,0.0266,0.0280
target,422,-2.0795,-1.9258,0.9638,0.0345
param,422,0.8634,0.3563,0.9380,-0.2000
pos,423,-2.0797,-1.9263,0.9638,0.0347
input,423,0.2674,0.4729,0.0262,0.0276
target,423,-2.0797,-1.9263,0.9638,0.0347
param,423,0.8634,0.3563,0.9380,-0.2000
pos,424,-2.0800,-1.9267,0.9638,0.0350
input,424,0.2634,0.4658,0.0258,0.0271
target,424,-2.0800,-1.9267,0.9638,0.0350
param,424,0.8634,0.3563,0.9380,-0.2000
pos,425,-2.0802,-1.9270,0.9638,0.0352
input,425,0.2595,0.4589,0.0254,0.0267
target,425,-2.0802,-1.9270,0.9638,0.0352
param,425,0.8634,0.3563,0.9380,-0.2000
pos,426,-2.0803,-1.9271,0.9638,0.0355
input,426,0.2556,0.4520,0.0250,0.0263
target,426,-2.0803,-1.9271,0.9638,0.0355
param,426,0.8634,0.3563,0.9380,-0.2000
pos,427,-2.0805,-1.9273,0.9638,0.0358
input,427,0.2518,0.4452,0.0246,0.0259
target,427,-2.0805,-1.9273,0.9638,0.0358
param,427,0.8633,0.3563,0.9380,-0.2000
pos,428,-2.0807,-1.9273,0.9639,0.0361
input,428,0.2480,0.4385,0.0243,0.0255
target,428,-2.0807,-1.9273,0.9639,0.0361
param,428,0.8633,0.3563,0.9380,-0.2000
pos,429,-2.0808,-1.9273,0.9639,0.0364
input,429,0.2443,0.4319,0.0239,0.0252
target,429,-2.0808,-1.9273,0.9639,0.0364
param,429,0.8633,0.3563,0.9380,-0.2000
pos,430,-2.0809,-1.9272,0.9640,0.0366
input,430,0.2406,0.4255,0.0236,0.0248
target,430,-2.0809,-1.9272,0.9640,0.0366
param,430,0.8633,0.3563,0.9380,-0.2000
pos,431,-2.0747,-1.9462,0.9649,0.0365
input,431,0.2370,0.4191,0.0232,0.0244
target,431,-2.0747,-1.9462,0.9649,0.0365
param,431,0.8633,0.3563,0.9380,-0.2000
pos,432,-2.0685,-1.9636,0.9659,0.0364
input,432,0.2334,0.4128,0.0229,0.0240
target,432,-2.0685,-1.9636,0.9659,0.0364
param,432,0.8634,0.3563,0.9380,-0.2000
pos,433,-2.0622,-1.9795,0.9669,0.0359
input,433,0.2299,0.4066,0.0225,0.0237
target,433,-2.0622,-1.9795,0.9669,0.0359
param,433,0.8634,0.3563,0.9380,-0.2000
pos,434,-2.0559,-1.9941,0.9678,0.0363
input,434,0.2265,0.4005,0.0222,0.0233
target,434,-2.0559,-1.9941,0.9678,0.0363
param,434,0.8634,0.3563,0.9380,-0.2000
pos,435,-2.0495,-2.0076,0.9688,0.0365
input,435,0.2231,0.3945,0.0218,0.0230
target,435,-2.0495,-2.0076,0.9688,0.0365
param,435,0.8634,0.3563,0.9380,-0.2000
pos,436,-2.0430,-2.0203,0.9697,0.0369
input,436,0.2197,0.3886,0.0215,0.0226
target,436,-2.0430,-2.0203,0.9697,0.0369
param,436,0.8634,0.3563,0.9380,-0.2000
pos,437,-2.0369,-2.0317,0.9707,0.0370
input,437,0.2164,0.3827,0.0212,0.0223
target,437,-2.0369,-2.0317,0.9707,0.0370
param,437,0.8634,0.3563,0.9380,-0.2000
pos,438,-2.0306,-2.0433,0.9722,0.0335
input,438,0.2132,0.3770,0.0209,0.0220
target,438,-2.0306,-2.0433,0.9722,0.0335
param,438,0.8634,0.3563,0.9380,-0.2000
pos,439,-2.0141,-2.0576,0.9735,0.0311
input,439,0.2100,0.3714,0.0206,0.0216
target,439,-2.0141,-2.0576,0.9735,0.0311
param,439,0.8634,0.3563,0.9380,-0.2000
pos,440,-1.9983,-2.0715,0.9747,0.0281
input,440,0.2068,0.3658,0.0203,0.0213
target,440,-1.9983,-2.0715,0.9747,0.0281
param,440,0.8634,0.3563,0.9380,-0.2000
pos,441,-1.9835,-2.0844,0.9758,0.0260
input,441,0.2037,0.3603,0.0199,0.0210
target,441,-1.9835,-2.0844,0.9758,0.0260
param,441,0.8634,0.3563,0.9380,-0.2000
pos,442,-1.9708,-2.0955,0.9768,0.0242
input,442,0.2007,0.3549,0.0196,0.0207
target,442,-1.9708,-2.0955,0.9768,0.0242
param,442,0.8634,0.3563,0.9380,-0.2000
pos,443,-1.9576,-2.1070,0.9779,0.0215
input,443,0.1977,0.3496,0.0194,0.0204
target,443,-1.9576,-2.1070,0.9779,0.0215
param,443,0.8634,0.3563,0.9380,-0.2000
pos,444,-1.9451,-2.1180,0.9790,0.0193
input,444,0.1947,0.3443,0.0191,0.0201
target,444,-1.9451,-2.1180,0.9790,0.0193
param,444,0.8634,0.3563,0.9380,-0.2000
pos,445,-1.9332,-2.1284,0.9800,0.0168
input,445,0.1918,0.3392,0.0188,0.0198
target,445,-1.9332,-2.1284,0.9800,0.0168
param,445,0.8634,0.3563,0.9380,-0.2000
pos,446,-1.9222,-2.1380,0.9808,0.0145
input,446,0.1889,0.3341,0.0185,0.0195
target,446,-1.9222,-2.1380,0.9808,0.0145
param,446,0.8634,0.3563,0.9380,-0.2000
pos,447,-1.9111,-2.1476,0.9818,0.0119
input,447,0.1861,0.3291,0.0182,0.0192
target,447,-1.9111,-2.1476,0.9818,0.0119
param,447,0.8634,0.3563,0.9380,-0.2000
pos,448,-1.9002,-2.1569,0.9827,0.0096
input,448,0.1833,0.3241,0.0179,0.0189
target,448,-1.9002,-2.1569,0.9827,0.0096
param,448,0.8634,0.3563,0.9380,-0.2000
pos,449,-1.8895,-2.1660,0.9837,0.0075
input,449,0.1805,0.3193,0.0177,0.0186
target,449,-1.8895,-2.1660,0.9837,0.0075
param,449,0.8634,0.3563,0.9380,-0.2000
pos,450,-1.8791,-2.1746,0.9846,0.0055
input,450,0.1778,0.3145,0.0174,0.0183
target,450,-1.8791,-2.1746,0.9846,0.0055
param,450,0.8634,0.3563,0.9380,-0.2000
pos,451,-1.8688,-2.1831,0.9855,0.0033
input,451,0.1752,0.3098,0.0171,0.0180
target,451,-1.8688,-2.1831,0.9855,0.0033
param,451,0.8634,0.3563,0.9380,-0.2000
pos,452,-1.8585,-2.1912,0.9862,0.0000
input,452,0.1725,0.3051,0.0169,0.0178
target,452,-1.8585,-2.1912,0.9862,0.0000
param,452,0.8634,0.3563,0.9380,-0.2000
pos,453,-1.8485,-2.1991,0.9871,-0.0024
input,453,0.1699,0.3005,0.0166,0.0175
target,453,-1.8485,-2.1991,0.9871,-0.0024
param,453,0.8634,0.3563,0.9380,-0.2000
pos,454,-1.8389,-2.2070,0.9881,-0.0034
input,454,0.1674,0.2960,0.0164,0.0172
target,454,-1.8389,-2.2070,0.9881,-0.0034
param,454,0.8634,0.3563,0.9380,-0.2000
pos,455,-1.8301,-2.2142,0.9890,-0.0044
input,455,0.1649,0.2916,0.0161,0.0170
target,455,-1.8301,-2.2142,0.9890,-0.0044
param,455,0.8634,0.3563,0.9380,-0.2000
pos,456,-1.8206,-2.2219,0.9899,-0.0060
input,456,0.1624,0.2872,0.0159,0.0167
target,456,-1.8206,-2.2219,0.9899,-0.0060
param,456,0.8634,0.3563,0.9380,-0.2000
pos,457,-1.8113,-2.2294,0.9907,-0.0069
input,457,0.1600,0.2829,0.0157,0.0165
target,457,-1.8113,-2.2294,0.9907,-0.0069
param,457,0.8634,0.3563,0.9380,-0.2000
pos,458,-1.8027,-2.2363,0.9916,-0.0074
input,458,0.1576,0.2787,0.0154,0.0162
target,458,-1.8027,-2.2363,0.9916,-0.0074
param,458,0.8633,0.3563,0.9380,-0.2000
pos,459,-1.7933,-2.2437,0.9925,-0.0084
input,459,0.1552,0.2745,0.0152,0.0160
target,459,-1.7933,-2.2437,0.9925,-0.0084
param,459,0.8633,0.3563,0.9380,-0.2000
pos,460,-1.7840,-2.2510,0.9933,-0.0094
input,460,0.1529,0.2704,0.0150,0.0158
target,460,-1.7840,-2.2510,0.9933,-0.0094
param,460,0.8633,0.3563,0.9380,-0.2000
pos,461,-1.7748,-2.2582,0.9941,-0.0104
input,461,0.1506,0.2663,0.0147,0.0155
target,461,-1.7748,-2.2582,0.9941,-0.0104
param,461,0.8633,0.3563,0.9380,-0.2000
pos,462,-1.7663,-2.2647,0.9948,-0.0110
input,462,0.1483,0.2623,0.0145,0.0153
target,462,-1.7663,-2.2647,0.9948,-0.0110
param,462,0.8633,0.3563,0.9380,-0.2001
pos,463,-1.7571,-2.2719,0.9957,-0.0131
input,463,0.1461,0.2584,0.0143,0.0151
target,463,-1.7571,-2.2719,0.9957,-0.0131
param,463,0.8633,0.3563,0.9380,-0.2001
