pos,0,-2.1590,-2.9713,1.1161,-0.0037
input,0,0.0575,0.0792,0.0223,-0.0688
target,0,-2.0000,-3.0000,1.0000,0.0000
param,0,0.8633,0.3563,0.9380,-0.1170
pos,1,-2.1626,-2.9818,1.1145,-0.0001
input,1,0.0519,0.0831,0.0157,-0.0687
target,1,-0.5000,-3.0000,1.0000,0.0000
param,1,0.8633,0.3563,0.9380,-0.1170
pos,2,-2.1659,-2.9916,1.1129,0.0035
input,2,0.3325,0.4530,0.0046,-0.0131
target,2,-0.5000,-3.0000,1.0000,0.0000
param,2,0.8633,0.3563,0.9380,-0.1170
pos,3,-2.1690,-3.0016,1.1114,0.0068
input,3,0.3325,0.4530,0.0046,-0.0131
target,3,-0.5000,-3.0000,1.0000,0.0000
param,3,0.8633,0.3564,0.9380,-0.1170
pos,4,-2.1718,-3.0102,1.1101,0.0099
input,4,0.3240,0.4428,0.0041,-0.0132
target,4,-0.5000,-3.0000,1.0000,0.0000
param,4,0.8633,0.3564,0.9380,-0.1170
pos,5,-2.1741,-3.0175,1.1090,0.0131
input,5,0.3274,0.4538,0.0206,0.0006
target,5,-0.5000,-3.0000,1.0000,0.0000
param,5,0.8633,0.3564,0.9380,-0.1170
pos,6,-2.1761,-3.0239,1.1080,0.0160
input,6,0.3274,0.4538,0.0206,0.0006
target,6,-0.5000,-3.0000,1.0000,0.0000
param,6,0.8633,0.3564,0.9380,-0.1170
pos,7,-2.1779,-3.0293,1.1071,0.0190
input,7,0.3274,0.4538,0.0206,0.0006
target,7,-0.5000,-3.0000,1.0000,0.0000
param,7,0.8633,0.3564,0.9380,-0.1170
pos,8,-2.1794,-3.0431,1.1062,0.0172
input,8,0.3274,0.4538,0.0206,0.0006
target,8,-0.5000,-3.0000,1.0000,0.0000
param,8,0.8633,0.3564,0.9380,-0.1170
pos,9,-2.1809,-3.0557,1.1054,0.0156
input,9,0.3160,0.4552,0.0179,0.0011
target,9,-0.5000,-3.0000,1.0000,0.0000
param,9,0.8633,0.3564,0.9380,-0.1170
pos,10,-2.1824,-3.0680,1.1047,0.0142
input,10,0.3160,0.4552,0.0179,0.0011
target,10,-0.5000,-3.0000,1.0000,0.0000
param,10,0.8634,0.3563,0.9380,-0.1170
pos,11,-2.1838,-3.0799,1.1039,0.0119
input,11,0.3160,0.4552,0.0179,0.0011
target,11,-0.5000,-3.0000,1.0000,0.0000
param,11,0.8634,0.3563,0.9380,-0.1170
pos,12,-2.1852,-3.0914,1.1033,0.0104
input,12,0.3112,0.4484,0.0176,0.0011
target,12,-2.1852,-3.0914,1.1033,0.0104
param,12,0.8634,0.3563,0.9380,-0.1170
pos,13,-2.1865,-3.1020,1.1027,0.0084
input,13,0.3066,0.4416,0.0174,0.0011
target,13,-2.1865,-3.1020,1.1027,0.0084
param,13,0.8634,0.3563,0.9380,-0.1170
pos,14,-2.1876,-3.1111,1.1022,0.0065
input,14,0.3020,0.4350,0.0171,0.0011
target,14,-2.1876,-3.1111,1.1022,0.0065
param,14,0.8634,0.3563,0.9380,-0.1170
pos,15,-2.1890,-3.1223,1.1017,0.0055
input,15,0.2974,0.4285,0.0168,0.0011
target,15,-2.1890,-3.1223,1.1017,0.0055
param,15,0.8634,0.3563,0.9380,-0.1170
pos,16,-2.1902,-3.1332,1.1013,0.0050
input,16,0.2930,0.4221,0.0166,0.0010
target,16,-2.1902,-3.1332,1.1013,0.0050
param,16,0.8634,0.3563,0.9380,-0.1170
pos,17,-2.1913,-3.1432,1.1009,0.0045
input,17,0.2886,0.4157,0.0163,0.0010
target,17,-2.1913,-3.1432,1.1009,0.0045
param,17,0.8634,0.3563,0.9380,-0.1170
pos,18,-2.1921,-3.1536,1.1006,0.0035
input,18,0.2842,0.4095,0.0161,0.0010
target,18,-2.1921,-3.1536,1.1006,0.0035
param,18,0.8634,0.3563,0.9380,-0.1170
pos,19,-2.1925,-3.1637,1.1002,0.0017
input,19,0.2800,0.4034,0.0159,0.0010
target,19,-2.1925,-3.1637,1.1002,0.0017
param,19,0.8634,0.3563,0.9380,-0.1170
pos,20,-2.1928,-3.1736,1.0997,0.0002
input,20,0.2758,0.3973,0.0156,0.0010
target,20,-2.1928,-3.1736,1.0997,0.0002
param,20,0.8634,0.3563,0.9380,-0.1170
pos,21,-2.1929,-3.1833,1.0994,-0.0012
input,21,0.2716,0.3913,0.0154,0.0010
target,21,-2.1929,-3.1833,1.0994,-0.0012
param,21,0.8634,0.3563,0.9380,-0.1170
pos,22,-2.1932,-3.1930,1.0990,-0.0017
input,22,0.2676,0.3855,0.0152,0.0010
target,22,-2.1932,-3.1930,1.0990,-0.0017
param,22,0.8634,0.3563,0.9380,-0.1170
pos,23,-2.1931,-3.2027,1.0988,-0.0024
input,23,0.2636,0.3797,0.0149,0.0009
target,23,-2.1931,-3.2027,1.0988,-0.0024
param,23,0.8634,0.3563,0.9380,-0.1170
pos,24,-2.1929,-3.2116,1.0985,-0.0029
input,24,0.2596,0.3740,0.0147,0.0009
target,24,-2.1929,-3.2116,1.0985,-0.0029
param,24,0.8634,0.3563,0.9380,-0.1170
pos,25,-2.1924,-3.2211,1.0983,-0.0033
input,25,0.2557,0.3684,0.0145,0.0009
target,25,-2.1924,-3.2211,1.0983,-0.0033
param,25,0.8634,0.3563,0.9380,-0.1170
pos,26,-2.1917,-3.2307,1.0981,-0.0033
input,26,0.2519,0.3629,0.0143,0.0009
target,26,-2.1917,-3.2307,1.0981,-0.0033
param,26,0.8634,0.3563,0.9380,-0.1170
pos,27,-2.1906,-3.2408,1.0978,-0.0038
input,27,0.2481,0.3574,0.0141,0.0009
target,27,-2.1906,-3.2408,1.0978,-0.0038
param,27,0.8634,0.3563,0.9380,-0.1170
pos,28,-2.1892,-3.2507,1.0975,-0.0041
input,28,0.2444,0.3521,0.0138,0.0009
target,28,-2.1892,-3.2507,1.0975,-0.0041
param,28,0.8634,0.3563,0.9380,-0.1170
pos,29,-2.1877,-3.2599,1.0973,-0.0044
input,29,0.2407,0.3468,0.0136,0.0009
target,29,-2.1877,-3.2599,1.0973,-0.0044
param,29,0.8634,0.3563,0.9380,-0.1170
pos,30,-2.1865,-3.2679,1.0971,-0.0046
input,30,0.2371,0.3416,0.0134,0.0008
target,30,-2.1865,-3.2679,1.0971,-0.0046
param,30,0.8634,0.3563,0.9380,-0.1170
pos,31,-2.1845,-3.2772,1.0969,-0.0047
input,31,0.2335,0.3364,0.0132,0.0008
target,31,-2.1845,-3.2772,1.0969,-0.0047
param,31,0.8634,0.3563,0.9380,-0.1170
pos,32,-2.1823,-3.2866,1.0968,-0.0047
input,32,0.2300,0.3314,0.0130,0.0008
target,32,-2.1823,-3.2866,1.0968,-0.0047
param,32,0.8634,0.3563,0.9380,-0.1170
pos,33,-2.1801,-3.2952,1.0966,-0.0047
input,33,0.2266,0.3264,0.0128,0.0008
target,33,-2.1801,-3.2952,1.0966,-0.0047
param,33,0.8634,0.3563,0.9380,-0.1170
pos,34,-2.1774,-3.3045,1.0965,-0.0047
input,34,0.2232,0.3215,0.0126,0.0008
target,34,-2.1774,-3.3045,1.0965,-0.0047
param,34,0.8634,0.3563,0.9380,-0.1170
pos,35,-2.1744,-3.3138,1.0964,-0.0048
input,35,0.2198,0.3167,0.0125,0.0008
target,35,-2.1744,-3.3138,1.0964,-0.0048
param,35,0.8634,0.3563,0.9380,-0.1170
pos,36,-2.1712,-3.3230,1.0963,-0.0048
input,36,0.2165,0.3120,0.0123,0.0008
target,36,-2.1712,-3.3230,1.0963,-0.0048
param,36,0.8634,0.3563,0.9380,-0.1170
pos,37,-2.1677,-3.3321,1.0962,-0.0047
input,37,0.2133,0.3073,0.0121,0.0008
target,37,-2.1677,-3.3321,1.0962,-0.0047
param,37,0.8634,0.3563,0.9380,-0.1170
pos,38,-2.1554,-3.3435,1.0964,-0.0054
input,38,0.2101,0.3027,0.0119,0.0007
target,38,-2.1554,-3.3435,1.0964,-0.0054
param,38,0.8634,0.3563,0.9380,-0.1170
pos,39,-2.1445,-3.3540,1.0966,-0.0063
input,39,0.2069,0.2981,0.0117,0.0007
target,39,-2.1445,-3.3540,1.0966,-0.0063
param,39,0.8634,0.3563,0.9380,-0.1170
pos,40,-2.1340,-3.3648,1.0967,-0.0084
input,40,0.2038,0.2937,0.0115,0.0007
target,40,-2.1340,-3.3648,1.0967,-0.0084
param,40,0.8634,0.3563,0.9380,-0.1170
pos,41,-2.1248,-3.3741,1.0969,-0.0102
input,41,0.2008,0.2893,0.0114,0.0007
target,41,-2.1248,-3.3741,1.0969,-0.0102
param,41,0.8634,0.3563,0.9380,-0.1170
pos,42,-2.1149,-3.3852,1.0972,-0.0115
input,42,0.1978,0.2849,0.0112,0.0007
target,42,-2.1149,-3.3852,1.0972,-0.0115
param,42,0.8634,0.3563,0.9380,-0.1170
pos,43,-2.1060,-3.3955,1.0974,-0.0128
input,43,0.1948,0.2806,0.0110,0.0007
target,43,-2.1060,-3.3955,1.0974,-0.0128
param,43,0.8634,0.3563,0.9380,-0.1170
pos,44,-2.0971,-3.4062,1.0976,-0.0138
input,44,0.1919,0.2764,0.0109,0.0007
target,44,-2.0971,-3.4062,1.0976,-0.0138
param,44,0.8634,0.3563,0.9380,-0.1170
pos,45,-2.0885,-3.4165,1.0978,-0.0151
input,45,0.1890,0.2723,0.0107,0.0007
target,45,-2.0885,-3.4165,1.0978,-0.0151
param,45,0.8634,0.3563,0.9380,-0.1170
