delay,30
pos,0,-0.2638,-2.5020,0.7901,0.1701
pos,1,-0.2639,-2.5021,0.7903,0.1701
pos,2,-0.2640,-2.5024,0.7908,0.1701
pos,3,-0.2641,-2.5029,0.7913,0.1700
pos,4,-0.2643,-2.5035,0.7918,0.1699
pos,5,-0.2646,-2.5041,0.7924,0.1698
pos,6,-0.2649,-2.5049,0.7929,0.1697
pos,7,-0.2653,-2.5059,0.7933,0.1697
pos,8,-0.2657,-2.5069,0.7937,0.1695
pos,9,-0.2663,-2.5079,0.7940,0.1693
pos,10,-0.2668,-2.5091,0.7942,0.1689
pos,11,-0.2675,-2.5104,0.7944,0.1686
pos,12,-0.2682,-2.5117,0.7945,0.1683
pos,13,-0.2690,-2.5131,0.7944,0.1683
pos,14,-0.2699,-2.5146,0.7940,0.1688
pos,15,-0.2708,-2.5161,0.7935,0.1691
pos,16,-0.2719,-2.5177,0.7930,0.1693
pos,17,-0.2731,-2.5193,0.7924,0.1695
pos,18,-0.2743,-2.5210,0.7918,0.1695
pos,19,-0.2757,-2.5227,0.7910,0.1694
pos,20,-0.2772,-2.5244,0.7901,0.1693
pos,21,-0.2788,-2.5262,0.7891,0.1691
pos,22,-0.2805,-2.5280,0.7880,0.1687
pos,23,-0.2824,-2.5298,0.7868,0.1681
pos,24,-0.2844,-2.5316,0.7855,0.1674
pos,25,-0.2866,-2.5334,0.7840,0.1666
pos,26,-0.2889,-2.5353,0.7824,0.1657
pos,27,-0.2914,-2.5371,0.7805,0.1651
pos,28,-0.2941,-2.5389,0.7784,0.1644
pos,29,-0.2970,-2.5407,0.7761,0.1635
pos,30,-0.3001,-2.5424,0.7737,0.1623
pos,31,-0.2978,-2.5462,0.7712,0.1609
pos,32,-0.2956,-2.5499,0.7688,0.1593
pos,33,-0.2933,-2.5536,0.7663,0.1581
pos,34,-0.2910,-2.5574,0.7634,0.1572
pos,35,-0.2888,-2.5612,0.7605,0.1567
pos,36,-0.2865,-2.5650,0.7574,0.1563
pos,37,-0.2842,-2.5688,0.7542,0.1562
pos,38,-0.2819,-2.5727,0.7508,0.1564
pos,39,-0.2795,-2.5765,0.7474,0.1564
pos,40,-0.2772,-2.5803,0.7440,0.1562
pos,41,-0.2748,-2.5842,0.7406,0.1559
pos,42,-0.2724,-2.5880,0.7371,0.1554
pos,43,-0.2699,-2.5918,0.7337,0.1547
pos,44,-0.2675,-2.5956,0.7303,0.1538
pos,45,-0.2649,-2.5994,0.7268,0.1527
pos,46,-0.2624,-2.6032,0.7235,0.1512
pos,47,-0.2598,-2.6070,0.7201,0.1501
pos,48,-0.2572,-2.6108,0.7166,0.1491
pos,49,-0.2545,-2.6146,0.7132,0.1483
pos,50,-0.2517,-2.6184,0.7097,0.1478
pos,51,-0.2489,-2.6222,0.7062,0.1474
pos,52,-0.2461,-2.6259,0.7028,0.1471
pos,53,-0.2431,-2.6296,0.6995,0.1469
pos,54,-0.2401,-2.6333,0.6962,0.1467
pos,55,-0.2370,-2.6370,0.6930,0.1466
pos,56,-0.2339,-2.6407,0.6898,0.1466
pos,57,-0.2306,-2.6443,0.6866,0.1469
pos,58,-0.2273,-2.6479,0.6834,0.1473
pos,59,-0.2238,-2.6514,0.6804,0.1481
pos,60,-0.2203,-2.6549,0.6773,0.1493
pos,61,-0.2166,-2.6584,0.6743,0.1511
pos,62,-0.2129,-2.6618,0.6713,0.1532
pos,63,-0.2090,-2.6651,0.6683,0.1557
pos,64,-0.2049,-2.6684,0.6653,0.1582
pos,65,-0.2008,-2.6716,0.6623,0.1609
pos,66,-0.1964,-2.6748,0.6593,0.1640
pos,67,-0.1920,-2.6778,0.6563,0.1673
pos,68,-0.1874,-2.6807,0.6540,0.1710
pos,69,-0.1826,-2.6836,0.6516,0.1735
pos,70,-0.1777,-2.6863,0.6491,0.1747
pos,71,-0.1726,-2.6890,0.6466,0.1746
pos,72,-0.1673,-2.6917,0.6441,0.1733
pos,73,-0.1618,-2.6943,0.6416,0.1708
pos,74,-0.1562,-2.6969,0.6390,0.1671
pos,75,-0.1503,-2.6994,0.6366,0.1642
pos,76,-0.1443,-2.7019,0.6342,0.1611
pos,77,-0.1381,-2.7045,0.6319,0.1578
pos,78,-0.1317,-2.7069,0.6296,0.1543
pos,79,-0.1252,-2.7094,0.6273,0.1506
pos,80,-0.1184,-2.7119,0.6250,0.1471
pos,81,-0.1115,-2.7143,0.6228,0.1446
pos,82,-0.1043,-2.7167,0.6207,0.1435
pos,83,-0.0970,-2.7190,0.6186,0.1437
pos,84,-0.0895,-2.7213,0.6167,0.1450
pos,85,-0.0817,-2.7235,0.6148,0.1462
pos,86,-0.0738,-2.7256,0.6129,0.1475
pos,87,-0.0656,-2.7276,0.6111,0.1487
pos,88,-0.0573,-2.7296,0.6093,0.1499
pos,89,-0.0487,-2.7315,0.6078,0.1508
pos,90,-0.0400,-2.7332,0.6062,0.1518
pos,91,-0.0310,-2.7349,0.6046,0.1529
pos,92,-0.0218,-2.7366,0.6032,0.1539
pos,93,-0.0125,-2.7381,0.6018,0.1549
pos,94,-0.0029,-2.7396,0.6005,0.1560
pos,95,0.0068,-2.7410,0.5994,0.1569
pos,96,0.0168,-2.7423,0.5984,0.1577
pos,97,0.0269,-2.7435,0.5974,0.1584
pos,98,0.0373,-2.7447,0.5966,0.1591
pos,99,0.0478,-2.7458,0.5958,0.1605
pos,100,0.0585,-2.7468,0.5950,0.1617
pos,101,0.0693,-2.7477,0.5949,0.1625
pos,102,0.0803,-2.7486,0.5948,0.1634
pos,103,0.0914,-2.7494,0.5948,0.1643
pos,104,0.1027,-2.7501,0.5949,0.1655
pos,105,0.1142,-2.7508,0.5952,0.1669
pos,106,0.1259,-2.7514,0.5955,0.1686
pos,107,0.1377,-2.7519,0.5959,0.1702
pos,108,0.1497,-2.7523,0.5964,0.1720
pos,109,0.1619,-2.7526,0.5971,0.1738
pos,110,0.1742,-2.7529,0.5978,0.1754
pos,111,0.1867,-2.7530,0.5987,0.1770
pos,112,0.1993,-2.7531,0.5996,0.1785
pos,113,0.2121,-2.7530,0.6007,0.1798
pos,114,0.2251,-2.7529,0.6018,0.1811
pos,115,0.2383,-2.7528,0.6031,0.1823
pos,116,0.2515,-2.7525,0.6044,0.1836
pos,117,0.2650,-2.7522,0.6058,0.1848
pos,118,0.2786,-2.7517,0.6073,0.1852
pos,119,0.2923,-2.7513,0.6088,0.1860
pos,120,0.3062,-2.7507,0.6104,0.1868
pos,121,0.3202,-2.7501,0.6119,0.1876
pos,122,0.3344,-2.7495,0.6134,0.1886
pos,123,0.3487,-2.7487,0.6149,0.1898
pos,124,0.3631,-2.7479,0.6165,0.1915
pos,125,0.3777,-2.7471,0.6179,0.1927
pos,126,0.3925,-2.7461,0.6193,0.1937
pos,127,0.4074,-2.7451,0.6205,0.1944
pos,128,0.4224,-2.7441,0.6216,0.1949
pos,129,0.4375,-2.7429,0.6225,0.1956
pos,130,0.4528,-2.7418,0.6233,0.1959
pos,131,0.4682,-2.7406,0.6241,0.1963
pos,132,0.4838,-2.7393,0.6246,0.1968
pos,133,0.4995,-2.7380,0.6250,0.1972
pos,134,0.5153,-2.7367,0.6253,0.1976
pos,135,0.5313,-2.7353,0.6254,0.1982
pos,136,0.5474,-2.7338,0.6254,0.1990
pos,137,0.5637,-2.7324,0.6252,0.1997
pos,138,0.5801,-2.7309,0.6248,0.2005
pos,139,0.5966,-2.7293,0.6243,0.2015
pos,140,0.6132,-2.7277,0.6236,0.2029
pos,141,0.6300,-2.7260,0.6228,0.2042
pos,142,0.6469,-2.7243,0.6218,0.2056
pos,143,0.6639,-2.7225,0.6209,0.2073
pos,144,0.6811,-2.7207,0.6198,0.2087
pos,145,0.6984,-2.7188,0.6188,0.2099
pos,146,0.7158,-2.7169,0.6178,0.2108
pos,147,0.7334,-2.7149,0.6168,0.2115
pos,148,0.7511,-2.7129,0.6159,0.2119
pos,149,0.7689,-2.7109,0.6151,0.2123
pos,150,0.7868,-2.7089,0.6143,0.2124
pos,151,0.8049,-2.7068,0.6137,0.2125
pos,152,0.8231,-2.7047,0.6130,0.2122
pos,153,0.8414,-2.7026,0.6124,0.2119
pos,154,0.8598,-2.7005,0.6120,0.2119
pos,155,0.8783,-2.6983,0.6116,0.2126
pos,156,0.8970,-2.6962,0.6113,0.2132
pos,157,0.9158,-2.6940,0.6110,0.2138
pos,158,0.9347,-2.6918,0.6108,0.2147
pos,159,0.9538,-2.6895,0.6107,0.2158
pos,160,0.9730,-2.6873,0.6106,0.2171
pos,161,0.9923,-2.6850,0.6105,0.2185
pos,162,1.0117,-2.6827,0.6105,0.2201
pos,163,1.0312,-2.6803,0.6105,0.2220
pos,164,1.0509,-2.6779,0.6106,0.2239
pos,165,1.0708,-2.6755,0.6108,0.2262
pos,166,1.0907,-2.6730,0.6110,0.2287
pos,167,1.1108,-2.6704,0.6113,0.2314
pos,168,1.1310,-2.6679,0.6117,0.2341
pos,169,1.1514,-2.6653,0.6122,0.2368
pos,170,1.1719,-2.6626,0.6128,0.2392
pos,171,1.1925,-2.6599,0.6133,0.2412
pos,172,1.2133,-2.6572,0.6139,0.2430
pos,173,1.2342,-2.6544,0.6146,0.2448
pos,174,1.2552,-2.6516,0.6152,0.2464
pos,175,1.2763,-2.6488,0.6159,0.2476
pos,176,1.2976,-2.6460,0.6167,0.2486
pos,177,1.3191,-2.6432,0.6174,0.2494
pos,178,1.3406,-2.6404,0.6182,0.2499
pos,179,1.3623,-2.6375,0.6190,0.2503
pos,180,1.3842,-2.6347,0.6200,0.2506
pos,181,1.4062,-2.6319,0.6210,0.2508
pos,182,1.4283,-2.6292,0.6221,0.2508
pos,183,1.4506,-2.6264,0.6232,0.2509
pos,184,1.4730,-2.6237,0.6243,0.2510
pos,185,1.4956,-2.6210,0.6255,0.2510
pos,186,1.5183,-2.6184,0.6267,0.2508
pos,187,1.5413,-2.6157,0.6279,0.2506
pos,188,1.5643,-2.6131,0.6290,0.2503
pos,189,1.5876,-2.6106,0.6301,0.2500
pos,190,1.6110,-2.6081,0.6312,0.2498
pos,191,1.6346,-2.6056,0.6321,0.2495
pos,192,1.6581,-2.6032,0.6329,0.2490
pos,193,1.6814,-2.6007,0.6337,0.2483
pos,194,1.7047,-2.5983,0.6344,0.2477
pos,195,1.7278,-2.5959,0.6351,0.2469
pos,196,1.7509,-2.5935,0.6358,0.2461
pos,197,1.7739,-2.5912,0.6365,0.2454
pos,198,1.7968,-2.5888,0.6370,0.2446
pos,199,1.8197,-2.5866,0.6373,0.2437
pos,200,1.8425,-2.5843,0.6376,0.2429
pos,201,1.8652,-2.5822,0.6377,0.2421
pos,202,1.8879,-2.5800,0.6378,0.2413
pos,203,1.9105,-2.5779,0.6377,0.2405
pos,204,1.9331,-2.5759,0.6375,0.2396
pos,205,1.9557,-2.5740,0.6371,0.2387
pos,206,1.9782,-2.5721,0.6365,0.2377
pos,207,2.0007,-2.5703,0.6357,0.2368
pos,208,2.0231,-2.5686,0.6347,0.2359
pos,209,2.0455,-2.5670,0.6333,0.2351
pos,210,2.0679,-2.5654,0.6315,0.2343
pos,211,2.0903,-2.5640,0.6292,0.2334
pos,212,2.1126,-2.5624,0.6264,0.2325
pos,213,2.1348,-2.5606,0.6234,0.2316
pos,214,2.1569,-2.5586,0.6201,0.2306
pos,215,2.1789,-2.5565,0.6167,0.2295
pos,216,2.2009,-2.5542,0.6132,0.2284
pos,217,2.2228,-2.5518,0.6094,0.2271
pos,218,2.2446,-2.5492,0.6056,0.2258
pos,219,2.2663,-2.5465,0.6016,0.2245
pos,220,2.2880,-2.5437,0.5974,0.2230
pos,221,2.3097,-2.5408,0.5930,0.2216
pos,222,2.3312,-2.5378,0.5887,0.2201
pos,223,2.3527,-2.5347,0.5843,0.2186
pos,224,2.3742,-2.5315,0.5797,0.2171
pos,225,2.3956,-2.5282,0.5751,0.2157
pos,226,2.4169,-2.5248,0.5705,0.2143
pos,227,2.4381,-2.5214,0.5657,0.2129
pos,228,2.4593,-2.5178,0.5609,0.2116
pos,229,2.4804,-2.5142,0.5561,0.2102
pos,230,2.5015,-2.5106,0.5512,0.2088
pos,231,2.5224,-2.5068,0.5463,0.2073
pos,232,2.5433,-2.5031,0.5413,0.2059
pos,233,2.5641,-2.4992,0.5364,0.2046
pos,234,2.5849,-2.4953,0.5314,0.2031
pos,235,2.6055,-2.4913,0.5265,0.2018
pos,236,2.6260,-2.4873,0.5215,0.2007
pos,237,2.6464,-2.4832,0.5166,0.1995
pos,238,2.6667,-2.4791,0.5115,0.1985
pos,239,2.6869,-2.4748,0.5063,0.1975
pos,240,2.7070,-2.4706,0.5009,0.1966
pos,241,2.7270,-2.4662,0.4952,0.1957
pos,242,2.7468,-2.4617,0.4894,0.1949
pos,243,2.7665,-2.4572,0.4831,0.1940
pos,244,2.7861,-2.4526,0.4764,0.1932
pos,245,2.8055,-2.4479,0.4691,0.1923
pos,246,2.8248,-2.4431,0.4607,0.1915
pos,247,2.8441,-2.4384,0.4578,0.1907
pos,248,2.8633,-2.4336,0.4539,0.1900
pos,249,2.8823,-2.4287,0.4493,0.1892
pos,250,2.9011,-2.4237,0.4443,0.1884
pos,251,2.9197,-2.4185,0.4389,0.1878
pos,252,2.9382,-2.4133,0.4334,0.1873
pos,253,2.9566,-2.4079,0.4276,0.1869
pos,254,2.9747,-2.4023,0.4220,0.1864
pos,255,2.9927,-2.3967,0.4163,0.1859
pos,256,3.0105,-2.3908,0.4104,0.1855
pos,257,3.0281,-2.3848,0.4044,0.1852
pos,258,3.0456,-2.3787,0.3984,0.1849
pos,259,3.0629,-2.3724,0.3922,0.1845
pos,260,3.0800,-2.3659,0.3860,0.1842
pos,261,3.0970,-2.3591,0.3799,0.1838
pos,262,3.1138,-2.3522,0.3739,0.1834
pos,263,3.1304,-2.3451,0.3682,0.1831
pos,264,3.1469,-2.3381,0.3626,0.1829
pos,265,3.1632,-2.3312,0.3571,0.1827
pos,266,3.1793,-2.3244,0.3515,0.1825
pos,267,3.1952,-2.3176,0.3460,0.1824
pos,268,3.2110,-2.3108,0.3405,0.1823
pos,269,3.2266,-2.3041,0.3348,0.1823
pos,270,3.2419,-2.2975,0.3292,0.1823
pos,271,3.2572,-2.2909,0.3235,0.1823
pos,272,3.2722,-2.2843,0.3178,0.1824
pos,273,3.2870,-2.2777,0.3122,0.1825
pos,274,3.3017,-2.2711,0.3066,0.1826
pos,275,3.3162,-2.2646,0.3010,0.1826
pos,276,3.3305,-2.2580,0.2954,0.1826
pos,277,3.3447,-2.2515,0.2899,0.1825
pos,278,3.3587,-2.2449,0.2845,0.1827
pos,279,3.3725,-2.2383,0.2793,0.1831
pos,280,3.3862,-2.2317,0.2741,0.1837
pos,281,3.3997,-2.2251,0.2690,0.1842
pos,282,3.4130,-2.2185,0.2640,0.1846
pos,283,3.4262,-2.2119,0.2592,0.1849
pos,284,3.4392,-2.2052,0.2544,0.1853
pos,285,3.4520,-2.1985,0.2498,0.1855
pos,286,3.4648,-2.1918,0.2452,0.1856
pos,287,3.4773,-2.1851,0.2407,0.1856
pos,288,3.4898,-2.1783,0.2365,0.1857
pos,289,3.5021,-2.1715,0.2324,0.1858
pos,290,3.5142,-2.1647,0.2285,0.1857
pos,291,3.5263,-2.1578,0.2247,0.1856
pos,292,3.5381,-2.1510,0.2211,0.1853
pos,293,3.5499,-2.1441,0.2173,0.1850
pos,294,3.5616,-2.1371,0.2137,0.1847
pos,295,3.5731,-2.1302,0.2102,0.1843
pos,296,3.5845,-2.1233,0.2068,0.1840
pos,297,3.5958,-2.1163,0.2035,0.1836
pos,298,3.6070,-2.1093,0.2002,0.1832
pos,299,3.6181,-2.1023,0.1970,0.1827
pos,300,3.6290,-2.0954,0.1939,0.1822
pos,301,3.6398,-2.0884,0.1910,0.1819
pos,302,3.6506,-2.0814,0.1883,0.1816
pos,303,3.6612,-2.0745,0.1855,0.1812
pos,304,3.6716,-2.0675,0.1827,0.1808
pos,305,3.6820,-2.0606,0.1800,0.1803
pos,306,3.6923,-2.0536,0.1774,0.1798
pos,307,3.7024,-2.0467,0.1747,0.1792
pos,308,3.7125,-2.0399,0.1720,0.1786
pos,309,3.7224,-2.0330,0.1694,0.1780
pos,310,3.7323,-2.0262,0.1670,0.1775
pos,311,3.7420,-2.0194,0.1647,0.1768
pos,312,3.7517,-2.0126,0.1625,0.1762
pos,313,3.7612,-2.0059,0.1605,0.1758
pos,314,3.7706,-1.9993,0.1587,0.1754
pos,315,3.7800,-1.9926,0.1570,0.1748
pos,316,3.7892,-1.9861,0.1556,0.1744
pos,317,3.7983,-1.9795,0.1543,0.1739
pos,318,3.8074,-1.9731,0.1531,0.1734
pos,319,3.8163,-1.9667,0.1522,0.1728
pos,320,3.8252,-1.9603,0.1514,0.1723
pos,321,3.8339,-1.9540,0.1508,0.1718
pos,322,3.8426,-1.9478,0.1505,0.1714
pos,323,3.8512,-1.9416,0.1504,0.1709
pos,324,3.8597,-1.9355,0.1505,0.1704
pos,325,3.8681,-1.9295,0.1509,0.1699
pos,326,3.8764,-1.9236,0.1515,0.1695
pos,327,3.8846,-1.9177,0.1524,0.1691
pos,328,3.8927,-1.9119,0.1535,0.1687
pos,329,3.9008,-1.9062,0.1550,0.1684
pos,330,3.9088,-1.9005,0.1567,0.1681
pos,331,3.9166,-1.8950,0.1587,0.1678
pos,332,3.9244,-1.8895,0.1610,0.1676
pos,333,3.9322,-1.8841,0.1636,0.1674
pos,334,3.9398,-1.8788,0.1665,0.1672
pos,335,3.9474,-1.8736,0.1696,0.1671
pos,336,3.9549,-1.8684,0.1730,0.1670
pos,337,3.9623,-1.8634,0.1768,0.1669
pos,338,3.9696,-1.8585,0.1807,0.1670
pos,339,3.9769,-1.8536,0.1849,0.1671
pos,340,3.9841,-1.8489,0.1894,0.1671
pos,341,3.9912,-1.8442,0.1942,0.1671
pos,342,3.9982,-1.8397,0.1992,0.1671
pos,343,4.0052,-1.8353,0.2046,0.1671
pos,344,4.0121,-1.8310,0.2103,0.1671
pos,345,4.0189,-1.8268,0.2162,0.1671
pos,346,4.0257,-1.8227,0.2225,0.1671
pos,347,4.0323,-1.8188,0.2290,0.1670
pos,348,4.0389,-1.8150,0.2358,0.1670
pos,349,4.0455,-1.8113,0.2422,0.1669
pos,350,4.0519,-1.8078,0.2489,0.1667
pos,351,4.0583,-1.8044,0.2558,0.1665
pos,352,4.0646,-1.8011,0.2624,0.1663
pos,353,4.0708,-1.7981,0.2690,0.1661
pos,354,4.0770,-1.7948,0.2757,0.1660
pos,355,4.0832,-1.7915,0.2825,0.1658
pos,356,4.0893,-1.7880,0.2893,0.1656
pos,357,4.0954,-1.7844,0.2962,0.1655
pos,358,4.1015,-1.7807,0.3031,0.1653
pos,359,4.1075,-1.7769,0.3100,0.1651
pos,360,4.1134,-1.7729,0.3169,0.1651
pos,361,4.1193,-1.7689,0.3239,0.1651
pos,362,4.1251,-1.7648,0.3312,0.1651
pos,363,4.1308,-1.7606,0.3383,0.1651
pos,364,4.1365,-1.7563,0.3451,0.1647
pos,365,4.1422,-1.7520,0.3517,0.1642
pos,366,4.1477,-1.7475,0.3582,0.1635
pos,367,4.1532,-1.7430,0.3645,0.1629
pos,368,4.1586,-1.7384,0.3708,0.1624
pos,369,4.1639,-1.7337,0.3769,0.1619
pos,370,4.1691,-1.7290,0.3830,0.1615
pos,371,4.1743,-1.7242,0.3892,0.1612
pos,372,4.1793,-1.7194,0.3953,0.1609
pos,373,4.1843,-1.7145,0.4013,0.1605
pos,374,4.1892,-1.7095,0.4073,0.1601
pos,375,4.1940,-1.7045,0.4131,0.1596
pos,376,4.1986,-1.6995,0.4187,0.1592
pos,377,4.2032,-1.6943,0.4240,0.1586
pos,378,4.2077,-1.6891,0.4291,0.1582
pos,379,4.2120,-1.6839,0.4343,0.1577
pos,380,4.2163,-1.6785,0.4392,0.1574
pos,381,4.2204,-1.6731,0.4436,0.1570
pos,382,4.2245,-1.6677,0.4478,0.1568
pos,383,4.2284,-1.6621,0.4521,0.1566
pos,384,4.2323,-1.6565,0.4573,0.1564
pos,385,4.2360,-1.6507,0.4641,0.1563
pos,386,4.2397,-1.6448,0.4703,0.1562
pos,387,4.2431,-1.6389,0.4760,0.1562
pos,388,4.2465,-1.6329,0.4814,0.1561
pos,389,4.2496,-1.6268,0.4865,0.1561
pos,390,4.2527,-1.6206,0.4915,0.1561
pos,391,4.2555,-1.6143,0.4963,0.1562
pos,392,4.2583,-1.6079,0.5010,0.1564
pos,393,4.2609,-1.6015,0.5057,0.1566
pos,394,4.2633,-1.5949,0.5101,0.1569
pos,395,4.2656,-1.5882,0.5146,0.1572
pos,396,4.2678,-1.5813,0.5189,0.1575
pos,397,4.2698,-1.5744,0.5230,0.1577
pos,398,4.2716,-1.5673,0.5271,0.1578
pos,399,4.2734,-1.5601,0.5311,0.1577
pos,400,4.2750,-1.5528,0.5350,0.1576
pos,401,4.2765,-1.5453,0.5387,0.1574
pos,402,4.2778,-1.5377,0.5427,0.1574
pos,403,4.2790,-1.5300,0.5466,0.1574
pos,404,4.2801,-1.5221,0.5504,0.1574
pos,405,4.2811,-1.5141,0.5541,0.1575
pos,406,4.2819,-1.5059,0.5577,0.1577
pos,407,4.2827,-1.4975,0.5612,0.1576
pos,408,4.2833,-1.4890,0.5647,0.1576
pos,409,4.2838,-1.4804,0.5681,0.1577
pos,410,4.2842,-1.4716,0.5714,0.1576
pos,411,4.2845,-1.4626,0.5747,0.1576
pos,412,4.2847,-1.4534,0.5778,0.1576
pos,413,4.2848,-1.4441,0.5811,0.1575
pos,414,4.2848,-1.4346,0.5844,0.1574
pos,415,4.2846,-1.4249,0.5875,0.1573
pos,416,4.2845,-1.4150,0.5906,0.1573
pos,417,4.2842,-1.4049,0.5937,0.1574
pos,418,4.2838,-1.3946,0.5966,0.1575
pos,419,4.2833,-1.3842,0.5996,0.1576
pos,420,4.2828,-1.3735,0.6025,0.1576
pos,421,4.2822,-1.3627,0.6053,0.1578
pos,422,4.2815,-1.3516,0.6081,0.1578
pos,423,4.2807,-1.3404,0.6106,0.1578
pos,424,4.2799,-1.3289,0.6130,0.1579
pos,425,4.2790,-1.3172,0.6152,0.1581
pos,426,4.2780,-1.3054,0.6170,0.1584
pos,427,4.2769,-1.2933,0.6182,0.1586
pos,428,4.2759,-1.2809,0.6187,0.1588
pos,429,4.2748,-1.2685,0.6203,0.1591
pos,430,4.2736,-1.2559,0.6227,0.1595
pos,431,4.2723,-1.2432,0.6257,0.1599
pos,432,4.2710,-1.2304,0.6295,0.1604
pos,433,4.2696,-1.2174,0.6341,0.1610
pos,434,4.2681,-1.2043,0.6380,0.1616
pos,435,4.2665,-1.1909,0.6413,0.1622
pos,436,4.2648,-1.1773,0.6442,0.1628
pos,437,4.2631,-1.1635,0.6467,0.1634
pos,438,4.2613,-1.1494,0.6491,0.1640
pos,439,4.2595,-1.1352,0.6513,0.1641
pos,440,4.2576,-1.1207,0.6535,0.1644
pos,441,4.2557,-1.1059,0.6555,0.1647
pos,442,4.2537,-1.0910,0.6575,0.1649
pos,443,4.2517,-1.0758,0.6595,0.1652
pos,444,4.2496,-1.0603,0.6617,0.1651
pos,445,4.2475,-1.0446,0.6639,0.1650
pos,446,4.2454,-1.0287,0.6661,0.1649
pos,447,4.2432,-1.0126,0.6683,0.1646
pos,448,4.2409,-0.9962,0.6704,0.1642
pos,449,4.2386,-0.9796,0.6726,0.1634
pos,450,4.2363,-0.9628,0.6749,0.1624
pos,451,4.2338,-0.9458,0.6772,0.1612
pos,452,4.2314,-0.9285,0.6796,0.1595
pos,453,4.2289,-0.9110,0.6821,0.1577
pos,454,4.2263,-0.8933,0.6848,0.1557
pos,455,4.2237,-0.8753,0.6876,0.1535
pos,456,4.2210,-0.8571,0.6906,0.1513
pos,457,4.2182,-0.8387,0.6939,0.1488
pos,458,4.2154,-0.8201,0.6974,0.1457
pos,459,4.2125,-0.8013,0.7006,0.1427
pos,460,4.2095,-0.7822,0.7036,0.1404
pos,461,4.2064,-0.7629,0.7066,0.1390
pos,462,4.2032,-0.7433,0.7095,0.1384
pos,463,4.1999,-0.7236,0.7123,0.1386
pos,464,4.1965,-0.7035,0.7151,0.1396
pos,465,4.1931,-0.6833,0.7178,0.1413
pos,466,4.1895,-0.6628,0.7204,0.1440
pos,467,4.1859,-0.6421,0.7235,0.1456
pos,468,4.1823,-0.6214,0.7267,0.1455
pos,469,4.1787,-0.6008,0.7296,0.1444
pos,470,4.1751,-0.5802,0.7323,0.1425
pos,471,4.1714,-0.5595,0.7350,0.1399
pos,472,4.1678,-0.5387,0.7384,0.1365
pos,473,4.1641,-0.5178,0.7430,0.1322
pos,474,4.1604,-0.4968,0.7474,0.1280
pos,475,4.1566,-0.4759,0.7515,0.1243
pos,476,4.1528,-0.4549,0.7556,0.1209
pos,477,4.1490,-0.4340,0.7596,0.1179
pos,478,4.1452,-0.4130,0.7634,0.1154
pos,479,4.1414,-0.3921,0.7672,0.1134
pos,480,4.1376,-0.3710,0.7718,0.1120
pos,481,4.1337,-0.3499,0.7762,0.1108
pos,482,4.1298,-0.3288,0.7805,0.1101
pos,483,4.1259,-0.3077,0.7848,0.1099
pos,484,4.1220,-0.2866,0.7890,0.1100
pos,485,4.1180,-0.2656,0.7930,0.1105
pos,486,4.1141,-0.2445,0.7970,0.1114
pos,487,4.1101,-0.2233,0.8010,0.1127
pos,488,4.1061,-0.2021,0.8056,0.1145
pos,489,4.1020,-0.1808,0.8107,0.1169
pos,490,4.0980,-0.1596,0.8154,0.1195
pos,491,4.0939,-0.1383,0.8199,0.1221
pos,492,4.0897,-0.1170,0.8245,0.1248
pos,493,4.0856,-0.0958,0.8288,0.1278
pos,494,4.0814,-0.0745,0.8328,0.1312
pos,495,4.0772,-0.0532,0.8372,0.1351
pos,496,4.0729,-0.0318,0.8424,0.1396
pos,497,4.0687,-0.0105,0.8469,0.1444
pos,498,4.0644,0.0108,0.8511,0.1495
pos,499,4.0601,0.0321,0.8554,0.1529
pos,500,4.0558,0.0533,0.8599,0.1546
pos,501,4.0515,0.0745,0.8643,0.1560
pos,502,4.0471,0.0956,0.8686,0.1569
pos,503,4.0428,0.1167,0.8729,0.1576
pos,504,4.0384,0.1377,0.8770,0.1578
pos,505,4.0340,0.1586,0.8809,0.1576
pos,506,4.0295,0.1795,0.8847,0.1571
pos,507,4.0251,0.2002,0.8884,0.1563
pos,508,4.0207,0.2209,0.8919,0.1552
pos,509,4.0162,0.2415,0.8953,0.1537
pos,510,4.0118,0.2620,0.8986,0.1517
pos,511,4.0073,0.2824,0.9019,0.1489
pos,512,4.0028,0.3027,0.9052,0.1455
pos,513,3.9983,0.3229,0.9085,0.1417
pos,514,3.9938,0.3430,0.9115,0.1387
pos,515,3.9893,0.3630,0.9144,0.1363
pos,516,3.9848,0.3828,0.9172,0.1343
pos,517,3.9803,0.4026,0.9200,0.1328
pos,518,3.9758,0.4221,0.9228,0.1317
pos,519,3.9714,0.4416,0.9255,0.1306
pos,520,3.9669,0.4609,0.9282,0.1296
pos,521,3.9624,0.4801,0.9309,0.1290
pos,522,3.9579,0.4992,0.9335,0.1285
pos,523,3.9534,0.5181,0.9361,0.1284
pos,524,3.9489,0.5368,0.9386,0.1284
pos,525,3.9444,0.5554,0.9412,0.1287
pos,526,3.9399,0.5739,0.9436,0.1291
pos,527,3.9354,0.5922,0.9461,0.1300
pos,528,3.9309,0.6104,0.9485,0.1306
pos,529,3.9264,0.6284,0.9507,0.1313
pos,530,3.9219,0.6463,0.9528,0.1324
pos,531,3.9174,0.6640,0.9549,0.1340
pos,532,3.9128,0.6815,0.9568,0.1354
pos,533,3.9083,0.6990,0.9586,0.1365
pos,534,3.9038,0.7162,0.9602,0.1374
pos,535,3.8992,0.7334,0.9617,0.1383
pos,536,3.8947,0.7504,0.9632,0.1390
pos,537,3.8901,0.7672,0.9646,0.1394
pos,538,3.8856,0.7839,0.9659,0.1405
pos,539,3.8810,0.8005,0.9672,0.1416
pos,540,3.8765,0.8169,0.9684,0.1425
pos,541,3.8719,0.8332,0.9695,0.1434
pos,542,3.8673,0.8494,0.9706,0.1443
pos,543,3.8627,0.8655,0.9716,0.1451
pos,544,3.8581,0.8814,0.9725,0.1459
pos,545,3.8534,0.8973,0.9734,0.1466
pos,546,3.8488,0.9130,0.9743,0.1474
pos,547,3.8442,0.9285,0.9751,0.1481
pos,548,3.8395,0.9440,0.9759,0.1488
pos,549,3.8348,0.9594,0.9766,0.1493
pos,550,3.8301,0.9746,0.9774,0.1495
pos,551,3.8254,0.9898,0.9783,0.1497
pos,552,3.8208,1.0046,0.9793,0.1498
pos,553,3.8164,1.0190,0.9804,0.1498
pos,554,3.8121,1.0331,0.9813,0.1499
pos,555,3.8079,1.0469,0.9823,0.1500
pos,556,3.8039,1.0604,0.9833,0.1500
pos,557,3.8001,1.0736,0.9842,0.1501
pos,558,3.7963,1.0864,0.9851,0.1503
pos,559,3.7927,1.0990,0.9859,0.1505
pos,560,3.7891,1.1113,0.9867,0.1507
pos,561,3.7857,1.1233,0.9874,0.1508
pos,562,3.7824,1.1350,0.9880,0.1509
pos,563,3.7792,1.1464,0.9886,0.1509
pos,564,3.7762,1.1576,0.9892,0.1510
pos,565,3.7732,1.1685,0.9897,0.1512
pos,566,3.7703,1.1792,0.9902,0.1511
pos,567,3.7675,1.1897,0.9907,0.1513
pos,568,3.7648,1.1999,0.9912,0.1514
pos,569,3.7622,1.2098,0.9916,0.1515
pos,570,3.7596,1.2196,0.9920,0.1516
pos,571,3.7572,1.2291,0.9925,0.1517
pos,572,3.7548,1.2384,0.9929,0.1520
pos,573,3.7525,1.2474,0.9933,0.1521
pos,574,3.7503,1.2563,0.9938,0.1522
pos,575,3.7481,1.2649,0.9942,0.1524
pos,576,3.7460,1.2734,0.9946,0.1526
pos,577,3.7440,1.2816,0.9950,0.1527
pos,578,3.7421,1.2896,0.9953,0.1529
pos,579,3.7402,1.2975,0.9956,0.1532
pos,580,3.7383,1.3051,0.9958,0.1532
pos,581,3.7365,1.3126,0.9960,0.1534
pos,582,3.7348,1.3199,0.9962,0.1533
pos,583,3.7331,1.3270,0.9962,0.1532
pos,584,3.7315,1.3339,0.9963,0.1530
pos,585,3.7299,1.3406,0.9963,0.1528
pos,586,3.7284,1.3472,0.9962,0.1526
pos,587,3.7269,1.3536,0.9961,0.1525
pos,588,3.7254,1.3598,0.9959,0.1523
pos,589,3.7240,1.3659,0.9956,0.1522
pos,590,3.7227,1.3718,0.9953,0.1525
pos,591,3.7213,1.3775,0.9949,0.1527
pos,592,3.7201,1.3831,0.9944,0.1530
pos,593,3.7188,1.3885,0.9939,0.1533
pos,594,3.7176,1.3938,0.9934,0.1536
pos,595,3.7164,1.3989,0.9928,0.1538
pos,596,3.7153,1.4038,0.9922,0.1541
pos,597,3.7141,1.4087,0.9916,0.1542
pos,598,3.7130,1.4133,0.9910,0.1543
pos,599,3.7120,1.4178,0.9904,0.1544
pos,600,3.7109,1.4222,0.9897,0.1545
pos,601,3.7099,1.4264,0.9891,0.1546
pos,602,3.7090,1.4305,0.9884,0.1548
pos,603,3.7080,1.4345,0.9878,0.1549
pos,604,3.7071,1.4383,0.9872,0.1550
pos,605,3.7062,1.4419,0.9865,0.1552
pos,606,3.7053,1.4455,0.9859,0.1553
pos,607,3.7044,1.4488,0.9853,0.1554
pos,608,3.7036,1.4521,0.9848,0.1556
pos,609,3.7028,1.4552,0.9843,0.1557
pos,610,3.7020,1.4582,0.9838,0.1558
pos,611,3.7012,1.4611,0.9833,0.1559
pos,612,3.7005,1.4638,0.9830,0.1560
pos,613,3.6997,1.4664,0.9826,0.1562
pos,614,3.6990,1.4688,0.9823,0.1563
pos,615,3.6984,1.4712,0.9821,0.1564
pos,616,3.6977,1.4734,0.9819,0.1565
pos,617,3.6971,1.4754,0.9818,0.1566
pos,618,3.6965,1.4774,0.9817,0.1567
pos,619,3.6959,1.4792,0.9817,0.1569
pos,620,3.6954,1.4809,0.9818,0.1570
pos,621,3.6949,1.4825,0.9819,0.1571
pos,622,3.6944,1.4839,0.9820,0.1572
pos,623,3.6940,1.4852,0.9823,0.1573
pos,624,3.6936,1.4864,0.9825,0.1573
pos,625,3.6932,1.4874,0.9828,0.1574
pos,626,3.6929,1.4883,0.9831,0.1574
pos,627,3.6926,1.4891,0.9834,0.1575
pos,628,3.6923,1.4898,0.9838,0.1576
pos,629,3.6921,1.4903,0.9841,0.1576
pos,630,3.6919,1.4906,0.9844,0.1576
pos,631,3.6918,1.4908,0.9847,0.1576
pos,632,3.6918,1.4909,0.9851,0.1577
pos,633,3.6918,1.4908,0.9854,0.1577
pos,634,3.6918,1.4906,0.9857,0.1578
pos,635,3.6919,1.4902,0.9860,0.1578
pos,636,3.6921,1.4896,0.9863,0.1579
pos,637,3.6923,1.4889,0.9866,0.1579
pos,638,3.6926,1.4880,0.9869,0.1580
pos,639,3.6930,1.4869,0.9872,0.1581
pos,640,3.6934,1.4856,0.9875,0.1581
pos,641,3.6938,1.4845,0.9878,0.1582
pos,642,3.6940,1.4833,0.9881,0.1582
pos,643,3.6942,1.4822,0.9885,0.1583
pos,644,3.6944,1.4812,0.9888,0.1583
pos,645,3.6944,1.4802,0.9891,0.1584
pos,646,3.6944,1.4792,0.9894,0.1584
pos,647,3.6943,1.4782,0.9897,0.1584
pos,648,3.6942,1.4773,0.9900,0.1584
pos,649,3.6940,1.4763,0.9904,0.1584
pos,650,3.6938,1.4753,0.9907,0.1583
pos,651,3.6936,1.4744,0.9910,0.1583
pos,652,3.6933,1.4733,0.9913,0.1582
pos,653,3.6930,1.4723,0.9915,0.1582
pos,654,3.6926,1.4712,0.9917,0.1581
pos,655,3.6923,1.4701,0.9918,0.1581
pos,656,3.6919,1.4689,0.9920,0.1581
pos,657,3.6914,1.4677,0.9921,0.1581
pos,658,3.6910,1.4664,0.9922,0.1581
pos,659,3.6905,1.4650,0.9924,0.1581
pos,660,3.6901,1.4636,0.9925,0.1581
pos,661,3.6896,1.4621,0.9926,0.1581
pos,662,3.6891,1.4604,0.9927,0.1581
pos,663,3.6886,1.4587,0.9928,0.1581
pos,664,3.6881,1.4569,0.9930,0.1582
pos,665,3.6876,1.4550,0.9931,0.1584
pos,666,3.6871,1.4529,0.9933,0.1584
pos,667,3.6865,1.4507,0.9934,0.1584
pos,668,3.6860,1.4485,0.9936,0.1583
pos,669,3.6855,1.4461,0.9938,0.1582
pos,670,3.6850,1.4435,0.9940,0.1579
pos,671,3.6845,1.4409,0.9942,0.1576
pos,672,3.6840,1.4381,0.9945,0.1573
pos,673,3.6835,1.4352,0.9948,0.1569
pos,674,3.6830,1.4321,0.9952,0.1565
pos,675,3.6825,1.4289,0.9956,0.1562
pos,676,3.6820,1.4257,0.9960,0.1560
pos,677,3.6815,1.4222,0.9965,0.1558
pos,678,3.6810,1.4187,0.9970,0.1556
pos,679,3.6805,1.4150,0.9975,0.1555
pos,680,3.6801,1.4112,0.9981,0.1555
pos,681,3.6796,1.4073,0.9988,0.1553
pos,682,3.6792,1.4033,0.9994,0.1551
pos,683,3.6787,1.3991,1.0001,0.1550
pos,684,3.6783,1.3948,1.0008,0.1548
pos,685,3.6778,1.3904,1.0016,0.1545
pos,686,3.6774,1.3859,1.0024,0.1543
pos,687,3.6770,1.3813,1.0032,0.1540
pos,688,3.6766,1.3765,1.0041,0.1539
pos,689,3.6762,1.3716,1.0051,0.1536
pos,690,3.6758,1.3667,1.0061,0.1532
pos,691,3.6755,1.3616,1.0071,0.1528
pos,692,3.6751,1.3564,1.0083,0.1525
pos,693,3.6747,1.3511,1.0094,0.1521
pos,694,3.6744,1.3457,1.0107,0.1515
pos,695,3.6740,1.3402,1.0120,0.1510
pos,696,3.6737,1.3346,1.0133,0.1508
pos,697,3.6734,1.3290,1.0147,0.1505
pos,698,3.6730,1.3232,1.0161,0.1503
pos,699,3.6727,1.3174,1.0176,0.1501
pos,700,3.6724,1.3115,1.0192,0.1499
pos,701,3.6721,1.3056,1.0208,0.1496
pos,702,3.6717,1.2996,1.0224,0.1497
pos,703,3.6714,1.2935,1.0239,0.1498
pos,704,3.6711,1.2874,1.0255,0.1499
pos,705,3.6708,1.2812,1.0270,0.1499
pos,706,3.6705,1.2750,1.0285,0.1500
pos,707,3.6701,1.2687,1.0300,0.1500
pos,708,3.6698,1.2625,1.0314,0.1500
pos,709,3.6695,1.2562,1.0328,0.1500
pos,710,3.6691,1.2498,1.0341,0.1499
pos,711,3.6688,1.2435,1.0353,0.1498
pos,712,3.6684,1.2372,1.0366,0.1498
pos,713,3.6680,1.2308,1.0378,0.1498
pos,714,3.6676,1.2245,1.0389,0.1498
pos,715,3.6672,1.2181,1.0399,0.1498
pos,716,3.6667,1.2118,1.0409,0.1495
pos,717,3.6662,1.2055,1.0419,0.1493
pos,718,3.6657,1.1992,1.0428,0.1492
pos,719,3.6652,1.1930,1.0436,0.1491
pos,720,3.6647,1.1867,1.0445,0.1491
pos,721,3.6641,1.1806,1.0453,0.1489
pos,722,3.6634,1.1744,1.0461,0.1487
pos,723,3.6628,1.1683,1.0468,0.1486
pos,724,3.6621,1.1623,1.0474,0.1484
pos,725,3.6613,1.1564,1.0479,0.1483
pos,726,3.6605,1.1505,1.0483,0.1483
pos,727,3.6597,1.1447,1.0487,0.1480
pos,728,3.6588,1.1389,1.0490,0.1479
pos,729,3.6578,1.1333,1.0492,0.1476
pos,730,3.6568,1.1277,1.0493,0.1475
pos,731,3.6557,1.1223,1.0491,0.1473
pos,732,3.6548,1.1167,1.0488,0.1470
pos,733,3.6539,1.1110,1.0484,0.1467
pos,734,3.6531,1.1051,1.0479,0.1462
pos,735,3.6525,1.0992,1.0474,0.1458
pos,736,3.6519,1.0931,1.0468,0.1452
pos,737,3.6514,1.0869,1.0462,0.1445
pos,738,3.6510,1.0806,1.0456,0.1436
pos,739,3.6507,1.0742,1.0449,0.1428
pos,740,3.6505,1.0677,1.0442,0.1418
pos,741,3.6503,1.0611,1.0436,0.1406
pos,742,3.6502,1.0544,1.0429,0.1391
pos,743,3.6502,1.0477,1.0422,0.1375
pos,744,3.6502,1.0408,1.0416,0.1357
pos,745,3.6503,1.0339,1.0409,0.1336
pos,746,3.6505,1.0268,1.0401,0.1317
pos,747,3.6507,1.0197,1.0393,0.1307
pos,748,3.6510,1.0125,1.0383,0.1309
pos,749,3.6513,1.0052,1.0373,0.1324
pos,750,3.6517,0.9978,1.0364,0.1336
pos,751,3.6521,0.9903,1.0354,0.1345
pos,752,3.6526,0.9827,1.0344,0.1352
pos,753,3.6531,0.9750,1.0333,0.1356
pos,754,3.6537,0.9672,1.0321,0.1356
pos,755,3.6543,0.9593,1.0309,0.1354
pos,756,3.6550,0.9513,1.0296,0.1349
pos,757,3.6557,0.9431,1.0283,0.1342
pos,758,3.6564,0.9349,1.0270,0.1332
pos,759,3.6572,0.9265,1.0254,0.1331
pos,760,3.6581,0.9180,1.0236,0.1338
pos,761,3.6590,0.9093,1.0218,0.1340
pos,762,3.6600,0.9006,1.0200,0.1339
pos,763,3.6610,0.8917,1.0181,0.1333
pos,764,3.6620,0.8826,1.0161,0.1324
pos,765,3.6631,0.8734,1.0139,0.1323
pos,766,3.6642,0.8641,1.0117,0.1319
pos,767,3.6654,0.8546,1.0094,0.1311
pos,768,3.6666,0.8449,1.0071,0.1299
pos,769,3.6678,0.8351,1.0046,0.1282
pos,770,3.6691,0.8251,1.0022,0.1267
pos,771,3.6704,0.8150,0.9998,0.1256
pos,772,3.6717,0.8047,0.9973,0.1247
pos,773,3.6731,0.7942,0.9949,0.1242
pos,774,3.6746,0.7836,0.9925,0.1240
pos,775,3.6761,0.7728,0.9900,0.1237
pos,776,3.6776,0.7618,0.9877,0.1237
pos,777,3.6792,0.7507,0.9853,0.1239
pos,778,3.6808,0.7394,0.9825,0.1246
pos,779,3.6824,0.7278,0.9797,0.1255
pos,780,3.6841,0.7161,0.9767,0.1271
pos,781,3.6858,0.7043,0.9737,0.1280
pos,782,3.6876,0.6922,0.9707,0.1284
pos,783,3.6893,0.6799,0.9677,0.1289
pos,784,3.6911,0.6675,0.9649,0.1293
pos,785,3.6930,0.6549,0.9620,0.1300
pos,786,3.6948,0.6421,0.9593,0.1311
pos,787,3.6967,0.6290,0.9566,0.1321
pos,788,3.6987,0.6158,0.9539,0.1326
pos,789,3.7006,0.6024,0.9510,0.1325
pos,790,3.7026,0.5888,0.9481,0.1319
pos,791,3.7046,0.5750,0.9452,0.1307
pos,792,3.7066,0.5610,0.9423,0.1290
pos,793,3.7087,0.5468,0.9393,0.1275
pos,794,3.7108,0.5324,0.9365,0.1264
pos,795,3.7129,0.5178,0.9336,0.1254
pos,796,3.7150,0.5029,0.9308,0.1249
pos,797,3.7172,0.4879,0.9281,0.1245
pos,798,3.7194,0.4727,0.9254,0.1241
pos,799,3.7216,0.4572,0.9227,0.1238
pos,800,3.7239,0.4415,0.9200,0.1238
pos,801,3.7262,0.4257,0.9174,0.1241
pos,802,3.7286,0.4096,0.9148,0.1242
pos,803,3.7309,0.3933,0.9121,0.1241
pos,804,3.7333,0.3767,0.9095,0.1236
pos,805,3.7358,0.3600,0.9068,0.1228
pos,806,3.7382,0.3430,0.9041,0.1218
pos,807,3.7407,0.3258,0.9013,0.1209
pos,808,3.7433,0.3083,0.8986,0.1204
pos,809,3.7459,0.2906,0.8960,0.1199
pos,810,3.7485,0.2727,0.8933,0.1196
pos,811,3.7512,0.2545,0.8907,0.1195
pos,812,3.7539,0.2361,0.8883,0.1197
pos,813,3.7567,0.2174,0.8859,0.1199
pos,814,3.7595,0.1985,0.8838,0.1204
pos,815,3.7624,0.1794,0.8819,0.1210
pos,816,3.7653,0.1602,0.8802,0.1218
pos,817,3.7680,0.1411,0.8786,0.1225
pos,818,3.7707,0.1220,0.8771,0.1229
pos,819,3.7733,0.1029,0.8756,0.1232
pos,820,3.7759,0.0838,0.8741,0.1232
pos,821,3.7784,0.0647,0.8725,0.1229
pos,822,3.7808,0.0456,0.8710,0.1225
pos,823,3.7833,0.0265,0.8693,0.1219
pos,824,3.7856,0.0073,0.8678,0.1215
pos,825,3.7880,-0.0119,0.8661,0.1214
pos,826,3.7903,-0.0312,0.8643,0.1213
pos,827,3.7926,-0.0506,0.8625,0.1215
pos,828,3.7949,-0.0699,0.8609,0.1221
pos,829,3.7972,-0.0893,0.8593,0.1228
pos,830,3.7994,-0.1088,0.8577,0.1237
pos,831,3.8017,-0.1283,0.8562,0.1249
pos,832,3.8039,-0.1478,0.8547,0.1261
pos,833,3.8061,-0.1673,0.8532,0.1271
pos,834,3.8084,-0.1870,0.8515,0.1282
pos,835,3.8106,-0.2066,0.8498,0.1292
pos,836,3.8128,-0.2263,0.8481,0.1306
pos,837,3.8150,-0.2460,0.8464,0.1324
pos,838,3.8173,-0.2658,0.8447,0.1346
pos,839,3.8195,-0.2856,0.8430,0.1374
pos,840,3.8218,-0.3055,0.8414,0.1406
pos,841,3.8241,-0.3254,0.8400,0.1429
pos,842,3.8265,-0.3453,0.8389,0.1444
pos,843,3.8289,-0.3653,0.8380,0.1450
pos,844,3.8313,-0.3853,0.8369,0.1458
pos,845,3.8338,-0.4054,0.8357,0.1467
pos,846,3.8363,-0.4255,0.8344,0.1479
pos,847,3.8389,-0.4456,0.8331,0.1494
pos,848,3.8415,-0.4657,0.8318,0.1511
pos,849,3.8442,-0.4859,0.8303,0.1530
pos,850,3.8470,-0.5061,0.8289,0.1552
pos,851,3.8498,-0.5263,0.8273,0.1577
pos,852,3.8526,-0.5465,0.8256,0.1606
pos,853,3.8556,-0.5668,0.8239,0.1641
pos,854,3.8587,-0.5870,0.8223,0.1687
pos,855,3.8618,-0.6072,0.8205,0.1742
pos,856,3.8650,-0.6275,0.8185,0.1807
pos,857,3.8684,-0.6477,0.8165,0.1865
pos,858,3.8715,-0.6679,0.8146,0.1918
pos,859,3.8744,-0.6879,0.8125,0.1965
pos,860,3.8772,-0.7079,0.8104,0.2007
pos,861,3.8798,-0.7278,0.8085,0.2044
pos,862,3.8822,-0.7476,0.8064,0.2076
pos,863,3.8845,-0.7673,0.8042,0.2103
pos,864,3.8866,-0.7870,0.8018,0.2125
pos,865,3.8886,-0.8065,0.7993,0.2143
pos,866,3.8904,-0.8260,0.7969,0.2159
pos,867,3.8921,-0.8454,0.7945,0.2173
pos,868,3.8937,-0.8647,0.7921,0.2187
pos,869,3.8952,-0.8839,0.7897,0.2199
pos,870,3.8965,-0.9030,0.7872,0.2210
pos,871,3.8977,-0.9221,0.7847,0.2217
pos,872,3.8989,-0.9410,0.7822,0.2222
pos,873,3.8999,-0.9599,0.7796,0.2224
pos,874,3.9007,-0.9786,0.7769,0.2223
pos,875,3.9015,-0.9973,0.7741,0.2218
pos,876,3.9022,-1.0159,0.7713,0.2213
pos,877,3.9028,-1.0343,0.7685,0.2212
pos,878,3.9033,-1.0526,0.7656,0.2213
pos,879,3.9036,-1.0709,0.7627,0.2217
pos,880,3.9039,-1.0890,0.7598,0.2223
pos,881,3.9041,-1.1070,0.7569,0.2231
pos,882,3.9041,-1.1249,0.7540,0.2240
pos,883,3.9041,-1.1427,0.7510,0.2251
pos,884,3.9040,-1.1604,0.7480,0.2262
pos,885,3.9037,-1.1780,0.7451,0.2276
pos,886,3.9033,-1.1954,0.7421,0.2291
pos,887,3.9029,-1.2128,0.7391,0.2307
pos,888,3.9023,-1.2301,0.7361,0.2326
pos,889,3.9016,-1.2472,0.7331,0.2345
pos,890,3.9007,-1.2642,0.7299,0.2358
pos,891,3.8998,-1.2812,0.7268,0.2365
pos,892,3.8987,-1.2980,0.7237,0.2368
pos,893,3.8975,-1.3147,0.7205,0.2373
pos,894,3.8962,-1.3313,0.7173,0.2379
pos,895,3.8947,-1.3477,0.7140,0.2386
pos,896,3.8931,-1.3641,0.7107,0.2395
pos,897,3.8913,-1.3803,0.7073,0.2404
pos,898,3.8895,-1.3964,0.7039,0.2414
pos,899,3.8874,-1.4124,0.7005,0.2424
pos,900,3.8852,-1.4282,0.6971,0.2435
pos,901,3.8829,-1.4440,0.6937,0.2446
pos,902,3.8804,-1.4596,0.6904,0.2458
pos,903,3.8777,-1.4751,0.6870,0.2469
pos,904,3.8748,-1.4905,0.6837,0.2482
pos,905,3.8718,-1.5058,0.6804,0.2495
pos,906,3.8686,-1.5210,0.6772,0.2508
pos,907,3.8653,-1.5361,0.6740,0.2522
pos,908,3.8617,-1.5510,0.6709,0.2535
pos,909,3.8580,-1.5659,0.6678,0.2548
pos,910,3.8540,-1.5806,0.6648,0.2561
pos,911,3.8499,-1.5952,0.6619,0.2575
pos,912,3.8456,-1.6097,0.6591,0.2590
pos,913,3.8411,-1.6242,0.6562,0.2607
pos,914,3.8364,-1.6385,0.6534,0.2624
pos,915,3.8314,-1.6527,0.6506,0.2642
pos,916,3.8263,-1.6668,0.6478,0.2658
pos,917,3.8210,-1.6809,0.6450,0.2674
pos,918,3.8155,-1.6948,0.6422,0.2688
pos,919,3.8097,-1.7086,0.6394,0.2699
pos,920,3.8038,-1.7224,0.6367,0.2710
pos,921,3.7977,-1.7360,0.6340,0.2718
pos,922,3.7913,-1.7496,0.6314,0.2724
pos,923,3.7847,-1.7631,0.6288,0.2731
pos,924,3.7779,-1.7764,0.6263,0.2735
pos,925,3.7709,-1.7897,0.6238,0.2737
pos,926,3.7637,-1.8029,0.6213,0.2737
pos,927,3.7563,-1.8159,0.6189,0.2734
pos,928,3.7487,-1.8289,0.6166,0.2730
pos,929,3.7408,-1.8418,0.6143,0.2725
pos,930,3.7328,-1.8546,0.6120,0.2717
pos,931,3.7245,-1.8672,0.6098,0.2705
pos,932,3.7161,-1.8798,0.6074,0.2692
pos,933,3.7074,-1.8922,0.6051,0.2675
pos,934,3.6985,-1.9045,0.6027,0.2655
pos,935,3.6894,-1.9168,0.6002,0.2631
pos,936,3.6802,-1.9288,0.5978,0.2607
pos,937,3.6707,-1.9408,0.5952,0.2579
pos,938,3.6610,-1.9526,0.5927,0.2547
pos,939,3.6511,-1.9643,0.5901,0.2514
pos,940,3.6410,-1.9759,0.5876,0.2477
pos,941,3.6307,-1.9874,0.5850,0.2439
pos,942,3.6202,-1.9986,0.5824,0.2397
pos,943,3.6095,-2.0098,0.5798,0.2351
pos,944,3.5986,-2.0208,0.5772,0.2303
pos,945,3.5876,-2.0317,0.5745,0.2252
pos,946,3.5763,-2.0424,0.5717,0.2195
pos,947,3.5649,-2.0529,0.5690,0.2135
pos,948,3.5533,-2.0633,0.5662,0.2071
pos,949,3.5414,-2.0735,0.5635,0.2004
pos,950,3.5295,-2.0836,0.5609,0.1933
pos,951,3.5173,-2.0934,0.5583,0.1858
pos,952,3.5050,-2.1031,0.5557,0.1780
pos,953,3.4925,-2.1127,0.5532,0.1697
pos,954,3.4798,-2.1220,0.5508,0.1611
pos,955,3.4670,-2.1312,0.5486,0.1520
pos,956,3.4541,-2.1401,0.5467,0.1420
pos,957,3.4410,-2.1489,0.5442,0.1332
pos,958,3.4277,-2.1574,0.5413,0.1259
pos,959,3.4143,-2.1658,0.5385,0.1182
pos,960,3.4007,-2.1741,0.5359,0.1101
pos,961,3.3870,-2.1821,0.5334,0.1020
pos,962,3.3732,-2.1900,0.5309,0.0935
pos,963,3.3592,-2.1977,0.5285,0.0848
pos,964,3.3451,-2.2052,0.5262,0.0759
pos,965,3.3309,-2.2126,0.5240,0.0667
pos,966,3.3166,-2.2197,0.5218,0.0573
pos,967,3.3021,-2.2267,0.5197,0.0478
pos,968,3.2876,-2.2334,0.5176,0.0383
pos,969,3.2729,-2.2400,0.5156,0.0288
pos,970,3.2581,-2.2464,0.5137,0.0191
pos,971,3.2433,-2.2525,0.5119,0.0096
pos,972,3.2283,-2.2585,0.5098,-0.0004
pos,973,3.2133,-2.2643,0.5077,-0.0095
pos,974,3.1982,-2.2698,0.5056,-0.0176
pos,975,3.1830,-2.2752,0.5034,-0.0248
pos,976,3.1677,-2.2805,0.5012,-0.0305
pos,977,3.1524,-2.2855,0.4990,-0.0360
pos,978,3.1369,-2.2905,0.4972,-0.0413
pos,979,3.1214,-2.2953,0.4953,-0.0462
pos,980,3.1058,-2.2999,0.4936,-0.0505
pos,981,3.0901,-2.3044,0.4917,-0.0551
pos,982,3.0744,-2.3088,0.4896,-0.0602
pos,983,3.0585,-2.3131,0.4875,-0.0655
pos,984,3.0426,-2.3171,0.4853,-0.0701
pos,985,3.0267,-2.3211,0.4832,-0.0737
pos,986,3.0106,-2.3249,0.4811,-0.0770
pos,987,2.9945,-2.3286,0.4791,-0.0800
pos,988,2.9783,-2.3321,0.4770,-0.0831
pos,989,2.9621,-2.3356,0.4749,-0.0859
pos,990,2.9457,-2.3389,0.4728,-0.0884
pos,991,2.9293,-2.3421,0.4708,-0.0904
pos,992,2.9129,-2.3451,0.4688,-0.0919
pos,993,2.8963,-2.3481,0.4668,-0.0931
pos,994,2.8797,-2.3510,0.4647,-0.0938
pos,995,2.8630,-2.3537,0.4626,-0.0939
pos,996,2.8462,-2.3564,0.4604,-0.0935
pos,997,2.8294,-2.3590,0.4583,-0.0926
pos,998,2.8124,-2.3616,0.4561,-0.0914
pos,999,2.7954,-2.3641,0.4539,-0.0903
pos,1000,2.7783,-2.3665,0.4519,-0.0894
pos,1001,2.7611,-2.3688,0.4498,-0.0884
pos,1002,2.7438,-2.3711,0.4475,-0.0881
pos,1003,2.7265,-2.3733,0.4449,-0.0887
pos,1004,2.7091,-2.3754,0.4423,-0.0893
pos,1005,2.6917,-2.3774,0.4398,-0.0899
pos,1006,2.6742,-2.3793,0.4374,-0.0907
pos,1007,2.6566,-2.3812,0.4350,-0.0915
pos,1008,2.6390,-2.3829,0.4325,-0.0922
pos,1009,2.6213,-2.3845,0.4300,-0.0929
pos,1010,2.6035,-2.3861,0.4277,-0.0933
pos,1011,2.5857,-2.3875,0.4254,-0.0934
pos,1012,2.5678,-2.3888,0.4231,-0.0935
pos,1013,2.5499,-2.3901,0.4209,-0.0940
pos,1014,2.5318,-2.3913,0.4189,-0.0941
pos,1015,2.5138,-2.3923,0.4169,-0.0942
pos,1016,2.4956,-2.3933,0.4149,-0.0933
pos,1017,2.4774,-2.3942,0.4127,-0.0930
pos,1018,2.4591,-2.3951,0.4107,-0.0926
pos,1019,2.4407,-2.3958,0.4087,-0.0923
pos,1020,2.4223,-2.3965,0.4069,-0.0922
pos,1021,2.4038,-2.3970,0.4051,-0.0922
pos,1022,2.3852,-2.3975,0.4035,-0.0922
pos,1023,2.3666,-2.3979,0.4019,-0.0917
pos,1024,2.3479,-2.3981,0.4004,-0.0912
pos,1025,2.3291,-2.3983,0.3990,-0.0908
pos,1026,2.3103,-2.3985,0.3976,-0.0902
pos,1027,2.2914,-2.3985,0.3962,-0.0897
pos,1028,2.2724,-2.3985,0.3950,-0.0895
pos,1029,2.2533,-2.3983,0.3939,-0.0890
pos,1030,2.2342,-2.3981,0.3928,-0.0886
pos,1031,2.2150,-2.3978,0.3919,-0.0883
pos,1032,2.1957,-2.3975,0.3911,-0.0881
pos,1033,2.1763,-2.3970,0.3903,-0.0876
pos,1034,2.1569,-2.3965,0.3897,-0.0871
pos,1035,2.1373,-2.3959,0.3890,-0.0868
pos,1036,2.1175,-2.3953,0.3883,-0.0866
pos,1037,2.0977,-2.3945,0.3876,-0.0863
pos,1038,2.0777,-2.3937,0.3870,-0.0858
pos,1039,2.0577,-2.3928,0.3864,-0.0853
pos,1040,2.0376,-2.3918,0.3859,-0.0850
pos,1041,2.0173,-2.3908,0.3854,-0.0849
pos,1042,1.9973,-2.3898,0.3851,-0.0849
pos,1043,1.9771,-2.3887,0.3847,-0.0847
pos,1044,1.9568,-2.3876,0.3844,-0.0848
pos,1045,1.9364,-2.3864,0.3842,-0.0848
pos,1046,1.9159,-2.3851,0.3840,-0.0846
pos,1047,1.8952,-2.3837,0.3839,-0.0846
pos,1048,1.8744,-2.3823,0.3838,-0.0848
pos,1049,1.8535,-2.3808,0.3838,-0.0852
pos,1050,1.8324,-2.3792,0.3837,-0.0856
pos,1051,1.8112,-2.3775,0.3837,-0.0860
pos,1052,1.7899,-2.3757,0.3837,-0.0863
pos,1053,1.7687,-2.3740,0.3836,-0.0867
pos,1054,1.7475,-2.3723,0.3835,-0.0870
pos,1055,1.7265,-2.3707,0.3834,-0.0874
pos,1056,1.7056,-2.3692,0.3831,-0.0877
pos,1057,1.6848,-2.3676,0.3829,-0.0881
pos,1058,1.6640,-2.3662,0.3826,-0.0884
pos,1059,1.6434,-2.3647,0.3823,-0.0888
pos,1060,1.6227,-2.3633,0.3820,-0.0890
pos,1061,1.6022,-2.3620,0.3817,-0.0894
pos,1062,1.5817,-2.3606,0.3815,-0.0897
pos,1063,1.5612,-2.3593,0.3812,-0.0904
pos,1064,1.5408,-2.3580,0.3810,-0.0911
pos,1065,1.5204,-2.3568,0.3809,-0.0920
pos,1066,1.5001,-2.3556,0.3807,-0.0930
pos,1067,1.4798,-2.3543,0.3804,-0.0940
pos,1068,1.4595,-2.3531,0.3802,-0.0952
pos,1069,1.4392,-2.3519,0.3799,-0.0966
pos,1070,1.4190,-2.3507,0.3797,-0.0978
pos,1071,1.3988,-2.3495,0.3796,-0.0991
pos,1072,1.3786,-2.3483,0.3796,-0.1005
pos,1073,1.3584,-2.3472,0.3796,-0.1018
pos,1074,1.3382,-2.3460,0.3795,-0.1031
pos,1075,1.3181,-2.3448,0.3795,-0.1044
pos,1076,1.2979,-2.3437,0.3796,-0.1056
pos,1077,1.2778,-2.3425,0.3797,-0.1067
pos,1078,1.2577,-2.3413,0.3798,-0.1078
pos,1079,1.2376,-2.3402,0.3799,-0.1088
pos,1080,1.2174,-2.3391,0.3801,-0.1102
pos,1081,1.1973,-2.3380,0.3804,-0.1116
pos,1082,1.1772,-2.3368,0.3806,-0.1132
pos,1083,1.1572,-2.3357,0.3809,-0.1144
pos,1084,1.1370,-2.3346,0.3813,-0.1159
pos,1085,1.1169,-2.3335,0.3818,-0.1174
pos,1086,1.0968,-2.3325,0.3822,-0.1188
pos,1087,1.0766,-2.3314,0.3827,-0.1204
pos,1088,1.0564,-2.3303,0.3831,-0.1219
pos,1089,1.0362,-2.3292,0.3836,-0.1232
pos,1090,1.0159,-2.3282,0.3841,-0.1246
pos,1091,0.9956,-2.3272,0.3847,-0.1260
pos,1092,0.9754,-2.3261,0.3852,-0.1272
pos,1093,0.9551,-2.3251,0.3857,-0.1285
pos,1094,0.9348,-2.3241,0.3862,-0.1298
pos,1095,0.9145,-2.3231,0.3866,-0.1313
pos,1096,0.8941,-2.3222,0.3871,-0.1328
pos,1097,0.8738,-2.3212,0.3876,-0.1346
pos,1098,0.8534,-2.3203,0.3881,-0.1363
pos,1099,0.8330,-2.3194,0.3885,-0.1380
pos,1100,0.8126,-2.3184,0.3890,-0.1394
pos,1101,0.7922,-2.3175,0.3895,-0.1409
pos,1102,0.7717,-2.3166,0.3900,-0.1421
pos,1103,0.7512,-2.3158,0.3905,-0.1432
pos,1104,0.7307,-2.3149,0.3911,-0.1442
pos,1105,0.7102,-2.3141,0.3916,-0.1450
pos,1106,0.6896,-2.3133,0.3922,-0.1458
pos,1107,0.6690,-2.3125,0.3928,-0.1465
pos,1108,0.6483,-2.3117,0.3934,-0.1471
pos,1109,0.6276,-2.3110,0.3941,-0.1477
pos,1110,0.6068,-2.3103,0.3949,-0.1481
pos,1111,0.5860,-2.3096,0.3958,-0.1485
pos,1112,0.5652,-2.3089,0.3967,-0.1491
pos,1113,0.5443,-2.3083,0.3978,-0.1497
pos,1114,0.5233,-2.3077,0.3988,-0.1503
pos,1115,0.5023,-2.3072,0.4000,-0.1510
pos,1116,0.4812,-2.3066,0.4011,-0.1517
pos,1117,0.4600,-2.3061,0.4023,-0.1525
pos,1118,0.4391,-2.3058,0.4036,-0.1536
pos,1119,0.4183,-2.3056,0.4051,-0.1546
pos,1120,0.3977,-2.3057,0.4066,-0.1556
pos,1121,0.3773,-2.3059,0.4082,-0.1564
pos,1122,0.3570,-2.3063,0.4099,-0.1572
pos,1123,0.3369,-2.3068,0.4117,-0.1579
pos,1124,0.3170,-2.3076,0.4135,-0.1585
pos,1125,0.2972,-2.3085,0.4154,-0.1590
pos,1126,0.2776,-2.3096,0.4175,-0.1594
pos,1127,0.2581,-2.3108,0.4196,-0.1596
pos,1128,0.2387,-2.3122,0.4217,-0.1598
pos,1129,0.2195,-2.3138,0.4241,-0.1599
pos,1130,0.2004,-2.3156,0.4264,-0.1599
pos,1131,0.1815,-2.3175,0.4287,-0.1597
pos,1132,0.1627,-2.3196,0.4309,-0.1594
pos,1133,0.1441,-2.3219,0.4331,-0.1590
pos,1134,0.1256,-2.3243,0.4352,-0.1582
pos,1135,0.1073,-2.3269,0.4372,-0.1572
pos,1136,0.0891,-2.3296,0.4392,-0.1561
pos,1137,0.0711,-2.3325,0.4412,-0.1550
pos,1138,0.0532,-2.3356,0.4431,-0.1539
pos,1139,0.0355,-2.3389,0.4450,-0.1527
pos,1140,0.0179,-2.3423,0.4469,-0.1514
pos,1141,0.0006,-2.3458,0.4488,-0.1499
pos,1142,-0.0166,-2.3496,0.4507,-0.1480
pos,1143,-0.0337,-2.3535,0.4525,-0.1473
pos,1144,-0.0505,-2.3576,0.4542,-0.1478
pos,1145,-0.0671,-2.3619,0.4557,-0.1491
pos,1146,-0.0835,-2.3664,0.4572,-0.1514
pos,1147,-0.0998,-2.3710,0.4587,-0.1549
pos,1148,-0.1158,-2.3759,0.4601,-0.1600
pos,1149,-0.1318,-2.3809,0.4617,-0.1670
pos,1150,-0.1475,-2.3862,0.4633,-0.1757
pos,1151,-0.1632,-2.3915,0.4648,-0.1831
pos,1152,-0.1790,-2.3969,0.4663,-0.1889
pos,1153,-0.1949,-2.4023,0.4678,-0.1936
pos,1154,-0.2107,-2.4078,0.4693,-0.1978
pos,1155,-0.2265,-2.4133,0.4707,-0.2013
pos,1156,-0.2424,-2.4188,0.4723,-0.2043
pos,1157,-0.2582,-2.4244,0.4738,-0.2068
pos,1158,-0.2741,-2.4301,0.4755,-0.2089
pos,1159,-0.2900,-2.4359,0.4776,-0.2106
pos,1160,-0.3059,-2.4417,0.4797,-0.2119
pos,1161,-0.3218,-2.4476,0.4818,-0.2129
pos,1162,-0.3376,-2.4535,0.4839,-0.2134
pos,1163,-0.3534,-2.4595,0.4861,-0.2137
pos,1164,-0.3691,-2.4655,0.4881,-0.2138
pos,1165,-0.3847,-2.4717,0.4899,-0.2138
pos,1166,-0.4003,-2.4778,0.4919,-0.2138
pos,1167,-0.4158,-2.4841,0.4940,-0.2137
pos,1168,-0.4312,-2.4904,0.4960,-0.2136
pos,1169,-0.4466,-2.4968,0.4982,-0.2135
pos,1170,-0.4618,-2.5033,0.5004,-0.2134
pos,1171,-0.4770,-2.5098,0.5025,-0.2133
pos,1172,-0.4921,-2.5164,0.5047,-0.2132
pos,1173,-0.5071,-2.5231,0.5069,-0.2131
pos,1174,-0.5220,-2.5299,0.5090,-0.2130
pos,1175,-0.5369,-2.5368,0.5114,-0.2128
pos,1176,-0.5518,-2.5438,0.5141,-0.2128
pos,1177,-0.5666,-2.5509,0.5171,-0.2131
pos,1178,-0.5814,-2.5581,0.5202,-0.2135
pos,1179,-0.5961,-2.5655,0.5236,-0.2139
pos,1180,-0.6107,-2.5729,0.5270,-0.2139
pos,1181,-0.6252,-2.5805,0.5305,-0.2143
pos,1182,-0.6395,-2.5881,0.5344,-0.2143
pos,1183,-0.6538,-2.5959,0.5389,-0.2143
pos,1184,-0.6680,-2.6035,0.5438,-0.2141
pos,1185,-0.6822,-2.6110,0.5488,-0.2144
pos,1186,-0.6963,-2.6182,0.5539,-0.2150
pos,1187,-0.7105,-2.6254,0.5597,-0.2161
pos,1188,-0.7245,-2.6323,0.5652,-0.2175
pos,1189,-0.7386,-2.6392,0.5707,-0.2195
pos,1190,-0.7526,-2.6459,0.5761,-0.2219
pos,1191,-0.7665,-2.6524,0.5815,-0.2249
pos,1192,-0.7804,-2.6588,0.5868,-0.2285
pos,1193,-0.7942,-2.6652,0.5918,-0.2305
pos,1194,-0.8080,-2.6713,0.5965,-0.2322
pos,1195,-0.8217,-2.6774,0.6011,-0.2338
pos,1196,-0.8353,-2.6833,0.6053,-0.2352
pos,1197,-0.8489,-2.6891,0.6096,-0.2368
pos,1198,-0.8624,-2.6948,0.6137,-0.2385
pos,1199,-0.8758,-2.7004,0.6178,-0.2404
pos,1200,-0.8892,-2.7059,0.6216,-0.2425
pos,1201,-0.9026,-2.7112,0.6255,-0.2454
pos,1202,-0.9158,-2.7164,0.6291,-0.2466
pos,1203,-0.9290,-2.7215,0.6326,-0.2464
pos,1204,-0.9421,-2.7264,0.6358,-0.2447
pos,1205,-0.9551,-2.7313,0.6387,-0.2422
pos,1206,-0.9680,-2.7360,0.6413,-0.2386
pos,1207,-0.9808,-2.7405,0.6436,-0.2345
pos,1208,-0.9935,-2.7449,0.6455,-0.2289
pos,1209,-1.0061,-2.7492,0.6473,-0.2230
pos,1210,-1.0186,-2.7533,0.6491,-0.2177
pos,1211,-1.0310,-2.7573,0.6509,-0.2133
pos,1212,-1.0434,-2.7611,0.6525,-0.2096
pos,1213,-1.0556,-2.7647,0.6540,-0.2066
pos,1214,-1.0678,-2.7683,0.6554,-0.2043
pos,1215,-1.0799,-2.7716,0.6567,-0.2025
pos,1216,-1.0918,-2.7749,0.6578,-0.2015
pos,1217,-1.1037,-2.7779,0.6588,-0.2010
pos,1218,-1.1155,-2.7808,0.6597,-0.2011
pos,1219,-1.1272,-2.7836,0.6604,-0.2019
pos,1220,-1.1388,-2.7862,0.6611,-0.2032
pos,1221,-1.1503,-2.7886,0.6618,-0.2054
pos,1222,-1.1617,-2.7909,0.6624,-0.2081
pos,1223,-1.1729,-2.7931,0.6623,-0.2103
pos,1224,-1.1841,-2.7951,0.6622,-0.2123
pos,1225,-1.1952,-2.7969,0.6619,-0.2140
pos,1226,-1.2061,-2.7986,0.6615,-0.2154
pos,1227,-1.2170,-2.8001,0.6609,-0.2166
pos,1228,-1.2277,-2.8014,0.6602,-0.2174
pos,1229,-1.2383,-2.8026,0.6591,-0.2165
pos,1230,-1.2488,-2.8037,0.6576,-0.2140
pos,1231,-1.2591,-2.8045,0.6556,-0.2096
pos,1232,-1.2693,-2.8052,0.6536,-0.2056
pos,1233,-1.2794,-2.8057,0.6516,-0.2025
pos,1234,-1.2893,-2.8061,0.6497,-0.2000
pos,1235,-1.2991,-2.8062,0.6476,-0.1985
pos,1236,-1.3088,-2.8062,0.6456,-0.1976
pos,1237,-1.3183,-2.8060,0.6435,-0.1973
pos,1238,-1.3278,-2.8057,0.6415,-0.1977
pos,1239,-1.3371,-2.8051,0.6394,-0.1988
pos,1240,-1.3462,-2.8044,0.6368,-0.1988
pos,1241,-1.3552,-2.8035,0.6340,-0.1986
pos,1242,-1.3641,-2.8025,0.6308,-0.1980
pos,1243,-1.3728,-2.8013,0.6272,-0.1968
pos,1244,-1.3814,-2.7998,0.6244,-0.1951
pos,1245,-1.3898,-2.7982,0.6214,-0.1934
pos,1246,-1.3981,-2.7964,0.6183,-0.1925
pos,1247,-1.4062,-2.7944,0.6151,-0.1921
pos,1248,-1.4142,-2.7923,0.6118,-0.1922
pos,1249,-1.4220,-2.7899,0.6085,-0.1931
pos,1250,-1.4297,-2.7874,0.6052,-0.1946
pos,1251,-1.4372,-2.7847,0.6017,-0.1957
pos,1252,-1.4446,-2.7818,0.5980,-0.1969
pos,1253,-1.4518,-2.7787,0.5943,-0.1982
pos,1254,-1.4588,-2.7754,0.5903,-0.1995
pos,1255,-1.4656,-2.7720,0.5862,-0.2009
pos,1256,-1.4723,-2.7683,0.5820,-0.2023
pos,1257,-1.4788,-2.7645,0.5778,-0.2046
pos,1258,-1.4851,-2.7605,0.5738,-0.2078
pos,1259,-1.4912,-2.7563,0.5700,-0.2120
pos,1260,-1.4971,-2.7518,0.5665,-0.2170
pos,1261,-1.5028,-2.7472,0.5626,-0.2215
pos,1262,-1.5083,-2.7424,0.5585,-0.2254
pos,1263,-1.5136,-2.7374,0.5540,-0.2290
pos,1264,-1.5186,-2.7322,0.5500,-0.2332
pos,1265,-1.5235,-2.7268,0.5465,-0.2380
pos,1266,-1.5281,-2.7212,0.5429,-0.2427
pos,1267,-1.5326,-2.7154,0.5395,-0.2478
pos,1268,-1.5368,-2.7094,0.5361,-0.2535
pos,1269,-1.5408,-2.7031,0.5330,-0.2578
pos,1270,-1.5446,-2.6966,0.5297,-0.2608
pos,1271,-1.5482,-2.6900,0.5265,-0.2631
pos,1272,-1.5516,-2.6831,0.5235,-0.2648
pos,1273,-1.5547,-2.6759,0.5206,-0.2658
pos,1274,-1.5577,-2.6686,0.5178,-0.2660
pos,1275,-1.5604,-2.6610,0.5152,-0.2657
pos,1276,-1.5630,-2.6532,0.5127,-0.2648
pos,1277,-1.5653,-2.6451,0.5102,-0.2632
pos,1278,-1.5675,-2.6368,0.5078,-0.2611
pos,1279,-1.5695,-2.6283,0.5060,-0.2602
pos,1280,-1.5713,-2.6195,0.5048,-0.2606
pos,1281,-1.5729,-2.6105,0.5040,-0.2622
pos,1282,-1.5744,-2.6013,0.5033,-0.2633
pos,1283,-1.5758,-2.5918,0.5026,-0.2638
pos,1284,-1.5770,-2.5821,0.5018,-0.2638
pos,1285,-1.5780,-2.5722,0.5011,-0.2632
pos,1286,-1.5789,-2.5619,0.5004,-0.2620
pos,1287,-1.5797,-2.5514,0.5003,-0.2624
pos,1288,-1.5803,-2.5407,0.5008,-0.2643
pos,1289,-1.5808,-2.5297,0.5013,-0.2659
pos,1290,-1.5812,-2.5185,0.5016,-0.2674
pos,1291,-1.5815,-2.5070,0.5019,-0.2685
pos,1292,-1.5816,-2.4953,0.5022,-0.2691
pos,1293,-1.5817,-2.4833,0.5025,-0.2689
pos,1294,-1.5816,-2.4711,0.5029,-0.2677
pos,1295,-1.5814,-2.4586,0.5031,-0.2662
pos,1296,-1.5811,-2.4459,0.5040,-0.2669
pos,1297,-1.5807,-2.4329,0.5048,-0.2699
pos,1298,-1.5802,-2.4197,0.5054,-0.2727
pos,1299,-1.5797,-2.4062,0.5065,-0.2752
pos,1300,-1.5790,-2.3924,0.5074,-0.2769
pos,1301,-1.5783,-2.3784,0.5082,-0.2780
pos,1302,-1.5775,-2.3641,0.5088,-0.2784
pos,1303,-1.5766,-2.3496,0.5099,-0.2783
pos,1304,-1.5757,-2.3347,0.5112,-0.2776
pos,1305,-1.5747,-2.3196,0.5123,-0.2769
pos,1306,-1.5736,-2.3043,0.5136,-0.2779
pos,1307,-1.5725,-2.2886,0.5146,-0.2784
pos,1308,-1.5713,-2.2727,0.5154,-0.2784
pos,1309,-1.5701,-2.2568,0.5160,-0.2780
pos,1310,-1.5687,-2.2409,0.5164,-0.2771
pos,1311,-1.5672,-2.2248,0.5171,-0.2757
pos,1312,-1.5656,-2.2086,0.5181,-0.2739
pos,1313,-1.5639,-2.1923,0.5197,-0.2716
pos,1314,-1.5621,-2.1758,0.5210,-0.2691
pos,1315,-1.5602,-2.1594,0.5220,-0.2661
pos,1316,-1.5583,-2.1430,0.5227,-0.2625
pos,1317,-1.5563,-2.1265,0.5231,-0.2580
pos,1318,-1.5542,-2.1100,0.5233,-0.2527
pos,1319,-1.5521,-2.0935,0.5231,-0.2465
pos,1320,-1.5499,-2.0769,0.5226,-0.2392
pos,1321,-1.5476,-2.0603,0.5218,-0.2309
pos,1322,-1.5452,-2.0437,0.5206,-0.2219
pos,1323,-1.5427,-2.0270,0.5195,-0.2146
pos,1324,-1.5402,-2.0102,0.5185,-0.2084
pos,1325,-1.5377,-1.9935,0.5176,-0.2033
pos,1326,-1.5351,-1.9767,0.5165,-0.1987
pos,1327,-1.5324,-1.9598,0.5154,-0.1946
pos,1328,-1.5297,-1.9429,0.5141,-0.1911
pos,1329,-1.5270,-1.9260,0.5127,-0.1878
pos,1330,-1.5242,-1.9090,0.5113,-0.1849
pos,1331,-1.5214,-1.8921,0.5097,-0.1823
pos,1332,-1.5186,-1.8750,0.5080,-0.1800
pos,1333,-1.5158,-1.8580,0.5062,-0.1778
pos,1334,-1.5129,-1.8410,0.5043,-0.1758
pos,1335,-1.5100,-1.8239,0.5023,-0.1739
pos,1336,-1.5071,-1.8068,0.5001,-0.1721
pos,1337,-1.5041,-1.7897,0.4977,-0.1704
pos,1338,-1.5012,-1.7726,0.4951,-0.1687
pos,1339,-1.4982,-1.7555,0.4923,-0.1670
pos,1340,-1.4952,-1.7384,0.4893,-0.1652
pos,1341,-1.4923,-1.7213,0.4863,-0.1639
pos,1342,-1.4893,-1.7042,0.4834,-0.1629
pos,1343,-1.4863,-1.6871,0.4805,-0.1622
pos,1344,-1.4833,-1.6700,0.4773,-0.1618
pos,1345,-1.4804,-1.6529,0.4739,-0.1616
pos,1346,-1.4774,-1.6358,0.4705,-0.1613
pos,1347,-1.4744,-1.6187,0.4672,-0.1610
pos,1348,-1.4715,-1.6016,0.4640,-0.1607
pos,1349,-1.4686,-1.5845,0.4608,-0.1603
pos,1350,-1.4657,-1.5675,0.4577,-0.1600
pos,1351,-1.4629,-1.5505,0.4548,-0.1602
pos,1352,-1.4601,-1.5338,0.4517,-0.1602
pos,1353,-1.4572,-1.5175,0.4486,-0.1601
pos,1354,-1.4545,-1.5014,0.4452,-0.1600
pos,1355,-1.4517,-1.4857,0.4416,-0.1598
pos,1356,-1.4490,-1.4704,0.4380,-0.1598
pos,1357,-1.4463,-1.4553,0.4342,-0.1599
pos,1358,-1.4437,-1.4405,0.4304,-0.1605
pos,1359,-1.4410,-1.4260,0.4264,-0.1618
pos,1360,-1.4385,-1.4118,0.4222,-0.1629
pos,1361,-1.4359,-1.3980,0.4176,-0.1639
pos,1362,-1.4334,-1.3844,0.4127,-0.1647
pos,1363,-1.4310,-1.3711,0.4075,-0.1653
pos,1364,-1.4286,-1.3582,0.4019,-0.1658
pos,1365,-1.4263,-1.3455,0.3960,-0.1661
pos,1366,-1.4240,-1.3332,0.3898,-0.1662
pos,1367,-1.4217,-1.3211,0.3833,-0.1662
pos,1368,-1.4195,-1.3094,0.3765,-0.1663
pos,1369,-1.4174,-1.2979,0.3692,-0.1663
pos,1370,-1.4153,-1.2868,0.3617,-0.1664
pos,1371,-1.4132,-1.2760,0.3537,-0.1665
pos,1372,-1.4113,-1.2655,0.3455,-0.1665
pos,1373,-1.4094,-1.2553,0.3369,-0.1664
pos,1374,-1.4075,-1.2454,0.3282,-0.1665
pos,1375,-1.4057,-1.2358,0.3192,-0.1668
pos,1376,-1.4040,-1.2265,0.3100,-0.1671
pos,1377,-1.4024,-1.2176,0.3004,-0.1674
pos,1378,-1.4009,-1.2090,0.2907,-0.1677
pos,1379,-1.3994,-1.2007,0.2807,-0.1680
pos,1380,-1.3980,-1.1928,0.2704,-0.1684
pos,1381,-1.3967,-1.1852,0.2598,-0.1687
pos,1382,-1.3955,-1.1779,0.2490,-0.1692
pos,1383,-1.3943,-1.1707,0.2379,-0.1696
pos,1384,-1.3933,-1.1635,0.2266,-0.1701
pos,1385,-1.3922,-1.1564,0.2151,-0.1706
pos,1386,-1.3912,-1.1493,0.2035,-0.1711
pos,1387,-1.3903,-1.1423,0.1918,-0.1716
pos,1388,-1.3894,-1.1353,0.1801,-0.1722
pos,1389,-1.3886,-1.1284,0.1683,-0.1727
pos,1390,-1.3878,-1.1217,0.1568,-0.1732
pos,1391,-1.3871,-1.1150,0.1455,-0.1738
pos,1392,-1.3864,-1.1083,0.1342,-0.1738
pos,1393,-1.3858,-1.1018,0.1230,-0.1733
pos,1394,-1.3852,-1.0954,0.1120,-0.1728
pos,1395,-1.3846,-1.0891,0.1014,-0.1721
pos,1396,-1.3841,-1.0829,0.0910,-0.1711
pos,1397,-1.3835,-1.0768,0.0812,-0.1701
pos,1398,-1.3831,-1.0708,0.0720,-0.1685
pos,1399,-1.3826,-1.0650,0.0635,-0.1663
pos,1400,-1.3822,-1.0593,0.0562,-0.1636
pos,1401,-1.3818,-1.0537,0.0502,-0.1603
pos,1402,-1.3815,-1.0483,0.0459,-0.1566
pos,1403,-1.3811,-1.0431,0.0436,-0.1524
pos,1404,-1.3808,-1.0380,0.0427,-0.1479
pos,1405,-1.3805,-1.0331,0.0425,-0.1426
pos,1406,-1.3802,-1.0283,0.0423,-0.1373
pos,1407,-1.3800,-1.0238,0.0417,-0.1317
pos,1408,-1.3797,-1.0194,0.0407,-0.1260
pos,1409,-1.3794,-1.0152,0.0397,-0.1202
pos,1410,-1.3792,-1.0112,0.0385,-0.1146
pos,1411,-1.3790,-1.0075,0.0375,-0.1092
pos,1412,-1.3788,-1.0039,0.0369,-0.1043
pos,1413,-1.3786,-1.0005,0.0362,-0.1002
pos,1414,-1.3784,-0.9973,0.0356,-0.0966
pos,1415,-1.3782,-0.9943,0.0352,-0.0935
pos,1416,-1.3781,-0.9915,0.0350,-0.0909
pos,1417,-1.3779,-0.9888,0.0349,-0.0887
pos,1418,-1.3778,-0.9863,0.0351,-0.0869
pos,1419,-1.3776,-0.9840,0.0351,-0.0858
pos,1420,-1.3775,-0.9817,0.0351,-0.0851
pos,1421,-1.3774,-0.9797,0.0351,-0.0846
pos,1422,-1.3773,-0.9777,0.0352,-0.0842
pos,1423,-1.3772,-0.9759,0.0353,-0.0838
pos,1424,-1.3771,-0.9742,0.0355,-0.0834
pos,1425,-1.3770,-0.9726,0.0356,-0.0830
pos,1426,-1.3769,-0.9711,0.0357,-0.0826
pos,1427,-1.3768,-0.9697,0.0358,-0.0823
pos,1428,-1.3768,-0.9684,0.0358,-0.0821
pos,1429,-1.3767,-0.9672,0.0358,-0.0818
pos,1430,-1.3767,-0.9660,0.0359,-0.0815
pos,1431,-1.3766,-0.9650,0.0359,-0.0812
pos,1432,-1.3766,-0.9640,0.0359,-0.0808
pos,1433,-1.3766,-0.9631,0.0359,-0.0805
pos,1434,-1.3765,-0.9622,0.0359,-0.0801
pos,1435,-1.3765,-0.9615,0.0359,-0.0797
pos,1436,-1.3765,-0.9608,0.0359,-0.0792
pos,1437,-1.3765,-0.9601,0.0359,-0.0787
pos,1438,-1.3765,-0.9595,0.0359,-0.0781
pos,1439,-1.3765,-0.9590,0.0359,-0.0774
pos,1440,-1.3765,-0.9585,0.0359,-0.0767
pos,1441,-1.3765,-0.9581,0.0359,-0.0759
pos,1442,-1.3766,-0.9578,0.0359,-0.0749
pos,1443,-1.3766,-0.9574,0.0359,-0.0739
pos,1444,-1.3767,-0.9572,0.0359,-0.0727
pos,1445,-1.3767,-0.9570,0.0360,-0.0714
pos,1446,-1.3768,-0.9568,0.0360,-0.0698
pos,1447,-1.3768,-0.9567,0.0361,-0.0683
pos,1448,-1.3769,-0.9567,0.0363,-0.0669
pos,1449,-1.3770,-0.9567,0.0365,-0.0658
pos,1450,-1.3771,-0.9567,0.0366,-0.0649
pos,1451,-1.3772,-0.9568,0.0368,-0.0642
pos,1452,-1.3773,-0.9570,0.0369,-0.0638
pos,1453,-1.3774,-0.9571,0.0371,-0.0635
pos,1454,-1.3775,-0.9574,0.0373,-0.0634
pos,1455,-1.3776,-0.9577,0.0376,-0.0635
pos,1456,-1.3778,-0.9581,0.0381,-0.0636
pos,1457,-1.3779,-0.9585,0.0389,-0.0640
pos,1458,-1.3781,-0.9590,0.0400,-0.0645
pos,1459,-1.3782,-0.9595,0.0417,-0.0648
