pos,0,-0.3755,-1.5249,1.1956,0.1434
input,0,-0.0233,-0.0000,0.0000,0.0000
pos,1,-0.3755,-1.5249,1.1956,0.1434
input,1,0.0228,0.0179,-0.0000,-0.0000
pos,2,-0.3755,-1.5249,1.1956,0.1434
input,2,0.0202,0.0165,0.0003,-0.0008
pos,3,-0.3755,-1.5249,1.1956,0.1434
input,3,0.0177,0.0152,0.0006,-0.0015
pos,4,-0.3755,-1.5274,1.1981,0.1455
input,4,0.0153,0.0139,0.0009,-0.0020
pos,5,-0.3755,-1.5274,1.1984,0.1448
input,5,0.0132,0.0127,0.0011,-0.0026
pos,6,-0.3755,-1.5279,1.1989,0.1507
input,6,0.0110,0.0116,0.0014,-0.0037
pos,7,-0.3756,-1.5280,1.1992,0.1500
input,7,0.0089,0.0106,0.0016,-0.0047
pos,8,-0.3756,-1.5280,1.1992,0.1500
input,8,0.0070,0.0097,0.0017,-0.0058
pos,9,-0.3761,-1.5286,1.2002,0.1492
input,9,0.0051,0.0088,0.0018,-0.0068
pos,10,-0.3758,-1.5289,1.2007,0.1451
input,10,0.0034,0.0079,0.0019,-0.0077
pos,11,-0.3764,-1.5288,1.2009,0.1455
input,11,0.0019,0.0072,0.0020,-0.0087
pos,12,-0.3759,-1.5289,1.2011,0.1425
input,12,0.0004,0.0065,0.0022,-0.0097
pos,13,-0.3765,-1.5290,1.2012,0.1508
input,13,-0.0010,0.0059,0.0024,-0.0106
pos,14,-0.3758,-1.5291,1.2029,0.1275
input,14,-0.0023,0.0052,0.0026,-0.0115
pos,15,-0.3766,-1.5294,1.2031,0.1384
input,15,-0.0035,0.0047,0.0027,-0.0123
pos,16,-0.3768,-1.5299,1.2038,0.1336
input,16,-0.0046,0.0041,0.0032,-0.0133
pos,17,-0.3768,-1.5303,1.2039,0.1336
input,17,-0.0057,0.0036,0.0035,-0.0143
pos,18,-0.3768,-1.5303,1.2039,0.1336
input,18,-0.0066,0.0032,0.0038,-0.0153
pos,19,-0.3769,-1.5301,1.2042,0.1415
input,19,-0.0076,0.0028,0.0042,-0.0162
pos,20,-0.3773,-1.5304,1.2047,0.1434
input,20,-0.0084,0.0025,0.0045,-0.0170
pos,21,-0.3778,-1.5307,1.2055,0.1463
input,21,-0.0092,0.0021,0.0046,-0.0177
pos,22,-0.3783,-1.5308,1.2058,0.1455
input,22,-0.0099,0.0019,0.0048,-0.0184
pos,23,-0.3782,-1.5311,1.2064,0.1395
input,23,-0.0106,0.0017,0.0048,-0.0192
pos,24,-0.3782,-1.5311,1.2064,0.1395
input,24,-0.0111,0.0015,0.0049,-0.0200
pos,25,-0.3780,-1.5312,1.2062,0.1379
input,25,-0.0117,0.0014,0.0050,-0.0208
pos,26,-0.3790,-1.5313,1.2061,0.1431
input,26,-0.0122,0.0013,0.0052,-0.0214
pos,27,-0.3790,-1.5313,1.2061,0.1431
input,27,-0.0127,0.0011,0.0054,-0.0219
pos,28,-0.3790,-1.5313,1.2061,0.1431
input,28,-0.0127,0.0011,0.0054,-0.0219
pos,29,-0.3791,-1.5300,1.2075,0.1257
input,29,-0.0135,0.0010,0.0055,-0.0225
pos,30,-0.3791,-1.5300,1.2075,0.1257
input,30,-0.0135,0.0010,0.0055,-0.0225
pos,31,-0.3798,-1.5294,1.2083,0.1296
input,31,-0.0141,0.0008,0.0060,-0.0232
pos,32,-0.3805,-1.5291,1.2079,0.1455
input,32,-0.0143,0.0007,0.0064,-0.0236
pos,33,-0.3811,-1.5285,1.2079,0.1444
input,33,-0.0143,0.0007,0.0064,-0.0236
pos,34,-0.3813,-1.5282,1.2080,0.1486
input,34,-0.0141,0.0010,0.0067,-0.0244
pos,35,-0.3815,-1.5279,1.2084,0.1473
input,35,-0.0137,0.0013,0.0066,-0.0245
pos,36,-0.3821,-1.5276,1.2090,0.1468
input,36,-0.0133,0.0017,0.0065,-0.0247
pos,37,-0.3824,-1.5271,1.2092,0.1401
input,37,-0.0128,0.0021,0.0065,-0.0248
pos,38,-0.3824,-1.5271,1.2092,0.1401
input,38,-0.0122,0.0025,0.0064,-0.0251
pos,39,-0.3824,-1.5271,1.2092,0.1401
input,39,-0.0116,0.0030,0.0065,-0.0253
pos,40,-0.3833,-1.5261,1.2095,0.1532
input,40,-0.0110,0.0035,0.0065,-0.0255
pos,41,-0.3834,-1.5256,1.2106,0.1449
input,41,-0.0105,0.0039,0.0066,-0.0256
pos,42,-0.3835,-1.5254,1.2108,0.1426
input,42,-0.0098,0.0044,0.0064,-0.0258
pos,43,-0.3837,-1.5255,1.2106,0.1454
input,43,-0.0091,0.0048,0.0064,-0.0261
pos,44,-0.3839,-1.5245,1.2101,0.1514
input,44,-0.0085,0.0052,0.0064,-0.0264
pos,45,-0.3838,-1.5232,1.2117,0.1345
input,45,-0.0079,0.0056,0.0063,-0.0267
pos,46,-0.3840,-1.5229,1.2119,0.1330
input,46,-0.0073,0.0059,0.0062,-0.0267
pos,47,-0.3844,-1.5229,1.2126,0.1418
input,47,-0.0068,0.0061,0.0063,-0.0271
pos,48,-0.3844,-1.5224,1.2126,0.1415
input,48,-0.0062,0.0063,0.0065,-0.0275
pos,49,-0.3849,-1.5211,1.2126,0.1442
input,49,-0.0057,0.0065,0.0066,-0.0280
pos,50,-0.3841,-1.5210,1.2128,0.1187
input,50,-0.0052,0.0066,0.0066,-0.0284
pos,51,-0.3849,-1.5209,1.2132,0.1273
input,51,-0.0046,0.0067,0.0066,-0.0288
pos,52,-0.3859,-1.5203,1.2122,0.1454
input,52,-0.0043,0.0067,0.0070,-0.0291
pos,53,-0.3855,-1.5203,1.2132,0.1523
input,53,-0.0038,0.0067,0.0073,-0.0295
pos,54,-0.3856,-1.5196,1.2132,0.1546
input,54,-0.0034,0.0068,0.0072,-0.0295
pos,55,-0.3856,-1.5196,1.2132,0.1546
input,55,-0.0030,0.0069,0.0070,-0.0298
pos,56,-0.3856,-1.5196,1.2132,0.1546
input,56,-0.0027,0.0068,0.0067,-0.0300
pos,57,-0.3856,-1.5196,1.2132,0.1546
input,57,-0.0027,0.0068,0.0067,-0.0300
pos,58,-0.3856,-1.5196,1.2132,0.1546
input,58,-0.0022,0.0067,0.0062,-0.0303
pos,59,-0.3859,-1.5171,1.2150,0.1482
input,59,-0.0022,0.0067,0.0062,-0.0303
pos,60,-0.3862,-1.5164,1.2150,0.1540
input,60,-0.0019,0.0065,0.0057,-0.0305
pos,61,-0.3860,-1.5159,1.2151,0.1485
input,61,-0.0017,0.0062,0.0057,-0.0310
pos,62,-0.3861,-1.5161,1.2149,0.1481
input,62,-0.0015,0.0060,0.0055,-0.0314
pos,63,-0.3863,-1.5154,1.2158,0.1468
input,63,-0.0013,0.0058,0.0054,-0.0318
pos,64,-0.3874,-1.5149,1.2107,-0.1906
input,64,-0.0013,0.0058,0.0054,-0.0318
pos,65,-0.3882,-1.5134,1.2106,-0.2090
input,65,-0.0010,0.0052,0.0053,-0.0326
pos,66,-0.3882,-1.5126,1.2110,-0.2081
input,66,-0.0008,0.0050,0.0118,-0.0317
pos,67,-0.3882,-1.5126,1.2110,-0.2081
input,67,-0.0004,0.0049,0.0187,-0.0308
pos,68,-0.3865,-1.5130,1.2178,0.1331
input,68,-0.0001,0.0046,0.0253,-0.0301
pos,69,-0.3865,-1.5130,1.2178,0.1331
input,69,0.0001,0.0044,0.0317,-0.0295
pos,70,-0.3865,-1.5130,1.2178,0.1331
input,70,0.0001,0.0041,0.0311,-0.0307
pos,71,-0.3865,-1.5130,1.2178,0.1331
input,71,0.0001,0.0037,0.0302,-0.0318
pos,72,-0.3868,-1.5116,1.2184,0.1376
input,72,0.0001,0.0034,0.0294,-0.0327
pos,73,-0.3870,-1.5114,1.2195,0.1377
input,73,0.0000,0.0031,0.0286,-0.0335
pos,74,-0.3870,-1.5114,1.2195,0.1377
input,74,0.0000,0.0027,0.0278,-0.0344
pos,75,-0.3870,-1.5114,1.2195,0.1377
input,75,0.0001,0.0025,0.0269,-0.0355
pos,76,-0.3889,-1.5096,1.2131,-0.2023
input,76,0.0002,0.0022,0.0261,-0.0364
pos,77,-0.3887,-1.5093,1.2138,-0.1975
input,77,0.0002,0.0020,0.0253,-0.0372
pos,78,-0.3887,-1.5085,1.2138,-0.1952
input,78,0.0005,0.0019,0.0313,-0.0362
pos,79,-0.3870,-1.5089,1.2196,0.1659
input,79,0.0007,0.0018,0.0371,-0.0354
pos,80,-0.3870,-1.5089,1.2196,0.1659
input,80,0.0010,0.0017,0.0426,-0.0348
pos,81,-0.3874,-1.5085,1.2196,0.1471
input,81,0.0010,0.0014,0.0408,-0.0356
pos,82,-0.3872,-1.5082,1.2200,0.1445
input,82,0.0011,0.0012,0.0388,-0.0364
pos,83,-0.3870,-1.5078,1.2211,0.1380
input,83,0.0012,0.0010,0.0373,-0.0371
pos,84,-0.3870,-1.5076,1.2211,0.1353
input,84,0.0013,0.0008,0.0358,-0.0378
pos,85,-0.3869,-1.5075,1.2212,0.1374
input,85,0.0014,0.0006,0.0346,-0.0387
pos,86,-0.3873,-1.5076,1.2197,0.1585
input,86,0.0014,0.0004,0.0334,-0.0395
pos,87,-0.3874,-1.5069,1.2204,0.1443
input,87,0.0015,0.0002,0.0323,-0.0402
pos,88,-0.3874,-1.5069,1.2204,0.1443
input,88,0.0016,0.0001,0.0307,-0.0403
pos,89,-0.3874,-1.5069,1.2204,0.1443
input,89,0.0018,0.0000,0.0295,-0.0407
pos,90,-0.3874,-1.5069,1.2204,0.1443
input,90,0.0019,-0.0001,0.0281,-0.0410
pos,91,-0.3867,-1.5052,1.2206,0.1470
input,91,0.0020,-0.0001,0.0268,-0.0412
pos,92,-0.3865,-1.5050,1.2205,0.1469
input,92,0.0022,-0.0002,0.0255,-0.0414
pos,93,-0.3863,-1.5050,1.2204,0.1515
input,93,0.0023,-0.0004,0.0242,-0.0416
pos,94,-0.3863,-1.5050,1.2204,0.1515
input,94,0.0024,-0.0006,0.0232,-0.0417
pos,95,-0.3863,-1.5050,1.2204,0.1515
input,95,0.0025,-0.0008,0.0221,-0.0417
pos,96,-0.3861,-1.5044,1.2200,0.1513
input,96,0.0026,-0.0009,0.0210,-0.0417
pos,97,-0.3856,-1.5049,1.2204,0.1360
input,97,0.0026,-0.0011,0.0200,-0.0417
pos,98,-0.3855,-1.5048,1.2204,0.1363
input,98,0.0027,-0.0012,0.0190,-0.0416
pos,99,-0.3854,-1.5050,1.2207,0.1328
input,99,0.0027,-0.0014,0.0184,-0.0415
pos,100,-0.3854,-1.5050,1.2207,0.1328
input,100,0.0027,-0.0016,0.0178,-0.0415
pos,101,-0.3849,-1.5044,1.2206,0.1295
input,101,0.0027,-0.0017,0.0172,-0.0415
pos,102,-0.3849,-1.5044,1.2206,0.1295
input,102,0.0010,-0.0006,0.0063,-0.0151
pos,103,-0.3848,-1.5035,1.2203,0.1443
input,103,0.0010,-0.0007,0.0060,-0.0151
pos,104,-0.3850,-1.5026,1.2188,0.1650
input,104,0.0010,-0.0007,0.0060,-0.0151
pos,105,-0.3850,-1.5026,1.2188,0.1650
input,105,0.0010,-0.0008,0.0058,-0.0155
pos,106,-0.3850,-1.5026,1.2188,0.1650
input,106,0.0010,-0.0008,0.0058,-0.0155
pos,107,-0.3841,-1.5018,1.2197,0.1515
input,107,0.0030,-0.0026,0.0141,-0.0431
pos,108,-0.3839,-1.5020,1.2196,0.1439
input,108,0.0031,-0.0027,0.0132,-0.0426
pos,109,-0.3837,-1.5013,1.2200,0.1390
input,109,0.0031,-0.0029,0.0125,-0.0424
pos,110,-0.3837,-1.5013,1.2200,0.1390
input,110,0.0031,-0.0031,0.0121,-0.0421
pos,111,-0.3834,-1.5009,1.2194,0.1372
input,111,0.0031,-0.0031,0.0121,-0.0421
pos,112,-0.3834,-1.5009,1.2194,0.1372
input,112,0.0032,-0.0036,0.0114,-0.0418
pos,113,-0.3831,-1.4997,1.2200,0.1422
input,113,0.0032,-0.0036,0.0114,-0.0418
pos,114,-0.3832,-1.4997,1.2199,0.1510
input,114,0.0033,-0.0040,0.0109,-0.0413
pos,115,-0.3827,-1.4992,1.2198,0.1376
input,115,0.0033,-0.0040,0.0109,-0.0413
pos,116,-0.3827,-1.4992,1.2198,0.1376
input,116,0.0034,-0.0044,0.0102,-0.0411
pos,117,-0.3825,-1.4988,1.2197,0.1325
input,117,0.0034,-0.0044,0.0102,-0.0411
pos,118,-0.3827,-1.4988,1.2197,0.1426
input,118,0.0035,-0.0049,0.0099,-0.0408
pos,119,-0.3827,-1.4988,1.2197,0.1426
input,119,0.0035,-0.0049,0.0099,-0.0408
pos,120,-0.3825,-1.4983,1.2195,0.1361
input,120,0.0035,-0.0049,0.0099,-0.0408
pos,121,-0.3826,-1.4982,1.2192,0.1376
input,121,0.0038,-0.0054,0.0094,-0.0405
pos,122,-0.3827,-1.4980,1.2190,0.1407
input,122,0.0038,-0.0054,0.0094,-0.0405
pos,123,-0.3828,-1.4984,1.2199,0.1383
input,123,0.0038,-0.0054,0.0094,-0.0405
pos,124,-0.3831,-1.4978,1.2192,0.1500
input,124,0.0041,-0.0058,0.0091,-0.0399
pos,125,-0.3832,-1.4977,1.2190,0.1523
input,125,0.0041,-0.0058,0.0091,-0.0399
pos,126,-0.3830,-1.4978,1.2191,0.1424
input,126,0.0043,-0.0058,0.0087,-0.0398
pos,127,-0.3832,-1.4974,1.2190,0.1479
input,127,0.0043,-0.0058,0.0087,-0.0398
pos,128,-0.3832,-1.4974,1.2190,0.1479
input,128,0.0046,-0.0059,0.0082,-0.0395
pos,129,-0.3833,-1.4977,1.2195,0.1403
input,129,0.0046,-0.0059,0.0082,-0.0395
pos,130,-0.3833,-1.4977,1.2195,0.1403
input,130,0.0049,-0.0059,0.0078,-0.0392
pos,131,-0.3833,-1.4977,1.2195,0.1403
input,131,0.0049,-0.0059,0.0078,-0.0392
pos,132,-0.3840,-1.4980,1.2180,0.1516
input,132,0.0049,-0.0059,0.0078,-0.0392
pos,133,-0.3843,-1.4979,1.2178,0.1543
input,133,0.0049,-0.0059,0.0078,-0.0392
pos,134,-0.3843,-1.4979,1.2178,0.1543
input,134,0.0054,-0.0057,0.0074,-0.0389
pos,135,-0.3843,-1.4979,1.2178,0.1543
input,135,0.0054,-0.0057,0.0074,-0.0389
pos,136,-0.3843,-1.4979,1.2178,0.1543
input,136,0.0057,-0.0055,0.0068,-0.0380
pos,137,-0.3843,-1.4979,1.2178,0.1543
input,137,0.0057,-0.0055,0.0068,-0.0380
pos,138,-0.3844,-1.4965,1.2182,0.1312
input,138,0.0060,-0.0053,0.0062,-0.0371
pos,139,-0.3843,-1.4964,1.2182,0.1300
input,139,0.0060,-0.0053,0.0062,-0.0371
pos,140,-0.3844,-1.4964,1.2180,0.1302
input,140,0.0060,-0.0053,0.0062,-0.0371
pos,141,-0.3844,-1.4964,1.2180,0.1302
input,141,0.0064,-0.0052,0.0064,-0.0363
pos,142,-0.3842,-1.4964,1.2174,0.1357
input,142,0.0064,-0.0052,0.0064,-0.0363
pos,143,-0.3842,-1.4964,1.2174,0.1357
input,143,0.0066,-0.0051,0.0069,-0.0359
pos,144,-0.3844,-1.4964,1.2168,0.1410
input,144,0.0066,-0.0051,0.0069,-0.0359
pos,145,-0.3844,-1.4964,1.2168,0.1410
input,145,0.0066,-0.0051,0.0069,-0.0359
pos,146,-0.3843,-1.4964,1.2165,0.1423
input,146,0.0068,-0.0051,0.0070,-0.0349
pos,147,-0.3843,-1.4962,1.2164,0.1449
input,147,0.0068,-0.0051,0.0070,-0.0349
pos,148,-0.3843,-1.4961,1.2163,0.1392
input,148,0.0068,-0.0051,0.0070,-0.0349
pos,149,-0.3841,-1.4963,1.2163,0.1410
input,149,0.0069,-0.0052,0.0069,-0.0340
pos,150,-0.3841,-1.4962,1.2161,0.1400
input,150,0.0069,-0.0052,0.0069,-0.0340
pos,151,-0.3841,-1.4962,1.2161,0.1403
input,151,0.0069,-0.0052,0.0069,-0.0340
pos,152,-0.3840,-1.4962,1.2161,0.1433
input,152,0.0069,-0.0052,0.0069,-0.0340
pos,153,-0.3840,-1.4962,1.2160,0.1385
input,153,0.0069,-0.0054,0.0070,-0.0330
pos,154,-0.3839,-1.4962,1.2160,0.1413
input,154,0.0069,-0.0054,0.0070,-0.0330
pos,155,-0.3839,-1.4963,1.2159,0.1394
input,155,0.0069,-0.0054,0.0070,-0.0330
pos,156,-0.3839,-1.4963,1.2159,0.1394
input,156,0.0069,-0.0054,0.0070,-0.0330
pos,157,-0.3839,-1.4963,1.2159,0.1406
input,157,0.0069,-0.0054,0.0070,-0.0330
pos,158,-0.3842,-1.4964,1.2154,0.1476
input,158,0.0067,-0.0057,0.0070,-0.0323
pos,159,-0.3841,-1.4962,1.2156,0.1409
input,159,0.0067,-0.0057,0.0070,-0.0323
pos,160,-0.3840,-1.4967,1.2157,0.1421
input,160,0.0067,-0.0057,0.0070,-0.0323
pos,161,-0.3844,-1.4966,1.2151,0.1476
input,161,0.0067,-0.0057,0.0070,-0.0323
pos,162,-0.3841,-1.4969,1.2160,0.1455
input,162,0.0067,-0.0057,0.0070,-0.0323
pos,163,-0.3841,-1.4969,1.2160,0.1455
input,163,0.0067,-0.0057,0.0070,-0.0323
pos,164,-0.3842,-1.4974,1.2158,0.1507
input,164,0.0064,-0.0059,0.0067,-0.0318
pos,165,-0.3835,-1.4973,1.2170,0.1270
input,165,0.0064,-0.0059,0.0067,-0.0318
pos,166,-0.3840,-1.4971,1.2164,0.1457
input,166,0.0064,-0.0059,0.0067,-0.0318
pos,167,-0.3837,-1.4969,1.2161,0.1386
input,167,0.0064,-0.0059,0.0067,-0.0318
pos,168,-0.3839,-1.4972,1.2160,0.1464
input,168,0.0061,-0.0060,0.0066,-0.0326
pos,169,-0.3838,-1.4973,1.2161,0.1481
input,169,0.0061,-0.0060,0.0066,-0.0326
pos,170,-0.3839,-1.4976,1.2165,0.1501
input,170,0.0061,-0.0060,0.0066,-0.0326
pos,171,-0.3837,-1.4977,1.2165,0.1517
input,171,0.0061,-0.0060,0.0066,-0.0326
pos,172,-0.3837,-1.4979,1.2165,0.1512
input,172,0.0059,-0.0060,0.0063,-0.0331
pos,173,-0.3837,-1.4979,1.2165,0.1511
input,173,0.0059,-0.0060,0.0063,-0.0331
pos,174,-0.3835,-1.4978,1.2174,0.1480
input,174,0.0059,-0.0060,0.0063,-0.0331
pos,175,-0.3834,-1.4977,1.2174,0.1498
input,175,0.0057,-0.0060,0.0057,-0.0336
pos,176,-0.3834,-1.4977,1.2174,0.1498
input,176,0.0057,-0.0060,0.0057,-0.0336
pos,177,-0.3833,-1.4982,1.2167,0.1524
input,177,0.0057,-0.0060,0.0057,-0.0336
pos,178,-0.3832,-1.4983,1.2167,0.1497
input,178,0.0055,-0.0060,0.0054,-0.0346
pos,179,-0.3832,-1.4983,1.2168,0.1512
input,179,0.0055,-0.0060,0.0054,-0.0346
pos,180,-0.3830,-1.4994,1.2171,0.1419
input,180,0.0055,-0.0060,0.0054,-0.0346
pos,181,-0.3830,-1.4994,1.2171,0.1419
input,181,0.0052,-0.0060,0.0050,-0.0349
pos,182,-0.3828,-1.4996,1.2171,0.1379
input,182,0.0052,-0.0060,0.0050,-0.0349
pos,183,-0.3827,-1.4996,1.2171,0.1372
input,183,0.0052,-0.0060,0.0050,-0.0349
pos,184,-0.3827,-1.4996,1.2170,0.1366
input,184,0.0049,-0.0060,0.0053,-0.0353
pos,185,-0.3828,-1.4996,1.2167,0.1383
input,185,0.0049,-0.0060,0.0053,-0.0353
pos,186,-0.3828,-1.4991,1.2164,0.1480
input,186,0.0049,-0.0060,0.0053,-0.0353
pos,187,-0.3826,-1.4984,1.2161,0.1533
input,187,0.0045,-0.0059,0.0057,-0.0354
pos,188,-0.3826,-1.4984,1.2161,0.1533
input,188,0.0045,-0.0059,0.0057,-0.0354
pos,189,-0.3827,-1.4983,1.2158,0.1518
input,189,0.0045,-0.0059,0.0057,-0.0354
pos,190,-0.3823,-1.4981,1.2160,0.1388
input,190,0.0045,-0.0059,0.0053,-0.0350
pos,191,-0.3823,-1.4980,1.2160,0.1343
input,191,0.0045,-0.0059,0.0053,-0.0350
pos,192,-0.3824,-1.4984,1.2159,0.1465
input,192,0.0045,-0.0059,0.0053,-0.0350
pos,193,-0.3824,-1.4984,1.2159,0.1465
input,193,0.0045,-0.0059,0.0053,-0.0350
pos,194,-0.3823,-1.4985,1.2160,0.1451
input,194,0.0045,-0.0059,0.0053,-0.0350
pos,195,-0.3819,-1.4983,1.2160,0.1568
input,195,0.0045,-0.0061,0.0054,-0.0341
pos,196,-0.3822,-1.4986,1.2162,0.1424
input,196,0.0045,-0.0061,0.0054,-0.0341
pos,197,-0.3822,-1.4986,1.2162,0.1424
input,197,0.0045,-0.0061,0.0054,-0.0341
pos,198,-0.3822,-1.4986,1.2162,0.1424
input,198,0.0045,-0.0061,0.0054,-0.0341
pos,199,-0.3821,-1.4987,1.2163,0.1381
input,199,0.0045,-0.0061,0.0054,-0.0341
pos,200,-0.3821,-1.4987,1.2163,0.1381
input,200,0.0045,-0.0061,0.0054,-0.0341
pos,201,-0.3821,-1.4987,1.2163,0.1381
input,201,0.0045,-0.0061,0.0054,-0.0341
pos,202,-0.3821,-1.4995,1.2165,0.1364
input,202,0.0045,-0.0061,0.0054,-0.0341
pos,203,-0.3822,-1.4996,1.2167,0.1371
input,203,0.0045,-0.0061,0.0054,-0.0341
pos,204,-0.3824,-1.4995,1.2169,0.1368
input,204,0.0045,-0.0060,0.0059,-0.0337
pos,205,-0.3825,-1.4993,1.2168,0.1428
input,205,0.0045,-0.0060,0.0059,-0.0337
pos,206,-0.3825,-1.4997,1.2171,0.1361
input,206,0.0045,-0.0060,0.0059,-0.0337
pos,207,-0.3825,-1.4997,1.2171,0.1361
input,207,0.0045,-0.0060,0.0059,-0.0337
pos,208,-0.3825,-1.4997,1.2171,0.1361
input,208,0.0045,-0.0058,0.0064,-0.0342
pos,209,-0.3827,-1.4991,1.2168,0.1277
input,209,0.0045,-0.0058,0.0064,-0.0342
pos,210,-0.3836,-1.5004,1.2162,0.1550
input,210,0.0045,-0.0058,0.0064,-0.0342
pos,211,-0.3838,-1.5001,1.2159,0.1489
input,211,0.0045,-0.0056,0.0069,-0.0344
pos,212,-0.3838,-1.5001,1.2159,0.1489
input,212,0.0045,-0.0056,0.0069,-0.0344
pos,213,-0.3836,-1.4996,1.2160,0.1453
input,213,0.0047,-0.0052,0.0065,-0.0341
pos,214,-0.3844,-1.4999,1.2149,0.1532
input,214,0.0047,-0.0052,0.0065,-0.0341
pos,215,-0.3842,-1.4996,1.2144,0.1597
input,215,0.0047,-0.0052,0.0065,-0.0341
pos,216,-0.3850,-1.4995,1.2133,0.1415
input,216,0.0050,-0.0047,0.0061,-0.0334
pos,217,-0.3850,-1.4995,1.2133,0.1415
input,217,0.0051,-0.0046,0.0058,-0.0329
pos,218,-0.3855,-1.4998,1.2124,0.1438
input,218,0.0053,-0.0044,0.0058,-0.0322
pos,219,-0.3857,-1.5003,1.2116,0.1479
input,219,0.0053,-0.0044,0.0058,-0.0322
pos,220,-0.3857,-1.5000,1.2112,0.1479
input,220,0.0056,-0.0041,0.0059,-0.0309
pos,221,-0.3860,-1.5001,1.2107,0.1516
input,221,0.0058,-0.0038,0.0058,-0.0300
pos,222,-0.3860,-1.5001,1.2107,0.1516
input,222,0.0059,-0.0037,0.0057,-0.0291
pos,223,-0.3861,-1.4998,1.2100,0.1374
input,223,0.0060,-0.0035,0.0056,-0.0282
pos,224,-0.3861,-1.4998,1.2100,0.1374
input,224,0.0061,-0.0034,0.0054,-0.0274
pos,225,-0.3868,-1.4998,1.2079,0.1445
input,225,0.0062,-0.0032,0.0056,-0.0265
pos,226,-0.3868,-1.4998,1.2079,0.1445
input,226,0.0063,-0.0031,0.0057,-0.0258
pos,227,-0.3871,-1.4999,1.2065,0.1638
input,227,0.0064,-0.0030,0.0057,-0.0246
pos,228,-0.3871,-1.5000,1.2061,0.1568
input,228,0.0065,-0.0029,0.0057,-0.0236
pos,229,-0.3872,-1.4993,1.2058,0.1520
input,229,0.0067,-0.0027,0.0053,-0.0223
pos,230,-0.3873,-1.5002,1.2041,0.1530
input,230,0.0067,-0.0026,0.0050,-0.0211
pos,231,-0.3873,-1.4993,1.2030,0.1446
input,231,0.0069,-0.0026,0.0049,-0.0200
pos,232,-0.3874,-1.4991,1.2020,0.1448
input,232,0.0069,-0.0025,0.0047,-0.0186
pos,233,-0.3872,-1.4993,1.2021,0.1406
input,233,0.0070,-0.0024,0.0048,-0.0171
pos,234,-0.3876,-1.4994,1.2010,0.1456
input,234,0.0071,-0.0024,0.0048,-0.0156
pos,235,-0.3878,-1.4997,1.2001,0.1431
input,235,0.0071,-0.0024,0.0049,-0.0143
pos,236,-0.3875,-1.4997,1.1997,0.1298
input,236,0.0072,-0.0024,0.0049,-0.0129
pos,237,-0.3875,-1.4996,1.1993,0.1295
input,237,0.0072,-0.0023,0.0049,-0.0115
pos,238,-0.3880,-1.4989,1.1981,0.1428
input,238,0.0072,-0.0023,0.0053,-0.0101
pos,239,-0.3880,-1.4989,1.1981,0.1428
input,239,0.0072,-0.0023,0.0056,-0.0089
pos,240,-0.3878,-1.4991,1.1978,0.1428
input,240,0.0072,-0.0023,0.0056,-0.0076
pos,241,-0.3881,-1.5000,1.1972,0.1388
input,241,0.0073,-0.0024,0.0057,-0.0064
pos,242,-0.3887,-1.4998,1.1955,0.1536
input,242,0.0073,-0.0024,0.0057,-0.0054
pos,243,-0.3887,-1.4998,1.1955,0.1536
input,243,0.0072,-0.0024,0.0058,-0.0044
pos,244,-0.3887,-1.4998,1.1955,0.1536
input,244,0.0073,-0.0023,0.0056,-0.0031
pos,245,-0.3887,-1.4998,1.1955,0.1536
input,245,0.0073,-0.0023,0.0054,-0.0021
pos,246,-0.3900,-1.5007,1.1941,0.1484
input,246,0.0073,-0.0022,0.0053,-0.0013
pos,247,-0.3901,-1.5007,1.1941,0.1504
input,247,0.0073,-0.0022,0.0051,-0.0006
pos,248,-0.3901,-1.5007,1.1941,0.1504
input,248,0.0074,-0.0020,0.0050,0.0003
pos,249,-0.3901,-1.5007,1.1941,0.1504
input,249,0.0074,-0.0019,0.0049,0.0011
pos,250,-0.3901,-1.5007,1.1941,0.1504
input,250,0.0075,-0.0017,0.0048,0.0016
pos,251,-0.3901,-1.5007,1.1941,0.1504
input,251,0.0075,-0.0017,0.0048,0.0016
pos,252,-0.3916,-1.5000,1.1959,0.1187
input,252,0.0027,-0.0006,0.0018,0.0006
pos,253,-0.3921,-1.4999,1.1961,0.1309
input,253,0.0027,-0.0006,0.0017,0.0009
pos,254,-0.3928,-1.4998,1.1965,0.1343
input,254,0.0027,-0.0006,0.0017,0.0009
pos,255,-0.3932,-1.5003,1.1972,0.1409
input,255,0.0029,-0.0004,0.0019,0.0009
pos,256,-0.3935,-1.5007,1.1976,0.1374
input,256,0.0085,-0.0005,0.0060,0.0014
pos,257,-0.3942,-1.5008,1.1981,0.1318
input,257,0.0088,-0.0002,0.0061,0.0006
pos,258,-0.3947,-1.5006,1.1980,0.1325
input,258,0.0089,0.0000,0.0062,-0.0002
pos,259,-0.3952,-1.5007,1.1984,0.1416
input,259,0.0091,0.0004,0.0065,-0.0011
pos,260,-0.3956,-1.5010,1.1988,0.1425
input,260,0.0094,0.0007,0.0067,-0.0019
pos,261,-0.3957,-1.5018,1.2002,0.1352
input,261,0.0096,0.0010,0.0067,-0.0028
pos,262,-0.3959,-1.5017,1.2003,0.1352
input,262,0.0098,0.0013,0.0067,-0.0037
pos,263,-0.3962,-1.5018,1.2006,0.1351
input,263,0.0100,0.0016,0.0068,-0.0049
pos,264,-0.3961,-1.5021,1.2010,0.1272
input,264,0.0101,0.0019,0.0070,-0.0060
pos,265,-0.3970,-1.5025,1.1998,0.1576
input,265,0.0102,0.0022,0.0071,-0.0072
pos,266,-0.3970,-1.5033,1.2011,0.1474
input,266,0.0103,0.0024,0.0074,-0.0083
pos,267,-0.3970,-1.5028,1.2010,0.1515
input,267,0.0104,0.0027,0.0071,-0.0089
pos,268,-0.3972,-1.5031,1.2015,0.1503
input,268,0.0104,0.0029,0.0070,-0.0099
pos,269,-0.3973,-1.5033,1.2018,0.1511
input,269,0.0105,0.0031,0.0068,-0.0107
pos,270,-0.3973,-1.5033,1.2018,0.1511
input,270,0.0105,0.0033,0.0066,-0.0116
pos,271,-0.3973,-1.5034,1.2020,0.1526
input,271,0.0105,0.0035,0.0064,-0.0124
pos,272,-0.3973,-1.5034,1.2029,0.1517
input,272,0.0104,0.0036,0.0063,-0.0131
pos,273,-0.3974,-1.5036,1.2031,0.1495
input,273,0.0104,0.0037,0.0061,-0.0138
pos,274,-0.3974,-1.5036,1.2031,0.1495
input,274,0.0103,0.0038,0.0059,-0.0146
pos,275,-0.3971,-1.5031,1.2040,0.1382
input,275,0.0102,0.0039,0.0058,-0.0154
pos,276,-0.3972,-1.5032,1.2040,0.1365
input,276,0.0102,0.0039,0.0057,-0.0160
pos,277,-0.3972,-1.5035,1.2042,0.1346
input,277,0.0101,0.0039,0.0058,-0.0168
pos,278,-0.3973,-1.5036,1.2041,0.1363
input,278,0.0100,0.0039,0.0060,-0.0175
pos,279,-0.3972,-1.5037,1.2042,0.1371
input,279,0.0098,0.0038,0.0061,-0.0180
pos,280,-0.3973,-1.5036,1.2032,0.1359
input,280,0.0098,0.0038,0.0061,-0.0180
pos,281,-0.3974,-1.5040,1.2025,0.1468
input,281,0.0096,0.0037,0.0064,-0.0189
pos,282,-0.3977,-1.5043,1.2017,0.1500
input,282,0.0096,0.0037,0.0064,-0.0189
pos,283,-0.3977,-1.5048,1.2005,0.1603
input,283,0.0093,0.0036,0.0065,-0.0187
pos,284,-0.3980,-1.5045,1.1999,0.1625
input,284,0.0092,0.0036,0.0063,-0.0183
pos,285,-0.3976,-1.5045,1.2003,0.1373
input,285,0.0091,0.0036,0.0060,-0.0175
pos,286,-0.3973,-1.5041,1.1994,0.1586
input,286,0.0090,0.0036,0.0056,-0.0167
pos,287,-0.3975,-1.5041,1.1992,0.1453
input,287,0.0088,0.0036,0.0057,-0.0160
pos,288,-0.3974,-1.5042,1.1990,0.1448
input,288,0.0086,0.0035,0.0054,-0.0151
pos,289,-0.3972,-1.5045,1.1985,0.1328
input,289,0.0085,0.0034,0.0054,-0.0143
pos,290,-0.3973,-1.5044,1.1977,0.1355
input,290,0.0084,0.0033,0.0054,-0.0134
pos,291,-0.3975,-1.5046,1.1977,0.1405
input,291,0.0083,0.0033,0.0056,-0.0125
pos,292,-0.3975,-1.5046,1.1977,0.1405
input,292,0.0081,0.0032,0.0058,-0.0115
pos,293,-0.3974,-1.5055,1.1966,0.1449
input,293,0.0080,0.0032,0.0059,-0.0105
pos,294,-0.3976,-1.5061,1.1962,0.1452
input,294,0.0080,0.0031,0.0059,-0.0097
pos,295,-0.3976,-1.5061,1.1962,0.1452
input,295,0.0078,0.0031,0.0059,-0.0086
pos,296,-0.3977,-1.5071,1.1957,0.1326
input,296,0.0077,0.0032,0.0059,-0.0076
pos,297,-0.3981,-1.5075,1.1948,0.1434
input,297,0.0076,0.0032,0.0059,-0.0067
pos,298,-0.3984,-1.5072,1.1941,0.1488
input,298,0.0074,0.0033,0.0061,-0.0057
pos,299,-0.3982,-1.5065,1.1948,0.1411
input,299,0.0073,0.0035,0.0061,-0.0047
pos,300,-0.3982,-1.5065,1.1948,0.1411
input,300,0.0073,0.0036,0.0060,-0.0035
pos,301,-0.3982,-1.5065,1.1948,0.1411
input,301,0.0073,0.0037,0.0060,-0.0027
pos,302,-0.3992,-1.5077,1.1947,0.1405
input,302,0.0073,0.0038,0.0061,-0.0021
pos,303,-0.3993,-1.5078,1.1947,0.1511
input,303,0.0073,0.0039,0.0061,-0.0015
pos,304,-0.4001,-1.5081,1.1949,0.1343
input,304,0.0073,0.0042,0.0062,-0.0009
pos,305,-0.4001,-1.5087,1.1952,0.1299
input,305,0.0074,0.0044,0.0060,-0.0005
pos,306,-0.4003,-1.5084,1.1951,0.1339
input,306,0.0075,0.0047,0.0062,-0.0002
pos,307,-0.4003,-1.5084,1.1951,0.1339
input,307,0.0075,0.0050,0.0065,-0.0001
pos,308,-0.4009,-1.5088,1.1954,0.1359
input,308,0.0076,0.0053,0.0066,0.0001
pos,309,-0.4019,-1.5091,1.1956,0.1333
input,309,0.0077,0.0055,0.0068,0.0001
pos,310,-0.4019,-1.5091,1.1956,0.1333
input,310,0.0078,0.0058,0.0070,0.0001
pos,311,-0.4027,-1.5098,1.1963,0.1372
input,311,0.0080,0.0062,0.0071,-0.0000
pos,312,-0.4030,-1.5096,1.1962,0.1305
input,312,0.0081,0.0065,0.0073,-0.0002
pos,313,-0.4034,-1.5100,1.1968,0.1399
input,313,0.0083,0.0069,0.0074,-0.0006
pos,314,-0.4034,-1.5101,1.1965,0.1256
input,314,0.0085,0.0073,0.0076,-0.0009
pos,315,-0.4036,-1.5115,1.1968,0.1222
input,315,0.0087,0.0077,0.0076,-0.0014
pos,316,-0.4038,-1.5113,1.1969,0.1165
input,316,0.0088,0.0081,0.0079,-0.0018
pos,317,-0.4038,-1.5113,1.1969,0.1165
input,317,0.0088,0.0084,0.0082,-0.0023
pos,318,-0.4049,-1.5122,1.1967,0.1379
input,318,0.0089,0.0087,0.0087,-0.0028
pos,319,-0.4049,-1.5122,1.1967,0.1379
input,319,0.0089,0.0090,0.0091,-0.0032
pos,320,-0.4049,-1.5122,1.1967,0.1379
input,320,0.0090,0.0094,0.0091,-0.0036
pos,321,-0.4049,-1.5122,1.1967,0.1379
input,321,0.0091,0.0097,0.0091,-0.0039
pos,322,-0.4048,-1.5117,1.1968,0.1337
input,322,0.0091,0.0100,0.0091,-0.0043
pos,323,-0.4051,-1.5124,1.1954,0.1474
input,323,0.0091,0.0102,0.0091,-0.0046
pos,324,-0.4050,-1.5125,1.1952,0.1527
input,324,0.0091,0.0102,0.0091,-0.0046
pos,325,-0.4051,-1.5124,1.1937,0.1634
input,325,0.0091,0.0106,0.0089,-0.0048
pos,326,-0.4051,-1.5123,1.1935,0.1595
input,326,0.0091,0.0107,0.0086,-0.0047
pos,327,-0.4049,-1.5120,1.1930,0.1580
input,327,0.0090,0.0108,0.0081,-0.0043
pos,328,-0.4048,-1.5124,1.1931,0.1553
input,328,0.0090,0.0109,0.0077,-0.0038
pos,329,-0.4043,-1.5124,1.1927,0.1623
input,329,0.0089,0.0109,0.0073,-0.0033
pos,330,-0.4032,-1.5123,1.1946,0.1385
input,330,0.0088,0.0109,0.0070,-0.0028
pos,331,-0.4032,-1.5123,1.1946,0.1385
input,331,0.0086,0.0108,0.0066,-0.0023
pos,332,-0.4022,-1.5126,1.1942,0.1267
input,332,0.0205,0.0027,0.0065,-0.0024
pos,333,-0.4017,-1.5128,1.1944,0.1227
input,333,0.0323,-0.0055,0.0066,-0.0028
pos,334,-0.4014,-1.5127,1.1944,0.1256
input,334,0.0439,-0.0138,0.0070,-0.0032
pos,335,-0.4014,-1.5130,1.1949,0.1381
input,335,0.0552,-0.0221,0.0076,-0.0039
pos,336,-0.4008,-1.5132,1.1953,0.1261
input,336,0.0665,-0.0304,0.0082,-0.0048
pos,337,-0.4007,-1.5130,1.1956,0.1463
input,337,0.0777,-0.0388,0.0086,-0.0060
pos,338,-0.3997,-1.5128,1.1960,0.1326
input,338,0.0887,-0.0472,0.0093,-0.0074
pos,339,-0.3996,-1.5127,1.1960,0.1305
input,339,0.0996,-0.0556,0.0096,-0.0091
pos,340,-0.3995,-1.5134,1.1961,0.1417
input,340,0.1104,-0.0641,0.0103,-0.0110
pos,341,-0.3987,-1.5130,1.1968,0.1419
input,341,0.1211,-0.0726,0.0112,-0.0129
pos,342,-0.3984,-1.5131,1.1971,0.1439
input,342,0.1317,-0.0811,0.0118,-0.0151
pos,343,-0.3977,-1.5140,1.1982,0.1314
input,343,0.1317,-0.0811,0.0118,-0.0151
pos,344,-0.3975,-1.5128,1.1982,0.1484
input,344,0.1317,-0.0811,0.0118,-0.0151
pos,345,-0.3967,-1.5127,1.1998,0.1412
input,345,0.1265,-0.0830,0.0119,-0.0167
pos,346,-0.3962,-1.5132,1.2007,0.1403
input,346,0.1265,-0.0830,0.0119,-0.0167
pos,347,-0.3959,-1.5140,1.2005,0.1352
input,347,0.1265,-0.0830,0.0119,-0.0167
pos,348,-0.3957,-1.5136,1.2005,0.1332
input,348,0.1265,-0.0830,0.0119,-0.0167
pos,349,-0.3949,-1.5126,1.2012,0.1447
input,349,0.1201,-0.0852,0.0112,-0.0185
pos,350,-0.3949,-1.5126,1.2012,0.1447
input,350,0.1201,-0.0852,0.0112,-0.0185
pos,351,-0.3949,-1.5126,1.2012,0.1447
input,351,0.1201,-0.0852,0.0112,-0.0185
pos,352,-0.3949,-1.5126,1.2012,0.1447
input,352,0.1201,-0.0852,0.0112,-0.0185
pos,353,-0.3949,-1.5126,1.2012,0.1447
input,353,0.1147,-0.0868,0.0107,-0.0199
pos,354,-0.3918,-1.5125,1.2050,0.1479
input,354,0.1147,-0.0868,0.0107,-0.0199
pos,355,-0.3911,-1.5140,1.2062,0.1352
input,355,0.1147,-0.0868,0.0107,-0.0199
pos,356,-0.3909,-1.5139,1.2061,0.1346
input,356,0.1147,-0.0868,0.0107,-0.0199
pos,357,-0.3907,-1.5134,1.2064,0.1476
input,357,0.1096,-0.0879,0.0101,-0.0224
pos,358,-0.3897,-1.5135,1.2077,0.1536
input,358,0.1096,-0.0879,0.0101,-0.0224
pos,359,-0.3892,-1.5128,1.2087,0.1361
input,359,0.1096,-0.0879,0.0101,-0.0224
pos,360,-0.3892,-1.5130,1.2087,0.1422
input,360,0.1096,-0.0879,0.0101,-0.0224
pos,361,-0.3892,-1.5130,1.2087,0.1422
input,361,0.1046,-0.0889,0.0095,-0.0267
pos,362,-0.3892,-1.5130,1.2087,0.1422
input,362,0.1046,-0.0889,0.0095,-0.0267
pos,363,-0.3881,-1.5135,1.2108,0.1451
input,363,0.1046,-0.0889,0.0095,-0.0267
pos,364,-0.3879,-1.5136,1.2108,0.1487
input,364,0.1046,-0.0889,0.0095,-0.0267
pos,365,-0.3873,-1.5134,1.2120,0.1367
input,365,0.1046,-0.0889,0.0095,-0.0267
pos,366,-0.3870,-1.5133,1.2133,0.1263
input,366,0.0996,-0.0891,0.0088,-0.0311
pos,367,-0.3877,-1.5132,1.2124,0.1403
input,367,0.0996,-0.0891,0.0088,-0.0311
pos,368,-0.3870,-1.5135,1.2132,0.1444
input,368,0.0996,-0.0891,0.0088,-0.0311
pos,369,-0.3867,-1.5138,1.2141,0.1393
input,369,0.0996,-0.0891,0.0088,-0.0311
pos,370,-0.3864,-1.5133,1.2154,0.1349
input,370,0.0996,-0.0891,0.0088,-0.0311
pos,371,-0.3863,-1.5133,1.2156,0.1344
input,371,0.0996,-0.0891,0.0088,-0.0311
pos,372,-0.3865,-1.5138,1.2150,0.1469
input,372,0.0996,-0.0891,0.0088,-0.0311
pos,373,-0.3862,-1.5130,1.2159,0.1401
input,373,0.0958,-0.0876,0.0089,-0.0382
pos,374,-0.3856,-1.5127,1.2176,0.1382
input,374,0.0958,-0.0876,0.0089,-0.0382
pos,375,-0.3851,-1.5125,1.2175,0.1396
input,375,0.0958,-0.0876,0.0089,-0.0382
pos,376,-0.3855,-1.5126,1.2178,0.1293
input,376,0.0958,-0.0876,0.0089,-0.0382
pos,377,-0.3859,-1.5127,1.2184,0.1341
input,377,0.0958,-0.0876,0.0089,-0.0382
pos,378,-0.3856,-1.5130,1.2184,0.1462
input,378,0.0958,-0.0876,0.0089,-0.0382
pos,379,-0.3855,-1.5138,1.2188,0.1433
input,379,0.0958,-0.0876,0.0089,-0.0382
pos,380,-0.3855,-1.5132,1.2187,0.1516
input,380,0.0958,-0.0876,0.0089,-0.0382
pos,381,-0.3854,-1.5132,1.2188,0.1511
input,381,0.0958,-0.0876,0.0089,-0.0382
pos,382,-0.3849,-1.5123,1.2197,0.1421
input,382,0.0968,-0.0840,0.0084,-0.0453
pos,383,-0.3848,-1.5123,1.2197,0.1456
input,383,0.0968,-0.0840,0.0084,-0.0453
pos,384,-0.3849,-1.5126,1.2190,0.1566
input,384,0.0968,-0.0840,0.0084,-0.0453
pos,385,-0.3846,-1.5127,1.2205,0.1341
input,385,0.0968,-0.0840,0.0084,-0.0453
pos,386,-0.3842,-1.5129,1.2209,0.1362
input,386,0.0968,-0.0840,0.0084,-0.0453
pos,387,-0.3840,-1.5123,1.2212,0.1345
input,387,0.0968,-0.0840,0.0084,-0.0453
pos,388,-0.3840,-1.5119,1.2211,0.1417
input,388,0.0968,-0.0840,0.0084,-0.0453
pos,389,-0.3839,-1.5119,1.2212,0.1414
input,389,0.0968,-0.0840,0.0084,-0.0453
pos,390,-0.3838,-1.5121,1.2216,0.1469
input,390,0.0968,-0.0840,0.0084,-0.0453
pos,391,-0.3837,-1.5121,1.2216,0.1454
input,391,0.0968,-0.0840,0.0084,-0.0453
pos,392,-0.3836,-1.5121,1.2218,0.1442
input,392,0.0968,-0.0840,0.0084,-0.0453
pos,393,-0.3836,-1.5121,1.2218,0.1442
input,393,0.0968,-0.0840,0.0084,-0.0453
pos,394,-0.3835,-1.5120,1.2218,0.1443
input,394,0.0968,-0.0840,0.0084,-0.0453
pos,395,-0.3834,-1.5120,1.2218,0.1437
input,395,0.0968,-0.0840,0.0084,-0.0453
pos,396,-0.3834,-1.5120,1.2218,0.1448
input,396,0.0968,-0.0840,0.0084,-0.0453
pos,397,-0.3834,-1.5120,1.2218,0.1452
input,397,0.0968,-0.0840,0.0084,-0.0453
pos,398,-0.3834,-1.5120,1.2217,0.1428
input,398,0.0999,-0.0817,0.0070,-0.0501
pos,399,-0.3833,-1.5120,1.2216,0.1422
input,399,0.0999,-0.0818,0.0068,0.0057
pos,400,-0.3832,-1.5130,1.2217,0.1340
input,400,0.0999,-0.0818,0.0068,0.0605
pos,401,-0.3832,-1.5130,1.2217,0.1340
input,401,0.0998,-0.0818,0.0068,0.1141
pos,402,-0.3833,-1.5124,1.2209,0.1459
input,402,0.0995,-0.0817,0.0069,0.1665
pos,403,-0.3834,-1.5124,1.2208,0.1437
input,403,0.0991,-0.0816,0.0071,0.2177
pos,404,-0.3833,-1.5123,1.2206,0.1452
input,404,0.0987,-0.0815,0.0070,0.2680
pos,405,-0.3832,-1.5121,1.2201,0.1456
input,405,0.0982,-0.0814,0.0070,0.3172
pos,406,-0.3831,-1.5120,1.2200,0.1410
input,406,0.0975,-0.0813,0.0069,0.3652
pos,407,-0.3828,-1.5115,1.2201,0.1392
input,407,0.0967,-0.0812,0.0068,0.4123
pos,408,-0.3828,-1.5115,1.2201,0.1369
input,408,0.0959,-0.0810,0.0069,0.4583
pos,409,-0.3828,-1.5115,1.2201,0.1369
input,409,0.0949,-0.0809,0.0069,0.5031
pos,410,-0.3829,-1.5125,1.2187,0.1633
input,410,0.0939,-0.0808,0.0071,0.5469
pos,411,-0.3832,-1.5112,1.2180,0.1579
input,411,0.0928,-0.0806,0.0072,0.5897
pos,412,-0.3832,-1.5112,1.2180,0.1579
input,412,0.0915,-0.0804,0.0067,0.6318
pos,413,-0.3832,-1.5115,1.2180,0.1661
input,413,0.0915,-0.0804,0.0067,0.6318
pos,414,-0.3823,-1.5116,1.2199,0.1347
input,414,0.0327,-0.0293,0.0023,0.2301
pos,415,-0.3825,-1.5116,1.2195,0.1482
input,415,0.0318,-0.0292,0.0021,0.2601
pos,416,-0.3822,-1.5109,1.2189,0.1385
input,416,0.0890,-0.0799,0.0061,0.8139
pos,417,-0.3820,-1.5111,1.2190,0.1312
input,417,0.0873,-0.0795,0.0060,0.8503
pos,418,-0.3818,-1.5111,1.2188,0.1254
input,418,0.0855,-0.0792,0.0061,0.8861
pos,419,-0.3821,-1.5116,1.2187,0.1326
input,419,0.0836,-0.0787,0.0064,0.9211
pos,420,-0.3821,-1.5115,1.2185,0.1337
input,420,0.0817,-0.0782,0.0067,0.9553
pos,421,-0.3821,-1.5116,1.2185,0.1318
input,421,0.0797,-0.0776,0.0069,0.9886
pos,422,-0.3819,-1.5116,1.2183,0.1337
input,422,0.0777,-0.0770,0.0071,1.0000
pos,423,-0.3819,-1.5116,1.2183,0.1337
input,423,0.0757,-0.0763,0.0073,1.0000
pos,424,-0.3819,-1.5116,1.2183,0.1337
input,424,0.0736,-0.0757,0.0075,1.0000
pos,425,-0.3819,-1.5117,1.2182,0.1309
input,425,0.0736,-0.0757,0.0075,1.0000
pos,426,-0.3815,-1.5115,1.2176,0.1275
input,426,0.0736,-0.0757,0.0075,1.0000
pos,427,-0.3816,-1.5114,1.2173,0.1200
input,427,0.0736,-0.0757,0.0075,1.0000
pos,428,-0.3825,-1.5125,1.2157,0.1633
input,428,0.0651,-0.0731,0.0083,1.0000
pos,429,-0.3827,-1.5119,1.2152,0.1549
input,429,0.0651,-0.0731,0.0083,1.0000
pos,430,-0.3819,-1.5120,1.2162,0.1403
input,430,0.0612,-0.0715,0.0081,1.0000
pos,431,-0.3819,-1.5120,1.2162,0.1403
input,431,0.0594,-0.0708,0.0078,0.9782
pos,432,-0.3820,-1.5119,1.2162,0.1419
input,432,0.0575,-0.0700,0.0077,0.9556
pos,433,-0.3820,-1.5119,1.2162,0.1419
input,433,0.0557,-0.0692,0.0077,0.9338
pos,434,-0.3820,-1.5119,1.2162,0.1419
input,434,0.0541,-0.0684,0.0077,0.9128
pos,435,-0.3820,-1.5119,1.2162,0.1419
input,435,0.0525,-0.0676,0.0076,0.8928
pos,436,-0.3820,-1.5125,1.2163,0.1386
input,436,0.0525,-0.0676,0.0076,0.8928
pos,437,-0.3820,-1.5127,1.2161,0.1389
input,437,0.0498,-0.0659,0.0076,0.8550
pos,438,-0.3819,-1.5130,1.2162,0.1364
input,438,0.0498,-0.0659,0.0076,0.8550
pos,439,-0.3820,-1.5128,1.2158,0.1368
input,439,0.0474,-0.0642,0.0076,0.8216
pos,440,-0.3822,-1.5143,1.2148,0.1377
input,440,0.0474,-0.0642,0.0076,0.8216
pos,441,-0.3822,-1.5140,1.2149,0.1356
input,441,0.0456,-0.0625,0.0077,0.7925
pos,442,-0.3823,-1.5130,1.2143,0.1415
input,442,0.0456,-0.0625,0.0077,0.7925
pos,443,-0.3823,-1.5130,1.2141,0.1421
input,443,0.0443,-0.0609,0.0078,0.7685
pos,444,-0.3824,-1.5140,1.2140,0.1405
input,444,0.0443,-0.0609,0.0078,0.7685
pos,445,-0.3827,-1.5134,1.2132,0.1449
input,445,0.0435,-0.0595,0.0077,0.7491
pos,446,-0.3826,-1.5127,1.2137,0.1408
input,446,0.0435,-0.0595,0.0077,0.7491
pos,447,-0.3825,-1.5129,1.2136,0.1371
input,447,0.0428,-0.0581,0.0075,0.7308
pos,448,-0.3823,-1.5130,1.2135,0.1363
input,448,0.0428,-0.0581,0.0075,0.7308
pos,449,-0.3820,-1.5130,1.2134,0.1257
input,449,0.0428,-0.0581,0.0075,0.7308
pos,450,-0.3818,-1.5132,1.2135,0.1202
input,450,0.0426,-0.0563,0.0076,0.7111
pos,451,-0.3823,-1.5131,1.2132,0.1253
input,451,0.0426,-0.0563,0.0076,0.7111
pos,452,-0.3820,-1.5133,1.2128,0.1211
input,452,0.0426,-0.0563,0.0076,0.7111
pos,453,-0.3822,-1.5132,1.2127,0.1269
input,453,0.0426,-0.0563,0.0076,0.7111
pos,454,-0.3820,-1.5132,1.2124,0.1244
input,454,0.0426,-0.0563,0.0076,0.7111
pos,455,-0.3820,-1.5132,1.2124,0.1244
input,455,0.0426,-0.0563,0.0076,0.7111
pos,456,-0.3821,-1.5135,1.2126,0.1303
input,456,0.0426,-0.0563,0.0076,0.7111
pos,457,-0.3820,-1.5134,1.2123,0.1317
input,457,0.0426,-0.0563,0.0076,0.7111
pos,458,-0.3819,-1.5134,1.2123,0.1317
input,458,0.0426,-0.0563,0.0076,0.7111
pos,459,-0.3822,-1.5137,1.2127,0.1364
input,459,0.0426,-0.0563,0.0076,0.7111
pos,460,-0.3819,-1.5137,1.2127,0.1288
input,460,0.0426,-0.0563,0.0076,0.7111
pos,461,-0.3818,-1.5135,1.2126,0.1304
input,461,0.0492,-0.0531,0.0103,0.7167
pos,462,-0.3818,-1.5135,1.2126,0.1304
input,462,0.0492,-0.0531,0.0103,0.7167
pos,463,-0.3818,-1.5135,1.2129,0.1298
input,463,0.0492,-0.0531,0.0103,0.7167
pos,464,-0.3818,-1.5135,1.2129,0.1298
input,464,0.0492,-0.0531,0.0103,0.7167
pos,465,-0.3816,-1.5135,1.2132,0.1303
input,465,0.0492,-0.0531,0.0103,0.7167
pos,466,-0.3817,-1.5134,1.2136,0.1289
input,466,0.0525,-0.0540,0.0106,0.7357
pos,467,-0.3817,-1.5134,1.2136,0.1289
input,467,0.0525,-0.0540,0.0106,0.7357
pos,468,-0.3825,-1.5123,1.2098,0.1436
input,468,0.0525,-0.0540,0.0106,0.7357
pos,469,-0.3825,-1.5123,1.2098,0.1436
input,469,0.0525,-0.0540,0.0106,0.7357
pos,470,-0.3822,-1.5139,1.2127,0.1542
input,470,0.0525,-0.0540,0.0106,0.7357
pos,471,-0.3822,-1.5135,1.2126,0.1607
input,471,0.0525,-0.0540,0.0106,0.7357
pos,472,-0.3813,-1.5135,1.2150,0.1302
input,472,0.0555,-0.0559,0.0101,0.7569
pos,473,-0.3813,-1.5135,1.2150,0.1302
input,473,0.0555,-0.0559,0.0101,0.7569
pos,474,-0.3813,-1.5135,1.2150,0.1302
input,474,0.0555,-0.0559,0.0101,0.7569
pos,475,-0.3809,-1.5137,1.2162,0.1268
input,475,0.0555,-0.0559,0.0101,0.7569
pos,476,-0.3809,-1.5137,1.2162,0.1268
input,476,0.0555,-0.0559,0.0101,0.7569
pos,477,-0.3812,-1.5135,1.2160,0.1367
input,477,0.0555,-0.0559,0.0101,0.7569
pos,478,-0.3809,-1.5130,1.2166,0.1501
input,478,0.0555,-0.0559,0.0101,0.7569
pos,479,-0.3812,-1.5138,1.2162,0.1481
input,479,0.0555,-0.0559,0.0101,0.7569
pos,480,-0.3804,-1.5131,1.2180,0.1315
input,480,0.0555,-0.0559,0.0101,0.7569
pos,481,-0.3811,-1.5128,1.2166,0.1460
input,481,0.0555,-0.0559,0.0101,0.7569
pos,482,-0.3805,-1.5125,1.2178,0.1443
input,482,0.0555,-0.0559,0.0101,0.7569
pos,483,-0.3802,-1.5121,1.2182,0.1403
input,483,0.0555,-0.0559,0.0101,0.7569
pos,484,-0.3805,-1.5128,1.2184,0.1399
input,484,0.0555,-0.0559,0.0101,0.7569
pos,485,-0.3806,-1.5118,1.2185,0.1441
input,485,0.0555,-0.0559,0.0101,0.7569
pos,486,-0.3802,-1.5112,1.2196,0.1413
input,486,0.0555,-0.0559,0.0101,0.7569
pos,487,-0.3802,-1.5112,1.2196,0.1413
input,487,0.0555,-0.0559,0.0101,0.7569
pos,488,-0.3799,-1.5115,1.2197,0.1492
input,488,0.0501,-0.0617,0.0086,0.7586
pos,489,-0.3797,-1.5107,1.2203,0.1449
input,489,0.0501,-0.0617,0.0086,0.7586
pos,490,-0.3796,-1.5107,1.2203,0.1398
input,490,0.0501,-0.0617,0.0086,0.7586
pos,491,-0.3796,-1.5107,1.2203,0.1398
input,491,0.0501,-0.0617,0.0086,0.7586
pos,492,-0.3795,-1.5107,1.2209,0.1424
input,492,0.0501,-0.0617,0.0086,0.7586
pos,493,-0.3792,-1.5109,1.2213,0.1345
input,493,0.0501,-0.0617,0.0086,0.7586
pos,494,-0.3792,-1.5112,1.2213,0.1320
input,494,0.0501,-0.0617,0.0086,0.7586
pos,495,-0.3791,-1.5110,1.2215,0.1315
input,495,0.0501,-0.0617,0.0086,0.7586
pos,496,-0.3787,-1.5106,1.2212,0.1271
input,496,0.0501,-0.0617,0.0086,0.7586
pos,497,-0.3786,-1.5099,1.2210,0.1341
input,497,0.0501,-0.0617,0.0086,0.7586
pos,498,-0.3786,-1.5091,1.2220,0.1343
input,498,0.0501,-0.0617,0.0086,0.7586
pos,499,-0.3792,-1.5092,1.2199,0.1542
input,499,0.0501,-0.0617,0.0086,0.7586
pos,500,-0.3790,-1.5093,1.2200,0.1535
input,500,0.0464,-0.0628,0.0089,0.7422
pos,501,-0.3788,-1.5091,1.2201,0.1564
input,501,0.0464,-0.0628,0.0089,0.7422
pos,502,-0.3789,-1.5090,1.2200,0.1551
input,502,0.0464,-0.0628,0.0089,0.7422
pos,503,-0.3785,-1.5091,1.2203,0.1612
input,503,0.0464,-0.0628,0.0089,0.7422
pos,504,-0.3783,-1.5089,1.2202,0.1598
input,504,0.0464,-0.0628,0.0089,0.7422
pos,505,-0.3783,-1.5087,1.2201,0.1577
input,505,0.0464,-0.0628,0.0089,0.7422
pos,506,-0.3782,-1.5085,1.2202,0.1555
input,506,0.0464,-0.0628,0.0089,0.7422
pos,507,-0.3781,-1.5086,1.2200,0.1553
input,507,0.0464,-0.0628,0.0089,0.7422
pos,508,-0.3771,-1.5085,1.2213,0.1394
input,508,0.0464,-0.0628,0.0089,0.7422
pos,509,-0.3775,-1.5086,1.2208,0.1390
input,509,0.0464,-0.0628,0.0089,0.7422
pos,510,-0.3778,-1.5083,1.2198,0.1511
input,510,0.0464,-0.0628,0.0089,0.7422
pos,511,-0.3772,-1.5083,1.2212,0.1388
input,511,0.0464,-0.0628,0.0089,0.7422
pos,512,-0.3775,-1.5079,1.2218,0.1626
input,512,0.0464,-0.0628,0.0089,0.7422
pos,513,-0.3774,-1.5080,1.2197,0.1540
input,513,0.0464,-0.0628,0.0089,0.7422
pos,514,-0.3774,-1.5080,1.2197,0.1540
input,514,0.0464,-0.0628,0.0089,0.7422
pos,515,-0.3769,-1.5077,1.2212,0.1493
input,515,0.0464,-0.0628,0.0089,0.7422
pos,516,-0.3766,-1.5077,1.2212,0.1420
input,516,0.0464,-0.0628,0.0089,0.7422
pos,517,-0.3766,-1.5072,1.2207,0.1358
input,517,0.0464,-0.0628,0.0089,0.7422
pos,518,-0.3764,-1.5071,1.2206,0.1307
input,518,0.0464,-0.0628,0.0089,0.7422
pos,519,-0.3764,-1.5071,1.2206,0.1307
input,519,0.0464,-0.0628,0.0089,0.7422
pos,520,-0.3764,-1.5071,1.2206,0.1307
input,520,0.0464,-0.0628,0.0089,0.7422
pos,521,-0.3762,-1.5075,1.2205,0.1302
input,521,0.0464,-0.0628,0.0089,0.7422
pos,522,-0.3761,-1.5077,1.2200,0.1251
input,522,0.0464,-0.0628,0.0089,0.7422
pos,523,-0.3762,-1.5078,1.2200,0.1322
input,523,0.0464,-0.0628,0.0089,0.7422
pos,524,-0.3760,-1.5070,1.2202,0.1257
input,524,0.0464,-0.0628,0.0089,0.7422
pos,525,-0.3761,-1.5076,1.2217,0.1227
input,525,0.0464,-0.0628,0.0089,0.7422
pos,526,-0.3761,-1.5076,1.2217,0.1227
input,526,0.0464,-0.0628,0.0089,0.7422
pos,527,-0.3769,-1.5078,1.2243,0.1390
input,527,0.0464,-0.0628,0.0089,0.7422
pos,528,-0.3771,-1.5081,1.2270,0.1368
input,528,0.0464,-0.0628,0.0089,0.7422
pos,529,-0.3770,-1.5084,1.2304,0.1376
input,529,0.0464,-0.0628,0.0089,0.7422
pos,530,-0.3772,-1.5088,1.2326,0.1429
input,530,0.0464,-0.0628,0.0089,0.7422
pos,531,-0.3772,-1.5088,1.2326,0.1429
input,531,0.0464,-0.0628,0.0089,0.7422
pos,532,-0.3774,-1.5093,1.2451,0.1343
input,532,0.0464,-0.0628,0.0089,0.7422
pos,533,-0.3779,-1.5088,1.2506,0.1379
input,533,0.0464,-0.0628,0.0089,0.7422
pos,534,-0.3779,-1.5095,1.2606,0.1342
input,534,0.0507,-0.0591,0.0066,0.7296
pos,535,-0.3779,-1.5103,1.2679,0.1264
input,535,0.0507,-0.0591,0.0066,0.7296
pos,536,-0.3782,-1.5097,1.2706,0.1217
input,536,0.0507,-0.0591,0.0066,0.7296
pos,537,-0.3781,-1.5105,1.2769,0.1151
input,537,0.0476,-0.0583,0.0070,0.7058
pos,538,-0.3782,-1.5101,1.2799,0.1364
input,538,0.0476,-0.0583,0.0070,0.7058
pos,539,-0.3780,-1.5100,1.2863,0.1216
input,539,0.0452,-0.0575,0.0078,0.6881
pos,540,-0.3786,-1.5108,1.2873,0.1514
input,540,0.0452,-0.0575,0.0078,0.6881
pos,541,-0.3786,-1.5108,1.2873,0.1514
input,541,0.0428,-0.0568,0.0082,0.6697
pos,542,-0.3784,-1.5107,1.3020,0.1520
input,542,0.0428,-0.0568,0.0082,0.6697
pos,543,-0.3784,-1.5110,1.3071,0.1544
input,543,0.0428,-0.0568,0.0082,0.6697
pos,544,-0.3784,-1.5110,1.3071,0.1544
input,544,0.0396,-0.0560,0.0074,0.6430
pos,545,-0.3785,-1.5103,1.3091,0.1517
input,545,0.0396,-0.0560,0.0074,0.6430
pos,546,-0.3781,-1.5110,1.3211,0.1536
input,546,0.0372,-0.0554,0.0068,0.6238
pos,547,-0.3781,-1.5110,1.3211,0.1536
input,547,0.0372,-0.0554,0.0068,0.6238
pos,548,-0.3779,-1.5114,1.3317,0.1485
input,548,0.0350,-0.0548,0.0063,0.6053
pos,549,-0.3775,-1.5103,1.3349,0.1583
input,549,0.0350,-0.0548,0.0063,0.6053
pos,550,-0.3773,-1.5110,1.3371,0.1526
input,550,0.0327,-0.0542,0.0059,0.5862
pos,551,-0.3772,-1.5107,1.3433,0.1496
input,551,0.0327,-0.0542,0.0059,0.5862
pos,552,-0.3759,-1.5100,1.3488,0.1458
input,552,0.0305,-0.0538,0.0053,0.5676
pos,553,-0.3759,-1.5100,1.3488,0.1458
input,553,0.0305,-0.0538,0.0053,0.5676
pos,554,-0.3759,-1.5106,1.3521,0.1293
input,554,0.0282,-0.0534,0.0052,0.5494
pos,555,-0.3752,-1.5152,1.3546,0.1413
input,555,0.0282,-0.0534,0.0052,0.5494
pos,556,-0.3747,-1.5151,1.3566,0.1546
input,556,0.0282,-0.0534,0.0052,0.5494
pos,557,-0.3754,-1.5111,1.3575,0.1528
input,557,0.0254,-0.0527,0.0055,0.5279
pos,558,-0.3750,-1.5116,1.3590,0.1506
input,558,0.0254,-0.0527,0.0055,0.5279
pos,559,-0.3748,-1.5109,1.3596,0.1639
input,559,0.0254,-0.0527,0.0055,0.5279
pos,560,-0.3751,-1.5113,1.3604,0.1498
input,560,0.0254,-0.0527,0.0055,0.5279
pos,561,-0.3739,-1.5120,1.3639,0.1487
input,561,0.0254,-0.0527,0.0055,0.5279
pos,562,-0.3738,-1.5112,1.3655,0.1675
input,562,0.0086,-0.0192,0.0019,0.1921
pos,563,-0.3736,-1.5118,1.3681,0.1477
input,563,0.0230,-0.0523,0.0045,0.5068
pos,564,-0.3730,-1.5117,1.3692,0.1625
input,564,0.0230,-0.0523,0.0045,0.5068
pos,565,-0.3722,-1.5120,1.3741,0.1486
input,565,0.0230,-0.0523,0.0045,0.5068
pos,566,-0.3731,-1.5120,1.3749,0.1490
input,566,0.0230,-0.0523,0.0045,0.5068
pos,567,-0.3724,-1.5132,1.3789,0.1467
input,567,0.0230,-0.0523,0.0045,0.5068
pos,568,-0.3722,-1.5126,1.3816,0.1487
input,568,0.0230,-0.0523,0.0045,0.5068
pos,569,-0.3717,-1.5137,1.3857,0.1415
input,569,0.0230,-0.0523,0.0045,0.5068
pos,570,-0.3715,-1.5126,1.3865,0.1660
input,570,0.0230,-0.0523,0.0045,0.5068
pos,571,-0.3715,-1.5126,1.3865,0.1660
input,571,0.0230,-0.0523,0.0045,0.5068
pos,572,-0.3709,-1.5132,1.3958,0.1628
input,572,0.0211,-0.0524,0.0035,0.4908
pos,573,-0.3706,-1.5149,1.4032,0.1423
input,573,0.0211,-0.0524,0.0035,0.4908
pos,574,-0.3703,-1.5135,1.4039,0.1599
input,574,0.0211,-0.0524,0.0035,0.4908
pos,575,-0.3703,-1.5135,1.4039,0.1599
input,575,0.0211,-0.0524,0.0035,0.4908
pos,576,-0.3701,-1.5143,1.4108,0.1648
input,576,0.0211,-0.0524,0.0035,0.4908
pos,577,-0.3701,-1.5143,1.4108,0.1648
input,577,0.0194,-0.0518,0.0027,0.4739
pos,578,-0.3693,-1.5149,1.4230,0.1529
input,578,0.0194,-0.0518,0.0027,0.4739
pos,579,-0.3687,-1.5142,1.4274,0.1589
input,579,0.0194,-0.0518,0.0027,0.4739
pos,580,-0.3683,-1.5149,1.4356,0.1506
input,580,0.0194,-0.0518,0.0027,0.4739
pos,581,-0.3679,-1.5144,1.4400,0.1575
input,581,0.0171,-0.0510,0.0019,0.4535
pos,582,-0.3671,-1.5148,1.4458,0.1610
input,582,0.0171,-0.0510,0.0019,0.4535
pos,583,-0.3668,-1.5146,1.4485,0.1636
input,583,0.0151,-0.0506,0.0019,0.4386
pos,584,-0.3662,-1.5148,1.4543,0.1580
input,584,0.0151,-0.0506,0.0019,0.4386
pos,585,-0.3658,-1.5152,1.4615,0.1478
input,585,0.0131,-0.0503,0.0015,0.4231
pos,586,-0.3652,-1.5145,1.4658,0.1616
input,586,0.0131,-0.0503,0.0015,0.4231
pos,587,-0.3643,-1.5150,1.4722,0.1560
input,587,0.0108,-0.0499,0.0015,0.4066
pos,588,-0.3638,-1.5148,1.4780,0.1522
input,588,0.0108,-0.0499,0.0015,0.4066
pos,589,-0.3625,-1.5149,1.4873,0.1562
input,589,0.0084,-0.0497,0.0014,0.3891
pos,590,-0.3618,-1.5152,1.4934,0.1546
input,590,0.0084,-0.0497,0.0014,0.3891
pos,591,-0.3611,-1.5151,1.4992,0.1497
input,591,0.0056,-0.0494,0.0014,0.3695
pos,592,-0.3605,-1.5154,1.5028,0.1665
input,592,0.0056,-0.0494,0.0014,0.3695
pos,593,-0.3555,-1.5165,1.5077,0.2547
input,593,0.0025,-0.0492,0.0015,0.3487
pos,594,-0.3591,-1.5158,1.5153,0.1453
input,594,0.0025,-0.0492,0.0015,0.3487
pos,595,-0.3582,-1.5154,1.5208,0.1501
input,595,-0.0008,-0.0497,-0.0007,0.3278
pos,596,-0.3582,-1.5154,1.5208,0.1501
input,596,-0.0008,-0.0497,-0.0007,0.3278
pos,597,-0.3582,-1.5154,1.5208,0.1501
input,597,-0.0037,-0.0492,-0.0003,0.3065
pos,598,-0.3555,-1.5155,1.5385,0.1556
input,598,-0.0037,-0.0492,-0.0003,0.3065
pos,599,-0.3547,-1.5153,1.5444,0.1541
input,599,-0.0057,-0.0486,0.0000,0.2903
pos,600,-0.3538,-1.5157,1.5502,0.1492
input,600,-0.0057,-0.0486,0.0000,0.2903
pos,601,-0.3531,-1.5159,1.5528,0.1486
input,601,-0.0088,-0.0483,0.0002,0.2687
pos,602,-0.3521,-1.5150,1.5614,0.1533
input,602,-0.0088,-0.0483,0.0002,0.2687
pos,603,-0.3516,-1.5159,1.5642,0.1565
input,603,-0.0117,-0.0480,0.0005,0.2490
pos,604,-0.3504,-1.5168,1.5730,0.1389
input,604,-0.0117,-0.0480,0.0005,0.2490
pos,605,-0.3493,-1.5167,1.5781,0.1415
input,605,-0.0143,-0.0477,0.0006,0.2299
pos,606,-0.3486,-1.5158,1.5822,0.1595
input,606,-0.0143,-0.0477,0.0006,0.2299
pos,607,-0.3482,-1.5160,1.5849,0.1560
input,607,-0.0171,-0.0473,0.0013,0.2107
pos,608,-0.3474,-1.5162,1.5875,0.1543
input,608,-0.0171,-0.0473,0.0013,0.2107
pos,609,-0.3461,-1.5170,1.5955,0.1452
input,609,-0.0194,-0.0471,0.0012,0.1941
pos,610,-0.3449,-1.5174,1.6025,0.1382
input,610,-0.0194,-0.0471,0.0012,0.1941
pos,611,-0.3438,-1.5167,1.6051,0.1534
input,611,-0.0214,-0.0468,0.0015,0.1795
pos,612,-0.3438,-1.5167,1.6051,0.1534
input,612,-0.0214,-0.0468,0.0015,0.1795
pos,613,-0.3437,-1.5161,1.6084,-0.1832
input,613,-0.0236,-0.0466,0.0019,0.1644
pos,614,-0.3411,-1.5172,1.6176,0.1472
input,614,-0.0236,-0.0466,0.0019,0.1644
pos,615,-0.3402,-1.5170,1.6214,0.1497
input,615,-0.0254,-0.0449,0.0085,0.1536
pos,616,-0.3396,-1.5174,1.6233,0.1470
input,616,-0.0254,-0.0449,0.0085,0.1536
pos,617,-0.3392,-1.5179,1.6266,0.1333
input,617,-0.0273,-0.0449,0.0084,0.1410
pos,618,-0.3392,-1.5179,1.6266,0.1333
input,618,-0.0273,-0.0449,0.0084,0.1410
pos,619,-0.3387,-1.5162,1.6299,-0.1992
input,619,-0.0273,-0.0449,0.0084,0.1410
pos,620,-0.3367,-1.5182,1.6369,0.1292
input,620,-0.0293,-0.0446,0.0087,0.1269
pos,621,-0.3367,-1.5182,1.6369,0.1292
input,621,-0.0301,-0.0431,0.0153,0.1236
pos,622,-0.3367,-1.5182,1.6369,0.1292
input,622,-0.0301,-0.0431,0.0153,0.1236
pos,623,-0.3338,-1.5182,1.6477,0.1401
input,623,-0.0301,-0.0431,0.0153,0.1236
pos,624,-0.3338,-1.5182,1.6477,0.1401
input,624,-0.0301,-0.0431,0.0153,0.1236
pos,625,-0.3338,-1.5182,1.6477,0.1401
input,625,-0.0324,-0.0431,0.0150,0.1084
pos,626,-0.3338,-1.5182,1.6477,0.1401
input,626,-0.0324,-0.0431,0.0150,0.1084
pos,627,-0.3338,-1.5182,1.6477,0.1401
input,627,-0.0324,-0.0431,0.0150,0.1084
pos,628,-0.3338,-1.5182,1.6477,0.1401
input,628,-0.0324,-0.0431,0.0150,0.1084
pos,629,-0.3338,-1.5182,1.6477,0.1401
input,629,-0.0324,-0.0431,0.0150,0.1084
pos,630,-0.3338,-1.5182,1.6477,0.1401
input,630,-0.0324,-0.0431,0.0150,0.1084
pos,631,-0.3338,-1.5182,1.6477,0.1401
input,631,-0.0324,-0.0431,0.0150,0.1084
pos,632,-0.3291,-1.5168,1.6650,-0.2066
input,632,-0.0324,-0.0431,0.0150,0.1084
pos,633,-0.3291,-1.5168,1.6650,-0.2066
input,633,-0.0324,-0.0431,0.0150,0.1084
pos,634,-0.3291,-1.5168,1.6650,-0.2066
input,634,-0.0342,-0.0418,0.0193,0.0955
pos,635,-0.3291,-1.5168,1.6650,-0.2066
input,635,-0.0352,-0.0406,0.0258,0.0929
pos,636,-0.3249,-1.5193,1.6788,0.1330
input,636,-0.0360,-0.0394,0.0320,0.0908
pos,637,-0.3241,-1.5192,1.6808,0.1313
input,637,-0.0367,-0.0381,0.0380,0.0893
pos,638,-0.3237,-1.5196,1.6817,0.1257
input,638,-0.0367,-0.0381,0.0380,0.0893
pos,639,-0.3230,-1.5186,1.6835,0.1225
input,639,-0.0367,-0.0381,0.0380,0.0893
pos,640,-0.3223,-1.5193,1.6852,0.1330
input,640,-0.0397,-0.0400,0.0347,0.0759
pos,641,-0.3215,-1.5193,1.6874,0.1307
input,641,-0.0397,-0.0400,0.0347,0.0759
pos,642,-0.3215,-1.5193,1.6874,0.1307
input,642,-0.0397,-0.0400,0.0347,0.0759
pos,643,-0.3215,-1.5193,1.6874,0.1307
input,643,-0.0422,-0.0418,0.0319,0.0654
pos,644,-0.3215,-1.5193,1.6874,0.1307
input,644,-0.0422,-0.0418,0.0319,0.0654
pos,645,-0.3207,-1.5194,1.6893,0.1327
input,645,-0.0422,-0.0418,0.0319,0.0654
pos,646,-0.3183,-1.5197,1.6950,0.1280
input,646,-0.0422,-0.0418,0.0319,0.0654
pos,647,-0.3180,-1.5197,1.6959,0.1309
input,647,-0.0440,-0.0434,0.0280,0.0567
pos,648,-0.3180,-1.5197,1.6959,0.1309
input,648,-0.0440,-0.0434,0.0280,0.0567
pos,649,-0.3171,-1.5194,1.6986,0.1295
input,649,-0.0440,-0.0434,0.0280,0.0567
pos,650,-0.3171,-1.5194,1.6986,0.1295
input,650,-0.0458,-0.0447,0.0257,-0.0069
pos,651,-0.3150,-1.5196,1.7024,0.1337
input,651,-0.0464,-0.0453,0.0251,-0.0637
pos,652,-0.3150,-1.5196,1.7024,0.1337
input,652,-0.0466,-0.0459,0.0244,-0.1191
pos,653,-0.3150,-1.5196,1.7024,0.1337
input,653,-0.0470,-0.0466,0.0237,-0.1739
pos,654,-0.3150,-1.5196,1.7024,0.1337
input,654,-0.0470,-0.0472,0.0230,-0.2271
pos,655,-0.3148,-1.5176,1.7012,-0.1894
input,655,-0.0468,-0.0479,0.0224,-0.2786
pos,656,-0.3142,-1.5177,1.7027,-0.1924
input,656,-0.0464,-0.0484,0.0217,-0.3287
pos,657,-0.3139,-1.5175,1.7035,-0.1963
input,657,-0.0461,-0.0477,0.0275,-0.3770
pos,658,-0.3139,-1.5175,1.7035,-0.1963
input,658,-0.0457,-0.0471,0.0330,-0.4243
pos,659,-0.3139,-1.5175,1.7035,-0.1963
input,659,-0.0451,-0.0465,0.0383,-0.4705
pos,660,-0.3112,-1.5196,1.7105,0.1260
input,660,-0.0444,-0.0459,0.0435,-0.5155
pos,661,-0.3096,-1.5191,1.7130,0.1326
input,661,-0.0435,-0.0455,0.0484,-0.5592
pos,662,-0.3096,-1.5191,1.7130,0.1326
input,662,-0.0425,-0.0466,0.0470,-0.6035
pos,663,-0.3096,-1.5191,1.7130,0.1326
input,663,-0.0417,-0.0479,0.0454,-0.6472
pos,664,-0.3088,-1.5191,1.7143,0.1313
input,664,-0.0405,-0.0492,0.0438,-0.6894
pos,665,-0.3088,-1.5191,1.7143,0.1313
input,665,-0.0392,-0.0505,0.0423,-0.7304
pos,666,-0.3075,-1.5190,1.7165,0.1279
input,666,-0.0378,-0.0518,0.0408,-0.7705
pos,667,-0.3075,-1.5190,1.7165,0.1279
input,667,-0.0362,-0.0531,0.0394,-0.8094
pos,668,-0.3075,-1.5190,1.7165,0.1279
input,668,-0.0346,-0.0544,0.0382,-0.8478
pos,669,-0.3075,-1.5190,1.7165,0.1279
input,669,-0.0329,-0.0557,0.0370,-0.8850
pos,670,-0.3075,-1.5190,1.7165,0.1279
input,670,-0.0309,-0.0570,0.0358,-0.9211
pos,671,-0.3075,-1.5190,1.7165,0.1279
input,671,-0.0288,-0.0583,0.0347,-0.9562
pos,672,-0.3075,-1.5190,1.7165,0.1279
input,672,-0.0266,-0.0595,0.0336,-0.9903
pos,673,-0.3075,-1.5190,1.7165,0.1279
input,673,-0.0243,-0.0608,0.0326,-1.0000
pos,674,-0.3075,-1.5190,1.7165,0.1279
input,674,-0.0218,-0.0620,0.0316,-1.0000
pos,675,-0.3075,-1.5190,1.7165,0.1279
input,675,-0.0193,-0.0631,0.0307,-1.0000
pos,676,-0.3080,-1.5171,1.7127,-0.1928
input,676,-0.0193,-0.0631,0.0307,-1.0000
pos,677,-0.3080,-1.5171,1.7127,-0.1928
input,677,-0.0143,-0.0654,0.0289,-1.0000
pos,678,-0.3080,-1.5171,1.7127,-0.1928
input,678,-0.0143,-0.0654,0.0289,-1.0000
pos,679,-0.3080,-1.5171,1.7127,-0.1928
input,679,-0.0143,-0.0654,0.0289,-1.0000
pos,680,-0.3027,-1.5167,1.7203,-0.1865
input,680,-0.0039,-0.0238,0.0103,-0.3679
pos,681,-0.2991,-1.5173,1.7279,0.1416
input,681,-0.0010,-0.0087,0.0037,-0.1353
pos,682,-0.2994,-1.5154,1.7246,-0.1858
input,682,-0.0000,-0.0086,0.0059,-0.1353
pos,683,-0.2992,-1.5149,1.7246,-0.1889
input,683,-0.0072,-0.0648,0.0455,-1.0000
pos,684,-0.2986,-1.5148,1.7258,-0.1924
input,684,-0.0112,-0.0701,0.0603,-1.0000
pos,685,-0.2961,-1.5161,1.7323,0.1351
input,685,-0.0112,-0.0701,0.0603,-1.0000
pos,686,-0.2954,-1.5161,1.7335,0.1292
input,686,-0.0112,-0.0701,0.0603,-1.0000
pos,687,-0.2947,-1.5158,1.7344,0.1252
input,687,-0.0112,-0.0701,0.0603,-1.0000
pos,688,-0.2942,-1.5152,1.7349,0.1262
input,688,-0.0112,-0.0701,0.0603,-1.0000
pos,689,-0.2935,-1.5149,1.7358,0.1291
input,689,-0.0112,-0.0701,0.0603,-1.0000
pos,690,-0.2927,-1.5142,1.7369,0.1338
input,690,-0.0112,-0.0701,0.0603,-1.0000
pos,691,-0.2927,-1.5142,1.7369,0.1338
input,691,-0.0112,-0.0701,0.0603,-1.0000
pos,692,-0.2916,-1.5138,1.7384,0.1309
input,692,-0.0112,-0.0701,0.0603,-1.0000
pos,693,-0.2906,-1.5126,1.7393,0.1267
input,693,-0.0020,-0.0862,0.0532,-1.0000
pos,694,-0.2904,-1.5128,1.7396,0.1301
input,694,0.0006,-0.0315,0.0192,-0.3679
pos,695,-0.2902,-1.5129,1.7399,0.1232
input,695,0.0007,-0.0115,0.0069,-0.1353
pos,696,-0.2906,-1.5100,1.7361,-0.1913
input,696,-0.0020,-0.0862,0.0532,-1.0000
pos,697,-0.2906,-1.5100,1.7361,-0.1913
input,697,-0.0020,-0.0862,0.0532,-1.0000
pos,698,-0.2896,-1.5094,1.7371,-0.1920
input,698,-0.0020,-0.0862,0.0532,-1.0000
pos,699,-0.2871,-1.5114,1.7435,0.1175
input,699,-0.0020,-0.0862,0.0532,-1.0000
pos,700,-0.2866,-1.5099,1.7439,0.1285
input,700,-0.0020,-0.0862,0.0532,-1.0000
pos,701,-0.2864,-1.5097,1.7445,0.1245
input,701,-0.0020,-0.0862,0.0532,-1.0000
pos,702,-0.2858,-1.5091,1.7450,0.1300
input,702,-0.0020,-0.0862,0.0532,-1.0000
pos,703,-0.2851,-1.5087,1.7457,0.1321
input,703,-0.0020,-0.0862,0.0532,-1.0000
pos,704,-0.2851,-1.5087,1.7457,0.1321
input,704,-0.0020,-0.0862,0.0532,-1.0000
pos,705,-0.2851,-1.5087,1.7457,0.1321
input,705,-0.0061,-0.1024,0.0518,-1.0000
pos,706,-0.2841,-1.5079,1.7467,0.1299
input,706,-0.0009,-0.0374,0.0186,-0.3679
pos,707,-0.2855,-1.5058,1.7414,-0.1857
input,707,0.0002,-0.0136,0.0067,-0.1353
pos,708,-0.2853,-1.5058,1.7418,-0.1866
input,708,-0.0061,-0.1024,0.0518,-1.0000
pos,709,-0.2851,-1.5055,1.7417,-0.1854
input,709,-0.0061,-0.1024,0.0518,-1.0000
pos,710,-0.2830,-1.5064,1.7477,0.1288
input,710,-0.0061,-0.1024,0.0518,-1.0000
pos,711,-0.2827,-1.5059,1.7478,0.1282
input,711,-0.0061,-0.1024,0.0518,-1.0000
pos,712,-0.2822,-1.5059,1.7480,0.1279
input,712,-0.0061,-0.1024,0.0518,-1.0000
pos,713,-0.2821,-1.5052,1.7481,0.1311
input,713,-0.0061,-0.1024,0.0518,-1.0000
pos,714,-0.2821,-1.5052,1.7481,0.1311
input,714,-0.0061,-0.1024,0.0518,-1.0000
pos,715,-0.2836,-1.5027,1.7427,-0.1887
input,715,-0.0061,-0.1024,0.0518,-1.0000
pos,716,-0.2819,-1.5040,1.7482,0.1297
input,716,-0.0061,-0.1024,0.0518,-1.0000
pos,717,-0.2819,-1.5038,1.7484,0.1278
input,717,-0.0061,-0.1024,0.0518,-1.0000
pos,718,-0.2818,-1.5037,1.7483,0.1203
input,718,-0.0061,-0.1024,0.0518,-1.0000
pos,719,-0.2817,-1.5031,1.7482,0.1274
input,719,-0.0061,-0.1024,0.0518,-1.0000
pos,720,-0.2817,-1.5025,1.7481,0.1290
input,720,-0.0061,-0.1024,0.0518,-1.0000
pos,721,-0.2817,-1.5027,1.7480,0.1233
input,721,-0.0061,-0.1024,0.0518,-1.0000
pos,722,-0.2816,-1.5017,1.7475,0.1297
input,722,-0.0061,-0.1024,0.0518,-1.0000
pos,723,-0.2817,-1.5014,1.7458,0.1199
input,723,-0.0061,-0.1024,0.0518,-1.0000
pos,724,-0.2816,-1.5008,1.7443,0.1259
input,724,-0.0061,-0.1024,0.0518,-1.0000
pos,725,-0.2815,-1.5002,1.7403,0.1277
input,725,-0.0061,-0.1024,0.0518,-1.0000
pos,726,-0.2812,-1.5006,1.7366,0.1216
input,726,-0.0061,-0.1024,0.0518,-1.0000
pos,727,-0.2811,-1.5004,1.7322,0.1206
input,727,-0.0005,-0.1060,0.0370,-1.0000
pos,728,-0.2817,-1.4997,1.7297,0.1191
input,728,0.0011,-0.0387,0.0132,-0.3679
pos,729,-0.2815,-1.4985,1.7209,0.1333
input,729,0.0009,-0.0141,0.0047,-0.1353
pos,730,-0.2831,-1.4968,1.7121,-0.1914
input,730,-0.0005,-0.1060,0.0370,-1.0000
pos,731,-0.2832,-1.4964,1.7049,-0.1889
input,731,-0.0005,-0.1060,0.0370,-1.0000
pos,732,-0.2811,-1.4973,1.6995,0.1431
input,732,-0.0005,-0.1060,0.0370,-1.0000
pos,733,-0.2812,-1.4972,1.6908,0.1307
input,733,-0.0005,-0.1060,0.0370,-1.0000
pos,734,-0.2811,-1.4974,1.6870,0.1340
input,734,-0.0005,-0.1060,0.0370,-1.0000
pos,735,-0.2808,-1.4964,1.6735,0.1428
input,735,-0.0005,-0.1060,0.0370,-1.0000
pos,736,-0.2807,-1.4963,1.6638,0.1407
input,736,-0.0005,-0.1060,0.0370,-1.0000
pos,737,-0.2789,-1.4956,1.6582,0.1311
input,737,-0.0005,-0.1060,0.0370,-1.0000
pos,738,-0.2806,-1.4958,1.6484,0.1381
input,738,0.0151,-0.1084,0.0360,-1.0000
pos,739,-0.2804,-1.4960,1.6377,0.1367
input,739,0.0151,-0.1084,0.0360,-1.0000
pos,740,-0.2802,-1.4958,1.6264,0.1361
input,740,0.0151,-0.1084,0.0360,-1.0000
pos,741,-0.2799,-1.4957,1.6081,0.1367
input,741,0.0151,-0.1084,0.0360,-1.0000
pos,742,-0.2798,-1.4960,1.5968,0.1333
input,742,0.0151,-0.1084,0.0360,-1.0000
pos,743,-0.2797,-1.4957,1.5903,0.1461
input,743,0.0068,-0.0395,0.0128,-0.3679
pos,744,-0.2794,-1.4948,1.5764,0.1481
input,744,0.0030,-0.0144,0.0046,-0.1353
pos,745,-0.2789,-1.4949,1.5628,0.1568
input,745,0.0309,-0.1130,0.0290,-1.0000
pos,746,-0.2785,-1.4947,1.5488,0.1506
input,746,0.0309,-0.1130,0.0290,-1.0000
pos,747,-0.2784,-1.4955,1.5352,0.1363
input,747,0.0309,-0.1130,0.0290,-1.0000
pos,748,-0.2781,-1.4951,1.5204,0.1396
input,748,0.0413,-0.1222,0.0239,-1.0000
pos,749,-0.2773,-1.4958,1.4990,0.1338
input,749,0.0413,-0.1222,0.0239,-1.0000
pos,750,-0.2766,-1.4948,1.4841,0.1467
input,750,0.0413,-0.1222,0.0239,-1.0000
pos,751,-0.2765,-1.4946,1.4765,0.1541
input,751,0.0413,-0.1222,0.0239,-1.0000
pos,752,-0.2758,-1.4947,1.4621,0.1551
input,752,0.0555,-0.1288,0.0208,-1.0000
pos,753,-0.2751,-1.4946,1.4400,0.1463
input,753,0.0555,-0.1288,0.0208,-1.0000
pos,754,-0.2744,-1.4942,1.4249,0.1534
input,754,0.0624,-0.1327,0.0190,-1.0000
pos,755,-0.2739,-1.4946,1.4179,0.1442
input,755,0.0660,-0.1347,0.0184,-1.0000
pos,756,-0.2728,-1.4941,1.3949,0.1567
input,756,0.0696,-0.1368,0.0174,-0.9771
pos,757,-0.2680,-1.4955,1.3800,0.2468
input,757,0.0728,-0.1387,0.0166,-0.9412
pos,758,-0.2716,-1.4940,1.3651,0.1538
input,758,0.0761,-0.1408,0.0158,-0.9029
pos,759,-0.2710,-1.4948,1.3520,0.1486
input,759,0.0787,-0.1435,0.0132,-0.8650
pos,760,-0.2708,-1.4945,1.3430,0.1449
input,760,0.0820,-0.1453,0.0126,-0.8261
pos,761,-0.2697,-1.4943,1.3283,0.1432
input,761,0.0853,-0.1468,0.0121,-0.7865
pos,762,-0.2686,-1.4934,1.3053,0.1479
input,762,0.0883,-0.1481,0.0117,-0.7496
pos,763,-0.2673,-1.4938,1.2912,0.1487
input,763,0.0909,-0.1496,0.0113,-0.7133
pos,764,-0.2674,-1.4931,1.2835,0.1472
input,764,0.0937,-0.1512,0.0109,-0.6750
pos,765,-0.2653,-1.4923,1.2619,0.1489
input,765,0.0960,-0.1528,0.0105,-0.6383
pos,766,-0.2652,-1.4923,1.2549,0.1439
input,766,0.0980,-0.1542,0.0101,-0.6048
pos,767,-0.2636,-1.4917,1.2409,0.1509
input,767,0.0999,-0.1559,0.0097,-0.5700
pos,768,-0.2627,-1.4906,1.2264,0.1455
input,768,0.1014,-0.1574,0.0095,-0.5385
pos,769,-0.2606,-1.4899,1.2060,0.1519
input,769,0.1026,-0.1590,0.0091,-0.5079
pos,770,-0.2597,-1.4897,1.1928,0.1445
input,770,0.1038,-0.1605,0.0089,-0.4781
pos,771,-0.2584,-1.4882,1.1794,0.1582
input,771,0.1050,-0.1622,0.0086,-0.4473
pos,772,-0.2575,-1.4880,1.1731,0.1581
input,772,0.1060,-0.1637,0.0084,-0.4179
pos,773,-0.2553,-1.4868,1.1537,0.1531
input,773,0.1068,-0.1653,0.0080,-0.3897
pos,774,-0.2548,-1.4862,1.1477,0.1621
input,774,0.1073,-0.1668,0.0076,-0.3649
pos,775,-0.2532,-1.4853,1.1355,0.1598
input,775,0.1081,-0.1683,0.0073,-0.3375
pos,776,-0.2508,-1.4836,1.1170,0.1504
input,776,0.1089,-0.1695,0.0069,-0.3115
pos,777,-0.2502,-1.4829,1.1111,0.1569
input,777,0.1095,-0.1707,0.0065,-0.2870
pos,778,-0.2475,-1.4812,1.0943,0.1544
input,778,0.1101,-0.1720,0.0063,-0.2619
pos,779,-0.2456,-1.4802,1.0840,0.1513
input,779,0.1104,-0.1732,0.0060,-0.2402
pos,780,-0.2442,-1.4784,1.0734,0.1497
input,780,0.1108,-0.1746,0.0058,-0.2183
pos,781,-0.2423,-1.4767,1.0637,0.1511
input,781,0.1109,-0.1761,0.0057,-0.1982
pos,782,-0.2417,-1.4760,1.0581,0.1472
input,782,0.1110,-0.1775,0.0057,-0.1797
pos,783,-0.2381,-1.4738,1.0451,0.1427
input,783,0.1111,-0.1790,0.0057,-0.1628
pos,784,-0.2373,-1.4730,1.0405,0.1527
input,784,0.1109,-0.1804,0.0057,-0.1487
pos,785,-0.2355,-1.4712,1.0321,0.1538
input,785,0.1109,-0.1820,0.0058,-0.1334
pos,786,-0.2322,-1.4694,1.0202,0.1503
input,786,0.1107,-0.1835,0.0057,-0.1204
pos,787,-0.2318,-1.4645,1.0129,0.2445
input,787,0.1107,-0.1835,0.0057,-0.1204
pos,788,-0.2281,-1.4658,1.0055,0.1611
input,788,0.1100,-0.1868,0.0056,-0.1007
pos,789,-0.2260,-1.4637,0.9986,0.1538
input,789,0.1100,-0.1868,0.0056,-0.1007
pos,790,-0.2246,-1.4633,0.9957,0.1592
input,790,0.1094,-0.1907,0.0036,-0.0844
pos,791,-0.2224,-1.4616,0.9896,0.1567
input,791,0.1094,-0.1907,0.0036,-0.0844
pos,792,-0.2198,-1.4592,0.9841,0.1605
input,792,0.1085,-0.1943,0.0036,-0.0730
pos,793,-0.2170,-1.4573,0.9790,0.1499
input,793,0.1085,-0.1943,0.0036,-0.0730
pos,794,-0.2149,-1.4551,0.9739,0.1444
input,794,0.1085,-0.1943,0.0036,-0.0730
pos,795,-0.2114,-1.4520,0.9663,0.1485
input,795,0.1071,-0.2000,0.0037,-0.0625
pos,796,-0.2095,-1.4510,0.9637,0.1587
input,796,0.1071,-0.2000,0.0037,-0.0625
pos,797,-0.2074,-1.4492,0.9602,0.1563
input,797,0.1071,-0.2000,0.0037,-0.0625
pos,798,-0.2034,-1.4460,0.9546,0.1556
input,798,0.1064,-0.2063,0.0044,-0.0549
pos,799,-0.2023,-1.4448,0.9529,0.1466
input,799,0.1064,-0.2063,0.0044,-0.0549
pos,800,-0.1992,-1.4422,0.9494,0.1636
input,800,0.1064,-0.2063,0.0044,-0.0549
pos,801,-0.1972,-1.4408,0.9460,0.1527
input,801,0.1061,-0.2128,0.0049,-0.0494
pos,802,-0.1931,-1.4338,0.9388,0.2364
input,802,0.1061,-0.2128,0.0049,-0.0494
pos,803,-0.1919,-1.4364,0.9403,0.1523
input,803,0.1061,-0.2128,0.0049,-0.0494
pos,804,-0.1890,-1.4344,0.9381,0.1512
input,804,0.1065,-0.2199,0.0037,-0.0463
pos,805,-0.1861,-1.4320,0.9360,0.1456
input,805,0.1065,-0.2199,0.0037,-0.0463
pos,806,-0.1832,-1.4306,0.9340,0.1617
input,806,0.1065,-0.2199,0.0037,-0.0463
pos,807,-0.1807,-1.4281,0.9323,0.1534
input,807,0.1069,-0.2266,0.0047,-0.0455
pos,808,-0.1767,-1.4253,0.9299,0.1413
input,808,0.1069,-0.2266,0.0047,-0.0455
pos,809,-0.1749,-1.4235,0.9291,0.1513
input,809,0.1069,-0.2266,0.0047,-0.0455
pos,810,-0.1711,-1.4207,0.9272,0.1437
input,810,0.1074,-0.2336,0.0055,-0.0452
pos,811,-0.1634,-1.4193,0.9254,0.2524
input,811,0.1074,-0.2336,0.0055,-0.0452
pos,812,-0.1668,-1.4177,0.9253,0.1493
input,812,0.1074,-0.2336,0.0055,-0.0452
pos,813,-0.1627,-1.4147,0.9237,0.1519
input,813,0.1076,-0.2418,0.0046,-0.0449
pos,814,-0.1614,-1.4134,0.9232,0.1494
input,814,0.1076,-0.2418,0.0046,-0.0449
pos,815,-0.1587,-1.4114,0.9225,0.1476
input,815,0.1076,-0.2418,0.0046,-0.0449
pos,816,-0.1534,-1.4089,0.9227,0.1422
input,816,0.1076,-0.2418,0.0046,-0.0449
pos,817,-0.1526,-1.4075,0.9218,0.1538
input,817,0.1094,-0.2508,0.0061,-0.0446
pos,818,-0.1485,-1.4040,0.9208,0.1551
input,818,0.1094,-0.2508,0.0061,-0.0446
pos,819,-0.1470,-1.4028,0.9208,0.1500
input,819,0.1094,-0.2508,0.0061,-0.0446
pos,820,-0.1424,-1.3998,0.9205,0.1518
input,820,0.1107,-0.2580,0.0072,-0.0450
pos,821,-0.1395,-1.3979,0.9205,0.1485
input,821,0.1107,-0.2580,0.0072,-0.0450
pos,822,-0.1366,-1.3952,0.9206,0.1510
input,822,0.1107,-0.2580,0.0072,-0.0450
pos,823,-0.1338,-1.3932,0.9205,0.1490
input,823,0.1120,-0.2653,0.0082,-0.0454
pos,824,-0.1310,-1.3909,0.9207,0.1490
input,824,0.1120,-0.2653,0.0082,-0.0454
pos,825,-0.1310,-1.3909,0.9207,0.1490
input,825,0.1120,-0.2653,0.0082,-0.0454
pos,826,-0.1278,-1.3888,0.9207,0.1571
input,826,0.1134,-0.2728,0.0092,-0.0464
pos,827,-0.1235,-1.3851,0.9210,0.1455
input,827,0.1134,-0.2728,0.0092,-0.0464
pos,828,-0.1206,-1.3832,0.9216,0.1554
input,828,0.1134,-0.2728,0.0092,-0.0464
pos,829,-0.1171,-1.3809,0.9224,0.1470
input,829,0.1150,-0.2794,-0.0195,-0.0476
pos,830,-0.1142,-1.3786,0.9226,0.1548
input,830,0.1154,-0.2819,-0.0478,-0.0484
pos,831,-0.1110,-1.3765,0.9235,0.1491
input,831,0.1158,-0.2842,-0.0754,-0.0492
pos,832,-0.1076,-1.3738,0.9238,0.1613
input,832,0.1161,-0.2865,-0.1024,-0.0500
pos,833,-0.1039,-1.3711,0.9259,0.1489
input,833,0.1164,-0.2886,-0.1286,-0.0509
pos,834,-0.1021,-1.3693,0.9246,0.1541
input,834,0.1167,-0.2907,-0.1544,-0.0519
pos,835,-0.0969,-1.3658,0.9258,0.1526
input,835,0.1170,-0.2927,-0.1791,-0.0533
pos,836,-0.0932,-1.3638,0.9268,0.1625
input,836,0.1173,-0.2944,-0.2033,-0.0542
pos,837,-0.0919,-1.3623,0.9269,0.1515
input,837,0.1176,-0.2962,-0.2268,-0.0553
pos,838,-0.0884,-1.3601,0.9276,0.1538
input,838,0.1177,-0.2980,-0.2498,-0.0565
pos,839,-0.0849,-1.3576,0.9284,0.1452
input,839,0.1180,-0.2994,-0.2720,-0.0577
pos,840,-0.0814,-1.3551,0.9288,0.1554
input,840,0.1182,-0.3007,-0.2937,-0.0589
pos,841,-0.0778,-1.3525,0.9298,0.1474
input,841,0.1184,-0.3019,-0.3146,-0.0601
pos,842,-0.0736,-1.3501,0.9306,0.1499
input,842,0.1186,-0.3030,-0.3352,-0.0613
pos,843,-0.0680,-1.3463,0.9313,0.1505
input,843,0.1187,-0.3040,-0.3550,-0.0627
pos,844,-0.0659,-1.3449,0.9326,0.1458
input,844,0.1188,-0.3050,-0.3743,-0.0641
pos,845,-0.0620,-1.3426,0.9333,0.1411
input,845,0.1187,-0.3063,-0.3931,-0.0655
pos,846,-0.0556,-1.3389,0.9348,0.1371
input,846,0.1187,-0.3071,-0.4112,-0.0670
pos,847,-0.0540,-1.3379,0.9350,0.1255
input,847,0.1186,-0.3078,-0.4288,-0.0685
pos,848,-0.0474,-1.3336,0.9364,0.1261
input,848,0.1184,-0.3088,-0.4459,-0.0703
pos,849,-0.0431,-1.3315,0.9381,0.1037
input,849,0.1183,-0.3092,-0.4622,-0.0718
pos,850,-0.0384,-1.3289,0.9383,0.1077
input,850,0.1180,-0.3100,-0.4781,-0.0735
pos,851,-0.0345,-1.3255,0.9390,0.1084
input,851,0.1177,-0.3105,-0.4931,-0.0755
pos,852,-0.0322,-1.3242,0.9399,0.1068
input,852,0.1173,-0.3109,-0.5078,-0.0772
pos,853,-0.0280,-1.3219,0.9409,0.0870
input,853,0.1169,-0.3112,-0.5221,-0.0788
pos,854,-0.0225,-1.3207,0.9437,0.0511
input,854,0.1166,-0.3111,-0.5360,-0.0805
pos,855,-0.0156,-1.3167,0.9450,0.0514
input,855,0.1162,-0.3107,-0.5492,-0.0822
pos,856,-0.0108,-1.3131,0.9466,0.0446
input,856,0.1162,-0.3107,-0.5492,-0.0822
pos,857,-0.0036,-1.3126,0.9442,1.9445
input,857,0.1149,-0.3097,-0.5733,-0.0867
pos,858,0.0009,-1.3109,0.9463,1.9568
input,858,0.1149,-0.3097,-0.5733,-0.0867
pos,859,0.0029,-1.3050,0.9497,0.0278
input,859,0.1129,-0.3088,-0.5960,-0.0904
pos,860,0.0080,-1.3037,0.9520,0.0011
input,860,0.1129,-0.3088,-0.5960,-0.0904
pos,861,0.0080,-1.3037,0.9520,0.0011
input,861,0.1129,-0.3088,-0.5960,-0.0904
pos,862,0.0161,-1.3003,0.9550,-0.0386
input,862,0.0415,-0.1099,-0.2178,-0.0320
pos,863,0.0257,-1.2972,0.9557,-0.1450
input,863,0.0402,-0.1084,-0.2077,-0.0344
pos,864,0.0268,-1.2941,0.9575,-0.0561
input,864,0.0402,-0.1084,-0.2077,-0.0344
pos,865,0.0317,-1.2917,0.9594,-0.0785
input,865,0.1044,-0.3144,-0.5496,-0.1046
pos,866,0.0394,-1.2875,0.9616,-0.0984
input,866,0.1003,-0.3167,-0.5174,-0.1105
pos,867,0.0420,-1.2871,0.9625,-0.0843
input,867,0.0996,-0.3141,-0.4985,-0.1125
pos,868,0.0504,-1.2826,0.9653,-0.1156
input,868,0.0986,-0.3120,-0.4800,-0.1153
pos,869,0.0556,-1.2797,0.9673,-0.1047
input,869,0.0975,-0.3098,-0.4626,-0.1178
pos,870,0.0610,-1.2776,0.9690,-0.1017
input,870,0.0961,-0.3079,-0.4452,-0.1206
pos,871,0.0642,-1.2811,0.9705,-0.2024
input,871,0.0947,-0.3062,-0.4285,-0.1235
pos,872,0.0690,-1.2721,0.9717,-0.1319
input,872,0.0931,-0.3047,-0.4125,-0.1263
pos,873,0.0773,-1.2685,0.9747,-0.1454
input,873,0.0912,-0.3022,-0.3952,-0.1290
pos,874,0.0801,-1.2671,0.9758,-0.1512
input,874,0.0898,-0.3004,-0.3798,-0.1315
pos,875,0.0855,-1.2644,0.9778,-0.1639
input,875,0.0881,-0.2990,-0.3648,-0.1345
pos,876,0.0912,-1.2627,0.9797,-0.1492
input,876,0.0881,-0.2990,-0.3648,-0.1345
pos,877,0.0953,-1.2553,0.9745,0.1447
input,877,0.0843,-0.2958,-0.3355,-0.1404
pos,878,0.1048,-1.2554,0.9838,-0.2028
input,878,0.0843,-0.2958,-0.3355,-0.1404
pos,879,0.1101,-1.2528,0.9853,-0.2161
input,879,0.0812,-0.2960,-0.3151,-0.1440
pos,880,0.1154,-1.2504,0.9866,-0.2112
input,880,0.0812,-0.2960,-0.3151,-0.1440
pos,881,0.1185,-1.2495,0.9877,-0.2154
input,881,0.0764,-0.2934,-0.2877,-0.1501
pos,882,0.1209,-1.2482,0.9881,-0.2203
input,882,0.0764,-0.2934,-0.2877,-0.1501
pos,883,0.1295,-1.2449,0.9904,-0.2398
input,883,0.0717,-0.2908,-0.2628,-0.1551
pos,884,0.1357,-1.2424,0.9918,-0.2317
input,884,0.0717,-0.2908,-0.2628,-0.1551
pos,885,0.1467,-1.2402,0.9924,-0.3189
input,885,0.0672,-0.2881,-0.2395,-0.1593
pos,886,0.1467,-1.2402,0.9924,-0.3189
input,886,0.0672,-0.2881,-0.2395,-0.1593
pos,887,0.1461,-1.2382,0.9941,-0.2567
input,887,0.0615,-0.2863,-0.2167,-0.1633
pos,888,0.1461,-1.2382,0.9941,-0.2567
input,888,0.0615,-0.2863,-0.2167,-0.1633
pos,889,0.1638,-1.2321,0.9972,-0.2686
input,889,0.0568,-0.2837,-0.1956,-0.1658
pos,890,0.1697,-1.2302,0.9981,-0.2608
input,890,0.0568,-0.2837,-0.1956,-0.1658
pos,891,0.1725,-1.2290,0.9984,-0.2657
input,891,0.0523,-0.2824,-0.1781,-0.1683
pos,892,0.1833,-1.2264,0.9993,-0.2058
input,892,0.0523,-0.2824,-0.1781,-0.1683
pos,893,0.1833,-1.2264,0.9993,-0.2058
input,893,0.0523,-0.2824,-0.1781,-0.1683
pos,894,0.1940,-1.2228,1.0005,-0.2754
input,894,0.0440,-0.2846,-0.1560,-0.1722
pos,895,0.2001,-1.2213,1.0010,-0.2824
input,895,0.0440,-0.2846,-0.1560,-0.1722
pos,896,0.2030,-1.2208,1.0013,-0.2846
input,896,0.0440,-0.2846,-0.1560,-0.1722
pos,897,0.2129,-1.2183,1.0016,-0.2819
input,897,0.0378,-0.2860,-0.1363,-0.1724
pos,898,0.2220,-1.2154,1.0018,-0.2897
input,898,0.0378,-0.2860,-0.1363,-0.1724
pos,899,0.2254,-1.2152,1.0017,-0.2869
input,899,0.0378,-0.2860,-0.1363,-0.1724
pos,900,0.2349,-1.2128,1.0021,-0.2809
input,900,0.0306,-0.2890,-0.1181,-0.1722
pos,901,0.2383,-1.2125,1.0018,-0.2907
input,901,0.0306,-0.2890,-0.1181,-0.1722
pos,902,0.2449,-1.2115,1.0019,-0.3154
input,902,0.0306,-0.2890,-0.1181,-0.1722
pos,903,0.2514,-1.2106,1.0018,-0.3160
input,903,0.0306,-0.2890,-0.1181,-0.1722
pos,904,0.2574,-1.2092,1.0012,-0.3076
input,904,0.0201,-0.2963,-0.0976,-0.1705
pos,905,0.2675,-1.2068,1.0010,-0.3082
input,905,0.0201,-0.2963,-0.0976,-0.1705
pos,906,0.2740,-1.2057,1.0002,-0.2987
input,906,0.0201,-0.2963,-0.0976,-0.1705
pos,907,0.2740,-1.2057,1.0002,-0.2987
input,907,0.0201,-0.2963,-0.0976,-0.1705
pos,908,0.2838,-1.2046,0.9999,-0.3069
input,908,0.0099,-0.3061,-0.0803,-0.1655
pos,909,0.2907,-1.2031,0.9993,-0.2990
input,909,0.0099,-0.3061,-0.0803,-0.1655
pos,910,0.2980,-1.2040,0.9991,-0.3011
input,910,0.0099,-0.3061,-0.0803,-0.1655
pos,911,0.2980,-1.2040,0.9991,-0.3011
input,911,0.0038,-0.3142,-0.0402,-0.1600
pos,912,0.3117,-1.2014,0.9972,-0.3177
input,912,0.0026,-0.3171,-0.0075,-0.1570
pos,913,0.3117,-1.2014,0.9972,-0.3177
input,913,0.0018,-0.3202,0.0239,-0.1559
pos,914,0.3215,-1.2011,0.9961,-0.3148
input,914,0.0008,-0.3245,0.0546,-0.1546
pos,915,0.3348,-1.1990,0.9940,-0.3156
input,915,0.0004,-0.3288,0.0846,-0.1533
pos,916,0.3420,-1.1986,0.9922,-0.3052
input,916,-0.0002,-0.3342,0.1135,-0.1521
pos,917,0.3446,-1.1986,0.9924,-0.3096
input,917,-0.0008,-0.3410,0.1419,-0.1504
pos,918,0.3515,-1.1975,0.9912,-0.3096
input,918,-0.0012,-0.3485,0.1695,-0.1485
pos,919,0.3585,-1.1979,0.9905,-0.3097
input,919,-0.0012,-0.3560,0.1964,-0.1469
pos,920,0.3654,-1.1970,0.9889,-0.3076
input,920,-0.0009,-0.3641,0.2225,-0.1453
pos,921,0.3691,-1.1971,0.9882,-0.3045
input,921,-0.0006,-0.3728,0.2478,-0.1439
pos,922,0.3691,-1.1971,0.9882,-0.3045
input,922,0.0001,-0.3821,0.2725,-0.1423
pos,923,0.3877,-1.1977,0.9852,-0.3113
input,923,0.0012,-0.3915,0.2964,-0.1409
pos,924,0.3946,-1.1974,0.9841,-0.3210
input,924,0.0029,-0.4007,0.3195,-0.1399
pos,925,0.4047,-1.1978,0.9821,-0.3027
input,925,0.0038,-0.4117,0.3421,-0.1386
pos,926,0.4078,-1.1972,0.9812,-0.3043
input,926,0.0048,-0.4229,0.3645,-0.1369
pos,927,0.4154,-1.1978,0.9799,-0.3011
input,927,0.0059,-0.4352,0.3859,-0.1351
pos,928,0.4191,-1.1974,0.9792,-0.2927
input,928,0.0075,-0.4473,0.4067,-0.1335
pos,929,0.4299,-1.1976,0.9768,-0.2891
input,929,0.0092,-0.4598,0.4268,-0.1319
pos,930,0.4378,-1.1978,0.9757,-0.2730
input,930,0.0112,-0.4724,0.4462,-0.1305
pos,931,0.4451,-1.1980,0.9743,-0.2788
input,931,0.0132,-0.4858,0.4648,-0.1290
pos,932,0.4525,-1.1990,0.9730,-0.2692
input,932,0.0152,-0.4997,0.4826,-0.1275
pos,933,0.4602,-1.1993,0.9717,-0.2395
input,933,0.0172,-0.5138,0.5000,-0.1260
pos,934,0.4722,-1.2017,0.9701,-0.2271
input,934,0.0172,-0.5138,0.5000,-0.1260
pos,935,0.4802,-1.2018,0.9684,-0.2121
input,935,0.0207,-0.5435,0.5294,-0.1221
pos,936,0.4874,-1.2003,0.9668,-0.2137
input,936,0.0226,-0.5588,0.5470,-0.1212
pos,937,0.4917,-1.2013,0.9661,-0.2163
input,937,0.0226,-0.5588,0.5470,-0.1212
pos,938,0.4997,-1.2015,0.9644,-0.2028
input,938,0.0256,-0.5910,0.5719,-0.1168
pos,939,0.5080,-1.2022,0.9632,-0.1888
input,939,0.0256,-0.5910,0.5719,-0.1168
pos,940,0.5120,-1.2024,0.9623,-0.1831
input,940,0.0294,-0.6218,0.5976,-0.1132
pos,941,0.5120,-1.2024,0.9623,-0.1831
input,941,0.0294,-0.6218,0.5976,-0.1132
pos,942,0.5337,-1.2057,0.9588,-0.1528
input,942,0.0329,-0.6524,0.6202,-0.1100
pos,943,0.5419,-1.2063,0.9573,-0.1539
input,943,0.0329,-0.6524,0.6202,-0.1100
pos,944,0.5515,-1.2075,0.9562,-0.1273
input,944,0.0359,-0.6823,0.6400,-0.1068
pos,945,0.5560,-1.2070,0.9550,-0.1551
input,945,0.0359,-0.6823,0.6400,-0.1068
pos,946,0.5560,-1.2070,0.9550,-0.1551
input,946,0.0365,-0.7138,0.6569,-0.1027
pos,947,0.5837,-1.2105,0.9512,-0.0751
input,947,0.0365,-0.7138,0.6569,-0.1027
pos,948,0.5878,-1.2101,0.9500,-0.0749
input,948,0.0376,-0.7416,0.6733,-0.0983
pos,949,0.5878,-1.2101,0.9500,-0.0749
input,949,0.0376,-0.7416,0.6733,-0.0983
pos,950,0.5878,-1.2101,0.9500,-0.0749
input,950,0.0348,-0.7726,0.6843,-0.0931
pos,951,0.5878,-1.2101,0.9500,-0.0749
input,951,0.0345,-0.7856,0.6625,-0.0897
pos,952,0.5878,-1.2101,0.9500,-0.0749
input,952,0.0340,-0.7975,0.6388,-0.0877
pos,953,0.6386,-1.2140,0.9421,0.0088
input,953,0.0338,-0.8074,0.6152,-0.0858
pos,954,0.6386,-1.2140,0.9421,0.0088
input,954,0.0337,-0.8156,0.5921,-0.0844
pos,955,0.6652,-1.2162,0.9377,0.0418
input,955,0.0294,-0.8291,0.5677,-0.0812
pos,956,0.6707,-1.2168,0.9366,0.0467
input,956,0.0256,-0.8403,0.5448,-0.0771
pos,957,0.6824,-1.2177,0.9357,0.0580
input,957,0.0200,-0.8528,0.5215,-0.0724
pos,958,0.6938,-1.2190,0.9337,0.0716
input,958,0.0146,-0.8637,0.4992,-0.0674
pos,959,0.6996,-1.2168,0.9310,0.0820
input,959,0.0088,-0.8738,0.4771,-0.0627
pos,960,0.6996,-1.2168,0.9310,0.0820
input,960,0.0025,-0.8832,0.4555,-0.0579
pos,961,0.7237,-1.2207,0.9302,0.0963
input,961,-0.0032,-0.8913,0.4344,-0.0529
pos,962,0.7237,-1.2207,0.9302,0.0963
input,962,-0.0083,-0.8974,0.4139,-0.0485
pos,963,0.7237,-1.2207,0.9302,0.0963
input,963,-0.0155,-0.9045,0.3936,-0.0447
pos,964,0.7237,-1.2207,0.9302,0.0963
input,964,-0.0155,-0.9045,0.3936,-0.0447
pos,965,0.7821,-1.2255,0.9248,0.1763
input,965,-0.0279,-0.9133,0.3543,-0.0395
pos,966,0.7958,-1.2259,0.9237,0.1957
input,966,-0.0279,-0.9133,0.3543,-0.0395
pos,967,0.8127,-1.2262,0.9214,0.2908
input,967,-0.0440,-0.9233,0.3167,-0.0328
pos,968,0.8242,-1.2264,0.9246,0.2166
input,968,-0.0551,-0.9310,0.2984,-0.0260
pos,969,0.8242,-1.2264,0.9246,0.2166
input,969,-0.0670,-0.9387,0.2783,-0.0208
pos,970,0.8317,-1.2268,0.9238,0.2330
input,970,-0.0786,-0.9453,0.2610,-0.0167
pos,971,0.8669,-1.2285,0.9213,0.2684
input,971,-0.0890,-0.9498,0.2445,-0.0132
pos,972,0.8669,-1.2285,0.9213,0.2684
input,972,-0.0890,-0.9498,0.2445,-0.0132
pos,973,0.8669,-1.2285,0.9213,0.2684
input,973,-0.1119,-0.9599,0.2108,-0.0099
pos,974,0.9116,-1.2287,0.9203,0.3258
input,974,-0.1232,-0.9644,0.1959,-0.0033
pos,975,0.9274,-1.2293,0.9202,0.3248
input,975,-0.1232,-0.9644,0.1959,-0.0033
pos,976,0.9274,-1.2293,0.9202,0.3248
input,976,-0.1470,-0.9735,0.1649,-0.0009
pos,977,0.9578,-1.2223,0.9163,0.2888
input,977,-0.1607,-0.9801,0.1509,0.0053
pos,978,0.9783,-1.2217,0.9268,1.4601
input,978,-0.1728,-0.9845,0.1373,0.0081
pos,979,0.9912,-1.2289,0.9204,0.4147
input,979,-0.1728,-0.9845,0.1373,0.0081
pos,980,1.0158,-1.2280,0.9213,0.4351
input,980,-0.1983,-0.9983,0.1139,0.0083
pos,981,1.0242,-1.2277,0.9213,0.4485
input,981,-0.2126,-1.0000,0.1009,0.0138
pos,982,1.0481,-1.2264,0.9213,0.4674
input,982,-0.2279,-1.0000,0.0874,0.0158
pos,983,1.0583,-1.2254,0.9211,0.4725
input,983,-0.2424,-1.0000,0.0744,0.0180
pos,984,1.0776,-1.2264,0.9229,0.5380
input,984,-0.2575,-1.0000,0.0617,0.0198
pos,985,1.1002,-1.2243,0.9238,0.4961
input,985,-0.2718,-1.0000,0.0496,0.0217
pos,986,1.1067,-1.2242,0.9239,0.4809
input,986,-0.2872,-1.0000,0.0364,0.0229
pos,987,1.1242,-1.2227,0.9257,0.5033
input,987,-0.3024,-1.0000,0.0251,0.0242
pos,988,1.1328,-1.2236,0.9242,0.4553
input,988,-0.3160,-1.0000,0.0149,0.0254
pos,989,1.1328,-1.2236,0.9242,0.4553
input,989,-0.3298,-1.0000,0.0048,0.0258
pos,990,1.1724,-1.2196,0.9259,0.4920
input,990,-0.3420,-1.0000,-0.0034,0.0268
pos,991,1.1889,-1.2187,0.9265,0.4819
input,991,-0.3420,-1.0000,-0.0034,0.0268
pos,992,1.2057,-1.2178,0.9273,0.4794
input,992,-0.3653,-1.0000,-0.0194,0.0244
pos,993,1.2219,-1.2168,0.9282,0.4850
input,993,-0.3777,-1.0000,-0.0265,0.0280
pos,994,1.2296,-1.2161,0.9282,0.4845
input,994,-0.3899,-1.0000,-0.0333,0.0284
pos,995,1.2621,-1.2149,0.9294,0.4517
input,995,-0.4020,-1.0000,-0.0398,0.0289
pos,996,1.2689,-1.2146,0.9303,0.4508
input,996,-0.4020,-1.0000,-0.0398,0.0289
pos,997,1.2829,-1.2122,0.9319,0.4817
input,997,-0.4249,-1.0000,-0.0511,0.0267
pos,998,1.3061,-1.2102,0.9333,0.4913
input,998,-0.4249,-1.0000,-0.0511,0.0267
pos,999,1.3111,-1.2101,0.9337,0.4896
input,999,-0.4462,-1.0000,-0.0604,0.0275
pos,1000,1.3277,-1.2081,0.9349,0.5029
input,1000,-0.4572,-1.0000,-0.0652,0.0305
pos,1001,1.3397,-1.2072,0.9365,0.4926
input,1001,-0.4572,-1.0000,-0.0652,0.0305
pos,1002,1.3533,-1.2065,0.9375,0.4895
input,1002,-0.4768,-1.0000,-0.0741,0.0278
pos,1003,1.3672,-1.2054,0.9364,0.4814
input,1003,-0.4768,-1.0000,-0.0741,0.0278
pos,1004,1.3803,-1.2039,0.9379,0.4914
input,1004,-0.1728,-0.3679,-0.0279,0.0047
pos,1005,1.3940,-1.2028,0.9395,0.4874
input,1005,-0.5173,-1.0000,-0.0869,0.0329
pos,1006,1.4073,-1.2014,0.9399,0.4921
input,1006,-0.5173,-1.0000,-0.0869,0.0329
pos,1007,1.4280,-1.1983,0.9405,0.4939
input,1007,-0.5326,-1.0000,-0.0924,0.0346
pos,1008,1.4415,-1.1972,0.9418,0.4821
input,1008,-0.5326,-1.0000,-0.0924,0.0346
pos,1009,1.4558,-1.1962,0.9421,0.4859
input,1009,-0.1931,-0.3679,-0.0344,0.0062
pos,1010,1.4558,-1.1962,0.9421,0.4859
input,1010,-0.1986,-0.3679,-0.0362,0.0061
pos,1011,1.4788,-1.1919,0.9429,0.5127
input,1011,-0.2067,-0.3679,-0.0379,0.0076
pos,1012,1.4978,-1.1897,0.9451,0.4754
input,1012,-0.2148,-0.3679,-0.0397,0.0100
pos,1013,1.4978,-1.1897,0.9451,0.4754
input,1013,-0.6346,-1.0000,-0.1172,0.0637
pos,1014,1.5195,-1.1863,0.9458,0.4795
input,1014,-0.6346,-1.0000,-0.1172,0.0637
pos,1015,1.5345,-1.1844,0.9471,0.4770
input,1015,-0.6448,-1.0000,-0.1188,0.0669
pos,1016,1.5560,-1.1804,0.9475,0.4820
input,1016,-0.6448,-1.0000,-0.1188,0.0669
pos,1017,1.5635,-1.1797,0.9477,0.4873
input,1017,-0.6555,-1.0000,-0.1205,0.0671
pos,1018,1.5780,-1.1771,0.9486,0.4780
input,1018,-0.6555,-1.0000,-0.1205,0.0671
pos,1019,1.5861,-1.1762,0.9491,0.4729
input,1019,-0.6673,-1.0000,-0.1226,0.0683
pos,1020,1.6016,-1.1741,0.9499,0.4740
input,1020,-0.6673,-1.0000,-0.1226,0.0683
pos,1021,1.6016,-1.1741,0.9499,0.4740
input,1021,-0.6779,-1.0000,-0.1241,0.0702
pos,1022,1.6410,-1.1670,0.9506,0.4906
input,1022,-0.6779,-1.0000,-0.1241,0.0702
pos,1023,1.6410,-1.1670,0.9506,0.4906
input,1023,-0.6874,-1.0000,-0.1252,0.0719
pos,1024,1.6410,-1.1670,0.9506,0.4906
input,1024,-0.6942,-1.0000,-0.1265,0.0748
pos,1025,1.7006,-1.1592,0.9519,0.4286
input,1025,-0.6942,-1.0000,-0.1265,0.0748
pos,1026,1.7053,-1.1578,0.9527,0.4554
input,1026,-0.7040,-1.0000,-0.1284,0.0762
pos,1027,1.7238,-1.1546,0.9531,0.4968
input,1027,-0.7123,-1.0000,-0.1286,0.0800
pos,1028,1.7467,-1.1527,0.9538,0.4638
input,1028,-0.2585,-0.3679,-0.0474,0.0185
pos,1029,1.7635,-1.1505,0.9545,0.4502
input,1029,-0.0938,-0.1353,-0.0175,0.0029
pos,1030,1.7806,-1.1482,0.9552,0.4629
input,1030,-0.0948,-0.1353,-0.0176,0.0031
pos,1031,1.7971,-1.1464,0.9554,0.4470
input,1031,-0.8090,-1.0000,-0.1473,0.1218
pos,1032,1.8048,-1.1455,0.9551,0.4367
input,1032,-0.8166,-1.0000,-0.1476,0.1337
pos,1033,1.8230,-1.1439,0.9564,0.4383
input,1033,-0.8243,-1.0000,-0.1477,0.1364
pos,1034,1.8398,-1.1416,0.9563,0.4369
input,1034,-0.8311,-1.0000,-0.1475,0.1391
pos,1035,1.8663,-1.1387,0.9565,0.4431
input,1035,-0.8385,-1.0000,-0.1474,0.1410
pos,1036,1.8839,-1.1375,0.9567,0.4373
input,1036,-0.8444,-1.0000,-0.1465,0.1426
pos,1037,1.8929,-1.1371,0.9570,0.4401
input,1037,-0.8517,-1.0000,-0.1462,0.1441
pos,1038,1.9202,-1.1344,0.9574,0.4450
input,1038,-0.8592,-1.0000,-0.1460,0.1463
pos,1039,1.9287,-1.1346,0.9582,0.4381
input,1039,-0.8664,-1.0000,-0.1459,0.1486
pos,1040,1.9470,-1.1336,0.9579,0.4346
input,1040,-0.8749,-1.0000,-0.1463,0.1510
pos,1041,1.9651,-1.1324,0.9573,0.4247
input,1041,-0.3179,-0.3679,-0.0537,0.0398
pos,1042,1.9651,-1.1324,0.9573,0.4247
input,1042,-0.1155,-0.1353,-0.0197,0.0090
pos,1043,1.9651,-1.1324,0.9573,0.4247
input,1043,-0.1163,-0.1353,-0.0196,0.0091
pos,1044,2.0212,-1.1303,0.9589,0.4337
input,1044,-0.9600,-1.0000,-0.1560,0.1916
pos,1045,2.0392,-1.1295,0.9597,0.4173
input,1045,-0.3489,-0.3679,-0.0570,0.0525
pos,1046,2.0490,-1.1284,0.9594,0.4335
input,1046,-0.1267,-0.1353,-0.0209,0.0129
pos,1047,2.0490,-1.1284,0.9594,0.4335
input,1047,-1.0000,-1.0000,-0.1608,0.2105
pos,1048,2.0966,-1.1288,0.9608,0.4194
input,1048,-1.0000,-1.0000,-0.1608,0.2105
pos,1049,2.1156,-1.1293,0.9613,0.4178
input,1049,-1.0000,-1.0000,-0.1578,0.2314
pos,1050,2.1445,-1.1285,0.9606,0.4183
input,1050,-1.0000,-1.0000,-0.1574,0.2327
pos,1051,2.1544,-1.1285,0.9613,0.4234
input,1051,-1.0000,-1.0000,-0.1574,0.2339
pos,1052,2.1732,-1.1283,0.9607,0.4246
input,1052,-1.0000,-1.0000,-0.1579,0.2355