pos,0,-1.7515,-1.6445,1.3222,-1.0382
input,0,0.0000,-0.0000,-0.0000,0.0011
target,0,-1.7518,-1.6424,1.3282,-1.0394
pos,1,-1.7515,-1.6445,1.3222,-1.0382
input,1,0.0000,-0.0000,-0.0000,0.0010
target,1,-1.7515,-1.6426,1.3276,-1.0393
pos,2,-1.7503,-1.6467,1.3167,-1.0083
input,2,0.0000,-0.0000,-0.0000,0.0010
target,2,-1.7514,-1.6428,1.3271,-1.0393
pos,3,-1.7503,-1.6467,1.3167,-1.0083
input,3,0.0000,-0.0000,-0.0000,0.0010
target,3,-1.7510,-1.6433,1.3262,-1.0383
pos,4,-1.7503,-1.6467,1.3167,-1.0083
input,4,0.0000,-0.0000,-0.0000,0.0010
target,4,-1.7508,-1.6438,1.3253,-1.0373
pos,5,-1.7504,-1.6469,1.3163,-1.0091
input,5,0.0000,-0.0000,-0.0000,0.0009
target,5,-1.7505,-1.6442,1.3245,-1.0364
pos,6,-1.7509,-1.6483,1.3137,-1.0218
input,6,0.0000,-0.0000,-0.0000,0.0009
target,6,-1.7503,-1.6445,1.3238,-1.0355
pos,7,-1.7518,-1.6486,1.3153,-1.0380
input,7,0.0000,-0.0000,-0.0000,0.0009
target,7,-1.7502,-1.6450,1.3228,-1.0350
pos,8,-1.7519,-1.6489,1.3145,-1.0386
input,8,0.0000,-0.0000,-0.0000,0.0009
target,8,-1.7503,-1.6455,1.3221,-1.0351
pos,9,-1.7521,-1.6495,1.3138,-1.0362
input,9,0.0000,-0.0000,-0.0000,0.0009
target,9,-1.7503,-1.6459,1.3214,-1.0352
pos,10,-1.7521,-1.6495,1.3138,-1.0362
input,10,0.0000,-0.0000,-0.0000,0.0009
target,10,-1.7504,-1.6464,1.3207,-1.0352
pos,11,-1.7521,-1.6495,1.3138,-1.0362
input,11,0.0000,-0.0000,-0.0000,0.0008
target,11,-1.7504,-1.6468,1.3201,-1.0353
pos,12,-1.7519,-1.6502,1.3110,-1.0455
input,12,0.0000,-0.0000,-0.0000,0.0008
target,12,-1.7505,-1.6471,1.3195,-1.0353
pos,13,-1.7525,-1.6514,1.3089,-1.0430
input,13,0.0000,-0.0000,-0.0000,0.0008
target,13,-1.7505,-1.6475,1.3187,-1.0356
pos,14,-1.7527,-1.6517,1.3086,-1.0377
input,14,0.0000,-0.0000,-0.0000,0.0008
target,14,-1.7506,-1.6480,1.3178,-1.0359
pos,15,-1.7526,-1.6523,1.3062,-1.0431
input,15,0.0000,-0.0000,-0.0000,0.0008
target,15,-1.7507,-1.6485,1.3170,-1.0359
pos,16,-1.7526,-1.6523,1.3062,-1.0431
input,16,0.0000,-0.0000,-0.0000,0.0008
target,16,-1.7508,-1.6490,1.3160,-1.0362
pos,17,-1.7530,-1.6536,1.3036,-1.0326
input,17,0.0000,-0.0000,-0.0000,0.0007
target,17,-1.7509,-1.6494,1.3151,-1.0364
pos,18,-1.7533,-1.6541,1.3023,-1.0302
input,18,0.0000,-0.0000,-0.0000,0.0007
target,18,-1.7510,-1.6500,1.3140,-1.0363
pos,19,-1.7535,-1.6546,1.3009,-1.0315
input,19,0.0000,-0.0000,-0.0000,0.0007
target,19,-1.7511,-1.6505,1.3129,-1.0361
pos,20,-1.7537,-1.6555,1.2981,-1.0254
input,20,0.0000,-0.0000,-0.0000,0.0007
target,20,-1.7513,-1.6510,1.3118,-1.0359
pos,21,-1.7538,-1.6557,1.2973,-1.0269
input,21,0.0000,-0.0000,-0.0000,0.0007
target,21,-1.7514,-1.6516,1.3105,-1.0356
pos,22,-1.7539,-1.6561,1.2958,-1.0274
input,22,0.0000,-0.0000,-0.0000,0.0007
target,22,-1.7516,-1.6522,1.3093,-1.0353
pos,23,-1.7541,-1.6565,1.2942,-1.0268
input,23,0.0000,-0.0000,-0.0000,0.0007
target,23,-1.7517,-1.6527,1.3080,-1.0350
pos,24,-1.7541,-1.6565,1.2942,-1.0268
input,24,0.0000,-0.0000,-0.0000,0.0006
target,24,-1.7519,-1.6532,1.3067,-1.0348
pos,25,-1.7548,-1.6571,1.2921,-1.0278
input,25,0.0000,-0.0000,-0.0000,0.0006
target,25,-1.7520,-1.6536,1.3056,-1.0345
pos,26,-1.7548,-1.6571,1.2921,-1.0278
input,26,0.0000,-0.0000,-0.0000,0.0006
target,26,-1.7522,-1.6540,1.3043,-1.0343
pos,27,-1.7547,-1.6579,1.2888,-1.0301
input,27,0.0000,-0.0000,-0.0000,0.0006
target,27,-1.7524,-1.6544,1.3032,-1.0341
pos,28,-1.7547,-1.6579,1.2888,-1.0301
input,28,0.0000,-0.0000,-0.0000,0.0006
target,28,-1.7526,-1.6549,1.3018,-1.0339
pos,29,-1.7547,-1.6579,1.2888,-1.0301
input,29,0.0000,-0.0000,-0.0000,0.0006
target,29,-1.7527,-1.6553,1.3006,-1.0338
pos,30,-1.7554,-1.6590,1.2841,-1.0211
input,30,0.0000,-0.0000,-0.0000,0.0006
target,30,-1.7528,-1.6556,1.2995,-1.0337
pos,31,-1.7554,-1.6588,1.2822,-1.0324
input,31,0.0000,-0.0000,-0.0000,0.0006
target,31,-1.7530,-1.6560,1.2981,-1.0333
pos,32,-1.7557,-1.6591,1.2816,-1.0290
input,32,0.0000,-0.0000,-0.0000,0.0006
target,32,-1.7532,-1.6564,1.2966,-1.0333
pos,33,-1.7557,-1.6591,1.2816,-1.0290
input,33,0.0000,-0.0000,-0.0000,0.0005
target,33,-1.7533,-1.6567,1.2952,-1.0331
pos,34,-1.7559,-1.6593,1.2806,-1.0278
input,34,0.0000,-0.0000,-0.0000,0.0005
target,34,-1.7535,-1.6570,1.2939,-1.0330
pos,35,-1.7561,-1.6599,1.2770,-1.0311
input,35,0.0000,-0.0000,-0.0000,0.0005
target,35,-1.7536,-1.6573,1.2926,-1.0329
pos,36,-1.7561,-1.6599,1.2770,-1.0311
input,36,0.0000,-0.0000,-0.0000,0.0005
target,36,-1.7538,-1.6576,1.2912,-1.0328
pos,37,-1.7560,-1.6601,1.2760,-1.0424
input,37,0.0000,0.0200,-0.0000,0.0005
target,37,-1.7540,-1.6579,1.2899,-1.0328
pos,38,-1.7560,-1.6601,1.2760,-1.0424
input,38,0.0000,0.0396,-0.0000,0.0005
target,38,-1.7541,-1.6582,1.2886,-1.0331
pos,39,-1.7567,-1.6605,1.2737,-1.0245
input,39,0.0000,0.0588,-0.0000,0.0005
target,39,-1.7542,-1.6584,1.2874,-1.0334
pos,40,-1.7562,-1.6622,1.2669,-1.0235
input,40,0.0000,0.0776,-0.0000,0.0005
target,40,-1.7543,-1.6587,1.2861,-1.0331
pos,41,-1.7564,-1.6624,1.2665,-1.0095
input,41,0.0000,0.0961,-0.0000,0.0005
target,41,-1.7544,-1.6591,1.2843,-1.0328
pos,42,-1.7566,-1.6627,1.2650,-1.0119
input,42,0.0000,0.1142,-0.0000,0.0004
target,42,-1.7545,-1.6595,1.2826,-1.0320
pos,43,-1.7567,-1.6628,1.2643,-1.0087
input,43,0.0000,0.1319,-0.0000,0.0004
target,43,-1.7546,-1.6599,1.2810,-1.0314
pos,44,-1.7568,-1.6630,1.2623,-1.0183
input,44,0.0000,0.1492,-0.0000,0.0004
target,44,-1.7548,-1.6603,1.2794,-1.0306
pos,45,-1.7571,-1.6633,1.2603,-1.0183
input,45,0.0000,0.1662,-0.0000,0.0004
target,45,-1.7549,-1.6606,1.2778,-1.0302
pos,46,-1.7572,-1.6633,1.2597,-1.0182
input,46,0.0000,0.1829,-0.0000,0.0004
target,46,-1.7550,-1.6610,1.2761,-1.0298
pos,47,-1.7573,-1.6634,1.2590,-1.0168
input,47,0.0000,0.1993,-0.0000,0.0004
target,47,-1.7551,-1.6612,1.2746,-1.0294
pos,48,-1.7573,-1.6634,1.2590,-1.0168
input,48,0.0000,0.2153,-0.0000,0.0004
target,48,-1.7552,-1.6615,1.2731,-1.0290
pos,49,-1.7572,-1.6633,1.2582,-1.0291
input,49,0.0000,0.2310,-0.0000,0.0004
target,49,-1.7554,-1.6617,1.2718,-1.0286
pos,50,-1.7590,-1.6633,1.2568,-1.0316
input,50,0.0000,0.2464,-0.0000,0.0004
target,50,-1.7554,-1.6619,1.2705,-1.0286
pos,51,-1.7592,-1.6633,1.2561,-1.0309
input,51,0.0000,0.2614,-0.0000,0.0004
target,51,-1.7558,-1.6621,1.2692,-1.0287
pos,52,-1.7592,-1.6635,1.2549,-1.0400
input,52,0.0000,0.2762,-0.0000,0.0004
target,52,-1.7561,-1.6622,1.2680,-1.0288
pos,53,-1.7592,-1.6635,1.2549,-1.0400
input,53,0.0000,0.2907,-0.0000,0.0004
target,53,-1.7563,-1.6624,1.2668,-1.0292
pos,54,-1.7592,-1.6635,1.2549,-1.0400
input,54,0.0000,0.3049,-0.0000,0.0004
target,54,-1.7565,-1.6625,1.2657,-1.0295
pos,55,-1.7599,-1.6638,1.2541,-1.0243
input,55,0.0000,0.3188,-0.0000,0.0003
target,55,-1.7567,-1.6626,1.2647,-1.0299
pos,56,-1.7608,-1.6643,1.2481,-1.0252
input,56,0.0000,0.3324,-0.0000,0.0003
target,56,-1.7570,-1.6627,1.2637,-1.0297
pos,57,-1.7608,-1.6644,1.2469,-1.0330
input,57,0.0000,0.3457,-0.0000,0.0003
target,57,-1.7573,-1.6629,1.2622,-1.0296
pos,58,-1.7609,-1.6647,1.2450,-1.0258
input,58,0.0000,0.3588,-0.0000,0.0003
target,58,-1.7576,-1.6631,1.2608,-1.0297
pos,59,-1.7601,-1.6653,1.2421,-1.0189
input,59,0.0000,0.3716,-0.0000,0.0003
target,59,-1.7579,-1.6633,1.2593,-1.0295
pos,60,-1.7601,-1.6653,1.2421,-1.0189
input,60,0.0000,0.3842,-0.0000,0.0003
target,60,-1.7581,-1.6635,1.2577,-1.0292
pos,61,-1.7601,-1.6653,1.2421,-1.0189
input,61,0.0000,0.3965,-0.0000,0.0003
target,61,-1.7582,-1.6637,1.2562,-1.0289
pos,62,-1.7602,-1.6667,1.2373,-1.0184
input,62,0.0000,0.4086,-0.0000,0.0003
target,62,-1.7583,-1.6639,1.2549,-1.0285
pos,63,-1.7605,-1.6671,1.2363,-1.0059
input,63,0.0000,0.4204,-0.0000,0.0003
target,63,-1.7584,-1.6642,1.2532,-1.0282
pos,64,-1.7606,-1.6683,1.2359,-1.0180
input,64,0.0000,0.4320,-0.0000,0.0003
target,64,-1.7585,-1.6646,1.2516,-1.0275
pos,65,-1.7603,-1.6691,1.2347,-1.0192
input,65,0.0000,0.4434,-0.0000,0.0003
target,65,-1.7586,-1.6651,1.2501,-1.0272
pos,66,-1.7603,-1.6691,1.2347,-1.0192
input,66,0.0000,0.4545,-0.0000,0.0003
target,66,-1.7587,-1.6656,1.2487,-1.0269
pos,67,-1.7595,-1.6712,1.2328,-1.0296
input,67,0.0000,0.4654,-0.0000,0.0003
target,67,-1.7587,-1.6660,1.2474,-1.0266
pos,68,-1.7592,-1.6718,1.2320,-1.0334
input,68,0.0000,0.4761,-0.0000,0.0003
target,68,-1.7584,-1.6671,1.2460,-1.0267
pos,69,-1.7592,-1.6718,1.2320,-1.0334
input,69,0.0000,0.4866,-0.0000,0.0003
target,69,-1.7579,-1.6684,1.2447,-1.0269
pos,70,-1.7588,-1.6725,1.2317,-1.0335
input,70,0.0000,0.4969,-0.0000,0.0003
target,70,-1.7573,-1.6699,1.2435,-1.0272
pos,71,-1.7573,-1.6759,1.2292,-1.0391
input,71,0.0000,0.5069,-0.0000,0.0003
target,71,-1.7565,-1.6716,1.2424,-1.0274
pos,72,-1.7560,-1.6790,1.2277,-1.0409
input,72,0.0000,0.5168,-0.0000,0.0002
target,72,-1.7554,-1.6738,1.2412,-1.0278
pos,73,-1.7556,-1.6801,1.2277,-1.0313
input,73,0.0000,0.5264,-0.0000,0.0002
target,73,-1.7541,-1.6765,1.2399,-1.0282
pos,74,-1.7546,-1.6825,1.2265,-1.0300
input,74,0.0000,0.5359,-0.0000,0.0002
target,74,-1.7527,-1.6793,1.2387,-1.0284
pos,75,-1.7524,-1.6867,1.2249,-1.0410
input,75,0.0000,0.5452,-0.0000,0.0002
target,75,-1.7512,-1.6824,1.2376,-1.0284
pos,76,-1.7507,-1.6916,1.2242,-1.0249
input,76,0.0000,0.5543,-0.0000,0.0002
target,76,-1.7494,-1.6859,1.2364,-1.0288
pos,77,-1.7495,-1.6931,1.2235,-1.0370
input,77,0.0000,0.5632,-0.0000,0.0002
target,77,-1.7475,-1.6899,1.2353,-1.0288
pos,78,-1.7495,-1.6931,1.2235,-1.0370
input,78,0.0000,0.5719,-0.0000,0.0002
target,78,-1.7455,-1.6938,1.2341,-1.0290
pos,79,-1.7495,-1.6931,1.2235,-1.0370
input,79,0.0000,0.5605,-0.0000,0.0002
target,79,-1.7436,-1.6975,1.2331,-1.0293
pos,80,-1.7443,-1.7048,1.2215,-1.0265
input,80,0.0000,0.5493,-0.0000,0.0002
target,80,-1.7418,-1.7009,1.2322,-1.0296
pos,81,-1.7420,-1.7090,1.2205,-1.0303
input,81,0.0000,0.5383,-0.0000,0.0002
target,81,-1.7393,-1.7058,1.2312,-1.0295
pos,82,-1.7397,-1.7138,1.2200,-1.0297
input,82,0.0000,0.5275,-0.0000,0.0002
target,82,-1.7367,-1.7108,1.2302,-1.0295
pos,83,-1.7385,-1.7163,1.2201,-1.0377
input,83,0.0000,0.5170,-0.0000,0.0002
target,83,-1.7340,-1.7161,1.2293,-1.0296
pos,84,-1.7346,-1.7243,1.2193,-1.0334
input,84,0.0000,0.5067,-0.0000,0.0002
target,84,-1.7314,-1.7212,1.2284,-1.0299
pos,85,-1.7307,-1.7327,1.2182,-1.0351
input,85,0.0000,0.4965,-0.0000,0.0002
target,85,-1.7284,-1.7270,1.2275,-1.0300
pos,86,-1.7277,-1.7389,1.2177,-1.0296
input,86,0.0000,0.4866,-0.0000,0.0002
target,86,-1.7252,-1.7334,1.2267,-1.0302
pos,87,-1.7263,-1.7425,1.2180,-1.0226
input,87,0.0000,0.4769,-0.0000,0.0002
target,87,-1.7218,-1.7400,1.2258,-1.0303
pos,88,-1.7213,-1.7523,1.2170,-1.0309
input,88,0.0000,0.4673,-0.0000,0.0002
target,88,-1.7186,-1.7465,1.2251,-1.0301
pos,89,-1.7196,-1.7560,1.2175,-1.0286
input,89,0.0000,0.4580,-0.0000,0.0002
target,89,-1.7150,-1.7536,1.2243,-1.0302
pos,90,-1.7161,-1.7631,1.2170,-1.0281
input,90,0.0000,0.4488,-0.0000,0.0002
target,90,-1.7115,-1.7605,1.2237,-1.0302
pos,91,-1.7123,-1.7701,1.2161,-1.0370
input,91,0.0000,0.4398,-0.0000,0.0002
target,91,-1.7079,-1.7676,1.2231,-1.0302
pos,92,-1.7109,-1.7743,1.2166,-1.0278
input,92,0.0000,0.4310,-0.0000,0.0002
target,92,-1.7041,-1.7749,1.2224,-1.0305
pos,93,-1.7051,-1.7857,1.2162,-1.0285
input,93,0.0000,0.4224,-0.0000,0.0002
target,93,-1.7005,-1.7820,1.2219,-1.0305
pos,94,-1.7033,-1.7895,1.2161,-1.0317
input,94,0.0000,0.4140,-0.0000,0.0002
target,94,-1.6965,-1.7900,1.2213,-1.0305
pos,95,-1.6976,-1.8014,1.2155,-1.0307
input,95,0.0000,0.4057,-0.0000,0.0002
target,95,-1.6927,-1.7975,1.2209,-1.0307
pos,96,-1.6956,-1.8054,1.2155,-1.0312
input,96,0.0000,0.3976,-0.0000,0.0002
target,96,-1.6885,-1.8059,1.2204,-1.0308
pos,97,-1.6879,-1.8213,1.2153,-1.0367
input,97,0.0000,0.3896,-0.0000,0.0001
target,97,-1.6845,-1.8138,1.2199,-1.0309
pos,98,-1.6862,-1.8255,1.2157,-1.0290
input,98,0.0000,0.3818,-0.0000,0.0001
target,98,-1.6799,-1.8231,1.2195,-1.0312
pos,99,-1.6824,-1.8334,1.2156,-1.0283
input,99,0.0000,0.3742,-0.0000,0.0001
target,99,-1.6755,-1.8318,1.2191,-1.0313
pos,100,-1.6770,-1.8456,1.2162,-1.0246
input,100,0.0000,0.3667,-0.0000,0.0001
target,100,-1.6711,-1.8406,1.2188,-1.0313
pos,101,-1.6733,-1.8534,1.2161,-1.0296
input,101,0.0000,0.3594,-0.0000,0.0001
target,101,-1.6665,-1.8501,1.2186,-1.0312
pos,102,-1.6733,-1.8534,1.2161,-1.0296
input,102,0.0000,0.3522,-0.0000,0.0001
target,102,-1.6619,-1.8595,1.2183,-1.0313
pos,103,-1.6665,-1.8696,1.2165,-1.0162
input,103,0.0000,0.3451,-0.0000,0.0001
target,103,-1.6579,-1.8678,1.2181,-1.0314
pos,104,-1.6648,-1.8735,1.2169,-1.0107
input,104,0.0000,0.3382,-0.0000,0.0001
target,104,-1.6533,-1.8773,1.2180,-1.0311
pos,105,-1.6648,-1.8735,1.2169,-1.0107
input,105,0.0000,0.3315,-0.0000,0.0001
target,105,-1.6490,-1.8862,1.2179,-1.0306
pos,106,-1.6565,-1.8895,1.2147,-1.0183
input,106,0.0000,0.3249,-0.0000,0.0001
target,106,-1.6452,-1.8940,1.2178,-1.0302
pos,107,-1.6534,-1.8975,1.2159,-1.0062
input,107,0.0000,0.3184,-0.0000,0.0001
target,107,-1.6408,-1.9031,1.2175,-1.0299
pos,108,-1.6534,-1.8975,1.2159,-1.0062
input,108,0.0000,0.3120,-0.0000,0.0001
target,108,-1.6363,-1.9122,1.2174,-1.0294
pos,109,-1.6468,-1.9098,1.2138,-1.0112
input,109,0.0000,0.3057,-0.0000,0.0001
target,109,-1.6324,-1.9202,1.2172,-1.0288
pos,110,-1.6436,-1.9177,1.2148,-1.0117
input,110,0.0000,0.2996,-0.0000,0.0001
target,110,-1.6283,-1.9286,1.2169,-1.0284
pos,111,-1.6385,-1.9295,1.2160,-1.0075
input,111,0.0000,0.2936,-0.0000,0.0001
target,111,-1.6244,-1.9368,1.2167,-1.0281
pos,112,-1.6366,-1.9337,1.2160,-1.0036
input,112,0.0000,0.2878,-0.0000,0.0001
target,112,-1.6204,-1.9452,1.2166,-1.0276
pos,113,-1.6366,-1.9337,1.2160,-1.0036
input,113,0.0000,0.2820,-0.0000,0.0001
target,113,-1.6168,-1.9529,1.2166,-1.0270
pos,114,-1.6366,-1.9337,1.2160,-1.0036
input,114,0.0000,0.2764,-0.0000,0.0001
target,114,-1.6139,-1.9593,1.2165,-1.0265
pos,115,-1.6366,-1.9337,1.2160,-1.0036
input,115,0.0000,0.2708,-0.0000,0.0001
target,115,-1.6115,-1.9646,1.2165,-1.0259
pos,116,-1.6366,-1.9337,1.2160,-1.0036
input,116,0.0000,0.2654,-0.0000,0.0001
target,116,-1.6095,-1.9690,1.2165,-1.0254
pos,117,-1.6366,-1.9337,1.2160,-1.0036
input,117,0.0000,0.2601,-0.0000,0.0001
target,117,-1.6079,-1.9726,1.2164,-1.0248
pos,118,-1.6366,-1.9337,1.2160,-1.0036
input,118,0.0000,0.2549,-0.0000,0.0001
target,118,-1.6066,-1.9755,1.2164,-1.0243
pos,119,-1.6366,-1.9337,1.2160,-1.0036
input,119,0.0000,0.2498,-0.0000,0.0001
target,119,-1.6056,-1.9778,1.2164,-1.0238
pos,120,-1.6366,-1.9337,1.2160,-1.0036
input,120,0.0000,0.2448,-0.0000,0.0001
target,120,-1.6048,-1.9797,1.2163,-1.0234
pos,121,-1.6366,-1.9337,1.2160,-1.0036
input,121,0.0000,0.2399,-0.0000,0.0001
target,121,-1.6042,-1.9811,1.2163,-1.0229
pos,122,-1.6366,-1.9337,1.2160,-1.0036
input,122,0.0000,0.2351,-0.0000,0.0001
target,122,-1.6038,-1.9822,1.2163,-1.0224
pos,123,-1.5961,-2.0219,1.2196,-1.0192
input,123,0.0000,0.2304,-0.0000,0.0001
target,123,-1.6036,-1.9830,1.2163,-1.0220
pos,124,-1.5961,-2.0219,1.2196,-1.0192
input,124,0.0000,0.2258,-0.0000,0.0001
target,124,-1.5979,-1.9957,1.2166,-1.0221
pos,125,-1.5938,-2.0262,1.2195,-1.0302
input,125,0.0000,0.2213,-0.0000,0.0001
target,125,-1.5930,-2.0066,1.2169,-1.0223
pos,126,-1.5938,-2.0262,1.2195,-1.0302
input,126,0.0000,0.2169,-0.0000,0.0001
target,126,-1.5886,-2.0164,1.2171,-1.0228
pos,127,-1.5938,-2.0262,1.2195,-1.0302
input,127,0.0000,0.2125,-0.0000,0.0001
target,127,-1.5849,-2.0247,1.2173,-1.0233
pos,128,-1.5721,-2.0741,1.2210,-1.0134
input,128,0.0000,0.2083,-0.0000,0.0001
target,128,-1.5818,-2.0317,1.2175,-1.0237
pos,129,-1.5681,-2.0827,1.2219,-1.0057
input,129,0.0000,0.2041,-0.0000,0.0001
target,129,-1.5762,-2.0443,1.2179,-1.0237
pos,130,-1.5660,-2.0870,1.2221,-1.0106
input,130,0.0000,0.2000,-0.0000,0.0001
target,130,-1.5709,-2.0562,1.2183,-1.0233
pos,131,-1.5585,-2.1041,1.2245,-1.0100
input,131,0.0000,0.1960,-0.0000,0.0001
target,131,-1.5661,-2.0669,1.2186,-1.0232
pos,132,-1.5544,-2.1121,1.2248,-1.0341
input,132,0.0000,0.1921,-0.0000,0.0001
target,132,-1.5610,-2.0783,1.2192,-1.0230
pos,133,-1.5527,-2.1165,1.2256,-1.0063
input,133,0.0000,0.1883,-0.0000,0.0001
target,133,-1.5562,-2.0892,1.2197,-1.0236
pos,134,-1.5527,-2.1165,1.2256,-1.0063
input,134,0.0000,0.1845,-0.0000,0.0001
target,134,-1.5518,-2.0990,1.2203,-1.0233
pos,135,-1.5527,-2.1165,1.2256,-1.0063
input,135,0.0000,0.1808,-0.0000,0.0001
target,135,-1.5481,-2.1073,1.2208,-1.0230
pos,136,-1.5513,-2.1204,1.2288,-1.0233
input,136,0.0000,0.1772,-0.0000,0.0001
target,136,-1.5450,-2.1144,1.2212,-1.0226
pos,137,-1.5382,-2.1490,1.2327,-1.0218
input,137,0.0000,0.1737,-0.0000,0.0001
target,137,-1.5422,-2.1209,1.2219,-1.0228
pos,138,-1.5346,-2.1571,1.2334,-1.0279
input,138,0.0000,0.1702,-0.0000,0.0001
target,138,-1.5381,-2.1304,1.2230,-1.0230
pos,139,-1.5346,-2.1571,1.2334,-1.0279
input,139,0.0000,0.1668,-0.0000,0.0001
target,139,-1.5341,-2.1395,1.2240,-1.0234
pos,140,-1.5294,-2.1690,1.2356,-1.0281
input,140,0.0000,0.1634,-0.0000,0.0001
target,140,-1.5307,-2.1473,1.2249,-1.0238
pos,141,-1.5294,-2.1690,1.2356,-1.0281
input,141,0.0000,0.1602,-0.0000,0.0001
target,141,-1.5272,-2.1556,1.2259,-1.0241
pos,142,-1.5206,-2.1881,1.2380,-1.0259
input,142,0.0000,0.1570,-0.0000,0.0001
target,142,-1.5242,-2.1626,1.2268,-1.0244
pos,143,-1.5189,-2.1919,1.2385,-1.0284
input,143,0.0000,0.1538,-0.0000,0.0001
target,143,-1.5204,-2.1711,1.2279,-1.0247
pos,144,-1.5172,-2.1956,1.2391,-1.0307
input,144,0.0000,0.1508,-0.0000,0.0001
target,144,-1.5170,-2.1790,1.2289,-1.0250
pos,145,-1.5137,-2.2030,1.2401,-1.0298
input,145,0.0000,0.1477,-0.0000,0.0001
target,145,-1.5139,-2.1861,1.2298,-1.0254
pos,146,-1.5067,-2.2175,1.2428,-1.0300
input,146,0.0000,0.1448,-0.0000,0.0001
target,146,-1.5108,-2.1932,1.2308,-1.0257
pos,147,-1.5023,-2.2278,1.2446,-1.0232
input,147,0.0000,0.1419,-0.0000,0.0001
target,147,-1.5072,-2.2013,1.2320,-1.0260
pos,148,-1.4991,-2.2346,1.2458,-1.0249
input,148,0.0000,0.1391,-0.0000,0.0001
target,148,-1.5036,-2.2095,1.2332,-1.0261
pos,149,-1.4975,-2.2379,1.2465,-1.0220
input,149,0.0000,0.1363,-0.0000,0.0001
target,149,-1.5000,-2.2175,1.2344,-1.0262
pos,150,-1.4945,-2.2445,1.2478,-1.0206
input,150,0.0000,0.1335,-0.0000,0.0001
target,150,-1.4968,-2.2247,1.2355,-1.0263
pos,151,-1.4925,-2.2476,1.2483,-1.0278
input,151,0.0000,0.1309,-0.0000,0.0000
target,151,-1.4937,-2.2318,1.2367,-1.0263
pos,152,-1.4883,-2.2567,1.2500,-1.0179
input,152,0.0000,0.1283,-0.0000,0.0000
target,152,-1.4908,-2.2382,1.2378,-1.0265
pos,153,-1.4883,-2.2567,1.2500,-1.0179
input,153,0.0000,0.1257,-0.0000,0.0000
target,153,-1.4878,-2.2449,1.2389,-1.0263
pos,154,-1.4822,-2.2686,1.2533,-1.0274
input,154,0.0000,0.1232,-0.0000,0.0000
target,154,-1.4852,-2.2505,1.2400,-1.0262
pos,155,-1.4782,-2.2769,1.2553,-1.0187
input,155,0.0000,0.1207,-0.0000,0.0000
target,155,-1.4822,-2.2570,1.2412,-1.0263
pos,156,-1.4765,-2.2796,1.2561,-1.0291
input,156,0.0000,0.1183,-0.0000,0.0000
target,156,-1.4791,-2.2636,1.2426,-1.0262
pos,157,-1.4727,-2.2874,1.2585,-1.0158
input,157,0.0000,0.1159,-0.0000,0.0000
target,157,-1.4762,-2.2696,1.2439,-1.0264
pos,158,-1.4712,-2.2898,1.2589,-1.0182
input,158,0.0000,0.1136,-0.0000,0.0000
target,158,-1.4733,-2.2758,1.2452,-1.0262
pos,159,-1.4700,-2.2923,1.2603,-1.0246
input,159,0.0000,0.1113,-0.0000,0.0000
target,159,-1.4706,-2.2813,1.2465,-1.0261
pos,160,-1.4700,-2.2923,1.2603,-1.0246
input,160,0.0000,0.1091,-0.0000,0.0000
target,160,-1.4682,-2.2864,1.2478,-1.0262
pos,161,-1.4700,-2.2923,1.2603,-1.0246
input,161,0.0000,0.1069,-0.0000,0.0000
target,161,-1.4661,-2.2907,1.2490,-1.0262
pos,162,-1.4700,-2.2923,1.2603,-1.0246
input,162,0.0000,0.1048,-0.0000,0.0000
target,162,-1.4644,-2.2943,1.2501,-1.0263
pos,163,-1.4700,-2.2923,1.2603,-1.0246
input,163,0.0000,0.1027,-0.0000,0.0000
target,163,-1.4629,-2.2974,1.2511,-1.0263
pos,164,-1.4700,-2.2923,1.2603,-1.0246
input,164,0.0000,0.1006,-0.0000,0.0000
target,164,-1.4617,-2.2999,1.2519,-1.0264
pos,165,-1.4700,-2.2923,1.2603,-1.0246
input,165,0.0000,0.0986,-0.0000,0.0000
target,165,-1.4607,-2.3021,1.2527,-1.0264
pos,166,-1.4700,-2.2923,1.2603,-1.0246
input,166,0.0000,0.0967,-0.0000,0.0000
target,166,-1.4599,-2.3039,1.2534,-1.0265
pos,167,-1.4700,-2.2923,1.2603,-1.0246
input,167,0.0000,0.0947,-0.0000,0.0000
target,167,-1.4592,-2.3053,1.2541,-1.0265
pos,168,-1.4700,-2.2923,1.2603,-1.0246
input,168,0.0000,0.0928,-0.0000,0.0000
target,168,-1.4587,-2.3065,1.2547,-1.0265
pos,169,-1.4700,-2.2923,1.2603,-1.0246
input,169,0.0000,0.0910,-0.0000,0.0000
target,169,-1.4583,-2.3075,1.2552,-1.0265
pos,170,-1.4700,-2.2923,1.2603,-1.0246
input,170,0.0000,0.0892,-0.0000,0.0000
target,170,-1.4580,-2.3083,1.2557,-1.0265
pos,171,-1.4700,-2.2923,1.2603,-1.0246
input,171,0.0000,0.0874,-0.0000,0.0000
target,171,-1.4577,-2.3089,1.2561,-1.0265
pos,172,-1.4700,-2.2923,1.2603,-1.0246
input,172,0.0000,0.0856,-0.0000,0.0000
target,172,-1.4575,-2.3093,1.2565,-1.0266
pos,173,-1.4593,-2.3109,1.2644,-1.0150
input,173,0.0000,0.0839,-0.0000,0.0000
target,173,-1.4574,-2.3097,1.2569,-1.0266
pos,174,-1.4349,-2.3513,1.2813,-1.0084
input,174,0.0000,0.0822,-0.0000,0.0000
target,174,-1.4559,-2.3125,1.2576,-1.0263
pos,175,-1.4349,-2.3513,1.2813,-1.0084
input,175,0.0000,0.0806,-0.0000,0.0000
target,175,-1.4512,-2.3204,1.2598,-1.0258
pos,176,-1.4284,-2.3606,1.2835,-1.0160
input,176,0.0000,0.0790,-0.0000,0.0000
target,176,-1.4472,-2.3273,1.2618,-1.0253
pos,177,-1.4284,-2.3606,1.2835,-1.0160
input,177,0.0000,0.0774,-0.0000,0.0000
target,177,-1.4428,-2.3344,1.2639,-1.0250
pos,178,-1.4284,-2.3606,1.2835,-1.0160
input,178,0.0000,0.0759,-0.0000,0.0000
target,178,-1.4391,-2.3405,1.2658,-1.0248
pos,179,-1.4284,-2.3606,1.2835,-1.0160
input,179,0.0000,0.0743,-0.0000,0.0000
target,179,-1.4360,-2.3457,1.2674,-1.0246
pos,180,-1.4284,-2.3606,1.2835,-1.0160
input,180,0.0000,0.0728,-0.0000,0.0000
target,180,-1.4333,-2.3501,1.2690,-1.0243
pos,181,-1.4204,-2.3712,1.2858,-1.0341
input,181,0.0000,0.0714,-0.0000,0.0000
target,181,-1.4310,-2.3538,1.2703,-1.0241
pos,182,-1.4204,-2.3712,1.2858,-1.0341
input,182,0.0000,0.0700,-0.0000,0.0000
target,182,-1.4280,-2.3585,1.2718,-1.0245
pos,183,-1.4204,-2.3712,1.2858,-1.0341
input,183,0.0000,0.0686,-0.0000,0.0000
target,183,-1.4254,-2.3624,1.2731,-1.0249
pos,184,-1.4192,-2.3739,1.2874,-1.0137
input,184,0.0000,0.0672,-0.0000,0.0000
target,184,-1.4232,-2.3658,1.2743,-1.0252
pos,185,-1.4117,-2.3831,1.2893,-1.0233
input,185,0.0000,0.0658,-0.0000,0.0000
target,185,-1.4211,-2.3690,1.2756,-1.0249
pos,186,-1.4117,-2.3831,1.2893,-1.0233
input,186,0.0000,0.0645,-0.0000,0.0000
target,186,-1.4184,-2.3730,1.2769,-1.0249
pos,187,-1.4108,-2.3842,1.2892,-1.0205
input,187,0.0000,0.0632,-0.0000,0.0000
target,187,-1.4160,-2.3765,1.2780,-1.0249
pos,188,-1.4090,-2.3862,1.2895,-1.0251
input,188,0.0000,0.0620,-0.0000,0.0000
target,188,-1.4139,-2.3795,1.2791,-1.0248
pos,189,-1.4059,-2.3902,1.2907,-1.0238
input,189,0.0000,0.0607,-0.0000,0.0000
target,189,-1.4118,-2.3824,1.2801,-1.0249
pos,190,-1.4051,-2.3911,1.2908,-1.0236
input,190,0.0000,0.0595,-0.0000,0.0000
target,190,-1.4097,-2.3853,1.2811,-1.0249
pos,191,-1.4025,-2.3935,1.2926,-1.0372
input,191,0.0000,0.0583,-0.0000,0.0000
target,191,-1.4077,-2.3880,1.2820,-1.0249
pos,192,-1.4007,-2.3964,1.2933,-1.0258
input,192,0.0000,0.0572,-0.0000,0.0000
target,192,-1.4057,-2.3906,1.2830,-1.0253
pos,193,-1.3999,-2.3972,1.2932,-1.0260
input,193,0.0000,0.0560,-0.0000,0.0000
target,193,-1.4037,-2.3932,1.2840,-1.0254
pos,194,-1.3984,-2.3989,1.2933,-1.0266
input,194,0.0000,0.0549,-0.0000,0.0000
target,194,-1.4019,-2.3955,1.2848,-1.0255
pos,195,-1.3976,-2.3997,1.2933,-1.0239
input,195,0.0000,0.0538,-0.0000,0.0000
target,195,-1.4002,-2.3977,1.2857,-1.0255
pos,196,-1.3968,-2.4004,1.2929,-1.0279
input,196,0.0000,0.0527,-0.0000,0.0000
target,196,-1.3986,-2.3996,1.2864,-1.0255
pos,197,-1.3950,-2.4015,1.2924,-1.0440
input,197,0.0000,0.0517,-0.0000,0.0000
target,197,-1.3971,-2.4014,1.2870,-1.0256
pos,198,-1.3921,-2.4051,1.2898,-1.0156
input,198,0.0000,0.0506,-0.0000,0.0000
target,198,-1.3957,-2.4030,1.2875,-1.0263
pos,199,-1.3909,-2.4062,1.2895,-1.0179
input,199,0.0000,0.0496,-0.0000,0.0000
target,199,-1.3940,-2.4049,1.2877,-1.0260
pos,200,-1.3896,-2.4076,1.2894,-1.0210
input,200,0.0000,0.0486,-0.0000,0.0000
target,200,-1.3924,-2.4066,1.2879,-1.0257
pos,201,-1.3889,-2.4081,1.2892,-1.0149
input,201,0.0000,0.0477,-0.0000,0.0000
target,201,-1.3909,-2.4082,1.2881,-1.0256
pos,202,-1.3871,-2.4091,1.2885,-1.0342
input,202,0.0000,0.0467,-0.0000,0.0000
target,202,-1.3895,-2.4097,1.2882,-1.0253
pos,203,-1.3862,-2.4105,1.2881,-1.0206
input,203,0.0000,0.0458,-0.0000,0.0000
target,203,-1.3881,-2.4111,1.2882,-1.0256
pos,204,-1.3844,-2.4120,1.2871,-1.0104
input,204,0.0000,0.0449,-0.0000,0.0000
target,204,-1.3868,-2.4124,1.2882,-1.0255
pos,205,-1.3844,-2.4120,1.2871,-1.0104
input,205,0.0000,0.0440,-0.0000,0.0000
target,205,-1.3854,-2.4137,1.2881,-1.0251
pos,206,-1.3838,-2.4126,1.2872,-1.0093
input,206,0.0000,0.0431,-0.0000,0.0000
target,206,-1.3842,-2.4148,1.2880,-1.0246
pos,207,-1.3816,-2.4142,1.2855,-1.0162
input,207,0.0000,0.0422,-0.0000,0.0000
target,207,-1.3832,-2.4158,1.2879,-1.0242
pos,208,-1.3816,-2.4142,1.2855,-1.0162
input,208,0.0000,0.0414,-0.0000,0.0000
target,208,-1.3819,-2.4169,1.2877,-1.0239
pos,209,-1.3816,-2.4142,1.2855,-1.0162
input,209,0.0000,0.0405,-0.0000,0.0000
target,209,-1.3809,-2.4177,1.2875,-1.0237
pos,210,-1.3816,-2.4142,1.2855,-1.0162
input,210,0.0000,0.0397,-0.0000,0.0000
target,210,-1.3800,-2.4185,1.2873,-1.0235
pos,211,-1.3804,-2.4149,1.2848,-1.0117
input,211,0.0000,0.0389,-0.0000,0.0000
target,211,-1.3793,-2.4191,1.2871,-1.0233
pos,212,-1.3761,-2.4177,1.2802,-1.0130
input,212,0.0000,0.0382,-0.0000,0.0000
target,212,-1.3785,-2.4197,1.2869,-1.0229
pos,213,-1.3728,-2.4199,1.2772,-1.0529
input,213,0.0000,0.0374,-0.0000,0.0000
target,213,-1.3773,-2.4205,1.2863,-1.0226
pos,214,-1.3728,-2.4199,1.2772,-1.0529
input,214,0.0000,0.0367,-0.0000,0.0000
target,214,-1.3758,-2.4216,1.2854,-1.0236
pos,215,-1.3714,-2.4202,1.2739,-1.0144
input,215,0.0000,0.0359,-0.0000,0.0000
target,215,-1.3745,-2.4225,1.2846,-1.0246
pos,216,-1.3702,-2.4209,1.2722,-1.0151
input,216,0.0000,0.0352,-0.0000,0.0000
target,216,-1.3732,-2.4232,1.2836,-1.0243
pos,217,-1.3694,-2.4212,1.2710,-1.0166
input,217,0.0000,0.0345,-0.0000,0.0000
target,217,-1.3719,-2.4240,1.2825,-1.0240
pos,218,-1.3694,-2.4212,1.2710,-1.0166
input,218,0.0000,0.0338,-0.0000,0.0000
target,218,-1.3707,-2.4246,1.2814,-1.0238
pos,219,-1.3694,-2.4212,1.2710,-1.0166
input,219,0.0000,0.0331,-0.0000,0.0000
target,219,-1.3697,-2.4251,1.2804,-1.0236
pos,220,-1.3694,-2.4212,1.2710,-1.0166
input,220,0.0000,0.0325,-0.0000,0.0000
target,220,-1.3689,-2.4256,1.2795,-1.0234
pos,221,-1.3694,-2.4212,1.2710,-1.0166
input,221,0.0000,0.0318,-0.0000,0.0000
target,221,-1.3681,-2.4259,1.2787,-1.0232
pos,222,-1.3694,-2.4212,1.2710,-1.0166
input,222,0.0000,0.0312,-0.0000,0.0000
target,222,-1.3675,-2.4262,1.2780,-1.0230
pos,223,-1.3694,-2.4212,1.2710,-1.0166
input,223,0.0000,0.0306,-0.0000,0.0000
target,223,-1.3670,-2.4265,1.2773,-1.0228
pos,224,-1.3694,-2.4212,1.2710,-1.0166
input,224,0.0000,0.0299,-0.0000,0.0000
target,224,-1.3666,-2.4266,1.2767,-1.0226
pos,225,-1.3694,-2.4212,1.2710,-1.0166
input,225,0.0000,0.0293,-0.0000,0.0000
target,225,-1.3662,-2.4268,1.2762,-1.0225
pos,226,-1.3694,-2.4212,1.2710,-1.0166
input,226,0.0000,0.0288,-0.0000,0.0000
target,226,-1.3659,-2.4268,1.2757,-1.0223
pos,227,-1.3694,-2.4212,1.2710,-1.0166
input,227,0.0000,0.0282,-0.0000,0.0000
target,227,-1.3657,-2.4269,1.2752,-1.0221
pos,228,-1.3667,-2.4223,1.2650,-1.0196
input,228,0.0000,0.0276,-0.0000,0.0000
target,228,-1.3655,-2.4269,1.2748,-1.0220
pos,229,-1.3579,-2.4240,1.2410,-1.0318
input,229,0.0000,0.0271,-0.0000,0.0000
target,229,-1.3650,-2.4271,1.2739,-1.0219
pos,230,-1.3570,-2.4241,1.2384,-1.0289
input,230,0.0000,0.0265,-0.0000,0.0000
target,230,-1.3633,-2.4275,1.2708,-1.0222
pos,231,-1.3568,-2.4242,1.2376,-1.0249
input,231,0.0000,0.0260,-0.0000,0.0000
target,231,-1.3617,-2.4278,1.2677,-1.0225
pos,232,-1.3568,-2.4242,1.2376,-1.0249
input,232,0.0000,0.0255,-0.0000,0.0000
target,232,-1.3604,-2.4280,1.2649,-1.0226
pos,233,-1.3568,-2.4242,1.2376,-1.0249
input,233,0.0000,0.0250,-0.0000,0.0000
target,233,-1.3592,-2.4282,1.2623,-1.0226
pos,234,-1.3568,-2.4242,1.2376,-1.0249
input,234,0.0000,0.0245,-0.0000,0.0000
target,234,-1.3582,-2.4284,1.2600,-1.0227
pos,235,-1.3564,-2.4243,1.2364,-1.0235
input,235,0.0000,0.0240,-0.0000,0.0000
target,235,-1.3574,-2.4285,1.2578,-1.0228
pos,236,-1.3535,-2.4239,1.2241,-1.0163
input,236,0.0000,0.0235,-0.0000,0.0000
target,236,-1.3566,-2.4286,1.2558,-1.0229
pos,237,-1.3535,-2.4239,1.2241,-1.0163
input,237,0.0000,0.0230,-0.0000,0.0000
target,237,-1.3556,-2.4286,1.2528,-1.0227
pos,238,-1.3535,-2.4238,1.2230,-1.0172
input,238,0.0000,0.0226,-0.0000,0.0000
target,238,-1.3547,-2.4286,1.2501,-1.0225
pos,239,-1.3517,-2.4235,1.2158,-1.0228
input,239,-0.0099,-0.0233,-0.0001,-0.0000
target,239,-1.3547,-2.4286,1.2501,-1.0225
pos,240,-1.3510,-2.4234,1.2113,-1.0151
input,240,-0.0098,-0.0228,-0.0001,-0.0000
target,240,-1.3547,-2.4286,1.2501,-1.0225
pos,241,-1.3510,-2.4234,1.2113,-1.0151
input,241,-0.0114,-0.0393,-0.0001,-0.0000
target,241,-1.3547,-2.4286,1.2501,-1.0225
pos,242,-1.3504,-2.4231,1.2095,-1.0160
input,242,-0.0145,-0.0550,-0.0005,0.0078
target,242,-1.3547,-2.4286,1.2501,-1.0225
pos,243,-1.3499,-2.4228,1.2068,-1.0119
input,243,-0.0164,-0.0505,-0.0007,0.0189
target,243,-1.3547,-2.4286,1.2501,-1.0225
pos,244,-1.3487,-2.4221,1.2023,-1.0071
input,244,-0.0177,-0.0558,-0.0012,0.0297
target,244,-1.3547,-2.4286,1.2501,-1.0225
pos,245,-1.3483,-2.4219,1.2008,-1.0356
input,245,-0.0190,-0.0490,-0.0017,0.0421
target,245,-1.3547,-2.4286,1.2501,-1.0225
pos,246,-1.3480,-2.4218,1.1994,-1.0044
input,246,-0.0195,-0.0479,-0.0025,0.0539
target,246,-1.3547,-2.4286,1.2501,-1.0225
pos,247,-1.3478,-2.4216,1.1984,-1.0147
input,247,-0.0206,-0.0396,-0.0036,0.0667
target,247,-1.3547,-2.4286,1.2501,-1.0225
pos,248,-1.3478,-2.4216,1.1984,-1.0147
input,248,-0.0209,-0.0348,-0.0032,0.0785
target,248,-1.3547,-2.4286,1.2501,-1.0225
pos,249,-1.3466,-2.4206,1.1925,-1.0122
input,249,-0.0218,-0.0260,-0.0046,0.0903
target,249,-1.3547,-2.4286,1.2501,-1.0225
pos,250,-1.3458,-2.4199,1.1896,-1.0139
input,250,-0.0220,-0.0195,-0.0046,0.1008
target,250,-1.3547,-2.4286,1.2501,-1.0225
pos,251,-1.3455,-2.4196,1.1887,-1.0104
input,251,-0.0225,-0.0110,-0.0056,0.1103
target,251,-1.3547,-2.4286,1.2501,-1.0225
pos,252,-1.3455,-2.4196,1.1887,-1.0104
input,252,-0.0229,-0.0040,-0.0059,0.1194
target,252,-1.3547,-2.4286,1.2501,-1.0225
pos,253,-1.3455,-2.4193,1.1877,-1.0182
input,253,-0.0237,0.0040,-0.0066,0.1278
target,253,-1.3547,-2.4286,1.2501,-1.0225
pos,254,-1.3446,-2.4188,1.1857,-1.0086
input,254,-0.0243,0.0109,-0.0071,0.1353
target,254,-1.3547,-2.4286,1.2501,-1.0225
pos,255,-1.3435,-2.4165,1.1849,-1.0378
input,255,-0.0252,0.0180,-0.0079,0.1415
target,255,-1.3547,-2.4286,1.2501,-1.0225
pos,256,-1.3435,-2.4165,1.1849,-1.0378
input,256,-0.0257,0.0240,-0.0080,0.1467
target,256,-1.3547,-2.4286,1.2501,-1.0225
pos,257,-1.3435,-2.4165,1.1849,-1.0378
input,257,-0.0266,0.0300,-0.0088,0.1509
target,257,-1.3547,-2.4286,1.2501,-1.0225
pos,258,-1.3435,-2.4165,1.1849,-1.0378
input,258,-0.0277,0.0356,-0.0075,0.1540
target,258,-1.3547,-2.4286,1.2501,-1.0225
pos,259,-1.3435,-2.4165,1.1849,-1.0378
input,259,-0.0287,0.0409,-0.0066,0.1560
target,259,-1.3547,-2.4286,1.2501,-1.0225
pos,260,-1.3435,-2.4165,1.1849,-1.0378
input,260,-0.0298,0.0455,-0.0045,0.1568
target,260,-1.3547,-2.4286,1.2501,-1.0225
pos,261,-1.3435,-2.4165,1.1849,-1.0378
input,261,-0.0306,0.0495,-0.0028,0.1565
target,261,-1.3547,-2.4286,1.2501,-1.0225
pos,262,-1.3435,-2.4165,1.1849,-1.0378
input,262,-0.0317,0.0522,-0.0012,0.1547
target,262,-1.3547,-2.4286,1.2501,-1.0225
pos,263,-1.3435,-2.4165,1.1849,-1.0378
input,263,-0.0322,0.0550,0.0012,0.1524
target,263,-1.3547,-2.4286,1.2501,-1.0225
pos,264,-1.3435,-2.4165,1.1849,-1.0378
input,264,-0.0321,0.0572,0.0036,0.1492
target,264,-1.3547,-2.4286,1.2501,-1.0225
pos,265,-1.3435,-2.4165,1.1849,-1.0378
input,265,-0.0321,0.0588,0.0059,0.1453
target,265,-1.3547,-2.4286,1.2501,-1.0225
pos,266,-1.3435,-2.4165,1.1849,-1.0378
input,266,-0.0324,0.0593,0.0076,0.1405
target,266,-1.3547,-2.4286,1.2501,-1.0225
pos,267,-1.3435,-2.4165,1.1849,-1.0378
input,267,-0.0318,0.0598,0.0096,0.1354
target,267,-1.3547,-2.4286,1.2501,-1.0225
pos,268,-1.3435,-2.4165,1.1849,-1.0378
input,268,-0.0308,0.0600,0.0116,0.1299
target,268,-1.3547,-2.4286,1.2501,-1.0225
pos,269,-1.3435,-2.4165,1.1849,-1.0378
input,269,-0.0299,0.0596,0.0132,0.1240
target,269,-1.3547,-2.4286,1.2501,-1.0225
pos,270,-1.3435,-2.4165,1.1849,-1.0378
input,270,-0.0288,0.0589,0.0148,0.1178
target,270,-1.3547,-2.4286,1.2501,-1.0225
pos,271,-1.3435,-2.4165,1.1849,-1.0378
input,271,-0.0276,0.0578,0.0160,0.1115
target,271,-1.3547,-2.4286,1.2501,-1.0225
pos,272,-1.3435,-2.4165,1.1849,-1.0378
input,272,-0.0269,0.0561,0.0168,0.1050
target,272,-1.3547,-2.4286,1.2501,-1.0225
pos,273,-1.3435,-2.4165,1.1849,-1.0378
input,273,-0.0257,0.0543,0.0177,0.0986
target,273,-1.3547,-2.4286,1.2501,-1.0225
pos,274,-1.3435,-2.4165,1.1849,-1.0378
input,274,-0.0245,0.0517,0.0185,0.0923
target,274,-1.3547,-2.4286,1.2501,-1.0225
pos,275,-1.3435,-2.4165,1.1849,-1.0378
input,275,-0.0236,0.0487,0.0191,0.0861
target,275,-1.3547,-2.4286,1.2501,-1.0225
pos,276,-1.3435,-2.4165,1.1849,-1.0378
input,276,-0.0228,0.0450,0.0196,0.0801
target,276,-1.3547,-2.4286,1.2501,-1.0225
pos,277,-1.3435,-2.4165,1.1849,-1.0378
input,277,-0.0222,0.0409,0.0198,0.0744
target,277,-1.3547,-2.4286,1.2501,-1.0225
pos,278,-1.3435,-2.4165,1.1849,-1.0378
input,278,-0.0218,0.0364,0.0200,0.0690
target,278,-1.3547,-2.4286,1.2501,-1.0225
pos,279,-1.3435,-2.4165,1.1849,-1.0378
input,279,-0.0215,0.0316,0.0199,0.0641
target,279,-1.3547,-2.4286,1.2501,-1.0225
pos,280,-1.3376,-2.4111,1.1622,-1.0133
input,280,-0.0214,0.0266,0.0198,0.0596
target,280,-1.3547,-2.4286,1.2501,-1.0225
pos,281,-1.3376,-2.4111,1.1622,-1.0133
input,281,-0.0213,0.0215,0.0196,0.0557
target,281,-1.3547,-2.4286,1.2501,-1.0225
pos,282,-1.3376,-2.4111,1.1622,-1.0133
input,282,-0.0207,0.0174,0.0191,0.0516
target,282,-1.3547,-2.4286,1.2501,-1.0225
pos,283,-1.3376,-2.4111,1.1622,-1.0133
input,283,-0.0206,0.0125,0.0187,0.0488
target,283,-1.3547,-2.4286,1.2501,-1.0225
pos,284,-1.3376,-2.4111,1.1622,-1.0133
input,284,-0.0251,0.0111,0.0157,0.0561
target,284,-1.3547,-2.4286,1.2501,-1.0225
pos,285,-1.3376,-2.4111,1.1622,-1.0133
input,285,-0.0267,0.0083,0.0139,0.0585
target,285,-1.3547,-2.4286,1.2501,-1.0225
pos,286,-1.3376,-2.4111,1.1622,-1.0133
input,286,-0.0308,0.0078,0.0106,0.0668
target,286,-1.3547,-2.4286,1.2501,-1.0225
pos,287,-1.3376,-2.4111,1.1622,-1.0133
input,287,-0.0329,0.0064,0.0082,0.0720
target,287,-1.3547,-2.4286,1.2501,-1.0225
pos,288,-1.3376,-2.4111,1.1622,-1.0133
input,288,-0.0362,0.0066,0.0049,0.0805
target,288,-1.3547,-2.4286,1.2501,-1.0225
pos,289,-1.3376,-2.4111,1.1622,-1.0133
input,289,-0.0374,0.0068,0.0026,0.0851
target,289,-1.3547,-2.4286,1.2501,-1.0225
pos,290,-1.3376,-2.4111,1.1622,-1.0133
input,290,-0.0391,0.0070,-0.0001,0.0917
target,290,-1.3547,-2.4286,1.2501,-1.0225
pos,291,-1.3376,-2.4111,1.1622,-1.0133
input,291,-0.0412,0.0081,-0.0031,0.1001
target,291,-1.3547,-2.4286,1.2501,-1.0225
pos,292,-1.3376,-2.4111,1.1622,-1.0133
input,292,-0.0422,0.0091,-0.0055,0.1066
target,292,-1.3547,-2.4286,1.2501,-1.0225
pos,293,-1.3376,-2.4111,1.1622,-1.0133
input,293,-0.0434,0.0107,-0.0080,0.1139
target,293,-1.3547,-2.4286,1.2501,-1.0225
pos,294,-1.3376,-2.4111,1.1622,-1.0133
input,294,-0.0438,0.0123,-0.0101,0.1198
target,294,-1.3547,-2.4286,1.2501,-1.0225
pos,295,-1.3376,-2.4111,1.1622,-1.0133
input,295,-0.0442,0.0144,-0.0121,0.1259
target,295,-1.3547,-2.4286,1.2501,-1.0225
pos,296,-1.3376,-2.4111,1.1622,-1.0133
input,296,-0.0441,0.0165,-0.0137,0.1309
target,296,-1.3547,-2.4286,1.2501,-1.0225
pos,297,-1.3376,-2.4111,1.1622,-1.0133
input,297,-0.0436,0.0185,-0.0148,0.1339
target,297,-1.3547,-2.4286,1.2501,-1.0225
pos,298,-1.3376,-2.4094,1.1629,-1.0386
input,298,-0.0433,0.0210,-0.0161,0.1383
target,298,-1.3547,-2.4286,1.2501,-1.0225
pos,299,-1.3345,-2.4060,1.1544,-1.0334
input,299,-0.0428,0.0237,-0.0171,0.1426
target,299,-1.3547,-2.4286,1.2501,-1.0225
pos,300,-1.3345,-2.4060,1.1544,-1.0334
input,300,-0.0422,0.0264,-0.0179,0.1459
target,300,-1.3547,-2.4286,1.2501,-1.0225
pos,301,-1.3345,-2.4060,1.1544,-1.0334
input,301,-0.0416,0.0296,-0.0172,0.1488
target,301,-1.3547,-2.4286,1.2501,-1.0225
pos,302,-1.3345,-2.4060,1.1544,-1.0334
input,302,-0.0421,0.0337,-0.0164,0.1527
target,302,-1.3547,-2.4286,1.2501,-1.0225
pos,303,-1.3345,-2.4060,1.1544,-1.0334
input,303,-0.0425,0.0379,-0.0148,0.1560
target,303,-1.3547,-2.4286,1.2501,-1.0225
pos,304,-1.3345,-2.4060,1.1544,-1.0334
input,304,-0.0434,0.0425,-0.0132,0.1596
target,304,-1.3547,-2.4286,1.2501,-1.0225
pos,305,-1.3345,-2.4060,1.1544,-1.0334
input,305,-0.0441,0.0467,-0.0111,0.1624
target,305,-1.3547,-2.4286,1.2501,-1.0225
pos,306,-1.3345,-2.4060,1.1544,-1.0334
input,306,-0.0450,0.0509,-0.0091,0.1651
target,306,-1.3547,-2.4286,1.2501,-1.0225
pos,307,-1.3345,-2.4060,1.1544,-1.0334
input,307,-0.0456,0.0547,-0.0069,0.1670
target,307,-1.3547,-2.4286,1.2501,-1.0225
pos,308,-1.3345,-2.4060,1.1544,-1.0334
input,308,-0.0462,0.0572,-0.0050,0.1668
target,308,-1.3547,-2.4286,1.2501,-1.0225
pos,309,-1.3345,-2.4060,1.1544,-1.0334
input,309,-0.0468,0.0603,-0.0029,0.1678
target,309,-1.3547,-2.4286,1.2501,-1.0225
pos,310,-1.3345,-2.4060,1.1544,-1.0334
input,310,-0.0469,0.0630,-0.0006,0.1683
target,310,-1.3547,-2.4286,1.2501,-1.0225
pos,311,-1.3345,-2.4060,1.1544,-1.0334
input,311,-0.0470,0.0651,0.0014,0.1680
target,311,-1.3547,-2.4286,1.2501,-1.0225
pos,312,-1.3345,-2.4060,1.1544,-1.0334
input,312,-0.0468,0.0667,0.0035,0.1672
target,312,-1.3547,-2.4286,1.2501,-1.0225
pos,313,-1.3345,-2.4060,1.1544,-1.0334
input,313,-0.0467,0.0676,0.0053,0.1655
target,313,-1.3547,-2.4286,1.2501,-1.0225
pos,314,-1.3345,-2.4060,1.1544,-1.0334
input,314,-0.0462,0.0680,0.0071,0.1634
target,314,-1.3547,-2.4286,1.2501,-1.0225
pos,315,-1.3306,-2.3986,1.1396,-1.0100
input,315,-0.0458,0.0679,0.0087,0.1607
target,315,-1.3547,-2.4286,1.2501,-1.0225
pos,316,-1.3306,-2.3986,1.1396,-1.0100
input,316,-0.0454,0.0670,0.0098,0.1567
target,316,-1.3547,-2.4286,1.2501,-1.0225
pos,317,-1.3306,-2.3986,1.1396,-1.0100
input,317,-0.0447,0.0659,0.0112,0.1531
target,317,-1.3547,-2.4286,1.2501,-1.0225
pos,318,-1.3306,-2.3986,1.1396,-1.0100
input,318,-0.0459,0.0667,0.0112,0.1526
target,318,-1.3547,-2.4286,1.2501,-1.0225
pos,319,-1.3377,-2.3718,1.1209,-1.0347
input,319,-0.0468,0.0669,0.0109,0.1513
target,319,-1.3547,-2.4286,1.2501,-1.0225
pos,320,-1.3381,-2.3682,1.1143,-1.0120
input,320,-0.0487,0.0678,0.0099,0.1516
target,320,-1.3547,-2.4286,1.2501,-1.0225
pos,321,-1.3403,-2.3629,1.1126,-1.0334
input,321,-0.0503,0.0679,0.0088,0.1512
target,321,-1.3547,-2.4286,1.2501,-1.0225
pos,322,-1.3403,-2.3629,1.1126,-1.0334
input,322,-0.0530,0.0756,0.0086,0.1553
target,322,-1.3547,-2.4286,1.2501,-1.0225
pos,323,-1.3403,-2.3629,1.1126,-1.0334
input,323,-0.0557,0.0826,0.0071,0.1599
target,323,-1.3547,-2.4286,1.2501,-1.0225
pos,324,-1.3404,-2.3624,1.1119,-1.0351
input,324,-0.0590,0.0941,0.0074,0.1670
target,324,-1.3547,-2.4286,1.2501,-1.0225
pos,325,-1.3403,-2.3610,1.1059,-1.0069
input,325,-0.0620,0.1037,0.0069,0.1737
target,325,-1.3547,-2.4286,1.2501,-1.0225
pos,326,-1.3408,-2.3595,1.1036,-1.0051
input,326,-0.0654,0.1146,0.0075,0.1812
target,326,-1.3547,-2.4286,1.2501,-1.0225
pos,327,-1.3409,-2.3591,1.1029,-1.0100
input,327,-0.0689,0.1209,0.0074,0.1848
target,327,-1.3547,-2.4286,1.2501,-1.0225
pos,328,-1.3410,-2.3582,1.1017,-1.0056
input,328,-0.0720,0.1289,0.0079,0.1915
target,328,-1.3547,-2.4286,1.2501,-1.0225
pos,329,-1.3411,-2.3572,1.0993,-1.0100
input,329,-0.0754,0.1373,0.0056,0.2012
target,329,-1.3547,-2.4286,1.2501,-1.0225
pos,330,-1.3416,-2.3564,1.0987,-1.0094
input,330,-0.0784,0.1429,0.0049,0.2080
target,330,-1.3547,-2.4286,1.2501,-1.0225
pos,331,-1.3416,-2.3564,1.0987,-1.0094
input,331,-0.0815,0.1481,0.0024,0.2163
target,331,-1.3547,-2.4286,1.2501,-1.0225
pos,332,-1.3416,-2.3564,1.0987,-1.0094
input,332,-0.0842,0.1512,0.0010,0.2227
target,332,-1.3547,-2.4286,1.2501,-1.0225
pos,333,-1.3418,-2.3547,1.0942,-1.0103
input,333,-0.0872,0.1522,-0.0005,0.2259
target,333,-1.3547,-2.4286,1.2501,-1.0225
pos,334,-1.3420,-2.3546,1.0938,-1.0095
input,334,-0.0894,0.1535,-0.0027,0.2320
target,334,-1.3547,-2.4286,1.2501,-1.0225
pos,335,-1.3415,-2.3535,1.0915,-1.0342
input,335,-0.0911,0.1532,-0.0044,0.2364
target,335,-1.3547,-2.4286,1.2501,-1.0225
pos,336,-1.3415,-2.3535,1.0915,-1.0342
input,336,-0.0923,0.1527,-0.0065,0.2421
target,336,-1.3547,-2.4286,1.2501,-1.0225
pos,337,-1.3415,-2.3535,1.0915,-1.0342
input,337,-0.0933,0.1509,-0.0081,0.2457
target,337,-1.3547,-2.4286,1.2501,-1.0225
pos,338,-1.3415,-2.3535,1.0915,-1.0342
input,338,-0.0940,0.1490,-0.0085,0.2501
target,338,-1.3547,-2.4286,1.2501,-1.0225
pos,339,-1.3415,-2.3535,1.0915,-1.0342
input,339,-0.0943,0.1461,-0.0085,0.2527
target,339,-1.3547,-2.4286,1.2501,-1.0225
pos,340,-1.3415,-2.3535,1.0915,-1.0342
input,340,-0.0943,0.1431,-0.0078,0.2555
target,340,-1.3547,-2.4286,1.2501,-1.0225
pos,341,-1.3415,-2.3535,1.0915,-1.0342
input,341,-0.0939,0.1394,-0.0069,0.2568
target,341,-1.3547,-2.4286,1.2501,-1.0225
pos,342,-1.3415,-2.3535,1.0915,-1.0342
input,342,-0.0933,0.1357,-0.0056,0.2580
target,342,-1.3547,-2.4286,1.2501,-1.0225
pos,343,-1.3415,-2.3535,1.0915,-1.0342
input,343,-0.0923,0.1316,-0.0042,0.2580
target,343,-1.3547,-2.4286,1.2501,-1.0225
pos,344,-1.3415,-2.3535,1.0915,-1.0342
input,344,-0.0910,0.1276,-0.0027,0.2577
target,344,-1.3547,-2.4286,1.2501,-1.0225
pos,345,-1.3415,-2.3535,1.0915,-1.0342
input,345,-0.0897,0.1226,-0.0015,0.2544
target,345,-1.3547,-2.4286,1.2501,-1.0225
pos,346,-1.3415,-2.3535,1.0915,-1.0342
input,346,-0.0880,0.1185,0.0001,0.2528
target,346,-1.3547,-2.4286,1.2501,-1.0225
pos,347,-1.3415,-2.3535,1.0915,-1.0342
input,347,-0.0861,0.1145,0.0016,0.2508
target,347,-1.3547,-2.4286,1.2501,-1.0225
pos,348,-1.3415,-2.3535,1.0915,-1.0342
input,348,-0.0839,0.1110,0.0032,0.2491
target,348,-1.3547,-2.4286,1.2501,-1.0225
pos,349,-1.3415,-2.3535,1.0915,-1.0342
input,349,-0.0818,0.1073,0.0046,0.2463
target,349,-1.3547,-2.4286,1.2501,-1.0225
pos,350,-1.3415,-2.3535,1.0915,-1.0342
input,350,-0.0795,0.1040,0.0060,0.2437
target,350,-1.3547,-2.4286,1.2501,-1.0225
pos,351,-1.3437,-2.3493,1.0805,-1.0448
input,351,-0.0773,0.1007,0.0072,0.2402
target,351,-1.3547,-2.4286,1.2501,-1.0225
pos,352,-1.3442,-2.3488,1.0726,-1.0077
input,352,-0.0750,0.0976,0.0083,0.2368
target,352,-1.3547,-2.4286,1.2501,-1.0225
pos,353,-1.3443,-2.3490,1.0725,-1.0030
input,353,-0.0728,0.0947,0.0093,0.2329
target,353,-1.3547,-2.4286,1.2501,-1.0225
pos,354,-1.3443,-2.3490,1.0725,-1.0030
input,354,-0.0706,0.0910,0.0099,0.2270
target,354,-1.3547,-2.4286,1.2501,-1.0225
pos,355,-1.3450,-2.3488,1.0696,-1.0066
input,355,-0.0683,0.0901,0.0115,0.2262
target,355,-1.3547,-2.4286,1.2501,-1.0225
pos,356,-1.3451,-2.3487,1.0684,-1.0042
input,356,-0.0667,0.0905,0.0087,0.2290
target,356,-1.3547,-2.4286,1.2501,-1.0225
pos,357,-1.3463,-2.3484,1.0674,-1.0179
input,357,-0.0650,0.0906,0.0080,0.2300
target,357,-1.3547,-2.4286,1.2501,-1.0225
pos,358,-1.3463,-2.3485,1.0668,-1.0121
input,358,-0.0636,0.0915,0.0051,0.2336
target,358,-1.3547,-2.4286,1.2501,-1.0225
pos,359,-1.3463,-2.3485,1.0668,-1.0121
input,359,-0.0623,0.0923,0.0034,0.2359
target,359,-1.3547,-2.4286,1.2501,-1.0225
pos,360,-1.3461,-2.3485,1.0661,-1.0104
input,360,-0.0609,0.0936,0.0012,0.2396
target,360,-1.3547,-2.4286,1.2501,-1.0225
pos,361,-1.3461,-2.3485,1.0661,-1.0104
input,361,-0.0597,0.0949,-0.0005,0.2423
target,361,-1.3547,-2.4286,1.2501,-1.0225
pos,362,-1.3463,-2.3483,1.0636,-1.0070
input,362,-0.0587,0.0965,-0.0024,0.2455
target,362,-1.3547,-2.4286,1.2501,-1.0225
pos,363,-1.3463,-2.3483,1.0636,-1.0070
input,363,-0.0581,0.0961,-0.0038,0.2450
target,363,-1.3547,-2.4286,1.2501,-1.0225
pos,364,-1.3463,-2.3483,1.0636,-1.0070
input,364,-0.0576,0.0979,-0.0053,0.2474
target,364,-1.3547,-2.4286,1.2501,-1.0225
pos,365,-1.3463,-2.3483,1.0636,-1.0070
input,365,-0.0571,0.1010,-0.0071,0.2514
target,365,-1.3547,-2.4286,1.2501,-1.0225
pos,366,-1.3465,-2.3479,1.0610,-1.0356
input,366,-0.0571,0.1033,-0.0085,0.2537
target,366,-1.3547,-2.4286,1.2501,-1.0225
pos,367,-1.3465,-2.3479,1.0610,-1.0356
input,367,-0.0573,0.1064,-0.0101,0.2567
target,367,-1.3547,-2.4286,1.2501,-1.0225
pos,368,-1.3465,-2.3479,1.0610,-1.0356
input,368,-0.0578,0.1089,-0.0114,0.2586
target,368,-1.3547,-2.4286,1.2501,-1.0225
pos,369,-1.3465,-2.3479,1.0610,-1.0356
input,369,-0.0583,0.1118,-0.0111,0.2613
target,369,-1.3547,-2.4286,1.2501,-1.0225
pos,370,-1.3465,-2.3479,1.0610,-1.0356
input,370,-0.0590,0.1143,-0.0106,0.2631
target,370,-1.3547,-2.4286,1.2501,-1.0225
pos,371,-1.3465,-2.3479,1.0610,-1.0356
input,371,-0.0598,0.1170,-0.0091,0.2652
target,371,-1.3547,-2.4286,1.2501,-1.0225
pos,372,-1.3465,-2.3479,1.0610,-1.0356
input,372,-0.0608,0.1193,-0.0076,0.2667
target,372,-1.3547,-2.4286,1.2501,-1.0225
pos,373,-1.3465,-2.3479,1.0610,-1.0356
input,373,-0.0620,0.1216,-0.0056,0.2683
target,373,-1.3547,-2.4286,1.2501,-1.0225
pos,374,-1.3465,-2.3479,1.0610,-1.0356
input,374,-0.0634,0.1214,-0.0041,0.2662
target,374,-1.3547,-2.4286,1.2501,-1.0225
pos,375,-1.3465,-2.3479,1.0610,-1.0356
input,375,-0.0647,0.1232,-0.0020,0.2671
target,375,-1.3547,-2.4286,1.2501,-1.0225
pos,376,-1.3465,-2.3479,1.0610,-1.0356
input,376,-0.0660,0.1257,0.0003,0.2692
target,376,-1.3547,-2.4286,1.2501,-1.0225
pos,377,-1.3488,-2.3474,1.0612,-1.0314
input,377,-0.0674,0.1270,0.0023,0.2699
target,377,-1.3547,-2.4286,1.2501,-1.0225
pos,378,-1.3497,-2.3486,1.0539,-1.0058
input,378,-0.0688,0.1286,0.0043,0.2712
target,378,-1.3547,-2.4286,1.2501,-1.0225
pos,379,-1.3497,-2.3487,1.0538,-1.0064
input,379,-0.0703,0.1293,0.0061,0.2714
target,379,-1.3547,-2.4286,1.2501,-1.0225
pos,380,-1.3497,-2.3487,1.0538,-1.0064
input,380,-0.0719,0.1282,0.0075,0.2687
target,380,-1.3547,-2.4286,1.2501,-1.0225
pos,381,-1.3497,-2.3487,1.0538,-1.0064
input,381,-0.0726,0.1287,0.0088,0.2690
target,381,-1.3547,-2.4286,1.2501,-1.0225
pos,382,-1.3508,-2.3484,1.0564,-1.0317
input,382,-0.0730,0.1290,0.0070,0.2730
target,382,-1.3547,-2.4286,1.2501,-1.0225
pos,383,-1.3509,-2.3486,1.0559,-1.0406
input,383,-0.0737,0.1273,0.0067,0.2713
target,383,-1.3547,-2.4286,1.2501,-1.0225
pos,384,-1.3509,-2.3486,1.0559,-1.0406
input,384,-0.0741,0.1268,0.0055,0.2728
target,384,-1.3547,-2.4286,1.2501,-1.0225
pos,385,-1.3509,-2.3486,1.0559,-1.0406
input,385,-0.0748,0.1239,0.0046,0.2698
target,385,-1.3547,-2.4286,1.2501,-1.0225
pos,386,-1.3505,-2.3487,1.0556,-1.0532
input,386,-0.0754,0.1205,0.0037,0.2654
target,386,-1.3547,-2.4286,1.2501,-1.0225
pos,387,-1.3506,-2.3493,1.0548,-1.0342
input,387,-0.0743,0.1211,0.0026,0.2717
target,387,-1.3547,-2.4286,1.2501,-1.0225
pos,388,-1.3506,-2.3493,1.0548,-1.0342
input,388,-0.0732,0.1198,0.0054,0.2724
target,388,-1.3547,-2.4286,1.2501,-1.0225
pos,389,-1.3506,-2.3493,1.0548,-1.0342
input,389,-0.0722,0.1191,0.0064,0.2760
target,389,-1.3547,-2.4286,1.2501,-1.0225
pos,390,-1.3506,-2.3493,1.0548,-1.0342
input,390,-0.0713,0.1172,0.0086,0.2762
target,390,-1.3547,-2.4286,1.2501,-1.0225
pos,391,-1.3493,-2.3506,1.0502,-1.0154
input,391,-0.0704,0.1157,0.0096,0.2781
target,391,-1.3547,-2.4286,1.2501,-1.0225
pos,392,-1.3492,-2.3506,1.0500,-1.0138
input,392,-0.0698,0.1126,0.0106,0.2755
target,392,-1.3547,-2.4286,1.2501,-1.0225
pos,393,-1.3492,-2.3506,1.0500,-1.0138
input,393,-0.0689,0.1104,0.0120,0.2748
target,393,-1.3547,-2.4286,1.2501,-1.0225
pos,394,-1.3492,-2.3507,1.0500,-1.0089
input,394,-0.0685,0.1089,0.0118,0.2769
target,394,-1.3547,-2.4286,1.2501,-1.0225
pos,395,-1.3494,-2.3505,1.0523,-1.0344
input,395,-0.0681,0.1068,0.0116,0.2768
target,395,-1.3547,-2.4286,1.2501,-1.0225
pos,396,-1.3493,-2.3507,1.0520,-1.0348
input,396,-0.0680,0.1052,0.0104,0.2782
target,396,-1.3547,-2.4286,1.2501,-1.0225
pos,397,-1.3493,-2.3507,1.0520,-1.0348
input,397,-0.0678,0.1034,0.0090,0.2782
target,397,-1.3547,-2.4286,1.2501,-1.0225
pos,398,-1.3493,-2.3507,1.0520,-1.0348
input,398,-0.0675,0.1020,0.0085,0.2785
target,398,-1.3547,-2.4286,1.2501,-1.0225
pos,399,-1.3492,-2.3508,1.0520,-1.0347
input,399,-0.0671,0.1005,0.0080,0.2779
target,399,-1.3547,-2.4286,1.2501,-1.0225
pos,400,-1.3492,-2.3508,1.0520,-1.0347
input,400,-0.0666,0.0993,0.0079,0.2775
target,400,-1.3547,-2.4286,1.2501,-1.0225
pos,401,-1.3492,-2.3508,1.0520,-1.0347
input,401,-0.0662,0.0969,0.0075,0.2737
target,401,-1.3547,-2.4286,1.2501,-1.0225
pos,402,-1.3492,-2.3508,1.0520,-1.0347
input,402,-0.0656,0.0960,0.0075,0.2726
target,402,-1.3547,-2.4286,1.2501,-1.0225
pos,403,-1.3492,-2.3508,1.0520,-1.0347
input,403,-0.0649,0.0963,0.0079,0.2730
target,403,-1.3547,-2.4286,1.2501,-1.0225
pos,404,-1.3492,-2.3508,1.0520,-1.0347
input,404,-0.0642,0.0960,0.0081,0.2720
target,404,-1.3547,-2.4286,1.2501,-1.0225
pos,405,-1.3492,-2.3508,1.0520,-1.0347
input,405,-0.0635,0.0965,0.0084,0.2719
target,405,-1.3547,-2.4286,1.2501,-1.0225
pos,406,-1.3492,-2.3508,1.0520,-1.0347
input,406,-0.0628,0.0968,0.0086,0.2710
target,406,-1.3547,-2.4286,1.2501,-1.0225
pos,407,-1.3492,-2.3508,1.0520,-1.0347
input,407,-0.0622,0.0976,0.0089,0.2706
target,407,-1.3547,-2.4286,1.2501,-1.0225
pos,408,-1.3492,-2.3508,1.0520,-1.0347
input,408,-0.0616,0.0983,0.0091,0.2698
target,408,-1.3547,-2.4286,1.2501,-1.0225
pos,409,-1.3492,-2.3508,1.0520,-1.0347
input,409,-0.0611,0.0994,0.0092,0.2693
target,409,-1.3547,-2.4286,1.2501,-1.0225
pos,410,-1.3466,-2.3539,1.0478,-1.0078
input,410,-0.0607,0.1004,0.0094,0.2687
target,410,-1.3547,-2.4286,1.2501,-1.0225
pos,411,-1.3466,-2.3539,1.0478,-1.0078
input,411,-0.0605,0.0996,0.0093,0.2649
target,411,-1.3547,-2.4286,1.2501,-1.0225
pos,412,-1.3465,-2.3544,1.0477,-1.0108
input,412,-0.0603,0.1009,0.0095,0.2645
target,412,-1.3547,-2.4286,1.2501,-1.0225
pos,413,-1.3465,-2.3544,1.0477,-1.0108
input,413,-0.0605,0.1026,0.0081,0.2662
target,413,-1.3547,-2.4286,1.2501,-1.0225
pos,414,-1.3464,-2.3547,1.0471,-1.0187
input,414,-0.0610,0.1036,0.0067,0.2669
target,414,-1.3547,-2.4286,1.2501,-1.0225
pos,415,-1.3459,-2.3549,1.0456,-1.0101
input,415,-0.0617,0.1046,0.0046,0.2688
target,415,-1.3547,-2.4286,1.2501,-1.0225
pos,416,-1.3459,-2.3549,1.0456,-1.0101
input,416,-0.0626,0.1054,0.0026,0.2699
target,416,-1.3547,-2.4286,1.2501,-1.0225
pos,417,-1.3459,-2.3549,1.0456,-1.0101
input,417,-0.0634,0.1062,0.0007,0.2718
target,417,-1.3547,-2.4286,1.2501,-1.0225
pos,418,-1.3458,-2.3551,1.0453,-1.0136
input,418,-0.0645,0.1069,-0.0016,0.2734
target,418,-1.3547,-2.4286,1.2501,-1.0225
pos,419,-1.3448,-2.3563,1.0425,-1.0177
input,419,-0.0656,0.1076,-0.0036,0.2754
target,419,-1.3547,-2.4286,1.2501,-1.0225
pos,420,-1.3447,-2.3564,1.0423,-1.0175
input,420,-0.0667,0.1083,-0.0058,0.2771
target,420,-1.3547,-2.4286,1.2501,-1.0225
pos,421,-1.3445,-2.3565,1.0420,-1.0137
input,421,-0.0678,0.1089,-0.0075,0.2790
target,421,-1.3547,-2.4286,1.2501,-1.0225
pos,422,-1.3445,-2.3565,1.0420,-1.0137
input,422,-0.0689,0.1093,-0.0090,0.2812
target,422,-1.3547,-2.4286,1.2501,-1.0225
pos,423,-1.3444,-2.3567,1.0418,-1.0162
input,423,-0.0700,0.1097,-0.0101,0.2833
target,423,-1.3547,-2.4286,1.2501,-1.0225
pos,424,-1.3434,-2.3571,1.0409,-1.0251
input,424,-0.0709,0.1084,-0.0109,0.2816
target,424,-1.3547,-2.4286,1.2501,-1.0225
pos,425,-1.3434,-2.3571,1.0409,-1.0251
input,425,-0.0720,0.1086,-0.0117,0.2838
target,425,-1.3547,-2.4286,1.2501,-1.0225
pos,426,-1.3434,-2.3571,1.0409,-1.0251
input,426,-0.0727,0.1094,-0.0123,0.2873
target,426,-1.3547,-2.4286,1.2501,-1.0225
pos,427,-1.3431,-2.3579,1.0397,-1.0103
input,427,-0.0736,0.1095,-0.0122,0.2894
target,427,-1.3547,-2.4286,1.2501,-1.0225
pos,428,-1.3431,-2.3579,1.0397,-1.0103
input,428,-0.0743,0.1099,-0.0119,0.2921
target,428,-1.3547,-2.4286,1.2501,-1.0225
pos,429,-1.3431,-2.3579,1.0397,-1.0103
input,429,-0.0750,0.1099,-0.0112,0.2939
target,429,-1.3547,-2.4286,1.2501,-1.0225
pos,430,-1.3431,-2.3579,1.0397,-1.0103
input,430,-0.0756,0.1099,-0.0112,0.2961
target,430,-1.3547,-2.4286,1.2501,-1.0225
pos,431,-1.3431,-2.3579,1.0397,-1.0103
input,431,-0.0761,0.1084,-0.0107,0.2942
target,431,-1.3547,-2.4286,1.2501,-1.0225
pos,432,-1.3430,-2.3582,1.0403,-1.0369
input,432,-0.0765,0.1081,-0.0107,0.2955
target,432,-1.3547,-2.4286,1.2501,-1.0225
pos,433,-1.3430,-2.3582,1.0403,-1.0369
input,433,-0.0768,0.1084,-0.0110,0.2983
target,433,-1.3547,-2.4286,1.2501,-1.0225
pos,434,-1.3430,-2.3582,1.0403,-1.0369
input,434,-0.0770,0.1081,-0.0111,0.2992
target,434,-1.3547,-2.4286,1.2501,-1.0225
pos,435,-1.3430,-2.3582,1.0403,-1.0369
input,435,-0.0769,0.1079,-0.0099,0.3007
target,435,-1.3547,-2.4286,1.2501,-1.0225
pos,436,-1.3430,-2.3582,1.0403,-1.0369
input,436,-0.0767,0.1073,-0.0086,0.3011
target,436,-1.3547,-2.4286,1.2501,-1.0225
pos,437,-1.3418,-2.3595,1.0357,-1.0402
input,437,-0.0763,0.1068,-0.0065,0.3016
target,437,-1.3547,-2.4286,1.2501,-1.0225
pos,438,-1.3398,-2.3611,1.0299,-1.0309
input,438,-0.0758,0.1060,-0.0044,0.3014
target,438,-1.3547,-2.4286,1.2501,-1.0225
pos,439,-1.3398,-2.3611,1.0299,-1.0309
input,439,-0.0751,0.1054,-0.0019,0.3013
target,439,-1.3547,-2.4286,1.2501,-1.0225
pos,440,-1.3398,-2.3611,1.0299,-1.0309
input,440,-0.0746,0.1043,0.0006,0.3015
target,440,-1.3547,-2.4286,1.2501,-1.0225
pos,441,-1.3398,-2.3611,1.0299,-1.0309
input,441,-0.0745,0.1031,0.0027,0.3030
target,441,-1.3547,-2.4286,1.2501,-1.0225
pos,442,-1.3381,-2.3633,1.0239,-1.0131
input,442,-0.0744,0.1019,0.0048,0.3044
target,442,-1.3547,-2.4286,1.2501,-1.0225
pos,443,-1.3379,-2.3637,1.0230,-1.0114
input,443,-0.0744,0.1007,0.0066,0.3063
target,443,-1.3547,-2.4286,1.2501,-1.0225
pos,444,-1.3376,-2.3639,1.0217,-1.0165
input,444,-0.0743,0.0996,0.0083,0.3080
target,444,-1.3547,-2.4286,1.2501,-1.0225
pos,445,-1.3375,-2.3636,1.0241,-1.0444
input,445,-0.0740,0.0974,0.0095,0.3057
target,445,-1.3547,-2.4286,1.2501,-1.0225
pos,446,-1.3375,-2.3636,1.0241,-1.0444
input,446,-0.0743,0.0960,0.0093,0.3091
target,446,-1.3547,-2.4286,1.2501,-1.0225
pos,447,-1.3376,-2.3641,1.0238,-1.0384
input,447,-0.0746,0.0953,0.0090,0.3139
target,447,-1.3547,-2.4286,1.2501,-1.0225
pos,448,-1.3376,-2.3641,1.0238,-1.0384
input,448,-0.0748,0.0942,0.0099,0.3169
target,448,-1.3547,-2.4286,1.2501,-1.0225
pos,449,-1.3376,-2.3641,1.0238,-1.0384
input,449,-0.0747,0.0937,0.0108,0.3204
target,449,-1.3547,-2.4286,1.2501,-1.0225
pos,450,-1.3363,-2.3663,1.0184,-1.0158
input,450,-0.0744,0.0919,0.0112,0.3192
target,450,-1.3547,-2.4286,1.2501,-1.0225
pos,451,-1.3363,-2.3663,1.0184,-1.0158
input,451,-0.0740,0.0913,0.0125,0.3210
target,451,-1.3547,-2.4286,1.2501,-1.0225
pos,452,-1.3363,-2.3663,1.0184,-1.0158
input,452,-0.0735,0.0917,0.0138,0.3240
target,452,-1.3547,-2.4286,1.2501,-1.0225
pos,453,-1.3363,-2.3663,1.0184,-1.0158
input,453,-0.0733,0.0911,0.0137,0.3261
target,453,-1.3547,-2.4286,1.2501,-1.0225
pos,454,-1.3363,-2.3663,1.0184,-1.0158
input,454,-0.0729,0.0913,0.0136,0.3285
target,454,-1.3547,-2.4286,1.2501,-1.0225
pos,455,-1.3363,-2.3663,1.0184,-1.0158
input,455,-0.0727,0.0910,0.0126,0.3302
target,455,-1.3547,-2.4286,1.2501,-1.0225
pos,456,-1.3363,-2.3663,1.0184,-1.0158
input,456,-0.0724,0.0913,0.0116,0.3319
target,456,-1.3547,-2.4286,1.2501,-1.0225
pos,457,-1.3364,-2.3666,1.0188,-1.0167
input,457,-0.0720,0.0902,0.0105,0.3292
target,457,-1.3547,-2.4286,1.2501,-1.0225
pos,458,-1.3364,-2.3666,1.0188,-1.0167
input,458,-0.0717,0.0904,0.0089,0.3298
target,458,-1.3547,-2.4286,1.2501,-1.0225
pos,459,-1.3364,-2.3666,1.0188,-1.0167
input,459,-0.0716,0.0915,0.0071,0.3317
target,459,-1.3547,-2.4286,1.2501,-1.0225
pos,460,-1.3353,-2.3704,1.0172,-1.0087
input,460,-0.0713,0.0920,0.0054,0.3316
target,460,-1.3547,-2.4286,1.2501,-1.0225
pos,461,-1.3352,-2.3710,1.0173,-1.0115
input,461,-0.0711,0.0930,0.0038,0.3322
target,461,-1.3547,-2.4286,1.2501,-1.0225
pos,462,-1.3349,-2.3711,1.0169,-1.0058
input,462,-0.0709,0.0937,0.0022,0.3316
target,462,-1.3547,-2.4286,1.2501,-1.0225
pos,463,-1.3349,-2.3714,1.0169,-1.0075
input,463,-0.0708,0.0937,0.0002,0.3316
target,463,-1.3547,-2.4286,1.2501,-1.0225
pos,464,-1.3349,-2.3717,1.0174,-1.0076
input,464,-0.0706,0.0934,-0.0015,0.3307
target,464,-1.3547,-2.4286,1.2501,-1.0225
pos,465,-1.3349,-2.3717,1.0174,-1.0076
input,465,-0.0703,0.0921,-0.0030,0.3263
target,465,-1.3547,-2.4286,1.2501,-1.0225
pos,466,-1.3343,-2.3722,1.0173,-1.0361
input,466,-0.0703,0.0915,-0.0052,0.3257
target,466,-1.3547,-2.4286,1.2501,-1.0225
pos,467,-1.3343,-2.3722,1.0173,-1.0361
input,467,-0.0703,0.0912,-0.0073,0.3261
target,467,-1.3547,-2.4286,1.2501,-1.0225
pos,468,-1.3354,-2.3719,1.0209,-1.0484
input,468,-0.0703,0.0906,-0.0093,0.3253
target,468,-1.3547,-2.4286,1.2501,-1.0225
pos,469,-1.3354,-2.3719,1.0209,-1.0484
input,469,-0.0703,0.0901,-0.0096,0.3250
target,469,-1.3547,-2.4286,1.2501,-1.0225
pos,470,-1.3352,-2.3721,1.0215,-1.0512
input,470,-0.0703,0.0896,-0.0097,0.3240
target,470,-1.3547,-2.4286,1.2501,-1.0225
pos,471,-1.3352,-2.3721,1.0215,-1.0512
input,471,-0.0698,0.0891,-0.0081,0.3226
target,471,-1.3547,-2.4286,1.2501,-1.0225
pos,472,-1.3352,-2.3721,1.0215,-1.0512
input,472,-0.0694,0.0887,-0.0064,0.3207
target,472,-1.3547,-2.4286,1.2501,-1.0225
pos,473,-1.3355,-2.3733,1.0239,-1.0376
input,473,-0.0687,0.0873,-0.0050,0.3154
target,473,-1.3547,-2.4286,1.2501,-1.0225
pos,474,-1.3352,-2.3733,1.0240,-1.0440
input,474,-0.0681,0.0870,-0.0018,0.3131
target,474,-1.3547,-2.4286,1.2501,-1.0225
pos,475,-1.3349,-2.3733,1.0244,-1.0484
input,475,-0.0675,0.0873,0.0016,0.3121
target,475,-1.3547,-2.4286,1.2501,-1.0225
pos,476,-1.3350,-2.3734,1.0246,-1.0423
input,476,-0.0667,0.0869,0.0043,0.3094
target,476,-1.3547,-2.4286,1.2501,-1.0225
pos,477,-1.3350,-2.3734,1.0246,-1.0423
input,477,-0.0661,0.0869,0.0072,0.3076
target,477,-1.3547,-2.4286,1.2501,-1.0225
pos,478,-1.3350,-2.3734,1.0246,-1.0423
input,478,-0.0656,0.0865,0.0099,0.3048
target,478,-1.3547,-2.4286,1.2501,-1.0225
pos,479,-1.3350,-2.3734,1.0246,-1.0423
input,479,-0.0652,0.0865,0.0122,0.3028
target,479,-1.3547,-2.4286,1.2501,-1.0225
pos,480,-1.3350,-2.3734,1.0246,-1.0423
input,480,-0.0646,0.0851,0.0139,0.2971
target,480,-1.3547,-2.4286,1.2501,-1.0225
pos,481,-1.3349,-2.3734,1.0249,-1.0482
input,481,-0.0643,0.0849,0.0157,0.2947
target,481,-1.3547,-2.4286,1.2501,-1.0225
pos,482,-1.3349,-2.3734,1.0249,-1.0482
input,482,-0.0642,0.0853,0.0174,0.2945
target,482,-1.3547,-2.4286,1.2501,-1.0225
pos,483,-1.3344,-2.3744,1.0249,-1.0123
input,483,-0.0641,0.0852,0.0187,0.2928
target,483,-1.3547,-2.4286,1.2501,-1.0225
pos,484,-1.3326,-2.3738,1.0238,-1.0813
input,484,-0.0641,0.0854,0.0202,0.2926
target,484,-1.3547,-2.4286,1.2501,-1.0225
pos,485,-1.3335,-2.3737,1.0250,-1.0326
input,485,-0.0642,0.0853,0.0215,0.2916
target,485,-1.3547,-2.4286,1.2501,-1.0225
pos,486,-1.3342,-2.3737,1.0255,-1.0114
input,486,-0.0646,0.0854,0.0207,0.2916
target,486,-1.3547,-2.4286,1.2501,-1.0225
pos,487,-1.3342,-2.3737,1.0255,-1.0114
input,487,-0.0652,0.0853,0.0236,0.2915
target,487,-1.3547,-2.4286,1.2501,-1.0225
pos,488,-1.3342,-2.3737,1.0255,-1.0114
input,488,-0.0659,0.0854,0.0227,0.2918
target,488,-1.3547,-2.4286,1.2501,-1.0225
pos,489,-1.3342,-2.3736,1.0259,-1.0115
input,489,-0.0665,0.0855,0.0226,0.2921
target,489,-1.3547,-2.4286,1.2501,-1.0225
pos,490,-1.3347,-2.3731,1.0280,-1.0068
input,490,-0.0673,0.0858,0.0202,0.2927
target,490,-1.3547,-2.4286,1.2501,-1.0225
pos,491,-1.3343,-2.3733,1.0284,-1.0082
input,491,-0.0676,0.0849,0.0187,0.2894
target,491,-1.3547,-2.4286,1.2501,-1.0225
pos,492,-1.3343,-2.3733,1.0284,-1.0082
input,492,-0.0683,0.0852,0.0162,0.2902
target,492,-1.3547,-2.4286,1.2501,-1.0225
pos,493,-1.3344,-2.3728,1.0295,-1.0103
input,493,-0.0690,0.0863,0.0125,0.2922
target,493,-1.3547,-2.4286,1.2501,-1.0225
pos,494,-1.3344,-2.3728,1.0295,-1.0103
input,494,-0.0697,0.0868,0.0094,0.2929
target,494,-1.3547,-2.4286,1.2501,-1.0225
pos,495,-1.3344,-2.3728,1.0295,-1.0103
input,495,-0.0703,0.0877,0.0057,0.2943
target,495,-1.3547,-2.4286,1.2501,-1.0225
pos,496,-1.3337,-2.3716,1.0301,-1.0378
input,496,-0.0709,0.0885,0.0026,0.2948
target,496,-1.3547,-2.4286,1.2501,-1.0225
pos,497,-1.3337,-2.3716,1.0301,-1.0378
input,497,-0.0715,0.0894,-0.0007,0.2958
target,497,-1.3547,-2.4286,1.2501,-1.0225
pos,498,-1.3349,-2.3718,1.0317,-1.0059
input,498,-0.0717,0.0890,-0.0032,0.2928
target,498,-1.3547,-2.4286,1.2501,-1.0225
pos,499,-1.3349,-2.3718,1.0317,-1.0059
input,499,-0.0721,0.0898,-0.0058,0.2933
target,499,-1.3547,-2.4286,1.2501,-1.0225
pos,500,-1.3349,-2.3718,1.0317,-1.0059
input,500,-0.0728,0.0915,-0.0054,0.2954
target,500,-1.3547,-2.4286,1.2501,-1.0225
pos,501,-1.3352,-2.3710,1.0350,-1.0324
input,501,-0.0731,0.0924,-0.0079,0.2957
target,501,-1.3547,-2.4286,1.2501,-1.0225
pos,502,-1.3352,-2.3710,1.0350,-1.0324
input,502,-0.0733,0.0923,-0.0085,0.2931
target,502,-1.3547,-2.4286,1.2501,-1.0225
pos,503,-1.3352,-2.3710,1.0350,-1.0324
input,503,-0.0736,0.0935,-0.0096,0.2942
target,503,-1.3547,-2.4286,1.2501,-1.0225
pos,504,-1.3352,-2.3710,1.0350,-1.0324
input,504,-0.0736,0.0948,-0.0106,0.2953
target,504,-1.3547,-2.4286,1.2501,-1.0225
pos,505,-1.3352,-2.3710,1.0350,-1.0324
input,505,-0.0736,0.0957,-0.0105,0.2956
target,505,-1.3547,-2.4286,1.2501,-1.0225
pos,506,-1.3352,-2.3710,1.0350,-1.0324
input,506,-0.0735,0.0965,-0.0103,0.2961
target,506,-1.3547,-2.4286,1.2501,-1.0225
pos,507,-1.3352,-2.3710,1.0350,-1.0324
input,507,-0.0733,0.0971,-0.0094,0.2960
target,507,-1.3547,-2.4286,1.2501,-1.0225
pos,508,-1.3352,-2.3710,1.0350,-1.0324
input,508,-0.0731,0.0964,-0.0088,0.2926
target,508,-1.3547,-2.4286,1.2501,-1.0225
pos,509,-1.3355,-2.3706,1.0366,-1.0350
input,509,-0.0728,0.0967,-0.0077,0.2925
target,509,-1.3547,-2.4286,1.2501,-1.0225
pos,510,-1.3355,-2.3706,1.0366,-1.0350
input,510,-0.0726,0.0973,-0.0063,0.2938
target,510,-1.3547,-2.4286,1.2501,-1.0225
pos,511,-1.3362,-2.3689,1.0418,-1.0131
input,511,-0.0723,0.0973,-0.0049,0.2939
target,511,-1.3547,-2.4286,1.2501,-1.0225
pos,512,-1.3362,-2.3689,1.0418,-1.0131
input,512,-0.0720,0.0975,-0.0033,0.2944
target,512,-1.3547,-2.4286,1.2501,-1.0225
pos,513,-1.3361,-2.3688,1.0419,-1.0147
input,513,-0.0717,0.0973,-0.0018,0.2942
target,513,-1.3547,-2.4286,1.2501,-1.0225
pos,514,-1.3361,-2.3688,1.0419,-1.0147
input,514,-0.0714,0.0977,-0.0014,0.2931
target,514,-1.3547,-2.4286,1.2501,-1.0225
pos,515,-1.3366,-2.3683,1.0438,-1.0153
input,515,-0.0710,0.0977,-0.0011,0.2918
target,515,-1.3547,-2.4286,1.2501,-1.0225
pos,516,-1.3366,-2.3683,1.0438,-1.0153
input,516,-0.0708,0.0981,-0.0014,0.2900
target,516,-1.3547,-2.4286,1.2501,-1.0225
pos,517,-1.3372,-2.3679,1.0466,-1.0139
input,517,-0.0706,0.0981,-0.0017,0.2882
target,517,-1.3547,-2.4286,1.2501,-1.0225
pos,518,-1.3372,-2.3679,1.0466,-1.0139
input,518,-0.0703,0.0984,-0.0022,0.2858
target,518,-1.3547,-2.4286,1.2501,-1.0225
pos,519,-1.3381,-2.3670,1.0512,-1.0145
input,519,-0.0700,0.0972,-0.0025,0.2806
target,519,-1.3547,-2.4286,1.2501,-1.0225
pos,520,-1.3380,-2.3669,1.0514,-1.0128
input,520,-0.0697,0.0972,-0.0030,0.2783
target,520,-1.3547,-2.4286,1.2501,-1.0225
pos,521,-1.3382,-2.3668,1.0527,-1.0133
input,521,-0.0692,0.0978,-0.0038,0.2762
target,521,-1.3547,-2.4286,1.2501,-1.0225
pos,522,-1.3381,-2.3670,1.0530,-1.0121
input,522,-0.0686,0.0979,-0.0043,0.2728
target,522,-1.3547,-2.4286,1.2501,-1.0225
pos,523,-1.3386,-2.3663,1.0556,-1.0142
input,523,-0.0681,0.0982,-0.0049,0.2699
target,523,-1.3547,-2.4286,1.2501,-1.0225
pos,524,-1.3383,-2.3665,1.0562,-1.0126
input,524,-0.0675,0.0982,-0.0054,0.2661
target,524,-1.3547,-2.4286,1.2501,-1.0225
pos,525,-1.3389,-2.3659,1.0580,-1.0162
input,525,-0.0670,0.0982,-0.0060,0.2628
target,525,-1.3547,-2.4286,1.2501,-1.0225
pos,526,-1.3389,-2.3659,1.0580,-1.0162
input,526,-0.0665,0.0981,-0.0062,0.2587
target,526,-1.3547,-2.4286,1.2501,-1.0225
pos,527,-1.3389,-2.3649,1.0632,-1.0477
input,527,-0.0661,0.0979,-0.0066,0.2551
target,527,-1.3547,-2.4286,1.2501,-1.0225
pos,528,-1.3392,-2.3650,1.0639,-1.0480
input,528,-0.0657,0.0963,-0.0067,0.2488
target,528,-1.3547,-2.4286,1.2501,-1.0225
pos,529,-1.3390,-2.3650,1.0645,-1.0458
input,529,-0.0653,0.0960,-0.0067,0.2449
target,529,-1.3547,-2.4286,1.2501,-1.0225
pos,530,-1.3389,-2.3645,1.0662,-1.0513
input,530,-0.0648,0.0963,-0.0048,0.2420
target,530,-1.3547,-2.4286,1.2501,-1.0225
pos,531,-1.3390,-2.3645,1.0667,-1.0405
input,531,-0.0643,0.0959,-0.0028,0.2379
target,531,-1.3547,-2.4286,1.2501,-1.0225
pos,532,-1.3377,-2.3649,1.0651,-1.0350
input,532,-0.0640,0.0959,0.0000,0.2347
target,532,-1.3547,-2.4286,1.2501,-1.0225
pos,533,-1.3377,-2.3649,1.0657,-1.0328
input,533,-0.0636,0.0955,0.0031,0.2309
target,533,-1.3547,-2.4286,1.2501,-1.0225
pos,534,-1.3377,-2.3649,1.0657,-1.0328
input,534,-0.0634,0.0953,0.0059,0.2280
target,534,-1.3547,-2.4286,1.2501,-1.0225
pos,535,-1.3377,-2.3649,1.0657,-1.0328
input,535,-0.0637,0.0949,0.0084,0.2253
target,535,-1.3547,-2.4286,1.2501,-1.0225
pos,536,-1.3377,-2.3649,1.0657,-1.0328
input,536,-0.0640,0.0947,0.0105,0.2233
target,536,-1.3547,-2.4286,1.2501,-1.0225
pos,537,-1.3385,-2.3650,1.0672,-1.0134
input,537,-0.0646,0.0943,0.0123,0.2219
target,537,-1.3547,-2.4286,1.2501,-1.0225
pos,538,-1.3385,-2.3650,1.0672,-1.0134
input,538,-0.0652,0.0940,0.0137,0.2211
target,538,-1.3547,-2.4286,1.2501,-1.0225
pos,539,-1.3374,-2.3643,1.0737,-1.0114
input,539,-0.0658,0.0937,0.0148,0.2208
target,539,-1.3547,-2.4286,1.2501,-1.0225
pos,540,-1.3362,-2.3640,1.0745,-1.0649
input,540,-0.0664,0.0935,0.0145,0.2208
target,540,-1.3547,-2.4286,1.2501,-1.0225
pos,541,-1.3365,-2.3638,1.0754,-1.0560
input,541,-0.0670,0.0933,0.0140,0.2213
target,541,-1.3547,-2.4286,1.2501,-1.0225
pos,542,-1.3369,-2.3638,1.0782,-1.0302
input,542,-0.0678,0.0934,0.0125,0.2208
target,542,-1.3547,-2.4286,1.2501,-1.0225
pos,543,-1.3369,-2.3638,1.0782,-1.0302
input,543,-0.0686,0.0934,0.0140,0.2207
target,543,-1.3547,-2.4286,1.2501,-1.0225
pos,544,-1.3373,-2.3638,1.0801,-1.0131
input,544,-0.0694,0.0936,0.0144,0.2200
target,544,-1.3547,-2.4286,1.2501,-1.0225
pos,545,-1.3373,-2.3638,1.0801,-1.0131
input,545,-0.0699,0.0925,0.0149,0.2170
target,545,-1.3547,-2.4286,1.2501,-1.0225
pos,546,-1.3373,-2.3638,1.0801,-1.0131
input,546,-0.0707,0.0929,0.0152,0.2159
target,546,-1.3547,-2.4286,1.2501,-1.0225
pos,547,-1.3369,-2.3634,1.0836,-1.0052
input,547,-0.0714,0.0938,0.0140,0.2161
target,547,-1.3547,-2.4286,1.2501,-1.0225
pos,548,-1.3373,-2.3634,1.0851,-1.0099
input,548,-0.0720,0.0943,0.0129,0.2153
target,548,-1.3547,-2.4286,1.2501,-1.0225
pos,549,-1.3378,-2.3622,1.0893,-1.0353
input,549,-0.0726,0.0952,0.0110,0.2154
target,549,-1.3547,-2.4286,1.2501,-1.0225
pos,550,-1.3378,-2.3622,1.0893,-1.0353
input,550,-0.0733,0.0958,0.0087,0.2145
target,550,-1.3547,-2.4286,1.2501,-1.0225
pos,551,-1.3379,-2.3622,1.0902,-1.0366
input,551,-0.0735,0.0952,0.0069,0.2115
target,551,-1.3547,-2.4286,1.2501,-1.0225
pos,552,-1.3379,-2.3621,1.0916,-1.0389
input,552,-0.0736,0.0940,0.0052,0.2073
target,552,-1.3547,-2.4286,1.2501,-1.0225
pos,553,-1.3381,-2.3618,1.0938,-1.0414
input,553,-0.0740,0.0947,0.0025,0.2065
target,553,-1.3547,-2.4286,1.2501,-1.0225
pos,554,-1.3380,-2.3616,1.0942,-1.0356
input,554,-0.0739,0.0931,0.0010,0.2014
target,554,-1.3547,-2.4286,1.2501,-1.0225
pos,555,-1.3380,-2.3616,1.0942,-1.0356
input,555,-0.0735,0.0970,0.0032,0.2037
target,555,-1.3547,-2.4286,1.2501,-1.0225
pos,556,-1.3380,-2.3616,1.0942,-1.0356
input,556,-0.0731,0.0972,0.0028,0.2017
target,556,-1.3547,-2.4286,1.2501,-1.0225
pos,557,-1.3380,-2.3616,1.0942,-1.0356
input,557,-0.0728,0.0999,0.0046,0.2025
target,557,-1.3547,-2.4286,1.2501,-1.0225
pos,558,-1.3380,-2.3616,1.0942,-1.0356
input,558,-0.0724,0.1002,0.0047,0.2010
target,558,-1.3547,-2.4286,1.2501,-1.0225
pos,559,-1.3380,-2.3616,1.0942,-1.0356
input,559,-0.0721,0.1001,0.0053,0.1982
target,559,-1.3547,-2.4286,1.2501,-1.0225
pos,560,-1.3380,-2.3616,1.0942,-1.0356
input,560,-0.0719,0.1014,0.0064,0.1985
target,560,-1.3547,-2.4286,1.2501,-1.0225
pos,561,-1.3380,-2.3616,1.0942,-1.0356
input,561,-0.0714,0.1023,0.0069,0.1991
target,561,-1.3547,-2.4286,1.2501,-1.0225
pos,562,-1.3380,-2.3616,1.0942,-1.0356
input,562,-0.0712,0.1031,0.0077,0.1997
target,562,-1.3547,-2.4286,1.2501,-1.0225
pos,563,-1.3380,-2.3616,1.0942,-1.0356
input,563,-0.0709,0.1036,0.0081,0.2006
target,563,-1.3547,-2.4286,1.2501,-1.0225
pos,564,-1.3380,-2.3616,1.0942,-1.0356
input,564,-0.0707,0.1027,0.0083,0.1987
target,564,-1.3547,-2.4286,1.2501,-1.0225
pos,565,-1.3380,-2.3616,1.0942,-1.0356
input,565,-0.0705,0.1030,0.0088,0.1997
target,565,-1.3547,-2.4286,1.2501,-1.0225
pos,566,-1.3380,-2.3616,1.0942,-1.0356
input,566,-0.0702,0.1036,0.0091,0.2020
target,566,-1.3547,-2.4286,1.2501,-1.0225
pos,567,-1.3380,-2.3616,1.0942,-1.0356
input,567,-0.0700,0.1037,0.0094,0.2033
target,567,-1.3547,-2.4286,1.2501,-1.0225
pos,568,-1.3380,-2.3616,1.0942,-1.0356
input,568,-0.0697,0.1039,0.0096,0.2053
target,568,-1.3547,-2.4286,1.2501,-1.0225
pos,569,-1.3380,-2.3616,1.0942,-1.0356
input,569,-0.0695,0.1038,0.0098,0.2066
target,569,-1.3547,-2.4286,1.2501,-1.0225
pos,570,-1.3386,-2.3592,1.1073,-1.0327
input,570,-0.0693,0.1024,0.0097,0.2054
target,570,-1.3547,-2.4286,1.2501,-1.0225
pos,571,-1.3386,-2.3592,1.1073,-1.0327
input,571,-0.0691,0.1022,0.0098,0.2070
target,571,-1.3547,-2.4286,1.2501,-1.0225
pos,572,-1.3386,-2.3592,1.1073,-1.0327
input,572,-0.0689,0.1025,0.0100,0.2093
target,572,-1.3547,-2.4286,1.2501,-1.0225
pos,573,-1.3386,-2.3592,1.1073,-1.0327
input,573,-0.0687,0.1027,0.0098,0.2080
target,573,-1.3547,-2.4286,1.2501,-1.0225
pos,574,-1.3389,-2.3575,1.1178,-1.0088
input,574,-0.0686,0.1031,0.0098,0.2074
target,574,-1.3547,-2.4286,1.2501,-1.0225
pos,575,-1.3388,-2.3574,1.1184,-1.0057
input,575,-0.0684,0.1034,0.0095,0.2047
target,575,-1.3547,-2.4286,1.2501,-1.0225
pos,576,-1.3394,-2.3574,1.1200,-1.0167
input,576,-0.0683,0.1037,0.0094,0.2027
target,576,-1.3547,-2.4286,1.2501,-1.0225
pos,577,-1.3392,-2.3573,1.1209,-1.0090
input,577,-0.0685,0.1042,0.0078,0.1975
target,577,-1.3547,-2.4286,1.2501,-1.0225
pos,578,-1.3388,-2.3566,1.1228,-1.0413
input,578,-0.0686,0.1047,0.0061,0.1930
target,578,-1.3547,-2.4286,1.2501,-1.0225
pos,579,-1.3394,-2.3569,1.1250,-1.0069
input,579,-0.0687,0.1052,0.0043,0.1866
target,579,-1.3547,-2.4286,1.2501,-1.0225
pos,580,-1.3396,-2.3560,1.1289,-1.0285
input,580,-0.0690,0.1055,0.0021,0.1810
target,580,-1.3547,-2.4286,1.2501,-1.0225
pos,581,-1.3396,-2.3560,1.1289,-1.0285
input,581,-0.0691,0.1059,0.0017,0.1744
target,581,-1.3547,-2.4286,1.2501,-1.0225
pos,582,-1.3397,-2.3559,1.1296,-1.0312
input,582,-0.0694,0.1061,-0.0008,0.1682
target,582,-1.3547,-2.4286,1.2501,-1.0225
pos,583,-1.3394,-2.3563,1.1273,-1.0118
input,583,-0.0695,0.1063,-0.0009,0.1611
target,583,-1.3547,-2.4286,1.2501,-1.0225
pos,584,-1.3397,-2.3558,1.1327,-1.0661
input,584,-0.0697,0.1049,-0.0019,0.1537
target,584,-1.3547,-2.4286,1.2501,-1.0225
pos,585,-1.3397,-2.3558,1.1327,-1.0661
input,585,-0.0698,0.1049,-0.0027,0.1476
target,585,-1.3547,-2.4286,1.2501,-1.0225
pos,586,-1.3404,-2.3553,1.1345,-1.0463
input,586,-0.0701,0.1054,-0.0032,0.1430
target,586,-1.3547,-2.4286,1.2501,-1.0225
pos,587,-1.3405,-2.3550,1.1360,-1.0363
input,587,-0.0699,0.1051,-0.0013,0.1376
target,587,-1.3547,-2.4286,1.2501,-1.0225
pos,588,-1.3407,-2.3549,1.1378,-1.0416
input,588,-0.0699,0.1050,0.0008,0.1335
target,588,-1.3547,-2.4286,1.2501,-1.0225
pos,589,-1.3405,-2.3547,1.1390,-1.0428
input,589,-0.0696,0.1046,0.0032,0.1290
target,589,-1.3547,-2.4286,1.2501,-1.0225
pos,590,-1.3405,-2.3547,1.1390,-1.0428
input,590,-0.0695,0.1044,0.0049,0.1255
target,590,-1.3547,-2.4286,1.2501,-1.0225
pos,591,-1.3403,-2.3546,1.1399,-1.0422
input,591,-0.0693,0.1026,0.0064,0.1206
target,591,-1.3547,-2.4286,1.2501,-1.0225
pos,592,-1.3399,-2.3549,1.1382,-1.0177
input,592,-0.0689,0.1022,0.0084,0.1172
target,592,-1.3547,-2.4286,1.2501,-1.0225
pos,593,-1.3399,-2.3549,1.1382,-1.0177
input,593,-0.0688,0.1027,0.0103,0.1153
target,593,-1.3547,-2.4286,1.2501,-1.0225
pos,594,-1.3399,-2.3549,1.1382,-1.0177
input,594,-0.0686,0.1024,0.0119,0.1129
target,594,-1.3547,-2.4286,1.2501,-1.0225
pos,595,-1.3398,-2.3549,1.1388,-1.0179
input,595,-0.0688,0.1026,0.0120,0.1122
target,595,-1.3547,-2.4286,1.2501,-1.0225
pos,596,-1.3401,-2.3544,1.1419,-1.0082
input,596,-0.0689,0.1025,0.0120,0.1115
target,596,-1.3547,-2.4286,1.2501,-1.0225
pos,597,-1.3399,-2.3543,1.1426,-1.0116
input,597,-0.0694,0.1027,0.0110,0.1120
target,597,-1.3547,-2.4286,1.2501,-1.0225
pos,598,-1.3400,-2.3541,1.1430,-1.0158
input,598,-0.0697,0.1027,0.0100,0.1125
target,598,-1.3547,-2.4286,1.2501,-1.0225
pos,599,-1.3400,-2.3541,1.1430,-1.0158
input,599,-0.0702,0.1030,0.0079,0.1133
target,599,-1.3547,-2.4286,1.2501,-1.0225
pos,600,-1.3400,-2.3541,1.1430,-1.0158
input,600,-0.0707,0.1033,0.0061,0.1143
target,600,-1.3547,-2.4286,1.2501,-1.0225
pos,601,-1.3402,-2.3534,1.1463,-1.0043
input,601,-0.0712,0.1037,0.0040,0.1155
target,601,-1.3547,-2.4286,1.2501,-1.0225
pos,602,-1.3401,-2.3530,1.1473,-1.0104
input,602,-0.0716,0.1041,0.0021,0.1169
target,602,-1.3547,-2.4286,1.2501,-1.0225
pos,603,-1.3401,-2.3530,1.1473,-1.0104
input,603,-0.0720,0.1045,0.0002,0.1187
target,603,-1.3547,-2.4286,1.2501,-1.0225
pos,604,-1.3405,-2.3527,1.1495,-1.0164
input,604,-0.0723,0.1034,-0.0013,0.1185
target,604,-1.3547,-2.4286,1.2501,-1.0225
pos,605,-1.3400,-2.3525,1.1504,-1.0029
input,605,-0.0727,0.1041,-0.0038,0.1198
target,605,-1.3547,-2.4286,1.2501,-1.0225
pos,606,-1.3397,-2.3523,1.1511,-1.0181
input,606,-0.0731,0.1055,-0.0057,0.1221
target,606,-1.3547,-2.4286,1.2501,-1.0225
pos,607,-1.3397,-2.3523,1.1511,-1.0181
input,607,-0.0734,0.1062,-0.0073,0.1233
target,607,-1.3547,-2.4286,1.2501,-1.0225
pos,608,-1.3402,-2.3522,1.1531,-1.0105
input,608,-0.0738,0.1075,-0.0093,0.1251
target,608,-1.3547,-2.4286,1.2501,-1.0225
pos,609,-1.3398,-2.3521,1.1541,-1.0083
input,609,-0.0742,0.1083,-0.0103,0.1262
target,609,-1.3547,-2.4286,1.2501,-1.0225
pos,610,-1.3398,-2.3521,1.1541,-1.0083
input,610,-0.0746,0.1093,-0.0113,0.1277
target,610,-1.3547,-2.4286,1.2501,-1.0225
pos,611,-1.3396,-2.3522,1.1546,-1.0035
input,611,-0.0748,0.1100,-0.0120,0.1286
target,611,-1.3547,-2.4286,1.2501,-1.0225
pos,612,-1.3394,-2.3521,1.1565,-1.0080
input,612,-0.0752,0.1109,-0.0129,0.1297
target,612,-1.3547,-2.4286,1.2501,-1.0225
pos,613,-1.3391,-2.3520,1.1574,-1.0104
input,613,-0.0754,0.1114,-0.0136,0.1304
target,613,-1.3547,-2.4286,1.2501,-1.0225
pos,614,-1.3391,-2.3520,1.1574,-1.0104
input,614,-0.0758,0.1120,-0.0146,0.1312
target,614,-1.3547,-2.4286,1.2501,-1.0225
pos,615,-1.3391,-2.3520,1.1574,-1.0104
input,615,-0.0760,0.1124,-0.0152,0.1316
target,615,-1.3547,-2.4286,1.2501,-1.0225
pos,616,-1.3391,-2.3520,1.1574,-1.0104
input,616,-0.0764,0.1129,-0.0158,0.1318
target,616,-1.3547,-2.4286,1.2501,-1.0225
pos,617,-1.3391,-2.3520,1.1574,-1.0104
input,617,-0.0767,0.1131,-0.0161,0.1319
target,617,-1.3547,-2.4286,1.2501,-1.0225
pos,618,-1.3391,-2.3520,1.1574,-1.0104
input,618,-0.0770,0.1133,-0.0163,0.1319
target,618,-1.3547,-2.4286,1.2501,-1.0225
pos,619,-1.3391,-2.3520,1.1574,-1.0104
input,619,-0.0772,0.1119,-0.0162,0.1303
target,619,-1.3547,-2.4286,1.2501,-1.0225
pos,620,-1.3391,-2.3520,1.1574,-1.0104
input,620,-0.0773,0.1119,-0.0161,0.1302
target,620,-1.3547,-2.4286,1.2501,-1.0225
pos,621,-1.3391,-2.3520,1.1574,-1.0104
input,621,-0.0774,0.1126,-0.0162,0.1308
target,621,-1.3547,-2.4286,1.2501,-1.0225
pos,622,-1.3391,-2.3520,1.1574,-1.0104
input,622,-0.0774,0.1125,-0.0160,0.1307
target,622,-1.3547,-2.4286,1.2501,-1.0225
pos,623,-1.3391,-2.3520,1.1574,-1.0104
input,623,-0.0773,0.1128,-0.0158,0.1311
target,623,-1.3547,-2.4286,1.2501,-1.0225
pos,624,-1.3391,-2.3520,1.1574,-1.0104
input,624,-0.0773,0.1126,-0.0154,0.1310
target,624,-1.3547,-2.4286,1.2501,-1.0225
pos,625,-1.3326,-2.3546,1.1729,-1.0103
input,625,-0.0771,0.1126,-0.0151,0.1311
target,625,-1.3547,-2.4286,1.2501,-1.0225
pos,626,-1.3315,-2.3550,1.1742,-1.0038
input,626,-0.0769,0.1123,-0.0146,0.1309
target,626,-1.3547,-2.4286,1.2501,-1.0225
pos,627,-1.3315,-2.3550,1.1742,-1.0038
input,627,-0.0767,0.1121,-0.0141,0.1308
target,627,-1.3547,-2.4286,1.2501,-1.0225
pos,628,-1.3301,-2.3559,1.1776,-1.0090
input,628,-0.0777,0.1110,-0.0136,0.1272
target,628,-1.3547,-2.4286,1.2501,-1.0225
pos,629,-1.3291,-2.3562,1.1785,-1.0052
input,629,-0.0779,0.1090,-0.0128,0.1241
target,629,-1.3547,-2.4286,1.2501,-1.0225
pos,630,-1.3291,-2.3562,1.1785,-1.0052
input,630,-0.0794,0.1078,-0.0128,0.1193
target,630,-1.3547,-2.4286,1.2501,-1.0225
pos,631,-1.3286,-2.3566,1.1792,-1.0045
input,631,-0.0815,0.1066,-0.0125,0.1131
target,631,-1.3547,-2.4286,1.2501,-1.0225
pos,632,-1.3286,-2.3566,1.1792,-1.0045
input,632,-0.0834,0.1051,-0.0125,0.1069
target,632,-1.3547,-2.4286,1.2501,-1.0225
pos,633,-1.3254,-2.3587,1.1841,-1.0164
input,633,-0.0853,0.1038,-0.0123,0.1003
target,633,-1.3547,-2.4286,1.2501,-1.0225
pos,634,-1.3240,-2.3593,1.1849,-1.0110
input,634,-0.0870,0.1023,-0.0123,0.0940
target,634,-1.3547,-2.4286,1.2501,-1.0225
pos,635,-1.3240,-2.3593,1.1849,-1.0110
input,635,-0.0885,0.1012,-0.0122,0.0879
target,635,-1.3547,-2.4286,1.2501,-1.0225
pos,636,-1.3240,-2.3593,1.1849,-1.0110
input,636,-0.0890,0.0992,-0.0118,0.0817
target,636,-1.3547,-2.4286,1.2501,-1.0225
pos,637,-1.3210,-2.3609,1.1881,-1.0027
input,637,-0.0906,0.0975,-0.0109,0.0753
target,637,-1.3547,-2.4286,1.2501,-1.0225
pos,638,-1.3190,-2.3620,1.1898,-1.0048
input,638,-0.0924,0.0963,-0.0105,0.0699
target,638,-1.3547,-2.4286,1.2501,-1.0225
pos,639,-1.3187,-2.3623,1.1909,-1.0073
input,639,-0.0936,0.0950,-0.0096,0.0645
target,639,-1.3547,-2.4286,1.2501,-1.0225
pos,640,-1.3182,-2.3625,1.1916,-1.0172
input,640,-0.0954,0.0938,-0.0095,0.0597
target,640,-1.3547,-2.4286,1.2501,-1.0225
pos,641,-1.3152,-2.3643,1.1937,-1.0076
input,641,-0.0968,0.0925,-0.0090,0.0550
target,641,-1.3547,-2.4286,1.2501,-1.0225
pos,642,-1.3143,-2.3643,1.1982,-1.0383
input,642,-0.0984,0.0914,-0.0089,0.0508
target,642,-1.3547,-2.4286,1.2501,-1.0225
pos,643,-1.3140,-2.3649,1.1989,-1.0378
input,643,-0.0995,0.0903,-0.0080,0.0470
target,643,-1.3547,-2.4286,1.2501,-1.0225
pos,644,-1.3140,-2.3649,1.1989,-1.0378
input,644,-0.1011,0.0892,-0.0079,0.0435
target,644,-1.3547,-2.4286,1.2501,-1.0225
pos,645,-1.3140,-2.3649,1.1989,-1.0378
input,645,-0.1010,0.0878,-0.0074,0.0400
target,645,-1.3547,-2.4286,1.2501,-1.0225
pos,646,-1.3140,-2.3649,1.1989,-1.0378
input,646,-0.1020,0.0869,-0.0046,0.0363
target,646,-1.3547,-2.4286,1.2501,-1.0225
pos,647,-1.3117,-2.3664,1.1964,-1.0042
input,647,-0.1030,0.0864,-0.0020,0.0338
target,647,-1.3547,-2.4286,1.2501,-1.0225
pos,648,-1.3110,-2.3667,1.1969,-1.0021
input,648,-0.1033,0.0860,0.0010,0.0314
target,648,-1.3547,-2.4286,1.2501,-1.0225
pos,649,-1.3047,-2.3710,1.2027,-1.0170
input,649,-0.1034,0.0861,0.0039,0.0300
target,649,-1.3547,-2.4286,1.2501,-1.0225
pos,650,-1.3047,-2.3710,1.2027,-1.0170
input,650,-0.1036,0.0862,0.0050,0.0295
target,650,-1.3547,-2.4286,1.2501,-1.0225
pos,651,-1.3047,-2.3710,1.2027,-1.0170
input,651,-0.1038,0.0866,0.0057,0.0299
target,651,-1.3547,-2.4286,1.2501,-1.0225
pos,652,-1.3007,-2.3734,1.2052,-1.0122
input,652,-0.1049,0.0861,0.0061,0.0298
target,652,-1.3547,-2.4286,1.2501,-1.0225
pos,653,-1.2962,-2.3759,1.2074,-1.0083
input,653,-0.1057,0.0861,0.0063,0.0305
target,653,-1.3547,-2.4286,1.2501,-1.0225
pos,654,-1.2954,-2.3765,1.2078,-1.0085
input,654,-0.1052,0.0855,0.0064,0.0303
target,654,-1.3547,-2.4286,1.2501,-1.0225
pos,655,-1.2954,-2.3765,1.2078,-1.0085
input,655,-0.1062,0.0853,0.0061,0.0312
target,655,-1.3547,-2.4286,1.2501,-1.0225
pos,656,-1.2954,-2.3765,1.2078,-1.0085
input,656,-0.1095,0.0843,0.0050,0.0320
target,656,-1.3547,-2.4286,1.2501,-1.0225
pos,657,-1.2944,-2.3769,1.2080,-1.0087
input,657,-0.1114,0.0837,0.0040,0.0329
target,657,-1.3547,-2.4286,1.2501,-1.0225
pos,658,-1.2944,-2.3769,1.2080,-1.0087
input,658,-0.1143,0.0830,0.0025,0.0340
target,658,-1.3547,-2.4286,1.2501,-1.0225
pos,659,-1.2904,-2.3794,1.2105,-1.0039
input,659,-0.1159,0.0829,0.0012,0.0354
target,659,-1.3547,-2.4286,1.2501,-1.0225
pos,660,-1.2854,-2.3824,1.2136,-1.0213
input,660,-0.1178,0.0829,-0.0003,0.0371
target,660,-1.3547,-2.4286,1.2501,-1.0225
pos,661,-1.2854,-2.3824,1.2136,-1.0213
input,661,-0.1188,0.0833,-0.0017,0.0390
target,661,-1.3547,-2.4286,1.2501,-1.0225
pos,662,-1.2818,-2.3847,1.2150,-1.0045
input,662,-0.1205,0.0835,-0.0035,0.0407
target,662,-1.3547,-2.4286,1.2501,-1.0225
pos,663,-1.2818,-2.3847,1.2150,-1.0045
input,663,-0.1222,0.0833,-0.0041,0.0421
target,663,-1.3547,-2.4286,1.2501,-1.0225
pos,664,-1.2818,-2.3847,1.2150,-1.0045
input,664,-0.1218,0.0832,-0.0050,0.0428
target,664,-1.3547,-2.4286,1.2501,-1.0225
pos,665,-1.2818,-2.3847,1.2150,-1.0045
input,665,-0.1235,0.0831,-0.0054,0.0440
target,665,-1.3547,-2.4286,1.2501,-1.0225
pos,666,-1.2818,-2.3847,1.2150,-1.0045
input,666,-0.1266,0.0824,-0.0072,0.0452
target,666,-1.3547,-2.4286,1.2501,-1.0225
pos,667,-1.2810,-2.3850,1.2152,-1.0118
input,667,-0.1280,0.0824,-0.0080,0.0463
target,667,-1.3547,-2.4286,1.2501,-1.0225
pos,668,-1.2753,-2.3887,1.2219,-1.0380
input,668,-0.1299,0.0823,-0.0096,0.0474
target,668,-1.3547,-2.4286,1.2501,-1.0225
pos,669,-1.2709,-2.3916,1.2210,-1.0179
input,669,-0.1305,0.0827,-0.0107,0.0485
target,669,-1.3547,-2.4286,1.2501,-1.0225
pos,670,-1.2689,-2.3929,1.2213,-1.0097
input,670,-0.1313,0.0831,-0.0117,0.0496
target,670,-1.3547,-2.4286,1.2501,-1.0225
pos,671,-1.2689,-2.3929,1.2213,-1.0097
input,671,-0.1321,0.0828,-0.0108,0.0494
target,671,-1.3547,-2.4286,1.2501,-1.0225
pos,672,-1.2678,-2.3929,1.2215,-1.0304
input,672,-0.1337,0.0821,-0.0110,0.0494
target,672,-1.3547,-2.4286,1.2501,-1.0225
pos,673,-1.2678,-2.3929,1.2215,-1.0304
input,673,-0.1353,0.0810,-0.0106,0.0485
target,673,-1.3547,-2.4286,1.2501,-1.0225
pos,674,-1.2661,-2.3945,1.2229,-1.0065
input,674,-0.1370,0.0799,-0.0109,0.0480
target,674,-1.3547,-2.4286,1.2501,-1.0225
pos,675,-1.2616,-2.3975,1.2251,-1.0033
input,675,-0.1385,0.0788,-0.0097,0.0469
target,675,-1.3547,-2.4286,1.2501,-1.0225
pos,676,-1.2616,-2.3975,1.2251,-1.0033
input,676,-0.1374,0.0784,-0.0091,0.0457
target,676,-1.3547,-2.4286,1.2501,-1.0225
pos,677,-1.2587,-2.3992,1.2267,-1.0053
input,677,-0.1384,0.0776,-0.0079,0.0448
target,677,-1.3547,-2.4286,1.2501,-1.0225
pos,678,-1.2587,-2.3992,1.2267,-1.0053
input,678,-0.1411,0.0757,-0.0088,0.0429
target,678,-1.3547,-2.4286,1.2501,-1.0225
pos,679,-1.2579,-2.3996,1.2266,-1.0046
input,679,-0.1423,0.0746,-0.0087,0.0414
target,679,-1.3547,-2.4286,1.2501,-1.0225
pos,680,-1.2565,-2.4005,1.2273,-1.0103
input,680,-0.1446,0.0727,-0.0097,0.0390
target,680,-1.3547,-2.4286,1.2501,-1.0225
pos,681,-1.2531,-2.4024,1.2286,-1.0044
input,681,-0.1457,0.0716,-0.0101,0.0370
target,681,-1.3547,-2.4286,1.2501,-1.0225
pos,682,-1.2531,-2.4024,1.2286,-1.0044
input,682,-0.1472,0.0702,-0.0111,0.0346
target,682,-1.3547,-2.4286,1.2501,-1.0225
pos,683,-1.2531,-2.4024,1.2286,-1.0044