pos,0,-0.8823,-2.0572,1.1582,-3.0193
input,0,0.0000,-0.0007,0.0000,0.0000
target,0,-0.8839,-2.0575,1.1565,-3.0203
pos,1,-0.8823,-2.0572,1.1582,-3.0193
input,1,0.0000,-0.0007,0.0000,0.0000
target,1,-0.8835,-2.0575,1.1567,-3.0202
pos,2,-0.8823,-2.0572,1.1582,-3.0193
input,2,0.0000,-0.0007,0.0000,0.0000
target,2,-0.8831,-2.0575,1.1568,-3.0202
pos,3,-0.8823,-2.0572,1.1582,-3.0193
input,3,0.0000,-0.0007,0.0000,0.0000
target,3,-0.8828,-2.0576,1.1569,-3.0201
pos,4,-0.8823,-2.0572,1.1582,-3.0193
input,4,0.0000,-0.0006,0.0000,0.0000
target,4,-0.8826,-2.0576,1.1570,-3.0201
pos,5,-0.8798,-2.0567,1.1589,-3.0179
input,5,0.0000,-0.0006,0.0000,0.0000
target,5,-0.8824,-2.0576,1.1571,-3.0201
pos,6,-0.8798,-2.0568,1.1588,-3.0230
input,6,0.0000,-0.0006,0.0000,0.0000
target,6,-0.8818,-2.0576,1.1573,-3.0200
pos,7,-0.8792,-2.0564,1.1592,-3.0161
input,7,0.0000,-0.0006,0.0000,0.0000
target,7,-0.8814,-2.0575,1.1575,-3.0201
pos,8,3.4644,2.8643,0.3721,2.6840
input,8,0.0000,-0.0006,0.0000,0.0000
target,8,-0.8809,-2.0575,1.1576,-3.0199
pos,9,3.4645,2.8644,0.3722,2.6797
input,9,0.0000,-0.0006,0.0000,0.0000
target,9,-0.8805,-2.0574,1.1578,-3.0198
pos,10,3.4645,2.8644,0.3722,2.6789
input,10,0.0000,-0.0006,0.0000,0.0000
target,10,-0.8801,-2.0573,1.1579,-3.0196
pos,11,3.4645,2.8644,0.3722,2.6789
input,11,0.0000,-0.0006,0.0000,0.0000
target,11,-0.8798,-2.0573,1.1580,-3.0194
pos,12,3.4644,2.8644,0.3721,2.6818
input,12,0.0000,-0.0005,0.0000,0.0000
target,12,-0.8795,-2.0572,1.1581,-3.0193
pos,13,-0.8730,-2.0386,1.1714,-0.7866
input,13,0.0000,-0.0005,0.0000,0.0000
target,13,-0.8793,-2.0572,1.1582,-3.0191
pos,14,-0.8730,-2.0386,1.1714,-0.7866
input,14,0.0000,-0.0005,0.0000,0.0000
target,14,-0.8783,-2.0547,1.1595,-3.0190
pos,15,-0.8774,-2.0559,1.1598,-3.0139
input,15,0.0000,-0.0005,0.0000,0.0000
target,15,-0.8774,-2.0526,1.1606,-3.0188
pos,16,-0.8770,-2.0557,1.1598,-3.0150
input,16,0.0000,-0.0005,0.0000,0.0000
target,16,-0.8772,-2.0531,1.1605,-3.0186
pos,17,-0.8766,-2.0555,1.1592,-3.0188
input,17,0.0000,-0.0005,0.0000,0.0000
target,17,-0.8770,-2.0535,1.1605,-3.0184
pos,18,-0.8765,-2.0554,1.1596,-3.0173
input,18,0.0000,-0.0005,0.0000,0.0000
target,18,-0.8768,-2.0539,1.1603,-3.0185
pos,19,-0.8764,-2.0554,1.1593,-3.0204
input,19,0.0000,-0.0005,0.0000,0.0000
target,19,-0.8766,-2.0542,1.1603,-3.0184
pos,20,-0.8764,-2.0554,1.1593,-3.0204
input,20,0.0000,-0.0005,0.0000,0.0000
target,20,-0.8764,-2.0544,1.1602,-3.0185
pos,21,-0.8763,-2.0553,1.1591,-3.0173
input,21,0.0000,-0.0005,0.0000,0.0000
target,21,-0.8762,-2.0546,1.1601,-3.0186
pos,22,-0.8764,-2.0554,1.1589,-3.0213
input,22,0.0000,-0.0004,0.0000,0.0000
target,22,-0.8760,-2.0548,1.1600,-3.0186
pos,23,-0.8801,-2.0541,1.1498,3.0023
input,23,0.0000,-0.0004,0.0000,0.0000
target,23,-0.8759,-2.0550,1.1599,-3.0187
pos,24,-0.8801,-2.0544,1.1501,3.0119
input,24,0.0000,-0.0004,0.0000,0.0000
target,24,-0.8763,-2.0549,1.1589,-3.0188
pos,25,-0.8799,-2.0541,1.1496,3.0129
input,25,0.0000,-0.0004,0.0000,0.0000
target,25,-0.8767,-2.0549,1.1581,-3.0189
pos,26,-0.8772,-2.0551,1.1565,-3.0726
input,26,0.0000,-0.0004,0.0000,0.0000
target,26,-0.8770,-2.0549,1.1573,-3.0307
pos,27,-0.8772,-2.0551,1.1565,-3.0726
input,27,0.0000,-0.0004,0.0000,0.0000
target,27,-0.8768,-2.0550,1.1572,-3.0422
pos,28,-0.8772,-2.0555,1.1568,-3.0411
input,28,0.0000,-0.0004,0.0000,0.0000
target,28,-0.8767,-2.0551,1.1571,-3.0439
pos,29,-0.8773,-2.0556,1.1567,-3.0446
input,29,0.0000,-0.0004,0.0000,0.0000
target,29,-0.8766,-2.0552,1.1571,-3.0438
pos,30,-0.8772,-2.0553,1.1562,-3.0549
input,30,0.0000,-0.0004,0.0000,0.0000
target,30,-0.8765,-2.0554,1.1571,-3.0438
pos,31,-0.8773,-2.0553,1.1559,-3.0558
input,31,0.0000,-0.0004,0.0000,0.0000
target,31,-0.8765,-2.0554,1.1570,-3.0443
pos,32,-0.8773,-2.0553,1.1559,-3.0558
input,32,0.0000,-0.0004,0.0000,0.0000
target,32,-0.8764,-2.0555,1.1569,-3.0449
pos,33,-0.8773,-2.0553,1.1559,-3.0558
input,33,0.0000,-0.0004,0.0000,0.0000
target,33,-0.8764,-2.0556,1.1568,-3.0454
pos,34,-0.8773,-2.0553,1.1559,-3.0558
input,34,0.0000,-0.0004,0.0000,0.0000
target,34,-0.8763,-2.0556,1.1567,-3.0459
pos,35,-0.8781,-2.0563,1.1580,-3.0163
input,35,0.0000,-0.0003,0.0000,0.0000
target,35,-0.8763,-2.0556,1.1566,-3.0464
pos,36,-0.8784,-2.0565,1.1579,-3.0142
input,36,0.0000,-0.0003,0.0000,0.0000
target,36,-0.8764,-2.0558,1.1568,-3.0450
pos,37,-0.8785,-2.0565,1.1580,-3.0111
input,37,0.0000,-0.0003,0.0000,0.0000
target,37,-0.8765,-2.0560,1.1569,-3.0435
pos,38,-0.8786,-2.0565,1.1576,-3.0176
input,38,0.0000,-0.0003,0.0000,0.0000
target,38,-0.8766,-2.0561,1.1570,-3.0420
pos,39,-0.8786,-2.0565,1.1576,-3.0176
input,39,0.0000,-0.0003,0.0000,0.0000
target,39,-0.8767,-2.0562,1.1570,-3.0408
pos,40,-0.8792,-2.0572,1.1584,-3.0098
input,40,0.0000,-0.0003,0.0000,0.0000
target,40,-0.8768,-2.0564,1.1571,-3.0397
pos,41,-0.8798,-2.0575,1.1567,-3.0206
input,41,0.0000,-0.0003,0.0000,0.0000
target,41,-0.8770,-2.0566,1.1572,-3.0383
pos,42,-0.8800,-2.0576,1.1565,-3.0224
input,42,0.0000,-0.0003,0.0000,0.0000
target,42,-0.8772,-2.0568,1.1572,-3.0375
pos,43,-0.8800,-2.0576,1.1565,-3.0224
input,43,0.0000,-0.0003,0.0000,0.0000
target,43,-0.8774,-2.0570,1.1571,-3.0368
pos,44,-0.8808,-2.0577,1.1561,-3.0165
input,44,0.0000,-0.0003,0.0000,0.0000
target,44,-0.8776,-2.0571,1.1570,-3.0361
pos,45,-0.8808,-2.0576,1.1555,-3.0234
input,45,0.0000,-0.0003,0.0000,0.0000
target,45,-0.8779,-2.0573,1.1570,-3.0352
pos,46,-0.8815,-2.0580,1.1551,-3.0143
input,46,0.0000,-0.0003,0.0000,0.0000
target,46,-0.8781,-2.0574,1.1568,-3.0346
pos,47,-0.8815,-2.0580,1.1551,-3.0143
input,47,0.0000,-0.0003,0.0000,0.0000
target,47,-0.8784,-2.0576,1.1567,-3.0337
pos,48,-0.8818,-2.0582,1.1551,-3.0142
input,48,0.0000,-0.0003,0.0000,0.0000
target,48,-0.8787,-2.0577,1.1565,-3.0327
pos,49,-0.8818,-2.0582,1.1551,-3.0142
input,49,0.0000,-0.0003,0.0000,0.0000
target,49,-0.8790,-2.0578,1.1564,-3.0319
pos,50,-0.8818,-2.0582,1.1551,-3.0142
input,50,0.0000,-0.0003,0.0000,0.0000
target,50,-0.8792,-2.0580,1.1562,-3.0310
pos,51,-0.8818,-2.0582,1.1551,-3.0142
input,51,0.0000,-0.0002,0.0000,0.0000
target,51,-0.8794,-2.0581,1.1561,-3.0302
pos,52,-0.8818,-2.0582,1.1551,-3.0142
input,52,0.0000,-0.0002,0.0000,0.0000
target,52,-0.8796,-2.0582,1.1560,-3.0295
pos,53,-0.8818,-2.0582,1.1551,-3.0142
input,53,0.0000,-0.0002,0.0000,0.0000
target,53,-0.8797,-2.0583,1.1560,-3.0288
pos,54,-0.8818,-2.0582,1.1551,-3.0142
input,54,0.0000,-0.0002,0.0000,0.0000
target,54,-0.8798,-2.0583,1.1559,-3.0281
pos,55,-0.8818,-2.0582,1.1551,-3.0142
input,55,0.0000,-0.0002,0.0000,0.0000
target,55,-0.8799,-2.0584,1.1558,-3.0272
pos,56,-0.8818,-2.0582,1.1551,-3.0142
input,56,0.0000,-0.0002,0.0000,0.0000
target,56,-0.8800,-2.0585,1.1557,-3.0264
pos,57,-0.8818,-2.0582,1.1551,-3.0142
input,57,0.0000,-0.0002,0.0000,0.0000
target,57,-0.8801,-2.0585,1.1557,-3.0258
pos,58,-0.8818,-2.0582,1.1551,-3.0142
input,58,0.0000,-0.0002,0.0000,0.0000
target,58,-0.8802,-2.0585,1.1556,-3.0252
pos,59,-0.8818,-2.0582,1.1551,-3.0142
input,59,0.0000,-0.0002,0.0000,0.0000
target,59,-0.8802,-2.0586,1.1556,-3.0247
pos,60,-0.8818,-2.0582,1.1551,-3.0142
input,60,0.0000,-0.0002,0.0000,0.0000
target,60,-0.8803,-2.0586,1.1555,-3.0241
pos,61,-0.8864,-2.0601,1.1480,-3.0148
input,61,0.0000,-0.0002,0.0000,0.0000
target,61,-0.8803,-2.0586,1.1555,-3.0237
pos,62,-0.8864,-2.0601,1.1480,-3.0148
input,62,0.0000,-0.0002,0.0000,0.0000
target,62,-0.8810,-2.0589,1.1548,-3.0232
pos,63,-0.8863,-2.0599,1.1475,-3.0208
input,63,0.0000,-0.0002,0.0000,0.0000
target,63,-0.8816,-2.0591,1.1541,-3.0228
pos,64,-0.8863,-2.0599,1.1475,-3.0208
input,64,0.0000,-0.0002,0.0000,0.0000
target,64,-0.8821,-2.0593,1.1535,-3.0227
pos,65,-0.8863,-2.0599,1.1475,-3.0208
input,65,0.0000,-0.0002,0.0000,0.0000
target,65,-0.8825,-2.0595,1.1529,-3.0226
pos,66,-0.8863,-2.0599,1.1475,-3.0208
input,66,0.0000,-0.0002,0.0000,0.0000
target,66,-0.8829,-2.0596,1.1524,-3.0225
pos,67,-0.8863,-2.0599,1.1475,-3.0208
input,67,0.0000,-0.0002,0.0000,0.0000
target,67,-0.8832,-2.0597,1.1520,-3.0225
pos,68,-0.8863,-2.0599,1.1475,-3.0208
input,68,0.0000,-0.0002,0.0000,0.0000
target,68,-0.8834,-2.0598,1.1515,-3.0224
pos,69,-0.8863,-2.0599,1.1475,-3.0208
input,69,0.0000,-0.0002,0.0000,0.0000
target,69,-0.8837,-2.0599,1.1512,-3.0223
pos,70,-0.8863,-2.0599,1.1475,-3.0208
input,70,0.0000,-0.0002,0.0000,0.0000
target,70,-0.8839,-2.0600,1.1508,-3.0223
pos,71,-0.8878,-2.0602,1.1438,-3.0152
input,71,0.0000,-0.0002,0.0000,0.0000
target,71,-0.8840,-2.0601,1.1505,-3.0222
pos,72,-0.8878,-2.0602,1.1438,-3.0152
input,72,0.0000,-0.0002,0.0000,0.0000
target,72,-0.8844,-2.0602,1.1499,-3.0219
pos,73,-0.8878,-2.0602,1.1438,-3.0152
input,73,0.0000,-0.0002,0.0000,0.0000
target,73,-0.8847,-2.0602,1.1493,-3.0216
pos,74,-0.8878,-2.0602,1.1438,-3.0152
input,74,0.0000,-0.0002,0.0000,0.0000
target,74,-0.8850,-2.0603,1.1488,-3.0213
pos,75,-0.8878,-2.0601,1.1440,-3.0063
input,75,0.0000,-0.0002,0.0000,0.0000
target,75,-0.8852,-2.0604,1.1483,-3.0210
pos,76,-0.8878,-2.0601,1.1440,-3.0063
input,76,0.0000,-0.0002,0.0000,0.0000
target,76,-0.8854,-2.0604,1.1479,-3.0203
pos,77,-0.8880,-2.0598,1.1431,-3.0109
input,77,0.0000,-0.0001,0.0000,0.0000
target,77,-0.8856,-2.0604,1.1475,-3.0196
pos,78,-0.8889,-2.0597,1.1419,-3.0053
input,78,0.0000,-0.0001,0.0000,0.0000
target,78,-0.8857,-2.0604,1.1471,-3.0192
pos,79,-0.8889,-2.0597,1.1419,-3.0053
input,79,0.0000,-0.0001,0.0000,0.0000
target,79,-0.8860,-2.0604,1.1466,-3.0186
pos,80,-0.8889,-2.0597,1.1419,-3.0053
input,80,0.0000,-0.0001,0.0000,0.0000
target,80,-0.8863,-2.0604,1.1462,-3.0179
pos,81,-0.8889,-2.0597,1.1419,-3.0053
input,81,0.0000,-0.0001,0.0000,0.0000
target,81,-0.8865,-2.0603,1.1458,-3.0173
pos,82,-0.8889,-2.0597,1.1419,-3.0053
input,82,0.0000,-0.0001,0.0000,0.0000
target,82,-0.8866,-2.0603,1.1454,-3.0168
pos,83,-0.8889,-2.0597,1.1419,-3.0053
input,83,0.0000,-0.0001,0.0000,0.0000
target,83,-0.8868,-2.0603,1.1451,-3.0162
pos,84,-0.8889,-2.0597,1.1419,-3.0053
input,84,0.0000,-0.0001,0.0000,0.0000
target,84,-0.8869,-2.0603,1.1448,-3.0157
pos,85,-0.8889,-2.0597,1.1419,-3.0053
input,85,0.0000,-0.0001,0.0000,0.0000
target,85,-0.8870,-2.0603,1.1445,-3.0152
pos,86,-0.8889,-2.0597,1.1419,-3.0053
input,86,0.0000,-0.0001,0.0000,0.0000
target,86,-0.8871,-2.0603,1.1443,-3.0148
pos,87,-0.8889,-2.0597,1.1419,-3.0053
input,87,0.0000,-0.0001,0.0000,0.0000
target,87,-0.8872,-2.0603,1.1440,-3.0143
pos,88,-0.8886,-2.0596,1.1419,-3.0012
input,88,0.0000,-0.0001,0.0000,0.0000
target,88,-0.8873,-2.0603,1.1438,-3.0139
pos,89,-0.8886,-2.0596,1.1419,-3.0012
input,89,0.0000,-0.0001,0.0000,0.0000
target,89,-0.8873,-2.0603,1.1436,-3.0133
pos,90,-0.8886,-2.0596,1.1419,-3.0012
input,90,0.0000,-0.0001,0.0000,0.0000
target,90,-0.8873,-2.0603,1.1435,-3.0127
pos,91,-0.8886,-2.0596,1.1419,-3.0012
input,91,0.0000,-0.0001,0.0000,0.0000
target,91,-0.8873,-2.0602,1.1433,-3.0122
pos,92,-0.8886,-2.0596,1.1419,-3.0012
input,92,0.0000,-0.0001,0.0000,0.0000
target,92,-0.8873,-2.0602,1.1432,-3.0116
pos,93,-0.8886,-2.0596,1.1419,-3.0012
input,93,0.0000,-0.0001,0.0000,0.0000
target,93,-0.8873,-2.0602,1.1431,-3.0111
pos,94,-0.8886,-2.0596,1.1419,-3.0012
input,94,0.0000,-0.0001,0.0000,0.0000
target,94,-0.8874,-2.0602,1.1429,-3.0107
pos,95,-0.8886,-2.0596,1.1419,-3.0012
input,95,0.0000,-0.0001,0.0000,0.0000
target,95,-0.8874,-2.0602,1.1428,-3.0102
pos,96,-0.8886,-2.0596,1.1419,-3.0012
input,96,0.0000,-0.0001,0.0000,0.0000
target,96,-0.8874,-2.0602,1.1428,-3.0098
pos,97,-0.8886,-2.0596,1.1419,-3.0012
input,97,0.0000,-0.0001,0.0000,0.0000
target,97,-0.8874,-2.0602,1.1427,-3.0094
pos,98,-0.8886,-2.0596,1.1419,-3.0012
input,98,0.0000,-0.0001,0.0000,0.0000
target,98,-0.8874,-2.0602,1.1426,-3.0090
pos,99,-0.8886,-2.0596,1.1419,-3.0012
input,99,0.0000,-0.0001,0.0000,0.0000
target,99,-0.8874,-2.0602,1.1425,-3.0086
pos,100,-0.8886,-2.0596,1.1419,-3.0012
input,100,0.0000,-0.0001,0.0000,0.0000
target,100,-0.8874,-2.0602,1.1425,-3.0082
pos,101,-0.8886,-2.0596,1.1419,-3.0012
input,101,0.0000,-0.0001,0.0000,0.0000
target,101,-0.8874,-2.0602,1.1424,-3.0079
pos,102,-0.8886,-2.0596,1.1419,-3.0012
input,102,0.0000,-0.0001,0.0000,0.0000
target,102,-0.8874,-2.0602,1.1424,-3.0076
pos,103,-0.8886,-2.0596,1.1419,-3.0012
input,103,0.0000,-0.0001,0.0000,0.0000
target,103,-0.8874,-2.0602,1.1423,-3.0073
pos,104,-0.8886,-2.0596,1.1419,-3.0012
input,104,0.0000,-0.0001,0.0000,0.0000
target,104,-0.8874,-2.0602,1.1423,-3.0070
pos,105,-0.8886,-2.0596,1.1419,-3.0012
input,105,0.0000,-0.0001,0.0000,0.0000
target,105,-0.8874,-2.0602,1.1422,-3.0067
pos,106,-0.8886,-2.0596,1.1419,-3.0012
input,106,0.0000,-0.0001,0.0000,0.0000
target,106,-0.8874,-2.0602,1.1422,-3.0065
pos,107,-0.8886,-2.0596,1.1419,-3.0012
input,107,0.0000,-0.0001,0.0000,0.0000
target,107,-0.8874,-2.0602,1.1422,-3.0062
pos,108,-0.8886,-2.0596,1.1419,-3.0012
input,108,0.0000,-0.0001,0.0000,0.0000
target,108,-0.8874,-2.0602,1.1421,-3.0060
pos,109,-0.8886,-2.0596,1.1419,-3.0012
input,109,0.0000,-0.0001,0.0000,0.0000
target,109,-0.8874,-2.0602,1.1421,-3.0057
pos,110,-0.8886,-2.0596,1.1419,-3.0012
input,110,0.0000,-0.0001,0.0000,0.0000
target,110,-0.8874,-2.0602,1.1421,-3.0055
pos,111,-0.8886,-2.0596,1.1419,-3.0012
input,111,0.0000,-0.0001,0.0000,0.0000
target,111,-0.8874,-2.0602,1.1421,-3.0053
pos,112,-0.8886,-2.0596,1.1419,-3.0012
input,112,0.0000,-0.0001,0.0000,0.0000
target,112,-0.8874,-2.0602,1.1421,-3.0051
pos,113,-0.8886,-2.0596,1.1419,-3.0012
input,113,0.0000,-0.0001,0.0000,0.0000
target,113,-0.8874,-2.0602,1.1420,-3.0050
pos,114,-0.8886,-2.0596,1.1419,-3.0012
input,114,0.0000,-0.0001,0.0000,0.0000
target,114,-0.8874,-2.0602,1.1420,-3.0048
pos,115,-0.8886,-2.0596,1.1419,-3.0012
input,115,0.0000,-0.0001,0.0000,0.0000
target,115,-0.8874,-2.0602,1.1420,-3.0046
pos,116,-0.8886,-2.0596,1.1419,-3.0012
input,116,0.0000,-0.0001,0.0000,0.0000
target,116,-0.8874,-2.0602,1.1420,-3.0045
pos,117,-0.8886,-2.0596,1.1419,-3.0012
input,117,0.0000,-0.0001,0.0000,0.0000
target,117,-0.8874,-2.0602,1.1420,-3.0043
pos,118,-0.8886,-2.0596,1.1419,-3.0012
input,118,0.0000,-0.0001,0.0000,0.0000
target,118,-0.8874,-2.0602,1.1420,-3.0042
pos,119,-0.8886,-2.0596,1.1419,-3.0012
input,119,0.0000,-0.0001,0.0000,0.0000
target,119,-0.8874,-2.0602,1.1420,-3.0040
pos,120,-0.8886,-2.0596,1.1419,-3.0012
input,120,0.0000,-0.0001,0.0000,0.0000
target,120,-0.8874,-2.0602,1.1420,-3.0039
pos,121,-0.8886,-2.0596,1.1419,-3.0012
input,121,0.0000,-0.0001,0.0000,0.0000
target,121,-0.8874,-2.0602,1.1419,-3.0038
pos,122,-0.8886,-2.0596,1.1419,-3.0012
input,122,0.0000,-0.0001,0.0000,0.0000
target,122,-0.8874,-2.0602,1.1419,-3.0037
pos,123,-0.8886,-2.0596,1.1419,-3.0012
input,123,0.0000,-0.0001,0.0000,0.0000
target,123,-0.8874,-2.0602,1.1419,-3.0035
pos,124,-0.8886,-2.0596,1.1419,-3.0012
input,124,0.0000,-0.0001,0.0000,0.0000
target,124,-0.8874,-2.0602,1.1419,-3.0034
pos,125,-0.8886,-2.0596,1.1419,-3.0012
input,125,0.0000,-0.0001,0.0000,0.0000
target,125,-0.8874,-2.0602,1.1419,-3.0033
pos,126,-0.8886,-2.0596,1.1419,-3.0012
input,126,0.0000,-0.0001,0.0000,0.0000
target,126,-0.8874,-2.0602,1.1419,-3.0032
pos,127,-0.8886,-2.0596,1.1419,-3.0012
input,127,0.0000,-0.0001,0.0000,0.0000
target,127,-0.8874,-2.0602,1.1419,-3.0031
pos,128,-0.8886,-2.0596,1.1419,-3.0012
input,128,0.0000,-0.0001,0.0000,0.0000
target,128,-0.8874,-2.0602,1.1419,-3.0031
pos,129,-0.8886,-2.0596,1.1419,-3.0012
input,129,0.0000,-0.0001,0.0000,0.0000
target,129,-0.8874,-2.0602,1.1419,-3.0030
pos,130,-0.8886,-2.0596,1.1419,-3.0012
input,130,0.0000,-0.0001,0.0000,0.0000
target,130,-0.8874,-2.0602,1.1419,-3.0029
pos,131,-0.8886,-2.0596,1.1419,-3.0012
input,131,0.0000,-0.0000,0.0000,0.0000
target,131,-0.8874,-2.0602,1.1419,-3.0028
pos,132,-0.8886,-2.0596,1.1419,-3.0012
input,132,-0.0000,-0.0000,0.0000,0.0000
target,132,-0.8874,-2.0602,1.1419,-3.0028
pos,133,-0.8886,-2.0596,1.1419,-3.0012
input,133,-0.0000,-0.0000,-0.0001,0.0000
target,133,-0.8874,-2.0602,1.1419,-3.0028
pos,134,-0.8886,-2.0596,1.1419,-3.0012
input,134,-0.0000,-0.0000,-0.0002,0.0000
target,134,-0.8874,-2.0602,1.1419,-3.0028
pos,135,-0.8886,-2.0596,1.1419,-3.0012
input,135,-0.0000,-0.0000,-0.0004,0.0000
target,135,-0.8874,-2.0602,1.1419,-3.0028
pos,136,-0.8886,-2.0596,1.1419,-3.0012
input,136,-0.0000,-0.0000,-0.0007,0.0000
target,136,-0.8874,-2.0602,1.1419,-3.0028
pos,137,-0.8886,-2.0596,1.1419,-3.0012
input,137,0.0000,-0.0000,-0.0009,0.0000
target,137,-0.8874,-2.0602,1.1419,-3.0028
pos,138,-0.8886,-2.0596,1.1419,-3.0012
input,138,0.0000,-0.0000,-0.0011,0.0001
target,138,-0.8874,-2.0602,1.1419,-3.0028
pos,139,-0.8886,-2.0596,1.1419,-3.0012
input,139,0.0000,-0.0000,-0.0013,0.0001
target,139,-0.8874,-2.0602,1.1419,-3.0028
pos,140,-0.8886,-2.0596,1.1419,-3.0012
input,140,0.0000,-0.0000,-0.0015,0.0001
target,140,-0.8874,-2.0602,1.1419,-3.0028
pos,141,-0.8886,-2.0596,1.1419,-3.0012
input,141,0.0000,-0.0000,-0.0017,0.0001
target,141,-0.8874,-2.0602,1.1419,-3.0028
pos,142,-0.8886,-2.0596,1.1419,-3.0012
input,142,0.0000,-0.0000,-0.0019,0.0001
target,142,-0.8874,-2.0602,1.1419,-3.0028
pos,143,-0.8886,-2.0596,1.1419,-3.0012
input,143,0.0000,-0.0000,-0.0020,0.0001
target,143,-0.8874,-2.0602,1.1419,-3.0028
pos,144,-0.8886,-2.0596,1.1419,-3.0012
input,144,0.0000,-0.0000,-0.0021,0.0001
target,144,-0.8874,-2.0602,1.1419,-3.0028
pos,145,-0.8886,-2.0596,1.1419,-3.0012
input,145,0.0000,-0.0000,-0.0022,0.0001
target,145,-0.8874,-2.0602,1.1419,-3.0028
pos,146,-0.8886,-2.0596,1.1419,-3.0012
input,146,0.0000,-0.0000,-0.0023,0.0001
target,146,-0.8874,-2.0602,1.1419,-3.0028
pos,147,-0.8886,-2.0596,1.1419,-3.0012
input,147,0.0000,-0.0000,-0.0024,0.0001
target,147,-0.8874,-2.0602,1.1419,-3.0028
pos,148,-0.8886,-2.0596,1.1419,-3.0012
input,148,0.0000,-0.0000,-0.0025,0.0001
target,148,-0.8874,-2.0602,1.1419,-3.0028
pos,149,-0.8886,-2.0596,1.1419,-3.0012
input,149,0.0000,-0.0000,-0.0025,0.0001
target,149,-0.8874,-2.0602,1.1419,-3.0028
pos,150,-0.8886,-2.0596,1.1419,-3.0012
input,150,0.0000,-0.0000,-0.0025,0.0001
target,150,-0.8874,-2.0602,1.1419,-3.0028
pos,151,-0.8886,-2.0596,1.1419,-3.0012
input,151,0.0000,-0.0000,-0.0026,0.0001
target,151,-0.8874,-2.0602,1.1419,-3.0028
pos,152,-0.8886,-2.0596,1.1419,-3.0012
input,152,0.0000,-0.0000,-0.0026,0.0001
target,152,-0.8874,-2.0602,1.1419,-3.0028
pos,153,-0.8886,-2.0596,1.1419,-3.0012
input,153,0.0000,-0.0000,-0.0026,0.0001
target,153,-0.8874,-2.0602,1.1419,-3.0028
pos,154,-0.8886,-2.0596,1.1419,-3.0012
input,154,0.0000,-0.0000,-0.0026,0.0001
target,154,-0.8874,-2.0602,1.1419,-3.0028
pos,155,-0.8886,-2.0596,1.1419,-3.0012
input,155,0.0000,-0.0000,-0.0026,0.0001
target,155,-0.8874,-2.0602,1.1419,-3.0028
pos,156,-0.8886,-2.0596,1.1419,-3.0012
input,156,0.0000,-0.0000,-0.0026,0.0001
target,156,-0.8874,-2.0602,1.1419,-3.0028
pos,157,-0.8886,-2.0596,1.1419,-3.0012
input,157,0.0000,-0.0000,-0.0026,0.0001
target,157,-0.8874,-2.0602,1.1419,-3.0028
pos,158,-0.8886,-2.0596,1.1419,-3.0012
input,158,0.0000,-0.0000,-0.0026,0.0001
target,158,-0.8874,-2.0602,1.1419,-3.0028
pos,159,-0.8886,-2.0596,1.1419,-3.0012
input,159,0.0000,-0.0000,-0.0026,0.0001
target,159,-0.8874,-2.0602,1.1419,-3.0028
pos,160,-0.8886,-2.0596,1.1419,-3.0012
input,160,0.0000,-0.0000,-0.0026,0.0001
target,160,-0.8874,-2.0602,1.1419,-3.0028
pos,161,-0.8886,-2.0596,1.1419,-3.0012
input,161,0.0000,-0.0000,-0.0026,0.0001
target,161,-0.8874,-2.0602,1.1419,-3.0028
pos,162,-0.8886,-2.0596,1.1419,-3.0012
input,162,0.0000,-0.0000,-0.0026,0.0001
target,162,-0.8874,-2.0602,1.1419,-3.0028
pos,163,-0.8886,-2.0596,1.1419,-3.0012
input,163,0.0000,-0.0000,-0.0026,0.0001
target,163,-0.8874,-2.0602,1.1419,-3.0028
pos,164,-0.8886,-2.0596,1.1419,-3.0012
input,164,0.0000,-0.0000,-0.0026,0.0001
target,164,-0.8874,-2.0602,1.1419,-3.0028
pos,165,-0.8886,-2.0596,1.1419,-3.0012
input,165,0.0000,-0.0000,-0.0026,0.0001
target,165,-0.8874,-2.0602,1.1419,-3.0028
pos,166,-0.8886,-2.0596,1.1419,-3.0012
input,166,0.0000,-0.0000,-0.0026,0.0001
target,166,-0.8874,-2.0602,1.1419,-3.0028
pos,167,-0.8886,-2.0596,1.1419,-3.0012
input,167,0.0000,-0.0000,-0.0026,0.0001
target,167,-0.8874,-2.0602,1.1419,-3.0028
pos,168,-0.8886,-2.0596,1.1419,-3.0012
input,168,0.0000,-0.0000,-0.0026,0.0001
target,168,-0.8874,-2.0602,1.1419,-3.0028
pos,169,-0.8886,-2.0596,1.1419,-3.0012
input,169,0.0000,-0.0000,-0.0026,0.0001
target,169,-0.8874,-2.0602,1.1419,-3.0028
pos,170,-0.8886,-2.0596,1.1419,-3.0012
input,170,0.0000,-0.0000,-0.0026,0.0001
target,170,-0.8874,-2.0602,1.1419,-3.0028
pos,171,-0.8886,-2.0596,1.1419,-3.0012
input,171,0.0000,-0.0000,-0.0026,0.0001
target,171,-0.8874,-2.0602,1.1419,-3.0028
pos,172,-0.8886,-2.0596,1.1419,-3.0012
input,172,0.0000,-0.0000,-0.0026,0.0001
target,172,-0.8874,-2.0602,1.1419,-3.0028
pos,173,-0.8886,-2.0596,1.1419,-3.0012
input,173,0.0000,-0.0000,-0.0026,0.0001
target,173,-0.8874,-2.0602,1.1419,-3.0028
pos,174,-0.8886,-2.0596,1.1419,-3.0012
input,174,0.0000,-0.0000,-0.0026,0.0001
target,174,-0.8874,-2.0602,1.1419,-3.0028
pos,175,-0.8886,-2.0596,1.1419,-3.0012
input,175,0.0000,-0.0000,-0.0026,0.0001
target,175,-0.8874,-2.0602,1.1419,-3.0028
pos,176,-0.8886,-2.0596,1.1419,-3.0012
input,176,0.0000,-0.0000,-0.0026,0.0001
target,176,-0.8874,-2.0602,1.1419,-3.0028
pos,177,-0.8886,-2.0596,1.1419,-3.0012
input,177,0.0000,-0.0000,-0.0026,0.0001
target,177,-0.8874,-2.0602,1.1419,-3.0028
pos,178,-0.8886,-2.0596,1.1419,-3.0012
input,178,0.0000,-0.0000,-0.0026,0.0001
target,178,-0.8874,-2.0602,1.1419,-3.0028
pos,179,-0.8886,-2.0596,1.1419,-3.0012
input,179,0.0000,-0.0000,-0.0026,0.0001
target,179,-0.8874,-2.0602,1.1419,-3.0028
pos,180,-0.8886,-2.0596,1.1419,-3.0012
input,180,0.0000,-0.0000,-0.0026,0.0001
target,180,-0.8874,-2.0602,1.1419,-3.0028
pos,181,-0.8886,-2.0596,1.1419,-3.0012
input,181,0.0000,-0.0000,-0.0026,0.0001
target,181,-0.8874,-2.0602,1.1419,-3.0028
pos,182,-0.8886,-2.0596,1.1419,-3.0012
input,182,0.0000,-0.0000,-0.0026,0.0001
target,182,-0.8874,-2.0602,1.1419,-3.0028
pos,183,-0.8886,-2.0596,1.1419,-3.0012
input,183,0.0000,-0.0000,-0.0026,0.0001
target,183,-0.8874,-2.0602,1.1419,-3.0028
pos,184,-0.8886,-2.0596,1.1419,-3.0012
input,184,0.0000,-0.0000,-0.0026,0.0001
target,184,-0.8874,-2.0602,1.1419,-3.0028
pos,185,-0.8886,-2.0596,1.1419,-3.0012
input,185,0.0000,-0.0000,-0.0026,0.0001
target,185,-0.8874,-2.0602,1.1419,-3.0028
pos,186,-0.8886,-2.0596,1.1419,-3.0012
input,186,0.0000,-0.0000,-0.0026,0.0001
target,186,-0.8874,-2.0602,1.1419,-3.0028
pos,187,-0.8886,-2.0596,1.1419,-3.0012
input,187,0.0000,-0.0000,-0.0026,0.0001
target,187,-0.8874,-2.0602,1.1419,-3.0028
pos,188,-0.8886,-2.0596,1.1419,-3.0012
input,188,0.0000,-0.0000,-0.0026,0.0001
target,188,-0.8874,-2.0602,1.1419,-3.0028
pos,189,-0.8886,-2.0596,1.1419,-3.0012
input,189,0.0000,-0.0000,-0.0026,0.0001
target,189,-0.8874,-2.0602,1.1419,-3.0028
pos,190,-0.8886,-2.0596,1.1419,-3.0012
input,190,0.0000,-0.0000,-0.0026,0.0001
target,190,-0.8874,-2.0602,1.1419,-3.0028
pos,191,-0.8886,-2.0596,1.1419,-3.0012
input,191,0.0000,-0.0000,-0.0026,0.0001
target,191,-0.8874,-2.0602,1.1419,-3.0028
pos,192,-0.8886,-2.0596,1.1419,-3.0012
input,192,0.0000,-0.0000,-0.0026,0.0001
target,192,-0.8874,-2.0602,1.1419,-3.0028
pos,193,-0.8886,-2.0596,1.1419,-3.0012
input,193,0.0000,-0.0000,-0.0026,0.0001
target,193,-0.8874,-2.0602,1.1419,-3.0028
pos,194,-0.8886,-2.0596,1.1419,-3.0012
input,194,0.0000,-0.0000,-0.0026,0.0001
target,194,-0.8874,-2.0602,1.1419,-3.0028
pos,195,-0.8886,-2.0596,1.1419,-3.0012
input,195,0.0000,-0.0000,-0.0026,0.0001
target,195,-0.8874,-2.0602,1.1419,-3.0028
pos,196,-0.8886,-2.0596,1.1419,-3.0012
input,196,0.0000,-0.0000,-0.0026,0.0001
target,196,-0.8874,-2.0602,1.1419,-3.0028
pos,197,-0.8886,-2.0596,1.1419,-3.0012
input,197,0.0000,-0.0000,-0.0026,0.0001
target,197,-0.8874,-2.0602,1.1419,-3.0028
pos,198,-0.8886,-2.0596,1.1419,-3.0012
input,198,0.0000,-0.0000,-0.0026,0.0001
target,198,-0.8874,-2.0602,1.1419,-3.0028
pos,199,-0.8886,-2.0596,1.1419,-3.0012
input,199,0.0000,-0.0000,-0.0026,0.0001
target,199,-0.8874,-2.0602,1.1419,-3.0028
pos,200,-0.8886,-2.0596,1.1419,-3.0012
input,200,0.0000,-0.0000,-0.0026,0.0001
target,200,-0.8874,-2.0602,1.1419,-3.0028
pos,201,-0.8886,-2.0596,1.1419,-3.0012
input,201,0.0000,-0.0000,-0.0026,0.0001
target,201,-0.8874,-2.0602,1.1419,-3.0028
pos,202,-0.8886,-2.0596,1.1419,-3.0012
input,202,0.0000,-0.0000,-0.0026,0.0001
target,202,-0.8874,-2.0602,1.1419,-3.0028
pos,203,-0.8886,-2.0596,1.1419,-3.0012
input,203,0.0000,-0.0000,-0.0026,0.0001
target,203,-0.8874,-2.0602,1.1419,-3.0028
pos,204,-0.8886,-2.0596,1.1419,-3.0012
input,204,0.0000,-0.0000,-0.0026,0.0001
target,204,-0.8874,-2.0602,1.1419,-3.0028
pos,205,-0.8886,-2.0596,1.1419,-3.0012
input,205,0.0000,-0.0000,-0.0026,0.0001
target,205,-0.8874,-2.0602,1.1419,-3.0028
pos,206,-0.8886,-2.0596,1.1419,-3.0012
input,206,0.0000,-0.0000,-0.0026,0.0001
target,206,-0.8874,-2.0602,1.1419,-3.0028
pos,207,-0.8886,-2.0596,1.1419,-3.0012
input,207,0.0000,-0.0000,-0.0026,0.0001
target,207,-0.8874,-2.0602,1.1419,-3.0028
pos,208,-0.8886,-2.0596,1.1419,-3.0012
input,208,0.0000,-0.0000,-0.0026,0.0001
target,208,-0.8874,-2.0602,1.1419,-3.0028
pos,209,-0.8886,-2.0596,1.1419,-3.0012
input,209,0.0000,-0.0000,-0.0026,0.0001
target,209,-0.8874,-2.0602,1.1419,-3.0028
pos,210,-0.8886,-2.0596,1.1419,-3.0012
input,210,0.0000,-0.0000,-0.0026,0.0001
target,210,-0.8874,-2.0602,1.1419,-3.0028
pos,211,-0.8886,-2.0596,1.1419,-3.0012
input,211,0.0000,-0.0000,-0.0026,0.0001
target,211,-0.8874,-2.0602,1.1419,-3.0028
pos,212,-0.8886,-2.0596,1.1419,-3.0012
input,212,0.0000,-0.0000,-0.0026,0.0001
target,212,-0.8874,-2.0602,1.1419,-3.0028
pos,213,-0.8886,-2.0596,1.1419,-3.0012
input,213,0.0000,-0.0000,-0.0026,0.0001
target,213,-0.8874,-2.0602,1.1419,-3.0028
pos,214,-0.8886,-2.0596,1.1419,-3.0012
input,214,0.0000,-0.0000,-0.0026,0.0001
target,214,-0.8874,-2.0602,1.1419,-3.0028
pos,215,-0.8886,-2.0596,1.1419,-3.0012
input,215,0.0000,-0.0000,-0.0026,0.0001
target,215,-0.8874,-2.0602,1.1419,-3.0028
pos,216,-0.8886,-2.0596,1.1419,-3.0012
input,216,0.0000,-0.0000,-0.0026,0.0001
target,216,-0.8874,-2.0602,1.1419,-3.0028
pos,217,-0.8886,-2.0596,1.1419,-3.0012
input,217,0.0000,-0.0000,-0.0026,0.0001
target,217,-0.8874,-2.0602,1.1419,-3.0028
pos,218,-0.8886,-2.0596,1.1419,-3.0012
input,218,0.0000,-0.0000,-0.0026,0.0001
target,218,-0.8874,-2.0602,1.1419,-3.0028
pos,219,-0.8886,-2.0596,1.1419,-3.0012
input,219,0.0000,-0.0000,-0.0026,0.0001
target,219,-0.8874,-2.0602,1.1419,-3.0028
pos,220,-0.8886,-2.0596,1.1419,-3.0012
input,220,0.0000,-0.0000,-0.0026,0.0001
target,220,-0.8874,-2.0602,1.1419,-3.0028
pos,221,-0.8886,-2.0596,1.1419,-3.0012
input,221,0.0000,-0.0000,-0.0026,0.0001
target,221,-0.8874,-2.0602,1.1419,-3.0028
pos,222,-0.8886,-2.0596,1.1419,-3.0012
input,222,0.0000,-0.0000,-0.0026,0.0001
target,222,-0.8874,-2.0602,1.1419,-3.0028
pos,223,-0.8886,-2.0596,1.1419,-3.0012
input,223,0.0000,-0.0000,-0.0026,0.0001
target,223,-0.8874,-2.0602,1.1419,-3.0028
pos,224,-0.8886,-2.0596,1.1419,-3.0012
input,224,0.0000,-0.0000,-0.0026,0.0001
target,224,-0.8874,-2.0602,1.1419,-3.0028
pos,225,-0.8886,-2.0596,1.1419,-3.0012
input,225,0.0000,-0.0000,-0.0026,0.0001
target,225,-0.8874,-2.0602,1.1419,-3.0028
pos,226,-0.8886,-2.0596,1.1419,-3.0012
input,226,0.0000,-0.0000,-0.0026,0.0001
target,226,-0.8874,-2.0602,1.1419,-3.0028
pos,227,-0.8886,-2.0596,1.1419,-3.0012
input,227,0.0000,-0.0000,-0.0026,0.0001
target,227,-0.8874,-2.0602,1.1419,-3.0028
pos,228,-0.8886,-2.0596,1.1419,-3.0012
input,228,0.0000,-0.0000,-0.0026,0.0001
target,228,-0.8874,-2.0602,1.1419,-3.0028
pos,229,-0.8886,-2.0596,1.1419,-3.0012
input,229,0.0000,-0.0000,-0.0026,0.0001
target,229,-0.8874,-2.0602,1.1419,-3.0028
pos,230,-0.8886,-2.0596,1.1419,-3.0012
input,230,0.0000,-0.0000,-0.0026,0.0001
target,230,-0.8874,-2.0602,1.1419,-3.0028
pos,231,-0.8886,-2.0596,1.1419,-3.0012
input,231,0.0000,-0.0000,-0.0026,0.0001
target,231,-0.8874,-2.0602,1.1419,-3.0028
pos,232,-0.8886,-2.0596,1.1419,-3.0012
input,232,0.0000,-0.0000,-0.0026,0.0001
target,232,-0.8874,-2.0602,1.1419,-3.0028
pos,233,-0.8896,-2.0584,1.1387,-3.0177
input,233,0.0000,-0.0000,-0.0026,0.0001
target,233,-0.8874,-2.0602,1.1419,-3.0028
pos,234,-0.8889,-2.0517,1.1391,3.0820
input,234,0.0000,-0.0000,-0.0026,0.0001
target,234,-0.8874,-2.0602,1.1419,-3.0028
pos,235,-0.8750,-2.0505,1.1474,-2.9989
input,235,0.0003,0.0001,-0.0017,0.0006
target,235,-0.8874,-2.0602,1.1419,-3.0028
pos,236,-0.8707,-2.0501,1.1483,-3.0158
input,236,0.0022,0.0015,-0.0000,0.0013
target,236,-0.8874,-2.0602,1.1419,-3.0028
pos,237,-0.8687,-2.0501,1.1505,-3.0116
input,237,0.0044,0.0058,0.0009,0.0009
target,237,-0.8874,-2.0602,1.1419,-3.0028
pos,238,-0.8660,-2.0518,1.1596,-3.0037
input,238,0.0067,0.0122,0.0024,-0.0003
target,238,-0.8874,-2.0602,1.1419,-3.0028
pos,239,-0.8659,-2.0517,1.1599,-3.0044
input,239,0.0088,0.0200,0.0038,-0.0024
target,239,-0.8874,-2.0602,1.1419,-3.0028
pos,240,-0.8702,-2.0561,1.1705,-3.0093
input,240,0.0104,0.0284,0.0048,-0.0064
target,240,-0.8874,-2.0602,1.1419,-3.0028
pos,241,-0.8699,-2.0560,1.1709,-3.0335
input,241,0.0122,0.0352,0.0056,-0.0099
target,241,-0.8874,-2.0602,1.1419,-3.0028
pos,242,-0.8699,-2.0560,1.1712,-3.0246
input,242,0.0122,0.0352,0.0056,-0.0099
target,242,-0.8874,-2.0602,1.1419,-3.0028
pos,243,-0.8701,-2.0560,1.1713,-3.0251
input,243,0.0128,0.0473,0.0067,-0.0244
target,243,-0.8874,-2.0602,1.1419,-3.0028
pos,244,-0.8711,-2.0558,1.1736,-3.0173
input,244,0.0115,0.0474,0.0095,-0.0303
target,244,-0.8874,-2.0602,1.1419,-3.0028
pos,245,-0.8712,-2.0558,1.1739,-3.0157
input,245,0.0114,0.0539,0.0119,-0.0434
target,245,-0.8874,-2.0602,1.1419,-3.0028
pos,246,-0.8713,-2.0559,1.1742,-3.0123
input,246,0.0102,0.0557,0.0147,-0.0536
target,246,-0.8874,-2.0602,1.1419,-3.0028
pos,247,-0.8714,-2.0559,1.1744,-3.0140
input,247,0.0090,0.0566,0.0170,-0.0633
target,247,-0.8874,-2.0602,1.1419,-3.0028
pos,248,-0.8715,-2.0560,1.1748,-3.0085
input,248,0.0081,0.0568,0.0186,-0.0721
target,248,-0.8874,-2.0602,1.1419,-3.0028
pos,249,-0.8713,-2.0556,1.1748,-3.0245
input,249,0.0073,0.0565,0.0197,-0.0800
target,249,-0.8874,-2.0602,1.1419,-3.0028
pos,250,-0.8716,-2.0560,1.1750,-3.0258
input,250,0.0065,0.0559,0.0202,-0.0870
target,250,-0.8874,-2.0602,1.1419,-3.0028
pos,251,-0.8739,-2.0562,1.1678,3.1038
input,251,0.0060,0.0552,0.0211,-0.0930
target,251,-0.8874,-2.0602,1.1419,-3.0028
pos,252,-0.8739,-2.0562,1.1678,3.1038
input,252,0.0056,0.0544,0.0223,-0.0982
target,252,-0.8874,-2.0602,1.1419,-3.0028
pos,253,-0.8744,-2.0560,1.1677,3.0832
input,253,0.0053,0.0533,0.0238,-0.1014
target,253,-0.8874,-2.0602,1.1419,-3.0028
pos,254,-0.8719,-2.0560,1.1759,-3.0189
input,254,0.0053,0.0521,0.0342,-0.1032
target,254,-0.8874,-2.0602,1.1419,-3.0028
pos,255,-0.8719,-2.0560,1.1759,-3.0189
input,255,0.0055,0.0509,0.0521,-0.1038
target,255,-0.8874,-2.0602,1.1419,-3.0028
pos,256,-0.8719,-2.0560,1.1759,-3.0189
input,256,0.0058,0.0501,0.0748,-0.1048
target,256,-0.8874,-2.0602,1.1419,-3.0028
pos,257,-0.8719,-2.0556,1.1775,-2.9979
input,257,0.0059,0.0496,0.0898,-0.1060
target,257,-0.8874,-2.0602,1.1419,-3.0028
pos,258,-0.8719,-2.0556,1.1775,-2.9979
input,258,0.0059,0.0492,0.0985,-0.1074
target,258,-0.8874,-2.0602,1.1419,-3.0028
pos,259,-0.8719,-2.0556,1.1775,-2.9979
input,259,0.0058,0.0489,0.1010,-0.1089
target,259,-0.8874,-2.0602,1.1419,-3.0028
pos,260,-0.8719,-2.0556,1.1775,-2.9979
input,260,0.0057,0.0488,0.0990,-0.1107
target,260,-0.8874,-2.0602,1.1419,-3.0028
pos,261,-0.8719,-2.0556,1.1775,-2.9979
input,261,0.0056,0.0487,0.0937,-0.1124
target,261,-0.8874,-2.0602,1.1419,-3.0028
pos,262,-0.8719,-2.0556,1.1775,-2.9979
input,262,0.0055,0.0487,0.0862,-0.1141
target,262,-0.8874,-2.0602,1.1419,-3.0028
pos,263,-0.8719,-2.0556,1.1775,-2.9979
input,263,0.0054,0.0488,0.0774,-0.1156
target,263,-0.8874,-2.0602,1.1419,-3.0028
pos,264,-0.8719,-2.0556,1.1775,-2.9979
input,264,0.0053,0.0488,0.0680,-0.1170
target,264,-0.8874,-2.0602,1.1419,-3.0028
pos,265,-0.8719,-2.0556,1.1775,-2.9979
input,265,0.0052,0.0489,0.0585,-0.1183
target,265,-0.8874,-2.0602,1.1419,-3.0028
pos,266,-0.8719,-2.0556,1.1775,-2.9979
input,266,0.0051,0.0489,0.0492,-0.1193
target,266,-0.8874,-2.0602,1.1419,-3.0028
pos,267,-0.8719,-2.0556,1.1775,-2.9979
input,267,0.0050,0.0489,0.0404,-0.1203
target,267,-0.8874,-2.0602,1.1419,-3.0028
pos,268,-0.8719,-2.0556,1.1775,-2.9979
input,268,0.0049,0.0489,0.0324,-0.1210
target,268,-0.8874,-2.0602,1.1419,-3.0028
pos,269,-0.8719,-2.0556,1.1775,-2.9979
input,269,0.0048,0.0490,0.0251,-0.1216
target,269,-0.8874,-2.0602,1.1419,-3.0028
pos,270,-0.8719,-2.0556,1.1775,-2.9979
input,270,0.0048,0.0490,0.0187,-0.1221
target,270,-0.8874,-2.0602,1.1419,-3.0028
pos,271,-0.8719,-2.0556,1.1775,-2.9979
input,271,0.0047,0.0490,0.0131,-0.1224
target,271,-0.8874,-2.0602,1.1419,-3.0028
pos,272,-0.8719,-2.0556,1.1775,-2.9979
input,272,0.0047,0.0490,0.0083,-0.1227
target,272,-0.8874,-2.0602,1.1419,-3.0028
pos,273,-0.8719,-2.0556,1.1775,-2.9979
input,273,0.0047,0.0490,0.0043,-0.1229
target,273,-0.8874,-2.0602,1.1419,-3.0028
pos,274,-0.8719,-2.0556,1.1775,-2.9979
input,274,0.0047,0.0490,0.0009,-0.1230
target,274,-0.8874,-2.0602,1.1419,-3.0028
pos,275,-0.8719,-2.0556,1.1775,-2.9979
input,275,0.0046,0.0490,-0.0018,-0.1230
target,275,-0.8874,-2.0602,1.1419,-3.0028
pos,276,-0.8719,-2.0556,1.1775,-2.9979
input,276,0.0046,0.0490,-0.0039,-0.1231
target,276,-0.8874,-2.0602,1.1419,-3.0028
pos,277,-0.8719,-2.0556,1.1775,-2.9979
input,277,0.0046,0.0490,-0.0056,-0.1231
target,277,-0.8874,-2.0602,1.1419,-3.0028
pos,278,-0.8726,-2.0399,1.1651,-3.0129
input,278,0.0046,0.0490,-0.0068,-0.1230
target,278,-0.8874,-2.0602,1.1419,-3.0028
pos,279,-0.8726,-2.0399,1.1651,-3.0129
input,279,0.0046,0.0490,-0.0077,-0.1230
target,279,-0.8874,-2.0602,1.1419,-3.0028
pos,280,-0.8730,-2.0381,1.1652,-2.9898
input,280,0.0080,0.0518,-0.0074,-0.1212
target,280,-0.8874,-2.0602,1.1419,-3.0028
pos,281,3.4645,2.8644,0.3722,2.6787
input,281,0.0134,0.0564,-0.0063,-0.1181
target,281,-0.8874,-2.0602,1.1419,-3.0028
pos,282,-0.8731,-2.0357,1.1619,-3.0029
input,282,0.0204,0.0623,-0.0058,-0.1143
target,282,-0.8874,-2.0602,1.1419,-3.0028
pos,283,-0.8735,-2.0353,1.1618,-2.9997
input,283,0.0282,0.0689,-0.0061,-0.1102
target,283,-0.8874,-2.0602,1.1419,-3.0028
pos,284,-0.8735,-2.0333,1.1603,-3.0013
input,284,0.0366,0.0761,-0.0062,-0.1056
target,284,-0.8874,-2.0602,1.1419,-3.0028
pos,285,-0.8738,-2.0328,1.1593,-3.0026
input,285,0.0452,0.0834,-0.0063,-0.1008
target,285,-0.8874,-2.0602,1.1419,-3.0028
pos,286,-0.8734,-2.0314,1.1595,-2.9981
input,286,0.0538,0.0908,-0.0062,-0.0958
target,286,-0.8874,-2.0602,1.1419,-3.0028
pos,287,-0.8737,-2.0304,1.1588,-2.9970
input,287,0.0623,0.0980,-0.0058,-0.0907
target,287,-0.8874,-2.0602,1.1419,-3.0028
pos,288,-0.8742,-2.0291,1.1560,-3.0021
input,288,0.0705,0.1050,-0.0054,-0.0859
target,288,-0.8874,-2.0602,1.1419,-3.0028
pos,289,-0.8744,-2.0283,1.1547,-3.0138
input,289,0.0783,0.1117,-0.0051,-0.0813
target,289,-0.8874,-2.0602,1.1419,-3.0028
pos,290,-0.8740,-2.0273,1.1551,-2.9946
input,290,0.0858,0.1182,-0.0046,-0.0767
target,290,-0.8874,-2.0602,1.1419,-3.0028
pos,291,-0.8740,-2.0273,1.1551,-2.9946
input,291,0.0929,0.1242,-0.0034,-0.0721
target,291,-0.8874,-2.0602,1.1419,-3.0028
pos,292,-0.8752,-2.0258,1.1491,-2.9759
input,292,0.0996,0.1299,-0.0026,-0.0677
target,292,-0.8874,-2.0602,1.1419,-3.0028
pos,293,-0.8753,-2.0253,1.1488,-2.9652
input,293,0.1057,0.1352,-0.0023,-0.0637
target,293,-0.8874,-2.0602,1.1419,-3.0028
pos,294,-0.8753,-2.0245,1.1468,-2.9914
input,294,0.1113,0.1399,-0.0034,-0.0593
target,294,-0.8874,-2.0602,1.1419,-3.0028
pos,295,-0.8776,-2.0225,1.1419,3.0969
input,295,0.1165,0.1441,-0.0061,-0.0546
target,295,-0.8874,-2.0602,1.1419,-3.0028
pos,296,-0.8775,-2.0218,1.1412,3.0951
input,296,0.1212,0.1480,-0.0083,-0.0498
target,296,-0.8874,-2.0602,1.1419,-3.0028
pos,297,-0.8778,-2.0213,1.1408,3.0990
input,297,0.1261,0.1515,-0.0101,-0.0443
target,297,-0.8874,-2.0602,1.1419,-3.0028
pos,298,-0.8773,-2.0215,1.1427,-3.1211
input,298,0.1315,0.1552,-0.0002,-0.0385
target,298,-0.8874,-2.0602,1.1419,-3.0028
pos,299,-0.8773,-2.0215,1.1427,-3.1211
input,299,0.1371,0.1590,0.0179,-0.0326
target,299,-0.8874,-2.0602,1.1419,-3.0028
pos,300,-0.8764,-2.0180,1.1468,-3.0096
input,300,0.1425,0.1626,0.0376,-0.0272
target,300,-0.8874,-2.0602,1.1419,-3.0028
pos,301,-0.8764,-2.0163,1.1477,-2.9949
input,301,0.1474,0.1659,0.0578,-0.0224
target,301,-0.8874,-2.0602,1.1419,-3.0028
pos,302,-0.8766,-2.0158,1.1476,-2.9971
input,302,0.1521,0.1695,0.0712,-0.0189
target,302,-0.8874,-2.0602,1.1419,-3.0028
pos,303,-0.8767,-2.0152,1.1469,-3.0009
input,303,0.1568,0.1733,0.0782,-0.0165
target,303,-0.8874,-2.0602,1.1419,-3.0028
pos,304,-0.8773,-2.0149,1.1457,-3.0053
input,304,0.1612,0.1771,0.0804,-0.0150
target,304,-0.8874,-2.0602,1.1419,-3.0028
pos,305,-0.8783,-2.0134,1.1445,-3.0054
input,305,0.1655,0.1809,0.0794,-0.0141
target,305,-0.8874,-2.0602,1.1419,-3.0028
pos,306,-0.8785,-2.0127,1.1443,-2.9996
input,306,0.1695,0.1845,0.0762,-0.0136
target,306,-0.8874,-2.0602,1.1419,-3.0028
pos,307,-0.8814,-2.0114,1.1378,-3.0973
input,307,0.1736,0.1878,0.0717,-0.0130
target,307,-0.8874,-2.0602,1.1419,-3.0028
pos,308,-0.8822,-2.0106,1.1370,-3.1244
input,308,0.1776,0.1910,0.0660,-0.0125
target,308,-0.8874,-2.0602,1.1419,-3.0028
pos,309,-0.8833,-2.0089,1.1352,3.1061
input,309,0.1821,0.1940,0.0652,-0.0111
target,309,-0.8874,-2.0602,1.1419,-3.0028
pos,310,-0.8843,-2.0075,1.1350,3.1188
input,310,0.1871,0.1970,0.0699,-0.0090
target,310,-0.8874,-2.0602,1.1419,-3.0028
pos,311,-0.8831,-2.0083,1.1394,-2.9757
input,311,0.1928,0.2001,0.0813,-0.0062
target,311,-0.8874,-2.0602,1.1419,-3.0028
pos,312,-0.8838,-2.0071,1.1393,-2.9602
input,312,0.1991,0.2034,0.0967,-0.0031
target,312,-0.8874,-2.0602,1.1419,-3.0028
pos,313,-0.8841,-2.0038,1.1441,-2.9901
input,313,0.2053,0.2067,0.1142,-0.0005
target,313,-0.8874,-2.0602,1.1419,-3.0028
pos,314,-0.8847,-2.0033,1.1438,-2.9815
input,314,0.2114,0.2102,0.1328,0.0016
target,314,-0.8874,-2.0602,1.1419,-3.0028
pos,315,-0.8847,-2.0033,1.1438,-2.9815
input,315,0.2172,0.2136,0.1416,0.0026
target,315,-0.8874,-2.0602,1.1419,-3.0028
pos,316,-0.8851,-2.0028,1.1438,-2.9978
input,316,0.2225,0.2169,0.1421,0.0028
target,316,-0.8874,-2.0602,1.1419,-3.0028
pos,317,-0.8851,-2.0028,1.1438,-2.9978
input,317,0.2273,0.2198,0.1366,0.0024
target,317,-0.8874,-2.0602,1.1419,-3.0028
pos,318,-0.8851,-2.0028,1.1438,-2.9978
input,318,0.2315,0.2225,0.1279,0.0016
target,318,-0.8874,-2.0602,1.1419,-3.0028
pos,319,-0.8851,-2.0028,1.1438,-2.9978
input,319,0.2351,0.2249,0.1173,0.0006
target,319,-0.8874,-2.0602,1.1419,-3.0028
pos,320,-0.8851,-2.0028,1.1438,-2.9978
input,320,0.2382,0.2269,0.1055,-0.0005
target,320,-0.8874,-2.0602,1.1419,-3.0028
pos,321,-0.8952,-1.9928,1.1409,-2.9974
input,321,0.2407,0.2286,0.0934,-0.0017
target,321,-0.8874,-2.0602,1.1419,-3.0028
pos,322,-0.8967,-1.9905,1.1407,-2.9980
input,322,0.2426,0.2300,0.0815,-0.0029
target,322,-0.8874,-2.0602,1.1419,-3.0028
pos,323,-0.8986,-1.9894,1.1398,-2.9782
input,323,0.2469,0.2317,0.0704,-0.0036
target,323,-0.8874,-2.0602,1.1419,-3.0028
pos,324,-0.8986,-1.9894,1.1398,-2.9782
input,324,0.2529,0.2338,0.0604,-0.0040
target,324,-0.8874,-2.0602,1.1419,-3.0028
pos,325,-0.8986,-1.9894,1.1398,-2.9782
input,325,0.2602,0.2361,0.0504,-0.0039
target,325,-0.8874,-2.0602,1.1419,-3.0028
pos,326,-0.9033,-1.9833,1.1413,-2.9963
input,326,0.2678,0.2385,0.0406,-0.0036
target,326,-0.8874,-2.0602,1.1419,-3.0028
pos,327,-0.9065,-1.9801,1.1403,-2.9930
input,327,0.2752,0.2408,0.0312,-0.0031
target,327,-0.8874,-2.0602,1.1419,-3.0028
pos,328,-0.9101,-1.9768,1.1403,-2.9905
input,328,0.2837,0.2437,0.0235,-0.0028
target,328,-0.8874,-2.0602,1.1419,-3.0028
pos,329,-0.9101,-1.9768,1.1403,-2.9905
input,329,0.2935,0.2470,0.0173,-0.0024
target,329,-0.8874,-2.0602,1.1419,-3.0028
pos,330,-0.9113,-1.9756,1.1402,-2.9871
input,330,0.3044,0.2508,0.0123,-0.0021
target,330,-0.8874,-2.0602,1.1419,-3.0028
pos,331,-0.9157,-1.9707,1.1394,-2.9811
input,331,0.3155,0.2548,0.0085,-0.0017
target,331,-0.8874,-2.0602,1.1419,-3.0028
pos,332,-0.9204,-1.9668,1.1413,-2.9805
input,332,0.3266,0.2590,0.0054,-0.0014
target,332,-0.8874,-2.0602,1.1419,-3.0028
pos,333,-0.9215,-1.9653,1.1413,-2.9736
input,333,0.3383,0.2634,0.0028,-0.0010
target,333,-0.8874,-2.0602,1.1419,-3.0028
pos,334,-0.9215,-1.9653,1.1413,-2.9736
input,334,0.3509,0.2680,0.0007,-0.0009
target,334,-0.8874,-2.0602,1.1419,-3.0028
pos,335,-0.9312,-1.9584,1.1303,3.0599
input,335,0.3638,0.2728,-0.0015,-0.0010
target,335,-0.8874,-2.0602,1.1419,-3.0028
pos,336,-0.9312,-1.9584,1.1303,3.0599
input,336,0.3762,0.2775,-0.0036,-0.0012
target,336,-0.8874,-2.0602,1.1419,-3.0028
pos,337,-0.9312,-1.9584,1.1303,3.0599
input,337,0.3895,0.2820,-0.0055,0.0001
target,337,-0.8874,-2.0602,1.1419,-3.0028
pos,338,-0.9348,-1.9515,1.1410,-2.9715
input,338,0.4028,0.2862,-0.0072,0.0024
target,338,-0.8874,-2.0602,1.1419,-3.0028
pos,339,-0.9381,-1.9483,1.1410,-2.9685
input,339,0.4168,0.2912,0.0055,0.0052
target,339,-0.8874,-2.0602,1.1419,-3.0028
pos,340,-0.9381,-1.9483,1.1410,-2.9685
input,340,0.4325,0.2976,0.0287,0.0068
target,340,-0.8874,-2.0602,1.1419,-3.0028
pos,341,-0.9435,-1.9430,1.1394,-2.9635
input,341,0.4496,0.3052,0.0586,0.0072
target,341,-0.8874,-2.0602,1.1419,-3.0028
pos,342,-0.9503,-1.9354,1.1382,-2.9695
input,342,0.4669,0.3134,0.0924,0.0070
target,342,-0.8874,-2.0602,1.1419,-3.0028
pos,343,-0.9539,-1.9313,1.1382,-2.9764
input,343,0.4790,0.3221,0.1202,0.0068
target,343,-0.8874,-2.0602,1.1419,-3.0028
pos,344,-0.9579,-1.9276,1.1379,-2.9681
input,344,0.4869,0.3309,0.1428,0.0068
target,344,-0.8874,-2.0602,1.1419,-3.0028
pos,345,-0.9614,-1.9236,1.1371,-2.9903
input,345,0.5000,0.3374,0.1416,0.0058
target,345,-0.8874,-2.0602,1.1419,-3.0028
pos,346,-0.9672,-1.9172,1.1364,-2.9776
input,346,0.5000,0.3456,0.1511,0.0057
target,346,-0.8874,-2.0602,1.1419,-3.0028
pos,347,-0.9720,-1.9129,1.1364,-2.9649
input,347,0.5000,0.3515,0.1335,0.0048
target,347,-0.8874,-2.0602,1.1419,-3.0028
pos,348,-0.9741,-1.9105,1.1360,-2.9641
input,348,0.5000,0.3593,0.1286,0.0044
target,348,-0.8874,-2.0602,1.1419,-3.0028
pos,349,-0.9788,-1.9061,1.1334,-2.9375
input,349,0.5000,0.3668,0.1235,0.0042
target,349,-0.8874,-2.0602,1.1419,-3.0028
pos,350,-0.9826,-1.9009,1.1345,-2.9833
input,350,0.5000,0.3617,0.1235,0.0042
target,350,-0.8874,-2.0602,1.1419,-3.0028
pos,351,-0.9875,-1.8964,1.1341,-2.9737
input,351,0.5000,0.3518,0.1265,0.0047
target,351,-0.8874,-2.0602,1.1419,-3.0028
pos,352,-0.9925,-1.8912,1.1335,-2.9614
input,352,0.5000,0.3592,0.1188,0.0044
target,352,-0.8874,-2.0602,1.1419,-3.0028
pos,353,-0.9972,-1.8858,1.1328,-2.9620
input,353,0.5000,0.3670,0.1111,0.0041
target,353,-0.8874,-2.0602,1.1419,-3.0028
pos,354,-0.9972,-1.8858,1.1328,-2.9620
input,354,0.5000,0.3718,0.0979,0.0043
target,354,-0.8874,-2.0602,1.1419,-3.0028
pos,355,-0.9972,-1.8858,1.1328,-2.9620
input,355,0.5000,0.3799,0.0890,0.0043
target,355,-0.8874,-2.0602,1.1419,-3.0028
pos,356,-1.0157,-1.8654,1.1301,-2.9490
input,356,0.5000,0.3636,0.1074,0.0044
target,356,-0.8874,-2.0602,1.1419,-3.0028
pos,357,-1.0205,-1.8594,1.1289,-2.9621
input,357,0.5000,0.3718,0.0979,0.0043
target,357,-0.8874,-2.0602,1.1419,-3.0028
pos,358,-1.0261,-1.8528,1.1282,-2.9660
input,358,0.5000,0.3636,0.1074,0.0044
target,358,-0.8874,-2.0602,1.1419,-3.0028
pos,359,-1.0319,-1.8457,1.1270,-2.9657
input,359,0.5000,0.3718,0.0979,0.0043
target,359,-0.8874,-2.0602,1.1419,-3.0028
pos,360,-1.0350,-1.8428,1.1270,-2.9552
input,360,0.5000,0.3799,0.0890,0.0043
target,360,-0.8874,-2.0602,1.1419,-3.0028
pos,361,-1.0412,-1.8356,1.1259,-2.9425
input,361,0.5000,0.3718,0.0979,0.0043
target,361,-0.8874,-2.0602,1.1419,-3.0028
pos,362,-1.0502,-1.8252,1.1246,-2.9594
input,362,0.5000,0.3799,0.0890,0.0043
target,362,-0.8874,-2.0602,1.1419,-3.0028
pos,363,-1.0536,-1.8212,1.1241,-2.9489
input,363,0.5000,0.3636,0.1074,0.0044
target,363,-0.8874,-2.0602,1.1419,-3.0028
pos,364,-1.0566,-1.8171,1.1234,-2.9459
input,364,0.5000,0.3718,0.0979,0.0043
target,364,-0.8874,-2.0602,1.1419,-3.0028
pos,365,-1.0599,-1.8132,1.1232,-2.9455
input,365,0.5000,0.3799,0.0890,0.0043
target,365,-0.8874,-2.0602,1.1419,-3.0028
pos,366,-1.0737,-1.7973,1.1229,-2.9372
input,366,0.5000,0.3876,0.0810,0.0043
target,366,-0.8874,-2.0602,1.1419,-3.0028
pos,367,-1.0804,-1.7888,1.1192,-2.9423
input,367,0.5000,0.3799,0.0890,0.0043
target,367,-0.8874,-2.0602,1.1419,-3.0028
pos,368,-1.0878,-1.7806,1.1196,-2.9407
input,368,0.5000,0.3559,0.1174,0.0046
target,368,-0.8874,-2.0602,1.1419,-3.0028
pos,369,-1.0878,-1.7806,1.1196,-2.9407
input,369,0.5000,0.3636,0.1074,0.0044
target,369,-0.8874,-2.0602,1.1419,-3.0028
pos,370,-1.1028,-1.7624,1.1174,-2.9402
input,370,0.5000,0.3636,0.1074,0.0044
target,370,-0.8874,-2.0602,1.1419,-3.0028
pos,371,-1.1066,-1.7580,1.1172,-2.9378
input,371,0.5000,0.3596,0.0996,0.0071
target,371,-0.8874,-2.0602,1.1419,-3.0028
pos,372,-1.1066,-1.7580,1.1172,-2.9378
input,372,0.5000,0.3596,0.0996,0.0071
target,372,-0.8874,-2.0602,1.1419,-3.0028
pos,373,-1.1066,-1.7580,1.1172,-2.9378
input,373,0.5000,0.3682,0.0851,0.0081
target,373,-0.8874,-2.0602,1.1419,-3.0028
pos,374,-1.1066,-1.7580,1.1172,-2.9378
input,374,0.5000,0.3778,0.0717,0.0090
target,374,-0.8874,-2.0602,1.1419,-3.0028
pos,375,-1.1066,-1.7580,1.1172,-2.9378
input,375,0.5000,0.3817,0.0502,0.0134
target,375,-0.8874,-2.0602,1.1419,-3.0028
pos,376,-1.1066,-1.7580,1.1172,-2.9378
input,376,0.5000,0.3927,0.0358,0.0151
target,376,-0.8874,-2.0602,1.1419,-3.0028
pos,377,-1.1066,-1.7580,1.1172,-2.9378
input,377,0.5000,0.4033,0.0235,0.0166
target,377,-0.8874,-2.0602,1.1419,-3.0028
pos,378,-1.1066,-1.7580,1.1172,-2.9378
input,378,0.5000,0.3846,0.0315,0.0175
target,378,-0.8874,-2.0602,1.1419,-3.0028
pos,379,-1.1066,-1.7580,1.1172,-2.9378
input,379,0.5000,0.3958,0.0162,0.0198
target,379,-0.8874,-2.0602,1.1419,-3.0028
pos,380,-1.1066,-1.7580,1.1172,-2.9378
input,380,0.5000,0.3774,0.0317,0.0186
target,380,-0.8874,-2.0602,1.1419,-3.0028
pos,381,-1.1066,-1.7580,1.1172,-2.9378
input,381,0.5000,0.3748,0.0239,0.0209
target,381,-0.8874,-2.0602,1.1419,-3.0028
pos,382,-1.1066,-1.7580,1.1172,-2.9378
input,382,0.5000,0.3720,-0.0118,0.0293
target,382,-0.8874,-2.0602,1.1419,-3.0028
pos,383,-1.1066,-1.7580,1.1172,-2.9378
input,383,0.5000,0.3774,-0.0298,0.0340
target,383,-0.8874,-2.0602,1.1419,-3.0028
pos,384,-1.1066,-1.7580,1.1172,-2.9378
input,384,0.5000,0.3863,-0.0454,0.0383
target,384,-0.8874,-2.0602,1.1419,-3.0028
pos,385,-1.1066,-1.7580,1.1172,-2.9378
input,385,0.5000,0.3863,-0.0454,0.0383
target,385,-0.8874,-2.0602,1.1419,-3.0028
pos,386,-1.1066,-1.7580,1.1172,-2.9378
input,386,0.5000,0.3970,-0.0588,0.0422
target,386,-0.8874,-2.0602,1.1419,-3.0028
pos,387,-1.1066,-1.7580,1.1172,-2.9378
input,387,0.5000,0.3774,-0.0298,0.0340
target,387,-0.8874,-2.0602,1.1419,-3.0028
pos,388,-1.1971,-1.6509,1.1096,-2.9101
input,388,0.5000,0.3720,-0.0118,0.0293
target,388,-0.8874,-2.0602,1.1419,-3.0028
pos,389,-1.1971,-1.6509,1.1096,-2.9101
input,389,0.5000,0.3713,-0.0399,0.0378
target,389,-0.8874,-2.0602,1.1419,-3.0028
pos,390,-1.1971,-1.6509,1.1096,-2.9101
input,390,0.5000,0.3765,-0.0442,0.0397
target,390,-0.8874,-2.0602,1.1419,-3.0028
pos,391,-1.1971,-1.6509,1.1096,-2.9101
input,391,0.5000,0.3852,-0.0481,0.0415
target,391,-0.8874,-2.0602,1.1419,-3.0028
pos,392,-1.1971,-1.6509,1.1096,-2.9101
input,392,0.5000,0.3852,-0.0481,0.0415
target,392,-0.8874,-2.0602,1.1419,-3.0028
pos,393,-1.1971,-1.6509,1.1096,-2.9101
input,393,0.5000,0.3958,-0.0515,0.0433
target,393,-0.8874,-2.0602,1.1419,-3.0028
pos,394,-1.2659,-1.5696,1.1059,-2.9008
input,394,0.5000,0.3765,-0.0442,0.0397
target,394,-0.8874,-2.0602,1.1419,-3.0028
pos,395,-1.2659,-1.5696,1.1059,-2.9008
input,395,0.5000,0.3852,-0.0481,0.0415
target,395,-0.8874,-2.0602,1.1419,-3.0028
pos,396,-1.3349,-1.4888,1.1042,-2.8958
input,396,0.5000,0.3765,-0.0442,0.0397
target,396,-0.8874,-2.0602,1.1419,-3.0028
pos,397,-1.3349,-1.4888,1.1042,-2.8958
input,397,0.5000,0.3852,-0.0481,0.0415
target,397,-0.8874,-2.0602,1.1419,-3.0028
pos,398,-1.3349,-1.4888,1.1042,-2.8958
input,398,0.5000,0.3777,-0.0313,0.0383
target,398,-0.8874,-2.0602,1.1419,-3.0028
pos,399,-1.3912,-1.4243,1.1039,-2.8888
input,399,0.5000,0.3851,-0.0275,0.0379
target,399,-0.8874,-2.0602,1.1419,-3.0028
pos,400,-1.4025,-1.4114,1.1036,-2.9054
input,400,0.5000,0.3777,-0.0313,0.0383
target,400,-0.8874,-2.0602,1.1419,-3.0028
pos,401,-1.4025,-1.4114,1.1036,-2.9054
input,401,0.5000,0.3851,-0.0275,0.0379
target,401,-0.8874,-2.0602,1.1419,-3.0028
pos,402,-1.4025,-1.4114,1.1036,-2.9054
input,402,0.5000,0.3763,-0.0141,0.0335
target,402,-0.8874,-2.0602,1.1419,-3.0028
pos,403,-1.4025,-1.4114,1.1036,-2.9054
input,403,0.5000,0.3835,-0.0114,0.0328
target,403,-0.8874,-2.0602,1.1419,-3.0028
pos,404,-1.4494,-1.3581,1.1025,-2.9076
input,404,0.5000,0.3763,-0.0141,0.0335
target,404,-0.8874,-2.0602,1.1419,-3.0028
pos,405,-1.4494,-1.3581,1.1025,-2.9076
input,405,0.5000,0.3710,-0.0045,0.0299
target,405,-0.8874,-2.0602,1.1419,-3.0028
pos,406,-1.4494,-1.3581,1.1025,-2.9076
input,406,0.5000,0.3742,-0.0024,0.0290
target,406,-0.8874,-2.0602,1.1419,-3.0028
pos,407,-1.4674,-1.3378,1.1018,-2.9051
input,407,0.5000,0.3709,-0.0032,0.0292
target,407,-0.8874,-2.0602,1.1419,-3.0028
pos,408,-1.4915,-1.3109,1.0993,-2.9200
input,408,0.5000,0.3645,0.0014,0.0273
target,408,-0.8874,-2.0602,1.1419,-3.0028
pos,409,-1.4915,-1.3109,1.0993,-2.9200
input,409,0.5000,0.3622,0.0010,0.0273
target,409,-0.8874,-2.0602,1.1419,-3.0028
pos,410,-1.5158,-1.2834,1.0992,-2.9039
input,410,0.5000,0.3670,0.0019,0.0269
target,410,-0.8874,-2.0602,1.1419,-3.0028
pos,411,-1.5158,-1.2834,1.0992,-2.9039
input,411,0.5000,0.3639,0.0034,0.0260
target,411,-0.8874,-2.0602,1.1419,-3.0028
pos,412,-1.5158,-1.2834,1.0992,-2.9039
input,412,0.5000,0.3587,0.0042,0.0260
target,412,-0.8874,-2.0602,1.1419,-3.0028
pos,413,-1.5158,-1.2834,1.0992,-2.9039
input,413,0.5000,0.3563,0.0050,0.0255
target,413,-0.8874,-2.0602,1.1419,-3.0028
pos,414,-1.5158,-1.2834,1.0992,-2.9039
input,414,0.5000,0.3531,0.0050,0.0255
target,414,-0.8874,-2.0602,1.1419,-3.0028
pos,415,-1.5527,-1.2417,1.0977,-2.9035
input,415,0.5000,0.3591,0.0046,0.0257
target,415,-0.8874,-2.0602,1.1419,-3.0028
pos,416,-1.5527,-1.2417,1.0977,-2.9035
input,416,0.5000,0.3570,0.0043,0.0256
target,416,-0.8874,-2.0602,1.1419,-3.0028
pos,417,-1.5527,-1.2417,1.0977,-2.9035
input,417,0.5000,0.3515,0.0036,0.0258
target,417,-0.8874,-2.0602,1.1419,-3.0028
pos,418,-1.5961,-1.1924,1.0954,-2.9002
input,418,0.5000,0.3495,0.0033,0.0257
target,418,-0.8874,-2.0602,1.1419,-3.0028
pos,419,-1.6151,-1.1708,1.0945,-2.9031
input,419,0.5000,0.3460,0.0025,0.0259
target,419,-0.8874,-2.0602,1.1419,-3.0028
pos,420,-1.6468,-1.1352,1.0923,-2.9021
input,420,0.5000,0.3443,0.0020,0.0259
target,420,-0.8874,-2.0602,1.1419,-3.0028
pos,421,-1.6531,-1.1280,1.0918,-2.9032
input,421,0.5000,0.3417,0.0015,0.0259
target,421,-0.8874,-2.0602,1.1419,-3.0028
pos,422,-1.6661,-1.1134,1.0909,-2.9102
input,422,0.5000,0.3482,0.0004,0.0263
target,422,-0.8874,-2.0602,1.1419,-3.0028
pos,423,-1.6788,-1.0989,1.0899,-2.9087
input,423,0.5000,0.3469,0.0003,0.0263
target,423,-0.8874,-2.0602,1.1419,-3.0028
pos,424,-1.6916,-1.0846,1.0888,-2.9015
input,424,0.5000,0.3418,0.0007,0.0261
target,424,-0.8874,-2.0602,1.1419,-3.0028
pos,425,-1.6916,-1.0846,1.0888,-2.9015
input,425,0.5000,0.3403,0.0008,0.0261
target,425,-0.8874,-2.0602,1.1419,-3.0028
pos,426,-1.7176,-1.0555,1.0859,-2.9065
input,426,0.5000,0.3369,0.0012,0.0260
target,426,-0.8874,-2.0602,1.1419,-3.0028
pos,427,-1.7303,-1.0410,1.0846,-2.9016
input,427,0.5000,0.3431,0.0006,0.0264
target,427,-0.8874,-2.0602,1.1419,-3.0028
pos,428,-1.7500,-1.0191,1.0824,-2.9027
input,428,0.5000,0.3417,0.0006,0.0264
target,428,-0.8874,-2.0602,1.1419,-3.0028
pos,429,-1.7564,-1.0118,1.0817,-2.9014
input,429,0.5000,0.3357,0.0010,0.0265
target,429,-0.8874,-2.0602,1.1419,-3.0028
pos,430,-1.7564,-1.0118,1.0817,-2.9014
input,430,0.5000,0.3342,0.0009,0.0267
target,430,-0.8874,-2.0602,1.1419,-3.0028
pos,431,-1.7763,-0.9896,1.0792,-2.9080
input,431,0.5000,0.3394,0.0004,0.0271
target,431,-0.8874,-2.0602,1.1419,-3.0028
pos,432,-1.7826,-0.9823,1.0787,-2.9037
input,432,0.5000,0.3361,0.0006,0.0273
target,432,-0.8874,-2.0602,1.1419,-3.0028
pos,433,-1.7826,-0.9823,1.0787,-2.9037
input,433,0.5000,0.3309,0.0005,0.0276
target,433,-0.8874,-2.0602,1.1419,-3.0028
pos,434,-1.7826,-0.9823,1.0787,-2.9037
input,434,0.5000,0.3283,0.0006,0.0279
target,434,-0.8874,-2.0602,1.1419,-3.0028
pos,435,-1.7826,-0.9823,1.0787,-2.9037
input,435,0.5000,0.3246,0.0004,0.0282
target,435,-0.8874,-2.0602,1.1419,-3.0028
pos,436,-1.8421,-0.9160,1.0699,-2.9130
input,436,0.5000,0.3224,0.0003,0.0286
target,436,-0.8874,-2.0602,1.1419,-3.0028
pos,437,-1.8678,-0.8862,1.0655,-2.9036
input,437,0.5000,0.3194,-0.0001,0.0290
target,437,-0.8874,-2.0602,1.1419,-3.0028
pos,438,-1.8742,-0.8788,1.0643,-2.9027
input,438,0.5000,0.3175,-0.0005,0.0294
target,438,-0.8874,-2.0602,1.1419,-3.0028
pos,439,-1.8742,-0.8788,1.0643,-2.9027
input,439,0.5000,0.3236,-0.0014,0.0300
target,439,-0.8874,-2.0602,1.1419,-3.0028
pos,440,-1.9009,-0.8495,1.0588,-2.9034
input,440,0.5000,0.3213,-0.0013,0.0305
target,440,-0.8874,-2.0602,1.1419,-3.0028
pos,441,-1.9141,-0.8348,1.0560,-2.9057
input,441,0.5000,0.3155,-0.0011,0.0310
target,441,-0.8874,-2.0602,1.1419,-3.0028
pos,442,-1.9207,-0.8275,1.0546,-2.9033
input,442,0.5000,0.3133,-0.0011,0.0316
target,442,-0.8874,-2.0602,1.1419,-3.0028
pos,443,-1.9207,-0.8275,1.0546,-2.9033
input,443,0.5000,0.3089,-0.0010,0.0323
target,443,-0.8874,-2.0602,1.1419,-3.0028
pos,444,-1.9207,-0.8275,1.0546,-2.9033
input,444,0.5000,0.3143,-0.0015,0.0330
target,444,-0.8874,-2.0582,1.1419,-3.0028
pos,445,-1.9207,-0.8275,1.0546,-2.9033
input,445,0.5000,0.3119,-0.0014,0.0338
target,445,-0.8874,-2.0562,1.1419,-3.0028
pos,446,-1.9207,-0.8275,1.0546,-2.9033
input,446,0.5000,0.3045,-0.0014,0.0346
target,446,-0.8874,-2.0542,1.1419,-3.0028
