pos,0,-1.1251,-1.7027,1.0308,-3.1272
input,0,0.0000,-0.0552,0.0000,0.0000
target,0,-1.1289,-1.7007,1.0478,-3.1400
pos,1,-1.1229,-1.7030,1.0293,-3.1283
input,1,0.0000,-0.0541,0.0000,0.0000
target,1,-1.1270,-1.7011,1.0461,-3.1396
pos,2,-1.1211,-1.7033,1.0277,-3.1218
input,2,0.0000,-0.0530,0.0000,0.0000
target,2,-1.1252,-1.7015,1.0445,-3.1392
pos,3,-1.1184,-1.7036,1.0261,-3.1087
input,3,0.0000,-0.0519,0.0000,0.0000
target,3,-1.1234,-1.7018,1.0430,-3.1386
pos,4,-1.1169,-1.7032,1.0242,-3.1291
input,4,0.0000,-0.0509,0.0000,0.0000
target,4,-1.1215,-1.7021,1.0414,-3.1376
pos,5,-1.1130,-1.7049,1.0260,-3.0645
input,5,0.0000,-0.0499,0.0000,0.0000
target,5,-1.1196,-1.7024,1.0397,-3.1372
pos,6,-1.1106,-1.7056,1.0245,-3.0654
input,6,0.0000,-0.0489,0.0000,0.0000
target,6,-1.1175,-1.7028,1.0384,-3.1349
pos,7,-1.1099,-1.7058,1.0246,-3.0534
input,7,0.0000,-0.0479,0.0000,0.0000
target,7,-1.1154,-1.7033,1.0371,-3.1326
pos,8,-1.1075,-1.7062,1.0235,-3.0520
input,8,0.0000,-0.0469,0.0000,0.0000
target,8,-1.1135,-1.7037,1.0359,-3.1301
pos,9,-1.1055,-1.7059,1.0170,-3.1080
input,9,0.0000,-0.0460,0.0000,0.0000
target,9,-1.1115,-1.7041,1.0347,-3.1276
pos,10,-1.1036,-1.7065,1.0167,-3.1029
input,10,0.0000,-0.0451,0.0000,0.0000
target,10,-1.1096,-1.7045,1.0331,-3.1270
pos,11,-1.1010,-1.7073,1.0172,-3.0768
input,11,0.0000,-0.0442,0.0000,0.0000
target,11,-1.1077,-1.7048,1.0315,-3.1262
pos,12,-1.1014,-1.7070,1.0160,-3.1278
input,12,0.0000,-0.0433,0.0000,0.0000
target,12,-1.1057,-1.7052,1.0301,-3.1247
pos,13,-1.0990,-1.7078,1.0155,-3.1241
input,13,0.0000,-0.0424,0.0000,0.0000
target,13,-1.1040,-1.7056,1.0288,-3.1248
pos,14,-1.0970,-1.7082,1.0158,-3.1144
input,14,0.0000,-0.0416,0.0000,0.0000
target,14,-1.1023,-1.7060,1.0275,-3.1249
pos,15,-1.0946,-1.7085,1.0193,-3.0557
input,15,0.0000,-0.0408,0.0000,0.0000
target,15,-1.1006,-1.7064,1.0264,-3.1246
pos,16,-1.0936,-1.7086,1.0173,-3.0674
input,16,0.0000,-0.0399,0.0000,0.0000
target,16,-1.0987,-1.7067,1.0257,-3.1224
pos,17,-1.0922,-1.7088,1.0137,-3.1302
input,17,0.0000,-0.0391,0.0000,0.0000
target,17,-1.0970,-1.7071,1.0249,-3.1207
pos,18,-1.0909,-1.7090,1.0127,3.1369
input,18,0.0000,-0.0384,0.0000,0.0000
target,18,-1.0954,-1.7074,1.0239,-3.1209
pos,19,-1.0903,-1.7096,1.0136,-3.1284
input,19,0.0000,-0.0376,0.0000,0.0000
target,19,-1.0938,-1.7077,1.0228,-3.1217
pos,20,-1.0875,-1.7100,1.0128,-3.1170
input,20,0.0000,-0.0368,0.0000,0.0000
target,20,-1.0924,-1.7080,1.0220,-3.1219
pos,21,-1.0865,-1.7101,1.0117,-3.1388
input,21,0.0000,-0.0361,0.0000,0.0000
target,21,-1.0908,-1.7084,1.0211,-3.1217
pos,22,-1.0846,-1.7104,1.0116,-3.1250
input,22,0.0000,-0.0354,0.0000,0.0000
target,22,-1.0893,-1.7087,1.0202,-3.1223
pos,23,-1.0831,-1.7109,1.0158,-3.0632
input,23,0.0000,-0.0347,0.0000,0.0000
target,23,-1.0878,-1.7090,1.0194,-3.1225
pos,24,-1.0816,-1.7109,1.0148,-3.0639
input,24,0.0000,-0.0340,0.0000,0.0000
target,24,-1.0863,-1.7094,1.0190,-3.1206
pos,25,-1.0807,-1.7113,1.0147,-3.0621
input,25,0.0000,-0.0333,0.0000,0.0000
target,25,-1.0848,-1.7097,1.0186,-3.1188
pos,26,-1.0793,-1.7117,1.0146,-3.0626
input,26,0.0000,-0.0326,0.0000,0.0000
target,26,-1.0834,-1.7100,1.0183,-3.1170
pos,27,-1.0786,-1.7118,1.0145,-3.0598
input,27,-0.0200,-0.0320,0.0000,0.0000
target,27,-1.0820,-1.7103,1.0179,-3.1153
pos,28,-1.0770,-1.7118,1.0148,-3.0586
input,28,-0.0396,-0.0313,0.0000,0.0000
target,28,-1.0810,-1.7104,1.0176,-3.1135
pos,29,-1.0751,-1.7124,1.0146,-3.0538
input,29,-0.0588,-0.0307,0.0000,0.0000
target,29,-1.0804,-1.7102,1.0173,-3.1117
pos,30,-1.0741,-1.7124,1.0140,-3.0659
input,30,-0.0776,-0.0301,0.0000,0.0000
target,30,-1.0799,-1.7099,1.0171,-3.1098
pos,31,-1.0733,-1.7125,1.0142,-3.0642
input,31,-0.0961,-0.0295,0.0000,0.0000
target,31,-1.0797,-1.7095,1.0168,-3.1083
pos,32,-1.0714,-1.7128,1.0144,-3.0612
input,32,-0.1142,-0.0289,0.0000,0.0000
target,32,-1.0797,-1.7090,1.0166,-3.1069
pos,33,-1.0709,-1.7130,1.0138,-3.0730
input,33,-0.1319,-0.0283,0.0000,0.0000
target,33,-1.0798,-1.7083,1.0164,-3.1054
pos,34,-1.0698,-1.7137,1.0114,3.1214
input,34,-0.1492,-0.0278,0.0000,0.0000
target,34,-1.0802,-1.7076,1.0161,-3.1043
pos,35,-1.0679,-1.7142,1.0126,-3.1186
input,35,-0.1663,-0.0272,0.0000,0.0000
target,35,-1.0806,-1.7069,1.0157,-3.1061
pos,36,-1.0670,-1.7139,1.0123,-3.1249
input,36,-0.1829,-0.0267,0.0000,0.0000
target,36,-1.0810,-1.7062,1.0154,-3.1066
pos,37,-1.0655,-1.7142,1.0168,-3.0655
input,37,-0.1993,-0.0261,0.0000,0.0000
target,37,-1.0816,-1.7054,1.0151,-3.1073
pos,38,-1.0643,-1.7143,1.0170,-3.0633
input,38,-0.2153,-0.0256,0.0000,0.0000
target,38,-1.0822,-1.7045,1.0153,-3.1060
pos,39,-1.0637,-1.7148,1.0179,-3.0621
input,39,-0.2310,-0.0251,0.0000,0.0000
target,39,-1.0828,-1.7036,1.0154,-3.1046
pos,40,-1.0623,-1.7149,1.0180,-3.0611
input,40,-0.2464,-0.0246,0.0000,0.0000
target,40,-1.0835,-1.7027,1.0157,-3.1033
pos,41,-1.0612,-1.7155,1.0182,-3.0536
input,41,-0.2614,-0.0241,0.0000,0.0000
target,41,-1.0842,-1.7018,1.0159,-3.1019
pos,42,-1.0601,-1.7151,1.0178,-3.0586
input,42,-0.2762,-0.0236,0.0000,0.0000
target,42,-1.0850,-1.7009,1.0161,-3.1003
pos,43,-1.0585,-1.7150,1.0169,-3.0673
input,43,-0.2907,-0.0231,0.0000,0.0000
target,43,-1.0857,-1.7000,1.0163,-3.0990
pos,44,-1.0578,-1.7150,1.0167,-3.0647
input,44,-0.3049,-0.0227,0.0000,0.0000
target,44,-1.0864,-1.6990,1.0163,-3.0979
pos,45,-1.0563,-1.7148,1.0160,-3.0605
input,45,-0.3188,-0.0222,0.0000,0.0000
target,45,-1.0872,-1.6980,1.0164,-3.0969
pos,46,-1.0550,-1.7150,1.0162,-3.0507
input,46,-0.3324,-0.0218,0.0000,0.0000
target,46,-1.0879,-1.6969,1.0163,-3.0957
pos,47,-1.0550,-1.7150,1.0162,-3.0507
input,47,-0.3457,-0.0214,0.0000,0.0000
target,47,-1.0885,-1.6959,1.0163,-3.0943
pos,48,-1.0526,-1.7148,1.0147,-3.0603
input,48,-0.3588,-0.0209,0.0000,0.0000
target,48,-1.0893,-1.6949,1.0163,-3.0928
pos,49,-1.0514,-1.7147,1.0140,-3.0625
input,49,-0.3717,-0.0205,0.0000,0.0000
target,49,-1.0899,-1.6938,1.0161,-3.0917
pos,50,-1.0510,-1.7148,1.0141,-3.0548
input,50,-0.3842,-0.0201,0.0000,0.0000
target,50,-1.0905,-1.6927,1.0159,-3.0908
pos,51,-1.0504,-1.7150,1.0135,-3.0574
input,51,-0.3965,-0.0197,0.0000,0.0000
target,51,-1.0912,-1.6917,1.0157,-3.0896
pos,52,-1.0491,-1.7151,1.0131,-3.0613
input,52,-0.4086,-0.0193,0.0000,0.0000
target,52,-1.0919,-1.6907,1.0155,-3.0885
pos,53,-1.0483,-1.7153,1.0122,-3.0531
input,53,-0.4204,-0.0189,0.0000,0.0000
target,53,-1.0926,-1.6897,1.0153,-3.0877
pos,54,-1.0464,-1.7157,1.0112,-3.0632
input,54,-0.4320,-0.0185,0.0000,0.0000
target,54,-1.0933,-1.6888,1.0150,-3.0866
pos,55,-1.0457,-1.7162,1.0106,-3.0614
input,55,-0.4434,-0.0182,0.0000,0.0000
target,55,-1.0938,-1.6879,1.0146,-3.0859
pos,56,-1.0460,-1.7158,1.0051,3.0973
input,56,-0.4545,-0.0178,0.0000,0.0000
target,56,-1.0943,-1.6871,1.0142,-3.0851
pos,57,-1.0458,-1.7157,1.0047,3.0985
input,57,-0.4654,-0.0174,0.0000,0.0000
target,57,-1.0950,-1.6862,1.0134,-3.0883
pos,58,-1.0435,-1.7199,1.0050,3.1244
input,58,-0.4761,-0.0171,0.0000,0.0000
target,58,-1.0958,-1.6853,1.0126,-3.0915
pos,59,-1.0435,-1.7199,1.0050,3.1244
input,59,-0.4866,-0.0168,0.0000,0.0000
target,59,-1.0963,-1.6849,1.0119,-3.0938
pos,60,-1.0385,-1.7227,1.0048,-3.0856
input,60,-0.4969,-0.0164,0.0000,0.0000
target,60,-1.0969,-1.6846,1.0112,-3.0959
pos,61,-1.0378,-1.7236,1.0046,-3.0809
input,61,-0.5069,-0.0161,0.0000,0.0000
target,61,-1.0970,-1.6845,1.0106,-3.0957
pos,62,-1.0369,-1.7252,1.0032,-3.0833
input,62,-0.5168,-0.0158,0.0000,0.0000
target,62,-1.0971,-1.6845,1.0101,-3.0953
pos,63,-1.0401,-1.7254,0.9999,3.0706
input,63,-0.5265,-0.0155,0.0000,0.0000
target,63,-1.0972,-1.6845,1.0094,-3.0949
pos,64,-1.0392,-1.7279,0.9992,3.0777
input,64,-0.5359,-0.0151,0.0000,0.0000
target,64,-1.0979,-1.6845,1.0086,-3.0986
pos,65,-1.0388,-1.7304,0.9986,3.0903
input,65,-0.5452,-0.0148,0.0000,0.0000
target,65,-1.0986,-1.6847,1.0077,-3.1021
pos,66,-1.0379,-1.7347,0.9968,3.0768
input,66,-0.5543,-0.0145,0.0000,0.0000
target,66,-1.0993,-1.6852,1.0069,-3.1051
pos,67,-1.0373,-1.7365,0.9966,3.0881
input,67,-0.5632,-0.0143,0.0000,0.0000
target,67,-1.0999,-1.6860,1.0061,-3.1084
pos,68,-1.0366,-1.7401,0.9957,3.0822
input,68,-0.5719,-0.0140,0.0000,0.0000
target,68,-1.1005,-1.6869,1.0053,-3.1113
pos,69,-1.0512,-1.7225,1.0035,1.9920
input,69,-0.5805,-0.0137,0.0000,0.0000
target,69,-1.1011,-1.6881,1.0044,-3.1143
pos,70,-1.0505,-1.7267,1.0024,1.9880
input,70,-0.5889,-0.0134,0.0000,0.0000
target,70,-1.1037,-1.6866,1.0044,-3.1172
pos,71,-1.0312,-1.7565,0.9983,-3.0357
input,71,-0.5971,-0.0131,0.0000,0.0000
target,71,-1.1061,-1.6858,1.0042,-3.1200
pos,72,-1.0309,-1.7607,0.9958,-3.0763
input,72,-0.6052,-0.0129,0.0000,0.0000
target,72,-1.1056,-1.6891,1.0039,-3.1174
pos,73,-1.0300,-1.7663,0.9961,-3.0596
input,73,-0.6131,-0.0126,0.0000,0.0000
target,73,-1.1052,-1.6925,1.0033,-3.1161
pos,74,-1.0299,-1.7692,0.9960,-3.0562
input,74,-0.6208,-0.0124,0.0000,0.0000
target,74,-1.1049,-1.6961,1.0029,-3.1143
pos,75,-1.0286,-1.7775,0.9945,-3.0545
input,75,-0.6284,-0.0121,0.0000,0.0000
target,75,-1.1048,-1.6995,1.0024,-3.1125
pos,76,-1.0297,-1.7817,0.9899,3.1406
input,76,-0.6358,-0.0119,0.0000,0.0000
target,76,-1.1046,-1.7035,1.0019,-3.1106
pos,77,-1.0291,-1.7851,0.9896,-3.1304
input,77,-0.6431,-0.0116,0.0000,0.0000
target,77,-1.1047,-1.7075,1.0011,-3.1116
pos,78,-1.0288,-1.7950,0.9880,3.1302
input,78,-0.6503,-0.0114,0.0000,0.0000
target,78,-1.1049,-1.7112,1.0003,-3.1123
pos,79,-1.0277,-1.8021,0.9872,3.1318
input,79,-0.6572,-0.0112,0.0000,0.0000
target,79,-1.1051,-1.7158,0.9994,-3.1137
pos,80,-1.0270,-1.8093,0.9860,3.1313
input,80,-0.6641,-0.0110,0.0000,0.0000
target,80,-1.1052,-1.7206,0.9986,-3.1150
pos,81,-1.0265,-1.8172,0.9853,3.1357
input,81,-0.6708,-0.0107,0.0000,0.0000
target,81,-1.1053,-1.7257,0.9978,-3.1162
pos,82,-1.0262,-1.8216,0.9857,-3.1323
input,82,-0.6774,-0.0105,0.0000,0.0000
target,82,-1.1055,-1.7311,0.9970,-3.1173
pos,83,-1.0249,-1.8348,0.9851,-3.1035
input,83,-0.6839,-0.0103,0.0000,0.0000
target,83,-1.1057,-1.7362,0.9963,-3.1179
pos,84,-1.0407,-1.8199,0.9900,1.9815
input,84,-0.6902,-0.0101,0.0000,0.0000
target,84,-1.1058,-1.7425,0.9957,-3.1175
pos,85,-1.0400,-1.8288,0.9889,1.9806
input,85,-0.6964,-0.0099,0.0000,0.0000
target,85,-1.1082,-1.7457,0.9955,-3.1171
pos,86,-1.0396,-1.8383,0.9879,1.9731
input,86,-0.7024,-0.0097,0.0000,0.0000
target,86,-1.1102,-1.7496,0.9953,-3.1166
pos,87,-1.0396,-1.8383,0.9879,1.9731
input,87,-0.7084,-0.0095,0.0000,0.0000
target,87,-1.1121,-1.7543,0.9950,-3.1161
pos,88,-1.0389,-1.8431,0.9876,1.9808
input,88,-0.6942,-0.0093,0.0000,0.0000
target,88,-1.1137,-1.7582,0.9947,-3.1157
pos,89,-1.0384,-1.8634,0.9860,1.9693
input,89,-0.6803,-0.0091,0.0000,0.0000
target,89,-1.1148,-1.7624,0.9944,-3.1153
pos,90,-1.0170,-1.8959,0.9837,-3.1045
input,90,-0.6667,-0.0090,0.0000,0.0000
target,90,-1.1155,-1.7690,0.9941,-3.1149
pos,91,-1.0232,-1.9056,0.9810,-2.9235
input,91,-0.6534,-0.0088,0.0000,0.0000
target,91,-1.1128,-1.7793,0.9938,-3.1146
pos,92,-1.0182,-1.9259,0.9817,-3.0708
input,92,-0.6403,-0.0086,0.0000,0.0000
target,92,-1.1111,-1.7898,0.9932,-3.1144
pos,93,-1.0179,-1.9381,0.9809,-3.0555
input,93,-0.6275,-0.0084,0.0000,0.0000
target,93,-1.1088,-1.8017,0.9929,-3.1129
pos,94,-1.0168,-1.9436,0.9815,-3.0548
input,94,-0.6150,-0.0083,0.0000,0.0000
target,94,-1.1065,-1.8138,0.9925,-3.1110
pos,95,-1.0169,-1.9558,0.9819,-3.0384
input,95,-0.6027,-0.0081,0.0000,0.0000
target,95,-1.1041,-1.8252,0.9922,-3.1091
pos,96,-1.0157,-1.9743,0.9833,-3.0266
input,96,-0.5906,-0.0079,0.0000,0.0000
target,96,-1.1019,-1.8367,0.9919,-3.1068
pos,97,-1.0148,-1.9869,0.9831,-3.0296
input,97,-0.5788,-0.0078,0.0000,0.0000
target,97,-1.0996,-1.8494,0.9918,-3.1042
pos,98,-1.0140,-2.0000,0.9838,-3.0261
input,98,-0.5672,-0.0076,0.0000,0.0000
target,98,-1.0973,-1.8622,0.9917,-3.1017
pos,99,-1.0130,-2.0061,0.9794,-3.0511
input,99,-0.5359,-0.0075,0.0000,0.0000
target,99,-1.0951,-1.8752,0.9917,-3.0992
pos,100,-1.0136,-2.0212,0.9836,-3.0717
input,100,-0.5052,-0.0073,0.0000,0.0000
target,100,-1.0924,-1.8876,0.9912,-3.0975
pos,101,-1.0131,-2.0420,0.9847,-3.0848
input,101,-0.4751,-0.0072,0.0000,0.0000
target,101,-1.0897,-1.9007,0.9912,-3.0967
pos,102,-1.0133,-2.0567,0.9847,-3.1055
input,102,-0.4456,-0.0070,0.0000,0.0000
target,102,-1.0869,-1.9152,0.9913,-3.0964
pos,103,-1.0126,-2.0712,0.9854,-3.1124
input,103,-0.4167,-0.0069,0.0000,0.0000
target,103,-1.0839,-1.9300,0.9914,-3.0967
pos,104,-1.0119,-2.0859,0.9860,-3.1003
input,104,-0.3883,-0.0068,0.0000,0.0000
target,104,-1.0808,-1.9452,0.9915,-3.0973
pos,105,-1.0109,-2.0934,0.9869,-3.0571
input,105,-0.3606,-0.0066,0.0000,0.0000
target,105,-1.0775,-1.9605,0.9917,-3.0974
pos,106,-1.0105,-2.1086,0.9879,-3.0568
input,106,-0.3333,-0.0065,0.0000,0.0000
target,106,-1.0741,-1.9751,0.9918,-3.0962
pos,107,-1.0108,-2.1321,0.9895,-3.0819
input,107,-0.3067,-0.0064,0.0000,0.0000
target,107,-1.0707,-1.9901,0.9920,-3.0949
pos,108,-1.0108,-2.1473,0.9880,-3.1067
input,108,-0.2805,-0.0062,0.0000,0.0000
target,108,-1.0673,-2.0065,0.9924,-3.0944
pos,109,-1.0093,-2.1647,0.9966,-3.0579
input,109,-0.2549,-0.0061,0.0000,0.0000
target,109,-1.0640,-2.0231,0.9926,-3.0948
pos,110,-1.0093,-2.1728,0.9971,-3.0624
input,110,-0.2298,-0.0060,0.0000,0.0000
target,110,-1.0604,-2.0401,0.9935,-3.0936
pos,111,-1.0087,-2.1809,0.9977,-3.0628
input,111,-0.2052,-0.0059,0.0000,0.0000
target,111,-1.0570,-2.0561,0.9943,-3.0926
pos,112,-1.0071,-2.2145,1.0003,-3.0532
input,112,-0.1811,-0.0057,0.0000,0.0000
target,112,-1.0535,-2.0713,0.9951,-3.0916
pos,113,-1.0068,-2.2315,1.0014,-3.0646
input,113,-0.1575,-0.0056,0.0000,0.0000
target,113,-1.0499,-2.0893,0.9960,-3.0904
pos,114,-1.0035,-2.2488,1.0018,-3.0123
input,114,-0.1344,-0.0055,0.0000,0.0000
target,114,-1.0464,-2.1075,0.9969,-3.0895
pos,115,-1.0036,-2.2579,1.0026,-3.0080
input,115,-0.1117,-0.0054,0.0000,0.0000
target,115,-1.0425,-2.1257,0.9978,-3.0871
pos,116,-1.0046,-2.2834,1.0033,-3.0634
input,116,-0.0894,-0.0053,0.0000,0.0000
target,116,-1.0387,-2.1430,0.9986,-3.0845
pos,117,-1.0038,-2.3009,1.0028,-3.0784
input,117,-0.0677,-0.0052,0.0000,0.0000
target,117,-1.0353,-2.1616,0.9993,-3.0838
pos,118,-1.0029,-2.3179,1.0040,-3.0748
input,118,-0.0463,-0.0051,0.0000,0.0000
target,118,-1.0318,-2.1803,0.9999,-3.0836
pos,119,-1.0022,-2.3350,1.0052,-3.0736
input,119,-0.0254,-0.0050,0.0000,0.0000
target,119,-1.0284,-2.1991,1.0005,-3.0833
pos,120,-1.0017,-2.3437,1.0060,-3.0698
input,120,-0.0049,-0.0049,0.0000,0.0000
target,120,-1.0249,-2.2178,1.0012,-3.0830
pos,121,-1.0024,-2.3595,1.0036,-3.0994
input,121,0.0152,-0.0048,0.0000,0.0000
target,121,-1.0216,-2.2353,1.0018,-3.0826
pos,122,-1.0011,-2.3780,1.0073,-3.1180
input,122,0.0349,-0.0047,0.0000,0.0000
target,122,-1.0184,-2.2528,1.0021,-3.0831
pos,123,-1.0002,-2.3946,1.0080,-3.1189
input,123,0.0542,-0.0046,0.0000,0.0000
target,123,-1.0151,-2.2707,1.0027,-3.0843
pos,124,-0.9992,-2.4181,1.0089,-3.0924
input,124,0.0731,-0.0045,0.0000,0.0000
target,124,-1.0119,-2.2886,1.0032,-3.0855
pos,125,-0.9983,-2.4346,1.0097,-3.0214
input,125,0.0917,-0.0044,0.0000,0.0000
target,125,-1.0086,-2.3075,1.0038,-3.0858
pos,126,-1.0355,-2.4629,1.0267,-0.6736
input,126,0.1098,-0.0043,0.0000,0.0000
target,126,-1.0054,-2.3263,1.0043,-3.0838
pos,127,-1.0346,-2.4774,1.0305,-0.6684
input,127,0.1277,-0.0042,0.0000,0.0000
target,127,-1.0074,-2.3465,1.0063,-3.0818
pos,128,-1.0339,-2.4930,1.0326,-0.6699
input,128,0.1451,-0.0042,0.0000,0.0000
target,128,-1.0087,-2.3662,1.0085,-3.0799
pos,129,-1.0329,-2.5078,1.0342,-0.6704
input,129,0.1622,-0.0041,0.0000,0.0000
target,129,-1.0095,-2.3855,1.0106,-3.0780
pos,130,-1.0325,-2.5150,1.0347,-0.6688
input,130,0.1790,-0.0040,0.0000,0.0000
target,130,-1.0097,-2.4043,1.0127,-3.0762
pos,131,-1.0309,-2.5368,1.0373,-0.6613
input,131,0.1954,-0.0039,0.0000,0.0000
target,131,-1.0095,-2.4217,1.0145,-3.0744
pos,132,-1.0302,-2.5507,1.0390,-0.6668
input,132,0.2115,-0.0038,0.0000,0.0000
target,132,-1.0088,-2.4399,1.0164,-3.0727
pos,133,-1.0293,-2.5643,1.0407,-0.6668
input,133,0.2272,-0.0038,0.0000,0.0000
target,133,-1.0078,-2.4577,1.0183,-3.0710
pos,134,-1.0284,-2.5776,1.0422,-0.6654
input,134,0.2427,-0.0037,0.0000,0.0000
target,134,-1.0066,-2.4750,1.0201,-3.0694
pos,135,-1.0279,-2.5848,1.0445,-0.6670
input,135,0.2578,-0.0036,0.0000,0.0000
target,135,-1.0051,-2.4920,1.0219,-3.0678
pos,136,-1.0266,-2.6038,1.0469,-0.6665
input,136,0.2727,-0.0035,0.0000,0.0000
target,136,-1.0035,-2.5077,1.0237,-3.0663
pos,137,-1.0258,-2.6160,1.0491,-0.6661
input,137,0.2872,-0.0035,0.0000,0.0000
target,137,-1.0016,-2.5240,1.0256,-3.0649
pos,138,-1.0247,-2.6288,1.0516,-0.6823
input,138,0.3015,-0.0034,0.0000,0.0000
target,138,-0.9997,-2.5399,1.0274,-3.0634
pos,139,-1.0414,-2.6484,1.0749,-1.4401
input,139,0.3155,-0.0033,0.0000,0.0000
target,139,-0.9976,-2.5555,1.0293,-3.0621
pos,140,-1.0405,-2.6595,1.0770,-1.4518
input,140,0.3291,-0.0033,0.0000,0.0000
target,140,-0.9978,-2.5718,1.0331,-3.0608
pos,141,-1.0400,-2.6698,1.0788,-1.4585
input,141,0.3426,-0.0032,0.0000,0.0000
target,141,-0.9976,-2.5875,1.0368,-3.0595
pos,142,-1.0392,-2.6806,1.0810,-1.4521
input,142,0.3557,-0.0031,0.0000,0.0000
target,142,-0.9972,-2.6025,1.0403,-3.0583
pos,143,-1.0386,-2.6906,1.0830,-1.4569
input,143,0.3686,-0.0031,0.0000,0.0000
target,143,-0.9964,-2.6171,1.0437,-3.0571
pos,144,-1.0382,-2.6953,1.0840,-1.4544
input,144,0.3812,-0.0030,0.0000,0.0000
target,144,-0.9955,-2.6311,1.0469,-3.0560
pos,145,-1.0378,-2.7043,1.0856,-1.4667
input,145,0.3936,-0.0029,0.0000,0.0000
target,145,-0.9943,-2.6440,1.0499,-3.0549
pos,146,-0.9794,-2.6994,1.0514,3.1241
input,146,0.4057,-0.0029,0.0000,0.0000
target,146,-0.9931,-2.6564,1.0529,-3.0538
pos,147,-0.9792,-2.7038,1.0524,3.1224
input,147,0.4176,-0.0028,0.0000,0.0000
target,147,-0.9837,-2.6666,1.0526,-3.0571
pos,148,-0.9800,-2.7156,1.0508,-2.9942
input,148,0.4293,-0.0028,0.0000,0.0000
target,148,-0.9754,-2.6761,1.0523,-3.0605
pos,149,-0.9793,-2.7233,1.0530,-2.9952
input,149,0.4407,-0.0027,0.0000,0.0000
target,149,-0.9681,-2.6861,1.0519,-3.0638
pos,150,-0.9789,-2.7271,1.0540,-2.9949
input,150,0.4519,-0.0027,0.0000,0.0000
target,150,-0.9615,-2.6958,1.0518,-3.0617
pos,151,-0.9776,-2.7376,1.0571,-2.9973
input,151,0.4628,-0.0026,0.0000,0.0000
target,151,-0.9556,-2.7049,1.0517,-3.0595
pos,152,-0.9772,-2.7442,1.0592,-3.0056
input,152,0.4736,-0.0026,0.0000,0.0000
target,152,-0.9502,-2.7142,1.0519,-3.0574
pos,153,-0.9759,-2.7504,1.0620,-2.9946
input,153,0.4841,-0.0025,0.0000,0.0000
target,153,-0.9452,-2.7233,1.0523,-3.0557
pos,154,-0.9758,-2.7532,1.0628,-2.9975
input,154,0.4944,-0.0025,0.0000,0.0000
target,154,-0.9406,-2.7320,1.0529,-3.0537
pos,155,-0.9749,-2.7591,1.0654,-2.9994
input,155,0.5045,-0.0024,0.0000,0.0000
target,155,-0.9364,-2.7400,1.0536,-3.0519
pos,156,-0.9740,-2.7662,1.0678,-3.0161
input,156,0.5144,-0.0024,0.0000,0.0000
target,156,-0.9325,-2.7479,1.0544,-3.0502
pos,157,-0.9729,-2.7705,1.0704,-3.0003
input,157,0.5241,-0.0023,0.0000,0.0000
target,157,-0.9288,-2.7556,1.0553,-3.0491
pos,158,-0.9722,-2.7727,1.0713,-2.9989
input,158,0.5337,-0.0023,0.0000,0.0000
target,158,-0.9253,-2.7630,1.0564,-3.0475
pos,159,-0.9710,-2.7783,1.0743,-3.0004
input,159,0.5430,-0.0022,0.0000,0.0000
target,159,-0.9220,-2.7698,1.0575,-3.0460
pos,160,-0.9706,-2.7800,1.0753,-3.0011
input,160,0.5521,-0.0022,0.0000,0.0000
target,160,-0.9189,-2.7764,1.0588,-3.0445
pos,161,-0.9689,-2.7845,1.0784,-3.0011
input,161,0.5611,-0.0021,0.0000,0.0000
target,161,-0.9159,-2.7825,1.0601,-3.0431
pos,162,-0.9679,-2.7870,1.0801,-2.9993
input,162,0.5699,-0.0021,0.0000,0.0000
target,162,-0.9130,-2.7884,1.0615,-3.0417
pos,163,-0.9669,-2.7891,1.0817,-3.0013
input,163,0.5785,-0.0020,0.0000,0.0000
target,163,-0.9101,-2.7939,1.0630,-3.0404
pos,164,-0.9666,-2.7900,1.0821,-3.0158
input,164,0.5869,-0.0020,0.0000,0.0000
target,164,-0.9074,-2.7990,1.0645,-3.0391
pos,165,-0.9661,-2.7893,1.0825,-3.0022
input,165,0.5952,-0.0020,0.0000,0.0000
target,165,-0.9048,-2.8036,1.0660,-3.0384
pos,166,-0.9654,-2.7905,1.0829,-3.0307
input,166,0.6033,-0.0019,0.0000,0.0000
target,166,-0.9024,-2.8075,1.0673,-3.0372
pos,167,-0.9626,-2.7936,1.0871,-3.0042
input,167,0.6112,-0.0019,0.0000,0.0000
target,167,-0.9001,-2.8111,1.0686,-3.0370
pos,168,-0.9618,-2.7938,1.0879,-3.0006
input,168,0.6190,-0.0019,0.0000,0.0000
target,168,-0.8976,-2.8146,1.0702,-3.0360
pos,169,-0.9608,-2.7938,1.0890,-3.0031
input,169,0.6266,-0.0018,0.0000,0.0000
target,169,-0.8951,-2.8178,1.0717,-3.0348
pos,170,-0.9597,-2.7937,1.0901,-3.0022
input,170,0.6341,-0.0018,0.0000,0.0000
target,170,-0.8927,-2.8205,1.0731,-3.0338
pos,171,-0.9579,-2.7923,1.0914,-3.0015
input,171,0.6414,-0.0017,0.0000,0.0000
target,171,-0.8904,-2.8230,1.0746,-3.0328
pos,172,-0.9579,-2.7923,1.0914,-3.0015
input,172,0.6485,-0.0017,0.0000,0.0000
target,172,-0.8880,-2.8249,1.0761,-3.0318
pos,173,-0.9555,-2.7894,1.0926,-3.0037
input,173,0.6556,-0.0017,0.0000,0.0000
target,173,-0.8858,-2.8266,1.0774,-3.0308
pos,174,-0.9549,-2.7884,1.0930,-3.0028
input,174,0.6625,-0.0016,0.0000,0.0000
target,174,-0.8834,-2.8278,1.0788,-3.0299
pos,175,-0.9535,-2.7854,1.0932,-3.0163
input,175,0.6692,-0.0016,0.0000,0.0000
target,175,-0.8812,-2.8286,1.0801,-3.0291
pos,176,-0.9524,-2.7841,1.0939,-3.0027
input,176,0.6758,-0.0016,0.0000,0.0000
target,176,-0.8789,-2.8290,1.0813,-3.0286
pos,177,-0.9513,-2.7812,1.0939,-3.0041
input,177,0.6823,-0.0015,0.0000,0.0000
target,177,-0.8768,-2.8292,1.0826,-3.0276
pos,178,-0.9495,-2.7765,1.0937,-3.0030
input,178,0.6887,-0.0015,0.0000,0.0000
target,178,-0.8746,-2.8290,1.0837,-3.0268
pos,179,-0.9488,-2.7747,1.0936,-3.0032
input,179,0.6949,-0.0015,0.0000,0.0000
target,179,-0.8724,-2.8283,1.0848,-3.0260
pos,180,-0.9477,-2.7709,1.0934,-3.0034
input,180,0.7010,-0.0015,0.0000,0.0000
target,180,-0.8703,-2.8274,1.0857,-3.0253
pos,181,-0.9457,-2.7647,1.0927,-3.0006
input,181,0.7070,-0.0014,0.0000,0.0000
target,181,-0.8682,-2.8262,1.0866,-3.0246
pos,182,-0.9455,-2.7626,1.0921,-3.0142
input,182,0.7128,-0.0014,0.0000,0.0000
target,182,-0.8660,-2.8243,1.0873,-3.0239
pos,183,-0.9434,-2.7552,1.0915,-3.0011
input,183,0.7186,-0.0014,0.0000,0.0000
target,183,-0.8640,-2.8224,1.0880,-3.0236
pos,184,-0.9427,-2.7527,1.0912,-3.0021
input,184,0.7242,-0.0013,0.0000,0.0000
target,184,-0.8619,-2.8198,1.0885,-3.0229
pos,185,-0.9411,-2.7446,1.0894,-3.0133
input,185,0.7297,-0.0013,0.0000,0.0000
target,185,-0.8599,-2.8173,1.0890,-3.0222
pos,186,-0.9397,-2.7391,1.0891,-3.0051
input,186,0.7351,-0.0013,0.0000,0.0000
target,186,-0.8579,-2.8141,1.0894,-3.0219
pos,187,-0.9269,-2.7364,1.0824,1.2090
input,187,0.7404,-0.0013,0.0000,0.0000
target,187,-0.8558,-2.8105,1.0897,-3.0214
pos,188,-0.9271,-2.7362,1.0851,1.1451
input,188,0.7456,-0.0012,0.0000,0.0000
target,188,-0.8522,-2.8072,1.0894,-3.0209
pos,189,-0.9259,-2.7296,1.0839,1.1448
input,189,0.7507,-0.0012,0.0000,0.0000
target,189,-0.8490,-2.8043,1.0893,-3.0204
pos,190,-0.9105,-2.6973,1.0740,1.5600
input,190,0.7557,-0.0012,0.0000,0.0000
target,190,-0.8460,-2.8010,1.0891,-3.0199
pos,191,-0.9342,-2.7089,1.0833,-2.9999
input,191,0.7606,-0.0012,0.0000,0.0000
target,191,-0.8412,-2.7937,1.0884,-3.0194
pos,192,-0.9081,-2.6826,1.0707,1.5625
input,192,0.7654,-0.0011,0.0000,0.0000
target,192,-0.8403,-2.7890,1.0883,-3.0188
pos,193,-0.9064,-2.6709,1.0679,1.5628
input,193,0.7701,-0.0011,0.0000,0.0000
target,193,-0.8358,-2.7815,1.0874,-3.0182
pos,194,-0.9301,-2.6815,1.0772,-2.9967
input,194,0.7747,-0.0011,0.0000,0.0000
target,194,-0.8317,-2.7734,1.0864,-3.0176
pos,195,-0.9290,-2.6726,1.0742,-2.9937
input,195,0.7792,-0.0011,0.0000,0.0000
target,195,-0.8313,-2.7679,1.0860,-3.0170
pos,196,-0.9284,-2.6683,1.0730,-2.9921
input,196,0.7836,-0.0011,0.0000,0.0000
target,196,-0.8308,-2.7620,1.0853,-3.0162
pos,197,-0.9276,-2.6595,1.0699,-3.0098
input,197,0.7879,-0.0010,0.0000,0.0000
target,197,-0.8302,-2.7564,1.0846,-3.0154
pos,198,-0.9256,-2.6454,1.0672,-2.9904
input,198,0.7922,-0.0010,0.0000,0.0000
target,198,-0.8295,-2.7504,1.0837,-3.0152
pos,199,-0.9241,-2.6365,1.0652,-2.9953
input,199,0.7963,-0.0010,0.0000,0.0000
target,199,-0.8286,-2.7433,1.0828,-3.0144
pos,200,-0.9231,-2.6261,1.0622,-2.9861
input,200,0.8004,-0.0010,0.0000,0.0000
target,200,-0.8275,-2.7361,1.0817,-3.0138
pos,201,-0.9218,-2.6165,1.0604,-2.9941
input,201,0.8044,-0.0010,0.0000,0.0000
target,201,-0.8264,-2.7284,1.0806,-3.0129
pos,202,-0.9214,-2.6113,1.0591,-2.9953
input,202,0.8083,-0.0009,0.0000,0.0000
target,202,-0.8252,-2.7205,1.0793,-3.0123
pos,203,-0.9204,-2.6000,1.0561,-2.9878
input,203,0.8121,-0.0009,0.0000,0.0000
target,203,-0.8241,-2.7131,1.0781,-3.0118
pos,204,-0.9192,-2.5893,1.0536,-2.9825
input,204,0.8159,-0.0009,0.0000,0.0000
target,204,-0.8229,-2.7051,1.0767,-3.0110
pos,205,-0.9182,-2.5782,1.0511,-2.9829
input,205,0.8196,-0.0009,0.0000,0.0000
target,205,-0.8217,-2.6969,1.0753,-3.0101
pos,206,-0.9168,-2.5612,1.0462,-3.0015
input,206,0.8232,-0.0009,0.0000,0.0000
target,206,-0.8205,-2.6883,1.0738,-3.0092
pos,207,-0.9146,-2.5505,1.0461,-3.0208
input,207,0.8267,-0.0008,0.0000,0.0000
target,207,-0.8192,-2.6786,1.0720,-3.0089
pos,208,-0.9134,-2.5386,1.0436,-3.0207
input,208,0.8302,-0.0008,0.0000,0.0000
target,208,-0.8177,-2.6688,1.0705,-3.0093
pos,209,0.0000,0.0000,0.0000,0.0000
input,209,0.8336,-0.0008,0.0000,0.0000
target,209,-0.8163,-2.6588,1.0689,-3.0097
pos,210,-0.9459,-2.5248,1.0562,-0.5827
input,210,0.8369,-0.0008,0.0000,0.0000
target,210,-0.8150,-2.6502,1.0673,-3.0101
pos,211,-0.9442,-2.5109,1.0530,-0.5721
input,211,0.8402,-0.0008,0.0000,0.0000
target,211,-0.8183,-2.6408,1.0668,-3.0104
pos,212,-0.9430,-2.4982,1.0502,-0.5720
input,212,0.8434,-0.0008,0.0000,0.0000
target,212,-0.8209,-2.6309,1.0662,-3.0108
pos,213,-0.9419,-2.4851,1.0482,-0.5747
input,213,0.8265,-0.0007,0.0000,0.0000
target,213,-0.8229,-2.6206,1.0655,-3.0111
pos,214,-0.9067,-2.4688,1.0304,-3.0219
input,214,0.8100,-0.0007,0.0000,0.0000
target,214,-0.8248,-2.6098,1.0647,-3.0114
pos,215,-0.9057,-2.4554,1.0285,-3.0158
input,215,0.7938,-0.0007,0.0000,0.0000
target,215,-0.8219,-2.5982,1.0626,-3.0118
pos,216,-0.9040,-2.4416,1.0260,-3.0210
input,216,0.7779,-0.0007,0.0000,0.0000
target,216,-0.8196,-2.5861,1.0605,-3.0119
pos,217,-0.9021,-2.4204,1.0228,-3.0315
input,217,0.7623,-0.0007,0.0000,0.0000
target,217,-0.8176,-2.5737,1.0584,-3.0122
pos,218,-0.9014,-2.4054,1.0207,-3.0248
input,218,0.7471,-0.0007,0.0000,0.0000
target,218,-0.8159,-2.5600,1.0563,-3.0128
pos,219,0.0000,0.0000,0.0000,0.0000
input,219,0.7321,-0.0007,0.0000,0.0000
target,219,-0.8147,-2.5459,1.0541,-3.0132
pos,220,-0.9370,-2.3880,1.0363,-0.6602
input,220,0.7175,-0.0006,0.0000,0.0000
target,220,-0.8139,-2.5337,1.0520,-3.0136
pos,221,-0.8972,-2.3621,1.0148,-3.0263
input,221,0.7031,-0.0006,0.0000,0.0000
target,221,-0.8184,-2.5206,1.0513,-3.0140
pos,222,-0.8964,-2.3463,1.0130,-3.0251
input,222,0.6891,-0.0006,0.0000,0.0000
target,222,-0.8170,-2.5056,1.0491,-3.0144
pos,223,-0.8953,-2.3306,1.0097,-3.0175
input,223,0.6753,-0.0006,0.0000,0.0000
target,223,-0.8160,-2.4904,1.0470,-3.0147
pos,224,-0.8946,-2.3226,1.0091,-3.0199
input,224,0.6618,-0.0006,0.0000,0.0000
target,224,-0.8152,-2.4751,1.0446,-3.0149
pos,225,-0.8930,-2.3073,1.0071,-3.0289
input,225,0.6486,-0.0006,0.0000,0.0000
target,225,-0.8146,-2.4606,1.0424,-3.0150
pos,226,-0.8919,-2.2916,1.0042,-3.0259
input,226,0.6356,-0.0006,0.0000,0.0000
target,226,-0.8142,-2.4460,1.0401,-3.0155
pos,227,-0.8889,-2.2675,1.0016,-3.0388
input,227,0.6229,-0.0006,0.0000,0.0000
target,227,-0.8139,-2.4310,1.0378,-3.0158
pos,228,-0.8877,-2.2502,1.0008,-3.0654
input,228,0.6104,-0.0006,0.0000,0.0000
target,228,-0.8134,-2.4147,1.0355,-3.0166
pos,229,-0.8868,-2.2305,0.9963,-3.0639
input,229,0.5982,-0.0005,0.0000,0.0000
target,229,-0.8131,-2.3982,1.0334,-3.0182
pos,230,-0.8857,-2.2150,0.9945,-3.0626
input,230,0.5862,-0.0005,0.0000,0.0000
target,230,-0.8129,-2.3811,1.0310,-3.0197
pos,231,-0.8855,-2.1969,0.9887,-3.1251
input,231,0.5745,-0.0005,0.0000,0.0000
target,231,-0.8128,-2.3642,1.0287,-3.0211
pos,232,-0.8982,-2.2064,1.0050,-1.7519
input,232,0.5630,-0.0005,0.0000,0.0000
target,232,-0.8129,-2.3470,1.0260,-3.0244
pos,233,-0.9090,-2.1766,1.0061,-1.3075
input,233,0.5518,-0.0005,0.0000,0.0000
target,233,-0.8149,-2.3333,1.0248,-3.0278
pos,234,-0.8935,-2.1210,0.9893,2.0797
input,234,0.5407,-0.0005,0.0000,0.0000
target,234,-0.8184,-2.3173,1.0239,-3.0310
pos,235,-0.8673,-2.1340,0.9797,2.9089
input,235,0.5299,-0.0005,0.0000,0.0000
target,235,-0.8194,-2.2958,1.0219,-3.0341
pos,236,-0.8673,-2.1340,0.9797,2.9089
input,236,0.5193,-0.0005,0.0000,0.0000
target,236,-0.8168,-2.2789,1.0190,-3.0450
pos,237,-0.8670,-2.1250,0.9782,2.9030
input,237,0.5089,-0.0005,0.0000,0.0000
target,237,-0.8148,-2.2644,1.0162,-3.0557
pos,238,-0.9057,-2.0954,0.9967,-1.2112
input,238,0.4988,-0.0005,0.0000,0.0000
target,238,-0.8132,-2.2505,1.0135,-3.0664
pos,239,-0.9057,-2.0954,0.9967,-1.2112
input,239,0.4888,-0.0004,0.0000,0.0000
target,239,-0.8173,-2.2343,1.0126,-3.0766
pos,240,-0.9039,-2.0489,0.9908,-1.2060
input,240,0.4790,-0.0004,0.0000,0.0000
target,240,-0.8211,-2.2203,1.0118,-3.0866
pos,241,-0.8745,-2.0175,0.9698,-3.0181
input,241,0.4694,-0.0004,0.0000,0.0000
target,241,-0.8242,-2.2017,1.0107,-3.0962
pos,242,-0.8737,-1.9981,0.9681,-3.0366
input,242,0.4600,-0.0004,0.0000,0.0000
target,242,-0.8230,-2.1812,1.0079,-3.1055
pos,243,-0.8736,-1.9785,0.9614,-3.0996
input,243,0.4508,-0.0004,0.0000,0.0000
target,243,-0.8221,-2.1608,1.0053,-3.1036
pos,244,-0.8711,-1.9590,0.9600,-3.0970
input,244,0.4418,-0.0004,0.0000,0.0000
target,244,-0.8214,-2.1405,1.0022,-3.1034
pos,245,-0.8716,-1.9501,0.9591,-3.1205
input,245,0.4330,-0.0004,0.0000,0.0000
target,245,-0.8206,-2.1202,0.9992,-3.1032
pos,246,-0.8864,-1.9056,0.9620,2.0939
input,246,0.4243,-0.0004,0.0000,0.0000
target,246,-0.8202,-2.1014,0.9964,-3.1038
pos,247,-0.8855,-1.8846,0.9581,2.0904
input,247,0.4158,-0.0004,0.0000,0.0000
target,247,-0.8221,-2.0790,0.9941,-3.1043
pos,248,-0.8625,-1.8921,0.9558,-3.0924
input,248,0.4075,-0.0004,0.0000,0.0000
target,248,-0.8237,-2.0566,0.9917,-3.1049
pos,249,-0.8673,-1.8625,0.9513,3.1090
input,249,0.3994,-0.0004,0.0000,0.0000
target,249,-0.8220,-2.0384,0.9892,-3.1045
pos,250,-0.8673,-1.8525,0.9500,3.1141
input,250,0.3914,-0.0004,0.0000,0.0000
target,250,-0.8214,-2.0185,0.9865,-3.1067
pos,251,-0.8661,-1.8320,0.9470,3.1120
input,251,0.3836,-0.0003,0.0000,0.0000
target,251,-0.8210,-1.9999,0.9839,-3.1088
pos,252,-0.8651,-1.7983,0.9339,2.9915
input,252,0.3759,-0.0003,0.0000,0.0000
target,252,-0.8206,-1.9810,0.9813,-3.1109
pos,253,-0.8642,-1.7778,0.9309,2.9978
input,253,0.3684,-0.0003,0.0000,0.0000
target,253,-0.8204,-1.9600,0.9777,-3.1167
pos,254,-0.8634,-1.7595,0.9288,3.0717
input,254,0.3610,-0.0003,0.0000,0.0000
target,254,-0.8201,-1.9390,0.9742,-3.1222
pos,255,-0.8631,-1.7380,0.9262,3.0758
input,255,0.3538,-0.0003,0.0000,0.0000
target,255,-0.8199,-1.9183,0.9707,-3.1253
pos,256,-0.8624,-1.7277,0.9245,3.0835
input,256,0.3467,-0.0003,0.0000,0.0000
target,256,-0.8199,-1.8974,0.9673,-3.1280
pos,257,-0.8608,-1.6962,0.9200,3.0646
input,257,0.3398,-0.0003,0.0000,0.0000
target,257,-0.8199,-1.8780,0.9641,-3.1304
pos,258,-0.8595,-1.6759,0.9171,3.0794
input,258,0.3330,-0.0003,0.0000,0.0000
target,258,-0.8197,-1.8568,0.9607,-3.1333
pos,259,-0.8591,-1.6543,0.9135,3.1043
input,259,0.3263,-0.0003,0.0000,0.0000
target,259,-0.8196,-1.8357,0.9574,-3.1356
pos,260,-0.8582,-1.6429,0.9118,3.0925
input,260,0.3198,-0.0003,0.0000,0.0000
target,260,-0.8195,-1.8144,0.9540,-3.1371
pos,261,-0.8555,-1.6119,0.9084,-3.1183
input,261,0.3134,-0.0003,0.0000,0.0000
target,261,-0.8195,-1.7945,0.9508,-3.1388
pos,262,-0.8545,-1.5910,0.9041,-3.1321
input,262,0.3071,-0.0003,0.0000,0.0000
target,262,-0.8191,-1.7729,0.9475,-3.1382
pos,263,-0.8532,-1.5707,0.9006,-3.1229
input,263,0.3010,-0.0003,0.0000,0.0000
target,263,-0.8188,-1.7514,0.9441,-3.1379
pos,264,-0.8524,-1.5505,0.8970,-3.1323
input,264,0.2950,-0.0003,0.0000,0.0000
target,264,-0.8185,-1.7301,0.9407,-3.1374
pos,265,-0.8507,-1.5308,0.8935,-3.1156
input,265,0.2891,-0.0003,0.0000,0.0000
target,265,-0.8182,-1.7088,0.9373,-3.1371
pos,266,-0.8504,-1.5111,0.8884,3.1007
input,266,0.2833,-0.0003,0.0000,0.0000
target,266,-0.8179,-1.6877,0.9339,-3.1362
pos,267,-0.8501,-1.5016,0.8864,3.1129
input,267,0.2776,-0.0003,0.0000,0.0000
target,267,-0.8177,-1.6667,0.9302,-3.1374
pos,268,-0.8475,-1.4833,0.8848,-3.1260
input,268,0.2721,-0.0002,0.0000,0.0000
target,268,-0.8175,-1.6473,0.9267,-3.1383
pos,269,-0.8452,-1.4541,0.8781,-3.1357
input,269,0.2666,-0.0002,0.0000,0.0000
target,269,-0.8171,-1.6279,0.9233,-3.1378
pos,270,-0.8456,-1.4341,0.8715,3.0989
input,270,0.2613,-0.0002,0.0000,0.0000
target,270,-0.8165,-1.6072,0.9196,-3.1375
pos,271,-0.8409,-1.4172,0.8708,-3.0538
input,271,0.2561,-0.0002,0.0000,0.0000
target,271,-0.8162,-1.5865,0.9157,-3.1388
pos,272,-0.8395,-1.3986,0.8664,-3.0625
input,272,0.2509,-0.0002,0.0000,0.0000
target,272,-0.8154,-1.5663,0.9120,-3.1362
pos,273,-0.8375,-1.3805,0.8617,-3.0386
input,273,0.2459,-0.0002,0.0000,0.0000
target,273,-0.8146,-1.5463,0.9083,-3.1338
pos,274,-0.8358,-1.3629,0.8572,-3.0363
input,274,0.2410,-0.0002,0.0000,0.0000
target,274,-0.8137,-1.5265,0.9044,-3.1307
pos,275,-0.8358,-1.3541,0.8550,-3.0604
input,275,0.2362,-0.0002,0.0000,0.0000
target,275,-0.8128,-1.5070,0.9005,-3.1276
pos,276,-0.8329,-1.3283,0.8477,-3.0348
input,276,0.2315,-0.0002,0.0000,0.0000
target,276,-0.8121,-1.4889,0.8967,-3.1254
pos,277,-0.8318,-1.3114,0.8430,-3.0550
input,277,0.2268,-0.0002,0.0000,0.0000
target,277,-0.8111,-1.4697,0.8926,-3.1225
pos,278,-0.8305,-1.3031,0.8407,-3.0333
input,278,0.2223,-0.0002,0.0000,0.0000
target,278,-0.8103,-1.4507,0.8884,-3.1203
pos,279,-0.8296,-1.2778,0.8332,-3.0870
input,279,0.2179,-0.0002,0.0000,0.0000
target,279,-0.8095,-1.4332,0.8843,-3.1174
pos,280,-0.8296,-1.2778,0.8332,-3.0870
input,280,0.2135,-0.0002,0.0000,0.0000
target,280,-0.8087,-1.4146,0.8799,-3.1163
pos,281,-0.8296,-1.2778,0.8332,-3.0870
input,281,0.2092,-0.0002,0.0000,0.0000
target,281,-0.8081,-1.3985,0.8759,-3.1153
pos,282,-0.8296,-1.2778,0.8332,-3.0870
input,282,0.2050,-0.0002,0.0000,0.0000
target,282,-0.8077,-1.3847,0.8722,-3.1143
pos,283,-0.8296,-1.2778,0.8332,-3.0870
input,283,0.2009,-0.0002,0.0000,0.0000
target,283,-0.8074,-1.3727,0.8687,-3.1133
pos,284,-0.8296,-1.2778,0.8332,-3.0870
input,284,0.1969,-0.0002,0.0000,0.0000
target,284,-0.8072,-1.3623,0.8656,-3.1123
pos,285,-0.8296,-1.2778,0.8332,-3.0870
input,285,0.1930,-0.0002,0.0000,0.0000
target,285,-0.8071,-1.3533,0.8627,-3.1115
pos,286,-0.8296,-1.2778,0.8332,-3.0870
input,286,0.1891,-0.0002,0.0000,0.0000
target,286,-0.8071,-1.3455,0.8601,-3.1106
pos,287,-0.8296,-1.2778,0.8332,-3.0870
input,287,0.1853,-0.0002,0.0000,0.0000
target,287,-0.8072,-1.3388,0.8577,-3.1098
pos,288,-0.8296,-1.2778,0.8332,-3.0870
input,288,0.1816,-0.0002,0.0000,0.0000
target,288,-0.8073,-1.3329,0.8555,-3.1090
pos,289,-0.8296,-1.2778,0.8332,-3.0870
input,289,0.1780,-0.0002,0.0000,0.0000
target,289,-0.8074,-1.3279,0.8535,-3.1082
pos,290,-0.8296,-1.2778,0.8332,-3.0870
input,290,0.1744,-0.0002,0.0000,0.0000
target,290,-0.8076,-1.3234,0.8517,-3.1075
pos,291,-0.8296,-1.2778,0.8332,-3.0870
input,291,0.1710,-0.0002,0.0000,0.0000
target,291,-0.8079,-1.3196,0.8500,-3.1068
pos,292,-0.8296,-1.2778,0.8332,-3.0870
input,292,0.1675,-0.0002,0.0000,0.0000
target,292,-0.8081,-1.3163,0.8485,-3.1061
pos,293,-0.8296,-1.2778,0.8332,-3.0870
input,293,0.1642,-0.0001,0.0000,0.0000
target,293,-0.8084,-1.3133,0.8471,-3.1055
pos,294,-0.8296,-1.2778,0.8332,-3.0870
input,294,0.1609,-0.0001,0.0000,0.0000
target,294,-0.8087,-1.3108,0.8458,-3.1049
pos,295,-0.8056,-1.0614,0.7498,-3.0881
input,295,0.1577,-0.0001,0.0000,0.0000
target,295,-0.8090,-1.3085,0.8447,-3.1043
pos,296,-0.8010,-1.0499,0.7472,-3.0920
input,296,0.1545,-0.0001,0.0000,0.0000
target,296,-0.8060,-1.2766,0.8363,-3.1037
pos,297,-0.8183,-1.0109,0.7453,2.0730
input,297,0.1514,-0.0001,0.0000,0.0000
target,297,-0.8029,-1.2474,0.8284,-3.1033
pos,298,-0.8161,-0.9942,0.7362,2.0717
input,298,0.1484,-0.0001,0.0000,0.0000
target,298,-0.8027,-1.2169,0.8210,-3.1029
pos,299,-0.8144,-0.9836,0.7301,2.0698
input,299,0.1454,-0.0001,0.0000,0.0000
target,299,-0.8022,-1.1882,0.8134,-3.1026
pos,300,-0.8127,-0.9727,0.7241,2.0741
input,300,0.1425,-0.0001,0.0000,0.0000
target,300,-0.8017,-1.1620,0.8060,-3.1022
pos,301,-0.8109,-0.9624,0.7179,2.0683
input,301,0.1397,-0.0001,0.0000,0.0000
target,301,-0.8010,-1.1379,0.7986,-3.1019
pos,302,-0.7928,-0.9770,0.7083,-3.1414
input,302,0.1369,-0.0001,0.0000,0.0000
target,302,-0.8003,-1.1157,0.7913,-3.1016
pos,303,-0.7897,-0.9679,0.7013,-3.0817
input,303,0.1341,-0.0001,0.0000,0.0000
target,303,-0.7972,-1.0986,0.7837,-3.1029
pos,304,-0.7891,-0.9580,0.6921,-3.0659
input,304,0.1315,-0.0001,0.0000,0.0200
target,304,-0.7941,-1.0826,0.7762,-3.1023
pos,305,-0.7875,-0.9489,0.6866,-3.0663
input,305,0.1288,-0.0001,0.0000,0.0396
target,305,-0.7915,-1.0674,0.7687,-3.1012
pos,306,-0.7848,-0.9392,0.6798,-3.0600
input,306,0.1263,-0.0001,0.0000,0.0588
target,306,-0.7890,-1.0530,0.7617,-3.1001
pos,307,-0.7836,-0.9298,0.6742,-3.0563
input,307,0.1237,-0.0001,0.0000,0.0776
target,307,-0.7866,-1.0393,0.7549,-3.0988
pos,308,-0.7819,-0.9209,0.6679,-3.0528
input,308,0.1213,-0.0001,0.0000,0.0961
target,308,-0.7843,-1.0261,0.7484,-3.0975
pos,309,-0.7975,-0.8904,0.6721,2.0601
input,309,0.1188,-0.0001,0.0000,0.1142
target,309,-0.7822,-1.0135,0.7422,-3.0960
pos,310,-0.7771,-0.9070,0.6603,3.1248
input,310,0.1165,-0.0001,0.0000,0.1319
target,310,-0.7826,-0.9984,0.7372,-3.0946
pos,311,-0.7749,-0.8984,0.6535,3.1287
input,311,0.1141,-0.0001,0.0000,0.1492
target,311,-0.7802,-0.9877,0.7318,-3.0966
pos,312,-0.7740,-0.8900,0.6474,-3.0961
input,312,0.1118,-0.0001,0.0000,0.1663
target,312,-0.7778,-0.9772,0.7264,-3.0985
pos,313,-0.7706,-0.8782,0.6383,-3.0776
input,313,0.1096,-0.0001,0.0000,0.1829
target,313,-0.7757,-0.9670,0.7212,-3.0985
pos,314,-0.7695,-0.8742,0.6351,-3.0888
input,314,0.1074,-0.0001,0.0000,0.1993
target,314,-0.7734,-0.9565,0.7158,-3.0979
pos,315,-0.7666,-0.8626,0.6241,-3.0728
input,315,0.1053,-0.0001,0.0000,0.2153
target,315,-0.7714,-0.9469,0.7108,-3.0976
pos,316,-0.7642,-0.8553,0.6169,-3.0832
input,316,0.1032,-0.0001,0.0000,0.2310
target,316,-0.7692,-0.9370,0.7054,-3.0968
pos,317,-0.7622,-0.8479,0.6096,-3.0863
input,317,0.1011,-0.0001,0.0000,0.2464
target,317,-0.7671,-0.9275,0.7001,-3.0964
pos,318,-0.7598,-0.8407,0.6021,-3.0921
input,318,0.0991,-0.0001,0.0000,0.2614
target,318,-0.7650,-0.9182,0.6947,-3.0960
pos,319,-0.7590,-0.8375,0.5986,-3.0953
input,319,0.0971,-0.0001,0.0000,0.2762
target,319,-0.7629,-0.9091,0.6893,-3.0959
pos,320,-0.7572,-0.8302,0.5911,-3.0863
input,320,0.0952,-0.0001,0.0000,0.2907
target,320,-0.7610,-0.9009,0.6843,-3.0959
pos,321,-0.7544,-0.8202,0.5800,-3.0844
input,321,0.0933,-0.0001,0.0000,0.3049
target,321,-0.7592,-0.8927,0.6792,-3.0956
pos,322,-0.7525,-0.8136,0.5725,-3.0907
input,322,0.0914,-0.0001,0.0000,0.3188
target,322,-0.7573,-0.8843,0.6737,-3.0952
pos,323,-0.7505,-0.8073,0.5648,-3.0849
input,323,0.0896,-0.0001,0.0000,0.3324
target,323,-0.7554,-0.8761,0.6681,-3.0951
pos,324,-0.7491,-0.8012,0.5576,-3.0848
input,324,0.0878,-0.0001,0.0000,0.3457
target,324,-0.7535,-0.8681,0.6626,-3.0948
pos,325,-0.7475,-0.7955,0.5502,-3.0940
input,325,0.0860,-0.0001,0.0000,0.3588
target,325,-0.7517,-0.8604,0.6570,-3.0945
pos,326,-0.7465,-0.7922,0.5467,-3.0853
input,326,0.0843,-0.0001,0.0000,0.3717
target,326,-0.7500,-0.8530,0.6515,-3.0944
pos,327,-0.7447,-0.7865,0.5393,-3.0878
input,327,0.0826,-0.0001,0.0000,0.3842
target,327,-0.7484,-0.8462,0.6463,-3.0942
pos,328,-0.7434,-0.7809,0.5323,-3.0854
input,328,0.0810,-0.0001,0.0000,0.3965
target,328,-0.7468,-0.8394,0.6410,-3.0940
pos,329,-0.7418,-0.7760,0.5254,-3.1024
input,329,0.0793,-0.0001,0.0000,0.4086
target,329,-0.7453,-0.8329,0.6357,-3.0937
pos,330,-0.7400,-0.7677,0.5159,-3.0911
input,330,0.0777,-0.0001,0.0000,0.4204
target,330,-0.7438,-0.8265,0.6304,-3.0940
pos,331,-0.7405,-0.7648,0.5096,-3.0301
input,331,0.0762,-0.0001,0.0000,0.4320
target,331,-0.7423,-0.8198,0.6248,-3.0939
pos,332,-0.7559,-0.7351,0.5118,2.0640
input,332,0.0747,-0.0001,0.0000,0.4434
target,332,-0.7411,-0.8137,0.6193,-3.0918
pos,333,-0.7286,-0.7606,0.4951,1.1333
input,333,0.0732,-0.0001,0.0000,0.4545
target,333,-0.7422,-0.8042,0.6146,-3.0898
pos,334,-0.7355,-0.7481,0.4931,-3.0744
input,334,0.0717,-0.0001,0.0000,0.4654
target,334,-0.7394,-0.7996,0.6089,-3.0879
pos,335,-0.7339,-0.7437,0.4885,-3.1023
input,335,0.0703,-0.0001,0.0000,0.4761
target,335,-0.7380,-0.7938,0.6037,-3.0874
pos,336,-0.7325,-0.7397,0.4844,-3.1095
input,336,0.0689,-0.0001,0.0000,0.4866
target,336,-0.7365,-0.7883,0.5987,-3.0879
pos,337,-0.7320,-0.7377,0.4825,-3.0864
input,337,0.0675,-0.0001,0.0000,0.4969
target,337,-0.7351,-0.7829,0.5938,-3.0886
pos,338,-0.7308,-0.7335,0.4790,-3.0959
input,338,0.0661,-0.0001,0.0000,0.5069
target,338,-0.7339,-0.7779,0.5894,-3.0886
pos,339,-0.7287,-0.7287,0.4753,-3.0942
input,339,0.0648,-0.0001,0.0000,0.5168
target,339,-0.7326,-0.7731,0.5851,-3.0889
pos,340,-0.7274,-0.7251,0.4729,-3.0858
input,340,0.0635,-0.0001,0.0000,0.5265
target,340,-0.7313,-0.7682,0.5810,-3.0890
pos,341,-0.7262,-0.7215,0.4705,-3.0869
input,341,0.0623,-0.0001,0.0000,0.5359
target,341,-0.7300,-0.7635,0.5772,-3.0889
pos,342,-0.7254,-0.7172,0.4691,-3.0815
input,342,0.0610,-0.0001,0.0000,0.5452
target,342,-0.7287,-0.7590,0.5736,-3.0888
pos,343,-0.7250,-0.7159,0.4685,-3.0732
input,343,0.0598,-0.0001,0.0000,0.5543
target,343,-0.7275,-0.7544,0.5703,-3.0886
pos,344,-0.7237,-0.7127,0.4668,-3.0728
input,344,0.0586,-0.0001,0.0000,0.5632
target,344,-0.7265,-0.7503,0.5674,-3.0881
pos,345,-0.7224,-0.7098,0.4654,-3.0777
input,345,0.0574,-0.0001,0.0000,0.5719
target,345,-0.7254,-0.7462,0.5647,-3.0876
pos,346,-0.7209,-0.7053,0.4640,-3.0734
input,346,0.0563,-0.0001,0.0000,0.5805
target,346,-0.7243,-0.7424,0.5622,-3.0873
pos,347,-0.7195,-0.7048,0.4629,-3.1002
input,347,0.0551,-0.0000,0.0000,0.5889
target,347,-0.7231,-0.7384,0.5599,-3.0868
pos,348,-0.7184,-0.7001,0.4624,-3.0798
input,348,0.0540,-0.0000,0.0000,0.5971
target,348,-0.7220,-0.7349,0.5579,-3.0872
pos,349,-0.7165,-0.6980,0.4624,-3.0909
input,349,0.0530,-0.0000,0.0000,0.6052
target,349,-0.7208,-0.7312,0.5560,-3.0870
pos,350,-0.7164,-0.6970,0.4624,-3.1030
input,350,0.0519,-0.0000,0.0000,0.6131
target,350,-0.7196,-0.7277,0.5544,-3.0871
pos,351,-0.7156,-0.6943,0.4632,-3.0854
input,351,0.0509,-0.0000,0.0000,0.6208
target,351,-0.7185,-0.7245,0.5531,-3.0876
pos,352,-0.7138,-0.6910,0.4646,-3.0952
input,352,0.0498,-0.0000,0.0000,0.6284
target,352,-0.7175,-0.7214,0.5521,-3.0876
pos,353,-0.7126,-0.6889,0.4658,-3.0825
input,353,0.0489,-0.0000,0.0000,0.6358
target,353,-0.7164,-0.7182,0.5514,-3.0878
pos,354,-0.7117,-0.6868,0.4677,-3.0821
input,354,0.0479,-0.0000,0.0000,0.6431
target,354,-0.7153,-0.7152,0.5509,-3.0877
pos,355,-0.7112,-0.6847,0.4705,-3.0867
input,355,0.0469,-0.0000,0.0000,0.6503
target,355,-0.7142,-0.7122,0.5508,-3.0875
pos,356,-0.7098,-0.6835,0.4727,-3.1012
input,356,0.0460,-0.0000,0.0000,0.6572
target,356,-0.7132,-0.7094,0.5510,-3.0875
pos,357,-0.7091,-0.6812,0.4762,-3.0823
input,357,0.0451,-0.0000,0.0000,0.6641
target,357,-0.7122,-0.7068,0.5515,-3.0879
pos,358,-0.7082,-0.6796,0.4795,-3.0875
input,358,0.0442,-0.0000,0.0000,0.6708
target,358,-0.7112,-0.7042,0.5524,-3.0877
pos,359,-0.7072,-0.6781,0.4834,-3.0833
input,359,0.0433,-0.0000,0.0000,0.6774
target,359,-0.7103,-0.7017,0.5536,-3.0877
pos,360,-0.7064,-0.6775,0.4855,-3.0915
input,360,0.0424,-0.0000,0.0000,0.6839
target,360,-0.7093,-0.6994,0.5551,-3.0876
pos,361,-0.7061,-0.6751,0.4892,-3.0929
input,361,0.0416,-0.0000,0.0000,0.6902
target,361,-0.7084,-0.6973,0.5568,-3.0877
pos,362,-0.7051,-0.6734,0.4970,-3.0849
input,362,0.0407,-0.0000,0.0000,0.6964
target,362,-0.7075,-0.6951,0.5587,-3.0879
pos,363,-0.7036,-0.6723,0.5025,-3.0872
input,363,0.0399,-0.0000,0.0000,0.7024
target,363,-0.7067,-0.6930,0.5613,-3.0879
pos,364,-0.7034,-0.6707,0.5085,-3.0931
input,364,0.0391,-0.0000,0.0000,0.7084
target,364,-0.7058,-0.6910,0.5643,-3.0879
pos,365,-0.7022,-0.6701,0.5159,-3.0850
input,365,0.0383,-0.0000,0.0000,0.7142
target,365,-0.7049,-0.6890,0.5676,-3.0880
pos,366,-0.7019,-0.6696,0.5193,-3.0927
input,366,0.0376,-0.0000,0.0000,0.7199
target,366,-0.7041,-0.6872,0.5714,-3.0879
pos,367,-0.7007,-0.6679,0.5297,-3.0842
input,367,0.0368,-0.0000,0.0000,0.7255
target,367,-0.7033,-0.6856,0.5752,-3.0881
pos,368,-0.7001,-0.6675,0.5330,-3.0844
input,368,0.0361,-0.0000,0.0000,0.7310
target,368,-0.7024,-0.6839,0.5797,-3.0880
pos,369,-0.7001,-0.6675,0.5330,-3.0844
input,369,0.0354,-0.0000,0.0000,0.7364
target,369,-0.7016,-0.6824,0.5842,-3.0878
pos,370,-0.7001,-0.6675,0.5330,-3.0844
input,370,0.0347,-0.0000,0.0000,0.7417
target,370,-0.7009,-0.6812,0.5883,-3.0877
pos,371,-0.7001,-0.6675,0.5330,-3.0844
input,371,0.0340,-0.0000,0.0000,0.7469
target,371,-0.7003,-0.6800,0.5921,-3.0876
pos,372,-0.7001,-0.6675,0.5330,-3.0844
input,372,0.0333,-0.0000,0.0000,0.7519
target,372,-0.6998,-0.6790,0.5956,-3.0875
pos,373,-0.7001,-0.6675,0.5330,-3.0844
input,373,0.0326,-0.0000,0.0000,0.7569
target,373,-0.6994,-0.6782,0.5988,-3.0874
pos,374,-0.7001,-0.6675,0.5330,-3.0844
input,374,0.0320,-0.0000,0.0000,0.7617
target,374,-0.6991,-0.6774,0.6017,-3.0873
pos,375,-0.7001,-0.6675,0.5330,-3.0844
input,375,0.0313,-0.0000,0.0000,0.7665
target,375,-0.6988,-0.6768,0.6044,-3.0872
pos,376,-0.7001,-0.6675,0.5330,-3.0844
input,376,0.0307,-0.0000,0.0000,0.7712
target,376,-0.6985,-0.6762,0.6069,-3.0872
pos,377,-0.7001,-0.6675,0.5330,-3.0844
input,377,0.0301,-0.0000,0.0000,0.7758
target,377,-0.6983,-0.6757,0.6092,-3.0871
pos,378,-0.7001,-0.6675,0.5330,-3.0844
input,378,0.0295,-0.0000,0.0000,0.7802
target,378,-0.6981,-0.6752,0.6114,-3.0870
pos,379,-0.7001,-0.6675,0.5330,-3.0844
input,379,0.0289,-0.0000,0.0000,0.7846
target,379,-0.6980,-0.6748,0.6134,-3.0869
pos,380,-0.7001,-0.6675,0.5330,-3.0844
input,380,0.0283,-0.0000,0.0000,0.7889
target,380,-0.6979,-0.6745,0.6152,-3.0868
pos,381,-0.7001,-0.6675,0.5330,-3.0844
input,381,0.0277,-0.0000,0.0000,0.7932
target,381,-0.6978,-0.6742,0.6169,-3.0867
pos,382,-0.7001,-0.6675,0.5330,-3.0844
input,382,0.0272,-0.0000,0.0000,0.7973
target,382,-0.6977,-0.6739,0.6184,-3.0866
pos,383,-0.7001,-0.6675,0.5330,-3.0844
input,383,0.0266,-0.0000,0.0000,0.8014
target,383,-0.6976,-0.6736,0.6199,-3.0866
pos,384,-0.7001,-0.6675,0.5330,-3.0844
input,384,0.0261,-0.0000,0.0000,0.8053
target,384,-0.6976,-0.6734,0.6212,-3.0865
pos,385,-0.7001,-0.6675,0.5330,-3.0844
input,385,0.0256,-0.0000,0.0000,0.8092
target,385,-0.6976,-0.6732,0.6225,-3.0864
pos,386,-0.6931,-0.6611,0.6254,-3.1012
input,386,0.0251,-0.0000,0.0000,0.8130
target,386,-0.6975,-0.6730,0.6236,-3.0864
pos,387,-0.6873,-0.6582,0.7320,-3.0798
input,387,0.0246,-0.0000,0.0000,0.8168
target,387,-0.6965,-0.6719,0.6337,-3.0868
pos,388,-0.6870,-0.6581,0.7385,-3.0782
input,388,0.0241,-0.0000,0.0000,0.8204
target,388,-0.6949,-0.6706,0.6532,-3.0866
pos,389,-0.6858,-0.6579,0.7582,-3.0792
input,389,0.0236,-0.0000,0.0000,0.8240
target,389,-0.6934,-0.6694,0.6716,-3.0864
pos,390,-0.6852,-0.6578,0.7715,-3.0812
input,390,0.0231,-0.0000,0.0000,0.8275
target,390,-0.6919,-0.6683,0.6903,-3.0861
pos,391,-0.6861,-0.6576,0.7730,3.0755
input,391,0.0227,-0.0000,0.0000,0.8310
target,391,-0.6906,-0.6674,0.7085,-3.0859
pos,392,-0.6844,-0.6578,0.7921,-3.0913
input,392,0.0222,-0.0000,0.0000,0.8344
target,392,-0.6895,-0.6665,0.7252,-3.0898
pos,393,-0.6835,-0.6578,0.8058,-3.0897
input,393,0.0218,-0.0000,0.0000,0.8377
target,393,-0.6884,-0.6658,0.7421,-3.0900
pos,394,-0.6826,-0.6570,0.8266,-3.0823
input,394,0.0213,-0.0000,0.0000,0.8409
target,394,-0.6873,-0.6652,0.7589,-3.0900
pos,395,-0.6820,-0.6572,0.8407,-3.0863
input,395,0.0209,-0.0000,0.0000,0.8441
target,395,-0.6863,-0.6645,0.7761,-3.0897
pos,396,-0.6809,-0.6575,0.8553,-3.0754
input,396,0.0205,-0.0000,0.0000,0.8472
target,396,-0.6853,-0.6640,0.7930,-3.0896
pos,397,-0.6805,-0.6576,0.8626,-3.0770
input,397,0.0201,-0.0000,0.0000,0.8503
target,397,-0.6842,-0.6635,0.8099,-3.0892
pos,398,-0.6799,-0.6578,0.8772,-3.0848
input,398,0.0197,-0.0000,0.0000,0.8533
target,398,-0.6833,-0.6631,0.8258,-3.0888
pos,399,-0.6791,-0.6580,0.8919,-3.0889
input,399,0.0193,-0.0000,0.0000,0.8562
target,399,-0.6825,-0.6628,0.8417,-3.0886
pos,400,-0.6779,-0.6578,0.9144,-3.0773
input,400,0.0189,-0.0000,0.0000,0.8591
target,400,-0.6816,-0.6625,0.8576,-3.0886
pos,401,-0.6776,-0.6579,0.9219,-3.0787
input,401,0.0185,-0.0000,0.0000,0.8619
target,401,-0.6807,-0.6623,0.8742,-3.0883
pos,402,-0.6765,-0.6581,0.9449,-3.0765
input,402,0.0182,-0.0000,0.0000,0.8647
target,402,-0.6799,-0.6621,0.8899,-3.0880
pos,403,-0.6757,-0.6584,0.9600,-3.0792
input,403,0.0178,-0.0000,0.0000,0.8674
target,403,-0.6790,-0.6619,0.9065,-3.0876
pos,404,-0.6756,-0.6582,0.9681,-3.0773
input,404,0.0174,-0.0000,0.0000,0.8700
target,404,-0.6781,-0.6618,0.9230,-3.0873
pos,405,-0.6744,-0.6586,0.9911,-3.0772
input,405,0.0171,-0.0000,0.0000,0.8726
target,405,-0.6774,-0.6617,0.9387,-3.0870
pos,406,-0.6741,-0.6587,0.9994,-3.0808
input,406,0.0167,-0.0000,0.0000,0.8752
target,406,-0.6766,-0.6616,0.9552,-3.0867
pos,407,-0.6727,-0.6594,1.0223,-3.0800
input,407,0.0164,-0.0000,0.0000,0.8777
target,407,-0.6759,-0.6615,0.9709,-3.0865
pos,408,-0.6723,-0.6602,1.0382,-3.0846
input,408,0.0161,-0.0000,0.0000,0.8801
target,408,-0.6750,-0.6616,0.9874,-3.0863
pos,409,-0.6713,-0.6603,1.0538,-3.0787
input,409,0.0158,-0.0000,0.0000,0.8825
target,409,-0.6743,-0.6617,1.0039,-3.0862
pos,410,-0.6705,-0.6609,1.0698,-3.0757
input,410,0.0154,-0.0000,0.0000,0.8849
target,410,-0.6735,-0.6618,1.0203,-3.0860
pos,411,-0.6696,-0.6615,1.0859,-3.0798
input,411,0.0151,-0.0000,0.0000,0.8872
target,411,-0.6727,-0.6620,1.0368,-3.0856
pos,412,-0.6695,-0.6616,1.0942,-3.0782
input,412,0.0148,-0.0000,0.0000,0.8894
target,412,-0.6719,-0.6622,1.0532,-3.0854
pos,413,-0.6685,-0.6628,1.1189,-3.0803
input,413,0.0145,-0.0000,0.0000,0.8916
target,413,-0.6712,-0.6624,1.0689,-3.0852
pos,414,-0.6675,-0.6635,1.1352,-3.0811
input,414,0.0142,-0.0000,0.0000,0.8938
target,414,-0.6704,-0.6628,1.0854,-3.0851
pos,415,-0.6666,-0.6643,1.1519,-3.0773
input,415,0.0140,-0.0000,0.0000,0.8959
target,415,-0.6696,-0.6632,1.1019,-3.0849
pos,416,-0.6659,-0.6653,1.1689,-3.0809
input,416,0.0137,-0.0000,0.0000,0.8980
target,416,-0.6688,-0.6636,1.1184,-3.0847
pos,417,-0.6652,-0.6661,1.1855,-3.0788
input,417,0.0134,-0.0000,0.0000,0.9001
target,417,-0.6681,-0.6641,1.1349,-3.0845
pos,418,-0.6639,-0.6673,1.2026,-3.0849
input,418,0.0131,-0.0000,0.0000,0.9021
target,418,-0.6673,-0.6646,1.1514,-3.0844
pos,419,-0.6633,-0.6681,1.2198,-3.0792
input,419,0.0129,-0.0000,0.0000,0.9040
target,419,-0.6665,-0.6652,1.1680,-3.0844
pos,420,-0.6626,-0.6686,1.2284,-3.0810
input,420,0.0126,-0.0000,0.0000,0.8859
target,420,-0.6657,-0.6659,1.1847,-3.0842
pos,421,-0.6614,-0.6703,1.2545,-3.0768
input,421,0.0124,-0.0000,0.0000,0.8682
target,421,-0.6649,-0.6665,1.2003,-3.0840
pos,422,-0.6608,-0.6707,1.2721,-3.0688
input,422,0.0121,-0.0000,0.0000,0.8508
target,422,-0.6641,-0.6673,1.2168,-3.0838
pos,423,-0.6592,-0.6725,1.2811,-3.0870
input,423,0.0119,-0.0000,0.0000,0.8338
target,423,-0.6633,-0.6680,1.2331,-3.0833
pos,424,-0.6585,-0.6730,1.3070,-3.0703
input,424,0.0116,-0.0000,0.0000,0.8172
target,424,-0.6623,-0.6688,1.2485,-3.0834
pos,425,-0.6578,-0.6736,1.3160,-3.0800
input,425,0.0114,-0.0000,0.0000,0.8008
target,425,-0.6615,-0.6696,1.2648,-3.0830
pos,426,-0.6567,-0.6760,1.3427,-3.1043
input,426,0.0112,-0.0000,0.0000,0.7848
target,426,-0.6606,-0.6704,1.2801,-3.0829
pos,427,-0.6557,-0.6765,1.3606,-3.0710
input,427,0.0110,-0.0000,0.0000,0.7691
target,427,-0.6597,-0.6714,1.2963,-3.0836
pos,428,-0.6550,-0.6774,1.3695,-3.0802
input,428,0.0107,-0.0000,0.0000,0.7537
target,428,-0.6588,-0.6723,1.3125,-3.0832
pos,429,-0.6530,-0.6794,1.3961,-3.0784
input,429,0.0105,-0.0000,0.0000,0.7386
target,429,-0.6580,-0.6732,1.3278,-3.0831
pos,430,-0.6518,-0.6811,1.4139,-3.0777
input,430,0.0103,-0.0000,0.0000,0.7239
target,430,-0.6570,-0.6742,1.3439,-3.0829
pos,431,-0.6506,-0.6825,1.4313,-3.0843
input,431,0.0101,-0.0000,0.0000,0.7094
target,431,-0.6559,-0.6754,1.3601,-3.0828
pos,432,-0.6508,-0.6826,1.4401,-3.0900
input,432,0.0099,-0.0000,0.0000,0.6952
target,432,-0.6549,-0.6765,1.3762,-3.0828
pos,433,-0.6482,-0.6846,1.4675,-3.0795
input,433,0.0097,-0.0000,0.0000,0.6813
target,433,-0.6540,-0.6775,1.3914,-3.0831
pos,434,-0.6478,-0.6859,1.4841,-3.1023
input,434,0.0095,-0.0000,0.0000,0.6677
target,434,-0.6529,-0.6787,1.4076,-3.0830
pos,435,-0.6471,-0.6873,1.5007,-3.1160
input,435,0.0093,-0.0000,0.0000,0.6543
target,435,-0.6518,-0.6799,1.4237,-3.0836
pos,436,-0.6452,-0.6886,1.5172,-3.0921
input,436,0.0091,-0.0000,0.0000,0.6412
target,436,-0.6509,-0.6811,1.4396,-3.0846
pos,437,-0.6448,-0.6894,1.5256,-3.0916
input,437,0.0090,-0.0000,0.0000,0.6284
target,437,-0.6498,-0.6823,1.4555,-3.0849
pos,438,-0.6432,-0.6915,1.5497,-3.0942
input,438,0.0088,-0.0000,0.0000,0.6158
target,438,-0.6488,-0.6834,1.4704,-3.0851
pos,439,-0.6427,-0.6921,1.5658,-3.1084
input,439,0.0086,-0.0000,0.0000,0.6035
target,439,-0.6477,-0.6847,1.4861,-3.0854
pos,440,-0.6421,-0.6930,1.5734,-3.1005
input,440,0.0084,-0.0000,0.0000,0.5915
target,440,-0.6467,-0.6859,1.5016,-3.0862
pos,441,-0.6408,-0.6947,1.5889,-3.0970
input,441,0.0083,-0.0000,0.0000,0.5796
target,441,-0.6458,-0.6870,1.5162,-3.0866
pos,442,-0.6418,-0.6953,1.5977,3.1115
input,442,0.0081,-0.0000,0.0000,0.5680
target,442,-0.6448,-0.6882,1.5308,-3.0870
pos,443,-0.6403,-0.6973,1.6203,3.1153
input,443,0.0079,-0.0000,0.0000,0.5567
target,443,-0.6441,-0.6893,1.5446,-3.0897
pos,444,-0.6397,-0.6984,1.6343,3.0984
input,444,0.0078,-0.0000,0.0000,0.5455
target,444,-0.6433,-0.6906,1.5591,-3.0923
pos,445,-0.6387,-0.6995,1.6427,3.0977
input,445,0.0076,-0.0000,0.0000,0.5346
target,445,-0.6425,-0.6918,1.5734,-3.0953
pos,446,-0.6385,-0.7003,1.6552,3.0535
input,446,0.0075,-0.0000,0.0000,0.5239
target,446,-0.6417,-0.6930,1.5870,-3.0982
pos,447,-0.6380,-0.7009,1.6681,3.0265
input,447,0.0073,-0.0000,0.0000,0.5135
target,447,-0.6410,-0.6941,1.6004,-3.1025
pos,448,-0.6359,-0.7033,1.6885,3.0438
input,448,0.0072,-0.0000,0.0000,0.5032
target,448,-0.6403,-0.6952,1.6136,-3.1075
pos,449,-0.6359,-0.7033,1.6885,3.0438
input,449,0.0070,-0.0000,-0.0200,0.4931
target,449,-0.6394,-0.6965,1.6273,-3.1119
pos,450,-0.6359,-0.7033,1.6885,3.0438
input,450,0.0069,-0.0000,-0.0396,0.4833
target,450,-0.6386,-0.6975,1.6396,-3.1164
pos,451,-0.6359,-0.7033,1.6885,3.0438
input,451,0.0067,-0.0000,-0.0588,0.4736
target,451,-0.6380,-0.6985,1.6505,-3.1212
pos,452,-0.6359,-0.7033,1.6885,3.0438
input,452,0.0066,-0.0000,-0.0776,0.4641
target,452,-0.6374,-0.6992,1.6603,-3.1263
pos,453,-0.6359,-0.7033,1.6885,3.0438
input,453,0.0065,-0.0000,-0.0961,0.4548
target,453,-0.6370,-0.6999,1.6690,-3.1315
pos,454,-0.6359,-0.7033,1.6885,3.0438
input,454,0.0063,-0.0000,-0.1142,0.4457
target,454,-0.6366,-0.7005,1.6767,-3.1369
pos,455,-0.6359,-0.7033,1.6885,3.0438
input,455,0.0062,-0.0000,-0.1319,0.4368
target,455,-0.6362,-0.7010,1.6835,-3.1425
pos,456,-0.6359,-0.7033,1.6885,3.0438
input,456,0.0061,-0.0000,-0.1492,0.4281
target,456,-0.6359,-0.7015,1.6896,-3.1482
pos,457,-0.6359,-0.7033,1.6885,3.0438
input,457,0.0060,-0.0000,-0.1663,0.4195
target,457,-0.6357,-0.7018,1.6950,-3.1541
pos,458,-0.6359,-0.7033,1.6885,3.0438
input,458,0.0059,-0.0000,-0.1829,0.4111
target,458,-0.6354,-0.7022,1.6997,-3.1601
pos,459,-0.6359,-0.7033,1.6885,3.0438
input,459,0.0057,-0.0000,-0.1993,0.4029
target,459,-0.6353,-0.7024,1.7039,-3.1663
pos,460,-0.6359,-0.7033,1.6885,3.0438
input,460,0.0056,-0.0000,-0.2153,0.3949
target,460,-0.6351,-0.7027,1.7075,-3.1726
pos,461,-0.6359,-0.7033,1.6885,3.0438
input,461,0.0055,-0.0000,-0.2310,0.3870
target,461,-0.6350,-0.7029,1.7107,-3.1789
pos,462,-0.6359,-0.7033,1.6885,3.0438
input,462,0.0054,-0.0000,-0.2464,0.3792
target,462,-0.6349,-0.7031,1.7135,-3.1854
pos,463,-0.6359,-0.7033,1.6885,3.0438
input,463,0.0053,-0.0000,-0.2614,0.3716
target,463,-0.6348,-0.7032,1.7159,-3.1920
pos,464,-0.6359,-0.7033,1.6885,3.0438
input,464,0.0052,-0.0000,-0.2762,0.3642
target,464,-0.6347,-0.7033,1.7179,-3.1986
pos,465,-0.6186,-0.7264,1.8784,-3.1098
input,465,0.0051,-0.0000,-0.2907,0.3569
target,465,-0.6346,-0.7034,1.7197,-3.2053
pos,466,-0.6175,-0.7282,1.8913,-3.1144
input,466,0.0050,-0.0000,-0.3049,0.3498
target,466,-0.6322,-0.7067,1.7392,-3.2079
pos,467,-0.6162,-0.7299,1.8993,-3.1124
input,467,0.0049,-0.0000,-0.3188,0.3428
target,467,-0.6299,-0.7098,1.7581,-3.2108
pos,468,-0.6151,-0.7315,1.9076,-3.1067
input,468,0.0048,-0.0000,-0.3324,0.3359
target,468,-0.6278,-0.7127,1.7759,-3.2138
pos,469,-0.6146,-0.7329,1.9155,-3.1143
input,469,0.0047,-0.0000,-0.3457,0.3292
target,469,-0.6258,-0.7154,1.7927,-3.2167
pos,470,-0.6145,-0.7331,1.9196,-3.1219
input,470,0.0046,-0.0000,-0.3588,0.3226
target,470,-0.6240,-0.7180,1.8086,-3.2200
pos,471,-0.6131,-0.7354,1.9306,-3.1144
input,471,0.0045,-0.0000,-0.3717,0.3162
target,471,-0.6225,-0.7202,1.8233,-3.2237
pos,472,-0.6127,-0.7363,1.9350,-3.1323
input,472,0.0044,-0.0000,-0.3842,0.3099
target,472,-0.6210,-0.7224,1.8375,-3.2273
pos,473,-0.6116,-0.7375,1.9422,-3.1365
input,473,0.0043,-0.0000,-0.3965,0.3037
target,473,-0.6196,-0.7244,1.8507,-3.2315
pos,474,-0.6103,-0.7396,1.9524,-3.1390
input,474,0.0042,-0.0000,-0.4086,0.2976
target,474,-0.6183,-0.7263,1.8633,-3.2360
pos,475,-0.6102,-0.7408,1.9593,3.1304
input,475,0.0042,-0.0000,-0.4204,0.2916
target,475,-0.6170,-0.7283,1.8756,-3.2406
pos,476,-0.6103,-0.7415,1.9623,3.1138
input,476,0.0041,-0.0000,-0.4320,0.2858
target,476,-0.6158,-0.7301,1.8872,-3.2457
pos,477,-0.6085,-0.7433,1.9720,3.1239
input,477,0.0040,-0.0000,-0.4434,0.2801
target,477,-0.6148,-0.7318,1.8980,-3.2514
pos,478,-0.6084,-0.7436,1.9749,3.1218
input,478,0.0039,-0.0000,-0.4545,0.2745
target,478,-0.6138,-0.7335,1.9086,-3.2567
pos,479,-0.6078,-0.7450,1.9814,3.1205
input,479,0.0038,-0.0000,-0.4654,0.2690
target,479,-0.6128,-0.7350,1.9184,-3.2622
pos,480,-0.6072,-0.7460,1.9874,3.1121
input,480,0.0038,-0.0000,-0.4761,0.2636
target,480,-0.6119,-0.7365,1.9278,-3.2677
pos,481,-0.6079,-0.7457,1.9911,2.9648
input,481,0.0037,-0.0000,-0.4866,0.2583
target,481,-0.6111,-0.7379,1.9369,-3.2736
pos,482,-0.6080,-0.7464,1.9938,2.9552
input,482,0.0036,-0.0000,-0.4969,0.2532
target,482,-0.6104,-0.7391,1.9453,-3.2842
pos,483,-0.6080,-0.7475,1.9991,2.9245
input,483,0.0035,-0.0000,-0.5069,0.2481
target,483,-0.6099,-0.7402,1.9532,-3.2951
pos,484,-0.6064,-0.7493,2.0080,2.9365
input,484,0.0035,-0.0000,-0.5168,0.2431
target,484,-0.6094,-0.7413,1.9608,-3.3069
pos,485,-0.6086,-0.7579,2.0173,2.5303
input,485,0.0034,-0.0000,-0.5265,0.2383
target,485,-0.6088,-0.7425,1.9684,-3.3181
pos,486,-0.6078,-0.7589,2.0198,2.5174
input,486,0.0033,-0.0000,-0.5359,0.2335
target,486,-0.6086,-0.7448,1.9761,-3.3292
pos,487,-0.6085,-0.7420,2.0147,3.0674
input,487,0.0033,-0.0000,-0.5452,0.2288
target,487,-0.6083,-0.7468,1.9833,-3.3400
pos,488,-0.6049,-0.7530,2.0257,2.8994
input,488,0.0032,-0.0000,-0.5543,0.2243
target,488,-0.6081,-0.7463,1.9893,-3.3463
pos,489,-0.6035,-0.7558,2.0338,2.9744
input,489,0.0031,-0.0000,-0.5632,0.2198
target,489,-0.6075,-0.7473,1.9957,-3.3525
pos,490,-0.6017,-0.7573,2.0392,2.9960
input,490,0.0031,-0.0000,-0.5719,0.2154
target,490,-0.6067,-0.7486,2.0021,-3.3616
pos,491,-0.6014,-0.7566,2.0423,3.0187
input,491,0.0030,-0.0000,-0.5805,0.2111
target,491,-0.6059,-0.7499,2.0085,-3.3700
pos,492,-0.6031,-0.7590,2.0442,2.8824
input,492,0.0029,-0.0000,-0.5889,0.2069
target,492,-0.6050,-0.7509,2.0145,-3.3775
pos,493,-0.6033,-0.7594,2.0446,2.8536
input,493,0.0029,-0.0000,-0.5971,0.2027
target,493,-0.6046,-0.7522,2.0200,-3.3894
pos,494,-0.6032,-0.7596,2.0486,2.8324
input,494,0.0028,-0.0000,-0.6052,0.1987
target,494,-0.6042,-0.7533,2.0250,-3.4023
pos,495,-0.6029,-0.7600,2.0509,2.8287
input,495,0.0028,-0.0000,-0.6131,0.1947
target,495,-0.6039,-0.7543,2.0297,-3.4157
pos,496,-0.6029,-0.7600,2.0509,2.8287
input,496,0.0027,-0.0000,-0.6208,0.1908
target,496,-0.6036,-0.7552,2.0341,-3.4289
pos,497,-0.6019,-0.7623,2.0619,2.7928
input,497,0.0027,-0.0000,-0.6284,0.1870
target,497,-0.6033,-0.7559,2.0381,-3.4419
pos,498,-0.6018,-0.7627,2.0648,2.7670
input,498,0.0026,-0.0000,-0.6358,0.1832
target,498,-0.6029,-0.7569,2.0427,-3.4557
pos,499,-0.6016,-0.7630,2.0664,2.7628
input,499,0.0026,-0.0000,-0.6431,0.1796
target,499,-0.6026,-0.7578,2.0471,-3.4702
pos,500,-0.5993,-0.7662,2.0753,2.8288
input,500,0.0025,-0.0000,-0.6503,0.1760
target,500,-0.6023,-0.7586,2.0511,-3.4845
pos,501,-0.5994,-0.7666,2.0773,2.8040
input,501,0.0025,-0.0000,-0.6572,0.1725
target,501,-0.6017,-0.7598,2.0556,-3.4962
pos,502,-0.5997,-0.7591,2.0765,2.9966
input,502,0.0024,-0.0000,-0.6641,0.1690
target,502,-0.6012,-0.7609,2.0598,-3.5083
pos,503,-0.6016,-0.7661,2.1008,2.6752
input,503,0.0024,-0.0000,-0.6708,0.1656
target,503,-0.6008,-0.7607,2.0635,-3.5202
pos,504,-0.6008,-0.7634,2.1046,2.7186
input,504,0.0023,-0.0000,-0.6774,0.1623
target,504,-0.6008,-0.7616,2.0691,-3.5363
pos,505,-0.6005,-0.7632,2.1074,2.7249
input,505,0.0023,-0.0000,-0.6839,0.1591
target,505,-0.6006,-0.7619,2.0745,-3.5505
pos,506,-0.5999,-0.7625,2.1095,2.7299
input,506,0.0022,-0.0000,-0.6902,0.1559
target,506,-0.6005,-0.7622,2.0796,-3.5641
pos,507,-0.5999,-0.7627,2.1107,2.7297
input,507,0.0022,-0.0000,-0.6964,0.1528
target,507,-0.6002,-0.7624,2.0844,-3.5771
pos,508,-0.6000,-0.7628,2.1145,2.7007
input,508,0.0021,-0.0000,-0.7024,0.1497
target,508,-0.6000,-0.7625,2.0888,-3.5898
pos,509,-0.5992,-0.7635,2.1163,2.7129
input,509,0.0021,-0.0000,-0.7084,0.1467
target,509,-0.5998,-0.7627,2.0931,-3.6032
pos,510,-0.5998,-0.7636,2.1175,2.7191
input,510,0.0020,-0.0000,-0.7142,0.1438
target,510,-0.5996,-0.7629,2.0971,-3.6158
pos,511,-0.6018,-0.7701,2.0999,2.6216
input,511,0.0020,-0.0000,-0.7199,0.1409
target,511,-0.5995,-0.7631,2.1009,-3.6277
pos,512,-0.5999,-0.7646,2.1213,2.7516
input,512,0.0020,-0.0000,-0.7255,0.1381
target,512,-0.5996,-0.7642,2.1026,-3.6426
pos,513,-0.6010,-0.7655,2.1236,2.7387
input,513,0.0019,-0.0000,-0.7310,0.1353
target,513,-0.5995,-0.7643,2.1061,-3.6527
pos,514,-0.6010,-0.7657,2.1256,2.7386
input,514,0.0019,-0.0000,-0.7364,0.1326
target,514,-0.5996,-0.7646,2.1094,-3.6628
pos,515,-0.6012,-0.7666,2.1286,2.7170
input,515,0.0019,-0.0000,-0.7417,0.1300
target,515,-0.5996,-0.7649,2.1126,-3.6726
pos,516,-0.6012,-0.7648,2.1301,2.7502
input,516,0.0018,-0.0000,-0.7469,0.1274
target,516,-0.5997,-0.7652,2.1158,-3.6830
pos,517,-0.6009,-0.7622,2.1315,2.7677
input,517,0.0018,-0.0000,-0.7519,0.1248
target,517,-0.5997,-0.7653,2.1187,-3.6920
pos,518,-0.6019,-0.7635,2.1337,2.7644
input,518,0.0017,-0.0000,-0.7569,0.1223
target,518,-0.5997,-0.7650,2.1215,-3.7000
pos,519,-0.6021,-0.7630,2.1352,2.7471
input,519,0.0017,-0.0000,-0.7617,0.1199
target,519,-0.5999,-0.7649,2.1242,-3.7079
pos,520,-0.6025,-0.7631,2.1360,2.7327
input,520,0.0017,-0.0000,-0.7665,0.1175
target,520,-0.6000,-0.7647,2.1268,-3.7161
pos,521,0.0000,0.0000,0.0000,0.0000
input,521,0.0016,-0.0000,-0.7712,0.1151
target,521,-0.6002,-0.7646,2.1291,-3.7247
pos,522,0.0000,0.0000,0.0000,0.0000
input,522,0.0016,-0.0000,-0.7758,0.1128
target,522,-0.6004,-0.7645,2.1312,-3.7329
pos,523,-0.6099,-0.7837,2.1270,2.1964
input,523,0.0016,-0.0000,-0.7802,0.1106
target,523,-0.6005,-0.7644,2.1331,-3.7408
pos,524,-0.6113,-0.7865,2.1284,2.1708
input,524,0.0015,-0.0000,-0.7846,0.1084
target,524,-0.6017,-0.7672,2.1339,-3.7485
pos,525,-0.6025,-0.7568,2.1446,2.7417
input,525,0.0015,-0.0000,-0.7889,0.1062
target,525,-0.6029,-0.7700,2.1348,-3.7559
pos,526,-0.6031,-0.7565,2.1458,2.7447
input,526,0.0015,-0.0000,-0.7932,0.1041
target,526,-0.6027,-0.7683,2.1370,-3.7629
pos,527,-0.6033,-0.7561,2.1462,2.7518
input,527,0.0015,-0.0000,-0.7973,0.1020
target,527,-0.6026,-0.7668,2.1392,-3.7694
pos,528,-0.6041,-0.7555,2.1471,2.7513
input,528,0.0014,-0.0000,-0.8014,0.1000
target,528,-0.6025,-0.7654,2.1411,-3.7755
pos,529,-0.6047,-0.7547,2.1479,2.7411
input,529,0.0014,-0.0000,-0.8053,0.0980
target,529,-0.6026,-0.7641,2.1430,-3.7815
pos,530,-0.6056,-0.7538,2.1494,2.7574
input,530,0.0014,-0.0000,-0.8092,0.0960
target,530,-0.6028,-0.7629,2.1447,-3.7877
pos,531,-0.6061,-0.7530,2.1500,2.7779
input,531,0.0013,-0.0000,-0.8130,0.0941
target,531,-0.6030,-0.7618,2.1463,-3.7931
pos,532,-0.6069,-0.7529,2.1499,2.7621
input,532,0.0013,-0.0000,-0.8168,0.0922
target,532,-0.6033,-0.7607,2.1479,-3.7976
pos,533,-0.6069,-0.7529,2.1499,2.7621
input,533,0.0013,-0.0000,-0.8204,0.0904
target,533,-0.6037,-0.7597,2.1492,-3.8024
pos,534,0.0000,0.0000,0.0000,0.0000
input,534,0.0013,-0.0000,-0.8240,0.0885
target,534,-0.6040,-0.7589,2.1504,-3.8071
pos,535,0.0000,0.0000,0.0000,0.0000
input,535,0.0012,-0.0000,-0.8275,0.0868
target,535,-0.6042,-0.7582,2.1515,-3.8118
pos,536,0.0000,0.0000,0.0000,0.0000
input,536,0.0012,-0.0000,-0.8310,0.0850
target,536,-0.6045,-0.7576,2.1524,-3.8163
pos,537,0.0000,0.0000,0.0000,0.0000
input,537,0.0012,-0.0000,-0.8144,0.0833
target,537,-0.6047,-0.7571,2.1532,-3.8207
pos,538,0.0000,0.0000,0.0000,0.0000
input,538,0.0012,-0.0000,-0.7981,0.0817
target,538,-0.6048,-0.7566,2.1540,-3.8246
pos,539,0.0000,0.0000,0.0000,0.0000
input,539,0.0011,-0.0000,-0.7821,0.0800
target,539,-0.6050,-0.7562,2.1546,-3.8281
pos,540,0.0000,0.0000,0.0000,0.0000
input,540,0.0011,-0.0000,-0.7665,0.0784
target,540,-0.6051,-0.7559,2.1552,-3.8312
pos,541,0.0000,0.0000,0.0000,0.0000
input,541,0.0011,-0.0000,-0.7512,0.0769
target,541,-0.6052,-0.7556,2.1557,-3.8338
pos,542,0.0000,0.0000,0.0000,0.0000
input,542,0.0011,-0.0000,-0.7361,0.0753
target,542,-0.6053,-0.7553,2.1561,-3.8362
pos,543,0.0000,0.0000,0.0000,0.0000
input,543,0.0011,-0.0200,-0.7214,0.0738
target,543,-0.6054,-0.7551,2.1564,-3.8383
pos,544,0.0000,0.0000,0.0000,0.0000
input,544,0.0010,-0.0396,-0.7070,0.0723
target,544,-0.6051,-0.7552,2.1567,-3.8400
pos,545,0.0000,0.0000,0.0000,0.0000
input,545,0.0010,-0.0588,-0.6928,0.0709
target,545,-0.6046,-0.7555,2.1570,-3.8415
pos,546,0.0000,0.0000,0.0000,0.0000
input,546,0.0010,-0.0776,-0.6790,0.0695
target,546,-0.6038,-0.7561,2.1572,-3.8427
pos,547,0.0000,0.0000,0.0000,0.0000
input,547,0.0010,-0.0961,-0.6654,0.0681
target,547,-0.6029,-0.7568,2.1574,-3.8436
pos,548,0.0000,0.0000,0.0000,0.0000
input,548,0.0010,-0.1142,-0.6521,0.0667
target,548,-0.6018,-0.7576,2.1575,-3.8443
pos,549,-0.6592,-0.7448,2.1491,-0.4255
input,549,0.0009,-0.1319,-0.6391,0.0654
target,549,-0.6005,-0.7585,2.1577,-3.8448
pos,550,-0.6591,-0.7441,2.1499,-0.4108
input,550,0.0009,-0.1492,-0.6263,0.0641
target,550,-0.6064,-0.7585,2.1577,-3.8451
pos,551,-0.6618,-0.7431,2.1486,-0.4342
input,551,0.0009,-0.1663,-0.6137,0.0628
target,551,-0.6111,-0.7585,2.1577,-3.8452
pos,552,-0.6462,-0.7559,2.1279,1.8701
input,552,0.0009,-0.1829,-0.6015,0.0616
target,552,-0.6154,-0.7586,2.1577,-3.8452
pos,553,-0.6524,-0.7616,2.1341,1.7240
input,553,0.0009,-0.1993,-0.5894,0.0603
target,553,-0.6166,-0.7607,2.1557,-3.8450
pos,554,-0.6546,-0.7595,2.1334,1.7309
input,554,0.0008,-0.2153,-0.5777,0.0591
target,554,-0.6182,-0.7635,2.1544,-3.8446
pos,555,-0.6554,-0.7588,2.1336,1.7393
input,555,0.0008,-0.2310,-0.5661,0.0579
target,555,-0.6196,-0.7658,2.1531,-3.8441
pos,556,-0.6663,-0.7386,2.1460,-0.5303
input,556,0.0008,-0.2464,-0.5548,0.0568
target,556,-0.6207,-0.7679,2.1520,-3.8435
pos,557,-0.6671,-0.7376,2.1460,-0.5298
input,557,0.0008,-0.2614,-0.5437,0.0556
target,557,-0.6229,-0.7671,2.1522,-3.8427
pos,558,-0.6689,-0.7348,2.1463,-0.4936
input,558,0.0008,-0.2762,-0.5328,0.0545
target,558,-0.6246,-0.7664,2.1523,-3.8419
pos,559,-0.6700,-0.7334,2.1458,-0.5010
input,559,0.0008,-0.2907,-0.5222,0.0534
target,559,-0.6262,-0.7656,2.1524,-3.8408
pos,560,-0.6625,-0.7521,2.1328,1.7237
input,560,0.0007,-0.3049,-0.5117,0.0524
target,560,-0.6274,-0.7649,2.1524,-3.8398
pos,561,-0.6635,-0.7506,2.1331,1.7270
input,561,0.0007,-0.3188,-0.5015,0.0513
target,561,-0.6271,-0.7671,2.1513,-3.8386
pos,562,-0.6642,-0.7501,2.1329,1.7232
input,562,0.0007,-0.3324,-0.4914,0.0503
target,562,-0.6269,-0.7689,2.1502,-3.8374
pos,563,-0.6662,-0.7487,2.1322,1.7258
input,563,0.0007,-0.3457,-0.4816,0.0493
target,563,-0.6265,-0.7706,2.1492,-3.8361
pos,564,-0.6672,-0.7476,2.1315,1.7182
input,564,0.0007,-0.3588,-0.4720,0.0483
target,564,-0.6262,-0.7720,2.1482,-3.8347
pos,565,-0.6680,-0.7472,2.1314,1.7254
input,565,0.0007,-0.3717,-0.4625,0.0473
target,565,-0.6259,-0.7732,2.1472,-3.8332
pos,566,-0.6666,-0.7380,2.1205,1.6785
input,566,0.0007,-0.3842,-0.4533,0.0464
target,566,-0.6255,-0.7744,2.1463,-3.8317
pos,567,-0.6684,-0.7378,2.1198,1.6110
input,567,0.0006,-0.3965,-0.4442,0.0455
target,567,-0.6248,-0.7742,2.1445,-3.8300
pos,568,-0.6723,-0.7447,2.1318,1.6177
input,568,0.0006,-0.4086,-0.4353,0.0446
target,568,-0.6242,-0.7742,2.1427,-3.8283
pos,569,-0.6736,-0.7430,2.1229,1.6107
input,569,0.0006,-0.4204,-0.4266,0.0437
target,569,-0.6240,-0.7753,2.1422,-3.8265
pos,570,0.0000,0.0000,0.0000,0.0000
input,570,0.0006,-0.4320,-0.4181,0.0428
target,570,-0.6239,-0.7761,2.1410,-3.8246
pos,571,-0.6626,-0.7379,2.1264,3.1209
input,571,0.0006,-0.4434,-0.4097,0.0419
target,571,-0.6235,-0.7769,2.1398,-3.8227
pos,572,0.0000,0.0000,0.0000,0.0000
input,572,0.0006,-0.4545,-0.4015,0.0411
target,572,-0.6212,-0.7766,2.1390,-3.8074
pos,573,0.0000,0.0000,0.0000,0.0000
input,573,0.0006,-0.4654,-0.3935,0.0403
target,573,-0.6189,-0.7763,2.1384,-3.7930
pos,574,-0.6861,-0.7534,2.1153,2.8485
input,574,0.0006,-0.4761,-0.3856,0.0395
target,574,-0.6167,-0.7762,2.1377,-3.7789
pos,575,-0.6872,-0.7540,2.1150,2.8679
input,575,0.0006,-0.4866,-0.3779,0.0387
target,575,-0.6179,-0.7782,2.1361,-3.7655
pos,576,-0.6951,-0.7326,2.1336,0.0611
input,576,0.0005,-0.4969,-0.3704,0.0379
target,576,-0.6188,-0.7800,2.1346,-3.7524
pos,577,-0.6948,-0.7344,2.1335,0.0299
input,577,0.0005,-0.5069,-0.3630,0.0371
target,577,-0.6204,-0.7786,2.1350,-3.7396
pos,578,-0.6971,-0.7360,2.1318,0.0807
input,578,0.0005,-0.5168,-0.3557,0.0364
target,578,-0.6215,-0.7777,2.1353,-3.7277
pos,579,0.0000,0.0000,0.0000,0.0000
input,579,0.0005,-0.5265,-0.3486,0.0357
target,579,-0.6226,-0.7771,2.1354,-3.7148
pos,580,-0.6766,-0.7382,2.1064,1.4804
input,580,0.0005,-0.5359,-0.3416,0.0350
target,580,-0.6232,-0.7766,2.1355,-3.7036
pos,581,-0.6883,-0.7588,2.1157,1.4761
input,581,0.0005,-0.5452,-0.3348,0.0343
target,581,-0.6208,-0.7764,2.1332,-3.6920
pos,582,0.0000,0.0000,0.0000,0.0000
input,582,0.0005,-0.5543,-0.3281,0.0336
target,582,-0.6200,-0.7792,2.1320,-3.6809
pos,583,-0.6758,-0.7491,2.1014,1.7259
input,583,0.0005,-0.5632,-0.3215,0.0329
target,583,-0.6192,-0.7815,2.1309,-3.6700
pos,584,-0.6766,-0.7529,2.1003,1.7255
input,584,0.0005,-0.5719,-0.3151,0.0322
target,584,-0.6165,-0.7821,2.1286,-3.6592
pos,585,-0.6768,-0.7568,2.0984,1.7159
input,585,0.0005,-0.5805,-0.3088,0.0316
target,585,-0.6142,-0.7832,2.1263,-3.6488
pos,586,-0.6774,-0.7590,2.0982,1.6906
input,586,0.0004,-0.5889,-0.3026,0.0310
target,586,-0.6119,-0.7846,2.1241,-3.6386
pos,587,-0.6794,-0.7680,2.0961,1.7498
input,587,0.0004,-0.5971,-0.2966,0.0303
target,587,-0.6099,-0.7861,2.1220,-3.6287
pos,588,-0.6993,-0.7872,2.1161,1.1055
input,588,0.0004,-0.6052,-0.2906,0.0297
target,588,-0.6082,-0.7887,2.1199,-3.6191
pos,589,-0.6832,-0.7998,2.1197,-1.1447
input,589,0.0004,-0.6131,-0.2848,0.0291
target,589,-0.6094,-0.7935,2.1199,-3.6100
pos,590,-0.6844,-0.8100,2.1181,-1.1372
input,590,0.0004,-0.6208,-0.2791,0.0286
target,590,-0.6080,-0.7994,2.1203,-3.6012
pos,591,-0.6871,-0.8171,2.1171,-1.0651
input,591,0.0004,-0.6284,-0.2735,0.0280
target,591,-0.6068,-0.8059,2.1204,-3.5926
pos,592,-0.6876,-0.8211,2.1166,-1.0660
input,592,0.0004,-0.6158,-0.2681,0.0274
target,592,-0.6059,-0.8124,2.1205,-3.5842
pos,593,-0.7012,-0.8264,2.1023,1.4232
input,593,0.0004,-0.6035,-0.2627,0.0269
target,593,-0.6054,-0.8184,2.1205,-3.5761
pos,594,-0.7026,-0.8304,2.0972,1.4015
input,594,0.0004,-0.5914,-0.2575,0.0263
target,594,-0.6071,-0.8241,2.1191,-3.5681
pos,595,-0.7034,-0.8428,2.0954,1.4091
input,595,0.0004,-0.5796,-0.2523,0.0258
target,595,-0.6090,-0.8293,2.1174,-3.5603
pos,596,-0.7055,-0.8486,2.0947,1.3915
input,596,0.0004,-0.5680,-0.2473,0.0253
target,596,-0.6109,-0.8355,2.1156,-3.5527
pos,597,-0.7070,-0.8649,2.0962,1.3729
input,597,0.0004,-0.5567,-0.2423,0.0248
target,597,-0.6130,-0.8414,2.1140,-3.5453
pos,598,-0.7086,-0.8753,2.0948,1.3764
input,598,0.0003,-0.5455,-0.2375,0.0243
target,598,-0.6152,-0.8486,2.1126,-3.5382
pos,599,-0.7103,-0.8871,2.0929,1.4060
input,599,0.0003,-0.5346,-0.2327,0.0238
target,599,-0.6176,-0.8561,2.1112,-3.5312
pos,600,-0.7118,-0.8924,2.0924,1.3639
input,600,0.0003,-0.5239,-0.2281,0.0233
target,600,-0.6200,-0.8640,2.1098,-3.5244
pos,601,-0.7135,-0.9039,2.0910,1.3653
input,601,0.0003,-0.5134,-0.2235,0.0229
target,601,-0.6225,-0.8715,2.1085,-3.5179
pos,602,-0.7154,-0.9162,2.0897,1.3493
input,602,0.0003,-0.5032,-0.2190,0.0224
target,602,-0.6251,-0.8795,2.1071,-3.5116
pos,603,-0.7187,-0.9350,2.0875,1.3575
input,603,0.0003,-0.4931,-0.2147,0.0220
target,603,-0.6278,-0.8879,2.1057,-3.5055
pos,604,-0.7212,-0.9489,2.0855,1.3506
input,604,0.0003,-0.4833,-0.2104,0.0215
target,604,-0.6307,-0.8976,2.1043,-3.4995
pos,605,-0.7236,-0.9628,2.0840,1.3463
input,605,0.0003,-0.4736,-0.2062,0.0211
target,605,-0.6338,-0.9078,2.1028,-3.4937
pos,606,-0.7262,-0.9767,2.0823,1.3430
input,606,0.0003,-0.4641,-0.2020,0.0207
target,606,-0.6369,-0.9185,2.1013,-3.4880
pos,607,-0.7284,-0.9911,2.0806,1.3595
input,607,0.0003,-0.4548,-0.1980,0.0203
target,607,-0.6401,-0.9295,2.0997,-3.4824
pos,608,-0.7314,-1.0057,2.0794,1.3354
input,608,0.0003,-0.4457,-0.1940,0.0199
target,608,-0.6434,-0.9408,2.0982,-3.4769
pos,609,-0.7348,-1.0213,2.0783,1.3271
input,609,0.0003,-0.4368,-0.1902,0.0195
target,609,-0.6467,-0.9526,2.0966,-3.4715
pos,610,-0.7373,-1.0367,2.0767,1.3265
input,610,0.0003,-0.4281,-0.1863,0.0191
target,610,-0.6455,-0.9630,2.0959,-3.5042
pos,611,-0.7409,-1.0530,2.0754,1.3079
input,611,0.0003,-0.4195,-0.1826,0.0187
target,611,-0.6457,-0.9747,2.0950,-3.5382
pos,612,-0.7443,-1.0699,2.0733,1.3110
input,612,0.0003,-0.4111,-0.1990,0.0183
target,612,-0.6470,-0.9875,2.0940,-3.5731
pos,613,-0.7475,-1.0862,2.0718,1.3126
input,613,0.0003,-0.4029,-0.2150,0.0179
target,613,-0.6496,-1.0014,2.0928,-3.6093
pos,614,-0.7508,-1.1030,2.0703,1.3126
input,614,0.0003,-0.3949,-0.2307,0.0176
target,614,-0.6531,-1.0162,2.0916,-3.6466
pos,615,-0.7551,-1.1209,2.0685,1.3013
input,615,0.0002,-0.3870,-0.2461,0.0172
target,615,-0.6575,-1.0318,2.0903,-3.6852
pos,616,-0.7582,-1.1374,2.0663,1.2830
input,616,0.0002,-0.3792,-0.2612,0.0169
target,616,-0.6627,-1.0481,2.0888,-3.7248
pos,617,-0.7598,-1.1464,2.0659,1.3015
input,617,0.0002,-0.3716,-0.2759,0.0166
target,617,-0.6685,-1.0650,2.0872,-3.7666
pos,618,-0.7658,-1.1741,2.0629,1.2808
input,618,0.0002,-0.3642,-0.2904,0.0162
target,618,-0.6745,-1.0815,2.0856,-3.8086
pos,619,-0.7674,-1.1819,2.0622,1.2959
input,619,0.0002,-0.3569,-0.3046,0.0159
target,619,-0.6808,-1.0992,2.0839,-3.8501
pos,620,-0.7734,-1.2089,2.0593,1.2894
input,620,0.0002,-0.3498,-0.3185,0.0156
target,620,-0.6880,-1.1168,2.0821,-3.8955
pos,621,-0.7750,-1.2177,2.0583,1.2906
input,621,0.0002,-0.3428,-0.3321,0.0153
target,621,-0.6950,-1.1353,2.0802,-3.9384
pos,622,-0.7815,-1.2450,2.0552,1.2760
input,622,0.0002,-0.3359,-0.3455,0.0150
target,622,-0.7028,-1.1536,2.0782,-3.9861
pos,623,-0.7815,-1.2450,2.0552,1.2760
input,623,0.0002,-0.3292,-0.3586,0.0147
target,623,-0.7105,-1.1729,2.0761,-4.0325
pos,624,-0.7897,-1.2795,2.0496,1.3046
input,624,0.0002,-0.3226,-0.3714,0.0144
target,624,-0.7180,-1.1901,2.0741,-4.0798
pos,625,-0.7935,-1.2967,2.0472,1.2403
input,625,0.0002,-0.3162,-0.3840,0.0141
target,625,-0.7265,-1.2102,2.0717,-4.1285
pos,626,-0.7982,-1.3151,2.0447,1.2275
input,626,0.0002,-0.3098,-0.3963,0.0138
target,626,-0.7342,-1.2294,2.0693,-4.1760
pos,627,-0.8005,-1.3245,2.0435,1.2261
input,627,0.0002,-0.3037,-0.4084,0.0135
target,627,-0.7418,-1.2485,2.0669,-4.2235
pos,628,-0.8071,-1.3514,2.0397,1.2093
input,628,0.0002,-0.2976,-0.4202,0.0133
target,628,-0.7484,-1.2659,2.0647,-4.2658
pos,629,-0.8122,-1.3719,2.0381,1.2121
input,629,0.0002,-0.2916,-0.4318,0.0130
target,629,-0.7548,-1.2840,2.0625,-4.3050
pos,630,-0.8145,-1.3809,2.0367,1.2020
input,630,0.0002,-0.2858,-0.4432,0.0127
target,630,-0.7612,-1.3024,2.0603,-4.3422
pos,631,-0.8208,-1.4085,2.0337,1.2086
input,631,0.0002,-0.2801,-0.4543,0.0125
target,631,-0.7672,-1.3194,2.0582,-4.3778
pos,632,-0.8239,-1.4177,2.0323,1.2017
input,632,0.0002,-0.2745,-0.4652,0.0122
target,632,-0.7734,-1.3377,2.0560,-4.4122
pos,633,-0.8301,-1.4442,2.0284,1.1884
input,633,0.0002,-0.2690,-0.4759,0.0120
target,633,-0.7793,-1.3547,2.0540,-4.4456
pos,634,-0.8346,-1.4617,2.0260,1.1802
input,634,0.0002,-0.2636,-0.4864,0.0117
target,634,-0.7855,-1.3729,2.0517,-4.4784
pos,635,-0.8372,-1.4704,2.0248,1.1716
input,635,0.0002,-0.2583,-0.4967,0.0115
target,635,-0.7915,-1.3908,2.0494,-4.5096
pos,636,-0.8439,-1.4963,2.0204,1.1624
input,636,0.0002,-0.2532,-0.5067,0.0113
target,636,-0.7973,-1.4075,2.0472,-4.5410
pos,637,-0.8467,-1.5055,2.0193,1.1515
input,637,0.0002,-0.2481,-0.5166,0.0111
target,637,-0.8033,-1.4253,2.0448,-4.5719
pos,638,-0.8526,-1.5272,2.0141,1.1312
input,638,0.0002,-0.2431,-0.5263,0.0108
target,638,-0.8091,-1.4418,2.0425,-4.6029
pos,639,-0.8574,-1.5459,2.0120,1.1558
input,639,0.0002,-0.2383,-0.5357,0.0106
target,639,-0.8150,-1.4590,2.0400,-4.6317
pos,640,-0.8633,-1.5642,2.0094,1.1243
input,640,0.0001,-0.2335,-0.5450,0.0104
target,640,-0.8207,-1.4761,2.0375,-4.6585
pos,641,-0.8672,-1.5803,2.0066,1.1140
input,641,0.0001,-0.2288,-0.5541,0.0102
target,641,-0.8267,-1.4934,2.0350,-4.6860
pos,642,-0.8704,-1.5891,2.0052,1.1014
input,642,0.0001,-0.2243,-0.5631,0.0100
target,642,-0.8325,-1.5104,2.0324,-4.7133
pos,643,-0.8780,-1.6138,2.0014,1.0797
input,643,0.0001,-0.2198,-0.5718,0.0098
target,643,-0.8380,-1.5262,2.0300,-4.7402
pos,644,-0.8818,-1.6273,1.9974,1.1197
input,644,0.0001,-0.2154,-0.5804,0.0096
target,644,-0.8439,-1.5431,2.0274,-4.7671
pos,645,-0.8866,-1.6426,1.9947,1.1098
input,645,0.0001,-0.2111,-0.5887,0.0094
target,645,-0.8496,-1.5594,2.0247,-4.7919
pos,646,-0.8917,-1.6579,1.9923,1.0984
input,646,0.0001,-0.2069,-0.5970,0.0092
target,646,-0.8553,-1.5755,2.0220,-4.8163
pos,647,-0.8939,-1.6685,1.9920,1.0143
input,647,0.0001,-0.2027,-0.6050,0.0090
target,647,-0.8609,-1.5913,2.0193,-4.8405
pos,648,-0.9011,-1.6908,1.9878,0.9966
input,648,0.0001,-0.1987,-0.6129,0.0089
target,648,-0.8662,-1.6064,2.0168,-4.8668
pos,649,-0.9042,-1.7034,1.9820,1.0481
input,649,0.0001,-0.1947,-0.6207,0.0087
target,649,-0.8719,-1.6223,2.0142,-4.8930
pos,650,-0.9093,-1.7185,1.9801,1.0257
input,650,0.0001,-0.1908,-0.6283,0.0085
target,650,-0.8772,-1.6377,2.0112,-4.9168
pos,651,-0.9156,-1.7342,1.9798,0.9560
input,651,0.0001,-0.1870,-0.6357,0.0083
target,651,-0.8826,-1.6529,2.0084,-4.9406
pos,652,-0.9167,-1.7398,1.9753,1.0009
input,652,0.0001,-0.1832,-0.6430,0.0082
target,652,-0.8882,-1.6681,2.0058,-4.9661
pos,653,-0.9237,-1.7605,1.9711,0.9836
input,653,0.0001,-0.1796,-0.6501,0.0080
target,653,-0.8932,-1.6818,2.0030,-4.9895
pos,654,-0.9283,-1.7732,1.9688,0.9873
input,654,0.0001,-0.1760,-0.6571,0.0078
target,654,-0.8985,-1.6965,2.0001,-5.0127
pos,655,-0.9333,-1.7876,1.9658,0.9464
input,655,0.0001,-0.1725,-0.6440,0.0077
target,655,-0.9038,-1.7107,1.9972,-5.0351
pos,656,-0.9378,-1.8006,1.9632,0.9328
input,656,0.0001,-0.1690,-0.6311,0.0075
target,656,-0.9090,-1.7249,1.9944,-5.0578
pos,657,-0.9421,-1.8129,1.9614,0.9343
input,657,0.0001,-0.1656,-0.6185,0.0074
target,657,-0.9143,-1.7388,1.9915,-5.0800
pos,658,-0.9469,-1.8255,1.9585,0.9175
input,658,0.0001,-0.1623,-0.6061,0.0072
target,658,-0.9194,-1.7524,1.9888,-5.1010
pos,659,-0.9514,-1.8378,1.9561,0.9022
input,659,0.0001,-0.1591,-0.5940,0.0071
target,659,-0.9245,-1.7658,1.9860,-5.1217
pos,660,-0.9562,-1.8506,1.9536,0.8755
input,660,0.0001,-0.1559,-0.5821,0.0069
target,660,-0.9296,-1.7790,1.9832,-5.1419
pos,661,-0.9625,-1.8652,1.9576,0.8055
input,661,0.0001,-0.1528,-0.5705,0.0068
target,661,-0.9346,-1.7919,1.9805,-5.1621
pos,662,-0.9655,-1.8751,1.9476,0.8206
input,662,0.0001,-0.1497,-0.5591,0.0067
target,662,-0.9399,-1.8051,1.9784,-5.1837
pos,663,-0.9706,-1.8858,1.9449,0.7418
input,663,0.0001,-0.1467,-0.5479,0.0065
target,663,-0.9449,-1.8177,1.9756,-5.2040
pos,664,-0.9746,-1.8990,1.9439,0.7613
input,664,0.0001,-0.1438,-0.5369,0.0064
target,664,-0.9499,-1.8299,1.9728,-5.2260
pos,665,-0.9786,-1.9098,1.9407,0.7549
input,665,0.0001,-0.1409,-0.5262,0.0063
target,665,-0.9548,-1.8422,1.9701,-5.2464
pos,666,-0.9807,-1.9151,1.9394,0.7416
input,666,0.0001,-0.1381,-0.5157,0.0062
target,666,-0.9596,-1.8542,1.9674,-5.2661
pos,667,-0.9876,-1.9308,1.9354,0.7161
input,667,0.0001,-0.1353,-0.5053,0.0060
target,667,-0.9641,-1.8652,1.9649,-5.2853
pos,668,-0.9897,-1.9359,1.9337,0.7158
input,668,0.0001,-0.1326,-0.4952,0.0059
target,668,-0.9689,-1.8767,1.9622,-5.3045
pos,669,-0.9967,-1.9530,1.9315,0.6376
input,669,0.0001,-0.1300,-0.4853,0.0058
target,669,-0.9733,-1.8873,1.9595,-5.3229
pos,670,-1.0012,-1.9618,1.9280,0.6290
input,670,0.0001,-0.1274,-0.4756,0.0057
target,670,-0.9781,-1.8987,1.9570,-5.3431
pos,671,-1.0054,-1.9728,1.9253,0.6449
input,671,0.0001,-0.1248,-0.4661,0.0056
target,671,-0.9829,-1.9097,1.9543,-5.3628
pos,672,-1.0101,-1.9827,1.9233,0.6538
input,672,0.0001,-0.1223,-0.4568,0.0054
target,672,-0.9875,-1.9206,1.9516,-5.3811
pos,673,-1.0144,-1.9863,1.9177,0.6073
input,673,0.0001,-0.1199,-0.4477,0.0053
target,673,-0.9922,-1.9313,1.9490,-5.3981
pos,674,-1.0177,-1.9955,1.9141,0.5792
input,674,0.0001,-0.1175,-0.4387,0.0052
target,674,-0.9969,-1.9410,1.9461,-5.4161
pos,675,-1.0197,-1.9992,1.9127,0.5802
input,675,0.0001,-0.1151,-0.4299,0.0051
target,675,-1.0013,-1.9505,1.9432,-5.4342
pos,676,-1.0241,-2.0126,1.9109,0.5987
input,676,0.0001,-0.1328,-0.4213,0.0050
target,676,-1.0054,-1.9591,1.9403,-5.4515
pos,677,-1.0295,-2.0250,1.9040,0.5791
input,677,0.0001,-0.1502,-0.4129,0.0049
target,677,-1.0098,-1.9686,1.9376,-5.4673
pos,678,-1.0317,-2.0250,1.9030,0.5352
input,678,0.0001,-0.1672,-0.4046,0.0048
target,678,-1.0147,-1.9788,1.9345,-5.4830
pos,679,-1.0356,-2.0353,1.9008,0.5160
input,679,0.0001,-0.1838,-0.3965,0.0047
target,679,-1.0194,-1.9878,1.9316,-5.4996
pos,680,-1.0410,-2.0450,1.8974,0.4780
input,680,0.0001,-0.2002,-0.3886,0.0046
target,680,-1.0243,-1.9972,1.9287,-5.5161
pos,681,-1.0410,-2.0450,1.8974,0.4780
input,681,0.0001,-0.2162,-0.3808,0.0045
target,681,-1.0296,-2.0067,1.9258,-5.5331
pos,682,-1.0433,-2.0490,1.8960,0.4943
input,682,0.0001,-0.2318,-0.3732,0.0045
target,682,-1.0345,-2.0152,1.9232,-5.5494
pos,683,-1.0523,-2.0676,1.8876,0.4712
input,683,0.0001,-0.2472,-0.3658,0.0044
target,683,-1.0392,-2.0231,1.9207,-5.5645
pos,684,-1.0555,-2.0743,1.8842,0.4620
input,684,0.0001,-0.2622,-0.3584,0.0043
target,684,-1.0449,-2.0327,1.9176,-5.5796
pos,685,-1.0592,-2.0809,1.8812,0.4519
input,685,0.0001,-0.2770,-0.3513,0.0042
target,685,-1.0505,-2.0420,1.9145,-5.5943
pos,686,-1.0624,-2.0877,1.8783,0.4547
input,686,0.0001,-0.2915,-0.3443,0.0041
target,686,-1.0561,-2.0511,1.9114,-5.6087
pos,687,-1.0624,-2.0877,1.8783,0.4547
input,687,0.0001,-0.3056,-0.3374,0.0040
target,687,-1.0617,-2.0600,1.9084,-5.6224
pos,688,-1.0689,-2.0993,1.8725,0.4312
input,688,0.0001,-0.3195,-0.3306,0.0039
target,688,-1.0668,-2.0677,1.9056,-5.6355
pos,689,-1.0723,-2.1054,1.8697,0.4213
input,689,0.0001,-0.3331,-0.3240,0.0039
target,689,-1.0724,-2.0761,1.9025,-5.6488
pos,690,-1.0745,-2.1095,1.8626,0.4098
input,690,0.0001,-0.3465,-0.3175,0.0038
target,690,-1.0779,-2.0843,1.8994,-5.6619
pos,691,-1.0774,-2.1169,1.8611,0.4870
input,691,0.0001,-0.3595,-0.3112,0.0037
target,691,-1.0833,-2.0919,1.8960,-5.6747
pos,692,-1.0808,-2.1227,1.8600,0.4773
input,692,0.0001,-0.3723,-0.3050,0.0036
target,692,-1.0885,-2.0997,1.8928,-5.6845
pos,693,-1.0842,-2.1281,1.8586,0.4718
input,693,0.0001,-0.3849,-0.2989,0.0036
target,693,-1.0937,-2.1073,1.8897,-5.6939
pos,694,-1.0860,-2.1307,1.8587,0.4606
input,694,0.0000,-0.3972,-0.2929,0.0035
target,694,-1.0990,-2.1147,1.8868,-5.7032
pos,695,-1.0906,-2.1383,1.8557,0.4707
input,695,0.0000,-0.4093,-0.2870,0.0034
target,695,-1.1040,-2.1214,1.8842,-5.7124
pos,696,-1.0942,-2.1435,1.8551,0.4585
input,696,0.0000,-0.4211,-0.2813,0.0034
target,696,-1.1092,-2.1284,1.8815,-5.7209
pos,697,-1.0978,-2.1484,1.8543,0.4507
input,697,0.0000,-0.4327,-0.2757,0.0033
target,697,-1.1144,-2.1352,1.8791,-5.7294
pos,698,-1.0995,-2.1508,1.8541,0.4470
input,698,0.0000,-0.4240,-0.2701,0.0032
target,698,-1.1197,-2.1418,1.8768,-5.7377
pos,699,-1.1047,-2.1579,1.8528,0.4510
input,699,0.0000,-0.4155,-0.2647,0.0032
target,699,-1.1243,-2.1477,1.8747,-5.7458
pos,700,-1.1086,-2.1627,1.8525,0.4488
input,700,0.0000,-0.4072,-0.2594,0.0031
target,700,-1.1289,-2.1535,1.8727,-5.7534
pos,701,-1.1129,-2.1674,1.8526,0.4332
input,701,0.0000,-0.3991,-0.2543,0.0030
target,701,-1.1332,-2.1591,1.8708,-5.7607
pos,702,-1.1170,-2.1721,1.8527,0.4319
input,702,0.0000,-0.3911,-0.2492,0.0030
target,702,-1.1375,-2.1645,1.8691,-5.7683
pos,703,-1.1213,-2.1767,1.8529,0.4362
input,703,0.0000,-0.3833,-0.2442,0.0029
target,703,-1.1416,-2.1696,1.8676,-5.7755
pos,704,-1.1234,-2.1788,1.8530,0.4260
input,704,0.0000,-0.3756,-0.2393,0.0029
target,704,-1.1456,-2.1745,1.8662,-5.7822
pos,705,-1.1302,-2.1859,1.8536,0.4270
input,705,0.0000,-0.3681,-0.2345,0.0028
target,705,-1.1492,-2.1789,1.8650,-5.7891
pos,706,-1.1354,-2.1903,1.8541,0.4194
input,706,0.0000,-0.3607,-0.2298,0.0027
target,706,-1.1532,-2.1835,1.8640,-5.7955
pos,707,-1.1405,-2.1952,1.8550,0.4157
input,707,0.0000,-0.3535,-0.2252,0.0027
target,707,-1.1572,-2.1880,1.8631,-5.8020
pos,708,-1.1428,-2.2027,1.8520,0.4272
input,708,0.0000,-0.3464,-0.2207,0.0026
target,708,-1.1613,-2.1925,1.8624,-5.8082
pos,709,-1.1454,-2.2052,1.8525,0.4347
input,709,0.0000,-0.3395,-0.2163,0.0026
target,709,-1.1650,-2.1973,1.8614,-5.8138
pos,710,-1.1581,-2.2095,1.8586,0.3666
input,710,0.0000,-0.3327,-0.2120,0.0025
target,710,-1.1684,-2.2017,1.8606,-5.8189
pos,711,-1.1642,-2.2136,1.8596,0.3689
input,711,0.0000,-0.3261,-0.2077,0.0025
target,711,-1.1730,-2.2059,1.8604,-5.8259
pos,712,-1.1674,-2.2149,1.8602,0.3693
input,712,0.0000,-0.3195,-0.2036,0.0024
target,712,-1.1778,-2.2100,1.8604,-5.8327
pos,713,-1.1769,-2.2223,1.8603,0.3540
input,713,0.0000,-0.3132,-0.1995,0.0024
target,713,-1.1822,-2.2136,1.8604,-5.8391
pos,714,-1.1837,-2.2268,1.8607,0.3480
input,714,0.0000,-0.3069,-0.1955,0.0023
target,714,-1.1872,-2.2176,1.8604,-5.8458
pos,715,-1.1907,-2.2319,1.8600,0.3394
input,715,0.0000,-0.3008,-0.1916,0.0023
target,715,-1.1924,-2.2217,1.8605,-5.8524
pos,716,-1.1978,-2.2363,1.8601,0.3404
input,716,0.0000,-0.2947,-0.1878,0.0022
target,716,-1.1977,-2.2257,1.8605,-5.8590
pos,717,-1.2012,-2.2385,1.8604,0.3434
input,717,0.0000,-0.2888,-0.1840,0.0022
target,717,-1.2032,-2.2298,1.8605,-5.8652
pos,718,-1.2127,-2.2454,1.8613,0.3321
input,718,0.0000,-0.2831,-0.1803,0.0022
target,718,-1.2083,-2.2335,1.8605,-5.8711
pos,719,-1.2206,-2.2493,1.8624,0.3391
input,719,0.0000,-0.2774,-0.1767,0.0021
target,719,-1.2142,-2.2375,1.8606,-5.8772
pos,720,-1.2241,-2.2520,1.8619,0.3318
input,720,0.0000,-0.2719,-0.1732,0.0021
target,720,-1.2202,-2.2415,1.8608,-5.8827
pos,721,-1.2362,-2.2586,1.8623,0.3229
input,721,0.0000,-0.2664,-0.1697,0.0020
target,721,-1.2259,-2.2453,1.8610,-5.8883
pos,722,-1.2405,-2.2604,1.8635,0.3366
input,722,0.0000,-0.2611,-0.1663,0.0020
target,722,-1.2323,-2.2493,1.8611,-5.8939
pos,723,-1.2525,-2.2674,1.8629,0.3191
input,723,0.0000,-0.2559,-0.1630,0.0019
target,723,-1.2383,-2.2530,1.8614,-5.8988
pos,724,-1.2610,-2.2718,1.8630,0.3157
input,724,0.0000,-0.2508,-0.1598,0.0019
target,724,-1.2451,-2.2571,1.8616,-5.9041
pos,725,-1.2695,-2.2761,1.8629,0.3082
input,725,0.0000,-0.2457,-0.1566,0.0019
target,725,-1.2520,-2.2611,1.8617,-5.9093
pos,726,-1.2782,-2.2800,1.8635,0.3144
input,726,0.0000,-0.2408,-0.1534,0.0018
target,726,-1.2591,-2.2651,1.8619,-5.9144
pos,727,-1.2825,-2.2823,1.8629,0.3094
input,727,0.0000,-0.2360,-0.1504,0.0018
target,727,-1.2663,-2.2691,1.8621,-5.9192
pos,728,-1.2910,-2.2869,1.8626,0.3092
input,728,0.0000,-0.2313,-0.1474,0.0018
target,728,-1.2730,-2.2728,1.8622,-5.9239
pos,729,-1.2998,-2.2912,1.8627,0.3085
input,729,0.0000,-0.2267,-0.1444,0.0017
target,729,-1.2799,-2.2765,1.8622,-5.9284
pos,730,-1.3132,-2.2965,1.8624,0.3051
input,730,0.0000,-0.2221,-0.1415,0.0017
target,730,-1.2870,-2.2803,1.8623,-5.9327
pos,731,-1.3175,-2.2994,1.8621,0.2973
input,731,0.0000,-0.2177,-0.1387,0.0017
target,731,-1.2948,-2.2842,1.8624,-5.9370
pos,732,-1.3312,-2.3053,1.8616,0.3036
input,732,0.0000,-0.2133,-0.1359,0.0016
target,732,-1.3021,-2.2880,1.8624,-5.9412
pos,733,-1.3399,-2.3095,1.8611,0.2934
input,733,0.0000,-0.2091,-0.1332,0.0016
target,733,-1.3102,-2.2920,1.8623,-5.9452
pos,734,-1.3445,-2.3118,1.8609,0.2889
input,734,0.0000,-0.2049,-0.1305,0.0016
target,734,-1.3183,-2.2959,1.8622,-5.9492
pos,735,-1.3581,-2.3179,1.8602,0.2854
input,735,0.0000,-0.2008,-0.1279,0.0015
target,735,-1.3259,-2.2997,1.8621,-5.9532
pos,736,-1.3672,-2.3217,1.8598,0.2911
input,736,0.0000,-0.1968,-0.1254,0.0015
target,736,-1.3342,-2.3037,1.8620,-5.9572
pos,737,-1.3758,-2.3252,1.8594,0.2819
input,737,0.0000,-0.1928,-0.1229,0.0015
target,737,-1.3425,-2.3076,1.8618,-5.9608
pos,738,-1.3850,-2.3293,1.8589,0.2894
input,738,0.0000,-0.1890,-0.1204,0.0014
target,738,-1.3508,-2.3114,1.8616,-5.9645
pos,739,-1.3895,-2.3313,1.8586,0.2779
input,739,0.0000,-0.1852,-0.1180,0.0014
target,739,-1.3592,-2.3153,1.8614,-5.9678
pos,740,-1.3987,-2.3352,1.8580,0.2836
input,740,0.0000,-0.1815,-0.1156,0.0014
target,740,-1.3670,-2.3188,1.8611,-5.9713
pos,741,-1.4123,-2.3410,1.8573,0.2810
input,741,0.0000,-0.1779,-0.1133,0.0014
target,741,-1.3749,-2.3223,1.8609,-5.9745
pos,742,-1.4212,-2.3447,1.8567,0.2789
input,742,0.0000,-0.1743,-0.1111,0.0013
target,742,-1.3835,-2.3262,1.8605,-5.9776
pos,743,-1.4304,-2.3486,1.8561,0.2824
input,743,0.0000,-0.1708,-0.1088,0.0013
target,743,-1.3921,-2.3300,1.8602,-5.9806
pos,744,-1.4391,-2.3521,1.8555,0.2662
input,744,0.0000,-0.1674,-0.1067,0.0013
target,744,-1.4007,-2.3337,1.8598,-5.9834
pos,745,-1.4481,-2.3558,1.8549,0.2670
input,745,0.0000,-0.1641,-0.1045,0.0012
target,745,-1.4092,-2.3374,1.8594,-5.9865
pos,746,-1.4568,-2.3594,1.8534,0.2618
input,746,0.0000,-0.1608,-0.1024,0.0012
target,746,-1.4178,-2.3411,1.8590,-5.9895
pos,747,-1.4658,-2.3630,1.8536,0.2703
input,747,0.0000,-0.1576,-0.1004,0.0012
target,747,-1.4263,-2.3447,1.8585,-5.9925
pos,748,-1.4747,-2.3663,1.8529,0.2622
input,748,0.0000,-0.1544,-0.0984,0.0012
target,748,-1.4348,-2.3483,1.8581,-5.9951
pos,749,-1.4834,-2.3697,1.8521,0.2587
input,749,0.0000,-0.1513,-0.0964,0.0012
target,749,-1.4433,-2.3519,1.8576,-5.9979
pos,750,-1.4920,-2.3731,1.8513,0.2585
input,750,0.0000,-0.1483,-0.0945,0.0011
target,750,-1.4518,-2.3554,1.8571,-6.0006
pos,751,-1.4920,-2.3731,1.8513,0.2585
input,751,0.0000,-0.1453,-0.0926,0.0011
target,751,-1.4602,-2.3588,1.8566,-6.0032
pos,752,-1.5090,-2.3799,1.8496,0.2660
input,752,0.0000,-0.1424,-0.0907,0.0011
target,752,-1.4674,-2.3618,1.8561,-6.0058
pos,753,-1.5174,-2.3828,1.8487,0.2537
input,753,0.0000,-0.1396,-0.0889,0.0011
target,753,-1.4759,-2.3652,1.8555,-6.0079
pos,754,-1.5257,-2.3860,1.8478,0.2461
input,754,0.0000,-0.1368,-0.0871,0.0010
target,754,-1.4844,-2.3686,1.8548,-6.0103
pos,755,-1.5340,-2.3888,1.8469,0.2541
input,755,0.0000,-0.1340,-0.0854,0.0010
target,755,-1.4927,-2.3719,1.8542,-6.0129
pos,756,-1.5416,-2.3921,1.8459,0.2542
input,756,0.0000,-0.1314,-0.0837,0.0010
target,756,-1.5010,-2.3751,1.8535,-6.0151
pos,757,-1.5497,-2.3950,1.8448,0.2612
input,757,0.0000,-0.1287,-0.0820,0.0010
target,757,-1.5092,-2.3783,1.8528,-6.0171
pos,758,-1.5571,-2.3982,1.8437,0.2550
input,758,0.0000,-0.1262,-0.0804,0.0010
target,758,-1.5173,-2.3815,1.8521,-6.0189
pos,759,-1.5649,-2.4008,1.8428,0.2433
input,759,0.0000,-0.1236,-0.0788,0.0209
target,759,-1.5252,-2.3846,1.8513,-6.0208
pos,760,-1.5688,-2.4026,1.8423,0.2467
input,760,0.0000,-0.1212,-0.0772,0.0405
target,760,-1.5331,-2.3877,1.8507,-6.0229
pos,761,-1.5756,-2.3982,1.8339,0.2468
input,761,0.0000,-0.1187,-0.0757,0.0597
target,761,-1.5404,-2.3905,1.8505,-6.0249
pos,762,-1.5873,-2.4087,1.8422,0.2558
input,762,0.0000,-0.1164,-0.0741,0.0785
target,762,-1.5475,-2.3924,1.8496,-6.0267
pos,763,-1.5945,-2.4112,1.8410,0.2579
input,763,0.0000,-0.1140,-0.0727,0.0969
target,763,-1.5553,-2.3954,1.8499,-6.0282
pos,764,-1.6014,-2.4139,1.8404,0.2550
input,764,0.0000,-0.1118,-0.0712,0.0950
target,764,-1.5629,-2.3983,1.8503,-6.0295
pos,765,-1.6036,-2.4089,1.8302,0.2516
input,765,0.0000,-0.1095,-0.0698,0.0931
target,765,-1.5704,-2.4012,1.8506,-6.0309
pos,766,-1.6096,-2.4104,1.8291,0.2696
input,766,0.0000,-0.1073,-0.0684,0.0912
target,766,-1.5771,-2.4030,1.8498,-6.0323
pos,767,-1.6185,-2.4157,1.8294,0.2361
input,767,0.0000,-0.1052,-0.0670,0.0894
target,767,-1.5836,-2.4047,1.8490,-6.0330
pos,768,-1.6210,-2.4166,1.8291,0.2467
input,768,0.0000,-0.1031,-0.0657,0.0876
target,768,-1.5905,-2.4069,1.8483,-6.0348
pos,769,-1.6277,-2.4191,1.8284,0.2338
input,769,0.0000,-0.1010,-0.0644,0.0859
target,769,-1.5967,-2.4089,1.8476,-6.0361
pos,770,-1.6329,-2.4199,1.8265,0.2405
input,770,0.0000,-0.0990,-0.0631,0.0842
target,770,-1.6029,-2.4110,1.8469,-6.0378
pos,771,-1.6464,-2.4280,1.8323,0.1895
input,771,0.0000,-0.0970,-0.0618,0.0825
target,771,-1.6089,-2.4128,1.8460,-6.0392
pos,772,-1.6495,-2.4284,1.8313,0.1470
input,772,0.0000,-0.0951,-0.0606,0.0808
target,772,-1.6160,-2.4155,1.8457,-6.0421
pos,773,-1.6535,-2.4487,1.8484,-0.8559
input,773,0.0000,-0.0932,-0.0594,0.0792
target,773,-1.6224,-2.4179,1.8454,-6.0464
pos,774,-1.6597,-2.4304,1.8218,0.2433
input,774,0.0000,-0.0913,-0.0582,0.0776
target,774,-1.6285,-2.4227,1.8467,-6.0504
pos,775,-1.6624,-2.4312,1.8211,0.2397
input,775,0.0000,-0.0895,-0.0570,0.0761
target,775,-1.6346,-2.4244,1.8453,-6.0513
pos,776,-1.6647,-2.4293,1.8187,0.3451
input,776,0.0000,-0.0877,-0.0559,0.0746
target,776,-1.6401,-2.4259,1.8440,-6.0522
pos,777,-1.6701,-2.4315,1.8174,0.3436
input,777,0.0000,-0.0859,-0.0548,0.0731
target,777,-1.6452,-2.4269,1.8425,-6.0497
pos,778,-1.6828,-2.4401,1.8168,0.2170
input,778,0.0000,-0.0842,-0.0537,0.0716
target,778,-1.6502,-2.4282,1.8411,-6.0471
pos,779,-1.6837,-2.4393,1.8156,0.2472
input,779,0.0000,-0.0825,-0.0526,0.0702
target,779,-1.6563,-2.4303,1.8397,-6.0487
pos,780,-1.6908,-2.4441,1.8155,0.2262
input,780,0.0000,-0.0809,-0.0515,0.0688
target,780,-1.6617,-2.4321,1.8383,-6.0493
pos,781,-1.6961,-2.4437,1.8119,0.2418
input,781,0.0000,-0.0793,-0.0505,0.0674
target,781,-1.6672,-2.4343,1.8370,-6.0506
pos,782,-1.7013,-2.4463,1.8105,0.2404
input,782,0.0000,-0.0777,-0.0495,0.0660
target,782,-1.6727,-2.4361,1.8355,-6.0513
pos,783,-1.7060,-2.4481,1.8088,0.2396
input,783,0.0000,-0.0761,-0.0485,0.0647
target,783,-1.6781,-2.4380,1.8340,-6.0520
pos,784,-1.7104,-2.4494,1.8070,0.2390
input,784,0.0000,-0.0746,-0.0475,0.0634
target,784,-1.6834,-2.4399,1.8324,-6.0526
pos,785,-1.7128,-2.4507,1.8065,0.2423
input,785,0.0000,-0.0731,-0.0466,0.0622
target,785,-1.6886,-2.4417,1.8308,-6.0533
pos,786,-1.7179,-2.4532,1.8050,0.2393
input,786,0.0000,-0.0717,-0.0457,0.0609
target,786,-1.6933,-2.4435,1.8293,-6.0538
pos,787,-1.7225,-2.4546,1.8031,0.2193
input,787,0.0000,-0.0702,-0.0447,0.0597
target,787,-1.6980,-2.4453,1.8277,-6.0544
pos,788,-1.7257,-2.4555,1.8014,0.2330
input,788,0.0000,-0.0688,-0.0438,0.0585
target,788,-1.7027,-2.4470,1.8262,-6.0556
pos,789,-1.7297,-2.4572,1.7996,0.2393
input,789,0.0000,-0.0674,-0.0430,0.0573
target,789,-1.7072,-2.4487,1.8246,-6.0562
pos,790,-1.7358,-2.4598,1.7969,0.2402
input,790,0.0000,-0.0661,-0.0421,0.0562
target,790,-1.7116,-2.4503,1.8229,-6.0567
pos,791,-1.7394,-2.4606,1.7949,0.2343
input,791,0.0000,-0.0648,-0.0413,0.0551
target,791,-1.7161,-2.4521,1.8212,-6.0571
pos,792,-1.7413,-2.4616,1.7939,0.2371
input,792,0.0000,-0.0635,-0.0404,0.0540
target,792,-1.7206,-2.4537,1.8194,-6.0576
pos,793,-1.7460,-2.4640,1.7922,0.2220
input,793,0.0000,-0.0622,-0.0396,0.0529
target,793,-1.7246,-2.4552,1.8176,-6.0580
pos,794,-1.7517,-2.4668,1.7895,0.2158
input,794,0.0000,-0.0610,-0.0388,0.0518
target,794,-1.7287,-2.4568,1.8159,-6.0589
pos,795,-1.7536,-2.4664,1.7871,0.2381
input,795,0.0000,-0.0597,-0.0381,0.0508
target,795,-1.7330,-2.4586,1.8141,-6.0600
pos,796,-1.7571,-2.4682,1.7854,0.2354
input,796,0.0000,-0.0585,-0.0373,0.0498
target,796,-1.7369,-2.4601,1.8122,-6.0603
pos,797,-1.7601,-2.4691,1.7834,0.2362
input,797,0.0000,-0.0574,-0.0366,0.0488
target,797,-1.7408,-2.4616,1.8103,-6.0606
pos,798,-1.7634,-2.4706,1.7815,0.2286
input,798,0.0000,-0.0562,-0.0358,0.0478
target,798,-1.7445,-2.4631,1.8083,-6.0609
pos,799,-1.7641,-2.4701,1.7802,0.2531
input,799,0.0000,-0.0551,-0.0351,0.0468
target,799,-1.7481,-2.4645,1.8064,-6.0614
pos,800,-1.7706,-2.4751,1.7790,0.2308
input,800,0.0000,-0.0540,-0.0344,0.0459
target,800,-1.7514,-2.4657,1.8045,-6.0610
pos,801,-1.7737,-2.4760,1.7768,0.2157
input,801,0.0000,-0.0529,-0.0337,0.0450
target,801,-1.7550,-2.4674,1.8027,-6.0614
pos,802,-1.7748,-2.4752,1.7740,0.2359
input,802,0.0000,-0.0519,-0.0330,0.0441
target,802,-1.7585,-2.4689,1.8008,-6.0622
pos,803,-1.7776,-2.4764,1.7719,0.2286
input,803,0.0000,-0.0508,-0.0324,0.0432
target,803,-1.7617,-2.4702,1.7988,-6.0623
pos,804,-1.7789,-2.4771,1.7710,0.2308
input,804,0.0000,-0.0498,-0.0317,0.0423
target,804,-1.7648,-2.4714,1.7968,-6.0627
pos,805,-1.7800,-2.4772,1.7697,0.2333
input,805,0.0000,-0.0488,-0.0311,0.0415
target,805,-1.7677,-2.4726,1.7949,-6.0629
pos,806,-1.7800,-2.4772,1.7697,0.2333
input,806,0.0000,-0.0478,-0.0305,0.0407
target,806,-1.7702,-2.4736,1.7931,-6.0632
pos,807,-1.7800,-2.4772,1.7697,0.2333
input,807,0.0000,-0.0469,-0.0299,0.0399
target,807,-1.7724,-2.4744,1.7914,-6.0635
pos,808,-1.7800,-2.4772,1.7697,0.2333
input,808,0.0000,-0.0459,-0.0293,0.0391
target,808,-1.7743,-2.4751,1.7898,-6.0636
pos,809,-1.7800,-2.4772,1.7697,0.2333
input,809,0.0000,-0.0450,-0.0287,0.0383
target,809,-1.7759,-2.4758,1.7884,-6.0638
pos,810,-1.7800,-2.4772,1.7697,0.2333
input,810,0.0000,-0.0441,-0.0281,0.0375
target,810,-1.7773,-2.4763,1.7871,-6.0639
pos,811,-1.7800,-2.4772,1.7697,0.2333
input,811,0.0000,-0.0432,-0.0276,0.0368
target,811,-1.7784,-2.4767,1.7860,-6.0640
pos,812,-1.7800,-2.4772,1.7697,0.2333
input,812,0.0000,-0.0424,-0.0270,0.0360
target,812,-1.7794,-2.4771,1.7849,-6.0641
pos,813,-1.7800,-2.4772,1.7697,0.2333
input,813,0.0000,-0.0415,-0.0265,0.0353
target,813,-1.7802,-2.4775,1.7839,-6.0641
pos,814,-1.7800,-2.4772,1.7697,0.2333
input,814,0.0000,-0.0407,-0.0259,0.0346
target,814,-1.7809,-2.4777,1.7830,-6.0642
pos,815,-1.7800,-2.4772,1.7697,0.2333
input,815,0.0000,-0.0399,-0.0254,0.0339
target,815,-1.7815,-2.4780,1.7822,-6.0643
pos,816,-1.7800,-2.4772,1.7697,0.2333
input,816,0.0000,-0.0391,-0.0249,0.0332
target,816,-1.7819,-2.4782,1.7814,-6.0643
pos,817,-1.7800,-2.4772,1.7697,0.2333
input,817,0.0000,-0.0383,-0.0244,0.0326
target,817,-1.7823,-2.4783,1.7808,-6.0643
pos,818,-1.7800,-2.4772,1.7697,0.2333
input,818,0.0000,-0.0375,-0.0239,0.0319
target,818,-1.7827,-2.4785,1.7801,-6.0643
pos,819,-1.7800,-2.4772,1.7697,0.2333
input,819,0.0000,-0.0368,-0.0234,0.0313
target,819,-1.7829,-2.4786,1.7795,-6.0643
pos,820,-1.7800,-2.4772,1.7697,0.2333
input,820,0.0000,-0.0361,-0.0230,0.0306
target,820,-1.7831,-2.4787,1.7790,-6.0643
pos,821,-1.8133,-2.4909,1.7183,0.2356
input,821,0.0000,-0.0353,-0.0225,0.0300
target,821,-1.7833,-2.4788,1.7785,-6.0643
pos,822,-1.8149,-2.4918,1.7146,0.2335
input,822,0.0000,-0.0346,-0.0221,0.0294
target,822,-1.7880,-2.4808,1.7733,-6.0642
pos,823,-1.8175,-2.4942,1.7120,0.2289
input,823,0.0000,-0.0339,-0.0216,0.0288
target,823,-1.7923,-2.4826,1.7681,-6.0642
pos,824,-1.8177,-2.4931,1.7070,0.2355
input,824,0.0000,-0.0333,-0.0212,0.0283
target,824,-1.7964,-2.4845,1.7631,-6.0643
pos,825,-1.8191,-2.4937,1.7031,0.2323
input,825,0.0000,-0.0326,-0.0208,0.0277
target,825,-1.7999,-2.4860,1.7582,-6.0642
pos,826,-1.8191,-2.4937,1.7031,0.2323
input,826,0.0000,-0.0319,-0.0203,0.0272
target,826,-1.8031,-2.4873,1.7533,-6.0641
pos,827,-1.8191,-2.4937,1.7031,0.2323
input,827,0.0000,-0.0313,-0.0199,0.0266
target,827,-1.8058,-2.4885,1.7489,-6.0641
pos,828,-1.8191,-2.4937,1.7031,0.2323
input,828,0.0000,-0.0307,-0.0195,0.0261
target,828,-1.8082,-2.4895,1.7449,-6.0641
pos,829,-1.8191,-2.4937,1.7031,0.2323
input,829,0.0000,-0.0301,-0.0192,0.0256
target,829,-1.8102,-2.4903,1.7413,-6.0641
pos,830,-1.8191,-2.4937,1.7031,0.2323
input,830,0.0000,-0.0295,-0.0188,0.0250
target,830,-1.8119,-2.4910,1.7380,-6.0640
pos,831,-1.8191,-2.4937,1.7031,0.2323
input,831,0.0000,-0.0289,-0.0184,0.0245
target,831,-1.8134,-2.4917,1.7351,-6.0640
pos,832,-1.8191,-2.4937,1.7031,0.2323
input,832,0.0000,-0.0283,-0.0180,0.0241
target,832,-1.8146,-2.4922,1.7323,-6.0639
pos,833,-1.8191,-2.4937,1.7031,0.2323
input,833,0.0000,-0.0277,-0.0177,0.0236
target,833,-1.8157,-2.4927,1.7299,-6.0638
pos,834,-1.8191,-2.4937,1.7031,0.2323
input,834,0.0000,-0.0272,-0.0173,0.0231
target,834,-1.8166,-2.4931,1.7277,-6.0638
