pos,0,-1.8956,-2.8808,1.2497,0.0842
input,0,0.1129,-0.0375,-0.0706,0.0443
target,0,-2.0000,-3.0000,1.3000,0.0000
param,0,1.0612,0.4471,0.9554,-0.3999
pos,1,-1.9071,-2.8803,1.2496,0.0826
input,1,0.1121,-0.0321,-0.0718,0.0448
target,1,-2.0000,-1.5000,1.3000,0.0000
param,1,1.0612,0.4471,0.9554,-0.3999
pos,2,-1.9188,-2.8801,1.2494,0.0809
input,2,0.1104,-0.0318,-0.0713,0.0452
target,2,-2.0000,-1.5000,1.3000,0.0000
param,2,1.0612,0.4471,0.9554,-0.3999
pos,3,-1.9301,-2.8800,1.2491,0.0793
input,3,-0.4970,-0.1937,-0.0748,-0.0573
target,3,-2.0000,-1.5000,1.3000,0.0000
param,3,1.0612,0.4471,0.9554,-0.3999
pos,4,-1.9413,-2.8799,1.2489,0.0775
input,4,-0.4970,-0.1937,-0.0748,-0.0573
target,4,-2.0000,-1.5000,1.3000,0.0000
param,4,1.0612,0.4471,0.9554,-0.3999
pos,5,-1.9516,-2.8800,1.2486,0.0763
input,5,-0.4902,-0.1784,-0.0744,-0.0586
target,5,-2.0000,-1.5000,1.3000,0.0000
param,5,1.0612,0.4471,0.9554,-0.3999
pos,6,-1.9609,-2.8803,1.2483,0.0751
input,6,-0.4902,-0.1784,-0.0744,-0.0586
target,6,-2.0000,-1.5000,1.3000,0.0000
param,6,1.0612,0.4471,0.9554,-0.3999
pos,7,-1.9708,-2.8807,1.2480,0.0739
input,7,-0.4854,-0.1662,-0.0711,-0.0587
target,7,-2.0000,-1.5000,1.3000,0.0000
param,7,1.0612,0.4471,0.9554,-0.4000
pos,8,-1.9804,-2.8810,1.2476,0.0726
input,8,-0.4854,-0.1662,-0.0711,-0.0587
target,8,-2.0000,-1.5000,1.3000,0.0000
param,8,1.0612,0.4471,0.9554,-0.4000
pos,9,-1.9897,-2.8814,1.2472,0.0723
input,9,-0.4800,-0.1538,-0.0675,-0.0588
target,9,-2.0000,-1.5000,1.3000,0.0000
param,9,1.0611,0.4471,0.9554,-0.4000
pos,10,-1.9989,-2.8818,1.2468,0.0718
input,10,-0.4800,-0.1538,-0.0675,-0.0588
target,10,-2.0000,-1.5000,1.3000,0.0000
param,10,1.0611,0.4471,0.9554,-0.4000
pos,11,-2.0079,-2.8823,1.2465,0.0712
input,11,-0.4747,-0.1401,-0.0642,-0.0587
target,11,-2.0000,-1.5000,1.3000,0.0000
param,11,1.0611,0.4471,0.9554,-0.4000
pos,12,-2.0166,-2.8828,1.2461,0.0704
input,12,-0.4747,-0.1401,-0.0642,-0.0587
target,12,-2.0000,-1.5000,1.3000,0.0000
param,12,1.0611,0.4471,0.9554,-0.4000
pos,13,-2.0250,-2.8832,1.2457,0.0691
input,13,-0.4690,-0.1263,-0.0603,-0.0585
target,13,-2.0000,-1.5000,1.3000,0.0000
param,13,1.0611,0.4471,0.9554,-0.4000
pos,14,-2.0333,-2.8836,1.2453,0.0684
input,14,-0.4690,-0.1263,-0.0603,-0.0585
target,14,-2.0000,-1.5000,1.3000,0.0000
param,14,1.0611,0.4471,0.9554,-0.4000
pos,15,-2.0414,-2.8840,1.2448,0.0677
input,15,-0.4629,-0.1130,-0.0557,-0.0582
target,15,-2.0000,-1.5000,1.3000,0.0000
param,15,1.0611,0.4471,0.9554,-0.4000
pos,16,-2.0493,-2.8843,1.2444,0.0664
input,16,-0.4629,-0.1130,-0.0557,-0.0582
target,16,-2.0000,-1.5000,1.3000,0.0000
param,16,1.0611,0.4471,0.9554,-0.4000
pos,17,-2.0569,-2.8845,1.2439,0.0650
input,17,-0.4564,-0.0999,-0.0509,-0.0576
target,17,-2.0000,-1.5000,1.3000,0.0000
param,17,1.0611,0.4471,0.9554,-0.4000
pos,18,-2.0645,-2.8848,1.2436,0.0637
input,18,-0.4564,-0.0999,-0.0509,-0.0576
target,18,-2.0000,-1.5000,1.3000,0.0000
param,18,1.0611,0.4471,0.9554,-0.4000
pos,19,-2.0718,-2.8849,1.2433,0.0626
input,19,-0.4494,-0.0873,-0.0456,-0.0570
target,19,-2.0000,-1.5000,1.3000,0.0000
param,19,1.0611,0.4471,0.9554,-0.4000
pos,20,-2.0785,-2.8848,1.2428,0.0602
input,20,-0.4494,-0.0873,-0.0456,-0.0570
target,20,-2.0000,-1.5000,1.3000,0.0000
param,20,1.0611,0.4471,0.9554,-0.4000
pos,21,-2.0856,-2.8845,1.2424,0.0576
input,21,-0.4421,-0.0756,-0.0398,-0.0561
target,21,-2.0000,-1.5000,1.3000,0.0000
param,21,1.0611,0.4471,0.9554,-0.4000
pos,22,-2.0926,-2.8839,1.2420,0.0549
input,22,-0.4421,-0.0756,-0.0398,-0.0561
target,22,-2.0000,-1.5000,1.3000,0.0000
param,22,1.0611,0.4471,0.9554,-0.4000
pos,23,-2.0994,-2.8831,1.2416,0.0528
input,23,-0.4342,-0.0645,-0.0335,-0.0551
target,23,-2.0000,-1.5000,1.3000,0.0000
param,23,1.0611,0.4471,0.9554,-0.4000
pos,24,-2.1057,-2.8822,1.2412,0.0504
input,24,-0.4342,-0.0645,-0.0335,-0.0551
target,24,-2.0000,-1.5000,1.3000,0.0000
param,24,1.0611,0.4471,0.9554,-0.4000
pos,25,-2.1123,-2.8809,1.2408,0.0478
input,25,-0.4264,-0.0529,-0.0279,-0.0538
target,25,-2.0000,-1.5000,1.3000,0.0000
param,25,1.0611,0.4471,0.9554,-0.4000
pos,26,-2.1190,-2.8793,1.2404,0.0437
input,26,-0.4264,-0.0529,-0.0279,-0.0538
target,26,-2.0000,-1.5000,1.3000,0.0000
param,26,1.0611,0.4471,0.9554,-0.4000
pos,27,-2.1254,-2.8775,1.2400,0.0411
input,27,-0.4177,-0.0424,-0.0210,-0.0526
target,27,-2.0000,-1.5000,1.3000,0.0000
param,27,1.0611,0.4471,0.9554,-0.4000
pos,28,-2.1316,-2.8756,1.2397,0.0398
input,28,-0.4177,-0.0424,-0.0210,-0.0526
target,28,-2.0000,-1.5000,1.3000,0.0000
param,28,1.0611,0.4471,0.9554,-0.4000
pos,29,-2.1375,-2.8730,1.2393,0.0344
input,29,-0.4114,-0.0398,-0.0186,-0.0443
target,29,-2.0000,-1.5000,1.3000,0.0000
param,29,1.0611,0.4471,0.9554,-0.4000
pos,30,-2.1432,-2.8703,1.2389,0.0298
input,30,-0.4037,-0.0270,-0.0142,-0.0427
target,30,-2.0000,-1.5000,1.3000,0.0000
param,30,1.0611,0.4471,0.9554,-0.4000
pos,31,-2.1489,-2.8673,1.2386,0.0274
input,31,-0.4037,-0.0270,-0.0142,-0.0427
target,31,-2.0000,-1.5000,1.3000,0.0000
param,31,1.0611,0.4471,0.9554,-0.4000
pos,32,-2.1543,-2.8640,1.2383,0.0250
input,32,-0.3978,-0.0247,-0.0125,-0.0347
target,32,-2.0000,-1.5000,1.3000,0.0000
param,32,1.0611,0.4471,0.9554,-0.4000
pos,33,-2.1597,-2.8602,1.2382,0.0212
input,33,-0.3882,-0.0166,-0.0046,-0.0334
target,33,-2.0000,-1.5000,1.3000,0.0000
param,33,1.0611,0.4471,0.9554,-0.4000
pos,34,-2.1759,-2.8475,1.2372,0.0172
input,34,-0.3854,-0.0066,-0.0016,-0.0395
target,34,-2.0000,-1.5000,1.3000,0.0000
param,34,1.0611,0.4471,0.9554,-0.4000
pos,35,-2.1902,-2.8363,1.2361,0.0150
input,35,-0.3854,-0.0066,-0.0016,-0.0395
target,35,-2.0000,-1.5000,1.3000,0.0000
param,35,1.0611,0.4471,0.9554,-0.4000
pos,36,-2.2030,-2.8254,1.2350,0.0111
input,36,-0.3763,0.0025,0.0054,-0.0380
target,36,-2.0000,-1.5000,1.3000,0.0000
param,36,1.0611,0.4471,0.9554,-0.4000
pos,37,-2.2146,-2.8150,1.2339,0.0087
input,37,-0.3763,0.0025,0.0054,-0.0380
target,37,-2.0000,-1.5000,1.3000,0.0000
param,37,1.0611,0.4471,0.9554,-0.4000
pos,38,-2.2249,-2.8053,1.2330,0.0066
input,38,-0.3757,0.0072,0.0106,-0.0438
target,38,-2.0000,-1.5000,1.3000,0.0000
param,38,1.0611,0.4471,0.9554,-0.4000
pos,39,-2.2343,-2.7959,1.2320,0.0050
input,39,-0.3757,0.0072,0.0106,-0.0438
target,39,-2.0000,-1.5000,1.3000,0.0000
param,39,1.0611,0.4471,0.9554,-0.4000
pos,40,-2.2426,-2.7869,1.2311,0.0030
input,40,-0.3699,0.0165,0.0143,-0.0419
target,40,-2.0000,-1.5000,1.3000,0.0000
param,40,1.0611,0.4471,0.9554,-0.4000
pos,41,-2.2501,-2.7779,1.2301,-0.0002
input,41,-0.3699,0.0165,0.0143,-0.0419
target,41,-2.0000,-1.5000,1.3000,0.0000
param,41,1.0611,0.4471,0.9554,-0.4000
pos,42,-2.2567,-2.7691,1.2291,-0.0033
input,42,-0.3699,0.0165,0.0143,-0.0419
target,42,-2.0000,-1.5000,1.3000,0.0000
param,42,1.0611,0.4471,0.9554,-0.4000
pos,43,-2.2628,-2.7604,1.2283,-0.0071
input,43,-0.3699,0.0165,0.0143,-0.0419
target,43,-2.0000,-1.5000,1.3000,0.0000
param,43,1.0611,0.4471,0.9554,-0.4000
pos,44,-2.2683,-2.7521,1.2275,-0.0077
input,44,-0.3699,0.0165,0.0143,-0.0419
target,44,-2.0000,-1.5000,1.3000,0.0000
param,44,1.0611,0.4471,0.9554,-0.4000
pos,45,-2.2733,-2.7435,1.2267,-0.0112
input,45,-0.3639,0.0229,0.0212,-0.0390
target,45,-2.0000,-1.5000,1.3000,0.0000
param,45,1.0611,0.4471,0.9554,-0.4000
pos,46,-2.2776,-2.7357,1.2259,-0.0139
input,46,-0.3639,0.0229,0.0212,-0.0390
target,46,-2.0000,-1.5000,1.3000,0.0000
param,46,1.0611,0.4471,0.9554,-0.4000
pos,47,-2.2815,-2.7271,1.2251,-0.0145
input,47,-0.3639,0.0229,0.0212,-0.0390
target,47,-2.0000,-1.5000,1.3000,0.0000
param,47,1.0611,0.4471,0.9554,-0.4000
pos,48,-2.2850,-2.7186,1.2243,-0.0150
input,48,-0.3639,0.0229,0.0212,-0.0390
target,48,-2.0000,-1.5000,1.3000,0.0000
param,48,1.0611,0.4471,0.9554,-0.4000
pos,49,-2.2883,-2.7100,1.2236,-0.0127
input,49,-0.3639,0.0229,0.0212,-0.0390
target,49,-2.0000,-1.5000,1.3000,0.0000
param,49,1.0611,0.4471,0.9554,-0.4000
pos,50,-2.2913,-2.7016,1.2230,-0.0136
input,50,-0.3639,0.0229,0.0212,-0.0390
target,50,-2.0000,-1.5000,1.3000,0.0000
param,50,1.0611,0.4471,0.9554,-0.4000
pos,51,-2.2940,-2.6929,1.2223,-0.0113
input,51,-0.3625,0.0320,0.0224,-0.0356
target,51,-2.0000,-1.5000,1.3000,0.0000
param,51,1.0611,0.4471,0.9554,-0.4000
pos,52,-2.2965,-2.6844,1.2218,-0.0099
input,52,-0.3625,0.0320,0.0224,-0.0356
target,52,-2.0000,-1.5000,1.3000,0.0000
param,52,1.0611,0.4471,0.9554,-0.4000
pos,53,-2.2989,-2.6754,1.2212,-0.0100
input,53,-0.3625,0.0320,0.0224,-0.0356
target,53,-2.0000,-1.5000,1.3000,0.0000
param,53,1.0611,0.4471,0.9554,-0.4000
pos,54,-2.3009,-2.6665,1.2206,-0.0101
input,54,-0.3625,0.0320,0.0224,-0.0356
target,54,-2.0000,-1.5000,1.3000,0.0000
param,54,1.0611,0.4471,0.9554,-0.4000
pos,55,-2.3028,-2.6577,1.2202,-0.0083
input,55,-0.3575,0.0342,0.0210,-0.0280
target,55,-2.0000,-1.5000,1.3000,0.0000
param,55,1.0611,0.4471,0.9554,-0.4000
pos,56,-2.3043,-2.6487,1.2198,-0.0083
input,56,-0.3635,0.0427,0.0212,-0.0337
target,56,-2.0000,-1.5000,1.3000,0.0000
param,56,1.0611,0.4471,0.9554,-0.4000
pos,57,-2.3058,-2.6396,1.2195,-0.0073
input,57,-0.3635,0.0427,0.0212,-0.0337
target,57,-2.0000,-1.5000,1.3000,0.0000
param,57,1.0611,0.4471,0.9554,-0.4000
pos,58,-2.3070,-2.6305,1.2191,-0.0073
input,58,-0.3635,0.0427,0.0212,-0.0337
target,58,-2.0000,-1.5000,1.3000,0.0000
param,58,1.0611,0.4471,0.9554,-0.4000
pos,59,-2.3082,-2.6212,1.2188,-0.0072
input,59,-0.3635,0.0427,0.0212,-0.0337
target,59,-2.0000,-1.5000,1.3000,0.0000
param,59,1.0611,0.4471,0.9554,-0.4000
pos,60,-2.3092,-2.6118,1.2185,-0.0072
input,60,-0.3624,0.0538,0.0206,-0.0323
target,60,-2.0000,-1.5000,1.3000,0.0000
param,60,1.0611,0.4471,0.9554,-0.4000
pos,61,-2.3099,-2.6025,1.2183,-0.0052
input,61,-0.3624,0.0538,0.0206,-0.0323
target,61,-2.0000,-1.5000,1.3000,0.0000
param,61,1.0611,0.4471,0.9554,-0.4000
pos,62,-2.3107,-2.5931,1.2180,-0.0026
input,62,-0.3624,0.0538,0.0206,-0.0323
target,62,-2.0000,-1.5000,1.3000,0.0000
param,62,1.0611,0.4471,0.9554,-0.4000
pos,63,-2.3114,-2.5835,1.2179,-0.0010
input,63,-0.3624,0.0538,0.0206,-0.0323
target,63,-2.0000,-1.5000,1.3000,0.0000
param,63,1.0611,0.4471,0.9554,-0.4000
pos,64,-2.3118,-2.5741,1.2177,0.0020
input,64,-0.3619,0.0657,0.0188,-0.0307
target,64,-2.0000,-1.5000,1.3000,0.0000
param,64,1.0611,0.4471,0.9554,-0.4000
pos,65,-2.3120,-2.5661,1.2176,0.0050
input,65,-0.3619,0.0657,0.0188,-0.0307
target,65,-2.0000,-1.5000,1.3000,0.0000
param,65,1.0611,0.4471,0.9554,-0.4000
pos,66,-2.3124,-2.5568,1.2174,0.0047
input,66,-0.3619,0.0657,0.0188,-0.0307
target,66,-2.0000,-1.5000,1.3000,0.0000
param,66,1.0611,0.4471,0.9554,-0.4000
pos,67,-2.3127,-2.5469,1.2173,0.0065
input,67,-0.3619,0.0657,0.0188,-0.0307
target,67,-2.0000,-1.5000,1.3000,0.0000
param,67,1.0611,0.4471,0.9554,-0.4000
pos,68,-2.3129,-2.5368,1.2171,0.0087
input,68,-0.3606,0.0781,0.0168,-0.0292
target,68,-2.0000,-1.5000,1.3000,0.0000
param,68,1.0611,0.4471,0.9554,-0.4000
pos,69,-2.3130,-2.5281,1.2169,0.0109
input,69,-0.3606,0.0781,0.0168,-0.0292
target,69,-2.0000,-1.5000,1.3000,0.0000
param,69,1.0611,0.4471,0.9554,-0.4000
pos,70,-2.3132,-2.5176,1.2166,0.0127
input,70,-0.3606,0.0781,0.0168,-0.0292
target,70,-2.0000,-1.5000,1.3000,0.0000
param,70,1.0611,0.4471,0.9554,-0.4000
pos,71,-2.3132,-2.5071,1.2163,0.0143
input,71,-0.3591,0.0881,0.0163,-0.0278
target,71,-2.0000,-1.5000,1.3000,0.0000
param,71,1.0611,0.4471,0.9554,-0.4000
pos,72,-2.3133,-2.4967,1.2160,0.0167
input,72,-0.3591,0.0881,0.0163,-0.0278
target,72,-2.0000,-1.5000,1.3000,0.0000
param,72,1.0611,0.4471,0.9554,-0.4000
pos,73,-2.3134,-2.4862,1.2158,0.0195
input,73,-0.3591,0.0881,0.0163,-0.0278
target,73,-2.0000,-1.5000,1.3000,0.0000
param,73,1.0611,0.4471,0.9554,-0.4000
pos,74,-2.3135,-2.4755,1.2155,0.0208
input,74,-0.3570,0.0990,0.0144,-0.0260
target,74,-2.0000,-1.5000,1.3000,0.0000
param,74,1.0611,0.4471,0.9554,-0.4000
pos,75,-2.3137,-2.4649,1.2152,0.0229
input,75,-0.3570,0.0990,0.0144,-0.0260
target,75,-2.0000,-1.5000,1.3000,0.0000
param,75,1.0611,0.4471,0.9554,-0.4000
pos,76,-2.3137,-2.4551,1.2149,0.0249
input,76,-0.3570,0.0990,0.0144,-0.0260
target,76,-2.0000,-1.5000,1.3000,0.0000
param,76,1.0611,0.4471,0.9554,-0.4000
pos,77,-2.3136,-2.4444,1.2146,0.0268
input,77,-0.3544,0.1087,0.0138,-0.0241
target,77,-2.0000,-1.5000,1.3000,0.0000
param,77,1.0611,0.4471,0.9554,-0.4000
pos,78,-2.3135,-2.4336,1.2143,0.0278
input,78,-0.3544,0.1087,0.0138,-0.0241
target,78,-2.0000,-1.5000,1.3000,0.0000
param,78,1.0611,0.4471,0.9554,-0.4000
pos,79,-2.3134,-2.4227,1.2140,0.0286
input,79,-0.3544,0.1087,0.0138,-0.0241
target,79,-2.0000,-1.5000,1.3000,0.0000
param,79,1.0611,0.4471,0.9554,-0.4000
pos,80,-2.3136,-2.4120,1.2138,0.0283
input,80,-0.3510,0.1171,0.0138,-0.0219
target,80,-2.0000,-1.5000,1.3000,0.0000
param,80,1.0611,0.4471,0.9554,-0.4000
pos,81,-2.3134,-2.4011,1.2134,0.0295
input,81,-0.3510,0.1171,0.0138,-0.0219
target,81,-2.0000,-1.5000,1.3000,0.0000
param,81,1.0611,0.4471,0.9554,-0.4000
pos,82,-2.3131,-2.3903,1.2131,0.0317
input,82,-0.3510,0.1171,0.0138,-0.0219
target,82,-2.0000,-1.5000,1.3000,0.0000
param,82,1.0611,0.4471,0.9554,-0.4000
pos,83,-2.3126,-2.3794,1.2128,0.0325
input,83,-0.3510,0.1171,0.0138,-0.0219
target,83,-2.0000,-1.5000,1.3000,0.0000
param,83,1.0611,0.4471,0.9554,-0.4000
pos,84,-2.3124,-2.3687,1.2126,0.0321
input,84,-0.3459,0.1274,0.0129,-0.0189
target,84,-2.0000,-1.5000,1.3000,0.0000
param,84,1.0611,0.4471,0.9554,-0.4000
pos,85,-2.3119,-2.3578,1.2122,0.0341
input,85,-0.3459,0.1274,0.0129,-0.0189
target,85,-2.0000,-1.5000,1.3000,0.0000
param,85,1.0611,0.4471,0.9554,-0.4000
pos,86,-2.3114,-2.3470,1.2121,0.0326
input,86,-0.3459,0.1274,0.0129,-0.0189
target,86,-2.0000,-1.5000,1.3000,0.0000
param,86,1.0611,0.4471,0.9554,-0.4000
pos,87,-2.3109,-2.3361,1.2118,0.0316
input,87,-0.3459,0.1274,0.0129,-0.0189
target,87,-2.0000,-1.5000,1.3000,0.0000
param,87,1.0611,0.4471,0.9554,-0.4000
pos,88,-2.3102,-2.3253,1.2116,0.0315
input,88,-0.3395,0.1338,0.0164,-0.0154
target,88,-2.0000,-1.5000,1.3000,0.0000
param,88,1.0611,0.4471,0.9554,-0.4000
pos,89,-2.3095,-2.3143,1.2114,0.0309
input,89,-0.3395,0.1338,0.0164,-0.0154
target,89,-2.0000,-1.5000,1.3000,0.0000
param,89,1.0611,0.4471,0.9554,-0.4000
pos,90,-2.3087,-2.3034,1.2112,0.0310
input,90,-0.3395,0.1338,0.0164,-0.0154
target,90,-2.0000,-1.5000,1.3000,0.0000
param,90,1.0611,0.4471,0.9554,-0.4000
pos,91,-2.3076,-2.2924,1.2110,0.0294
input,91,-0.3395,0.1338,0.0164,-0.0154
target,91,-2.0000,-1.5000,1.3000,0.0000
param,91,1.0611,0.4471,0.9554,-0.4000
pos,92,-2.3065,-2.2815,1.2108,0.0278
input,92,-0.3328,0.1390,0.0193,-0.0115
target,92,-2.0000,-1.5000,1.3000,0.0000
param,92,1.0611,0.4471,0.9554,-0.4000
pos,93,-2.3054,-2.2705,1.2106,0.0266
input,93,-0.3328,0.1390,0.0193,-0.0115
target,93,-2.0000,-1.5000,1.3000,0.0000
param,93,1.0611,0.4471,0.9554,-0.4000
pos,94,-2.3042,-2.2595,1.2104,0.0258
input,94,-0.3328,0.1390,0.0193,-0.0115
target,94,-2.0000,-1.5000,1.3000,0.0000
param,94,1.0611,0.4471,0.9554,-0.4000
pos,95,-2.3028,-2.2486,1.2101,0.0256
input,95,-0.3328,0.1390,0.0193,-0.0115
target,95,-2.0000,-1.5000,1.3000,0.0000
param,95,1.0611,0.4471,0.9554,-0.4000
pos,96,-2.3013,-2.2377,1.2099,0.0249
input,96,-0.3257,0.1431,0.0231,-0.0072
target,96,-2.0000,-1.5000,1.3000,0.0000
param,96,1.0611,0.4471,0.9554,-0.4000
pos,97,-2.2999,-2.2268,1.2098,0.0248
input,97,-0.3257,0.1431,0.0231,-0.0072
target,97,-2.0000,-1.5000,1.3000,0.0000
param,97,1.0611,0.4471,0.9554,-0.4000
pos,98,-2.2984,-2.2158,1.2096,0.0243
input,98,-0.3257,0.1431,0.0231,-0.0072
target,98,-2.0000,-1.5000,1.3000,0.0000
param,98,1.0611,0.4471,0.9554,-0.4000
pos,99,-2.2967,-2.2057,1.2094,0.0247
input,99,-0.3257,0.1431,0.0231,-0.0072
target,99,-2.0000,-1.5000,1.3000,0.0000
param,99,1.0611,0.4471,0.9554,-0.4000
pos,100,-2.2949,-2.1947,1.2092,0.0252
input,100,-0.3196,0.1493,0.0235,-0.0026
target,100,-2.0000,-1.5000,1.3000,0.0000
param,100,1.0611,0.4471,0.9554,-0.4000
pos,101,-2.2931,-2.1838,1.2090,0.0243
input,101,-0.3196,0.1493,0.0235,-0.0026
target,101,-2.0000,-1.5000,1.3000,0.0000
param,101,1.0611,0.4471,0.9554,-0.4000
pos,102,-2.2911,-2.1730,1.2088,0.0250
input,102,-0.3196,0.1493,0.0235,-0.0026
target,102,-2.0000,-1.5000,1.3000,0.0000
param,102,1.0611,0.4471,0.9554,-0.4000
pos,103,-2.2890,-2.1622,1.2085,0.0254
input,103,-0.3196,0.1493,0.0235,-0.0026
target,103,-2.0000,-1.5000,1.3000,0.0000
param,103,1.0611,0.4471,0.9554,-0.4000
pos,104,-2.2870,-2.1513,1.2084,0.0255
input,104,-0.3133,0.1572,0.0224,0.0025
target,104,-2.0000,-1.5000,1.3000,0.0000
param,104,1.0611,0.4471,0.9554,-0.4000
pos,105,-2.2847,-2.1405,1.2083,0.0260
input,105,-0.3133,0.1572,0.0224,0.0025
target,105,-2.0000,-1.5000,1.3000,0.0000
param,105,1.0611,0.4471,0.9554,-0.4000
pos,106,-2.2826,-2.1304,1.2082,0.0264
input,106,-0.3133,0.1572,0.0224,0.0025
target,106,-2.0000,-1.5000,1.3000,0.0000
param,106,1.0611,0.4471,0.9554,-0.4000
pos,107,-2.2804,-2.1203,1.2080,0.0268
input,107,-0.3133,0.1572,0.0224,0.0025
target,107,-2.0000,-1.5000,1.3000,0.0000
param,107,1.0611,0.4471,0.9554,-0.4000
pos,108,-2.2776,-2.1092,1.2074,0.0300
input,108,-0.3071,0.1652,0.0208,0.0076
target,108,-2.0000,-1.5000,1.3000,0.0000
param,108,1.0611,0.4471,0.9554,-0.4000
pos,109,-2.2747,-2.0976,1.2066,0.0313
input,109,-0.3071,0.1652,0.0208,0.0076
target,109,-2.0000,-1.5000,1.3000,0.0000
param,109,1.0611,0.4471,0.9554,-0.4000
pos,110,-2.2736,-2.0860,1.2063,0.0324
input,110,-0.3071,0.1652,0.0208,0.0076
target,110,-2.0000,-1.5000,1.3000,0.0000
param,110,1.0611,0.4471,0.9554,-0.4000
pos,111,-2.2704,-2.0757,1.2055,0.0334
input,111,-0.3025,0.1767,0.0140,0.0136
target,111,-2.0000,-1.5000,1.3000,0.0000
param,111,1.0611,0.4471,0.9554,-0.4000
pos,112,-2.2674,-2.0647,1.2051,0.0367
input,112,-0.3025,0.1767,0.0140,0.0136
target,112,-2.0000,-1.5000,1.3000,0.0000
param,112,1.0611,0.4471,0.9554,-0.4000
pos,113,-2.2644,-2.0536,1.2047,0.0386
input,113,-0.3025,0.1767,0.0140,0.0136
target,113,-2.0000,-1.5000,1.3000,0.0000
param,113,1.0611,0.4471,0.9554,-0.4000
pos,114,-2.2614,-2.0426,1.2042,0.0402
input,114,-0.2994,0.1860,0.0073,0.0197
target,114,-2.0000,-1.5000,1.3000,0.0000
param,114,1.0611,0.4471,0.9554,-0.4000
pos,115,-2.2585,-2.0323,1.2043,0.0404
input,115,-0.2994,0.1860,0.0073,0.0197
target,115,-2.0000,-1.5000,1.3000,0.0000
param,115,1.0611,0.4471,0.9554,-0.4000
pos,116,-2.2556,-2.0219,1.2045,0.0403
input,116,-0.2994,0.1860,0.0073,0.0197
target,116,-2.0000,-1.5000,1.3000,0.0000
param,116,1.0611,0.4471,0.9554,-0.4000
pos,117,-2.2530,-2.0123,1.2047,0.0397
input,117,-0.2994,0.1860,0.0073,0.0197
target,117,-2.0000,-1.5000,1.3000,0.0000
param,117,1.0611,0.4471,0.9554,-0.4000
pos,118,-2.2500,-2.0017,1.2048,0.0389
input,118,-0.2916,0.1926,0.0045,0.0254
target,118,-2.0000,-1.5000,1.3000,0.0000
param,118,1.0611,0.4471,0.9554,-0.4000
pos,119,-2.2469,-1.9913,1.2051,0.0389
input,119,-0.2916,0.1926,0.0045,0.0254
target,119,-2.0000,-1.5000,1.3000,0.0000
param,119,1.0611,0.4471,0.9554,-0.4000
pos,120,-2.2438,-1.9809,1.2054,0.0387
input,120,-0.2916,0.1926,0.0045,0.0254
target,120,-2.0000,-1.5000,1.3000,0.0000
param,120,1.0611,0.4471,0.9554,-0.4000
pos,121,-2.2407,-1.9706,1.2058,0.0407
input,121,-0.2916,0.1926,0.0045,0.0254
target,121,-2.0000,-1.5000,1.3000,0.0000
param,121,1.0611,0.4471,0.9554,-0.4000
pos,122,-2.2375,-1.9601,1.2062,0.0411
input,122,-0.2880,0.1915,-0.0035,0.0312
target,122,-2.0000,-1.5000,1.3000,0.0000
param,122,1.0611,0.4471,0.9554,-0.4000
pos,123,-2.2340,-1.9497,1.2061,0.0447
input,123,-0.2822,0.1988,0.0006,0.0317
target,123,-2.0000,-1.5000,1.3000,0.0000
param,123,1.0611,0.4471,0.9554,-0.4000
pos,124,-2.2306,-1.9398,1.2060,0.0459
input,124,-0.2822,0.1988,0.0006,0.0317
target,124,-2.0000,-1.5000,1.3000,0.0000
param,124,1.0611,0.4471,0.9554,-0.4000
pos,125,-2.2273,-1.9294,1.2062,0.0449
input,125,-0.2763,0.2061,-0.0092,0.0387
target,125,-2.0000,-1.5000,1.3000,0.0000
param,125,1.0611,0.4471,0.9554,-0.4000
pos,126,-2.2239,-1.9190,1.2065,0.0439
input,126,-0.2763,0.2061,-0.0092,0.0387
target,126,-2.0000,-1.5000,1.3000,0.0000
param,126,1.0611,0.4471,0.9554,-0.4000
pos,127,-2.2201,-1.9086,1.2065,0.0456
input,127,-0.2763,0.2061,-0.0092,0.0387
target,127,-2.0000,-1.5000,1.3000,0.0000
param,127,1.0611,0.4471,0.9554,-0.4000
pos,128,-2.2164,-1.8984,1.2066,0.0471
input,128,-0.2763,0.2061,-0.0092,0.0387
target,128,-2.0000,-1.5000,1.3000,0.0000
param,128,1.0611,0.4471,0.9554,-0.4000
pos,129,-2.2127,-1.8882,1.2067,0.0485
input,129,-0.2667,0.2107,-0.0137,0.0473
target,129,-2.0000,-1.5000,1.3000,0.0000
param,129,1.0611,0.4471,0.9554,-0.4000
pos,130,-2.2090,-1.8781,1.2068,0.0503
input,130,-0.2667,0.2107,-0.0137,0.0473
target,130,-2.0000,-1.5000,1.3000,0.0000
param,130,1.0611,0.4471,0.9554,-0.4000
pos,131,-2.2050,-1.8680,1.2070,0.0518
input,131,-0.2667,0.2107,-0.0137,0.0473
target,131,-2.0000,-1.5000,1.3000,0.0000
param,131,1.0611,0.4471,0.9554,-0.4000
pos,132,-2.2011,-1.8582,1.2073,0.0531
input,132,-0.2602,0.2155,-0.0254,0.0557
target,132,-2.0000,-1.5000,1.3000,0.0000
param,132,1.0611,0.4471,0.9554,-0.4000
pos,133,-2.1972,-1.8484,1.2077,0.0549
input,133,-0.2602,0.2155,-0.0254,0.0557
target,133,-2.0000,-1.5000,1.3000,0.0000
param,133,1.0611,0.4471,0.9554,-0.4000
pos,134,-2.1933,-1.8386,1.2080,0.0560
input,134,-0.2602,0.2155,-0.0254,0.0557
target,134,-2.0000,-1.5000,1.3000,0.0000
param,134,1.0611,0.4471,0.9554,-0.4000
pos,135,-2.1890,-1.8289,1.2084,0.0572
input,135,-0.2488,0.2147,-0.0357,0.0624
target,135,-2.0000,-1.5000,1.3000,0.0000
param,135,1.0611,0.4471,0.9554,-0.4000
pos,136,-2.1848,-1.8192,1.2088,0.0584
input,136,-0.2392,0.2089,-0.0391,0.0651
target,136,-2.0000,-1.5000,1.3000,0.0000
param,136,1.0611,0.4471,0.9554,-0.4000
pos,137,-2.1806,-1.8096,1.2092,0.0596
input,137,-0.2299,0.2029,-0.0440,0.0672
target,137,-2.0000,-1.5000,1.3000,0.0000
param,137,1.0611,0.4471,0.9554,-0.4000
pos,138,-2.1765,-1.8000,1.2098,0.0579
input,138,-0.2208,0.1966,-0.0482,0.0690
target,138,-2.0000,-1.5000,1.3000,0.0000
param,138,1.0611,0.4471,0.9554,-0.4000
pos,139,-2.1722,-1.7904,1.2106,0.0560
input,139,-0.2115,0.1886,-0.0463,0.0702
target,139,-2.0000,-1.5000,1.3000,0.0000
param,139,1.0611,0.4471,0.9554,-0.4000
pos,140,-2.1679,-1.7810,1.2113,0.0541
input,140,-0.2024,0.1805,-0.0446,0.0713
target,140,-2.0000,-1.5000,1.3000,0.0000
param,140,1.0611,0.4471,0.9554,-0.4000
pos,141,-2.1635,-1.7716,1.2119,0.0522
input,141,-0.1936,0.1726,-0.0425,0.0722
target,141,-2.0000,-1.5000,1.3000,0.0000
param,141,1.0611,0.4471,0.9554,-0.4000
pos,142,-2.1592,-1.7631,1.2127,0.0507
input,142,-0.1852,0.1647,-0.0403,0.0730
target,142,-2.0000,-1.5000,1.3000,0.0000
param,142,1.0611,0.4471,0.9554,-0.4000
pos,143,-2.1545,-1.7539,1.2135,0.0492
input,143,-0.1778,0.1575,-0.0390,0.0735
target,143,-2.0000,-1.5000,1.3000,0.0000
param,143,1.0611,0.4471,0.9554,-0.4000
pos,144,-2.1497,-1.7446,1.2143,0.0470
input,144,-0.1697,0.1502,-0.0376,0.0739
target,144,-2.0000,-1.5000,1.3000,0.0000
param,144,1.0611,0.4471,0.9554,-0.4000
pos,145,-2.1449,-1.7361,1.2152,0.0471
input,145,-0.1617,0.1426,-0.0345,0.0742
target,145,-2.0000,-1.5000,1.3000,0.0000
param,145,1.0611,0.4471,0.9554,-0.4000
pos,146,-2.1400,-1.7273,1.2159,0.0502
input,146,-0.1547,0.1365,-0.0365,0.0744
target,146,-2.0000,-1.5000,1.3000,0.0000
param,146,1.0611,0.4471,0.9554,-0.4000
pos,147,-2.1350,-1.7187,1.2166,0.0529
input,147,-0.1477,0.1316,-0.0439,0.0745
target,147,-2.0000,-1.5000,1.3000,0.0000
param,147,1.0611,0.4471,0.9554,-0.4000
pos,148,-2.1301,-1.7100,1.2173,0.0558
input,148,-0.1409,0.1265,-0.0498,0.0748
target,148,-2.0000,-1.5000,1.3000,0.0000
param,148,1.0611,0.4471,0.9554,-0.4000
pos,149,-2.1256,-1.7026,1.2180,0.0584
input,149,-0.1341,0.1214,-0.0561,0.0748
target,149,-2.0000,-1.5000,1.3000,0.0000
param,149,1.0611,0.4471,0.9554,-0.4000
pos,150,-2.1207,-1.6942,1.2187,0.0610
input,150,-0.1287,0.1165,-0.0611,0.0747
target,150,-2.0000,-1.5000,1.3000,0.0000
param,150,1.0611,0.4471,0.9554,-0.4000
pos,151,-2.1155,-1.6854,1.2195,0.0638
input,151,-0.1221,0.1114,-0.0660,0.0744
target,151,-2.0000,-1.5000,1.3000,0.0000
param,151,1.0611,0.4471,0.9554,-0.4000
pos,152,-2.1104,-1.6769,1.2202,0.0663
input,152,-0.1153,0.1060,-0.0712,0.0743
target,152,-2.0000,-1.5000,1.3000,0.0000
param,152,1.0611,0.4471,0.9554,-0.4000
pos,153,-2.1052,-1.6684,1.2211,0.0684
input,153,-0.1090,0.1002,-0.0754,0.0740
target,153,-2.0000,-1.5000,1.3000,0.0000
param,153,1.0611,0.4471,0.9554,-0.4000
pos,154,-2.1005,-1.6613,1.2219,0.0703
input,154,-0.1027,0.0944,-0.0788,0.0736
target,154,-2.0000,-1.5000,1.3000,0.0000
param,154,1.0611,0.4471,0.9554,-0.4000
pos,155,-2.0952,-1.6528,1.2228,0.0678
input,155,-0.0978,0.0890,-0.0813,0.0730
target,155,-2.0000,-1.5000,1.3000,0.0000
param,155,1.0611,0.4471,0.9554,-0.4000
pos,156,-2.0898,-1.6445,1.2236,0.0645
input,156,-0.0915,0.0820,-0.0750,0.0723
target,156,-2.0000,-1.5000,1.3000,0.0000
param,156,1.0611,0.4471,0.9554,-0.4000
pos,157,-2.0844,-1.6364,1.2246,0.0626
input,157,-0.0856,0.0749,-0.0677,0.0717
target,157,-0.5000,-1.5000,1.3000,0.0000
param,157,1.0611,0.4471,0.9554,-0.4000
pos,158,-2.0790,-1.6283,1.2254,0.0605
input,158,-0.0845,0.0737,-0.0680,0.0717
target,158,-0.5000,-1.5000,1.3000,0.0000
param,158,1.0611,0.4471,0.9554,-0.4000
pos,159,-2.0736,-1.6203,1.2262,0.0581
input,159,0.1854,0.5023,0.1120,0.0460
target,159,-0.5000,-1.5000,1.3000,0.0000
param,159,1.0611,0.4471,0.9554,-0.4000
pos,160,-2.0688,-1.6136,1.2271,0.0554
input,160,0.1854,0.5023,0.1120,0.0460
target,160,-0.5000,-1.5000,1.3000,0.0000
param,160,1.0611,0.4471,0.9554,-0.4000
pos,161,-2.0637,-1.6065,1.2279,0.0519
input,161,0.1854,0.5023,0.1120,0.0460
target,161,-0.5000,-1.5000,1.3000,0.0000
param,161,1.0611,0.4471,0.9554,-0.4000
pos,162,-2.0583,-1.5989,1.2288,0.0500
input,162,0.1854,0.5023,0.1120,0.0460
target,162,-0.5000,-1.5000,1.3000,0.0000
param,162,1.0611,0.4471,0.9554,-0.4000
pos,163,-2.0529,-1.5916,1.2297,0.0478
input,163,0.1854,0.5023,0.1120,0.0460
target,163,-0.5000,-1.5000,1.3000,0.0000
param,163,1.0611,0.4471,0.9554,-0.4000
pos,164,-2.0474,-1.5845,1.2306,0.0502
input,164,0.1854,0.5023,0.1120,0.0460
target,164,-0.5000,-1.5000,1.3000,0.0000
param,164,1.0611,0.4471,0.9554,-0.4000
pos,165,-2.0420,-1.5774,1.2313,0.0526
input,165,0.1854,0.5023,0.1120,0.0460
target,165,-0.5000,-1.5000,1.3000,0.0000
param,165,1.0611,0.4471,0.9554,-0.4000
pos,166,-2.0366,-1.5707,1.2322,0.0549
input,166,0.1854,0.5023,0.1120,0.0460
target,166,-0.5000,-1.5000,1.3000,0.0000
param,166,1.0611,0.4471,0.9554,-0.4000
pos,167,-2.0320,-1.5651,1.2331,0.0570
input,167,0.1854,0.5023,0.1120,0.0460
target,167,-0.5000,-1.5000,1.3000,0.0000
param,167,1.0611,0.4471,0.9554,-0.4000
pos,168,-2.0266,-1.5583,1.2340,0.0541
input,168,0.1854,0.5023,0.1120,0.0460
target,168,-0.5000,-1.5000,1.3000,0.0000
param,168,1.0611,0.4471,0.9554,-0.4000
pos,169,-2.0214,-1.5518,1.2350,0.0519
input,169,0.1854,0.5023,0.1120,0.0460
target,169,-0.5000,-1.5000,1.3000,0.0000
param,169,1.0611,0.4471,0.9554,-0.4000
pos,170,-2.0162,-1.5454,1.2358,0.0495
input,170,0.1790,0.5024,0.1012,0.0447
target,170,-0.5000,-1.5000,1.3000,0.0000
param,170,1.0611,0.4471,0.9554,-0.4000
pos,171,-2.0111,-1.5394,1.2367,0.0474
input,171,0.1790,0.5024,0.1012,0.0447
target,171,-0.5000,-1.5000,1.3000,0.0000
param,171,1.0611,0.4471,0.9554,-0.4000
pos,172,-2.0060,-1.5335,1.2376,0.0458
input,172,0.1790,0.5024,0.1012,0.0447
target,172,-0.5000,-1.5000,1.3000,0.0000
param,172,1.0611,0.4471,0.9554,-0.4000
pos,173,-2.0010,-1.5282,1.2384,0.0442
input,173,0.1790,0.5024,0.1012,0.0447
target,173,-0.5000,-1.5000,1.3000,0.0000
param,173,1.0611,0.4471,0.9554,-0.4000
pos,174,-1.9962,-1.5229,1.2391,0.0463
input,174,0.1790,0.5024,0.1012,0.0447
target,174,-0.5000,-1.5000,1.3000,0.0000
param,174,1.0611,0.4471,0.9554,-0.4000
pos,175,-1.9914,-1.5177,1.2396,0.0435
input,175,0.1790,0.5024,0.1012,0.0447
target,175,-0.5000,-1.5000,1.3000,0.0000
param,175,1.0611,0.4471,0.9554,-0.4000
pos,176,-1.9862,-1.5127,1.2404,0.0444
input,176,0.1790,0.5024,0.1012,0.0447
target,176,-0.5000,-1.5000,1.3000,0.0000
param,176,1.0611,0.4471,0.9554,-0.4000
pos,177,-1.9817,-1.5083,1.2412,0.0450
input,177,0.1708,0.5033,0.0947,0.0442
target,177,-0.5000,-1.5000,1.3000,0.0000
param,177,1.0611,0.4471,0.9554,-0.4000
pos,178,-1.9764,-1.5036,1.2416,0.0421
input,178,0.1708,0.5033,0.0947,0.0442
target,178,-0.5000,-1.5000,1.3000,0.0000
param,178,1.0611,0.4471,0.9554,-0.4000
pos,179,-1.9705,-1.4991,1.2422,0.0442
input,179,0.1708,0.5033,0.0947,0.0442
target,179,-0.5000,-1.5000,1.3000,0.0000
param,179,1.0611,0.4471,0.9554,-0.4000
pos,180,-1.9645,-1.4946,1.2425,0.0416
input,180,0.1708,0.5033,0.0947,0.0442
target,180,-0.5000,-1.5000,1.3000,0.0000
param,180,1.0611,0.4471,0.9554,-0.4000
pos,181,-1.9583,-1.4905,1.2430,0.0437
input,181,0.1708,0.5033,0.0947,0.0442
target,181,-0.5000,-1.5000,1.3000,0.0000
param,181,1.0611,0.4471,0.9554,-0.4000
pos,182,-1.9519,-1.4867,1.2433,0.0457
input,182,0.1611,0.5057,0.0847,0.0437
target,182,-0.5000,-1.5000,1.3000,0.0000
param,182,1.0611,0.4471,0.9554,-0.4000
pos,183,-1.9464,-1.4834,1.2436,0.0473
input,183,0.1611,0.5057,0.0847,0.0437
target,183,-0.5000,-1.5000,1.3000,0.0000
param,183,1.0611,0.4471,0.9554,-0.4000
pos,184,-1.9401,-1.4802,1.2438,0.0430
input,184,0.1611,0.5057,0.0847,0.0437
target,184,-0.5000,-1.5000,1.3000,0.0000
param,184,1.0611,0.4471,0.9554,-0.4000
pos,185,-1.9330,-1.4773,1.2439,0.0385
input,185,0.1611,0.5057,0.0847,0.0437
target,185,-0.5000,-1.5000,1.3000,0.0000
param,185,1.0611,0.4471,0.9554,-0.4000
pos,186,-1.9256,-1.4743,1.2440,0.0357
input,186,0.1504,0.5051,0.0794,0.0436
target,186,-0.5000,-1.5000,1.3000,0.0000
param,186,1.0611,0.4471,0.9554,-0.4000
pos,187,-1.9180,-1.4714,1.2441,0.0334
input,187,0.1504,0.5051,0.0794,0.0436
target,187,-0.5000,-1.5000,1.3000,0.0000
param,187,1.0611,0.4471,0.9554,-0.4000
pos,188,-1.9101,-1.4692,1.2444,0.0356
input,188,0.1504,0.5051,0.0794,0.0436
target,188,-0.5000,-1.5000,1.3000,0.0000
param,188,1.0611,0.4471,0.9554,-0.4000
pos,189,-1.9020,-1.4671,1.2447,0.0373
input,189,0.1406,0.5043,0.0735,0.0431
target,189,-0.5000,-1.5000,1.3000,0.0000
param,189,1.0611,0.4471,0.9554,-0.4000
pos,190,-1.8826,-1.4713,1.2447,0.0428
input,190,0.1406,0.5043,0.0735,0.0431
target,190,-0.5000,-1.5000,1.3000,0.0000
param,190,1.0611,0.4471,0.9554,-0.4000
pos,191,-1.8645,-1.4746,1.2447,0.0484
input,191,0.1406,0.5043,0.0735,0.0431
target,191,-0.5000,-1.5000,1.3000,0.0000
param,191,1.0611,0.4471,0.9554,-0.4000
pos,192,-1.8474,-1.4774,1.2446,0.0544
input,192,0.1311,0.5074,0.0596,0.0426
target,192,-0.5000,-1.5000,1.3000,0.0000
param,192,1.0611,0.4471,0.9554,-0.4000
pos,193,-1.8311,-1.4798,1.2446,0.0604
input,193,0.1264,0.4998,0.0435,0.0398
target,193,-0.5000,-1.5000,1.3000,0.0000
param,193,1.0611,0.4471,0.9554,-0.4000
pos,194,-1.8163,-1.4817,1.2446,0.0663
input,194,0.1264,0.4998,0.0435,0.0398
target,194,-0.5000,-1.5000,1.3000,0.0000
param,194,1.0611,0.4471,0.9554,-0.4000
pos,195,-1.8012,-1.4835,1.2443,0.0663
input,195,0.1264,0.4998,0.0435,0.0398
target,195,-0.5000,-1.5000,1.3000,0.0000
param,195,1.0611,0.4471,0.9554,-0.4000
pos,196,-1.7866,-1.4847,1.2440,0.0676
input,196,0.1207,0.5043,0.0291,0.0394
target,196,-0.5000,-1.5000,1.3000,0.0000
param,196,1.0611,0.4471,0.9554,-0.4000
pos,197,-1.7723,-1.4858,1.2438,0.0745
input,197,0.1207,0.5043,0.0291,0.0394
target,197,-0.5000,-1.5000,1.3000,0.0000
param,197,1.0611,0.4471,0.9554,-0.4000
pos,198,-1.7583,-1.4867,1.2436,0.0811
input,198,0.1253,0.5121,0.0449,0.0420
target,198,-0.5000,-1.5000,1.3000,0.0000
param,198,1.0611,0.4471,0.9554,-0.4000
pos,199,-1.7445,-1.4877,1.2435,0.0868
input,199,0.1194,0.5143,0.0329,0.0429
target,199,-0.5000,-1.5000,1.3000,0.0000
param,199,1.0611,0.4471,0.9554,-0.4000
pos,200,-1.7309,-1.4886,1.2435,0.0925
input,200,0.1194,0.5143,0.0329,0.0429
target,200,-0.5000,-1.5000,1.3000,0.0000
param,200,1.0611,0.4471,0.9554,-0.4000
pos,201,-1.7193,-1.4893,1.2434,0.0975
input,201,0.1194,0.5143,0.0329,0.0429
target,201,-0.5000,-1.5000,1.3000,0.0000
param,201,1.0611,0.4471,0.9554,-0.4000
pos,202,-1.7057,-1.4899,1.2429,0.0985
input,202,0.1164,0.5182,0.0173,0.0429
target,202,-0.5000,-1.5000,1.3000,0.0000
param,202,1.0611,0.4471,0.9554,-0.4000
pos,203,-1.6922,-1.4905,1.2428,0.1042
input,203,0.1164,0.5182,0.0173,0.0429
target,203,-0.5000,-1.5000,1.3000,0.0000
param,203,1.0611,0.4471,0.9554,-0.4000
pos,204,-1.6786,-1.4910,1.2425,0.1116
input,204,0.1164,0.5182,0.0173,0.0429
target,204,-0.5000,-1.5000,1.3000,0.0000
param,204,1.0611,0.4471,0.9554,-0.4000
pos,205,-1.6651,-1.4919,1.2425,0.1157
input,205,0.1132,0.5207,0.0035,0.0440
target,205,-0.5000,-1.5000,1.3000,0.0000
param,205,1.0611,0.4471,0.9554,-0.4000
pos,206,-1.6516,-1.4929,1.2425,0.1195
input,206,0.1132,0.5207,0.0035,0.0440
target,206,-0.5000,-1.5000,1.3000,0.0000
param,206,1.0611,0.4471,0.9554,-0.4000
pos,207,-1.6382,-1.4941,1.2426,0.1218
input,207,0.1132,0.5207,0.0035,0.0440
target,207,-0.5000,-1.5000,1.3000,0.0000
param,207,1.0611,0.4471,0.9554,-0.4000
pos,208,-1.6249,-1.4952,1.2427,0.1237
input,208,0.1132,0.5207,0.0035,0.0440
target,208,-0.5000,-1.5000,1.3000,0.0000
param,208,1.0611,0.4471,0.9554,-0.4000
pos,209,-1.6115,-1.4964,1.2428,0.1255
input,209,0.1072,0.5194,-0.0085,0.0451
target,209,-0.5000,-1.5000,1.3000,0.0000
param,209,1.0611,0.4471,0.9554,-0.4000
pos,210,-1.5981,-1.4976,1.2430,0.1273
input,210,0.1072,0.5194,-0.0085,0.0451
target,210,-0.5000,-1.5000,1.3000,0.0000
param,210,1.0611,0.4471,0.9554,-0.4000
pos,211,-1.5855,-1.4988,1.2431,0.1291
input,211,0.1072,0.5194,-0.0085,0.0451
target,211,-0.5000,-1.5000,1.3000,0.0000
param,211,1.0611,0.4471,0.9554,-0.4000
pos,212,-1.5717,-1.5001,1.2432,0.1306
input,212,0.1019,0.5162,-0.0142,0.0453
target,212,-0.5000,-1.5000,1.3000,0.0000
param,212,1.0611,0.4471,0.9554,-0.4000
pos,213,-1.5579,-1.5014,1.2433,0.1319
input,213,0.1019,0.5162,-0.0142,0.0453
target,213,-0.5000,-1.5000,1.3000,0.0000
param,213,1.0611,0.4471,0.9554,-0.4000
pos,214,-1.5441,-1.5027,1.2435,0.1333
input,214,0.1019,0.5162,-0.0142,0.0453
target,214,-0.5000,-1.5000,1.3000,0.0000
param,214,1.0611,0.4471,0.9554,-0.4000
pos,215,-1.5311,-1.5040,1.2436,0.1345
input,215,0.0951,0.5117,-0.0198,0.0459
target,215,-0.5000,-1.5000,1.3000,0.0000
param,215,1.0611,0.4471,0.9554,-0.4000
pos,216,-1.5180,-1.5054,1.2438,0.1357
input,216,0.0951,0.5117,-0.0198,0.0459
target,216,-0.5000,-1.5000,1.3000,0.0000
param,216,1.0611,0.4471,0.9554,-0.4000
pos,217,-1.5037,-1.5069,1.2440,0.1364
input,217,0.0951,0.5117,-0.0198,0.0459
target,217,-0.5000,-1.5000,1.3000,0.0000
param,217,1.0611,0.4471,0.9554,-0.4000
pos,218,-1.4894,-1.5084,1.2442,0.1373
input,218,0.0876,0.5062,-0.0245,0.0462
target,218,-0.5000,-1.5000,1.3000,0.0000
param,218,1.0611,0.4471,0.9554,-0.4000
pos,219,-1.4760,-1.5099,1.2444,0.1379
input,219,0.0876,0.5062,-0.0245,0.0462
target,219,-0.5000,-1.5000,1.3000,0.0000
param,219,1.0611,0.4471,0.9554,-0.4000
pos,220,-1.4615,-1.5115,1.2446,0.1386
input,220,0.0816,0.5017,-0.0278,0.0459
target,220,-0.5000,-1.5000,1.3000,0.0000
param,220,1.0611,0.4471,0.9554,-0.4000
pos,221,-1.4468,-1.5131,1.2449,0.1394
input,221,0.0816,0.5017,-0.0278,0.0459
target,221,-0.5000,-1.5000,1.3000,0.0000
param,221,1.0611,0.4471,0.9554,-0.4000
pos,222,-1.4321,-1.5149,1.2452,0.1400
input,222,0.0746,0.4965,-0.0314,0.0460
target,222,-0.5000,-1.5000,1.3000,0.0000
param,222,1.0611,0.4471,0.9554,-0.4000
pos,223,-1.4173,-1.5166,1.2455,0.1403
input,223,0.0746,0.4965,-0.0314,0.0460
target,223,-0.5000,-1.5000,1.3000,0.0000
param,223,1.0611,0.4471,0.9554,-0.4000
pos,224,-1.4026,-1.5183,1.2457,0.1403
input,224,0.0669,0.4906,-0.0348,0.0459
target,224,-0.5000,-1.5000,1.3000,0.0000
param,224,1.0611,0.4471,0.9554,-0.4000
pos,225,-1.3878,-1.5201,1.2460,0.1402
input,225,0.0669,0.4906,-0.0348,0.0459
target,225,-0.5000,-1.5000,1.3000,0.0000
param,225,1.0611,0.4471,0.9554,-0.4000
pos,226,-1.3728,-1.5220,1.2463,0.1399
input,226,0.0582,0.4838,-0.0381,0.0457
target,226,-0.5000,-1.5000,1.3000,0.0000
param,226,1.0611,0.4471,0.9554,-0.4000
pos,227,-1.3576,-1.5238,1.2465,0.1403
input,227,0.0582,0.4838,-0.0381,0.0457
target,227,-0.5000,-1.5000,1.3000,0.0000
param,227,1.0611,0.4471,0.9554,-0.4000
pos,228,-1.3425,-1.5259,1.2470,0.1390
input,228,0.0485,0.4765,-0.0427,0.0454
target,228,-0.5000,-1.5000,1.3000,0.0000
param,228,1.0611,0.4471,0.9554,-0.4000
pos,229,-1.3270,-1.5281,1.2474,0.1383
input,229,0.0485,0.4765,-0.0427,0.0454
target,229,-0.5000,-1.5000,1.3000,0.0000
param,229,1.0611,0.4471,0.9554,-0.4000
pos,230,-1.3126,-1.5302,1.2478,0.1373
input,230,0.0378,0.4673,-0.0436,0.0447
target,230,-0.5000,-1.5000,1.3000,0.0000
param,230,1.0611,0.4471,0.9554,-0.4000
pos,231,-1.2969,-1.5325,1.2483,0.1366
input,231,0.0378,0.4673,-0.0436,0.0447
target,231,-0.5000,-1.5000,1.3000,0.0000
param,231,1.0611,0.4471,0.9554,-0.4000
pos,232,-1.2809,-1.5347,1.2486,0.1380
input,232,0.0268,0.4577,-0.0459,0.0438
target,232,-0.5000,-1.5000,1.3000,0.0000
param,232,1.0611,0.4471,0.9554,-0.4000
pos,233,-1.2649,-1.5369,1.2488,0.1390
input,233,0.0210,0.4535,-0.0524,0.0426
target,233,-0.5000,-1.5000,1.3000,0.0000
param,233,1.0611,0.4471,0.9554,-0.4000
pos,234,-1.2488,-1.5393,1.2492,0.1396
input,234,0.0151,0.4492,-0.0573,0.0423
target,234,-0.5000,-1.5000,1.3000,0.0000
param,234,1.0611,0.4471,0.9554,-0.4000
pos,235,-1.2339,-1.5415,1.2494,0.1399
input,235,0.0089,0.4443,-0.0614,0.0419
target,235,-0.5000,-1.5000,1.3000,0.0000
param,235,1.0611,0.4471,0.9554,-0.4000
pos,236,-1.2177,-1.5440,1.2500,0.1383
input,236,0.0032,0.4396,-0.0648,0.0415
target,236,-0.5000,-1.5000,1.3000,0.0000
param,236,1.0611,0.4471,0.9554,-0.4000
pos,237,-1.2015,-1.5467,1.2505,0.1369
input,237,-0.0038,0.4331,-0.0655,0.0410
target,237,-0.5000,-1.5000,1.3000,0.0000
param,237,1.0611,0.4471,0.9554,-0.4000
pos,238,-1.1852,-1.5493,1.2511,0.1354
input,238,-0.0111,0.4263,-0.0668,0.0403
target,238,-0.5000,-1.5000,1.3000,0.0000
param,238,1.0611,0.4471,0.9554,-0.4000
pos,239,-1.1689,-1.5520,1.2516,0.1339
input,239,-0.0184,0.4193,-0.0682,0.0395
target,239,-0.5000,-1.5000,1.3000,0.0000
param,239,1.0611,0.4471,0.9554,-0.4000
pos,240,-1.1525,-1.5544,1.2519,0.1339
input,240,-0.0259,0.4121,-0.0693,0.0387
target,240,-0.5000,-1.5000,1.3000,0.0000
param,240,1.0611,0.4471,0.9554,-0.4000
pos,241,-1.1359,-1.5569,1.2522,0.1344
input,241,-0.0334,0.4055,-0.0743,0.0382
target,241,-0.5000,-1.5000,1.3000,0.0000
param,241,1.0611,0.4471,0.9554,-0.4000
pos,242,-1.1194,-1.5594,1.2524,0.1348
input,242,-0.0410,0.3990,-0.0800,0.0377
target,242,-0.5000,-1.5000,1.3000,0.0000
param,242,1.0611,0.4471,0.9554,-0.4000
pos,243,-1.1030,-1.5618,1.2527,0.1349
input,243,-0.0486,0.3922,-0.0855,0.0373
target,243,-0.5000,-1.5000,1.3000,0.0000
param,243,1.0611,0.4471,0.9554,-0.4000
pos,244,-1.0865,-1.5641,1.2530,0.1351
input,244,-0.0559,0.3828,-0.0900,0.0367
target,244,-0.5000,-1.5000,1.3000,0.0000
param,244,1.0611,0.4471,0.9554,-0.4000
pos,245,-1.0700,-1.5665,1.2533,0.1349
input,245,-0.0618,0.3649,-0.0933,0.0354
target,245,-0.5000,-1.5000,1.3000,0.0000
param,245,1.0611,0.4471,0.9554,-0.4000
pos,246,-1.0537,-1.5689,1.2536,0.1348
input,246,-0.0673,0.3475,-0.0982,0.0344
target,246,-0.5000,-1.5000,1.3000,0.0000
param,246,1.0611,0.4471,0.9554,-0.4000
pos,247,-1.0373,-1.5712,1.2539,0.1345
input,247,-0.0723,0.3309,-0.1028,0.0335
target,247,-0.5000,-1.5000,1.3000,0.0000
param,247,1.0611,0.4471,0.9554,-0.4000
pos,248,-1.0209,-1.5735,1.2541,0.1343
input,248,-0.0769,0.3148,-0.1061,0.0328
target,248,-0.5000,-1.5000,1.3000,0.0000
param,248,1.0611,0.4471,0.9554,-0.4000
pos,249,-1.0047,-1.5757,1.2544,0.1342
input,249,-0.0810,0.2994,-0.1095,0.0322
target,249,-0.5000,-1.5000,1.3000,0.0000
param,249,1.0611,0.4471,0.9554,-0.4000
pos,250,-0.9886,-1.5781,1.2549,0.1314
input,250,-0.0848,0.2846,-0.1123,0.0317
target,250,-0.5000,-1.5000,1.3000,0.0000
param,250,1.0611,0.4471,0.9554,-0.4000
pos,251,-0.9724,-1.5802,1.2552,0.1314
input,251,-0.0886,0.2691,-0.1092,0.0310
target,251,-0.5000,-1.5000,1.3000,0.0000
param,251,1.0611,0.4471,0.9554,-0.4000
pos,252,-0.9561,-1.5823,1.2554,0.1314
input,252,-0.0917,0.2554,-0.1122,0.0306
target,252,-0.5000,-1.5000,1.3000,0.0000
param,252,1.0611,0.4471,0.9554,-0.4000
pos,253,-0.9401,-1.5843,1.2556,0.1315
input,253,-0.0943,0.2424,-0.1143,0.0304
target,253,-0.5000,-1.5000,1.3000,0.0000
param,253,1.0611,0.4471,0.9554,-0.4000
pos,254,-0.9240,-1.5863,1.2559,0.1312
input,254,-0.0967,0.2298,-0.1162,0.0304
target,254,-0.5000,-1.5000,1.3000,0.0000
param,254,1.0611,0.4471,0.9554,-0.4000
pos,255,-0.9080,-1.5881,1.2561,0.1302
input,255,-0.0988,0.2176,-0.1170,0.0303
target,255,-0.5000,-1.5000,1.3000,0.0000
param,255,1.0611,0.4471,0.9554,-0.4000
pos,256,-0.8927,-1.5903,1.2574,0.1295
input,256,-0.1008,0.2054,-0.1163,0.0304
target,256,-0.5000,-1.5000,1.3000,0.0000
param,256,1.0611,0.4471,0.9554,-0.4000
pos,257,-0.8767,-1.5922,1.2571,0.1290
input,257,-0.1002,0.2012,-0.1208,0.0315
target,257,-0.5000,-1.5000,1.3000,0.0000
param,257,1.0611,0.4471,0.9554,-0.4000
pos,258,-0.8611,-1.5939,1.2574,0.1275
input,258,-0.1042,0.1827,-0.1156,0.0298
target,258,-0.5000,-1.5000,1.3000,0.0000
param,258,1.0611,0.4471,0.9554,-0.4000
pos,259,-0.8466,-1.5953,1.2576,0.1272
input,259,-0.1052,0.1718,-0.1135,0.0296
target,259,-0.5000,-1.5000,1.3000,0.0000
param,259,1.0611,0.4471,0.9554,-0.4000
pos,260,-0.8320,-1.5968,1.2577,0.1264
input,260,-0.1054,0.1633,-0.1135,0.0299
target,260,-0.5000,-1.5000,1.3000,0.0000
param,260,1.0611,0.4471,0.9554,-0.4000
pos,261,-0.8176,-1.5982,1.2578,0.1256
input,261,-0.1055,0.1548,-0.1119,0.0303
target,261,-0.5000,-1.5000,1.3000,0.0000
param,261,1.0611,0.4471,0.9554,-0.4000
pos,262,-0.8020,-1.5996,1.2579,0.1249
input,262,-0.1046,0.1516,-0.1144,0.0313
target,262,-0.5000,-1.5000,1.3000,0.0000
param,262,1.0611,0.4471,0.9554,-0.4000
pos,263,-0.7868,-1.6009,1.2580,0.1242
input,263,-0.1067,0.1361,-0.1091,0.0312
target,263,-0.5000,-1.5000,1.3000,0.0000
param,263,1.0611,0.4471,0.9554,-0.4000
pos,264,-0.7719,-1.6022,1.2580,0.1236
input,264,-0.1057,0.1334,-0.1110,0.0321
target,264,-0.5000,-1.5000,1.3000,0.0000
param,264,1.0611,0.4471,0.9554,-0.4000
pos,265,-0.7571,-1.6035,1.2581,0.1221
input,265,-0.1064,0.1241,-0.1096,0.0324
target,265,-0.5000,-1.5000,1.3000,0.0000
param,265,1.0611,0.4471,0.9554,-0.4000
pos,266,-0.7425,-1.6046,1.2582,0.1207
input,266,-0.1071,0.1150,-0.1085,0.0327
target,266,-0.5000,-1.5000,1.3000,0.0000
param,266,1.0611,0.4471,0.9554,-0.4000
pos,267,-0.7282,-1.6057,1.2582,0.1193
input,267,-0.1076,0.1060,-0.1058,0.0330
target,267,-0.5000,-1.5000,1.3000,0.0000
param,267,1.0611,0.4471,0.9554,-0.4000
pos,268,-0.7142,-1.6067,1.2581,0.1175
input,268,-0.1081,0.0975,-0.1034,0.0334
target,268,-0.5000,-1.5000,1.3000,0.0000
param,268,1.0611,0.4471,0.9554,-0.4000
pos,269,-0.7004,-1.6076,1.2581,0.1165
input,269,-0.1083,0.0894,-0.1009,0.0338
target,269,-0.5000,-1.5000,1.3000,0.0000
param,269,1.0611,0.4471,0.9554,-0.4000
pos,270,-0.6869,-1.6085,1.2581,0.1155
input,270,-0.1084,0.0815,-0.0977,0.0342
target,270,-0.5000,-1.5000,1.3000,0.0000
param,270,1.0611,0.4471,0.9554,-0.4000
pos,271,-0.6739,-1.6094,1.2582,0.1111
input,271,-0.1098,0.0686,-0.0943,0.0345
target,271,-0.5000,-1.5000,1.3000,0.0000
param,271,1.0611,0.4471,0.9554,-0.4000
pos,272,-0.6612,-1.6102,1.2583,0.1071
input,272,-0.1096,0.0612,-0.0859,0.0347
target,272,-0.5000,-1.5000,1.3000,0.0000
param,272,1.0611,0.4471,0.9554,-0.4000
pos,273,-0.6486,-1.6108,1.2584,0.1045
input,273,-0.1093,0.0543,-0.0790,0.0349
target,273,-0.5000,-1.5000,1.3000,0.0000
param,273,1.0611,0.4471,0.9554,-0.4000
pos,274,-0.6363,-1.6113,1.2583,0.1015
input,274,-0.1088,0.0480,-0.0752,0.0353
target,274,-0.5000,-1.5000,1.3000,0.0000
param,274,1.0611,0.4471,0.9554,-0.4000
pos,275,-0.6242,-1.6119,1.2582,0.1018
input,275,-0.1083,0.0420,-0.0707,0.0357
target,275,-0.5000,-1.5000,1.3000,0.0000
param,275,1.0611,0.4471,0.9554,-0.4000
pos,276,-0.6124,-1.6121,1.2580,0.1002
input,276,-0.1080,0.0369,-0.0730,0.0363
target,276,-0.5000,-1.5000,1.3000,0.0000
param,276,1.0611,0.4471,0.9554,-0.4000
pos,277,-0.6011,-1.6122,1.2577,0.0982
input,277,-0.1073,0.0315,-0.0715,0.0369
target,277,-0.5000,-3.0000,1.3000,0.0000
param,277,1.0611,0.4471,0.9554,-0.4000
pos,278,-0.5901,-1.6122,1.2575,0.0963
input,278,-0.1057,0.0311,-0.0710,0.0373
target,278,-0.5000,-3.0000,1.3000,0.0000
param,278,1.0611,0.4471,0.9554,-0.4000
pos,279,-0.5797,-1.6122,1.2574,0.0917
input,279,0.4934,0.1949,-0.0747,-0.0594
target,279,-0.5000,-3.0000,1.3000,0.0000
param,279,1.0611,0.4471,0.9554,-0.4000
pos,280,-0.5696,-1.6121,1.2573,0.0875
input,280,0.4934,0.1949,-0.0747,-0.0594
target,280,-0.5000,-3.0000,1.3000,0.0000
param,280,1.0611,0.4471,0.9554,-0.4000
pos,281,-0.5602,-1.6119,1.2569,0.0855
input,281,0.4845,0.1850,-0.0707,-0.0608
target,281,-0.5000,-3.0000,1.3000,0.0000
param,281,1.0611,0.4471,0.9554,-0.4000
pos,282,-0.5505,-1.6116,1.2568,0.0814
input,282,0.4845,0.1850,-0.0707,-0.0608
target,282,-0.5000,-3.0000,1.3000,0.0000
param,282,1.0611,0.4471,0.9554,-0.4000
pos,283,-0.5411,-1.6112,1.2566,0.0771
input,283,0.4762,0.1804,-0.0629,-0.0529
target,283,-0.5000,-3.0000,1.3000,0.0000
param,283,1.0611,0.4471,0.9554,-0.4000
pos,284,-0.5319,-1.6108,1.2564,0.0732
input,284,0.4787,0.1756,-0.0673,-0.0607
target,284,-0.5000,-3.0000,1.3000,0.0000
param,284,1.0611,0.4471,0.9554,-0.4000
pos,285,-0.5229,-1.6103,1.2561,0.0693
input,285,0.4706,0.1711,-0.0598,-0.0528
target,285,-0.5000,-3.0000,1.3000,0.0000
param,285,1.0611,0.4471,0.9554,-0.4000
pos,286,-0.5147,-1.6098,1.2558,0.0653
input,286,0.4720,0.1668,-0.0621,-0.0608
target,286,-0.5000,-3.0000,1.3000,0.0000
param,286,1.0611,0.4471,0.9554,-0.4000
pos,287,-0.5060,-1.6093,1.2555,0.0625
input,287,0.4640,0.1625,-0.0549,-0.0527
target,287,-0.5000,-3.0000,1.3000,0.0000
param,287,1.0611,0.4471,0.9554,-0.4000
pos,288,-0.4972,-1.6087,1.2549,0.0616
input,288,0.4652,0.1578,-0.0572,-0.0605
target,288,-0.5000,-3.0000,1.3000,0.0000
param,288,1.0611,0.4471,0.9554,-0.4000
pos,289,-0.4888,-1.6080,1.2543,0.0607
input,289,0.4595,0.1451,-0.0545,-0.0601
target,289,-0.5000,-3.0000,1.3000,0.0000
param,289,1.0611,0.4471,0.9554,-0.4000
pos,290,-0.4807,-1.6073,1.2538,0.0595
input,290,0.4595,0.1451,-0.0545,-0.0601
target,290,-0.5000,-3.0000,1.3000,0.0000
param,290,1.0611,0.4471,0.9554,-0.4000
pos,291,-0.4733,-1.6067,1.2533,0.0586
input,291,0.4541,0.1311,-0.0511,-0.0596
target,291,-0.5000,-3.0000,1.3000,0.0000
param,291,1.0611,0.4471,0.9554,-0.4000
pos,292,-0.4657,-1.6063,1.2529,0.0552
input,292,0.4541,0.1311,-0.0511,-0.0596
target,292,-0.5000,-3.0000,1.3000,0.0000
param,292,1.0611,0.4471,0.9554,-0.4000
pos,293,-0.4583,-1.6059,1.2525,0.0519
input,293,0.4479,0.1190,-0.0461,-0.0591
target,293,-0.5000,-3.0000,1.3000,0.0000
param,293,1.0611,0.4471,0.9554,-0.4000
pos,294,-0.4511,-1.6056,1.2521,0.0489
input,294,0.4479,0.1190,-0.0461,-0.0591
target,294,-0.5000,-3.0000,1.3000,0.0000
param,294,1.0611,0.4471,0.9554,-0.4000
pos,295,-0.4440,-1.6054,1.2517,0.0460
input,295,0.4409,0.1082,-0.0405,-0.0585
target,295,-0.5000,-3.0000,1.3000,0.0000
param,295,1.0611,0.4471,0.9554,-0.4000
pos,296,-0.4372,-1.6054,1.2512,0.0432
input,296,0.4409,0.1082,-0.0405,-0.0585
target,296,-0.5000,-3.0000,1.3000,0.0000
param,296,1.0611,0.4471,0.9554,-0.4000
pos,297,-0.4305,-1.6054,1.2508,0.0408
input,297,0.4338,0.1046,-0.0354,-0.0503
target,297,-0.5000,-3.0000,1.3000,0.0000
param,297,1.0611,0.4471,0.9554,-0.4000
pos,298,-0.4240,-1.6057,1.2503,0.0381
input,298,0.4339,0.0969,-0.0356,-0.0576
target,298,-0.5000,-3.0000,1.3000,0.0000
param,298,1.0611,0.4471,0.9554,-0.4000
pos,299,-0.4178,-1.6062,1.2498,0.0358
input,299,0.4270,0.0850,-0.0307,-0.0566
target,299,-0.5000,-3.0000,1.3000,0.0000
param,299,1.0611,0.4471,0.9554,-0.4000
pos,300,-0.4117,-1.6069,1.2494,0.0334
input,300,0.4270,0.0850,-0.0307,-0.0566
target,300,-0.5000,-3.0000,1.3000,0.0000
param,300,1.0611,0.4471,0.9554,-0.4000
pos,301,-0.4056,-1.6078,1.2488,0.0320
input,301,0.4200,0.0729,-0.0257,-0.0555
target,301,-0.5000,-3.0000,1.3000,0.0000
param,301,1.0611,0.4471,0.9554,-0.4000
pos,302,-0.3997,-1.6088,1.2481,0.0317
input,302,0.4200,0.0729,-0.0257,-0.0555
target,302,-0.5000,-3.0000,1.3000,0.0000
param,302,1.0611,0.4471,0.9554,-0.4000
pos,303,-0.3944,-1.6100,1.2476,0.0308
input,303,0.4140,0.0584,-0.0222,-0.0541
target,303,-0.5000,-3.0000,1.3000,0.0000
param,303,1.0611,0.4471,0.9554,-0.4000
pos,304,-0.3888,-1.6116,1.2469,0.0303
input,304,0.4140,0.0584,-0.0222,-0.0541
target,304,-0.5000,-3.0000,1.3000,0.0000
param,304,1.0611,0.4471,0.9554,-0.4000
pos,305,-0.3833,-1.6137,1.2462,0.0312
input,305,0.4078,0.0441,-0.0175,-0.0528
target,305,-0.5000,-3.0000,1.3000,0.0000
param,305,1.0611,0.4471,0.9554,-0.4000
pos,306,-0.3780,-1.6162,1.2455,0.0292
input,306,0.4051,0.0357,-0.0135,-0.0515
target,306,-0.5000,-3.0000,1.3000,0.0000
param,306,1.0611,0.4471,0.9554,-0.4000
pos,307,-0.3729,-1.6189,1.2451,0.0283
input,307,0.4051,0.0357,-0.0135,-0.0515
target,307,-0.5000,-3.0000,1.3000,0.0000
param,307,1.0611,0.4471,0.9554,-0.4000
pos,308,-0.3678,-1.6219,1.2446,0.0278
input,308,0.3979,0.0223,-0.0101,-0.0507
target,308,-0.5000,-3.0000,1.3000,0.0000
param,308,1.0611,0.4471,0.9554,-0.4000
pos,309,-0.3629,-1.6253,1.2441,0.0266
input,309,0.3979,0.0223,-0.0101,-0.0507
target,309,-0.5000,-3.0000,1.3000,0.0000
param,309,1.0611,0.4471,0.9554,-0.4000
pos,310,-0.3470,-1.6375,1.2428,0.0260
input,310,0.3920,0.0197,-0.0085,-0.0426
target,310,-0.5000,-3.0000,1.3000,0.0000
param,310,1.0611,0.4471,0.9554,-0.4000
pos,311,-0.3326,-1.6488,1.2417,0.0249
input,311,0.3908,0.0079,-0.0056,-0.0491
target,311,-0.5000,-3.0000,1.3000,0.0000
param,311,1.0611,0.4471,0.9554,-0.4000
pos,312,-0.3202,-1.6588,1.2406,0.0246
input,312,0.3851,0.0056,-0.0046,-0.0410
target,312,-0.5000,-3.0000,1.3000,0.0000
param,312,1.0611,0.4471,0.9554,-0.4000
pos,313,-0.3088,-1.6689,1.2396,0.0237
input,313,0.3851,-0.0040,-0.0007,-0.0474
target,313,-0.5000,-3.0000,1.3000,0.0000
param,313,1.0611,0.4471,0.9554,-0.4000
pos,314,-0.2985,-1.6784,1.2386,0.0232
input,314,0.3815,-0.0132,0.0030,-0.0458
target,314,-0.5000,-3.0000,1.3000,0.0000
param,314,1.0611,0.4471,0.9554,-0.4000
pos,315,-0.2892,-1.6877,1.2376,0.0222
input,315,0.3815,-0.0132,0.0030,-0.0458
target,315,-0.5000,-3.0000,1.3000,0.0000
param,315,1.0611,0.4471,0.9554,-0.4000
pos,316,-0.2808,-1.6965,1.2366,0.0229
input,316,0.3815,-0.0132,0.0030,-0.0458
target,316,-0.5000,-3.0000,1.3000,0.0000
param,316,1.0611,0.4471,0.9554,-0.4000
pos,317,-0.2733,-1.7047,1.2357,0.0216
input,317,0.3784,-0.0244,0.0047,-0.0441
target,317,-0.5000,-3.0000,1.3000,0.0000
param,317,1.0611,0.4471,0.9554,-0.4000
pos,318,-0.2664,-1.7136,1.2348,0.0258
input,318,0.3784,-0.0244,0.0047,-0.0441
target,318,-0.5000,-3.0000,1.3000,0.0000
param,318,1.0611,0.4471,0.9554,-0.4000
pos,319,-0.2601,-1.7221,1.2341,0.0239
input,319,0.3784,-0.0244,0.0047,-0.0441
target,319,-0.5000,-3.0000,1.3000,0.0000
param,319,1.0611,0.4471,0.9554,-0.4000
pos,320,-0.2545,-1.7297,1.2332,0.0241
input,320,0.3784,-0.0244,0.0047,-0.0441
target,320,-0.5000,-3.0000,1.3000,0.0000
param,320,1.0611,0.4471,0.9554,-0.4000
pos,321,-0.2491,-1.7381,1.2323,0.0244
input,321,0.3775,-0.0362,0.0055,-0.0420
target,321,-0.5000,-3.0000,1.3000,0.0000
param,321,1.0611,0.4471,0.9554,-0.4000
pos,322,-0.2443,-1.7464,1.2315,0.0251
input,322,0.3775,-0.0362,0.0055,-0.0420
target,322,-0.5000,-3.0000,1.3000,0.0000
param,322,1.0611,0.4471,0.9554,-0.4000
pos,323,-0.2398,-1.7548,1.2308,0.0253
input,323,0.3775,-0.0362,0.0055,-0.0420
target,323,-0.5000,-3.0000,1.3000,0.0000
param,323,1.0611,0.4471,0.9554,-0.4000
pos,324,-0.2358,-1.7632,1.2302,0.0258
input,324,0.3775,-0.0362,0.0055,-0.0420
target,324,-0.5000,-3.0000,1.3000,0.0000
param,324,1.0611,0.4471,0.9554,-0.4000
pos,325,-0.2321,-1.7710,1.2295,0.0262
input,325,0.3775,-0.0362,0.0055,-0.0420
target,325,-0.5000,-3.0000,1.3000,0.0000
param,325,1.0611,0.4471,0.9554,-0.4000
pos,326,-0.2293,-1.7776,1.2290,0.0268
input,326,0.3776,-0.0480,0.0053,-0.0400
target,326,-0.5000,-3.0000,1.3000,0.0000
param,326,1.0611,0.4471,0.9554,-0.4000
pos,327,-0.2261,-1.7868,1.2286,0.0252
input,327,0.3776,-0.0480,0.0053,-0.0400
target,327,-0.5000,-3.0000,1.3000,0.0000
param,327,1.0611,0.4471,0.9554,-0.4000
pos,328,-0.2232,-1.7960,1.2284,0.0239
input,328,0.3776,-0.0480,0.0053,-0.0400
target,328,-0.5000,-3.0000,1.3000,0.0000
param,328,1.0611,0.4471,0.9554,-0.4000
pos,329,-0.2205,-1.8052,1.2281,0.0225
input,329,0.3776,-0.0480,0.0053,-0.0400
target,329,-0.5000,-3.0000,1.3000,0.0000
param,329,1.0611,0.4471,0.9554,-0.4000
pos,330,-0.2184,-1.8136,1.2278,0.0214
input,330,0.3776,-0.0480,0.0053,-0.0400
target,330,-0.5000,-3.0000,1.3000,0.0000
param,330,1.0611,0.4471,0.9554,-0.4000
pos,331,-0.2159,-1.8230,1.2274,0.0217
input,331,0.3776,-0.0480,0.0053,-0.0400
target,331,-0.5000,-3.0000,1.3000,0.0000
param,331,1.0611,0.4471,0.9554,-0.4000
pos,332,-0.2139,-1.8324,1.2270,0.0191
input,332,0.3776,-0.0480,0.0053,-0.0400
target,332,-0.5000,-3.0000,1.3000,0.0000
param,332,1.0611,0.4471,0.9554,-0.4000
pos,333,-0.2121,-1.8405,1.2267,0.0166
input,333,0.3776,-0.0480,0.0053,-0.0400
target,333,-0.5000,-3.0000,1.3000,0.0000
param,333,1.0611,0.4471,0.9554,-0.4000
pos,334,-0.2103,-1.8502,1.2263,0.0175
input,334,0.3776,-0.0480,0.0053,-0.0400
target,334,-0.5000,-3.0000,1.3000,0.0000
param,334,1.0611,0.4471,0.9554,-0.4000
pos,335,-0.2085,-1.8599,1.2260,0.0175
input,335,0.3719,-0.0553,0.0106,-0.0377
target,335,-0.5000,-3.0000,1.3000,0.0000
param,335,1.0611,0.4471,0.9554,-0.4001
pos,336,-0.2070,-1.8696,1.2257,0.0186
input,336,0.3719,-0.0553,0.0106,-0.0377
target,336,-0.5000,-3.0000,1.3000,0.0000
param,336,1.0611,0.4471,0.9554,-0.4001
pos,337,-0.2057,-1.8794,1.2254,0.0197
input,337,0.3719,-0.0553,0.0106,-0.0377
target,337,-0.5000,-3.0000,1.3000,0.0000
param,337,1.0611,0.4471,0.9554,-0.4001
pos,338,-0.2045,-1.8893,1.2254,0.0191
input,338,0.3719,-0.0553,0.0106,-0.0377
target,338,-0.5000,-3.0000,1.3000,0.0000
param,338,1.0611,0.4471,0.9554,-0.4001
pos,339,-0.2037,-1.8993,1.2253,0.0179
input,339,0.3693,-0.0635,0.0104,-0.0354
target,339,-0.5000,-3.0000,1.3000,0.0000
param,339,1.0611,0.4471,0.9554,-0.4001
pos,340,-0.2026,-1.9094,1.2252,0.0160
input,340,0.3693,-0.0635,0.0104,-0.0354
target,340,-0.5000,-3.0000,1.3000,0.0000
param,340,1.0611,0.4471,0.9554,-0.4001
pos,341,-0.2014,-1.9194,1.2250,0.0179
input,341,0.3693,-0.0635,0.0104,-0.0354
target,341,-0.5000,-3.0000,1.3000,0.0000
param,341,1.0611,0.4471,0.9554,-0.4001
pos,342,-0.2005,-1.9295,1.2248,0.0192
input,342,0.3693,-0.0635,0.0104,-0.0354
target,342,-0.5000,-3.0000,1.3000,0.0000
param,342,1.0611,0.4471,0.9554,-0.4001
pos,343,-0.1997,-1.9397,1.2247,0.0211
input,343,0.3650,-0.0711,0.0122,-0.0339
target,343,-0.5000,-3.0000,1.3000,0.0000
param,343,1.0611,0.4471,0.9554,-0.4001
pos,344,-0.1992,-1.9493,1.2248,0.0208
input,344,0.3650,-0.0711,0.0122,-0.0339
target,344,-0.5000,-3.0000,1.3000,0.0000
param,344,1.0611,0.4471,0.9554,-0.4001
pos,345,-0.1987,-1.9597,1.2247,0.0222
input,345,0.3650,-0.0711,0.0122,-0.0339
target,345,-0.5000,-3.0000,1.3000,0.0000
param,345,1.0611,0.4471,0.9554,-0.4001
pos,346,-0.1979,-1.9702,1.2245,0.0241
input,346,0.3650,-0.0711,0.0122,-0.0339
target,346,-0.5000,-3.0000,1.3000,0.0000
param,346,1.0611,0.4471,0.9554,-0.4001
pos,347,-0.1971,-1.9809,1.2245,0.0263
input,347,0.3601,-0.0725,0.0092,-0.0263
target,347,-0.5000,-3.0000,1.3000,0.0000
param,347,1.0611,0.4471,0.9554,-0.4001
pos,348,-0.1969,-1.9909,1.2244,0.0238
input,348,0.3610,-0.0830,0.0104,-0.0320
target,348,-0.5000,-3.0000,1.3000,0.0000
param,348,1.0611,0.4471,0.9554,-0.4001
pos,349,-0.1963,-2.0010,1.2244,0.0251
input,349,0.3562,-0.0842,0.0071,-0.0244
target,349,-0.5000,-3.0000,1.3000,0.0000
param,349,1.0611,0.4471,0.9554,-0.4001
pos,350,-0.1956,-2.0120,1.2244,0.0267
input,350,0.3562,-0.0842,0.0071,-0.0244
target,350,-0.5000,-3.0000,1.3000,0.0000
param,350,1.0611,0.4471,0.9554,-0.4001
pos,351,-0.1949,-2.0230,1.2244,0.0283
input,351,0.3515,-0.0851,0.0038,-0.0171
target,351,-0.5000,-3.0000,1.3000,0.0000
param,351,1.0611,0.4471,0.9554,-0.4001
pos,352,-0.1945,-2.0341,1.2244,0.0295
input,352,0.3515,-0.0851,0.0038,-0.0171
target,352,-0.5000,-3.0000,1.3000,0.0000
param,352,1.0611,0.4471,0.9554,-0.4001
pos,353,-0.1939,-2.0452,1.2245,0.0313
input,353,0.3489,-0.0978,0.0068,-0.0226
target,353,-0.5000,-3.0000,1.3000,0.0000
param,353,1.0611,0.4471,0.9554,-0.4001
pos,354,-0.1934,-2.0564,1.2246,0.0329
input,354,0.3535,-0.0969,0.0107,-0.0300
target,354,-0.5000,-3.0000,1.3000,0.0000
param,354,1.0611,0.4471,0.9554,-0.4001
pos,355,-0.1930,-2.0677,1.2247,0.0336
input,355,0.3487,-0.1075,0.0115,-0.0278
target,355,-0.5000,-3.0000,1.3000,0.0000
param,355,1.0611,0.4471,0.9554,-0.4001
pos,356,-0.1925,-2.0790,1.2249,0.0342
input,356,0.3487,-0.1075,0.0115,-0.0278
target,356,-0.5000,-3.0000,1.3000,0.0000
param,356,1.0611,0.4471,0.9554,-0.4001
pos,357,-0.1923,-2.0904,1.2252,0.0346
input,357,0.3487,-0.1075,0.0115,-0.0278
target,357,-0.5000,-3.0000,1.3000,0.0000
param,357,1.0611,0.4471,0.9554,-0.4001
pos,358,-0.1920,-2.1018,1.2255,0.0354
input,358,0.3429,-0.1159,0.0129,-0.0263
target,358,-0.5000,-3.0000,1.3000,0.0000
param,358,1.0611,0.4471,0.9554,-0.4001
pos,359,-0.1917,-2.1133,1.2258,0.0362
input,359,0.3429,-0.1159,0.0129,-0.0263
target,359,-0.5000,-3.0000,1.3000,0.0000
param,359,1.0611,0.4471,0.9554,-0.4001
pos,360,-0.1915,-2.1250,1.2262,0.0361
input,360,0.3429,-0.1159,0.0129,-0.0263
target,360,-0.5000,-3.0000,1.3000,0.0000
param,360,1.0611,0.4471,0.9554,-0.4001
pos,361,-0.1911,-2.1366,1.2263,0.0348
input,361,0.3365,-0.1242,0.0135,-0.0247
target,361,-0.5000,-3.0000,1.3000,0.0000
param,361,1.0611,0.4471,0.9554,-0.4001
pos,362,-0.1908,-2.1482,1.2268,0.0351
input,362,0.3365,-0.1242,0.0135,-0.0247
target,362,-0.5000,-3.0000,1.3000,0.0000
param,362,1.0611,0.4471,0.9554,-0.4001
pos,363,-0.1905,-2.1598,1.2272,0.0355
input,363,0.3365,-0.1242,0.0135,-0.0247
target,363,-0.5000,-3.0000,1.3000,0.0000
param,363,1.0611,0.4471,0.9554,-0.4001
pos,364,-0.1902,-2.1714,1.2277,0.0362
input,364,0.3293,-0.1312,0.0156,-0.0229
target,364,-0.5000,-3.0000,1.3000,0.0000
param,364,1.0611,0.4471,0.9554,-0.4001
pos,365,-0.1899,-2.1829,1.2281,0.0368
input,365,0.3293,-0.1312,0.0156,-0.0229
target,365,-0.5000,-3.0000,1.3000,0.0000
param,365,1.0611,0.4471,0.9554,-0.4001
pos,366,-0.1899,-2.1943,1.2286,0.0375
input,366,0.3293,-0.1312,0.0156,-0.0229
target,366,-0.5000,-3.0000,1.3000,0.0000
param,366,1.0611,0.4471,0.9554,-0.4001
pos,367,-0.1899,-2.2057,1.2292,0.0380
input,367,0.3227,-0.1397,0.0149,-0.0212
target,367,-0.5000,-3.0000,1.3000,0.0000
param,367,1.0611,0.4471,0.9554,-0.4001
pos,368,-0.1899,-2.2171,1.2297,0.0389
input,368,0.3227,-0.1397,0.0149,-0.0212
target,368,-0.5000,-3.0000,1.3000,0.0000
param,368,1.0611,0.4471,0.9554,-0.4001
pos,369,-0.1899,-2.2283,1.2302,0.0396
input,369,0.3227,-0.1397,0.0149,-0.0212
target,369,-0.5000,-3.0000,1.3000,0.0000
param,369,1.0611,0.4471,0.9554,-0.4001
pos,370,-0.1901,-2.2387,1.2308,0.0399
input,370,0.3160,-0.1479,0.0146,-0.0196
target,370,-0.5000,-3.0000,1.3000,0.0000
param,370,1.0611,0.4471,0.9554,-0.4001
pos,371,-0.1902,-2.2498,1.2314,0.0405
input,371,0.3160,-0.1479,0.0146,-0.0196
target,371,-0.5000,-3.0000,1.3000,0.0000
param,371,1.0611,0.4471,0.9554,-0.4001
pos,372,-0.1903,-2.2607,1.2318,0.0412
input,372,0.3160,-0.1479,0.0146,-0.0196
target,372,-0.5000,-3.0000,1.3000,0.0000
param,372,1.0611,0.4471,0.9554,-0.4001
pos,373,-0.1904,-2.2716,1.2323,0.0423
input,373,0.3095,-0.1552,0.0143,-0.0179
target,373,-0.5000,-3.0000,1.3000,0.0000
param,373,1.0611,0.4471,0.9554,-0.4001
pos,374,-0.1908,-2.2816,1.2330,0.0431
input,374,0.3095,-0.1552,0.0143,-0.0179
target,374,-0.5000,-3.0000,1.3000,0.0000
param,374,1.0611,0.4471,0.9554,-0.4001
pos,375,-0.1911,-2.2922,1.2334,0.0421
input,375,0.3095,-0.1552,0.0143,-0.0179
target,375,-0.5000,-3.0000,1.3000,0.0000
param,375,1.0611,0.4471,0.9554,-0.4001
pos,376,-0.1914,-2.3026,1.2339,0.0428
input,376,0.3030,-0.1614,0.0144,-0.0164
target,376,-0.5000,-3.0000,1.3000,0.0000
param,376,1.0611,0.4471,0.9554,-0.4001
pos,377,-0.1917,-2.3128,1.2344,0.0435
input,377,0.3030,-0.1614,0.0144,-0.0164
target,377,-0.5000,-3.0000,1.3000,0.0000
param,377,1.0611,0.4471,0.9554,-0.4001
pos,378,-0.1920,-2.3228,1.2350,0.0446
input,378,0.3030,-0.1614,0.0144,-0.0164
target,378,-0.5000,-3.0000,1.3000,0.0000
param,378,1.0611,0.4471,0.9554,-0.4001
pos,379,-0.1925,-2.3326,1.2356,0.0455
input,379,0.2995,-0.1610,0.0073,-0.0099
target,379,-0.5000,-3.0000,1.3000,0.0000
param,379,1.0611,0.4471,0.9554,-0.4001
pos,380,-0.1931,-2.3423,1.2362,0.0470
input,380,0.2973,-0.1684,0.0121,-0.0147
target,380,-0.5000,-3.0000,1.3000,0.0000
param,380,1.0611,0.4471,0.9554,-0.4001
pos,381,-0.1935,-2.3516,1.2369,0.0469
input,381,0.2973,-0.1684,0.0121,-0.0147
target,381,-0.5000,-3.0000,1.3000,0.0000
param,381,1.0611,0.4471,0.9554,-0.4001
pos,382,-0.1941,-2.3608,1.2377,0.0473
input,382,0.2915,-0.1749,0.0102,-0.0135
target,382,-0.5000,-3.0000,1.3000,0.0000
param,382,1.0611,0.4471,0.9554,-0.4001
pos,383,-0.1947,-2.3699,1.2384,0.0477
input,383,0.2915,-0.1749,0.0102,-0.0135
target,383,-0.5000,-3.0000,1.3000,0.0000
param,383,1.0611,0.4471,0.9554,-0.4001
pos,384,-0.1955,-2.3787,1.2391,0.0479
input,384,0.2915,-0.1749,0.0102,-0.0135
target,384,-0.5000,-3.0000,1.3000,0.0000
param,384,1.0611,0.4471,0.9554,-0.4001
pos,385,-0.1962,-2.3875,1.2397,0.0484
input,385,0.2915,-0.1749,0.0102,-0.0135
target,385,-0.5000,-3.0000,1.3000,0.0000
param,385,1.0611,0.4471,0.9554,-0.4001
pos,386,-0.1972,-2.3962,1.2406,0.0491
input,386,0.2843,-0.1813,0.0077,-0.0123
target,386,-0.5000,-3.0000,1.3000,0.0000
param,386,1.0611,0.4471,0.9554,-0.4001
pos,387,-0.1980,-2.4046,1.2411,0.0497
input,387,0.2843,-0.1813,0.0077,-0.0123
target,387,-0.5000,-3.0000,1.3000,0.0000
param,387,1.0611,0.4471,0.9554,-0.4001
pos,388,-0.1988,-2.4130,1.2419,0.0500
input,388,0.2843,-0.1813,0.0077,-0.0123
target,388,-0.5000,-3.0000,1.3000,0.0000
param,388,1.0611,0.4471,0.9554,-0.4001
pos,389,-0.1998,-2.4212,1.2425,0.0507
input,389,0.2843,-0.1813,0.0077,-0.0123
target,389,-0.5000,-3.0000,1.3000,0.0000
param,389,1.0611,0.4471,0.9554,-0.4001
pos,390,-0.2008,-2.4293,1.2430,0.0515
input,390,0.2774,-0.1871,0.0046,-0.0111
target,390,-0.5000,-3.0000,1.3000,0.0000
param,390,1.0611,0.4471,0.9554,-0.4001
pos,391,-0.2017,-2.4374,1.2436,0.0524
input,391,0.2774,-0.1871,0.0046,-0.0111
target,391,-0.5000,-3.0000,1.3000,0.0000
param,391,1.0611,0.4471,0.9554,-0.4001
pos,392,-0.2029,-2.4454,1.2442,0.0526
input,392,0.2774,-0.1871,0.0046,-0.0111
target,392,-0.5000,-3.0000,1.3000,0.0000
param,392,1.0611,0.4471,0.9554,-0.4001
pos,393,-0.2040,-2.4533,1.2448,0.0527
input,393,0.2774,-0.1871,0.0046,-0.0111
target,393,-0.5000,-3.0000,1.3000,0.0000
param,393,1.0611,0.4471,0.9554,-0.4001
pos,394,-0.2050,-2.4613,1.2452,0.0537
input,394,0.2774,-0.1871,0.0046,-0.0111
target,394,-0.5000,-3.0000,1.3000,0.0000
param,394,1.0611,0.4471,0.9554,-0.4001
pos,395,-0.2062,-2.4691,1.2455,0.0545
input,395,0.2694,-0.1940,-0.0003,-0.0095
target,395,-0.5000,-3.0000,1.3000,0.0000
param,395,1.0611,0.4471,0.9554,-0.4001
pos,396,-0.2074,-2.4770,1.2458,0.0558
input,396,0.2694,-0.1940,-0.0003,-0.0095
target,396,-0.5000,-3.0000,1.3000,0.0000
param,396,1.0611,0.4471,0.9554,-0.4001
pos,397,-0.2086,-2.4848,1.2459,0.0570
input,397,0.2694,-0.1940,-0.0003,-0.0095
target,397,-0.5000,-3.0000,1.3000,0.0000
param,397,1.0611,0.4471,0.9554,-0.4000
pos,398,-0.2100,-2.4925,1.2461,0.0576
input,398,0.2694,-0.1940,-0.0003,-0.0095
target,398,-0.5000,-3.0000,1.3000,0.0000
param,398,1.0611,0.4471,0.9554,-0.4000
pos,399,-0.2114,-2.5005,1.2465,0.0581
input,399,0.2637,-0.2009,-0.0055,-0.0064
target,399,-0.5000,-3.0000,1.3000,0.0000
param,399,1.0611,0.4471,0.9554,-0.4000
pos,400,-0.2128,-2.5084,1.2467,0.0585
input,400,0.2637,-0.2009,-0.0055,-0.0064
target,400,-0.5000,-3.0000,1.3000,0.0000
param,400,1.0611,0.4471,0.9554,-0.4000
pos,401,-0.2144,-2.5163,1.2469,0.0589
input,401,0.2637,-0.2009,-0.0055,-0.0064
target,401,-0.5000,-3.0000,1.3000,0.0000
param,401,1.0611,0.4471,0.9554,-0.4000
pos,402,-0.2160,-2.5242,1.2470,0.0591
input,402,0.2637,-0.2009,-0.0055,-0.0064
target,402,-0.5000,-3.0000,1.3000,0.0000
param,402,1.0611,0.4471,0.9554,-0.4000
pos,403,-0.2175,-2.5321,1.2469,0.0599
input,403,0.2637,-0.2009,-0.0055,-0.0064
target,403,-0.5000,-3.0000,1.3000,0.0000
param,403,1.0611,0.4471,0.9554,-0.4000
pos,404,-0.2193,-2.5400,1.2469,0.0604
input,404,0.2554,-0.2078,-0.0097,-0.0029
target,404,-0.5000,-3.0000,1.3000,0.0000
param,404,1.0611,0.4471,0.9554,-0.4000
pos,405,-0.2211,-2.5480,1.2469,0.0610
input,405,0.2554,-0.2078,-0.0097,-0.0029
target,405,-0.5000,-3.0000,1.3000,0.0000
param,405,1.0611,0.4471,0.9554,-0.4000
pos,406,-0.2229,-2.5561,1.2467,0.0615
input,406,0.2554,-0.2078,-0.0097,-0.0029
target,406,-0.5000,-3.0000,1.3000,0.0000
param,406,1.0611,0.4471,0.9554,-0.4000
pos,407,-0.2248,-2.5640,1.2465,0.0621
input,407,0.2554,-0.2078,-0.0097,-0.0029
target,407,-0.5000,-3.0000,1.3000,0.0000
param,407,1.0611,0.4471,0.9554,-0.4000
pos,408,-0.2268,-2.5720,1.2463,0.0625
input,408,0.2486,-0.2142,-0.0138,0.0021
target,408,-0.5000,-3.0000,1.3000,0.0000
param,408,1.0611,0.4471,0.9554,-0.4000
pos,409,-0.2286,-2.5795,1.2460,0.0633
input,409,0.2486,-0.2142,-0.0138,0.0021
target,409,-0.5000,-3.0000,1.3000,0.0000
param,409,1.0611,0.4471,0.9554,-0.4000
pos,410,-0.2306,-2.5876,1.2457,0.0642
input,410,0.2486,-0.2142,-0.0138,0.0021
target,410,-0.5000,-3.0000,1.3000,0.0000
param,410,1.0611,0.4471,0.9554,-0.4000
pos,411,-0.2328,-2.5957,1.2454,0.0646
input,411,0.2486,-0.2142,-0.0138,0.0021
target,411,-0.5000,-3.0000,1.3000,0.0000
param,411,1.0611,0.4471,0.9554,-0.4000
pos,412,-0.2349,-2.6038,1.2450,0.0647
input,412,0.2420,-0.2209,-0.0193,0.0082
target,412,-0.5000,-3.0000,1.3000,0.0000
param,412,1.0611,0.4471,0.9554,-0.4000
pos,413,-0.2372,-2.6118,1.2445,0.0651
input,413,0.2420,-0.2209,-0.0193,0.0082
target,413,-0.5000,-3.0000,1.3000,0.0000
param,413,1.0611,0.4471,0.9554,-0.4000
pos,414,-0.2394,-2.6198,1.2439,0.0660
input,414,0.2420,-0.2209,-0.0193,0.0082
target,414,-0.5000,-3.0000,1.3000,0.0000
param,414,1.0611,0.4471,0.9554,-0.4000
pos,415,-0.2416,-2.6278,1.2433,0.0667
input,415,0.2420,-0.2209,-0.0193,0.0082
target,415,-0.5000,-3.0000,1.3000,0.0000
param,415,1.0611,0.4471,0.9554,-0.4000
pos,416,-0.2438,-2.6358,1.2426,0.0675
input,416,0.2348,-0.2279,-0.0248,0.0159
target,416,-0.5000,-3.0000,1.3000,0.0000
param,416,1.0611,0.4471,0.9554,-0.4000
pos,417,-0.2461,-2.6436,1.2420,0.0682
input,417,0.2348,-0.2279,-0.0248,0.0159
target,417,-0.5000,-3.0000,1.3000,0.0000
param,417,1.0611,0.4471,0.9554,-0.4000
pos,418,-0.2484,-2.6515,1.2414,0.0693
input,418,0.2348,-0.2279,-0.0248,0.0159
target,418,-0.5000,-3.0000,1.3000,0.0000
param,418,1.0611,0.4471,0.9554,-0.4000
pos,419,-0.2507,-2.6592,1.2408,0.0696
input,419,0.2292,-0.2338,-0.0307,0.0229
target,419,-0.5000,-3.0000,1.3000,0.0000
param,419,1.0611,0.4471,0.9554,-0.4000
pos,420,-0.2529,-2.6668,1.2402,0.0701
input,420,0.2292,-0.2338,-0.0307,0.0229
target,420,-0.5000,-3.0000,1.3000,0.0000
param,420,1.0611,0.4471,0.9554,-0.4000
pos,421,-0.2552,-2.6743,1.2396,0.0706
input,421,0.2292,-0.2338,-0.0307,0.0229
target,421,-0.5000,-3.0000,1.3000,0.0000
param,421,1.0611,0.4471,0.9554,-0.4000
pos,422,-0.2575,-2.6818,1.2391,0.0721
input,422,0.2292,-0.2338,-0.0307,0.0229
target,422,-0.5000,-3.0000,1.3000,0.0000
param,422,1.0611,0.4471,0.9554,-0.4000
pos,423,-0.2598,-2.6891,1.2385,0.0725
input,423,0.2212,-0.2405,-0.0390,0.0319
target,423,-0.5000,-3.0000,1.3000,0.0000
param,423,1.0611,0.4471,0.9554,-0.4000
pos,424,-0.2619,-2.6964,1.2379,0.0728
input,424,0.2212,-0.2405,-0.0390,0.0319
target,424,-0.5000,-3.0000,1.3000,0.0000
param,424,1.0611,0.4471,0.9554,-0.4000
pos,425,-0.2638,-2.7039,1.2371,0.0730
input,425,0.2212,-0.2405,-0.0390,0.0319
target,425,-0.5000,-3.0000,1.3000,0.0000
param,425,1.0611,0.4471,0.9554,-0.4000
pos,426,-0.2659,-2.7110,1.2363,0.0682
input,426,0.2050,-0.2333,-0.0401,0.0382
target,426,-0.5000,-3.0000,1.3000,0.0000
param,426,1.0611,0.4471,0.9554,-0.4000
pos,427,-0.2680,-2.7179,1.2356,0.0632
input,427,0.1986,-0.2261,-0.0335,0.0427
target,427,-0.5000,-3.0000,1.3000,0.0000
param,427,1.0611,0.4471,0.9554,-0.4000
pos,428,-0.2700,-2.7248,1.2348,0.0581
input,428,0.1986,-0.2261,-0.0335,0.0427
target,428,-0.5000,-3.0000,1.3000,0.0000
param,428,1.0611,0.4471,0.9554,-0.4000
pos,429,-0.2721,-2.7315,1.2341,0.0539
input,429,0.1862,-0.2120,-0.0164,0.0461
target,429,-0.5000,-3.0000,1.3000,0.0000
param,429,1.0611,0.4471,0.9554,-0.4000
pos,430,-0.2742,-2.7381,1.2335,0.0492
input,430,0.1862,-0.2120,-0.0164,0.0461
target,430,-0.5000,-3.0000,1.3000,0.0000
param,430,1.0611,0.4471,0.9554,-0.4000
pos,431,-0.2764,-2.7446,1.2329,0.0464
input,431,0.1750,-0.1996,-0.0047,0.0503
target,431,-0.5000,-3.0000,1.3000,0.0000
param,431,1.0611,0.4471,0.9554,-0.4000
pos,432,-0.2786,-2.7512,1.2323,0.0424
input,432,0.1750,-0.1996,-0.0047,0.0503
target,432,-0.5000,-3.0000,1.3000,0.0000
param,432,1.0611,0.4471,0.9554,-0.4000
pos,433,-0.2806,-2.7571,1.2317,0.0376
input,433,0.1641,-0.1896,0.0029,0.0537
target,433,-0.5000,-3.0000,1.3000,0.0000
param,433,1.0611,0.4471,0.9554,-0.4000
pos,434,-0.2827,-2.7635,1.2311,0.0334
input,434,0.1641,-0.1896,0.0029,0.0537
target,434,-0.5000,-3.0000,1.3000,0.0000
param,434,1.0611,0.4471,0.9554,-0.4000
pos,435,-0.2850,-2.7695,1.2307,0.0322
input,435,0.1543,-0.1790,0.0151,0.0569
target,435,-0.5000,-3.0000,1.3000,0.0000
param,435,1.0611,0.4471,0.9554,-0.4000
pos,436,-0.2873,-2.7754,1.2302,0.0296
input,436,0.1543,-0.1790,0.0151,0.0569
target,436,-0.5000,-3.0000,1.3000,0.0000
param,436,1.0611,0.4471,0.9554,-0.4000
pos,437,-0.2895,-2.7812,1.2297,0.0283
input,437,0.1452,-0.1720,0.0157,0.0594
target,437,-0.5000,-3.0000,1.3000,0.0000
param,437,1.0611,0.4471,0.9554,-0.4000
pos,438,-0.2917,-2.7870,1.2291,0.0212
input,438,0.1452,-0.1720,0.0157,0.0594
target,438,-0.5000,-3.0000,1.3000,0.0000
param,438,1.0611,0.4471,0.9554,-0.4000
pos,439,-0.2942,-2.7923,1.2289,0.0142
input,439,0.1360,-0.1633,0.0269,0.0616
target,439,-0.5000,-3.0000,1.3000,0.0000
param,439,1.0611,0.4471,0.9554,-0.4000
pos,440,-0.2964,-2.7981,1.2282,0.0090
input,440,0.1321,-0.1570,0.0360,0.0630
target,440,-0.5000,-3.0000,1.3000,0.0000
param,440,1.0611,0.4471,0.9554,-0.4000
pos,441,-0.2987,-2.8037,1.2276,0.0045
input,441,0.1321,-0.1570,0.0360,0.0630
target,441,-0.5000,-3.0000,1.3000,0.0000
param,441,1.0611,0.4471,0.9554,-0.4000
pos,442,-0.3009,-2.8093,1.2270,0.0008
input,442,0.1230,-0.1492,0.0485,0.0646
target,442,-0.5000,-3.0000,1.3000,0.0000
param,442,1.0611,0.4471,0.9554,-0.4000
pos,443,-0.3034,-2.8150,1.2265,-0.0013
input,443,0.1230,-0.1492,0.0485,0.0646
target,443,-0.5000,-3.0000,1.3000,0.0000
param,443,1.0611,0.4471,0.9554,-0.4000
pos,444,-0.3062,-2.8201,1.2263,0.0023
input,444,0.1146,-0.1437,0.0514,0.0668
target,444,-0.5000,-3.0000,1.3000,0.0000
param,444,1.0611,0.4471,0.9554,-0.4000
pos,445,-0.3088,-2.8253,1.2261,0.0062
input,445,0.1115,-0.1438,0.0393,0.0680
target,445,-0.5000,-3.0000,1.3000,0.0000
param,445,1.0611,0.4471,0.9554,-0.4000
pos,446,-0.3114,-2.8306,1.2258,0.0102
input,446,0.1078,-0.1442,0.0284,0.0684
target,446,-0.5000,-3.0000,1.3000,0.0000
param,446,1.0611,0.4471,0.9554,-0.4000
pos,447,-0.3144,-2.8358,1.2258,0.0133
input,447,0.1041,-0.1443,0.0177,0.0689
target,447,-0.5000,-3.0000,1.3000,0.0000
param,447,1.0611,0.4471,0.9554,-0.4000
pos,448,-0.3174,-2.8410,1.2257,0.0168
input,448,0.1004,-0.1436,0.0086,0.0691
target,448,-0.5000,-3.0000,1.3000,0.0000
param,448,1.0611,0.4471,0.9554,-0.4000
pos,449,-0.3200,-2.8475,1.2252,0.0203
input,449,0.0966,-0.1427,-0.0009,0.0695
target,449,-0.5000,-3.0000,1.3000,0.0000
param,449,1.0611,0.4471,0.9554,-0.4000
pos,450,-0.3228,-2.8526,1.2246,0.0161
input,450,0.0911,-0.1429,-0.0102,0.0703
target,450,-0.5000,-3.0000,1.3000,0.0000
param,450,1.0611,0.4471,0.9554,-0.4000
pos,451,-0.3256,-2.8576,1.2241,0.0126
input,451,0.0874,-0.1390,-0.0033,0.0714
target,451,-0.5000,-3.0000,1.3000,0.0000
param,451,1.0611,0.4471,0.9554,-0.4000
pos,452,-0.3288,-2.8627,1.2239,0.0157
input,452,0.0874,-0.1390,-0.0033,0.0714
target,452,-0.5000,-3.0000,1.3000,0.0000
param,452,1.0611,0.4471,0.9554,-0.4000
pos,453,-0.3319,-2.8675,1.2236,0.0128
input,453,0.0809,-0.1333,-0.0073,0.0723
target,453,-0.5000,-3.0000,1.3000,0.0000
param,453,1.0611,0.4471,0.9554,-0.4000
pos,454,-0.3351,-2.8724,1.2231,0.0110
input,454,0.0809,-0.1333,-0.0073,0.0723
target,454,-0.5000,-3.0000,1.3000,0.0000
param,454,1.0611,0.4471,0.9554,-0.4000
pos,455,-0.3383,-2.8774,1.2227,0.0087
input,455,0.0745,-0.1261,-0.0025,0.0734
target,455,-0.5000,-3.0000,1.3000,0.0000
param,455,1.0611,0.4471,0.9554,-0.4000
pos,456,-0.3410,-2.8816,1.2223,0.0063
input,456,0.0745,-0.1261,-0.0025,0.0734
target,456,-0.5000,-3.0000,1.3000,0.0000
param,456,1.0611,0.4471,0.9554,-0.4000
pos,457,-0.3448,-2.8862,1.2221,0.0096
input,457,0.0685,-0.1199,0.0014,0.0746
target,457,-0.5000,-3.0000,1.3000,0.0000
param,457,1.0611,0.4471,0.9554,-0.4000
pos,458,-0.3481,-2.8911,1.2218,0.0077
input,458,0.0658,-0.1178,-0.0085,0.0752
target,458,-0.5000,-3.0000,1.3000,0.0000
param,458,1.0611,0.4471,0.9554,-0.4000
pos,459,-0.3518,-2.8957,1.2217,0.0111
input,459,0.0658,-0.1178,-0.0085,0.0752
target,459,-0.5000,-3.0000,1.3000,0.0000
param,459,1.0611,0.4471,0.9554,-0.4000
pos,460,-0.3551,-2.9005,1.2213,0.0098
input,460,0.0594,-0.1127,-0.0152,0.0757
target,460,-2.0000,-3.0000,1.3000,0.0000
param,460,1.0611,0.4471,0.9554,-0.4000
pos,461,-0.3584,-2.9053,1.2210,0.0085
input,461,0.0588,-0.1112,-0.0171,0.0755
target,461,-2.0000,-3.0000,1.3000,0.0000
param,461,1.0611,0.4471,0.9554,-0.4000
pos,462,-0.3632,-2.9093,1.2207,0.0075
input,462,-0.1871,-0.4931,0.1222,0.0473
target,462,-2.0000,-3.0000,1.3000,0.0000
param,462,1.0611,0.4471,0.9554,-0.4000
pos,463,-0.3678,-2.9133,1.2205,0.0064
input,463,-0.1871,-0.4931,0.1222,0.0473
target,463,-2.0000,-3.0000,1.3000,0.0000
param,463,1.0611,0.4471,0.9554,-0.4000
pos,464,-0.3708,-2.9180,1.2201,0.0050
input,464,-0.1871,-0.4931,0.1222,0.0473
target,464,-2.0000,-3.0000,1.3000,0.0000
param,464,1.0611,0.4471,0.9554,-0.4000
pos,465,-0.3739,-2.9227,1.2198,0.0037
input,465,-0.1871,-0.4931,0.1222,0.0473
target,465,-2.0000,-3.0000,1.3000,0.0000
param,465,1.0611,0.4471,0.9554,-0.4000
pos,466,-0.3770,-2.9272,1.2195,0.0030
input,466,-0.1871,-0.4931,0.1222,0.0473
target,466,-2.0000,-3.0000,1.3000,0.0000
param,466,1.0611,0.4471,0.9554,-0.4000
pos,467,-0.3808,-2.9322,1.2202,0.0025
input,467,-0.1871,-0.4931,0.1222,0.0473
target,467,-2.0000,-3.0000,1.3000,0.0000
param,467,1.0611,0.4471,0.9554,-0.4000
pos,468,-0.3842,-2.9364,1.2201,0.0080
input,468,-0.1871,-0.4931,0.1222,0.0473
target,468,-2.0000,-3.0000,1.3000,0.0000
param,468,1.0611,0.4471,0.9554,-0.4000
pos,469,-0.3874,-2.9403,1.2200,0.0133
input,469,-0.1750,-0.4952,0.1156,0.0487
target,469,-2.0000,-3.0000,1.3000,0.0000
param,469,1.0611,0.4471,0.9554,-0.4000
pos,470,-0.3907,-2.9445,1.2196,0.0124
input,470,-0.1750,-0.4952,0.1156,0.0487
target,470,-2.0000,-3.0000,1.3000,0.0000
param,470,1.0611,0.4471,0.9554,-0.4000
pos,471,-0.3939,-2.9486,1.2192,0.0113
input,471,-0.1750,-0.4952,0.1156,0.0487
target,471,-2.0000,-3.0000,1.3000,0.0000
param,471,1.0611,0.4471,0.9554,-0.4000
pos,472,-0.3970,-2.9525,1.2188,0.0105
input,472,-0.1750,-0.4952,0.1156,0.0487
target,472,-2.0000,-3.0000,1.3000,0.0000
param,472,1.0611,0.4471,0.9554,-0.4000
pos,473,-0.4004,-2.9564,1.2184,0.0100
input,473,-0.1750,-0.4952,0.1156,0.0487
target,473,-2.0000,-3.0000,1.3000,0.0000
param,473,1.0611,0.4471,0.9554,-0.4000
pos,474,-0.4039,-2.9603,1.2181,0.0095
input,474,-0.1651,-0.4979,0.1125,0.0487
target,474,-2.0000,-3.0000,1.3000,0.0000
param,474,1.0611,0.4471,0.9554,-0.4000
pos,475,-0.4074,-2.9641,1.2177,0.0091
input,475,-0.1651,-0.4979,0.1125,0.0487
target,475,-2.0000,-3.0000,1.3000,0.0000
param,475,1.0611,0.4471,0.9554,-0.4000
pos,476,-0.4114,-2.9671,1.2178,0.0084
input,476,-0.1651,-0.4979,0.1125,0.0487
target,476,-2.0000,-3.0000,1.3000,0.0000
param,476,1.0611,0.4471,0.9554,-0.4000
pos,477,-0.4154,-2.9705,1.2177,0.0133
input,477,-0.1651,-0.4979,0.1125,0.0487
target,477,-2.0000,-3.0000,1.3000,0.0000
param,477,1.0611,0.4471,0.9554,-0.4000
pos,478,-0.4193,-2.9740,1.2175,0.0149
input,478,-0.1651,-0.4979,0.1125,0.0487
target,478,-2.0000,-3.0000,1.3000,0.0000
param,478,1.0611,0.4471,0.9554,-0.4000
pos,479,-0.4231,-2.9774,1.2171,0.0132
input,479,-0.1544,-0.5011,0.1062,0.0490
target,479,-2.0000,-3.0000,1.3000,0.0000
param,479,1.0611,0.4471,0.9554,-0.4000
pos,480,-0.4270,-2.9807,1.2167,0.0110
input,480,-0.1544,-0.5011,0.1062,0.0490
target,480,-2.0000,-3.0000,1.3000,0.0000
param,480,1.0611,0.4471,0.9554,-0.4000
pos,481,-0.4311,-2.9838,1.2163,0.0093
input,481,-0.1544,-0.5011,0.1062,0.0490
target,481,-2.0000,-3.0000,1.3000,0.0000
param,481,1.0611,0.4471,0.9554,-0.4000
pos,482,-0.4353,-2.9868,1.2160,0.0085
input,482,-0.1544,-0.5011,0.1062,0.0490
target,482,-2.0000,-3.0000,1.3000,0.0000
param,482,1.0611,0.4471,0.9554,-0.4000
pos,483,-0.4396,-2.9898,1.2157,0.0091
input,483,-0.1452,-0.4995,0.1066,0.0493
target,483,-2.0000,-3.0000,1.3000,0.0000
param,483,1.0611,0.4471,0.9554,-0.4000
pos,484,-0.4443,-2.9923,1.2156,0.0143
input,484,-0.1452,-0.4995,0.1066,0.0493
target,484,-2.0000,-3.0000,1.3000,0.0000
param,484,1.0611,0.4471,0.9554,-0.4000
pos,485,-0.4492,-2.9947,1.2156,0.0197
input,485,-0.1452,-0.4995,0.1066,0.0493
target,485,-2.0000,-3.0000,1.3000,0.0000
param,485,1.0611,0.4471,0.9554,-0.4000
pos,486,-0.4542,-2.9970,1.2155,0.0250
input,486,-0.1372,-0.5062,0.0938,0.0489
target,486,-2.0000,-3.0000,1.3000,0.0000
param,486,1.0611,0.4471,0.9554,-0.4000
pos,487,-0.4594,-2.9992,1.2154,0.0303
input,487,-0.1372,-0.5062,0.0938,0.0489
target,487,-2.0000,-3.0000,1.3000,0.0000
param,487,1.0611,0.4471,0.9554,-0.4000
pos,488,-0.4647,-3.0013,1.2154,0.0358
input,488,-0.1372,-0.5062,0.0938,0.0489
target,488,-2.0000,-3.0000,1.3000,0.0000
param,488,1.0611,0.4471,0.9554,-0.4000
pos,489,-0.4702,-3.0032,1.2153,0.0407
input,489,-0.1291,-0.5146,0.0796,0.0488
target,489,-2.0000,-3.0000,1.3000,0.0000
param,489,1.0611,0.4471,0.9554,-0.4000
pos,490,-0.4760,-3.0050,1.2152,0.0455
input,490,-0.1291,-0.5146,0.0796,0.0488
target,490,-2.0000,-3.0000,1.3000,0.0000
param,490,1.0611,0.4471,0.9554,-0.4000
pos,491,-0.4820,-3.0067,1.2151,0.0501
input,491,-0.1291,-0.5146,0.0796,0.0488
target,491,-2.0000,-3.0000,1.3000,0.0000
param,491,1.0611,0.4471,0.9554,-0.4000
pos,492,-0.4882,-3.0082,1.2151,0.0545
input,492,-0.1207,-0.5214,0.0659,0.0488
target,492,-2.0000,-3.0000,1.3000,0.0000
param,492,1.0611,0.4471,0.9554,-0.4000
pos,493,-0.5045,-3.0042,1.2148,0.0616
input,493,-0.1207,-0.5214,0.0659,0.0488
target,493,-2.0000,-3.0000,1.3000,0.0000
param,493,1.0611,0.4471,0.9554,-0.4000
pos,494,-0.5197,-3.0009,1.2146,0.0685
input,494,-0.1207,-0.5214,0.0659,0.0488
target,494,-2.0000,-3.0000,1.3000,0.0000
param,494,1.0611,0.4471,0.9554,-0.4000
pos,495,-0.5340,-2.9981,1.2145,0.0756
input,495,-0.1134,-0.5272,0.0518,0.0488
target,495,-2.0000,-3.0000,1.3000,0.0000
param,495,1.0611,0.4471,0.9554,-0.4000
pos,496,-0.5476,-2.9958,1.2143,0.0826
input,496,-0.1134,-0.5272,0.0518,0.0488
target,496,-2.0000,-3.0000,1.3000,0.0000
param,496,1.0611,0.4471,0.9554,-0.4000
pos,497,-0.5605,-2.9940,1.2142,0.0898
input,497,-0.1134,-0.5272,0.0518,0.0488
target,497,-2.0000,-3.0000,1.3000,0.0000
param,497,1.0611,0.4471,0.9554,-0.4000
pos,498,-0.5728,-2.9926,1.2140,0.0932
input,498,-0.1095,-0.5333,0.0365,0.0487
target,498,-2.0000,-3.0000,1.3000,0.0000
param,498,1.0611,0.4471,0.9554,-0.4000
pos,499,-0.5847,-2.9913,1.2138,0.0962
input,499,-0.1095,-0.5333,0.0365,0.0487
target,499,-2.0000,-3.0000,1.3000,0.0000
param,499,1.0611,0.4471,0.9554,-0.4000
pos,500,-0.5963,-2.9904,1.2137,0.0992
input,500,-0.1095,-0.5333,0.0365,0.0487
target,500,-2.0000,-3.0000,1.3000,0.0000
param,500,1.0611,0.4471,0.9554,-0.4000
pos,501,-0.6075,-2.9898,1.2135,0.1044
input,501,-0.1095,-0.5333,0.0365,0.0487
target,501,-2.0000,-3.0000,1.3000,0.0000
param,501,1.0611,0.4471,0.9554,-0.4000
pos,502,-0.6193,-2.9888,1.2138,0.1081
input,502,-0.1095,-0.5333,0.0365,0.0487
target,502,-2.0000,-3.0000,1.3000,0.0000
param,502,1.0611,0.4471,0.9554,-0.4000
pos,503,-0.6309,-2.9878,1.2141,0.1115
input,503,-0.1055,-0.5359,0.0241,0.0499
target,503,-2.0000,-3.0000,1.3000,0.0000
param,503,1.0611,0.4471,0.9554,-0.4000
pos,504,-0.6422,-2.9871,1.2142,0.1185
input,504,-0.1055,-0.5359,0.0241,0.0499
target,504,-2.0000,-3.0000,1.3000,0.0000
param,504,1.0611,0.4471,0.9554,-0.4000
pos,505,-0.6534,-2.9864,1.2143,0.1252
input,505,-0.1055,-0.5359,0.0241,0.0499
target,505,-2.0000,-3.0000,1.3000,0.0000
param,505,1.0611,0.4471,0.9554,-0.4000
pos,506,-0.6647,-2.9859,1.2145,0.1317
input,506,-0.1055,-0.5359,0.0241,0.0499
target,506,-2.0000,-3.0000,1.3000,0.0000
param,506,1.0611,0.4471,0.9554,-0.4000
pos,507,-0.6760,-2.9853,1.2146,0.1381
input,507,-0.1042,-0.5409,0.0047,0.0502
target,507,-2.0000,-3.0000,1.3000,0.0000
param,507,1.0611,0.4471,0.9554,-0.4000
pos,508,-0.6867,-2.9848,1.2148,0.1442
input,508,-0.1042,-0.5409,0.0047,0.0502
target,508,-2.0000,-3.0000,1.3000,0.0000
param,508,1.0611,0.4471,0.9554,-0.4000
pos,509,-0.6984,-2.9841,1.2150,0.1501
input,509,-0.1042,-0.5409,0.0047,0.0502
target,509,-2.0000,-3.0000,1.3000,0.0000
param,509,1.0611,0.4471,0.9554,-0.4000
pos,510,-0.7101,-2.9835,1.2153,0.1556
input,510,-0.1037,-0.5442,-0.0099,0.0507
target,510,-2.0000,-3.0000,1.3000,0.0000
param,510,1.0611,0.4471,0.9554,-0.4000
pos,511,-0.7219,-2.9829,1.2155,0.1611
input,511,-0.1037,-0.5442,-0.0099,0.0507
target,511,-2.0000,-3.0000,1.3000,0.0000
param,511,1.0611,0.4471,0.9554,-0.4000
pos,512,-0.7339,-2.9822,1.2158,0.1659
input,512,-0.1037,-0.5442,-0.0099,0.0507
target,512,-2.0000,-3.0000,1.3000,0.0000
param,512,1.0611,0.4471,0.9554,-0.4000
pos,513,-0.7460,-2.9815,1.2161,0.1708
input,513,-0.1037,-0.5442,-0.0099,0.0507
target,513,-2.0000,-3.0000,1.3000,0.0000
param,513,1.0611,0.4471,0.9554,-0.4000
pos,514,-0.7582,-2.9808,1.2164,0.1757
input,514,-0.0994,-0.5352,-0.0243,0.0486
target,514,-2.0000,-3.0000,1.3000,0.0000
param,514,1.0611,0.4471,0.9554,-0.4000
pos,515,-0.7705,-2.9800,1.2168,0.1801
input,515,-0.0973,-0.5365,-0.0416,0.0496
target,515,-2.0000,-3.0000,1.3000,0.0000
param,515,1.0611,0.4471,0.9554,-0.4000
pos,516,-0.7830,-2.9792,1.2171,0.1845
input,516,-0.0935,-0.5275,-0.0552,0.0476
target,516,-2.0000,-3.0000,1.3000,0.0000
param,516,1.0611,0.4471,0.9554,-0.4000
pos,517,-0.7948,-2.9785,1.2174,0.1883
input,517,-0.0935,-0.5275,-0.0552,0.0476
target,517,-2.0000,-3.0000,1.3000,0.0000
param,517,1.0611,0.4471,0.9554,-0.3999
pos,518,-0.8080,-2.9773,1.2182,0.1882
input,518,-0.0973,-0.5365,-0.0416,0.0496
target,518,-2.0000,-3.0000,1.3000,0.0000
param,518,1.0611,0.4471,0.9554,-0.3999
pos,519,-0.8210,-2.9764,1.2184,0.1883
input,519,-0.0986,-0.5447,-0.0415,0.0527
target,519,-2.0000,-3.0000,1.3000,0.0000
param,519,1.0611,0.4471,0.9554,-0.3999
pos,520,-0.8344,-2.9754,1.2188,0.1919
input,520,-0.0986,-0.5447,-0.0415,0.0527
target,520,-2.0000,-3.0000,1.3000,0.0000
param,520,1.0611,0.4471,0.9554,-0.3999
pos,521,-0.8480,-2.9744,1.2192,0.1952
input,521,-0.0935,-0.5404,-0.0446,0.0534
target,521,-2.0000,-3.0000,1.3000,0.0000
param,521,1.0611,0.4471,0.9554,-0.3999
pos,522,-0.8617,-2.9732,1.2196,0.1984
input,522,-0.0935,-0.5404,-0.0446,0.0534
target,522,-2.0000,-3.0000,1.3000,0.0000
param,522,1.0611,0.4471,0.9554,-0.3999
pos,523,-0.8756,-2.9720,1.2201,0.2011
input,523,-0.0935,-0.5404,-0.0446,0.0534
target,523,-2.0000,-3.0000,1.3000,0.0000
param,523,1.0611,0.4471,0.9554,-0.3999
pos,524,-0.8897,-2.9709,1.2206,0.2037
input,524,-0.0879,-0.5370,-0.0559,0.0537
target,524,-2.0000,-3.0000,1.3000,0.0000
param,524,1.0611,0.4471,0.9554,-0.3999
pos,525,-0.9039,-2.9695,1.2210,0.2050
input,525,-0.0879,-0.5370,-0.0559,0.0537
target,525,-2.0000,-3.0000,1.3000,0.0000
param,525,1.0611,0.4471,0.9554,-0.3999
pos,526,-0.9182,-2.9681,1.2214,0.2058
input,526,-0.0879,-0.5370,-0.0559,0.0537
target,526,-2.0000,-3.0000,1.3000,0.0000
param,526,1.0611,0.4471,0.9554,-0.3999
pos,527,-0.9328,-2.9667,1.2219,0.2075
input,527,-0.0804,-0.5316,-0.0626,0.0542
target,527,-2.0000,-3.0000,1.3000,0.0000
param,527,1.0611,0.4471,0.9554,-0.3999
pos,528,-0.9475,-2.9653,1.2223,0.2096
input,528,-0.0804,-0.5316,-0.0626,0.0542
target,528,-2.0000,-3.0000,1.3000,0.0000
param,528,1.0611,0.4471,0.9554,-0.3999
pos,529,-0.9625,-2.9640,1.2228,0.2113
input,529,-0.0751,-0.5279,-0.0696,0.0539
target,529,-2.0000,-3.0000,1.3000,0.0000
param,529,1.0611,0.4471,0.9554,-0.3999
pos,530,-0.9764,-2.9627,1.2232,0.2130
input,530,-0.0751,-0.5279,-0.0696,0.0539
target,530,-2.0000,-3.0000,1.3000,0.0000
param,530,1.0611,0.4471,0.9554,-0.3999
pos,531,-0.9918,-2.9608,1.2237,0.2144
input,531,-0.0695,-0.5238,-0.0762,0.0541
target,531,-2.0000,-3.0000,1.3000,0.0000
param,531,1.0611,0.4471,0.9554,-0.3999
pos,532,-1.0075,-2.9592,1.2243,0.2124
input,532,-0.0695,-0.5238,-0.0762,0.0541
target,532,-2.0000,-3.0000,1.3000,0.0000
param,532,1.0611,0.4471,0.9554,-0.3999
pos,533,-1.0231,-2.9576,1.2247,0.2138
input,533,-0.0618,-0.5176,-0.0782,0.0543
target,533,-2.0000,-3.0000,1.3000,0.0000
param,533,1.0611,0.4471,0.9554,-0.3999
pos,534,-1.0388,-2.9560,1.2251,0.2150
input,534,-0.0618,-0.5176,-0.0782,0.0543
target,534,-2.0000,-3.0000,1.3000,0.0000
param,534,1.0611,0.4471,0.9554,-0.3999
pos,535,-1.0547,-2.9544,1.2256,0.2160
input,535,-0.0543,-0.5119,-0.0856,0.0543
target,535,-2.0000,-3.0000,1.3000,0.0000
param,535,1.0611,0.4471,0.9554,-0.3999
pos,536,-1.0706,-2.9525,1.2260,0.2154
input,536,-0.0543,-0.5119,-0.0856,0.0543
target,536,-2.0000,-3.0000,1.3000,0.0000
param,536,1.0611,0.4471,0.9554,-0.3999
pos,537,-1.0855,-2.9510,1.2263,0.2161
input,537,-0.0456,-0.5051,-0.0900,0.0546
target,537,-2.0000,-3.0000,1.3000,0.0000
param,537,1.0611,0.4471,0.9554,-0.3999
pos,538,-1.1020,-2.9492,1.2268,0.2167
input,538,-0.0456,-0.5051,-0.0900,0.0546
target,538,-2.0000,-3.0000,1.3000,0.0000
param,538,1.0611,0.4471,0.9554,-0.3999
pos,539,-1.1185,-2.9474,1.2272,0.2172
input,539,-0.0368,-0.4981,-0.0967,0.0546
target,539,-2.0000,-3.0000,1.3000,0.0000
param,539,1.0611,0.4471,0.9554,-0.3999
pos,540,-1.1351,-2.9455,1.2275,0.2164
input,540,-0.0368,-0.4981,-0.0967,0.0546
target,540,-2.0000,-3.0000,1.3000,0.0000
param,540,1.0611,0.4471,0.9554,-0.3999
pos,541,-1.1516,-2.9432,1.2278,0.2121
input,541,-0.0339,-0.4888,-0.1103,0.0533
target,541,-2.0000,-3.0000,1.3000,0.0000
param,541,1.0611,0.4471,0.9554,-0.3999
pos,542,-1.1687,-2.9412,1.2285,0.2088
input,542,-0.0199,-0.4838,-0.0998,0.0542
target,542,-2.0000,-3.0000,1.3000,0.0000
param,542,1.0611,0.4471,0.9554,-0.3999
pos,543,-1.1857,-2.9394,1.2291,0.2091
input,543,-0.0137,-0.4779,-0.0990,0.0538
target,543,-2.0000,-3.0000,1.3000,0.0000
param,543,1.0611,0.4471,0.9554,-0.3999
pos,544,-1.2025,-2.9371,1.2293,0.2092
input,544,-0.0137,-0.4779,-0.0990,0.0538
target,544,-2.0000,-3.0000,1.3000,0.0000
param,544,1.0611,0.4471,0.9554,-0.3999
pos,545,-1.2192,-2.9349,1.2295,0.2049
input,545,-0.0019,-0.4679,-0.1061,0.0546
target,545,-2.0000,-3.0000,1.3000,0.0000
param,545,1.0611,0.4471,0.9554,-0.3999
pos,546,-1.2362,-2.9332,1.2299,0.2050
input,546,0.0052,-0.4613,-0.1044,0.0538
target,546,-2.0000,-3.0000,1.3000,0.0000
param,546,1.0611,0.4471,0.9554,-0.3999
pos,547,-1.2519,-2.9316,1.2303,0.2049
input,547,0.0112,-0.4559,-0.1102,0.0535
target,547,-2.0000,-3.0000,1.3000,0.0000
param,547,1.0611,0.4471,0.9554,-0.3999
pos,548,-1.2691,-2.9298,1.2307,0.2047
input,548,0.0165,-0.4511,-0.1152,0.0534
target,548,-2.0000,-3.0000,1.3000,0.0000
param,548,1.0611,0.4471,0.9554,-0.3999
pos,549,-1.2854,-2.9281,1.2310,0.2043
input,549,0.0230,-0.4452,-0.1204,0.0536
target,549,-2.0000,-3.0000,1.3000,0.0000
param,549,1.0611,0.4471,0.9554,-0.3999
pos,550,-1.3033,-2.9260,1.2314,0.2029
input,550,0.0289,-0.4395,-0.1247,0.0536
target,550,-2.0000,-3.0000,1.3000,0.0000
param,550,1.0611,0.4471,0.9554,-0.3999
pos,551,-1.3187,-2.9242,1.2317,0.2014
input,551,0.0362,-0.4324,-0.1275,0.0538
target,551,-2.0000,-3.0000,1.3000,0.0000
param,551,1.0611,0.4471,0.9554,-0.3999
pos,552,-1.3368,-2.9223,1.2321,0.2013
input,552,0.0420,-0.4265,-0.1296,0.0536
target,552,-2.0000,-3.0000,1.3000,0.0000
param,552,1.0611,0.4471,0.9554,-0.3999
pos,553,-1.3549,-2.9205,1.2325,0.2013
input,553,0.0493,-0.4192,-0.1354,0.0539
target,553,-2.0000,-3.0000,1.3000,0.0000
param,553,1.0611,0.4471,0.9554,-0.3999
pos,554,-1.3730,-2.9185,1.2329,0.1998
input,554,0.0568,-0.4117,-0.1414,0.0540
target,554,-2.0000,-3.0000,1.3000,0.0000
param,554,1.0611,0.4471,0.9554,-0.3999
pos,555,-1.3909,-2.9165,1.2333,0.1970
input,555,0.0647,-0.4035,-0.1448,0.0542
target,555,-2.0000,-3.0000,1.3000,0.0000
param,555,1.0611,0.4471,0.9554,-0.3999
pos,556,-1.4089,-2.9148,1.2336,0.1968
input,556,0.0733,-0.3943,-0.1459,0.0543
target,556,-2.0000,-3.0000,1.3000,0.0000
param,556,1.0611,0.4471,0.9554,-0.3999
pos,557,-1.4269,-2.9131,1.2340,0.1965
input,557,0.0811,-0.3859,-0.1526,0.0543
target,557,-2.0000,-3.0000,1.3000,0.0000
param,557,1.0611,0.4471,0.9554,-0.3999
pos,558,-1.4447,-2.9114,1.2344,0.1959
input,558,0.0863,-0.3673,-0.1547,0.0531
target,558,-2.0000,-3.0000,1.3000,0.0000
param,558,1.0611,0.4471,0.9554,-0.3999
pos,559,-1.4615,-2.9098,1.2348,0.1920
input,559,0.0909,-0.3476,-0.1584,0.0522
target,559,-2.0000,-3.0000,1.3000,0.0000
param,559,1.0612,0.4471,0.9554,-0.3999
pos,560,-1.4795,-2.9081,1.2354,0.1879
input,560,0.0952,-0.3285,-0.1545,0.0512
target,560,-2.0000,-3.0000,1.3000,0.0000
param,560,1.0612,0.4471,0.9554,-0.3999
pos,561,-1.4976,-2.9065,1.2358,0.1841
input,561,0.1000,-0.3079,-0.1507,0.0503
target,561,-2.0000,-3.0000,1.3000,0.0000
param,561,1.0612,0.4471,0.9554,-0.3999
pos,562,-1.5155,-2.9048,1.2363,0.1804
input,562,0.1043,-0.2886,-0.1477,0.0495
target,562,-2.0000,-3.0000,1.3000,0.0000
param,562,1.0612,0.4471,0.9554,-0.3999
pos,563,-1.5334,-2.9031,1.2367,0.1765
input,563,0.1082,-0.2701,-0.1444,0.0487
target,563,-2.0000,-3.0000,1.3000,0.0000
param,563,1.0612,0.4471,0.9554,-0.3999
pos,564,-1.5508,-2.9016,1.2369,0.1749
input,564,0.1116,-0.2525,-0.1406,0.0481
target,564,-2.0000,-3.0000,1.3000,0.0000
param,564,1.0612,0.4471,0.9554,-0.3999
pos,565,-1.5682,-2.9001,1.2371,0.1734
input,565,0.1141,-0.2375,-0.1413,0.0480
target,565,-2.0000,-3.0000,1.3000,0.0000
param,565,1.0612,0.4471,0.9554,-0.3999
pos,566,-1.5855,-2.8987,1.2374,0.1716
input,566,0.1160,-0.2231,-0.1412,0.0479
target,566,-2.0000,-3.0000,1.3000,0.0000
param,566,1.0612,0.4471,0.9554,-0.3999
pos,567,-1.6030,-2.8974,1.2377,0.1711
input,567,0.1178,-0.2092,-0.1407,0.0480
target,567,-2.0000,-3.0000,1.3000,0.0000
param,567,1.0612,0.4471,0.9554,-0.3999
pos,568,-1.6202,-2.8963,1.2380,0.1703
input,568,0.1188,-0.1963,-0.1424,0.0480
target,568,-2.0000,-3.0000,1.3000,0.0000
param,568,1.0612,0.4471,0.9554,-0.3999
pos,569,-1.6374,-2.8952,1.2383,0.1697
input,569,0.1196,-0.1838,-0.1433,0.0481
target,569,-2.0000,-3.0000,1.3000,0.0000
param,569,1.0612,0.4471,0.9554,-0.3999
pos,570,-1.6545,-2.8941,1.2386,0.1684
input,570,0.1202,-0.1718,-0.1443,0.0482
target,570,-2.0000,-3.0000,1.3000,0.0000
param,570,1.0612,0.4471,0.9554,-0.3999
pos,571,-1.6717,-2.8926,1.2388,0.1670
input,571,0.1208,-0.1598,-0.1437,0.0483
target,571,-2.0000,-3.0000,1.3000,0.0000
param,571,1.0612,0.4471,0.9554,-0.3999
pos,572,-1.6886,-2.8908,1.2390,0.1576
input,572,0.1220,-0.1478,-0.1427,0.0486
target,572,-2.0000,-3.0000,1.3000,0.0000
param,572,1.0612,0.4471,0.9554,-0.3999
pos,573,-1.7052,-2.8899,1.2390,0.1535
input,573,0.1243,-0.1331,-0.1258,0.0487
target,573,-2.0000,-3.0000,1.3000,0.0000
param,573,1.0612,0.4471,0.9554,-0.3999
pos,574,-1.7217,-2.8887,1.2389,0.1443
input,574,0.1251,-0.1213,-0.1205,0.0491
target,574,-2.0000,-3.0000,1.3000,0.0000
param,574,1.0612,0.4471,0.9554,-0.3999
pos,575,-1.7386,-2.8878,1.2391,0.1408
input,575,0.1236,-0.1187,-0.1218,0.0499
target,575,-2.0000,-3.0000,1.3000,0.0000
param,575,1.0612,0.4471,0.9554,-0.3999
pos,576,-1.7552,-2.8869,1.2393,0.1370
input,576,0.1248,-0.1057,-0.1053,0.0504
target,576,-2.0000,-3.0000,1.3000,0.0000
param,576,1.0612,0.4471,0.9554,-0.3999
pos,577,-1.7717,-2.8860,1.2394,0.1333
input,577,0.1254,-0.0945,-0.1004,0.0505
target,577,-2.0000,-3.0000,1.3000,0.0000
param,577,1.0612,0.4471,0.9554,-0.3999
pos,578,-1.7877,-2.8854,1.2394,0.1320
input,578,0.1280,-0.0748,-0.0899,0.0503
target,578,-2.0000,-3.0000,1.3000,0.0000
param,578,1.0612,0.4471,0.9554,-0.3999
pos,579,-1.8038,-2.8848,1.2395,0.1310
input,579,0.1262,-0.0735,-0.0904,0.0510
target,579,-2.0000,-3.0000,1.3000,0.0000
param,579,1.0612,0.4471,0.9554,-0.3999
pos,580,-1.8197,-2.8841,1.2395,0.1290
input,580,0.1257,-0.0652,-0.0905,0.0515
target,580,-2.0000,-3.0000,1.3000,0.0000
param,580,1.0612,0.4471,0.9554,-0.3999
pos,581,-1.8356,-2.8835,1.2396,0.1271
input,581,0.1270,-0.0490,-0.0902,0.0519
target,581,-2.0000,-3.0000,1.3000,0.0000
param,581,1.0612,0.4471,0.9554,-0.3999
pos,582,-1.8513,-2.8829,1.2395,0.1248
input,582,0.1266,-0.0406,-0.0893,0.0525
target,582,-2.0000,-3.0000,1.3000,0.0000
param,582,1.0612,0.4471,0.9554,-0.3999
pos,583,-1.8670,-2.8824,1.2395,0.1225
input,583,0.1263,-0.0322,-0.0877,0.0531
target,583,-2.0000,-3.0000,1.3000,0.0000
param,583,1.0612,0.4471,0.9554,-0.3999
pos,584,-1.8825,-2.8818,1.2395,0.1200
input,584,0.1260,-0.0238,-0.0861,0.0537
target,584,-2.0000,-3.0000,1.3000,0.0000
param,584,1.0612,0.4471,0.9554,-0.3999
pos,585,-1.8979,-2.8813,1.2394,0.1172
input,585,0.1258,-0.0156,-0.0844,0.0542
target,585,-2.0000,-3.0000,1.3000,0.0000
param,585,1.0612,0.4471,0.9554,-0.3999
