pos,0,-1.8459,-2.9602,1.2228,0.0458
input,0,0.0511,-0.0499,-0.0696,0.0731
target,0,-2.0000,-3.0000,1.3000,0.0000
param,0,1.0612,0.4471,0.9554,-0.2000
pos,1,-1.8592,-2.9566,1.2228,0.0473
input,1,0.0504,-0.0491,-0.0691,0.0725
target,1,-2.0000,-1.5000,1.3000,0.0000
param,1,1.0612,0.4471,0.9554,-0.2000
pos,2,-1.8724,-2.9531,1.2227,0.0491
input,2,0.0541,-0.0418,-0.0700,0.0727
target,2,-2.0000,-1.5000,1.3000,0.0000
param,2,1.0612,0.4471,0.9554,-0.2000
pos,3,-1.8853,-2.9496,1.2225,0.0499
input,3,-0.5113,-0.2325,-0.0720,-0.0389
target,3,-2.0000,-1.5000,1.3000,0.0000
param,3,1.0612,0.4471,0.9554,-0.2000
pos,4,-1.8853,-2.9496,1.2225,0.0499
input,4,-0.5113,-0.2325,-0.0720,-0.0389
target,4,-2.0000,-1.5000,1.3000,0.0000
param,4,1.0612,0.4471,0.9554,-0.2000
pos,5,-1.9104,-2.9428,1.2221,0.0520
input,5,-0.5113,-0.2325,-0.0720,-0.0389
target,5,-2.0000,-1.5000,1.3000,0.0000
param,5,1.0612,0.4471,0.9554,-0.2000
pos,6,-1.9104,-2.9428,1.2221,0.0520
input,6,-0.5020,-0.2265,-0.0639,-0.0322
target,6,-2.0000,-1.5000,1.3000,0.0000
param,6,1.0612,0.4471,0.9554,-0.2000
pos,7,-1.9350,-2.9362,1.2217,0.0543
input,7,-0.4990,-0.2168,-0.0634,-0.0328
target,7,-2.0000,-1.5000,1.3000,0.0000
param,7,1.0612,0.4471,0.9554,-0.2000
pos,8,-1.9350,-2.9362,1.2217,0.0543
input,8,-0.5037,-0.2083,-0.0705,-0.0405
target,8,-2.0000,-1.5000,1.3000,0.0000
param,8,1.0612,0.4471,0.9554,-0.2000
pos,9,-1.9591,-2.9299,1.2211,0.0564
input,9,-0.5094,-0.2012,-0.0768,-0.0485
target,9,-2.0000,-1.5000,1.3000,0.0000
param,9,1.0612,0.4471,0.9554,-0.2000
pos,10,-1.9708,-2.9268,1.2208,0.0572
input,10,-0.5005,-0.1962,-0.0686,-0.0410
target,10,-2.0000,-1.5000,1.3000,0.0000
param,10,1.0612,0.4471,0.9554,-0.2000
pos,11,-1.9824,-2.9238,1.2204,0.0578
input,11,-0.4957,-0.1821,-0.0659,-0.0416
target,11,-2.0000,-1.5000,1.3000,0.0000
param,11,1.0612,0.4471,0.9554,-0.2000
pos,12,-1.9937,-2.9209,1.2201,0.0589
input,12,-0.4930,-0.1750,-0.0622,-0.0414
target,12,-2.0000,-1.5000,1.3000,0.0000
param,12,1.0612,0.4471,0.9554,-0.2000
pos,13,-2.0050,-2.9181,1.2197,0.0592
input,13,-0.4903,-0.1679,-0.0602,-0.0415
target,13,-2.0000,-1.5000,1.3000,0.0000
param,13,1.0612,0.4471,0.9554,-0.2000
pos,14,-2.0161,-2.9152,1.2193,0.0590
input,14,-0.4876,-0.1603,-0.0585,-0.0416
target,14,-2.0000,-1.5000,1.3000,0.0000
param,14,1.0612,0.4471,0.9554,-0.2000
pos,15,-2.0271,-2.9125,1.2190,0.0589
input,15,-0.4847,-0.1530,-0.0564,-0.0416
target,15,-2.0000,-1.5000,1.3000,0.0000
param,15,1.0612,0.4471,0.9554,-0.2000
pos,16,-2.0380,-2.9097,1.2186,0.0584
input,16,-0.4866,-0.1424,-0.0582,-0.0495
target,16,-2.0000,-1.5000,1.3000,0.0000
param,16,1.0612,0.4471,0.9554,-0.2000
pos,17,-2.0500,-2.9062,1.2181,0.0577
input,17,-0.4785,-0.1383,-0.0520,-0.0415
target,17,-2.0000,-1.5000,1.3000,0.0000
param,17,1.0612,0.4471,0.9554,-0.2000
pos,18,-2.0616,-2.9029,1.2175,0.0569
input,18,-0.4753,-0.1311,-0.0496,-0.0414
target,18,-2.0000,-1.5000,1.3000,0.0000
param,18,1.0612,0.4471,0.9554,-0.2000
pos,19,-2.0727,-2.8997,1.2171,0.0559
input,19,-0.4718,-0.1233,-0.0472,-0.0413
target,19,-2.0000,-1.5000,1.3000,0.0000
param,19,1.0612,0.4471,0.9554,-0.2000
pos,20,-2.0835,-2.8966,1.2166,0.0549
input,20,-0.4682,-0.1156,-0.0446,-0.0411
target,20,-2.0000,-1.5000,1.3000,0.0000
param,20,1.0612,0.4471,0.9554,-0.2000
pos,21,-2.0940,-2.8935,1.2161,0.0539
input,21,-0.4646,-0.1078,-0.0420,-0.0408
target,21,-2.0000,-1.5000,1.3000,0.0000
param,21,1.0612,0.4471,0.9554,-0.2000
pos,22,-2.1041,-2.8905,1.2156,0.0527
input,22,-0.4610,-0.1002,-0.0394,-0.0405
target,22,-2.0000,-1.5000,1.3000,0.0000
param,22,1.0612,0.4471,0.9554,-0.2000
pos,23,-2.1127,-2.8882,1.2157,0.0484
input,23,-0.4574,-0.0925,-0.0368,-0.0402
target,23,-2.0000,-1.5000,1.3000,0.0000
param,23,1.0611,0.4471,0.9554,-0.2000
pos,24,-2.1224,-2.8849,1.2152,0.0441
input,24,-0.4611,-0.0883,-0.0385,-0.0481
target,24,-2.0000,-1.5000,1.3000,0.0000
param,24,1.0611,0.4471,0.9554,-0.2000
pos,25,-2.1305,-2.8825,1.2151,0.0430
input,25,-0.4538,-0.0849,-0.0343,-0.0398
target,25,-2.0000,-1.5000,1.3000,0.0000
param,25,1.0611,0.4471,0.9554,-0.2000
pos,26,-2.1384,-2.8799,1.2150,0.0409
input,26,-0.4444,-0.0746,-0.0282,-0.0398
target,26,-2.0000,-1.5000,1.3000,0.0000
param,26,1.0611,0.4471,0.9554,-0.2000
pos,27,-2.1462,-2.8770,1.2148,0.0386
input,27,-0.4479,-0.0708,-0.0282,-0.0468
target,27,-2.0000,-1.5000,1.3000,0.0000
param,27,1.0611,0.4471,0.9554,-0.2000
pos,28,-2.1539,-2.8739,1.2146,0.0362
input,28,-0.4398,-0.0577,-0.0242,-0.0467
target,28,-2.0000,-1.5000,1.3000,0.0000
param,28,1.0611,0.4471,0.9554,-0.2000
pos,29,-2.1613,-2.8704,1.2144,0.0332
input,29,-0.4398,-0.0577,-0.0242,-0.0467
target,29,-2.0000,-1.5000,1.3000,0.0000
param,29,1.0611,0.4471,0.9554,-0.2000
pos,30,-2.1685,-2.8668,1.2141,0.0298
input,30,-0.4314,-0.0452,-0.0178,-0.0455
target,30,-2.0000,-1.5000,1.3000,0.0000
param,30,1.0611,0.4471,0.9554,-0.2000
pos,31,-2.1760,-2.8630,1.2141,0.0274
input,31,-0.4314,-0.0452,-0.0178,-0.0455
target,31,-2.0000,-1.5000,1.3000,0.0000
param,31,1.0611,0.4471,0.9554,-0.2000
pos,32,-2.1834,-2.8588,1.2141,0.0240
input,32,-0.4226,-0.0326,-0.0115,-0.0444
target,32,-2.0000,-1.5000,1.3000,0.0000
param,32,1.0611,0.4471,0.9554,-0.2000
pos,33,-2.1905,-2.8544,1.2141,0.0215
input,33,-0.4180,-0.0268,-0.0057,-0.0430
target,33,-2.0000,-1.5000,1.3000,0.0000
param,33,1.0611,0.4471,0.9554,-0.2000
pos,34,-2.2097,-2.8435,1.2131,0.0195
input,34,-0.4136,-0.0202,-0.0027,-0.0423
target,34,-2.0000,-1.5000,1.3000,0.0000
param,34,1.0611,0.4471,0.9554,-0.2000
pos,35,-2.2269,-2.8333,1.2121,0.0197
input,35,-0.4136,-0.0202,-0.0027,-0.0423
target,35,-2.0000,-1.5000,1.3000,0.0000
param,35,1.0611,0.4471,0.9554,-0.2000
pos,36,-2.2426,-2.8232,1.2110,0.0169
input,36,-0.4074,-0.0071,-0.0007,-0.0414
target,36,-2.0000,-1.5000,1.3000,0.0000
param,36,1.0611,0.4471,0.9554,-0.2000
pos,37,-2.2570,-2.8137,1.2103,0.0146
input,37,-0.4074,-0.0071,-0.0007,-0.0414
target,37,-2.0000,-1.5000,1.3000,0.0000
param,37,1.0611,0.4471,0.9554,-0.2000
pos,38,-2.2699,-2.8043,1.2094,0.0102
input,38,-0.4016,0.0009,0.0055,-0.0400
target,38,-2.0000,-1.5000,1.3000,0.0000
param,38,1.0611,0.4471,0.9554,-0.2000
pos,39,-2.2815,-2.7952,1.2086,0.0085
input,39,-0.4016,0.0009,0.0055,-0.0400
target,39,-2.0000,-1.5000,1.3000,0.0000
param,39,1.0611,0.4471,0.9554,-0.2000
pos,40,-2.2923,-2.7860,1.2076,0.0061
input,40,-0.4016,0.0009,0.0055,-0.0400
target,40,-2.0000,-1.5000,1.3000,0.0000
param,40,1.0611,0.4471,0.9554,-0.2000
pos,41,-2.3023,-2.7772,1.2069,0.0045
input,41,-0.3957,0.0033,0.0056,-0.0320
target,41,-2.0000,-1.5000,1.3000,0.0000
param,41,1.0611,0.4471,0.9554,-0.2000
pos,42,-2.3114,-2.7683,1.2062,-0.0002
input,42,-0.3950,0.0087,0.0107,-0.0383
target,42,-2.0000,-1.5000,1.3000,0.0000
param,42,1.0611,0.4471,0.9554,-0.2000
pos,43,-2.3197,-2.7595,1.2056,-0.0014
input,43,-0.3950,0.0087,0.0107,-0.0383
target,43,-2.0000,-1.5000,1.3000,0.0000
param,43,1.0611,0.4471,0.9554,-0.2000
pos,44,-2.3275,-2.7508,1.2050,-0.0027
input,44,-0.3898,0.0145,0.0156,-0.0365
target,44,-2.0000,-1.5000,1.3000,0.0000
param,44,1.0611,0.4471,0.9554,-0.2000
pos,45,-2.3341,-2.7425,1.2042,-0.0009
input,45,-0.3898,0.0145,0.0156,-0.0365
target,45,-2.0000,-1.5000,1.3000,0.0000
param,45,1.0611,0.4471,0.9554,-0.2000
pos,46,-2.3406,-2.7334,1.2034,0.0007
input,46,-0.3898,0.0145,0.0156,-0.0365
target,46,-2.0000,-1.5000,1.3000,0.0000
param,46,1.0611,0.4471,0.9554,-0.2000
pos,47,-2.3463,-2.7247,1.2026,-0.0013
input,47,-0.3891,0.0257,0.0145,-0.0343
target,47,-2.0000,-1.5000,1.3000,0.0000
param,47,1.0611,0.4471,0.9554,-0.2000
pos,48,-2.3519,-2.7152,1.2018,-0.0037
input,48,-0.3891,0.0257,0.0145,-0.0343
target,48,-2.0000,-1.5000,1.3000,0.0000
param,48,1.0611,0.4471,0.9554,-0.2000
pos,49,-2.3573,-2.7057,1.2011,-0.0043
input,49,-0.3891,0.0257,0.0145,-0.0343
target,49,-2.0000,-1.5000,1.3000,0.0000
param,49,1.0611,0.4471,0.9554,-0.2000
pos,50,-2.3623,-2.6962,1.2004,-0.0049
input,50,-0.3891,0.0257,0.0145,-0.0343
target,50,-2.0000,-1.5000,1.3000,0.0000
param,50,1.0611,0.4471,0.9554,-0.2000
pos,51,-2.3669,-2.6866,1.1998,-0.0056
input,51,-0.3853,0.0335,0.0192,-0.0327
target,51,-2.0000,-1.5000,1.3000,0.0000
param,51,1.0611,0.4471,0.9554,-0.2000
pos,52,-2.3714,-2.6769,1.1991,-0.0060
input,52,-0.3853,0.0335,0.0192,-0.0327
target,52,-2.0000,-1.5000,1.3000,0.0000
param,52,1.0611,0.4471,0.9554,-0.2000
pos,53,-2.3755,-2.6671,1.1984,-0.0064
input,53,-0.3853,0.0335,0.0192,-0.0327
target,53,-2.0000,-1.5000,1.3000,0.0000
param,53,1.0611,0.4471,0.9554,-0.2000
pos,54,-2.3794,-2.6573,1.1977,-0.0069
input,54,-0.3853,0.0335,0.0192,-0.0327
target,54,-2.0000,-1.5000,1.3000,0.0000
param,54,1.0611,0.4471,0.9554,-0.2000
pos,55,-2.3833,-2.6473,1.1970,-0.0070
input,55,-0.3823,0.0435,0.0207,-0.0302
target,55,-2.0000,-1.5000,1.3000,0.0000
param,55,1.0611,0.4471,0.9554,-0.2000
pos,56,-2.3870,-2.6374,1.1964,-0.0045
input,56,-0.3823,0.0435,0.0207,-0.0302
target,56,-2.0000,-1.5000,1.3000,0.0000
param,56,1.0611,0.4471,0.9554,-0.2000
pos,57,-2.3903,-2.6275,1.1957,-0.0015
input,57,-0.3823,0.0435,0.0207,-0.0302
target,57,-2.0000,-1.5000,1.3000,0.0000
param,57,1.0611,0.4471,0.9554,-0.2000
pos,58,-2.3936,-2.6173,1.1949,0.0004
input,58,-0.3817,0.0563,0.0195,-0.0282
target,58,-2.0000,-1.5000,1.3000,0.0000
param,58,1.0611,0.4471,0.9554,-0.2000
pos,59,-2.3965,-2.6073,1.1941,0.0024
input,59,-0.3817,0.0563,0.0195,-0.0282
target,59,-2.0000,-1.5000,1.3000,0.0000
param,59,1.0611,0.4471,0.9554,-0.2000
pos,60,-2.3994,-2.5972,1.1933,0.0044
input,60,-0.3817,0.0563,0.0195,-0.0282
target,60,-2.0000,-1.5000,1.3000,0.0000
param,60,1.0611,0.4471,0.9554,-0.2000
pos,61,-2.4022,-2.5869,1.1926,0.0073
input,61,-0.3810,0.0693,0.0191,-0.0264
target,61,-2.0000,-1.5000,1.3000,0.0000
param,61,1.0611,0.4471,0.9554,-0.2000
pos,62,-2.4049,-2.5765,1.1919,0.0097
input,62,-0.3810,0.0693,0.0191,-0.0264
target,62,-2.0000,-1.5000,1.3000,0.0000
param,62,1.0611,0.4471,0.9554,-0.2000
pos,63,-2.4069,-2.5676,1.1914,0.0122
input,63,-0.3803,0.0790,0.0196,-0.0252
target,63,-2.0000,-1.5000,1.3000,0.0000
param,63,1.0611,0.4471,0.9554,-0.2000
pos,64,-2.4093,-2.5568,1.1907,0.0133
input,64,-0.3803,0.0790,0.0196,-0.0252
target,64,-2.0000,-1.5000,1.3000,0.0000
param,64,1.0611,0.4471,0.9554,-0.2000
pos,65,-2.4116,-2.5460,1.1901,0.0153
input,65,-0.3803,0.0790,0.0196,-0.0252
target,65,-2.0000,-1.5000,1.3000,0.0000
param,65,1.0611,0.4471,0.9554,-0.2000
pos,66,-2.4139,-2.5351,1.1895,0.0166
input,66,-0.3781,0.0914,0.0184,-0.0236
target,66,-2.0000,-1.5000,1.3000,0.0000
param,66,1.0611,0.4471,0.9554,-0.2000
pos,67,-2.4160,-2.5242,1.1889,0.0177
input,67,-0.3781,0.0914,0.0184,-0.0236
target,67,-2.0000,-1.5000,1.3000,0.0000
param,67,1.0611,0.4471,0.9554,-0.2000
pos,68,-2.4181,-2.5134,1.1882,0.0206
input,68,-0.3781,0.0914,0.0184,-0.0236
target,68,-2.0000,-1.5000,1.3000,0.0000
param,68,1.0611,0.4471,0.9554,-0.2000
pos,69,-2.4200,-2.5026,1.1876,0.0225
input,69,-0.3747,0.1045,0.0185,-0.0215
target,69,-2.0000,-1.5000,1.3000,0.0000
param,69,1.0611,0.4471,0.9554,-0.2000
pos,70,-2.4221,-2.4916,1.1871,0.0227
input,70,-0.3747,0.1045,0.0185,-0.0215
target,70,-2.0000,-1.5000,1.3000,0.0000
param,70,1.0611,0.4471,0.9554,-0.2000
pos,71,-2.4242,-2.4805,1.1866,0.0255
input,71,-0.3747,0.1045,0.0185,-0.0215
target,71,-2.0000,-1.5000,1.3000,0.0000
param,71,1.0611,0.4471,0.9554,-0.2000
pos,72,-2.4261,-2.4695,1.1861,0.0282
input,72,-0.3705,0.1173,0.0190,-0.0192
target,72,-2.0000,-1.5000,1.3000,0.0000
param,72,1.0611,0.4471,0.9554,-0.2001
pos,73,-2.4282,-2.4584,1.1857,0.0272
input,73,-0.3705,0.1173,0.0190,-0.0192
target,73,-2.0000,-1.5000,1.3000,0.0000
param,73,1.0611,0.4471,0.9554,-0.2001
pos,74,-2.4301,-2.4470,1.1852,0.0263
input,74,-0.3705,0.1173,0.0190,-0.0192
target,74,-2.0000,-1.5000,1.3000,0.0000
param,74,1.0611,0.4471,0.9554,-0.2001
pos,75,-2.4318,-2.4356,1.1847,0.0257
input,75,-0.3647,0.1272,0.0221,-0.0168
target,75,-2.0000,-1.5000,1.3000,0.0000
param,75,1.0611,0.4471,0.9554,-0.2001
pos,76,-2.4335,-2.4242,1.1843,0.0251
input,76,-0.3647,0.1272,0.0221,-0.0168
target,76,-2.0000,-1.5000,1.3000,0.0000
param,76,1.0611,0.4471,0.9554,-0.2001
pos,77,-2.4352,-2.4128,1.1839,0.0246
input,77,-0.3647,0.1272,0.0221,-0.0168
target,77,-2.0000,-1.5000,1.3000,0.0000
param,77,1.0611,0.4471,0.9554,-0.2001
pos,78,-2.4367,-2.4013,1.1835,0.0241
input,78,-0.3578,0.1352,0.0260,-0.0141
target,78,-2.0000,-1.5000,1.3000,0.0000
param,78,1.0611,0.4471,0.9554,-0.2001
pos,79,-2.4381,-2.3901,1.1830,0.0269
input,79,-0.3578,0.1352,0.0260,-0.0141
target,79,-2.0000,-1.5000,1.3000,0.0000
param,79,1.0611,0.4471,0.9554,-0.2001
pos,80,-2.4397,-2.3787,1.1827,0.0245
input,80,-0.3541,0.1431,0.0266,-0.0115
target,80,-2.0000,-1.5000,1.3000,0.0000
param,80,1.0611,0.4471,0.9554,-0.2001
pos,81,-2.4413,-2.3673,1.1825,0.0248
input,81,-0.3541,0.1431,0.0266,-0.0115
target,81,-2.0000,-1.5000,1.3000,0.0000
param,81,1.0611,0.4471,0.9554,-0.2001
pos,82,-2.4427,-2.3559,1.1822,0.0255
input,82,-0.3541,0.1431,0.0266,-0.0115
target,82,-2.0000,-1.5000,1.3000,0.0000
param,82,1.0611,0.4471,0.9554,-0.2001
pos,83,-2.4439,-2.3445,1.1819,0.0257
input,83,-0.3466,0.1516,0.0295,-0.0093
target,83,-2.0000,-1.5000,1.3000,0.0000
param,83,1.0611,0.4471,0.9554,-0.2001
pos,84,-2.4452,-2.3331,1.1815,0.0261
input,84,-0.3466,0.1516,0.0295,-0.0093
target,84,-2.0000,-1.5000,1.3000,0.0000
param,84,1.0611,0.4471,0.9554,-0.2001
pos,85,-2.4464,-2.3215,1.1813,0.0264
input,85,-0.3466,0.1516,0.0295,-0.0093
target,85,-2.0000,-1.5000,1.3000,0.0000
param,85,1.0611,0.4471,0.9554,-0.2000
pos,86,-2.4473,-2.3100,1.1810,0.0267
input,86,-0.3397,0.1616,0.0306,-0.0060
target,86,-2.0000,-1.5000,1.3000,0.0000
param,86,1.0611,0.4471,0.9554,-0.2000
pos,87,-2.4481,-2.2984,1.1808,0.0258
input,87,-0.3397,0.1616,0.0306,-0.0060
target,87,-2.0000,-1.5000,1.3000,0.0000
param,87,1.0611,0.4471,0.9554,-0.2000
pos,88,-2.4490,-2.2868,1.1806,0.0265
input,88,-0.3397,0.1616,0.0306,-0.0060
target,88,-2.0000,-1.5000,1.3000,0.0000
param,88,1.0611,0.4471,0.9554,-0.2000
pos,89,-2.4495,-2.2752,1.1804,0.0263
input,89,-0.3321,0.1710,0.0329,-0.0028
target,89,-2.0000,-1.5000,1.3000,0.0000
param,89,1.0611,0.4471,0.9554,-0.2000
pos,90,-2.4500,-2.2635,1.1801,0.0262
input,90,-0.3321,0.1710,0.0329,-0.0028
target,90,-2.0000,-1.5000,1.3000,0.0000
param,90,1.0611,0.4471,0.9554,-0.2000
pos,91,-2.4504,-2.2518,1.1799,0.0270
input,91,-0.3321,0.1710,0.0329,-0.0028
target,91,-2.0000,-1.5000,1.3000,0.0000
param,91,1.0611,0.4471,0.9554,-0.2000
pos,92,-2.4506,-2.2403,1.1797,0.0277
input,92,-0.3246,0.1808,0.0344,0.0007
target,92,-2.0000,-1.5000,1.3000,0.0000
param,92,1.0611,0.4471,0.9554,-0.2000
pos,93,-2.4507,-2.2287,1.1794,0.0289
input,93,-0.3246,0.1808,0.0344,0.0007
target,93,-2.0000,-1.5000,1.3000,0.0000
param,93,1.0611,0.4471,0.9554,-0.2000
pos,94,-2.4506,-2.2171,1.1792,0.0292
input,94,-0.3200,0.1883,0.0351,0.0037
target,94,-2.0000,-1.5000,1.3000,0.0000
param,94,1.0611,0.4471,0.9554,-0.2000
pos,95,-2.4505,-2.2056,1.1790,0.0296
input,95,-0.3200,0.1883,0.0351,0.0037
target,95,-2.0000,-1.5000,1.3000,0.0000
param,95,1.0611,0.4471,0.9554,-0.2000
pos,96,-2.4504,-2.1938,1.1790,0.0304
input,96,-0.3200,0.1883,0.0351,0.0037
target,96,-2.0000,-1.5000,1.3000,0.0000
param,96,1.0611,0.4471,0.9554,-0.2000
pos,97,-2.4501,-2.1822,1.1790,0.0312
input,97,-0.3122,0.1988,0.0344,0.0069
target,97,-2.0000,-1.5000,1.3000,0.0000
param,97,1.0611,0.4471,0.9554,-0.2000
pos,98,-2.4497,-2.1705,1.1789,0.0316
input,98,-0.3122,0.1988,0.0344,0.0069
target,98,-2.0000,-1.5000,1.3000,0.0000
param,98,1.0611,0.4471,0.9554,-0.2000
pos,99,-2.4493,-2.1588,1.1789,0.0323
input,99,-0.3067,0.2059,0.0355,0.0099
target,99,-2.0000,-1.5000,1.3000,0.0000
param,99,1.0611,0.4471,0.9554,-0.2000
pos,100,-2.4487,-2.1473,1.1789,0.0331
input,100,-0.3067,0.2059,0.0355,0.0099
target,100,-2.0000,-1.5000,1.3000,0.0000
param,100,1.0611,0.4471,0.9554,-0.2000
pos,101,-2.4480,-2.1357,1.1788,0.0322
input,101,-0.3013,0.2132,0.0349,0.0126
target,101,-2.0000,-1.5000,1.3000,0.0000
param,101,1.0611,0.4471,0.9554,-0.2000
pos,102,-2.4474,-2.1241,1.1788,0.0322
input,102,-0.3013,0.2132,0.0349,0.0126
target,102,-2.0000,-1.5000,1.3000,0.0000
param,102,1.0611,0.4471,0.9554,-0.2000
pos,103,-2.4464,-2.1127,1.1789,0.0341
input,103,-0.3013,0.2132,0.0349,0.0126
target,103,-2.0000,-1.5000,1.3000,0.0000
param,103,1.0611,0.4471,0.9554,-0.2000
pos,104,-2.4455,-2.1012,1.1790,0.0360
input,104,-0.2924,0.2231,0.0338,0.0161
target,104,-2.0000,-1.5000,1.3000,0.0000
param,104,1.0611,0.4471,0.9554,-0.2000
pos,105,-2.4446,-2.0898,1.1792,0.0381
input,105,-0.2924,0.2231,0.0338,0.0161
target,105,-2.0000,-1.5000,1.3000,0.0000
param,105,1.0611,0.4471,0.9554,-0.2000
pos,106,-2.4434,-2.0784,1.1795,0.0389
input,106,-0.2869,0.2321,0.0313,0.0195
target,106,-2.0000,-1.5000,1.3000,0.0000
param,106,1.0611,0.4471,0.9554,-0.2000
pos,107,-2.4422,-2.0668,1.1798,0.0388
input,107,-0.2869,0.2321,0.0313,0.0195
target,107,-2.0000,-1.5000,1.3000,0.0000
param,107,1.0611,0.4471,0.9554,-0.2000
pos,108,-2.4408,-2.0551,1.1794,0.0428
input,108,-0.2837,0.2309,0.0213,0.0252
target,108,-2.0000,-1.5000,1.3000,0.0000
param,108,1.0611,0.4471,0.9554,-0.2000
pos,109,-2.4395,-2.0439,1.1798,0.0439
input,109,-0.2801,0.2386,0.0317,0.0220
target,109,-2.0000,-1.5000,1.3000,0.0000
param,109,1.0611,0.4471,0.9554,-0.2000
pos,110,-2.4382,-2.0324,1.1798,0.0465
input,110,-0.2743,0.2483,0.0264,0.0255
target,110,-2.0000,-1.5000,1.3000,0.0000
param,110,1.0611,0.4471,0.9554,-0.2000
pos,111,-2.4363,-2.0207,1.1794,0.0434
input,111,-0.2743,0.2483,0.0264,0.0255
target,111,-2.0000,-1.5000,1.3000,0.0000
param,111,1.0611,0.4471,0.9554,-0.2000
pos,112,-2.4347,-2.0096,1.1794,0.0445
input,112,-0.2674,0.2540,0.0282,0.0291
target,112,-2.0000,-1.5000,1.3000,0.0000
param,112,1.0611,0.4471,0.9554,-0.2000
pos,113,-2.4332,-1.9993,1.1795,0.0450
input,113,-0.2674,0.2540,0.0282,0.0291
target,113,-2.0000,-1.5000,1.3000,0.0000
param,113,1.0611,0.4471,0.9554,-0.2000
pos,114,-2.4313,-1.9882,1.1795,0.0459
input,114,-0.2615,0.2601,0.0259,0.0327
target,114,-2.0000,-1.5000,1.3000,0.0000
param,114,1.0611,0.4471,0.9554,-0.2000
pos,115,-2.4291,-1.9767,1.1793,0.0482
input,115,-0.2615,0.2601,0.0259,0.0327
target,115,-2.0000,-1.5000,1.3000,0.0000
param,115,1.0611,0.4471,0.9554,-0.2000
pos,116,-2.4270,-1.9653,1.1792,0.0502
input,116,-0.2549,0.2680,0.0218,0.0366
target,116,-2.0000,-1.5000,1.3000,0.0000
param,116,1.0611,0.4471,0.9554,-0.2000
pos,117,-2.4246,-1.9540,1.1790,0.0523
input,117,-0.2549,0.2680,0.0218,0.0366
target,117,-2.0000,-1.5000,1.3000,0.0000
param,117,1.0611,0.4471,0.9554,-0.2000
pos,118,-2.4221,-1.9427,1.1790,0.0545
input,118,-0.2482,0.2765,0.0167,0.0409
target,118,-2.0000,-1.5000,1.3000,0.0000
param,118,1.0611,0.4471,0.9554,-0.2000
pos,119,-2.4197,-1.9316,1.1790,0.0565
input,119,-0.2482,0.2765,0.0167,0.0409
target,119,-2.0000,-1.5000,1.3000,0.0000
param,119,1.0611,0.4471,0.9554,-0.2000
pos,120,-2.4172,-1.9215,1.1790,0.0585
input,120,-0.2411,0.2846,0.0114,0.0454
target,120,-2.0000,-1.5000,1.3000,0.0000
param,120,1.0611,0.4471,0.9554,-0.2000
pos,121,-2.4145,-1.9105,1.1791,0.0606
input,121,-0.2411,0.2846,0.0114,0.0454
target,121,-2.0000,-1.5000,1.3000,0.0000
param,121,1.0611,0.4471,0.9554,-0.2000
pos,122,-2.4118,-1.8995,1.1792,0.0626
input,122,-0.2343,0.2918,0.0058,0.0497
target,122,-2.0000,-1.5000,1.3000,0.0000
param,122,1.0611,0.4471,0.9554,-0.2000
pos,123,-2.4088,-1.8885,1.1794,0.0647
input,123,-0.2343,0.2918,0.0058,0.0497
target,123,-2.0000,-1.5000,1.3000,0.0000
param,123,1.0611,0.4471,0.9554,-0.2000
pos,124,-2.4058,-1.8777,1.1796,0.0667
input,124,-0.2264,0.2992,-0.0006,0.0543
target,124,-2.0000,-1.5000,1.3000,0.0000
param,124,1.0611,0.4471,0.9554,-0.2000
pos,125,-2.4026,-1.8670,1.1799,0.0686
input,125,-0.2264,0.2992,-0.0006,0.0543
target,125,-2.0000,-1.5000,1.3000,0.0000
param,125,1.0611,0.4471,0.9554,-0.2000
pos,126,-2.3995,-1.8566,1.1803,0.0715
input,126,-0.2183,0.3060,-0.0070,0.0592
target,126,-2.0000,-1.5000,1.3000,0.0000
param,126,1.0611,0.4471,0.9554,-0.2000
pos,127,-2.3963,-1.8461,1.1807,0.0746
input,127,-0.2183,0.3060,-0.0070,0.0592
target,127,-2.0000,-1.5000,1.3000,0.0000
param,127,1.0611,0.4471,0.9554,-0.2000
pos,128,-2.3928,-1.8356,1.1810,0.0755
input,128,-0.2101,0.3135,-0.0173,0.0640
target,128,-2.0000,-1.5000,1.3000,0.0000
param,128,1.0611,0.4471,0.9554,-0.2000
pos,129,-2.3892,-1.8255,1.1811,0.0763
input,129,-0.2101,0.3135,-0.0173,0.0640
target,129,-2.0000,-1.5000,1.3000,0.0000
param,129,1.0611,0.4471,0.9554,-0.2000
pos,130,-2.3856,-1.8156,1.1818,0.0758
input,130,-0.2018,0.3176,-0.0211,0.0694
target,130,-2.0000,-1.5000,1.3000,0.0000
param,130,1.0611,0.4471,0.9554,-0.2000
pos,131,-2.3820,-1.8055,1.1825,0.0764
input,131,-0.2018,0.3176,-0.0211,0.0694
target,131,-2.0000,-1.5000,1.3000,0.0000
param,131,1.0611,0.4471,0.9554,-0.2000
pos,132,-2.3780,-1.7951,1.1828,0.0777
input,132,-0.1932,0.3202,-0.0238,0.0741
target,132,-2.0000,-1.5000,1.3000,0.0000
param,132,1.0611,0.4471,0.9554,-0.2000
pos,133,-2.3741,-1.7849,1.1832,0.0786
input,133,-0.1932,0.3202,-0.0238,0.0741
target,133,-2.0000,-1.5000,1.3000,0.0000
param,133,1.0611,0.4471,0.9554,-0.2000
pos,134,-2.3701,-1.7748,1.1836,0.0796
input,134,-0.1840,0.3242,-0.0310,0.0802
target,134,-2.0000,-1.5000,1.3000,0.0000
param,134,1.0611,0.4471,0.9554,-0.2000
pos,135,-2.3663,-1.7662,1.1840,0.0802
input,135,-0.1840,0.3242,-0.0310,0.0802
target,135,-2.0000,-1.5000,1.3000,0.0000
param,135,1.0611,0.4471,0.9554,-0.2000
pos,136,-2.3619,-1.7570,1.1843,0.0758
input,136,-0.1759,0.3267,-0.0365,0.0862
target,136,-2.0000,-1.5000,1.3000,0.0000
param,136,1.0611,0.4471,0.9554,-0.2000
pos,137,-2.3578,-1.7493,1.1847,0.0710
input,137,-0.1759,0.3267,-0.0365,0.0862
target,137,-2.0000,-1.5000,1.3000,0.0000
param,137,1.0611,0.4471,0.9554,-0.2000
pos,138,-2.3537,-1.7402,1.1860,0.0668
input,138,-0.1706,0.3201,-0.0217,0.0923
target,138,-2.0000,-1.5000,1.3000,0.0000
param,138,1.0611,0.4471,0.9554,-0.2000
pos,139,-2.3501,-1.7325,1.1874,0.0623
input,139,-0.1706,0.3201,-0.0217,0.0923
target,139,-2.0000,-1.5000,1.3000,0.0000
param,139,1.0611,0.4471,0.9554,-0.2000
pos,140,-2.3448,-1.7233,1.1874,0.0546
input,140,-0.1638,0.3143,-0.0106,0.0955
target,140,-2.0000,-1.5000,1.3000,0.0000
param,140,1.0611,0.4471,0.9554,-0.2000
pos,141,-2.3395,-1.7136,1.1880,0.0471
input,141,-0.1577,0.3020,0.0015,0.0980
target,141,-2.0000,-1.5000,1.3000,0.0000
param,141,1.0611,0.4471,0.9554,-0.2000
pos,142,-2.3350,-1.7054,1.1886,0.0397
input,142,-0.1486,0.2879,0.0105,0.0985
target,142,-2.0000,-1.5000,1.3000,0.0000
param,142,1.0611,0.4471,0.9554,-0.2000
pos,143,-2.3294,-1.6955,1.1891,0.0379
input,143,-0.1414,0.2747,0.0192,0.0992
target,143,-2.0000,-1.5000,1.3000,0.0000
param,143,1.0611,0.4471,0.9554,-0.2000
pos,144,-2.3240,-1.6857,1.1897,0.0389
input,144,-0.1319,0.2660,0.0158,0.1001
target,144,-2.0000,-1.5000,1.3000,0.0000
param,144,1.0611,0.4471,0.9554,-0.2000
pos,145,-2.3184,-1.6761,1.1904,0.0380
input,145,-0.1220,0.2598,0.0084,0.1010
target,145,-2.0000,-1.5000,1.3000,0.0000
param,145,1.0611,0.4471,0.9554,-0.2000
pos,146,-2.3127,-1.6669,1.1909,0.0372
input,146,-0.1125,0.2523,0.0058,0.1018
target,146,-2.0000,-1.5000,1.3000,0.0000
param,146,1.0611,0.4471,0.9554,-0.2000
pos,147,-2.3069,-1.6579,1.1914,0.0361
input,147,-0.1038,0.2444,0.0028,0.1025
target,147,-2.0000,-1.5000,1.3000,0.0000
param,147,1.0611,0.4471,0.9554,-0.2000
pos,148,-2.3011,-1.6490,1.1918,0.0343
input,148,-0.0956,0.2365,0.0007,0.1031
target,148,-2.0000,-1.5000,1.3000,0.0000
param,148,1.0611,0.4471,0.9554,-0.2000
pos,149,-2.2951,-1.6406,1.1924,0.0385
input,149,-0.0877,0.2281,0.0003,0.1036
target,149,-2.0000,-1.5000,1.3000,0.0000
param,149,1.0611,0.4471,0.9554,-0.2000
pos,150,-2.2900,-1.6334,1.1929,0.0422
input,150,-0.0800,0.2232,-0.0123,0.1038
target,150,-2.0000,-1.5000,1.3000,0.0000
param,150,1.0611,0.4471,0.9554,-0.2000
pos,151,-2.2836,-1.6256,1.1932,0.0460
input,151,-0.0735,0.2184,-0.0223,0.1039
target,151,-2.0000,-1.5000,1.3000,0.0000
param,151,1.0611,0.4471,0.9554,-0.2000
pos,152,-2.2771,-1.6177,1.1934,0.0497
input,152,-0.0665,0.2125,-0.0324,0.1041
target,152,-2.0000,-1.5000,1.3000,0.0000
param,152,1.0611,0.4471,0.9554,-0.2000
pos,153,-2.2707,-1.6097,1.1939,0.0475
input,153,-0.0597,0.2061,-0.0419,0.1045
target,153,-2.0000,-1.5000,1.3000,0.0000
param,153,1.0611,0.4471,0.9554,-0.2000
pos,154,-2.2651,-1.6028,1.1943,0.0451
input,154,-0.0531,0.1975,-0.0394,0.1044
target,154,-2.0000,-1.5000,1.3000,0.0000
param,154,1.0611,0.4471,0.9554,-0.2000
pos,155,-2.2584,-1.5951,1.1948,0.0467
input,155,-0.0482,0.1893,-0.0363,0.1041
target,155,-2.0000,-1.5000,1.3000,0.0000
param,155,1.0611,0.4471,0.9554,-0.2000
pos,156,-2.2517,-1.5875,1.1952,0.0485
input,156,-0.0418,0.1824,-0.0418,0.1038
target,156,-2.0000,-1.5000,1.3000,0.0000
param,156,1.0611,0.4471,0.9554,-0.2000
pos,157,-2.2449,-1.5803,1.1957,0.0505
input,157,-0.0355,0.1757,-0.0469,0.1035
target,157,-2.0000,-1.5000,1.3000,0.0000
param,157,1.0611,0.4471,0.9554,-0.2000
pos,158,-2.2381,-1.5732,1.1962,0.0522
input,158,-0.0295,0.1691,-0.0524,0.1031
target,158,-2.0000,-1.5000,1.3000,0.0000
param,158,1.0611,0.4471,0.9554,-0.2000
pos,159,-2.2311,-1.5662,1.1968,0.0495
input,159,-0.0238,0.1623,-0.0567,0.1027
target,159,-2.0000,-1.5000,1.3000,0.0000
param,159,1.0611,0.4471,0.9554,-0.2000
pos,160,-2.2242,-1.5594,1.1973,0.0473
input,160,-0.0189,0.1542,-0.0524,0.1021
target,160,-2.0000,-1.5000,1.3000,0.0000
param,160,1.0611,0.4471,0.9554,-0.2000
pos,161,-2.2172,-1.5528,1.1980,0.0463
input,161,-0.0142,0.1463,-0.0492,0.1014
target,161,-2.0000,-1.5000,1.3000,0.0000
param,161,1.0611,0.4471,0.9554,-0.2000
pos,162,-2.2101,-1.5466,1.1983,0.0417
input,162,-0.0096,0.1393,-0.0484,0.1005
target,162,-2.0000,-1.5000,1.3000,0.0000
param,162,1.0611,0.4471,0.9554,-0.2000
pos,163,-2.2030,-1.5409,1.1989,0.0372
input,163,-0.0099,0.1368,-0.0497,0.0996
target,163,-2.0000,-1.5000,1.3000,0.0000
param,163,1.0611,0.4471,0.9554,-0.2000
pos,164,-2.1959,-1.5350,1.1996,0.0398
input,164,-0.0064,0.1287,-0.0415,0.0991
target,164,-2.0000,-1.5000,1.3000,0.0000
param,164,1.0611,0.4471,0.9554,-0.2000
pos,165,-2.1886,-1.5292,1.2002,0.0372
input,165,-0.0067,0.1265,-0.0427,0.0982
target,165,-2.0000,-1.5000,1.3000,0.0000
param,165,1.0611,0.4471,0.9554,-0.2000
pos,166,-2.1814,-1.5235,1.2006,0.0342
input,166,-0.0038,0.1188,-0.0344,0.0973
target,166,-2.0000,-1.5000,1.3000,0.0000
param,166,1.0611,0.4471,0.9554,-0.2000
pos,167,-2.1741,-1.5179,1.2011,0.0307
input,167,0.0045,0.1088,-0.0347,0.0963
target,167,-2.0000,-1.5000,1.3000,0.0000
param,167,1.0611,0.4471,0.9554,-0.2000
pos,168,-2.1669,-1.5130,1.2015,0.0268
input,168,0.0041,0.1069,-0.0355,0.0954
target,168,-2.0000,-1.5000,1.3000,0.0000
param,168,1.0611,0.4471,0.9554,-0.2000
pos,169,-2.1598,-1.5077,1.2021,0.0242
input,169,0.0075,0.1007,-0.0310,0.0948
target,169,-0.5000,-1.5000,1.3000,0.0000
param,169,1.0611,0.4471,0.9554,-0.2000
pos,170,-2.1537,-1.5032,1.2027,0.0215
input,170,0.0137,0.0899,-0.0179,0.0946
target,170,-0.5000,-1.5000,1.3000,0.0000
param,170,1.0611,0.4471,0.9554,-0.2000
pos,171,-2.1470,-1.4986,1.2032,0.0188
input,171,0.1552,0.4805,0.1294,0.0466
target,171,-0.5000,-1.5000,1.3000,0.0000
param,171,1.0611,0.4471,0.9554,-0.2000
pos,172,-2.1401,-1.4939,1.2038,0.0169
input,172,0.1552,0.4805,0.1294,0.0466
target,172,-0.5000,-1.5000,1.3000,0.0000
param,172,1.0611,0.4471,0.9554,-0.2000
pos,173,-2.1335,-1.4894,1.2046,0.0168
input,173,0.1552,0.4805,0.1294,0.0466
target,173,-0.5000,-1.5000,1.3000,0.0000
param,173,1.0611,0.4471,0.9554,-0.2000
pos,174,-2.1269,-1.4851,1.2054,0.0169
input,174,0.1552,0.4805,0.1294,0.0466
target,174,-0.5000,-1.5000,1.3000,0.0000
param,174,1.0611,0.4471,0.9554,-0.2000
pos,175,-2.1204,-1.4811,1.2061,0.0159
input,175,0.1552,0.4805,0.1294,0.0466
target,175,-0.5000,-1.5000,1.3000,0.0000
param,175,1.0611,0.4471,0.9554,-0.2000
pos,176,-2.1137,-1.4775,1.2064,0.0166
input,176,0.1552,0.4805,0.1294,0.0466
target,176,-0.5000,-1.5000,1.3000,0.0000
param,176,1.0611,0.4471,0.9554,-0.2000
pos,177,-2.1072,-1.4740,1.2069,0.0141
input,177,0.1552,0.4805,0.1294,0.0466
target,177,-0.5000,-1.5000,1.3000,0.0000
param,177,1.0611,0.4471,0.9554,-0.2000
pos,178,-2.1007,-1.4705,1.2075,0.0114
input,178,0.1552,0.4805,0.1294,0.0466
target,178,-0.5000,-1.5000,1.3000,0.0000
param,178,1.0611,0.4471,0.9554,-0.2000
pos,179,-2.0943,-1.4678,1.2078,0.0073
input,179,0.1552,0.4805,0.1294,0.0466
target,179,-0.5000,-1.5000,1.3000,0.0000
param,179,1.0611,0.4471,0.9554,-0.2000
pos,180,-2.0882,-1.4651,1.2086,0.0063
input,180,0.1552,0.4805,0.1294,0.0466
target,180,-0.5000,-1.5000,1.3000,0.0000
param,180,1.0611,0.4471,0.9554,-0.2000
pos,181,-2.0819,-1.4623,1.2094,0.0044
input,181,0.1552,0.4805,0.1294,0.0466
target,181,-0.5000,-1.5000,1.3000,0.0000
param,181,1.0611,0.4471,0.9554,-0.2000
pos,182,-2.0758,-1.4596,1.2102,0.0028
input,182,0.1552,0.4805,0.1294,0.0466
target,182,-0.5000,-1.5000,1.3000,0.0000
param,182,1.0611,0.4471,0.9554,-0.2000
pos,183,-2.0696,-1.4572,1.2110,0.0012
input,183,0.1552,0.4805,0.1294,0.0466
target,183,-0.5000,-1.5000,1.3000,0.0000
param,183,1.0611,0.4471,0.9554,-0.2000
pos,184,-2.0634,-1.4549,1.2116,-0.0017
input,184,0.1552,0.4805,0.1294,0.0466
target,184,-0.5000,-1.5000,1.3000,0.0000
param,184,1.0611,0.4471,0.9554,-0.2000
pos,185,-2.0574,-1.4529,1.2122,-0.0047
input,185,0.1552,0.4805,0.1294,0.0466
target,185,-0.5000,-1.5000,1.3000,0.0000
param,185,1.0611,0.4471,0.9554,-0.2000
pos,186,-2.0513,-1.4513,1.2126,-0.0070
input,186,0.1552,0.4805,0.1294,0.0466
target,186,-0.5000,-1.5000,1.3000,0.0000
param,186,1.0611,0.4471,0.9554,-0.2000
pos,187,-2.0452,-1.4497,1.2130,-0.0117
input,187,0.1552,0.4805,0.1294,0.0466
target,187,-0.5000,-1.5000,1.3000,0.0000
param,187,1.0611,0.4471,0.9554,-0.2000
pos,188,-2.0393,-1.4481,1.2138,-0.0131
input,188,0.1552,0.4805,0.1294,0.0466
target,188,-0.5000,-1.5000,1.3000,0.0000
param,188,1.0611,0.4471,0.9554,-0.2000
pos,189,-2.0333,-1.4467,1.2146,-0.0149
input,189,0.1552,0.4805,0.1294,0.0466
target,189,-0.5000,-1.5000,1.3000,0.0000
param,189,1.0611,0.4471,0.9554,-0.2000
pos,190,-2.0274,-1.4454,1.2154,-0.0161
input,190,0.1462,0.4810,0.1213,0.0501
target,190,-0.5000,-1.5000,1.3000,0.0000
param,190,1.0611,0.4471,0.9554,-0.2000
pos,191,-2.0213,-1.4444,1.2159,-0.0190
input,191,0.1462,0.4810,0.1213,0.0501
target,191,-0.5000,-1.5000,1.3000,0.0000
param,191,1.0611,0.4471,0.9554,-0.2000
pos,192,-2.0154,-1.4437,1.2162,-0.0188
input,192,0.1462,0.4810,0.1213,0.0501
target,192,-0.5000,-1.5000,1.3000,0.0000
param,192,1.0611,0.4471,0.9554,-0.2000
pos,193,-2.0092,-1.4430,1.2168,-0.0216
input,193,0.1462,0.4810,0.1213,0.0501
target,193,-0.5000,-1.5000,1.3000,0.0000
param,193,1.0611,0.4471,0.9554,-0.2000
pos,194,-2.0028,-1.4424,1.2174,-0.0242
input,194,0.1462,0.4810,0.1213,0.0501
target,194,-0.5000,-1.5000,1.3000,0.0000
param,194,1.0611,0.4471,0.9554,-0.2000
pos,195,-1.9964,-1.4420,1.2180,-0.0269
input,195,0.1462,0.4810,0.1213,0.0501
target,195,-0.5000,-1.5000,1.3000,0.0000
param,195,1.0611,0.4471,0.9554,-0.2000
pos,196,-1.9898,-1.4418,1.2186,-0.0292
input,196,0.1462,0.4810,0.1213,0.0501
target,196,-0.5000,-1.5000,1.3000,0.0000
param,196,1.0611,0.4471,0.9554,-0.2000
pos,197,-1.9831,-1.4418,1.2192,-0.0313
input,197,0.1368,0.4813,0.1178,0.0509
target,197,-0.5000,-1.5000,1.3000,0.0000
param,197,1.0611,0.4471,0.9554,-0.2000
pos,198,-1.9763,-1.4422,1.2198,-0.0328
input,198,0.1368,0.4813,0.1178,0.0509
target,198,-0.5000,-1.5000,1.3000,0.0000
param,198,1.0611,0.4471,0.9554,-0.2000
pos,199,-1.9692,-1.4425,1.2204,-0.0347
input,199,0.1368,0.4813,0.1178,0.0509
target,199,-0.5000,-1.5000,1.3000,0.0000
param,199,1.0611,0.4471,0.9554,-0.2000
pos,200,-1.9620,-1.4430,1.2210,-0.0367
input,200,0.1368,0.4813,0.1178,0.0509
target,200,-0.5000,-1.5000,1.3000,0.0000
param,200,1.0611,0.4471,0.9554,-0.2000
pos,201,-1.9546,-1.4437,1.2216,-0.0384
input,201,0.1368,0.4813,0.1178,0.0509
target,201,-0.5000,-1.5000,1.3000,0.0000
param,201,1.0611,0.4471,0.9554,-0.2000
pos,202,-1.9384,-1.4474,1.2219,-0.0372
input,202,0.1269,0.4789,0.1148,0.0513
target,202,-0.5000,-1.5000,1.3000,0.0000
param,202,1.0611,0.4471,0.9554,-0.2000
pos,203,-1.9226,-1.4511,1.2222,-0.0354
input,203,0.1269,0.4789,0.1148,0.0513
target,203,-0.5000,-1.5000,1.3000,0.0000
param,203,1.0611,0.4471,0.9554,-0.2000
pos,204,-1.9076,-1.4546,1.2227,-0.0336
input,204,0.1269,0.4789,0.1148,0.0513
target,204,-0.5000,-1.5000,1.3000,0.0000
param,204,1.0611,0.4471,0.9554,-0.2000
pos,205,-1.8933,-1.4578,1.2232,-0.0320
input,205,0.1269,0.4789,0.1148,0.0513
target,205,-0.5000,-1.5000,1.3000,0.0000
param,205,1.0611,0.4471,0.9554,-0.2000
pos,206,-1.8796,-1.4610,1.2237,-0.0252
input,206,0.1269,0.4789,0.1148,0.0513
target,206,-0.5000,-1.5000,1.3000,0.0000
param,206,1.0611,0.4471,0.9554,-0.2000
pos,207,-1.8678,-1.4636,1.2241,-0.0186
input,207,0.1182,0.4805,0.1045,0.0506
target,207,-0.5000,-1.5000,1.3000,0.0000
param,207,1.0611,0.4471,0.9554,-0.2000
pos,208,-1.8548,-1.4668,1.2247,-0.0180
input,208,0.1182,0.4805,0.1045,0.0506
target,208,-0.5000,-1.5000,1.3000,0.0000
param,208,1.0611,0.4471,0.9554,-0.2000
pos,209,-1.8422,-1.4700,1.2251,-0.0191
input,209,0.1182,0.4805,0.1045,0.0506
target,209,-0.5000,-1.5000,1.3000,0.0000
param,209,1.0611,0.4471,0.9554,-0.2000
pos,210,-1.8297,-1.4730,1.2257,-0.0202
input,210,0.1182,0.4805,0.1045,0.0506
target,210,-0.5000,-1.5000,1.3000,0.0000
param,210,1.0611,0.4471,0.9554,-0.2000
pos,211,-1.8174,-1.4757,1.2264,-0.0141
input,211,0.1182,0.4805,0.1045,0.0506
target,211,-0.5000,-1.5000,1.3000,0.0000
param,211,1.0611,0.4471,0.9554,-0.2000
pos,212,-1.8053,-1.4785,1.2270,-0.0082
input,212,0.1182,0.4805,0.1045,0.0506
target,212,-0.5000,-1.5000,1.3000,0.0000
param,212,1.0611,0.4471,0.9554,-0.2000
pos,213,-1.7932,-1.4814,1.2277,-0.0025
input,213,0.1100,0.4829,0.0918,0.0495
target,213,-0.5000,-1.5000,1.3000,0.0000
param,213,1.0611,0.4471,0.9554,-0.2000
pos,214,-1.7812,-1.4841,1.2284,0.0031
input,214,0.1100,0.4829,0.0918,0.0495
target,214,-0.5000,-1.5000,1.3000,0.0000
param,214,1.0611,0.4471,0.9554,-0.2000
pos,215,-1.7692,-1.4869,1.2291,0.0081
input,215,0.1100,0.4829,0.0918,0.0495
target,215,-0.5000,-1.5000,1.3000,0.0000
param,215,1.0611,0.4471,0.9554,-0.2000
pos,216,-1.7589,-1.4893,1.2297,0.0129
input,216,0.1065,0.4883,0.0781,0.0480
target,216,-0.5000,-1.5000,1.3000,0.0000
param,216,1.0611,0.4471,0.9554,-0.2000
pos,217,-1.7475,-1.4920,1.2302,0.0174
input,217,0.1065,0.4883,0.0781,0.0480
target,217,-0.5000,-1.5000,1.3000,0.0000
param,217,1.0611,0.4471,0.9554,-0.2000
pos,218,-1.7352,-1.4952,1.2308,0.0134
input,218,0.1065,0.4883,0.0781,0.0480
target,218,-0.5000,-1.5000,1.3000,0.0000
param,218,1.0611,0.4471,0.9554,-0.2000
pos,219,-1.7229,-1.4985,1.2314,0.0097
input,219,0.1065,0.4883,0.0781,0.0480
target,219,-0.5000,-1.5000,1.3000,0.0000
param,219,1.0611,0.4471,0.9554,-0.2000
pos,220,-1.7105,-1.5020,1.2320,0.0074
input,220,0.1003,0.4827,0.0808,0.0477
target,220,-0.5000,-1.5000,1.3000,0.0000
param,220,1.0611,0.4471,0.9554,-0.2000
pos,221,-1.6981,-1.5055,1.2327,0.0069
input,221,0.1003,0.4827,0.0808,0.0477
target,221,-0.5000,-1.5000,1.3000,0.0000
param,221,1.0611,0.4471,0.9554,-0.2000
pos,222,-1.6858,-1.5087,1.2335,0.0066
input,222,0.1003,0.4827,0.0808,0.0477
target,222,-0.5000,-1.5000,1.3000,0.0000
param,222,1.0611,0.4471,0.9554,-0.2000
pos,223,-1.6732,-1.5118,1.2344,0.0132
input,223,0.0936,0.4747,0.0840,0.0469
target,223,-0.5000,-1.5000,1.3000,0.0000
param,223,1.0611,0.4471,0.9554,-0.2000
pos,224,-1.6606,-1.5150,1.2352,0.0198
input,224,0.0936,0.4747,0.0840,0.0469
target,224,-0.5000,-1.5000,1.3000,0.0000
param,224,1.0611,0.4471,0.9554,-0.2000
pos,225,-1.6498,-1.5176,1.2360,0.0262
input,225,0.0899,0.4787,0.0686,0.0455
target,225,-0.5000,-1.5000,1.3000,0.0000
param,225,1.0611,0.4471,0.9554,-0.2000
pos,226,-1.6372,-1.5218,1.2377,0.0318
input,226,0.0899,0.4787,0.0686,0.0455
target,226,-0.5000,-1.5000,1.3000,0.0000
param,226,1.0611,0.4471,0.9554,-0.2000
pos,227,-1.6240,-1.5252,1.2384,0.0374
input,227,0.0899,0.4787,0.0686,0.0455
target,227,-0.5000,-1.5000,1.3000,0.0000
param,227,1.0611,0.4471,0.9554,-0.2000
pos,228,-1.6108,-1.5288,1.2392,0.0372
input,228,0.0846,0.4825,0.0527,0.0441
target,228,-0.5000,-1.5000,1.3000,0.0000
param,228,1.0611,0.4471,0.9554,-0.2000
pos,229,-1.5977,-1.5320,1.2400,0.0331
input,229,0.0846,0.4825,0.0527,0.0441
target,229,-0.5000,-1.5000,1.3000,0.0000
param,229,1.0611,0.4471,0.9554,-0.2000
pos,230,-1.5845,-1.5361,1.2410,0.0348
input,230,0.0793,0.4753,0.0599,0.0433
target,230,-0.5000,-1.5000,1.3000,0.0000
param,230,1.0611,0.4471,0.9554,-0.2000
pos,231,-1.5712,-1.5403,1.2420,0.0370
input,231,0.0793,0.4753,0.0599,0.0433
target,231,-0.5000,-1.5000,1.3000,0.0000
param,231,1.0611,0.4471,0.9554,-0.2000
pos,232,-1.5578,-1.5445,1.2430,0.0387
input,232,0.0793,0.4753,0.0599,0.0433
target,232,-0.5000,-1.5000,1.3000,0.0000
param,232,1.0611,0.4471,0.9554,-0.2000
pos,233,-1.5445,-1.5486,1.2440,0.0408
input,233,0.0756,0.4683,0.0428,0.0414
target,233,-0.5000,-1.5000,1.3000,0.0000
param,233,1.0611,0.4471,0.9554,-0.2000
pos,234,-1.5310,-1.5527,1.2448,0.0429
input,234,0.0691,0.4693,0.0532,0.0421
target,234,-0.5000,-1.5000,1.3000,0.0000
param,234,1.0611,0.4471,0.9554,-0.2000
pos,235,-1.5174,-1.5569,1.2456,0.0444
input,235,0.0619,0.4653,0.0484,0.0402
target,235,-0.5000,-1.5000,1.3000,0.0000
param,235,1.0611,0.4471,0.9554,-0.2000
pos,236,-1.5038,-1.5611,1.2464,0.0460
input,236,0.0619,0.4653,0.0484,0.0402
target,236,-0.5000,-1.5000,1.3000,0.0000
param,236,1.0611,0.4471,0.9554,-0.2000
pos,237,-1.4900,-1.5654,1.2472,0.0476
input,237,0.0538,0.4604,0.0449,0.0389
target,237,-0.5000,-1.5000,1.3000,0.0000
param,237,1.0611,0.4471,0.9554,-0.2000
pos,238,-1.4761,-1.5695,1.2478,0.0503
input,238,0.0538,0.4604,0.0449,0.0389
target,238,-0.5000,-1.5000,1.3000,0.0000
param,238,1.0611,0.4471,0.9554,-0.2000
pos,239,-1.4621,-1.5736,1.2484,0.0541
input,239,0.0450,0.4557,0.0393,0.0376
target,239,-0.5000,-1.5000,1.3000,0.0000
param,239,1.0611,0.4471,0.9554,-0.2000
pos,240,-1.4481,-1.5777,1.2489,0.0574
input,240,0.0450,0.4557,0.0393,0.0376
target,240,-0.5000,-1.5000,1.3000,0.0000
param,240,1.0611,0.4471,0.9554,-0.2000
pos,241,-1.4339,-1.5819,1.2494,0.0604
input,241,0.0358,0.4524,0.0299,0.0364
target,241,-0.5000,-1.5000,1.3000,0.0000
param,241,1.0611,0.4471,0.9554,-0.2000
pos,242,-1.4196,-1.5862,1.2499,0.0633
input,242,0.0358,0.4524,0.0299,0.0364
target,242,-0.5000,-1.5000,1.3000,0.0000
param,242,1.0611,0.4471,0.9554,-0.2000
pos,243,-1.4053,-1.5905,1.2503,0.0662
input,243,0.0259,0.4478,0.0224,0.0352
target,243,-0.5000,-1.5000,1.3000,0.0000
param,243,1.0611,0.4471,0.9554,-0.2000
pos,244,-1.3909,-1.5947,1.2508,0.0685
input,244,0.0259,0.4478,0.0224,0.0352
target,244,-0.5000,-1.5000,1.3000,0.0000
param,244,1.0611,0.4471,0.9554,-0.2000
pos,245,-1.3765,-1.5990,1.2512,0.0709
input,245,0.0151,0.4421,0.0148,0.0339
target,245,-0.5000,-1.5000,1.3000,0.0000
param,245,1.0611,0.4471,0.9554,-0.2000
pos,246,-1.3631,-1.6031,1.2517,0.0716
input,246,0.0151,0.4421,0.0148,0.0339
target,246,-0.5000,-1.5000,1.3000,0.0000
param,246,1.0611,0.4471,0.9554,-0.2000
pos,247,-1.3485,-1.6075,1.2523,0.0725
input,247,0.0039,0.4347,0.0099,0.0324
target,247,-0.5000,-1.5000,1.3000,0.0000
param,247,1.0611,0.4471,0.9554,-0.2000
pos,248,-1.3338,-1.6120,1.2529,0.0734
input,248,0.0039,0.4347,0.0099,0.0324
target,248,-0.5000,-1.5000,1.3000,0.0000
param,248,1.0611,0.4471,0.9554,-0.2000
pos,249,-1.3190,-1.6164,1.2535,0.0740
input,249,-0.0085,0.4255,0.0056,0.0307
target,249,-0.5000,-1.5000,1.3000,0.0000
param,249,1.0611,0.4471,0.9554,-0.2000
pos,250,-1.3041,-1.6209,1.2541,0.0747
input,250,-0.0149,0.4205,0.0022,0.0285
target,250,-0.5000,-1.5000,1.3000,0.0000
param,250,1.0611,0.4471,0.9554,-0.2000
pos,251,-1.2895,-1.6252,1.2547,0.0756
input,251,-0.0213,0.4154,-0.0002,0.0274
target,251,-0.5000,-1.5000,1.3000,0.0000
param,251,1.0611,0.4471,0.9554,-0.2000
pos,252,-1.2747,-1.6297,1.2552,0.0748
input,252,-0.0280,0.4102,-0.0025,0.0264
target,252,-0.5000,-1.5000,1.3000,0.0000
param,252,1.0611,0.4471,0.9554,-0.2000
pos,253,-1.2600,-1.6341,1.2558,0.0740
input,253,-0.0350,0.4035,-0.0022,0.0253
target,253,-0.5000,-1.5000,1.3000,0.0000
param,253,1.0611,0.4471,0.9554,-0.2000
pos,254,-1.2453,-1.6385,1.2563,0.0730
input,254,-0.0422,0.3966,-0.0023,0.0241
target,254,-0.5000,-1.5000,1.3000,0.0000
param,254,1.0611,0.4471,0.9554,-0.2000
pos,255,-1.2303,-1.6426,1.2561,0.0694
input,255,-0.0496,0.3893,-0.0019,0.0230
target,255,-0.5000,-1.5000,1.3000,0.0000
param,255,1.0611,0.4471,0.9554,-0.2000
pos,256,-1.2154,-1.6468,1.2565,0.0707
input,256,-0.0577,0.3801,0.0025,0.0224
target,256,-0.5000,-1.5000,1.3000,0.0000
param,256,1.0611,0.4471,0.9554,-0.2000
pos,257,-1.2004,-1.6509,1.2568,0.0722
input,257,-0.0651,0.3744,-0.0024,0.0212
target,257,-0.5000,-1.5000,1.3000,0.0000
param,257,1.0611,0.4471,0.9554,-0.2000
pos,258,-1.1853,-1.6549,1.2571,0.0736
input,258,-0.0661,0.3690,-0.0175,0.0222
target,258,-0.5000,-1.5000,1.3000,0.0000
param,258,1.0611,0.4471,0.9554,-0.2000
pos,259,-1.1702,-1.6589,1.2574,0.0748
input,259,-0.0731,0.3636,-0.0210,0.0214
target,259,-0.5000,-1.5000,1.3000,0.0000
param,259,1.0611,0.4471,0.9554,-0.2000
pos,260,-1.1550,-1.6629,1.2577,0.0754
input,260,-0.0867,0.3570,-0.0130,0.0183
target,260,-0.5000,-1.5000,1.3000,0.0000
param,260,1.0611,0.4471,0.9554,-0.2000
pos,261,-1.1400,-1.6668,1.2580,0.0767
input,261,-0.0939,0.3507,-0.0160,0.0173
target,261,-0.5000,-1.5000,1.3000,0.0000
param,261,1.0611,0.4471,0.9554,-0.2000
pos,262,-1.1250,-1.6706,1.2583,0.0778
input,262,-0.1011,0.3447,-0.0198,0.0164
target,262,-0.5000,-1.5000,1.3000,0.0000
param,262,1.0611,0.4471,0.9554,-0.2000
pos,263,-1.1099,-1.6743,1.2585,0.0792
input,263,-0.1083,0.3385,-0.0233,0.0154
target,263,-0.5000,-1.5000,1.3000,0.0000
param,263,1.0611,0.4471,0.9554,-0.2000
pos,264,-1.0952,-1.6782,1.2590,0.0775
input,264,-0.1153,0.3323,-0.0271,0.0146
target,264,-0.5000,-1.5000,1.3000,0.0000
param,264,1.0611,0.4471,0.9554,-0.2000
pos,265,-1.0804,-1.6819,1.2595,0.0765
input,265,-0.1225,0.3239,-0.0256,0.0134
target,265,-0.5000,-1.5000,1.3000,0.0000
param,265,1.0611,0.4471,0.9554,-0.2000
pos,266,-1.0658,-1.6854,1.2599,0.0752
input,266,-0.1296,0.3157,-0.0259,0.0122
target,266,-0.5000,-1.5000,1.3000,0.0000
param,266,1.0611,0.4471,0.9554,-0.2000
pos,267,-1.0511,-1.6890,1.2603,0.0739
input,267,-0.1293,0.3111,-0.0391,0.0146
target,267,-0.5000,-1.5000,1.3000,0.0000
param,267,1.0611,0.4471,0.9554,-0.2000
pos,268,-1.0365,-1.6924,1.2607,0.0725
input,268,-0.1438,0.2986,-0.0247,0.0099
target,268,-0.5000,-1.5000,1.3000,0.0000
param,268,1.0611,0.4471,0.9554,-0.2000
pos,269,-1.0219,-1.6958,1.2610,0.0714
input,269,-0.1508,0.2902,-0.0243,0.0088
target,269,-0.5000,-1.5000,1.3000,0.0000
param,269,1.0611,0.4471,0.9554,-0.2000
pos,270,-1.0071,-1.6988,1.2611,0.0719
input,270,-0.1575,0.2820,-0.0241,0.0078
target,270,-0.5000,-1.5000,1.3000,0.0000
param,270,1.0611,0.4471,0.9554,-0.2000
pos,271,-0.9923,-1.7019,1.2612,0.0741
input,271,-0.1566,0.2781,-0.0361,0.0109
target,271,-0.5000,-1.5000,1.3000,0.0000
param,271,1.0611,0.4471,0.9554,-0.2000
pos,272,-0.9777,-1.7047,1.2613,0.0752
input,272,-0.1708,0.2698,-0.0333,0.0068
target,272,-0.5000,-1.5000,1.3000,0.0000
param,272,1.0611,0.4471,0.9554,-0.2000
pos,273,-0.9631,-1.7075,1.2614,0.0759
input,273,-0.1769,0.2640,-0.0371,0.0063
target,273,-0.5000,-1.5000,1.3000,0.0000
param,273,1.0611,0.4471,0.9554,-0.2000
pos,274,-0.9488,-1.7105,1.2616,0.0741
input,274,-0.1827,0.2577,-0.0402,0.0059
target,274,-0.5000,-1.5000,1.3000,0.0000
param,274,1.0611,0.4471,0.9554,-0.2000
pos,275,-0.9343,-1.7131,1.2616,0.0753
input,275,-0.1862,0.2459,-0.0375,0.0052
target,275,-0.5000,-1.5000,1.3000,0.0000
param,275,1.0611,0.4471,0.9554,-0.2000
pos,276,-0.9201,-1.7155,1.2617,0.0760
input,276,-0.1847,0.2424,-0.0479,0.0089
target,276,-0.5000,-1.5000,1.3000,0.0000
param,276,1.0611,0.4471,0.9554,-0.2000
pos,277,-0.9058,-1.7178,1.2616,0.0767
input,277,-0.1920,0.2278,-0.0466,0.0058
target,277,-0.5000,-1.5000,1.3000,0.0000
param,277,1.0611,0.4471,0.9554,-0.2000
pos,278,-0.8921,-1.7202,1.2618,0.0747
input,278,-0.1944,0.2193,-0.0502,0.0062
target,278,-0.5000,-1.5000,1.3000,0.0000
param,278,1.0611,0.4471,0.9554,-0.2000
pos,279,-0.8783,-1.7225,1.2619,0.0731
input,279,-0.1926,0.2162,-0.0588,0.0099
target,279,-0.5000,-1.5000,1.3000,0.0000
param,279,1.0611,0.4471,0.9554,-0.2000
pos,280,-0.8647,-1.7245,1.2620,0.0720
input,280,-0.1991,0.1990,-0.0463,0.0066
target,280,-0.5000,-1.5000,1.3000,0.0000
param,280,1.0611,0.4471,0.9554,-0.2000
pos,281,-0.8512,-1.7263,1.2618,0.0729
input,281,-0.1971,0.1961,-0.0540,0.0103
target,281,-0.5000,-1.5000,1.3000,0.0000
param,281,1.0611,0.4471,0.9554,-0.2000
pos,282,-0.8378,-1.7280,1.2617,0.0739
input,282,-0.2009,0.1901,-0.0463,0.0068
target,282,-0.5000,-1.5000,1.3000,0.0000
param,282,1.0611,0.4471,0.9554,-0.2000
pos,283,-0.8246,-1.7295,1.2615,0.0748
input,283,-0.2043,0.1759,-0.0511,0.0086
target,283,-0.5000,-1.5000,1.3000,0.0000
param,283,1.0611,0.4471,0.9554,-0.2000
pos,284,-0.8116,-1.7309,1.2612,0.0758
input,284,-0.2043,0.1759,-0.0511,0.0086
target,284,-0.5000,-1.5000,1.3000,0.0000
param,284,1.0611,0.4471,0.9554,-0.2000
pos,285,-0.7990,-1.7322,1.2612,0.0750
input,285,-0.2066,0.1630,-0.0574,0.0103
target,285,-0.5000,-1.5000,1.3000,0.0000
param,285,1.0611,0.4471,0.9554,-0.2000
pos,286,-0.7862,-1.7334,1.2605,0.0743
input,286,-0.2066,0.1630,-0.0574,0.0103
target,286,-0.5000,-1.5000,1.3000,0.0000
param,286,1.0611,0.4471,0.9554,-0.2000
pos,287,-0.7740,-1.7344,1.2603,0.0748
input,287,-0.2042,0.1608,-0.0631,0.0138
target,287,-0.5000,-1.5000,1.3000,0.0000
param,287,1.0611,0.4471,0.9554,-0.2000
pos,288,-0.7619,-1.7351,1.2599,0.0753
input,288,-0.2086,0.1481,-0.0559,0.0123
target,288,-0.5000,-1.5000,1.3000,0.0000
param,288,1.0611,0.4471,0.9554,-0.2000
pos,289,-0.7500,-1.7359,1.2599,0.0744
input,289,-0.2099,0.1352,-0.0596,0.0142
target,289,-0.5000,-1.5000,1.3000,0.0000
param,289,1.0611,0.4471,0.9554,-0.2000
pos,290,-0.7381,-1.7365,1.2596,0.0747
input,290,-0.2099,0.1352,-0.0596,0.0142
target,290,-0.5000,-1.5000,1.3000,0.0000
param,290,1.0611,0.4471,0.9554,-0.2000
pos,291,-0.7265,-1.7369,1.2592,0.0750
input,291,-0.2073,0.1334,-0.0640,0.0176
target,291,-0.5000,-1.5000,1.3000,0.0000
param,291,1.0611,0.4471,0.9554,-0.2000
pos,292,-0.7151,-1.7371,1.2589,0.0755
input,292,-0.2101,0.1231,-0.0604,0.0158
target,292,-0.5000,-1.5000,1.3000,0.0000
param,292,1.0611,0.4471,0.9554,-0.2000
pos,293,-0.7039,-1.7372,1.2585,0.0759
input,293,-0.2102,0.1116,-0.0632,0.0180
target,293,-0.5000,-1.5000,1.3000,0.0000
param,293,1.0611,0.4471,0.9554,-0.2000
pos,294,-0.6930,-1.7374,1.2583,0.0724
input,294,-0.2102,0.1116,-0.0632,0.0180
target,294,-0.5000,-1.5000,1.3000,0.0000
param,294,1.0611,0.4471,0.9554,-0.2000
pos,295,-0.6819,-1.7376,1.2574,0.0632
input,295,-0.2097,0.0986,-0.0579,0.0199
target,295,-0.5000,-1.5000,1.3000,0.0000
param,295,1.0611,0.4471,0.9554,-0.2000
pos,296,-0.6711,-1.7377,1.2566,0.0539
input,296,-0.2098,0.0871,-0.0426,0.0216
target,296,-0.5000,-1.5000,1.3000,0.0000
param,296,1.0611,0.4471,0.9554,-0.2000
pos,297,-0.6609,-1.7376,1.2562,0.0451
input,297,-0.2099,0.0759,-0.0269,0.0230
target,297,-0.5000,-1.5000,1.3000,0.0000
param,297,1.0611,0.4471,0.9554,-0.2000
pos,298,-0.6507,-1.7372,1.2559,0.0436
input,298,-0.2093,0.0660,-0.0122,0.0238
target,298,-0.5000,-1.5000,1.3000,0.0000
param,298,1.0611,0.4471,0.9554,-0.2000
pos,299,-0.6410,-1.7366,1.2555,0.0430
input,299,-0.2093,0.0660,-0.0122,0.0238
target,299,-0.5000,-1.5000,1.3000,0.0000
param,299,1.0611,0.4471,0.9554,-0.2000
pos,300,-0.6314,-1.7356,1.2550,0.0447
input,300,-0.2093,0.0660,-0.0122,0.0238
target,300,-0.5000,-1.5000,1.3000,0.0000
param,300,1.0611,0.4471,0.9554,-0.2000
pos,301,-0.6220,-1.7345,1.2545,0.0465
input,301,-0.2062,0.0659,-0.0144,0.0266
target,301,-0.5000,-1.5000,1.3000,0.0000
param,301,1.0611,0.4471,0.9554,-0.2000
pos,302,-0.6126,-1.7334,1.2541,0.0481
input,302,-0.2063,0.0553,-0.0166,0.0267
target,302,-0.5000,-1.5000,1.3000,0.0000
param,302,1.0611,0.4471,0.9554,-0.2000
pos,303,-0.6036,-1.7320,1.2536,0.0490
input,303,-0.2039,0.0502,-0.0276,0.0293
target,303,-0.5000,-1.5000,1.3000,0.0000
param,303,1.0611,0.4471,0.9554,-0.2000
pos,304,-0.5947,-1.7306,1.2530,0.0505
input,304,-0.2039,0.0502,-0.0276,0.0293
target,304,-0.5000,-1.5000,1.3000,0.0000
param,304,1.0611,0.4471,0.9554,-0.2000
pos,305,-0.5860,-1.7290,1.2523,0.0520
input,305,-0.2010,0.0446,-0.0349,0.0318
target,305,-0.5000,-1.5000,1.3000,0.0000
param,305,1.0611,0.4471,0.9554,-0.2000
pos,306,-0.5783,-1.7275,1.2520,0.0515
input,306,-0.2010,0.0446,-0.0349,0.0318
target,306,-0.5000,-1.5000,1.3000,0.0000
param,306,1.0611,0.4471,0.9554,-0.2000
pos,307,-0.5698,-1.7258,1.2513,0.0523
input,307,-0.1977,0.0388,-0.0392,0.0340
target,307,-0.5000,-1.5000,1.3000,0.0000
param,307,1.0611,0.4471,0.9554,-0.2000
pos,308,-0.5617,-1.7240,1.2506,0.0532
input,308,-0.1977,0.0388,-0.0392,0.0340
target,308,-0.5000,-1.5000,1.3000,0.0000
param,308,1.0611,0.4471,0.9554,-0.2000
pos,309,-0.5537,-1.7220,1.2499,0.0538
input,309,-0.1946,0.0321,-0.0450,0.0368
target,309,-0.5000,-1.5000,1.3000,0.0000
param,309,1.0611,0.4471,0.9554,-0.2000
pos,310,-0.5458,-1.7201,1.2492,0.0540
input,310,-0.1946,0.0321,-0.0450,0.0368
target,310,-0.5000,-1.5000,1.3000,0.0000
param,310,1.0611,0.4471,0.9554,-0.2000
pos,311,-0.5384,-1.7180,1.2486,0.0538
input,311,-0.1913,0.0251,-0.0492,0.0396
target,311,-0.5000,-1.5000,1.3000,0.0000
param,311,1.0611,0.4471,0.9554,-0.2000
pos,312,-0.5311,-1.7159,1.2481,0.0534
input,312,-0.1913,0.0251,-0.0492,0.0396
target,312,-0.5000,-1.5000,1.3000,0.0000
param,312,1.0611,0.4471,0.9554,-0.2000
pos,313,-0.5240,-1.7137,1.2474,0.0530
input,313,-0.1876,0.0176,-0.0498,0.0419
target,313,-0.5000,-1.5000,1.3000,0.0000
param,313,1.0611,0.4471,0.9554,-0.2000
pos,314,-0.5171,-1.7114,1.2467,0.0520
input,314,-0.1876,0.0176,-0.0498,0.0419
target,314,-0.5000,-1.5000,1.3000,0.0000
param,314,1.0611,0.4471,0.9554,-0.2000
pos,315,-0.5101,-1.7091,1.2459,0.0527
input,315,-0.1837,0.0099,-0.0486,0.0443
target,315,-0.5000,-1.5000,1.3000,0.0000
param,315,1.0611,0.4471,0.9554,-0.2000
pos,316,-0.5035,-1.7066,1.2450,0.0531
input,316,-0.1837,0.0099,-0.0486,0.0443
target,316,-0.5000,-1.5000,1.3000,0.0000
param,316,1.0611,0.4471,0.9554,-0.2000
pos,317,-0.4968,-1.7041,1.2441,0.0533
input,317,-0.1799,0.0033,-0.0529,0.0474
target,317,-0.5000,-1.5000,1.3000,0.0000
param,317,1.0611,0.4471,0.9554,-0.2000
pos,318,-0.4901,-1.7015,1.2432,0.0536
input,318,-0.1799,0.0033,-0.0529,0.0474
target,318,-0.5000,-1.5000,1.3000,0.0000
param,318,1.0611,0.4471,0.9554,-0.2000
pos,319,-0.4838,-1.6989,1.2422,0.0543
input,319,-0.1756,-0.0032,-0.0556,0.0504
target,319,-0.5000,-1.5000,1.3000,0.0000
param,319,1.0611,0.4471,0.9554,-0.2000
pos,320,-0.4778,-1.6961,1.2413,0.0547
input,320,-0.1756,-0.0032,-0.0556,0.0504
target,320,-0.5000,-1.5000,1.3000,0.0000
param,320,1.0611,0.4471,0.9554,-0.2000
pos,321,-0.4718,-1.6934,1.2403,0.0553
input,321,-0.1712,-0.0095,-0.0591,0.0535
target,321,-0.5000,-1.5000,1.3000,0.0000
param,321,1.0611,0.4471,0.9554,-0.2000
pos,322,-0.4660,-1.6906,1.2395,0.0541
input,322,-0.1712,-0.0095,-0.0591,0.0535
target,322,-0.5000,-1.5000,1.3000,0.0000
param,322,1.0611,0.4471,0.9554,-0.2000
pos,323,-0.4605,-1.6878,1.2387,0.0526
input,323,-0.1665,-0.0159,-0.0589,0.0564
target,323,-0.5000,-1.5000,1.3000,0.0000
param,323,1.0611,0.4471,0.9554,-0.2000
pos,324,-0.4553,-1.6850,1.2378,0.0507
input,324,-0.1665,-0.0159,-0.0589,0.0564
target,324,-0.5000,-1.5000,1.3000,0.0000
param,324,1.0611,0.4471,0.9554,-0.2000
pos,325,-0.4499,-1.6820,1.2367,0.0491
input,325,-0.1636,-0.0151,-0.0579,0.0570
target,325,-0.5000,-1.5000,1.3000,0.0000
param,325,1.0611,0.4471,0.9554,-0.2000
pos,326,-0.4449,-1.6790,1.2358,0.0484
input,326,-0.1584,-0.0215,-0.0522,0.0594
target,326,-0.5000,-1.5000,1.3000,0.0000
param,326,1.0611,0.4471,0.9554,-0.2000
pos,327,-0.4403,-1.6760,1.2349,0.0471
input,327,-0.1556,-0.0207,-0.0512,0.0599
target,327,-0.5000,-1.5000,1.3000,0.0000
param,327,1.0611,0.4471,0.9554,-0.2000
pos,328,-0.4359,-1.6729,1.2339,0.0461
input,328,-0.1532,-0.0242,-0.0488,0.0616
target,328,-0.5000,-1.5000,1.3000,0.0000
param,328,1.0611,0.4471,0.9554,-0.2000
pos,329,-0.4314,-1.6697,1.2326,0.0484
input,329,-0.1508,-0.0311,-0.0460,0.0636
target,329,-0.5000,-1.5000,1.3000,0.0000
param,329,1.0611,0.4471,0.9554,-0.2000
pos,330,-0.4270,-1.6665,1.2313,0.0497
input,330,-0.1482,-0.0342,-0.0438,0.0652
target,330,-0.5000,-1.5000,1.3000,0.0000
param,330,1.0611,0.4471,0.9554,-0.2000
pos,331,-0.4226,-1.6634,1.2300,0.0520
input,331,-0.1459,-0.0367,-0.0470,0.0669
target,331,-0.5000,-1.5000,1.3000,0.0000
param,331,1.0611,0.4471,0.9554,-0.2000
pos,332,-0.4183,-1.6601,1.2287,0.0533
input,332,-0.1433,-0.0393,-0.0485,0.0686
target,332,-0.5000,-1.5000,1.3000,0.0000
param,332,1.0611,0.4471,0.9554,-0.2000
pos,333,-0.4142,-1.6568,1.2273,0.0542
input,333,-0.1410,-0.0418,-0.0518,0.0704
target,333,-0.5000,-1.5000,1.3000,0.0000
param,333,1.0611,0.4471,0.9554,-0.2000
pos,334,-0.4103,-1.6536,1.2260,0.0548
input,334,-0.1383,-0.0443,-0.0531,0.0721
target,334,-0.5000,-1.5000,1.3000,0.0000
param,334,1.0611,0.4471,0.9554,-0.2000
pos,335,-0.4064,-1.6503,1.2247,0.0561
input,335,-0.1356,-0.0468,-0.0535,0.0738
target,335,-0.5000,-1.5000,1.3000,0.0000
param,335,1.0611,0.4471,0.9554,-0.2000
pos,336,-0.4026,-1.6471,1.2233,0.0585
input,336,-0.1329,-0.0492,-0.0538,0.0755
target,336,-0.5000,-1.5000,1.3000,0.0000
param,336,1.0611,0.4471,0.9554,-0.2000
pos,337,-0.3990,-1.6438,1.2220,0.0587
input,337,-0.1302,-0.0515,-0.0553,0.0772
target,337,-0.5000,-1.5000,1.3000,0.0000
param,337,1.0611,0.4471,0.9554,-0.2000
pos,338,-0.3955,-1.6405,1.2207,0.0594
input,338,-0.1278,-0.0537,-0.0592,0.0789
target,338,-0.5000,-1.5000,1.3000,0.0000
param,338,1.0611,0.4471,0.9554,-0.2000
pos,339,-0.3920,-1.6370,1.2193,0.0599
input,339,-0.1248,-0.0559,-0.0588,0.0805
target,339,-0.5000,-1.5000,1.3000,0.0000
param,339,1.0611,0.4471,0.9554,-0.2000
pos,340,-0.3888,-1.6336,1.2179,0.0605
input,340,-0.1219,-0.0580,-0.0593,0.0821
target,340,-0.5000,-1.5000,1.3000,0.0000
param,340,1.0611,0.4471,0.9554,-0.2000
pos,341,-0.3858,-1.6302,1.2169,0.0583
input,341,-0.1189,-0.0600,-0.0595,0.0837
target,341,-0.5000,-1.5000,1.3000,0.0000
param,341,1.0611,0.4471,0.9554,-0.2000
pos,342,-0.3830,-1.6269,1.2158,0.0560
input,342,-0.1158,-0.0618,-0.0600,0.0854
target,342,-0.5000,-1.5000,1.3000,0.0000
param,342,1.0611,0.4471,0.9554,-0.2000
pos,343,-0.3802,-1.6235,1.2148,0.0540
input,343,-0.1115,-0.0669,-0.0509,0.0883
target,343,-0.5000,-1.5000,1.3000,0.0000
param,343,1.0611,0.4471,0.9554,-0.2000
pos,344,-0.3773,-1.6200,1.2134,0.0547
input,344,-0.1082,-0.0685,-0.0468,0.0895
target,344,-0.5000,-3.0000,1.3000,0.0000
param,344,1.0611,0.4471,0.9554,-0.2000
pos,345,-0.3745,-1.6165,1.2121,0.0549
input,345,-0.1060,-0.0668,-0.0459,0.0888
target,345,-0.5000,-3.0000,1.3000,0.0000
param,345,1.0611,0.4471,0.9554,-0.2000
pos,346,-0.3719,-1.6130,1.2108,0.0550
input,346,0.5155,0.2240,-0.0709,-0.0439
target,346,-0.5000,-3.0000,1.3000,0.0000
param,346,1.0611,0.4471,0.9554,-0.2000
pos,347,-0.3693,-1.6094,1.2096,0.0553
input,347,0.5155,0.2240,-0.0709,-0.0439
target,347,-0.5000,-3.0000,1.3000,0.0000
param,347,1.0611,0.4471,0.9554,-0.2000
pos,348,-0.3668,-1.6059,1.2083,0.0555
input,348,0.5109,0.2069,-0.0715,-0.0445
target,348,-0.5000,-3.0000,1.3000,0.0000
param,348,1.0611,0.4471,0.9554,-0.2000
pos,349,-0.3648,-1.6026,1.2074,0.0534
input,349,0.5109,0.2069,-0.0715,-0.0445
target,349,-0.5000,-3.0000,1.3000,0.0000
param,349,1.0611,0.4471,0.9554,-0.2000
pos,350,-0.3625,-1.5990,1.2062,0.0533
input,350,0.5069,0.1944,-0.0679,-0.0448
target,350,-0.5000,-3.0000,1.3000,0.0000
param,350,1.0611,0.4471,0.9554,-0.2000
pos,351,-0.3603,-1.5954,1.2050,0.0535
input,351,0.5069,0.1944,-0.0679,-0.0448
target,351,-0.5000,-3.0000,1.3000,0.0000
param,351,1.0611,0.4471,0.9554,-0.2000
pos,352,-0.3581,-1.5918,1.2039,0.0543
input,352,0.4981,0.1895,-0.0601,-0.0373
target,352,-0.5000,-3.0000,1.3000,0.0000
param,352,1.0611,0.4471,0.9554,-0.2000
pos,353,-0.3563,-1.5882,1.2030,0.0521
input,353,0.5036,0.1805,-0.0653,-0.0447
target,353,-0.5000,-3.0000,1.3000,0.0000
param,353,1.0611,0.4471,0.9554,-0.2000
pos,354,-0.3543,-1.5845,1.2019,0.0523
input,354,0.4996,0.1675,-0.0615,-0.0447
target,354,-0.5000,-3.0000,1.3000,0.0000
param,354,1.0611,0.4471,0.9554,-0.2000
pos,355,-0.3524,-1.5810,1.2008,0.0534
input,355,0.4996,0.1675,-0.0615,-0.0447
target,355,-0.5000,-3.0000,1.3000,0.0000
param,355,1.0611,0.4471,0.9554,-0.2000
pos,356,-0.3505,-1.5774,1.1997,0.0540
input,356,0.4963,0.1528,-0.0590,-0.0443
target,356,-0.5000,-3.0000,1.3000,0.0000
param,356,1.0611,0.4471,0.9554,-0.2000
pos,357,-0.3487,-1.5738,1.1987,0.0543
input,357,0.4963,0.1528,-0.0590,-0.0443
target,357,-0.5000,-3.0000,1.3000,0.0000
param,357,1.0611,0.4471,0.9554,-0.2000
pos,358,-0.3470,-1.5704,1.1977,0.0546
input,358,0.4929,0.1386,-0.0556,-0.0441
target,358,-0.5000,-3.0000,1.3000,0.0000
param,358,1.0611,0.4471,0.9554,-0.2000
pos,359,-0.3453,-1.5669,1.1968,0.0554
input,359,0.4929,0.1386,-0.0556,-0.0441
target,359,-0.5000,-3.0000,1.3000,0.0000
param,359,1.0611,0.4471,0.9554,-0.2000
pos,360,-0.3439,-1.5635,1.1959,0.0553
input,360,0.4893,0.1246,-0.0521,-0.0437
target,360,-0.5000,-3.0000,1.3000,0.0000
param,360,1.0611,0.4471,0.9554,-0.2000
pos,361,-0.3426,-1.5604,1.1950,0.0557
input,361,0.4893,0.1246,-0.0521,-0.0437
target,361,-0.5000,-3.0000,1.3000,0.0000
param,361,1.0611,0.4471,0.9554,-0.2000
pos,362,-0.3412,-1.5572,1.1942,0.0561
input,362,0.4855,0.1114,-0.0482,-0.0433
target,362,-0.5000,-3.0000,1.3000,0.0000
param,362,1.0611,0.4471,0.9554,-0.2000
pos,363,-0.3400,-1.5542,1.1936,0.0551
input,363,0.4855,0.1114,-0.0482,-0.0433
target,363,-0.5000,-3.0000,1.3000,0.0000
param,363,1.0611,0.4471,0.9554,-0.2000
pos,364,-0.3389,-1.5512,1.1931,0.0542
input,364,0.4813,0.0988,-0.0441,-0.0428
target,364,-0.5000,-3.0000,1.3000,0.0000
param,364,1.0611,0.4471,0.9554,-0.2000
pos,365,-0.3377,-1.5486,1.1924,0.0538
input,365,0.4813,0.0988,-0.0441,-0.0428
target,365,-0.5000,-3.0000,1.3000,0.0000
param,365,1.0611,0.4471,0.9554,-0.2000
pos,366,-0.3366,-1.5463,1.1917,0.0536
input,366,0.4768,0.0868,-0.0398,-0.0423
target,366,-0.5000,-3.0000,1.3000,0.0000
param,366,1.0611,0.4471,0.9554,-0.2000
pos,367,-0.3354,-1.5441,1.1910,0.0534
input,367,0.4768,0.0868,-0.0398,-0.0423
target,367,-0.5000,-3.0000,1.3000,0.0000
param,367,1.0611,0.4471,0.9554,-0.2000
pos,368,-0.3343,-1.5422,1.1904,0.0529
input,368,0.4692,0.0833,-0.0355,-0.0340
target,368,-0.5000,-3.0000,1.3000,0.0000
param,368,1.0611,0.4471,0.9554,-0.2000
pos,369,-0.3332,-1.5406,1.1898,0.0526
input,369,0.4727,0.0741,-0.0361,-0.0415
target,369,-0.5000,-3.0000,1.3000,0.0000
param,369,1.0611,0.4471,0.9554,-0.2000
pos,370,-0.3321,-1.5394,1.1893,0.0526
input,370,0.4683,0.0615,-0.0320,-0.0408
target,370,-0.5000,-3.0000,1.3000,0.0000
param,370,1.0611,0.4471,0.9554,-0.2000
pos,371,-0.3309,-1.5386,1.1888,0.0525
input,371,0.4683,0.0615,-0.0320,-0.0408
target,371,-0.5000,-3.0000,1.3000,0.0000
param,371,1.0611,0.4471,0.9554,-0.2000
pos,372,-0.3298,-1.5381,1.1884,0.0517
input,372,0.4640,0.0484,-0.0284,-0.0399
target,372,-0.5000,-3.0000,1.3000,0.0000
param,372,1.0611,0.4471,0.9554,-0.2000
pos,373,-0.3286,-1.5379,1.1880,0.0514
input,373,0.4640,0.0484,-0.0284,-0.0399
target,373,-0.5000,-3.0000,1.3000,0.0000
param,373,1.0611,0.4471,0.9554,-0.2000
pos,374,-0.3274,-1.5381,1.1876,0.0513
input,374,0.4593,0.0358,-0.0241,-0.0391
target,374,-0.5000,-3.0000,1.3000,0.0000
param,374,1.0611,0.4471,0.9554,-0.2000
pos,375,-0.3262,-1.5387,1.1874,0.0512
input,375,0.4593,0.0358,-0.0241,-0.0391
target,375,-0.5000,-3.0000,1.3000,0.0000
param,375,1.0611,0.4471,0.9554,-0.2000
pos,376,-0.3251,-1.5396,1.1871,0.0513
input,376,0.4545,0.0228,-0.0202,-0.0382
target,376,-0.5000,-3.0000,1.3000,0.0000
param,376,1.0611,0.4471,0.9554,-0.2000
pos,377,-0.3091,-1.5482,1.1859,0.0513
input,377,0.4545,0.0228,-0.0202,-0.0382
target,377,-0.5000,-3.0000,1.3000,0.0000
param,377,1.0611,0.4471,0.9554,-0.2000
pos,378,-0.2952,-1.5561,1.1848,0.0498
input,378,0.4502,0.0104,-0.0165,-0.0372
target,378,-0.5000,-3.0000,1.3000,0.0000
param,378,1.0611,0.4471,0.9554,-0.2000
pos,379,-0.2834,-1.5633,1.1837,0.0493
input,379,0.4502,0.0104,-0.0165,-0.0372
target,379,-0.5000,-3.0000,1.3000,0.0000
param,379,1.0611,0.4471,0.9554,-0.2000
pos,380,-0.2730,-1.5703,1.1828,0.0491
input,380,0.4471,0.0026,-0.0122,-0.0361
target,380,-0.5000,-3.0000,1.3000,0.0000
param,380,1.0611,0.4471,0.9554,-0.2000
pos,381,-0.2642,-1.5769,1.1819,0.0485
input,381,0.4471,0.0026,-0.0122,-0.0361
target,381,-0.5000,-3.0000,1.3000,0.0000
param,381,1.0611,0.4471,0.9554,-0.2000
pos,382,-0.2564,-1.5833,1.1811,0.0482
input,382,0.4471,0.0026,-0.0122,-0.0361
target,382,-0.5000,-3.0000,1.3000,0.0000
param,382,1.0611,0.4471,0.9554,-0.2000
pos,383,-0.2498,-1.5897,1.1804,0.0478
input,383,0.4452,-0.0061,-0.0106,-0.0348
target,383,-0.5000,-3.0000,1.3000,0.0000
param,383,1.0611,0.4471,0.9554,-0.2000
pos,384,-0.2440,-1.5961,1.1799,0.0464
input,384,0.4452,-0.0061,-0.0106,-0.0348
target,384,-0.5000,-3.0000,1.3000,0.0000
param,384,1.0611,0.4471,0.9554,-0.2000
pos,385,-0.2393,-1.6026,1.1795,0.0454
input,385,0.4452,-0.0061,-0.0106,-0.0348
target,385,-0.5000,-3.0000,1.3000,0.0000
param,385,1.0611,0.4471,0.9554,-0.2000
pos,386,-0.2349,-1.6090,1.1791,0.0447
input,386,0.4452,-0.0061,-0.0106,-0.0348
target,386,-0.5000,-3.0000,1.3000,0.0000
param,386,1.0611,0.4471,0.9554,-0.2000
pos,387,-0.2312,-1.6153,1.1787,0.0440
input,387,0.4452,-0.0061,-0.0106,-0.0348
target,387,-0.5000,-3.0000,1.3000,0.0000
param,387,1.0611,0.4471,0.9554,-0.2000
pos,388,-0.2279,-1.6219,1.1784,0.0439
input,388,0.4452,-0.0061,-0.0106,-0.0348
target,388,-0.5000,-3.0000,1.3000,0.0000
param,388,1.0611,0.4471,0.9554,-0.2000
pos,389,-0.2252,-1.6287,1.1783,0.0432
input,389,0.4452,-0.0061,-0.0106,-0.0348
target,389,-0.5000,-3.0000,1.3000,0.0000
param,389,1.0611,0.4471,0.9554,-0.2000
pos,390,-0.2227,-1.6356,1.1781,0.0428
input,390,0.4452,-0.0061,-0.0106,-0.0348
target,390,-0.5000,-3.0000,1.3000,0.0000
param,390,1.0611,0.4471,0.9554,-0.2000
pos,391,-0.2207,-1.6428,1.1781,0.0423
input,391,0.4430,-0.0147,-0.0089,-0.0326
target,391,-0.5000,-3.0000,1.3000,0.0000
param,391,1.0611,0.4471,0.9554,-0.2000
pos,392,-0.2188,-1.6502,1.1781,0.0418
input,392,0.4430,-0.0147,-0.0089,-0.0326
target,392,-0.5000,-3.0000,1.3000,0.0000
param,392,1.0611,0.4471,0.9554,-0.2000
pos,393,-0.2173,-1.6577,1.1783,0.0410
input,393,0.4430,-0.0147,-0.0089,-0.0326
target,393,-0.5000,-3.0000,1.3000,0.0000
param,393,1.0611,0.4471,0.9554,-0.2000
pos,394,-0.2158,-1.6654,1.1784,0.0411
input,394,0.4430,-0.0147,-0.0089,-0.0326
target,394,-0.5000,-3.0000,1.3000,0.0000
param,394,1.0611,0.4471,0.9554,-0.2000
pos,395,-0.2146,-1.6733,1.1786,0.0417
input,395,0.4430,-0.0147,-0.0089,-0.0326
target,395,-0.5000,-3.0000,1.3000,0.0000
param,395,1.0611,0.4471,0.9554,-0.2000
pos,396,-0.2135,-1.6816,1.1790,0.0407
input,396,0.4430,-0.0147,-0.0089,-0.0326
target,396,-0.5000,-3.0000,1.3000,0.0000
param,396,1.0611,0.4471,0.9554,-0.2000
pos,397,-0.2128,-1.6900,1.1794,0.0386
input,397,0.4430,-0.0147,-0.0089,-0.0326
target,397,-0.5000,-3.0000,1.3000,0.0000
param,397,1.0610,0.4471,0.9554,-0.2000
pos,398,-0.2121,-1.6986,1.1800,0.0369
input,398,0.4430,-0.0147,-0.0089,-0.0326
target,398,-0.5000,-3.0000,1.3000,0.0000
param,398,1.0610,0.4471,0.9554,-0.2000
pos,399,-0.2116,-1.7074,1.1806,0.0355
input,399,0.4430,-0.0147,-0.0089,-0.0326
target,399,-0.5000,-3.0000,1.3000,0.0000
param,399,1.0610,0.4471,0.9554,-0.2000
pos,400,-0.2110,-1.7164,1.1812,0.0342
input,400,0.4430,-0.0147,-0.0089,-0.0326
target,400,-0.5000,-3.0000,1.3000,0.0000
param,400,1.0610,0.4471,0.9554,-0.2001
pos,401,-0.2108,-1.7256,1.1819,0.0327
input,401,0.4430,-0.0147,-0.0089,-0.0326
target,401,-0.5000,-3.0000,1.3000,0.0000
param,401,1.0610,0.4471,0.9554,-0.2001
pos,402,-0.2104,-1.7350,1.1826,0.0316
input,402,0.4349,-0.0188,-0.0051,-0.0319
target,402,-0.5000,-3.0000,1.3000,0.0000
param,402,1.0610,0.4471,0.9554,-0.2001
pos,403,-0.2103,-1.7446,1.1833,0.0305
input,403,0.4349,-0.0188,-0.0051,-0.0319
target,403,-0.5000,-3.0000,1.3000,0.0000
param,403,1.0610,0.4471,0.9554,-0.2001
pos,404,-0.2100,-1.7542,1.1838,0.0313
input,404,0.4349,-0.0188,-0.0051,-0.0319
target,404,-0.5000,-3.0000,1.3000,0.0000
param,404,1.0610,0.4471,0.9554,-0.2001
pos,405,-0.2098,-1.7640,1.1844,0.0325
input,405,0.4349,-0.0188,-0.0051,-0.0319
target,405,-0.5000,-3.0000,1.3000,0.0000
param,405,1.0610,0.4471,0.9554,-0.2001
pos,406,-0.2096,-1.7739,1.1850,0.0333
input,406,0.4349,-0.0188,-0.0051,-0.0319
target,406,-0.5000,-3.0000,1.3000,0.0000
param,406,1.0610,0.4471,0.9554,-0.2001
pos,407,-0.2096,-1.7840,1.1858,0.0334
input,407,0.4299,-0.0259,-0.0057,-0.0307
target,407,-0.5000,-3.0000,1.3000,0.0000
param,407,1.0610,0.4471,0.9554,-0.2001
pos,408,-0.2096,-1.7945,1.1866,0.0306
input,408,0.4299,-0.0259,-0.0057,-0.0307
target,408,-0.5000,-3.0000,1.3000,0.0000
param,408,1.0610,0.4471,0.9554,-0.2001
pos,409,-0.2098,-1.8049,1.1874,0.0313
input,409,0.4299,-0.0259,-0.0057,-0.0307
target,409,-0.5000,-3.0000,1.3000,0.0000
param,409,1.0610,0.4471,0.9554,-0.2001
pos,410,-0.2099,-1.8156,1.1882,0.0328
input,410,0.4299,-0.0259,-0.0057,-0.0307
target,410,-0.5000,-3.0000,1.3000,0.0000
param,410,1.0610,0.4471,0.9554,-0.2001
pos,411,-0.2102,-1.8265,1.1891,0.0339
input,411,0.4238,-0.0319,-0.0038,-0.0303
target,411,-0.5000,-3.0000,1.3000,0.0000
param,411,1.0610,0.4471,0.9554,-0.2001
pos,412,-0.2104,-1.8374,1.1900,0.0347
input,412,0.4238,-0.0319,-0.0038,-0.0303
target,412,-0.5000,-3.0000,1.3000,0.0000
param,412,1.0610,0.4471,0.9554,-0.2001
pos,413,-0.2105,-1.8487,1.1909,0.0364
input,413,0.4238,-0.0319,-0.0038,-0.0303
target,413,-0.5000,-3.0000,1.3000,0.0000
param,413,1.0610,0.4471,0.9554,-0.2001
pos,414,-0.2107,-1.8599,1.1918,0.0380
input,414,0.4196,-0.0397,-0.0046,-0.0296
target,414,-0.5000,-3.0000,1.3000,0.0000
param,414,1.0610,0.4471,0.9554,-0.2001
pos,415,-0.2110,-1.8714,1.1927,0.0389
input,415,0.4196,-0.0397,-0.0046,-0.0296
target,415,-0.5000,-3.0000,1.3000,0.0000
param,415,1.0610,0.4471,0.9554,-0.2001
pos,416,-0.2112,-1.8830,1.1936,0.0398
input,416,0.4196,-0.0397,-0.0046,-0.0296
target,416,-0.5000,-3.0000,1.3000,0.0000
param,416,1.0610,0.4471,0.9554,-0.2001
pos,417,-0.2114,-1.8947,1.1946,0.0400
input,417,0.4149,-0.0479,-0.0046,-0.0292
target,417,-0.5000,-3.0000,1.3000,0.0000
param,417,1.0610,0.4471,0.9554,-0.2001
pos,418,-0.2115,-1.9057,1.1955,0.0411
input,418,0.4149,-0.0479,-0.0046,-0.0292
target,418,-0.5000,-3.0000,1.3000,0.0000
param,418,1.0610,0.4471,0.9554,-0.2001
pos,419,-0.2119,-1.9180,1.1966,0.0405
input,419,0.4149,-0.0479,-0.0046,-0.0292
target,419,-0.5000,-3.0000,1.3000,0.0000
param,419,1.0610,0.4471,0.9554,-0.2001
pos,420,-0.2123,-1.9303,1.1977,0.0395
input,420,0.4091,-0.0541,-0.0030,-0.0289
target,420,-0.5000,-3.0000,1.3000,0.0000
param,420,1.0610,0.4471,0.9554,-0.2001
pos,421,-0.2124,-1.9428,1.1985,0.0410
input,421,0.4091,-0.0541,-0.0030,-0.0289
target,421,-0.5000,-3.0000,1.3000,0.0000
param,421,1.0610,0.4471,0.9554,-0.2001
pos,422,-0.2128,-1.9546,1.1999,0.0362
input,422,0.4091,-0.0541,-0.0030,-0.0289
target,422,-0.5000,-3.0000,1.3000,0.0000
param,422,1.0611,0.4471,0.9554,-0.2001
pos,423,-0.2133,-1.9673,1.2008,0.0367
input,423,0.4091,-0.0541,-0.0030,-0.0289
target,423,-0.5000,-3.0000,1.3000,0.0000
param,423,1.0611,0.4471,0.9554,-0.2001
pos,424,-0.2137,-1.9799,1.2015,0.0379
input,424,0.3993,-0.0595,0.0006,-0.0287
target,424,-0.5000,-3.0000,1.3000,0.0000
param,424,1.0611,0.4471,0.9554,-0.2001
pos,425,-0.2141,-1.9927,1.2023,0.0391
input,425,0.3993,-0.0595,0.0006,-0.0287
target,425,-0.5000,-3.0000,1.3000,0.0000
param,425,1.0611,0.4471,0.9554,-0.2001
pos,426,-0.2147,-2.0056,1.2033,0.0385
input,426,0.3993,-0.0595,0.0006,-0.0287
target,426,-0.5000,-3.0000,1.3000,0.0000
param,426,1.0611,0.4471,0.9554,-0.2001
pos,427,-0.2152,-2.0185,1.2040,0.0391
input,427,0.3935,-0.0675,0.0002,-0.0269
target,427,-0.5000,-3.0000,1.3000,0.0000
param,427,1.0611,0.4471,0.9554,-0.2001
pos,428,-0.2157,-2.0314,1.2047,0.0401
input,428,0.3935,-0.0675,0.0002,-0.0269
target,428,-0.5000,-3.0000,1.3000,0.0000
param,428,1.0611,0.4471,0.9554,-0.2001
pos,429,-0.2164,-2.0445,1.2055,0.0402
input,429,0.3935,-0.0675,0.0002,-0.0269
target,429,-0.5000,-3.0000,1.3000,0.0000
param,429,1.0611,0.4471,0.9554,-0.2001
pos,430,-0.2170,-2.0577,1.2063,0.0405
input,430,0.3875,-0.0756,0.0008,-0.0256
target,430,-0.5000,-3.0000,1.3000,0.0000
param,430,1.0611,0.4471,0.9554,-0.2001
pos,431,-0.2177,-2.0708,1.2071,0.0409
input,431,0.3875,-0.0756,0.0008,-0.0256
target,431,-0.5000,-3.0000,1.3000,0.0000
param,431,1.0611,0.4471,0.9554,-0.2001
pos,432,-0.2184,-2.0840,1.2078,0.0410
input,432,0.3875,-0.0756,0.0008,-0.0256
target,432,-0.5000,-3.0000,1.3000,0.0000
param,432,1.0611,0.4471,0.9554,-0.2001
pos,433,-0.2193,-2.0963,1.2086,0.0414
input,433,0.3811,-0.0830,0.0017,-0.0243
target,433,-0.5000,-3.0000,1.3000,0.0000
param,433,1.0611,0.4471,0.9554,-0.2001
pos,434,-0.2203,-2.1087,1.2093,0.0418
input,434,0.3811,-0.0830,0.0017,-0.0243
target,434,-0.5000,-3.0000,1.3000,0.0000
param,434,1.0611,0.4471,0.9554,-0.2001
pos,435,-0.2211,-2.1204,1.2100,0.0418
input,435,0.3811,-0.0830,0.0017,-0.0243
target,435,-0.5000,-3.0000,1.3000,0.0000
param,435,1.0611,0.4471,0.9554,-0.2001
pos,436,-0.2222,-2.1342,1.2106,0.0413
input,436,0.3753,-0.0894,0.0025,-0.0228
target,436,-0.5000,-3.0000,1.3000,0.0000
param,436,1.0611,0.4471,0.9554,-0.2001
pos,437,-0.2233,-2.1480,1.2112,0.0420
input,437,0.3753,-0.0894,0.0025,-0.0228
target,437,-0.5000,-3.0000,1.3000,0.0000
param,437,1.0611,0.4471,0.9554,-0.2001
pos,438,-0.2244,-2.1597,1.2118,0.0426
input,438,0.3753,-0.0894,0.0025,-0.0228
target,438,-0.5000,-3.0000,1.3000,0.0000
param,438,1.0611,0.4471,0.9554,-0.2001
pos,439,-0.2256,-2.1727,1.2123,0.0431
input,439,0.3690,-0.0967,0.0026,-0.0211
target,439,-0.5000,-3.0000,1.3000,0.0000
param,439,1.0611,0.4471,0.9554,-0.2001
pos,440,-0.2271,-2.1868,1.2129,0.0431
input,440,0.3690,-0.0967,0.0026,-0.0211
target,440,-0.5000,-3.0000,1.3000,0.0000
param,440,1.0611,0.4471,0.9554,-0.2001
pos,441,-0.2284,-2.2009,1.2132,0.0415
input,441,0.3690,-0.0967,0.0026,-0.0211
target,441,-0.5000,-3.0000,1.3000,0.0000
param,441,1.0611,0.4471,0.9554,-0.2001
pos,442,-0.2299,-2.2149,1.2134,0.0396
input,442,0.3618,-0.1034,0.0043,-0.0187
target,442,-0.5000,-3.0000,1.3000,0.0000
param,442,1.0611,0.4471,0.9554,-0.2001
pos,443,-0.2313,-2.2280,1.2137,0.0375
input,443,0.3618,-0.1034,0.0043,-0.0187
target,443,-0.5000,-3.0000,1.3000,0.0000
param,443,1.0611,0.4471,0.9554,-0.2001
pos,444,-0.2331,-2.2420,1.2142,0.0379
input,444,0.3618,-0.1034,0.0043,-0.0187
target,444,-0.5000,-3.0000,1.3000,0.0000
param,444,1.0611,0.4471,0.9554,-0.2001
pos,445,-0.2350,-2.2559,1.2147,0.0382
input,445,0.3539,-0.1084,0.0079,-0.0159
target,445,-0.5000,-3.0000,1.3000,0.0000
param,445,1.0611,0.4471,0.9554,-0.2001
pos,446,-0.2369,-2.2699,1.2151,0.0392
input,446,0.3539,-0.1084,0.0079,-0.0159
target,446,-0.5000,-3.0000,1.3000,0.0000
param,446,1.0611,0.4471,0.9554,-0.2001
pos,447,-0.2388,-2.2838,1.2156,0.0401
input,447,0.3539,-0.1084,0.0079,-0.0159
target,447,-0.5000,-3.0000,1.3000,0.0000
param,447,1.0611,0.4471,0.9554,-0.2001
pos,448,-0.2409,-2.2976,1.2158,0.0409
input,448,0.3470,-0.1182,0.0053,-0.0128
target,448,-0.5000,-3.0000,1.3000,0.0000
param,448,1.0611,0.4471,0.9554,-0.2001
pos,449,-0.2429,-2.3113,1.2161,0.0417
input,449,0.3470,-0.1182,0.0053,-0.0128
target,449,-0.5000,-3.0000,1.3000,0.0000
param,449,1.0611,0.4471,0.9554,-0.2001
pos,450,-0.2448,-2.3241,1.2164,0.0425
input,450,0.3470,-0.1182,0.0053,-0.0128
target,450,-0.5000,-3.0000,1.3000,0.0000
param,450,1.0611,0.4471,0.9554,-0.2001
pos,451,-0.2471,-2.3378,1.2166,0.0438
input,451,0.3401,-0.1282,0.0040,-0.0094
target,451,-0.5000,-3.0000,1.3000,0.0000
param,451,1.0611,0.4471,0.9554,-0.2001
pos,452,-0.2493,-2.3516,1.2170,0.0450
input,452,0.3401,-0.1282,0.0040,-0.0094
target,452,-0.5000,-3.0000,1.3000,0.0000
param,452,1.0611,0.4471,0.9554,-0.2001
pos,453,-0.2516,-2.3654,1.2173,0.0459
input,453,0.3352,-0.1357,0.0031,-0.0065
target,453,-0.5000,-3.0000,1.3000,0.0000
param,453,1.0611,0.4471,0.9554,-0.2001
pos,454,-0.2538,-2.3790,1.2175,0.0463
input,454,0.3352,-0.1357,0.0031,-0.0065
target,454,-0.5000,-3.0000,1.3000,0.0000
param,454,1.0611,0.4471,0.9554,-0.2001
pos,455,-0.2562,-2.3927,1.2180,0.0474
input,455,0.3352,-0.1357,0.0031,-0.0065
target,455,-0.5000,-3.0000,1.3000,0.0000
param,455,1.0611,0.4471,0.9554,-0.2001
pos,456,-0.2586,-2.4064,1.2184,0.0487
input,456,0.3271,-0.1461,-0.0002,-0.0030
target,456,-0.5000,-3.0000,1.3000,0.0000
param,456,1.0611,0.4471,0.9554,-0.2001
pos,457,-0.2610,-2.4199,1.2189,0.0488
input,457,0.3271,-0.1461,-0.0002,-0.0030
target,457,-0.5000,-3.0000,1.3000,0.0000
param,457,1.0611,0.4471,0.9554,-0.2001
pos,458,-0.2634,-2.4324,1.2193,0.0497
input,458,0.3211,-0.1528,-0.0003,0.0002
target,458,-0.5000,-3.0000,1.3000,0.0000
param,458,1.0611,0.4471,0.9554,-0.2001
pos,459,-0.2660,-2.4459,1.2197,0.0505
input,459,0.3211,-0.1528,-0.0003,0.0002
target,459,-0.5000,-3.0000,1.3000,0.0000
param,459,1.0611,0.4471,0.9554,-0.2001
pos,460,-0.2685,-2.4592,1.2200,0.0511
input,460,0.3154,-0.1594,-0.0025,0.0031
target,460,-0.5000,-3.0000,1.3000,0.0000
param,460,1.0611,0.4471,0.9554,-0.2001
pos,461,-0.2712,-2.4724,1.2203,0.0517
input,461,0.3154,-0.1594,-0.0025,0.0031
target,461,-0.5000,-3.0000,1.3000,0.0000
param,461,1.0611,0.4471,0.9554,-0.2001
pos,462,-0.2738,-2.4856,1.2206,0.0525
input,462,0.3091,-0.1661,-0.0044,0.0064
target,462,-0.5000,-3.0000,1.3000,0.0000
param,462,1.0611,0.4471,0.9554,-0.2001
pos,463,-0.2764,-2.4988,1.2209,0.0535
input,463,0.3091,-0.1661,-0.0044,0.0064
target,463,-0.5000,-3.0000,1.3000,0.0000
param,463,1.0611,0.4471,0.9554,-0.2001
pos,464,-0.2791,-2.5118,1.2213,0.0547
input,464,0.3025,-0.1733,-0.0073,0.0099
target,464,-0.5000,-3.0000,1.3000,0.0000
param,464,1.0611,0.4471,0.9554,-0.2001
pos,465,-0.2815,-2.5249,1.2213,0.0505
input,465,0.3025,-0.1733,-0.0073,0.0099
target,465,-0.5000,-3.0000,1.3000,0.0000
param,465,1.0611,0.4471,0.9554,-0.2001
pos,466,-0.2839,-2.5379,1.2214,0.0467
input,466,0.2946,-0.1773,-0.0037,0.0138
target,466,-0.5000,-3.0000,1.3000,0.0000
param,466,1.0611,0.4471,0.9554,-0.2001
pos,467,-0.2867,-2.5506,1.2217,0.0492
input,467,0.2946,-0.1773,-0.0037,0.0138
target,467,-0.5000,-3.0000,1.3000,0.0000
param,467,1.0611,0.4471,0.9554,-0.2001
pos,468,-0.2893,-2.5632,1.2221,0.0516
input,468,0.2869,-0.1826,-0.0040,0.0181
target,468,-0.5000,-3.0000,1.3000,0.0000
param,468,1.0611,0.4471,0.9554,-0.2001
pos,469,-0.2920,-2.5758,1.2225,0.0543
input,469,0.2869,-0.1826,-0.0040,0.0181
target,469,-0.5000,-3.0000,1.3000,0.0000
param,469,1.0611,0.4471,0.9554,-0.2001
pos,470,-0.2948,-2.5883,1.2228,0.0570
input,470,0.2798,-0.1926,-0.0135,0.0225
target,470,-0.5000,-3.0000,1.3000,0.0000
param,470,1.0611,0.4471,0.9554,-0.2001
pos,471,-0.2973,-2.6011,1.2228,0.0511
input,471,0.2798,-0.1926,-0.0135,0.0225
target,471,-0.5000,-3.0000,1.3000,0.0000
param,471,1.0611,0.4471,0.9554,-0.2001
pos,472,-0.3000,-2.6137,1.2230,0.0471
input,472,0.2705,-0.1969,-0.0084,0.0272
target,472,-0.5000,-3.0000,1.3000,0.0000
param,472,1.0611,0.4471,0.9554,-0.2001
pos,473,-0.3028,-2.6262,1.2232,0.0429
input,473,0.2705,-0.1969,-0.0084,0.0272
target,473,-0.5000,-3.0000,1.3000,0.0000
param,473,1.0611,0.4471,0.9554,-0.2001
pos,474,-0.3060,-2.6381,1.2239,0.0427
input,474,0.2606,-0.1971,0.0029,0.0327
target,474,-0.5000,-3.0000,1.3000,0.0000
param,474,1.0611,0.4471,0.9554,-0.2001
pos,475,-0.3088,-2.6501,1.2243,0.0456
input,475,0.2606,-0.1971,0.0029,0.0327
target,475,-0.5000,-3.0000,1.3000,0.0000
param,475,1.0611,0.4471,0.9554,-0.2001
pos,476,-0.3115,-2.6603,1.2247,0.0485
input,476,0.2574,-0.1955,-0.0057,0.0379
target,476,-0.5000,-3.0000,1.3000,0.0000
param,476,1.0611,0.4471,0.9554,-0.2001
pos,477,-0.3148,-2.6723,1.2254,0.0487
input,477,0.2528,-0.2047,-0.0068,0.0379
target,477,-0.5000,-3.0000,1.3000,0.0000
param,477,1.0611,0.4471,0.9554,-0.2001
pos,478,-0.3179,-2.6844,1.2259,0.0510
input,478,0.2498,-0.2032,-0.0152,0.0429
target,478,-0.5000,-3.0000,1.3000,0.0000
param,478,1.0611,0.4471,0.9554,-0.2001
pos,479,-0.3211,-2.6963,1.2262,0.0541
input,479,0.2446,-0.2124,-0.0139,0.0426
target,479,-0.5000,-3.0000,1.3000,0.0000
param,479,1.0611,0.4471,0.9554,-0.2001
pos,480,-0.3242,-2.7084,1.2263,0.0513
input,480,0.2239,-0.2136,-0.0268,0.0466
target,480,-0.5000,-3.0000,1.3000,0.0000
param,480,1.0611,0.4471,0.9554,-0.2001
pos,481,-0.3272,-2.7203,1.2264,0.0474
input,481,0.2213,-0.2113,-0.0351,0.0509
target,481,-0.5000,-3.0000,1.3000,0.0000
param,481,1.0611,0.4471,0.9554,-0.2001
pos,482,-0.3307,-2.7316,1.2267,0.0499
input,482,0.1974,-0.1994,-0.0190,0.0546
target,482,-0.5000,-3.0000,1.3000,0.0000
param,482,1.0611,0.4471,0.9554,-0.2001
pos,483,-0.3341,-2.7429,1.2270,0.0533
input,483,0.1864,-0.1953,-0.0281,0.0573
target,483,-0.5000,-3.0000,1.3000,0.0000
param,483,1.0611,0.4471,0.9554,-0.2001
pos,484,-0.3377,-2.7542,1.2274,0.0558
input,484,0.1751,-0.1922,-0.0376,0.0594
target,484,-0.5000,-3.0000,1.3000,0.0000
param,484,1.0611,0.4471,0.9554,-0.2001
pos,485,-0.3413,-2.7654,1.2278,0.0581
input,485,0.1731,-0.1898,-0.0438,0.0620
target,485,-0.5000,-3.0000,1.3000,0.0000
param,485,1.0611,0.4471,0.9554,-0.2001
pos,486,-0.3446,-2.7768,1.2277,0.0604
input,486,0.1619,-0.1853,-0.0506,0.0634
target,486,-0.5000,-3.0000,1.3000,0.0000
param,486,1.0611,0.4471,0.9554,-0.2001
pos,487,-0.3482,-2.7878,1.2276,0.0556
input,487,0.1509,-0.1807,-0.0568,0.0648
target,487,-0.5000,-3.0000,1.3000,0.0000
param,487,1.0611,0.4471,0.9554,-0.2001
pos,488,-0.3524,-2.7986,1.2280,0.0550
input,488,0.1400,-0.1762,-0.0625,0.0666
target,488,-0.5000,-3.0000,1.3000,0.0000
param,488,1.0611,0.4471,0.9554,-0.2001
pos,489,-0.3560,-2.8095,1.2280,0.0501
input,489,0.1294,-0.1677,-0.0541,0.0681
target,489,-0.5000,-3.0000,1.3000,0.0000
param,489,1.0611,0.4471,0.9554,-0.2001
pos,490,-0.3600,-2.8199,1.2282,0.0453
input,490,0.1200,-0.1601,-0.0544,0.0690
target,490,-0.5000,-3.0000,1.3000,0.0000
param,490,1.0611,0.4471,0.9554,-0.2001
pos,491,-0.3639,-2.8297,1.2285,0.0486
input,491,0.1186,-0.1576,-0.0582,0.0700
target,491,-0.5000,-3.0000,1.3000,0.0000
param,491,1.0611,0.4471,0.9554,-0.2001
pos,492,-0.3680,-2.8404,1.2285,0.0521
input,492,0.1087,-0.1495,-0.0495,0.0708
target,492,-0.5000,-3.0000,1.3000,0.0000
param,492,1.0611,0.4471,0.9554,-0.2001
pos,493,-0.3719,-2.8502,1.2284,0.0553
input,493,0.1100,-0.1519,-0.0459,0.0700
target,493,-0.5000,-3.0000,1.3000,0.0000
param,493,1.0611,0.4471,0.9554,-0.2001
pos,494,-0.3762,-2.8608,1.2284,0.0586
input,494,0.1087,-0.1495,-0.0495,0.0708
target,494,-0.5000,-3.0000,1.3000,0.0000
param,494,1.0611,0.4471,0.9554,-0.2001
pos,495,-0.3801,-2.8698,1.2284,0.0615
input,495,0.0829,-0.1321,-0.0531,0.0706
target,495,-0.5000,-3.0000,1.3000,0.0000
param,495,1.0611,0.4471,0.9554,-0.2001
pos,496,-0.3846,-2.8792,1.2287,0.0632
input,496,0.0661,-0.1251,-0.0658,0.0723
target,496,-0.5000,-3.0000,1.3000,0.0000
param,496,1.0611,0.4471,0.9554,-0.2001
pos,497,-0.3895,-2.8893,1.2290,0.0664
input,497,0.0588,-0.1201,-0.0723,0.0734
target,497,-2.0000,-3.0000,1.3000,0.0000
param,497,1.0611,0.4471,0.9554,-0.2001
pos,498,-0.3943,-2.8992,1.2293,0.0688
input,498,0.0518,-0.1136,-0.0755,0.0732
target,498,-2.0000,-3.0000,1.3000,0.0000
param,498,1.0611,0.4471,0.9554,-0.2001
pos,499,-0.3993,-2.9086,1.2295,0.0688
input,499,-0.1412,-0.4900,0.1137,0.0399
target,499,-2.0000,-3.0000,1.3000,0.0000
param,499,1.0611,0.4471,0.9554,-0.2001
pos,500,-0.4043,-2.9181,1.2297,0.0703
input,500,-0.1412,-0.4900,0.1137,0.0399
target,500,-2.0000,-3.0000,1.3000,0.0000
param,500,1.0611,0.4471,0.9554,-0.2001
pos,501,-0.4096,-2.9273,1.2300,0.0715
input,501,-0.1441,-0.4932,0.1086,0.0391
target,501,-2.0000,-3.0000,1.3000,0.0000
param,501,1.0611,0.4471,0.9554,-0.2001
pos,502,-0.4148,-2.9364,1.2302,0.0726
input,502,-0.1441,-0.4932,0.1086,0.0391
target,502,-2.0000,-3.0000,1.3000,0.0000
param,502,1.0611,0.4471,0.9554,-0.2001
pos,503,-0.4200,-2.9454,1.2305,0.0740
input,503,-0.1441,-0.4932,0.1086,0.0391
target,503,-2.0000,-3.0000,1.3000,0.0000
param,503,1.0611,0.4471,0.9554,-0.2001
pos,504,-0.4250,-2.9536,1.2308,0.0747
input,504,-0.1441,-0.4932,0.1086,0.0391
target,504,-2.0000,-3.0000,1.3000,0.0000
param,504,1.0611,0.4471,0.9554,-0.2001
pos,505,-0.4303,-2.9622,1.2311,0.0756
input,505,-0.1391,-0.4864,0.0918,0.0363
target,505,-2.0000,-3.0000,1.3000,0.0000
param,505,1.0611,0.4471,0.9554,-0.2000
pos,506,-0.4356,-2.9708,1.2314,0.0770
input,506,-0.1477,-0.5014,0.1002,0.0398
target,506,-2.0000,-3.0000,1.3000,0.0000
param,506,1.0611,0.4471,0.9554,-0.2000
pos,507,-0.4408,-2.9791,1.2317,0.0777
input,507,-0.1477,-0.5014,0.1002,0.0398
target,507,-2.0000,-3.0000,1.3000,0.0000
param,507,1.0611,0.4471,0.9554,-0.2000
pos,508,-0.4462,-2.9872,1.2320,0.0785
input,508,-0.1477,-0.5014,0.1002,0.0398
target,508,-2.0000,-3.0000,1.3000,0.0000
param,508,1.0611,0.4471,0.9554,-0.2000
pos,509,-0.4515,-2.9951,1.2323,0.0792
input,509,-0.1427,-0.4943,0.0838,0.0370
target,509,-2.0000,-3.0000,1.3000,0.0000
param,509,1.0611,0.4471,0.9554,-0.2000
pos,510,-0.4571,-3.0027,1.2326,0.0799
input,510,-0.1518,-0.5085,0.0920,0.0405
target,510,-2.0000,-3.0000,1.3000,0.0000
param,510,1.0611,0.4471,0.9554,-0.2000
pos,511,-0.4629,-3.0100,1.2329,0.0804
input,511,-0.1518,-0.5085,0.0920,0.0405
target,511,-2.0000,-3.0000,1.3000,0.0000
param,511,1.0611,0.4471,0.9554,-0.2000
pos,512,-0.4687,-3.0172,1.2332,0.0807
input,512,-0.1518,-0.5085,0.0920,0.0405
target,512,-2.0000,-3.0000,1.3000,0.0000
param,512,1.0611,0.4471,0.9554,-0.2000
pos,513,-0.4745,-3.0239,1.2336,0.0811
input,513,-0.1466,-0.5011,0.0757,0.0377
target,513,-2.0000,-3.0000,1.3000,0.0000
param,513,1.0611,0.4471,0.9554,-0.2000
pos,514,-0.4804,-3.0304,1.2339,0.0815
input,514,-0.1554,-0.5148,0.0830,0.0415
target,514,-2.0000,-3.0000,1.3000,0.0000
param,514,1.0611,0.4471,0.9554,-0.2000
pos,515,-0.4864,-3.0366,1.2342,0.0819
input,515,-0.1554,-0.5148,0.0830,0.0415
target,515,-2.0000,-3.0000,1.3000,0.0000
param,515,1.0611,0.4471,0.9554,-0.2000
pos,516,-0.4923,-3.0425,1.2344,0.0805
input,516,-0.1554,-0.5148,0.0830,0.0415
target,516,-2.0000,-3.0000,1.3000,0.0000
param,516,1.0611,0.4471,0.9554,-0.2000
pos,517,-0.4985,-3.0479,1.2348,0.0739
input,517,-0.1554,-0.5148,0.0830,0.0415
target,517,-2.0000,-3.0000,1.3000,0.0000
param,517,1.0611,0.4471,0.9554,-0.2000
pos,518,-0.5047,-3.0533,1.2350,0.0674
input,518,-0.1554,-0.5148,0.0830,0.0415
target,518,-2.0000,-3.0000,1.3000,0.0000
param,518,1.0611,0.4471,0.9554,-0.2000
pos,519,-0.5111,-3.0584,1.2352,0.0665
input,519,-0.1554,-0.5148,0.0830,0.0415
target,519,-2.0000,-3.0000,1.3000,0.0000
param,519,1.0611,0.4471,0.9554,-0.2000
pos,520,-0.5177,-3.0633,1.2355,0.0610
input,520,-0.1554,-0.5148,0.0830,0.0415
target,520,-2.0000,-3.0000,1.3000,0.0000
param,520,1.0611,0.4471,0.9554,-0.2000
pos,521,-0.5242,-3.0681,1.2356,0.0574
input,521,-0.1554,-0.5148,0.0830,0.0415
target,521,-2.0000,-3.0000,1.3000,0.0000
param,521,1.0611,0.4471,0.9554,-0.2000
pos,522,-0.5309,-3.0726,1.2358,0.0581
input,522,-0.1554,-0.5148,0.0830,0.0415
target,522,-2.0000,-3.0000,1.3000,0.0000
param,522,1.0611,0.4471,0.9554,-0.2000
pos,523,-0.5378,-3.0767,1.2360,0.0592
input,523,-0.1554,-0.5148,0.0830,0.0415
target,523,-2.0000,-3.0000,1.3000,0.0000
param,523,1.0611,0.4471,0.9554,-0.2000
pos,524,-0.5443,-3.0803,1.2362,0.0583
input,524,-0.1606,-0.5187,0.0697,0.0450
target,524,-2.0000,-3.0000,1.3000,0.0000
param,524,1.0611,0.4471,0.9554,-0.2000
pos,525,-0.5517,-3.0840,1.2363,0.0593
input,525,-0.1606,-0.5187,0.0697,0.0450
target,525,-2.0000,-3.0000,1.3000,0.0000
param,525,1.0611,0.4471,0.9554,-0.2000
pos,526,-0.5594,-3.0873,1.2364,0.0599
input,526,-0.1606,-0.5187,0.0697,0.0450
target,526,-2.0000,-3.0000,1.3000,0.0000
param,526,1.0611,0.4471,0.9554,-0.2000
pos,527,-0.5674,-3.0903,1.2365,0.0606
input,527,-0.1606,-0.5187,0.0697,0.0450
target,527,-2.0000,-3.0000,1.3000,0.0000
param,527,1.0611,0.4471,0.9554,-0.2000
pos,528,-0.5754,-3.0932,1.2365,0.0570
input,528,-0.1606,-0.5187,0.0697,0.0450
target,528,-2.0000,-3.0000,1.3000,0.0000
param,528,1.0611,0.4471,0.9554,-0.2000
pos,529,-0.5835,-3.0959,1.2364,0.0550
input,529,-0.1597,-0.5230,0.0561,0.0480
target,529,-2.0000,-3.0000,1.3000,0.0000
param,529,1.0611,0.4471,0.9554,-0.2000
pos,530,-0.6017,-3.0957,1.2360,0.0575
input,530,-0.1597,-0.5230,0.0561,0.0480
target,530,-2.0000,-3.0000,1.3000,0.0000
param,530,1.0611,0.4471,0.9554,-0.2000
pos,531,-0.6187,-3.0956,1.2357,0.0596
input,531,-0.1597,-0.5230,0.0561,0.0480
target,531,-2.0000,-3.0000,1.3000,0.0000
param,531,1.0611,0.4471,0.9554,-0.2000
pos,532,-0.6355,-3.0951,1.2359,0.0610
input,532,-0.1597,-0.5230,0.0561,0.0480
target,532,-2.0000,-3.0000,1.3000,0.0000
param,532,1.0611,0.4471,0.9554,-0.2000
pos,533,-0.6514,-3.0948,1.2362,0.0625
input,533,-0.1597,-0.5230,0.0561,0.0480
target,533,-2.0000,-3.0000,1.3000,0.0000
param,533,1.0611,0.4471,0.9554,-0.2000
pos,534,-0.6665,-3.0946,1.2364,0.0642
input,534,-0.1597,-0.5230,0.0561,0.0480
target,534,-2.0000,-3.0000,1.3000,0.0000
param,534,1.0611,0.4471,0.9554,-0.2000
pos,535,-0.6808,-3.0946,1.2363,0.0691
input,535,-0.1597,-0.5230,0.0561,0.0480
target,535,-2.0000,-3.0000,1.3000,0.0000
param,535,1.0611,0.4471,0.9554,-0.2000
pos,536,-0.6945,-3.0946,1.2361,0.0734
input,536,-0.1593,-0.5258,0.0390,0.0509
target,536,-2.0000,-3.0000,1.3000,0.0000
param,536,1.0611,0.4471,0.9554,-0.2000
pos,537,-0.7083,-3.0945,1.2360,0.0779
input,537,-0.1593,-0.5258,0.0390,0.0509
target,537,-2.0000,-3.0000,1.3000,0.0000
param,537,1.0611,0.4471,0.9554,-0.2000
pos,538,-0.7210,-3.0943,1.2358,0.0823
input,538,-0.1593,-0.5258,0.0390,0.0509
target,538,-2.0000,-3.0000,1.3000,0.0000
param,538,1.0611,0.4471,0.9554,-0.2000
pos,539,-0.7343,-3.0941,1.2357,0.0864
input,539,-0.1603,-0.5298,0.0250,0.0519
target,539,-2.0000,-3.0000,1.3000,0.0000
param,539,1.0611,0.4471,0.9554,-0.2000
pos,540,-0.7473,-3.0939,1.2355,0.0903
input,540,-0.1603,-0.5298,0.0250,0.0519
target,540,-2.0000,-3.0000,1.3000,0.0000
param,540,1.0611,0.4471,0.9554,-0.2000
pos,541,-0.7606,-3.0934,1.2354,0.0938
input,541,-0.1603,-0.5298,0.0250,0.0519
target,541,-2.0000,-3.0000,1.3000,0.0000
param,541,1.0611,0.4471,0.9554,-0.2000
pos,542,-0.7737,-3.0929,1.2352,0.0974
input,542,-0.1603,-0.5298,0.0250,0.0519
target,542,-2.0000,-3.0000,1.3000,0.0000
param,542,1.0611,0.4471,0.9554,-0.2000
pos,543,-0.7868,-3.0923,1.2351,0.1007
input,543,-0.1610,-0.5331,0.0079,0.0538
target,543,-2.0000,-3.0000,1.3000,0.0000
param,543,1.0611,0.4471,0.9554,-0.2000
pos,544,-0.7996,-3.0916,1.2349,0.1037
input,544,-0.1610,-0.5331,0.0079,0.0538
target,544,-2.0000,-3.0000,1.3000,0.0000
param,544,1.0611,0.4471,0.9554,-0.2000
pos,545,-0.8129,-3.0908,1.2347,0.1065
input,545,-0.1610,-0.5331,0.0079,0.0538
target,545,-2.0000,-3.0000,1.3000,0.0000
param,545,1.0611,0.4471,0.9554,-0.2000
pos,546,-0.8262,-3.0897,1.2346,0.1094
input,546,-0.1610,-0.5331,0.0079,0.0538
target,546,-2.0000,-3.0000,1.3000,0.0000
param,546,1.0611,0.4471,0.9554,-0.2000
pos,547,-0.8395,-3.0886,1.2344,0.1121
input,547,-0.1604,-0.5341,-0.0068,0.0560
target,547,-2.0000,-3.0000,1.3000,0.0000
param,547,1.0611,0.4471,0.9554,-0.2000
pos,548,-0.8528,-3.0874,1.2342,0.1148
input,548,-0.1604,-0.5341,-0.0068,0.0560
target,548,-2.0000,-3.0000,1.3000,0.0000
param,548,1.0611,0.4471,0.9554,-0.2000
pos,549,-0.8662,-3.0861,1.2340,0.1174
input,549,-0.1604,-0.5341,-0.0068,0.0560
target,549,-2.0000,-3.0000,1.3000,0.0000
param,549,1.0611,0.4471,0.9554,-0.2000
pos,550,-0.8797,-3.0847,1.2338,0.1199
input,550,-0.1604,-0.5341,-0.0068,0.0560
target,550,-2.0000,-3.0000,1.3000,0.0000
param,550,1.0611,0.4471,0.9554,-0.2000
pos,551,-0.8933,-3.0831,1.2336,0.1222
input,551,-0.1580,-0.5333,-0.0208,0.0585
target,551,-2.0000,-3.0000,1.3000,0.0000
param,551,1.0611,0.4471,0.9554,-0.2000
pos,552,-0.9070,-3.0814,1.2333,0.1243
input,552,-0.1580,-0.5333,-0.0208,0.0585
target,552,-2.0000,-3.0000,1.3000,0.0000
param,552,1.0611,0.4471,0.9554,-0.2000
pos,553,-0.9208,-3.0796,1.2331,0.1264
input,553,-0.1580,-0.5333,-0.0208,0.0585
target,553,-2.0000,-3.0000,1.3000,0.0000
param,553,1.0611,0.4471,0.9554,-0.2000
pos,554,-0.9348,-3.0777,1.2329,0.1280
input,554,-0.1580,-0.5333,-0.0208,0.0585
target,554,-2.0000,-3.0000,1.3000,0.0000
param,554,1.0611,0.4471,0.9554,-0.2000
pos,555,-0.9490,-3.0754,1.2326,0.1279
input,555,-0.1531,-0.5302,-0.0330,0.0614
target,555,-2.0000,-3.0000,1.3000,0.0000
param,555,1.0611,0.4471,0.9554,-0.2000
pos,556,-0.9631,-3.0733,1.2322,0.1260
input,556,-0.1531,-0.5302,-0.0330,0.0614
target,556,-2.0000,-3.0000,1.3000,0.0000
param,556,1.0611,0.4471,0.9554,-0.2000
pos,557,-0.9779,-3.0709,1.2321,0.1242
input,557,-0.1531,-0.5302,-0.0330,0.0614
target,557,-2.0000,-3.0000,1.3000,0.0000
param,557,1.0611,0.4471,0.9554,-0.2000
pos,558,-0.9927,-3.0684,1.2319,0.1224
input,558,-0.1459,-0.5239,-0.0304,0.0642
target,558,-2.0000,-3.0000,1.3000,0.0000
param,558,1.0611,0.4471,0.9554,-0.2000
pos,559,-1.0074,-3.0659,1.2317,0.1241
input,559,-0.1459,-0.5239,-0.0304,0.0642
target,559,-2.0000,-3.0000,1.3000,0.0000
param,559,1.0611,0.4471,0.9554,-0.2000
pos,560,-1.0222,-3.0633,1.2314,0.1254
input,560,-0.1459,-0.5239,-0.0304,0.0642
target,560,-2.0000,-3.0000,1.3000,0.0000
param,560,1.0611,0.4471,0.9554,-0.2000
pos,561,-1.0372,-3.0606,1.2312,0.1267
input,561,-0.1376,-0.5180,-0.0363,0.0668
target,561,-2.0000,-3.0000,1.3000,0.0000
param,561,1.0611,0.4471,0.9554,-0.2000
pos,562,-1.0524,-3.0578,1.2309,0.1279
input,562,-0.1376,-0.5180,-0.0363,0.0668
target,562,-2.0000,-3.0000,1.3000,0.0000
param,562,1.0611,0.4471,0.9554,-0.2000
pos,563,-1.0676,-3.0549,1.2306,0.1287
input,563,-0.1315,-0.5142,-0.0435,0.0682
target,563,-2.0000,-3.0000,1.3000,0.0000
param,563,1.0611,0.4471,0.9554,-0.2000
pos,564,-1.0830,-3.0518,1.2303,0.1282
input,564,-0.1315,-0.5142,-0.0435,0.0682
target,564,-2.0000,-3.0000,1.3000,0.0000
param,564,1.0611,0.4471,0.9554,-0.2000
pos,565,-1.0985,-3.0487,1.2300,0.1290
input,565,-0.1238,-0.5089,-0.0471,0.0704
target,565,-2.0000,-3.0000,1.3000,0.0000
param,565,1.0611,0.4471,0.9554,-0.2000
pos,566,-1.1130,-3.0457,1.2297,0.1288
input,566,-0.1238,-0.5089,-0.0471,0.0704
target,566,-2.0000,-3.0000,1.3000,0.0000
param,566,1.0611,0.4471,0.9554,-0.2000
pos,567,-1.1290,-3.0425,1.2295,0.1294
input,567,-0.1153,-0.5030,-0.0515,0.0724
target,567,-2.0000,-3.0000,1.3000,0.0000
param,567,1.0611,0.4471,0.9554,-0.2000
pos,568,-1.1450,-3.0390,1.2292,0.1286
input,568,-0.1153,-0.5030,-0.0515,0.0724
target,568,-2.0000,-3.0000,1.3000,0.0000
param,568,1.0611,0.4471,0.9554,-0.2000
pos,569,-1.1611,-3.0356,1.2290,0.1290
input,569,-0.1050,-0.4958,-0.0561,0.0748
target,569,-2.0000,-3.0000,1.3000,0.0000
param,569,1.0611,0.4471,0.9554,-0.2000
pos,570,-1.1775,-3.0321,1.2288,0.1293
input,570,-0.1050,-0.4958,-0.0561,0.0748
target,570,-2.0000,-3.0000,1.3000,0.0000
param,570,1.0611,0.4471,0.9554,-0.2000
pos,571,-1.1939,-3.0285,1.2286,0.1293
input,571,-0.0937,-0.4880,-0.0635,0.0772
target,571,-2.0000,-3.0000,1.3000,0.0000
param,571,1.0611,0.4471,0.9554,-0.2000
pos,572,-1.2104,-3.0247,1.2283,0.1281
input,572,-0.0875,-0.4836,-0.0679,0.0775
target,572,-2.0000,-3.0000,1.3000,0.0000
param,572,1.0611,0.4471,0.9554,-0.2000
pos,573,-1.2272,-3.0208,1.2284,0.1250
input,573,-0.0803,-0.4783,-0.0690,0.0788
target,573,-2.0000,-3.0000,1.3000,0.0000
param,573,1.0611,0.4471,0.9554,-0.2000
pos,574,-1.2439,-3.0169,1.2282,0.1246
input,574,-0.0722,-0.4717,-0.0664,0.0798
target,574,-2.0000,-3.0000,1.3000,0.0000
param,574,1.0611,0.4471,0.9554,-0.2000
pos,575,-1.2607,-3.0130,1.2280,0.1241
input,575,-0.0643,-0.4658,-0.0702,0.0809
target,575,-2.0000,-3.0000,1.3000,0.0000
param,575,1.0611,0.4471,0.9554,-0.2000
pos,576,-1.2774,-3.0090,1.2277,0.1226
input,576,-0.0561,-0.4597,-0.0735,0.0821
target,576,-2.0000,-3.0000,1.3000,0.0000
param,576,1.0611,0.4471,0.9554,-0.2000
pos,577,-1.2943,-3.0050,1.2275,0.1225
input,577,-0.0455,-0.4386,-0.0722,0.0809
target,577,-2.0000,-3.0000,1.3000,0.0000
param,577,1.0611,0.4471,0.9554,-0.2000
pos,578,-1.3101,-3.0013,1.2274,0.1223
input,578,-0.0355,-0.4169,-0.0777,0.0789
target,578,-2.0000,-3.0000,1.3000,0.0000
param,578,1.0611,0.4471,0.9554,-0.2000
pos,579,-1.3273,-2.9972,1.2272,0.1220
input,579,-0.0272,-0.3985,-0.0827,0.0771
target,579,-2.0000,-3.0000,1.3000,0.0000
param,579,1.0611,0.4471,0.9554,-0.2000
pos,580,-1.3445,-2.9930,1.2270,0.1221
input,580,-0.0181,-0.3785,-0.0865,0.0757
target,580,-2.0000,-3.0000,1.3000,0.0000
param,580,1.0611,0.4471,0.9554,-0.2000
pos,581,-1.3605,-2.9892,1.2268,0.1217
input,581,-0.0094,-0.3596,-0.0911,0.0743
target,581,-2.0000,-3.0000,1.3000,0.0000
param,581,1.0611,0.4471,0.9554,-0.2000
pos,582,-1.3780,-2.9850,1.2266,0.1211
input,582,-0.0020,-0.3432,-0.0937,0.0730
target,582,-2.0000,-3.0000,1.3000,0.0000
param,582,1.0611,0.4471,0.9554,-0.2000
pos,583,-1.3954,-2.9808,1.2265,0.1205
input,583,0.0062,-0.3252,-0.0955,0.0720
target,583,-2.0000,-3.0000,1.3000,0.0000
param,583,1.0611,0.4471,0.9554,-0.2000
pos,584,-1.4129,-2.9765,1.2263,0.1198
input,584,0.0141,-0.3081,-0.0975,0.0709
target,584,-2.0000,-3.0000,1.3000,0.0000
param,584,1.0611,0.4471,0.9554,-0.2000
pos,585,-1.4304,-2.9723,1.2262,0.1193
input,585,0.0216,-0.2917,-0.0988,0.0700
target,585,-2.0000,-3.0000,1.3000,0.0000
param,585,1.0611,0.4471,0.9554,-0.2000
pos,586,-1.4478,-2.9681,1.2261,0.1185
input,586,0.0287,-0.2760,-0.0998,0.0691
target,586,-2.0000,-3.0000,1.3000,0.0000
param,586,1.0611,0.4471,0.9554,-0.2000
pos,587,-1.4653,-2.9638,1.2260,0.1173
input,587,0.0355,-0.2611,-0.1004,0.0683
target,587,-2.0000,-3.0000,1.3000,0.0000
param,587,1.0611,0.4471,0.9554,-0.2000
pos,588,-1.4828,-2.9596,1.2259,0.1165
input,588,0.0422,-0.2466,-0.1000,0.0676
target,588,-2.0000,-3.0000,1.3000,0.0000
param,588,1.0611,0.4471,0.9554,-0.2000
pos,589,-1.4989,-2.9557,1.2258,0.1155
input,589,0.0484,-0.2329,-0.0999,0.0670
target,589,-2.0000,-3.0000,1.3000,0.0000
param,589,1.0611,0.4471,0.9554,-0.2000
pos,590,-1.5127,-2.9523,1.2258,0.1147
input,590,0.0534,-0.2217,-0.0990,0.0664
target,590,-2.0000,-3.0000,1.3000,0.0000
param,590,1.0611,0.4471,0.9554,-0.2000
pos,591,-1.5307,-2.9479,1.2256,0.1110
input,591,0.0563,-0.2147,-0.0977,0.0659
target,591,-2.0000,-3.0000,1.3000,0.0000
param,591,1.0611,0.4471,0.9554,-0.2000
pos,592,-1.5460,-2.9442,1.2255,0.1074
input,592,0.0632,-0.1998,-0.0897,0.0659
target,592,-2.0000,-3.0000,1.3000,0.0000
param,592,1.0611,0.4471,0.9554,-0.2000
pos,593,-1.5644,-2.9397,1.2256,0.1036
input,593,0.0677,-0.1897,-0.0840,0.0654
target,593,-2.0000,-3.0000,1.3000,0.0000
param,593,1.0611,0.4471,0.9554,-0.2000
pos,594,-1.5826,-2.9352,1.2257,0.0991
input,594,0.0744,-0.1750,-0.0772,0.0649
target,594,-2.0000,-3.0000,1.3000,0.0000
param,594,1.0612,0.4471,0.9554,-0.2000
pos,595,-1.6007,-2.9308,1.2259,0.0954
input,595,0.0810,-0.1608,-0.0705,0.0642
target,595,-2.0000,-3.0000,1.3000,0.0000
param,595,1.0612,0.4471,0.9554,-0.2000
pos,596,-1.6186,-2.9264,1.2260,0.0913
input,596,0.0869,-0.1480,-0.0654,0.0635
target,596,-2.0000,-3.0000,1.3000,0.0000
param,596,1.0612,0.4471,0.9554,-0.2000
pos,597,-1.6363,-2.9219,1.2261,0.0859
input,597,0.0925,-0.1358,-0.0593,0.0629
target,597,-2.0000,-3.0000,1.3000,0.0000
param,597,1.0612,0.4471,0.9554,-0.2000
pos,598,-1.6537,-2.9175,1.2263,0.0803
input,598,0.0979,-0.1238,-0.0507,0.0624
target,598,-2.0000,-3.0000,1.3000,0.0000
param,598,1.0612,0.4471,0.9554,-0.2000
pos,599,-1.6710,-2.9127,1.2264,0.0720
input,599,0.1031,-0.1124,-0.0422,0.0619
target,599,-2.0000,-3.0000,1.3000,0.0000
param,599,1.0612,0.4471,0.9554,-0.2000
pos,600,-1.6879,-2.9084,1.2265,0.0642
input,600,0.1089,-0.1003,-0.0282,0.0615
target,600,-2.0000,-3.0000,1.3000,0.0000
param,600,1.0612,0.4471,0.9554,-0.2000
pos,601,-1.7048,-2.9045,1.2266,0.0635
input,601,0.1075,-0.0989,-0.0303,0.0619
target,601,-2.0000,-3.0000,1.3000,0.0000
param,601,1.0612,0.4471,0.9554,-0.2000
pos,602,-1.7214,-2.9008,1.2269,0.0632
input,602,0.1167,-0.0823,-0.0179,0.0608
target,602,-2.0000,-3.0000,1.3000,0.0000
param,602,1.0612,0.4471,0.9554,-0.2000
pos,603,-1.7379,-2.8972,1.2271,0.0631
input,603,0.1150,-0.0816,-0.0196,0.0614
target,603,-2.0000,-3.0000,1.3000,0.0000
param,603,1.0612,0.4471,0.9554,-0.2000
pos,604,-1.7541,-2.8936,1.2273,0.0623
input,604,0.1173,-0.0759,-0.0220,0.0612
target,604,-2.0000,-3.0000,1.3000,0.0000
param,604,1.0612,0.4471,0.9554,-0.2000
pos,605,-1.7701,-2.8901,1.2274,0.0613
input,605,0.1195,-0.0702,-0.0248,0.0611
target,605,-2.0000,-3.0000,1.3000,0.0000
param,605,1.0612,0.4471,0.9554,-0.2000
pos,606,-1.7859,-2.8868,1.2276,0.0603
input,606,0.1259,-0.0592,-0.0257,0.0606
target,606,-2.0000,-3.0000,1.3000,0.0000
param,606,1.0612,0.4471,0.9554,-0.2000
pos,607,-1.8014,-2.8835,1.2278,0.0597
input,607,0.1278,-0.0539,-0.0267,0.0607
target,607,-2.0000,-3.0000,1.3000,0.0000
param,607,1.0612,0.4471,0.9554,-0.2000
pos,608,-1.8164,-2.8804,1.2280,0.0593
input,608,0.1296,-0.0489,-0.0284,0.0607
target,608,-2.0000,-3.0000,1.3000,0.0000
param,608,1.0612,0.4471,0.9554,-0.2000
pos,609,-1.8308,-2.8774,1.2281,0.0586
input,609,0.1313,-0.0441,-0.0301,0.0608
target,609,-2.0000,-3.0000,1.3000,0.0000
param,609,1.0612,0.4471,0.9554,-0.2000
pos,610,-1.8448,-2.8746,1.2282,0.0580
input,610,0.1293,-0.0440,-0.0306,0.0613
target,610,-2.0000,-3.0000,1.3000,0.0000
param,610,1.0612,0.4471,0.9554,-0.2000
pos,611,-1.8584,-2.8719,1.2283,0.0569
input,611,0.1348,-0.0343,-0.0331,0.0610
target,611,-2.0000,-3.0000,1.3000,0.0000
param,611,1.0612,0.4471,0.9554,-0.2000
pos,612,-1.8716,-2.8693,1.2283,0.0558
input,612,0.1365,-0.0294,-0.0339,0.0612
target,612,-2.0000,-3.0000,1.3000,0.0000
param,612,1.0612,0.4471,0.9554,-0.2000
