pos,0,-1.9497,-2.8196,1.2911,0.0480
input,0,0.1435,-0.0225,-0.0415,0.0003
target,0,-2.0000,-3.0000,1.3000,0.0000
param,0,1.0611,0.4471,0.9554,-0.4000
pos,1,-1.9579,-2.8216,1.2919,0.0466
input,1,0.1420,-0.0169,-0.0410,-0.0001
target,1,-2.0000,-1.5000,1.3000,0.0000
param,1,1.0611,0.4471,0.9554,-0.4000
pos,2,-1.9674,-2.8238,1.2928,0.0453
input,2,0.1405,-0.0119,-0.0402,-0.0006
target,2,-2.0000,-1.5000,1.3000,0.0000
param,2,1.0611,0.4471,0.9554,-0.4000
pos,3,-1.9767,-2.8261,1.2937,0.0438
input,3,-0.4768,-0.2115,-0.0718,-0.0675
target,3,-2.0000,-1.5000,1.3000,0.0000
param,3,1.0611,0.4471,0.9554,-0.4000
pos,4,-1.9852,-2.8282,1.2946,0.0426
input,4,-0.4696,-0.2026,-0.0711,-0.0694
target,4,-2.0000,-1.5000,1.3000,0.0000
param,4,1.0611,0.4471,0.9554,-0.4000
pos,5,-1.9942,-2.8306,1.2955,0.0415
input,5,-0.4696,-0.2026,-0.0711,-0.0694
target,5,-2.0000,-1.5000,1.3000,0.0000
param,5,1.0611,0.4471,0.9554,-0.4000
pos,6,-2.0024,-2.8328,1.2962,0.0395
input,6,-0.4616,-0.1907,-0.0695,-0.0709
target,6,-2.0000,-1.5000,1.3000,0.0000
param,6,1.0611,0.4471,0.9554,-0.4000
pos,7,-2.0111,-2.8352,1.2970,0.0375
input,7,-0.4616,-0.1907,-0.0695,-0.0709
target,7,-2.0000,-1.5000,1.3000,0.0000
param,7,1.0611,0.4471,0.9554,-0.4000
pos,8,-2.0197,-2.8376,1.2978,0.0357
input,8,-0.4537,-0.1861,-0.0613,-0.0629
target,8,-2.0000,-1.5000,1.3000,0.0000
param,8,1.0611,0.4471,0.9554,-0.4000
pos,9,-2.0277,-2.8398,1.2985,0.0338
input,9,-0.4526,-0.1802,-0.0644,-0.0718
target,9,-2.0000,-1.5000,1.3000,0.0000
param,9,1.0611,0.4471,0.9554,-0.4000
pos,10,-2.0363,-2.8424,1.2996,0.0313
input,10,-0.4450,-0.1758,-0.0566,-0.0637
target,10,-2.0000,-1.5000,1.3000,0.0000
param,10,1.0611,0.4471,0.9554,-0.4000
pos,11,-2.0447,-2.8448,1.3005,0.0290
input,11,-0.4358,-0.1652,-0.0522,-0.0644
target,11,-2.0000,-1.5000,1.3000,0.0000
param,11,1.0611,0.4471,0.9554,-0.4000
pos,12,-2.0529,-2.8473,1.3014,0.0266
input,12,-0.4379,-0.1644,-0.0551,-0.0721
target,12,-2.0000,-1.5000,1.3000,0.0000
param,12,1.0611,0.4471,0.9554,-0.4000
pos,13,-2.0611,-2.8498,1.3022,0.0240
input,13,-0.4274,-0.1539,-0.0514,-0.0733
target,13,-2.0000,-1.5000,1.3000,0.0000
param,13,1.0611,0.4471,0.9554,-0.4000
pos,14,-2.0691,-2.8522,1.3030,0.0215
input,14,-0.4274,-0.1539,-0.0514,-0.0733
target,14,-2.0000,-1.5000,1.3000,0.0000
param,14,1.0611,0.4471,0.9554,-0.4000
pos,15,-2.0771,-2.8547,1.3038,0.0191
input,15,-0.4165,-0.1436,-0.0457,-0.0734
target,15,-2.0000,-1.5000,1.3000,0.0000
param,15,1.0611,0.4471,0.9554,-0.4000
pos,16,-2.0849,-2.8572,1.3046,0.0166
input,16,-0.4112,-0.1385,-0.0412,-0.0725
target,16,-2.0000,-1.5000,1.3000,0.0000
param,16,1.0611,0.4471,0.9554,-0.4000
pos,17,-2.0928,-2.8598,1.3055,0.0146
input,17,-0.4112,-0.1385,-0.0412,-0.0725
target,17,-2.0000,-1.5000,1.3000,0.0000
param,17,1.0611,0.4471,0.9554,-0.4000
pos,18,-2.1004,-2.8623,1.3063,0.0124
input,18,-0.4003,-0.1275,-0.0377,-0.0732
target,18,-2.0000,-1.5000,1.3000,0.0000
param,18,1.0611,0.4471,0.9554,-0.4000
pos,19,-2.1080,-2.8649,1.3070,0.0102
input,19,-0.3949,-0.1220,-0.0330,-0.0721
target,19,-2.0000,-1.5000,1.3000,0.0000
param,19,1.0611,0.4471,0.9554,-0.4000
pos,20,-2.1166,-2.8666,1.3074,0.0079
input,20,-0.3949,-0.1220,-0.0330,-0.0721
target,20,-2.0000,-1.5000,1.3000,0.0000
param,20,1.0611,0.4471,0.9554,-0.4000
pos,21,-2.1241,-2.8694,1.3083,0.0037
input,21,-0.3838,-0.1104,-0.0294,-0.0725
target,21,-2.0000,-1.5000,1.3000,0.0000
param,21,1.0611,0.4471,0.9554,-0.4000
pos,22,-2.1313,-2.8724,1.3091,0.0014
input,22,-0.3838,-0.1104,-0.0294,-0.0725
target,22,-2.0000,-1.5000,1.3000,0.0000
param,22,1.0611,0.4471,0.9554,-0.4000
pos,23,-2.1384,-2.8752,1.3097,0.0006
input,23,-0.3719,-0.1013,-0.0225,-0.0719
target,23,-2.0000,-1.5000,1.3000,0.0000
param,23,1.0611,0.4471,0.9554,-0.4000
pos,24,-2.1452,-2.8780,1.3103,-0.0013
input,24,-0.3673,-0.0949,-0.0192,-0.0702
target,24,-2.0000,-1.5000,1.3000,0.0000
param,24,1.0611,0.4471,0.9554,-0.4000
pos,25,-2.1519,-2.8809,1.3109,-0.0032
input,25,-0.3673,-0.0949,-0.0192,-0.0702
target,25,-2.0000,-1.5000,1.3000,0.0000
param,25,1.0611,0.4471,0.9554,-0.4000
pos,26,-2.1598,-2.8828,1.3110,-0.0051
input,26,-0.3568,-0.0838,-0.0156,-0.0704
target,26,-2.0000,-1.5000,1.3000,0.0000
param,26,1.0611,0.4471,0.9554,-0.4000
pos,27,-2.1665,-2.8857,1.3116,-0.0091
input,27,-0.3517,-0.0778,-0.0109,-0.0688
target,27,-2.0000,-1.5000,1.3000,0.0000
param,27,1.0611,0.4471,0.9554,-0.4000
pos,28,-2.1730,-2.8888,1.3123,-0.0129
input,28,-0.3517,-0.0778,-0.0109,-0.0688
target,28,-2.0000,-1.5000,1.3000,0.0000
param,28,1.0611,0.4471,0.9554,-0.4000
pos,29,-2.1804,-2.8910,1.3124,-0.0166
input,29,-0.3398,-0.0703,-0.0054,-0.0688
target,29,-2.0000,-1.5000,1.3000,0.0000
param,29,1.0611,0.4471,0.9554,-0.4000
pos,30,-2.1864,-2.8942,1.3128,-0.0181
input,30,-0.3398,-0.0703,-0.0054,-0.0688
target,30,-2.0000,-1.5000,1.3000,0.0000
param,30,1.0611,0.4471,0.9554,-0.4000
pos,31,-2.1923,-2.8973,1.3131,-0.0197
input,31,-0.3294,-0.0605,-0.0007,-0.0670
target,31,-2.0000,-1.5000,1.3000,0.0000
param,31,1.0611,0.4471,0.9554,-0.4000
pos,32,-2.1982,-2.9004,1.3133,-0.0215
input,32,-0.3294,-0.0605,-0.0007,-0.0670
target,32,-2.0000,-1.5000,1.3000,0.0000
param,32,1.0611,0.4471,0.9554,-0.4000
pos,33,-2.2041,-2.9035,1.3136,-0.0230
input,33,-0.3202,-0.0503,0.0038,-0.0655
target,33,-2.0000,-1.5000,1.3000,0.0000
param,33,1.0611,0.4471,0.9554,-0.4000
pos,34,-2.2222,-2.8982,1.3135,-0.0249
input,34,-0.3202,-0.0503,0.0038,-0.0655
target,34,-2.0000,-1.5000,1.3000,0.0000
param,34,1.0611,0.4471,0.9554,-0.4000
pos,35,-2.2383,-2.8941,1.3134,-0.0264
input,35,-0.3119,-0.0406,0.0082,-0.0641
target,35,-2.0000,-1.5000,1.3000,0.0000
param,35,1.0611,0.4471,0.9554,-0.4000
pos,36,-2.2528,-2.8908,1.3134,-0.0277
input,36,-0.3119,-0.0406,0.0082,-0.0641
target,36,-2.0000,-1.5000,1.3000,0.0000
param,36,1.0611,0.4471,0.9554,-0.4000
pos,37,-2.2658,-2.8885,1.3135,-0.0289
input,37,-0.3065,-0.0336,0.0117,-0.0629
target,37,-2.0000,-1.5000,1.3000,0.0000
param,37,1.0611,0.4471,0.9554,-0.4000
pos,38,-2.2777,-2.8867,1.3136,-0.0301
input,38,-0.3065,-0.0336,0.0117,-0.0629
target,38,-2.0000,-1.5000,1.3000,0.0000
param,38,1.0611,0.4471,0.9554,-0.4000
pos,39,-2.2883,-2.8855,1.3137,-0.0312
input,39,-0.3065,-0.0336,0.0117,-0.0629
target,39,-2.0000,-1.5000,1.3000,0.0000
param,39,1.0611,0.4471,0.9554,-0.4000
pos,40,-2.2981,-2.8847,1.3138,-0.0323
input,40,-0.3065,-0.0336,0.0117,-0.0629
target,40,-2.0000,-1.5000,1.3000,0.0000
param,40,1.0611,0.4471,0.9554,-0.4000
pos,41,-2.3069,-2.8842,1.3140,-0.0332
input,41,-0.3008,-0.0256,0.0135,-0.0624
target,41,-2.0000,-1.5000,1.3000,0.0000
param,41,1.0611,0.4471,0.9554,-0.4000
pos,42,-2.3148,-2.8841,1.3141,-0.0337
input,42,-0.3008,-0.0256,0.0135,-0.0624
target,42,-2.0000,-1.5000,1.3000,0.0000
param,42,1.0611,0.4471,0.9554,-0.4000
pos,43,-2.3223,-2.8840,1.3142,-0.0343
input,43,-0.3008,-0.0256,0.0135,-0.0624
target,43,-2.0000,-1.5000,1.3000,0.0000
param,43,1.0611,0.4471,0.9554,-0.4000
pos,44,-2.3289,-2.8842,1.3144,-0.0347
input,44,-0.3008,-0.0256,0.0135,-0.0624
target,44,-2.0000,-1.5000,1.3000,0.0000
param,44,1.0611,0.4471,0.9554,-0.4000
pos,45,-2.3352,-2.8843,1.3144,-0.0352
input,45,-0.3008,-0.0256,0.0135,-0.0624
target,45,-2.0000,-1.5000,1.3000,0.0000
param,45,1.0611,0.4471,0.9554,-0.4000
pos,46,-2.3407,-2.8844,1.3145,-0.0358
input,46,-0.3008,-0.0256,0.0135,-0.0624
target,46,-2.0000,-1.5000,1.3000,0.0000
param,46,1.0611,0.4471,0.9554,-0.4000
pos,47,-2.3459,-2.8846,1.3146,-0.0362
input,47,-0.3008,-0.0256,0.0135,-0.0624
target,47,-2.0000,-1.5000,1.3000,0.0000
param,47,1.0611,0.4471,0.9554,-0.4000
pos,48,-2.3506,-2.8847,1.3147,-0.0365
input,48,-0.3008,-0.0256,0.0135,-0.0624
target,48,-2.0000,-1.5000,1.3000,0.0000
param,48,1.0611,0.4471,0.9554,-0.4000
pos,49,-2.3550,-2.8847,1.3147,-0.0370
input,49,-0.3008,-0.0256,0.0135,-0.0624
target,49,-2.0000,-1.5000,1.3000,0.0000
param,49,1.0611,0.4471,0.9554,-0.4000
pos,50,-2.3590,-2.8845,1.3148,-0.0373
input,50,-0.3008,-0.0256,0.0135,-0.0624
target,50,-2.0000,-1.5000,1.3000,0.0000
param,50,1.0611,0.4471,0.9554,-0.4000
pos,51,-2.3629,-2.8841,1.3148,-0.0377
input,51,-0.3008,-0.0256,0.0135,-0.0624
target,51,-2.0000,-1.5000,1.3000,0.0000
param,51,1.0611,0.4471,0.9554,-0.4000
pos,52,-2.3663,-2.8837,1.3149,-0.0382
input,52,-0.3008,-0.0256,0.0135,-0.0624
target,52,-2.0000,-1.5000,1.3000,0.0000
param,52,1.0611,0.4471,0.9554,-0.4000
pos,53,-2.3694,-2.8832,1.3149,-0.0385
input,53,-0.3008,-0.0256,0.0135,-0.0624
target,53,-2.0000,-1.5000,1.3000,0.0000
param,53,1.0611,0.4471,0.9554,-0.4000
pos,54,-2.3723,-2.8825,1.3150,-0.0388
input,54,-0.3008,-0.0256,0.0135,-0.0624
target,54,-2.0000,-1.5000,1.3000,0.0000
param,54,1.0611,0.4471,0.9554,-0.4000
pos,55,-2.3749,-2.8816,1.3150,-0.0391
input,55,-0.3008,-0.0256,0.0135,-0.0624
target,55,-2.0000,-1.5000,1.3000,0.0000
param,55,1.0611,0.4471,0.9554,-0.4000
pos,56,-2.3775,-2.8804,1.3150,-0.0393
input,56,-0.3008,-0.0256,0.0135,-0.0624
target,56,-2.0000,-1.5000,1.3000,0.0000
param,56,1.0611,0.4471,0.9554,-0.4000
pos,57,-2.3798,-2.8792,1.3150,-0.0395
input,57,-0.3008,-0.0256,0.0135,-0.0624
target,57,-2.0000,-1.5000,1.3000,0.0000
param,57,1.0611,0.4471,0.9554,-0.4000
pos,58,-2.3818,-2.8778,1.3150,-0.0397
input,58,-0.3008,-0.0256,0.0135,-0.0624
target,58,-2.0000,-1.5000,1.3000,0.0000
param,58,1.0610,0.4471,0.9554,-0.4000
pos,59,-2.3838,-2.8761,1.3151,-0.0397
input,59,-0.3008,-0.0256,0.0135,-0.0624
target,59,-2.0000,-1.5000,1.3000,0.0000
param,59,1.0610,0.4471,0.9554,-0.4000
pos,60,-2.3854,-2.8743,1.3150,-0.0399
input,60,-0.3008,-0.0256,0.0135,-0.0624
target,60,-2.0000,-1.5000,1.3000,0.0000
param,60,1.0610,0.4471,0.9554,-0.4000
pos,61,-2.3871,-2.8723,1.3150,-0.0395
input,61,-0.3008,-0.0256,0.0135,-0.0624
target,61,-2.0000,-1.5000,1.3000,0.0000
param,61,1.0610,0.4471,0.9554,-0.4000
pos,62,-2.3885,-2.8702,1.3150,-0.0394
input,62,-0.3009,-0.0153,0.0105,-0.0624
target,62,-2.0000,-1.5000,1.3000,0.0000
param,62,1.0610,0.4471,0.9554,-0.3999
pos,63,-2.3898,-2.8678,1.3149,-0.0396
input,63,-0.3009,-0.0153,0.0105,-0.0624
target,63,-2.0000,-1.5000,1.3000,0.0000
param,63,1.0610,0.4471,0.9554,-0.3999
pos,64,-2.3908,-2.8653,1.3149,-0.0398
input,64,-0.3009,-0.0153,0.0105,-0.0624
target,64,-2.0000,-1.5000,1.3000,0.0000
param,64,1.0610,0.4471,0.9554,-0.4000
pos,65,-2.3919,-2.8625,1.3148,-0.0398
input,65,-0.3009,-0.0153,0.0105,-0.0624
target,65,-2.0000,-1.5000,1.3000,0.0000
param,65,1.0610,0.4471,0.9554,-0.4000
pos,66,-2.3927,-2.8596,1.3147,-0.0399
input,66,-0.3009,-0.0153,0.0105,-0.0624
target,66,-2.0000,-1.5000,1.3000,0.0000
param,66,1.0610,0.4471,0.9554,-0.4000
pos,67,-2.3935,-2.8565,1.3146,-0.0401
input,67,-0.3009,-0.0153,0.0105,-0.0624
target,67,-2.0000,-1.5000,1.3000,0.0000
param,67,1.0610,0.4471,0.9554,-0.4000
pos,68,-2.3942,-2.8532,1.3145,-0.0403
input,68,-0.3009,-0.0153,0.0105,-0.0624
target,68,-2.0000,-1.5000,1.3000,0.0000
param,68,1.0610,0.4471,0.9554,-0.4000
pos,69,-2.3949,-2.8496,1.3145,-0.0402
input,69,-0.3009,-0.0153,0.0105,-0.0624
target,69,-2.0000,-1.5000,1.3000,0.0000
param,69,1.0610,0.4471,0.9554,-0.4000
pos,70,-2.3956,-2.8458,1.3144,-0.0401
input,70,-0.3009,-0.0153,0.0105,-0.0624
target,70,-2.0000,-1.5000,1.3000,0.0000
param,70,1.0610,0.4471,0.9554,-0.4000
pos,71,-2.3962,-2.8418,1.3143,-0.0404
input,71,-0.3009,-0.0153,0.0105,-0.0624
target,71,-2.0000,-1.5000,1.3000,0.0000
param,71,1.0611,0.4471,0.9554,-0.4000
pos,72,-2.3967,-2.8376,1.3141,-0.0407
input,72,-0.3009,-0.0153,0.0105,-0.0624
target,72,-2.0000,-1.5000,1.3000,0.0000
param,72,1.0611,0.4471,0.9554,-0.4000
pos,73,-2.3972,-2.8333,1.3140,-0.0410
input,73,-0.3009,-0.0153,0.0105,-0.0624
target,73,-2.0000,-1.5000,1.3000,0.0000
param,73,1.0611,0.4471,0.9554,-0.4000
pos,74,-2.3977,-2.8287,1.3138,-0.0413
input,74,-0.3009,-0.0153,0.0105,-0.0624
target,74,-2.0000,-1.5000,1.3000,0.0000
param,74,1.0611,0.4471,0.9554,-0.4000
pos,75,-2.3981,-2.8239,1.3137,-0.0417
input,75,-0.3009,-0.0153,0.0105,-0.0624
target,75,-2.0000,-1.5000,1.3000,0.0000
param,75,1.0611,0.4471,0.9554,-0.4000
pos,76,-2.3986,-2.8190,1.3135,-0.0421
input,76,-0.2945,-0.0084,0.0159,-0.0623
target,76,-2.0000,-1.5000,1.3000,0.0000
param,76,1.0611,0.4471,0.9554,-0.4000
pos,77,-2.3993,-2.8138,1.3136,-0.0443
input,77,-0.2945,-0.0084,0.0159,-0.0623
target,77,-2.0000,-1.5000,1.3000,0.0000
param,77,1.0611,0.4471,0.9554,-0.4000
pos,78,-2.4000,-2.8086,1.3136,-0.0448
input,78,-0.2945,-0.0084,0.0159,-0.0623
target,78,-2.0000,-1.5000,1.3000,0.0000
param,78,1.0611,0.4471,0.9554,-0.4000
pos,79,-2.4005,-2.8032,1.3137,-0.0467
input,79,-0.2945,-0.0084,0.0159,-0.0623
target,79,-2.0000,-1.5000,1.3000,0.0000
param,79,1.0611,0.4471,0.9554,-0.4000
pos,80,-2.4010,-2.7985,1.3137,-0.0486
input,80,-0.2945,-0.0084,0.0159,-0.0623
target,80,-2.0000,-1.5000,1.3000,0.0000
param,80,1.0611,0.4471,0.9554,-0.4000
pos,81,-2.4013,-2.7926,1.3134,-0.0489
input,81,-0.2945,-0.0084,0.0159,-0.0623
target,81,-2.0000,-1.5000,1.3000,0.0000
param,81,1.0611,0.4471,0.9554,-0.4000
pos,82,-2.4016,-2.7867,1.3132,-0.0489
input,82,-0.2945,-0.0084,0.0159,-0.0623
target,82,-2.0000,-1.5000,1.3000,0.0000
param,82,1.0611,0.4471,0.9554,-0.4000
pos,83,-2.4018,-2.7806,1.3129,-0.0491
input,83,-0.2945,-0.0084,0.0159,-0.0623
target,83,-2.0000,-1.5000,1.3000,0.0000
param,83,1.0611,0.4471,0.9554,-0.4000
pos,84,-2.4021,-2.7744,1.3126,-0.0492
input,84,-0.2945,-0.0084,0.0159,-0.0623
target,84,-2.0000,-1.5000,1.3000,0.0000
param,84,1.0611,0.4471,0.9554,-0.4000
pos,85,-2.4022,-2.7681,1.3123,-0.0493
input,85,-0.2862,-0.0059,0.0228,-0.0610
target,85,-2.0000,-1.5000,1.3000,0.0000
param,85,1.0611,0.4471,0.9554,-0.4000
pos,86,-2.4024,-2.7617,1.3122,-0.0492
input,86,-0.2862,-0.0059,0.0228,-0.0610
target,86,-2.0000,-1.5000,1.3000,0.0000
param,86,1.0611,0.4471,0.9554,-0.4000
pos,87,-2.4025,-2.7552,1.3120,-0.0496
input,87,-0.2862,-0.0059,0.0228,-0.0610
target,87,-2.0000,-1.5000,1.3000,0.0000
param,87,1.0611,0.4471,0.9554,-0.4000
pos,88,-2.4026,-2.7486,1.3118,-0.0497
input,88,-0.2862,-0.0059,0.0228,-0.0610
target,88,-2.0000,-1.5000,1.3000,0.0000
param,88,1.0611,0.4471,0.9554,-0.4000
pos,89,-2.4026,-2.7420,1.3116,-0.0501
input,89,-0.2862,-0.0059,0.0228,-0.0610
target,89,-2.0000,-1.5000,1.3000,0.0000
param,89,1.0611,0.4471,0.9554,-0.4000
pos,90,-2.4026,-2.7352,1.3114,-0.0502
input,90,-0.2862,-0.0059,0.0228,-0.0610
target,90,-2.0000,-1.5000,1.3000,0.0000
param,90,1.0611,0.4471,0.9554,-0.4000
pos,91,-2.4026,-2.7283,1.3112,-0.0507
input,91,-0.2862,-0.0059,0.0228,-0.0610
target,91,-2.0000,-1.5000,1.3000,0.0000
param,91,1.0611,0.4471,0.9554,-0.4000
pos,92,-2.4024,-2.7213,1.3110,-0.0505
input,92,-0.2862,-0.0059,0.0228,-0.0610
target,92,-2.0000,-1.5000,1.3000,0.0000
param,92,1.0611,0.4471,0.9554,-0.4000
pos,93,-2.4022,-2.7148,1.3108,-0.0508
input,93,-0.2814,0.0019,0.0247,-0.0589
target,93,-2.0000,-1.5000,1.3000,0.0000
param,93,1.0611,0.4471,0.9554,-0.4000
pos,94,-2.4018,-2.7077,1.3105,-0.0510
input,94,-0.2814,0.0019,0.0247,-0.0589
target,94,-2.0000,-1.5000,1.3000,0.0000
param,94,1.0611,0.4471,0.9554,-0.4000
pos,95,-2.4015,-2.7005,1.3103,-0.0511
input,95,-0.2814,0.0019,0.0247,-0.0589
target,95,-2.0000,-1.5000,1.3000,0.0000
param,95,1.0611,0.4471,0.9554,-0.4000
pos,96,-2.4012,-2.6937,1.3101,-0.0514
input,96,-0.2814,0.0019,0.0247,-0.0589
target,96,-2.0000,-1.5000,1.3000,0.0000
param,96,1.0611,0.4471,0.9554,-0.4000
pos,97,-2.4008,-2.6863,1.3099,-0.0512
input,97,-0.2814,0.0019,0.0247,-0.0589
target,97,-2.0000,-1.5000,1.3000,0.0000
param,97,1.0611,0.4471,0.9554,-0.4000
pos,98,-2.4004,-2.6789,1.3097,-0.0513
input,98,-0.2814,0.0019,0.0247,-0.0589
target,98,-2.0000,-1.5000,1.3000,0.0000
param,98,1.0611,0.4471,0.9554,-0.4000
pos,99,-2.3999,-2.6714,1.3095,-0.0492
input,99,-0.2814,0.0019,0.0247,-0.0589
target,99,-2.0000,-1.5000,1.3000,0.0000
param,99,1.0611,0.4471,0.9554,-0.4000
pos,100,-2.3996,-2.6638,1.3092,-0.0498
input,100,-0.2781,0.0114,0.0271,-0.0575
target,100,-2.0000,-1.5000,1.3000,0.0000
param,100,1.0611,0.4471,0.9554,-0.4000
pos,101,-2.3993,-2.6561,1.3089,-0.0505
input,101,-0.2781,0.0114,0.0271,-0.0575
target,101,-2.0000,-1.5000,1.3000,0.0000
param,101,1.0611,0.4471,0.9554,-0.4000
pos,102,-2.3989,-2.6486,1.3089,-0.0519
input,102,-0.2781,0.0114,0.0271,-0.0575
target,102,-2.0000,-1.5000,1.3000,0.0000
param,102,1.0611,0.4471,0.9554,-0.4000
pos,103,-2.3985,-2.6412,1.3089,-0.0512
input,103,-0.2781,0.0114,0.0271,-0.0575
target,103,-2.0000,-1.5000,1.3000,0.0000
param,103,1.0611,0.4471,0.9554,-0.4000
pos,104,-2.3979,-2.6339,1.3088,-0.0467
input,104,-0.2781,0.0114,0.0271,-0.0575
target,104,-2.0000,-1.5000,1.3000,0.0000
param,104,1.0611,0.4471,0.9554,-0.4000
pos,105,-2.3973,-2.6262,1.3088,-0.0435
input,105,-0.2781,0.0114,0.0271,-0.0575
target,105,-2.0000,-1.5000,1.3000,0.0000
param,105,1.0611,0.4471,0.9554,-0.4000
pos,106,-2.3966,-2.6184,1.3087,-0.0419
input,106,-0.2766,0.0235,0.0271,-0.0567
target,106,-2.0000,-1.5000,1.3000,0.0000
param,106,1.0611,0.4471,0.9554,-0.4000
pos,107,-2.3957,-2.6113,1.3086,-0.0389
input,107,-0.2766,0.0235,0.0271,-0.0567
target,107,-2.0000,-1.5000,1.3000,0.0000
param,107,1.0611,0.4471,0.9554,-0.4000
pos,108,-2.3948,-2.6036,1.3086,-0.0364
input,108,-0.2766,0.0235,0.0271,-0.0567
target,108,-2.0000,-1.5000,1.3000,0.0000
param,108,1.0611,0.4471,0.9554,-0.4000
pos,109,-2.3939,-2.5957,1.3086,-0.0345
input,109,-0.2766,0.0235,0.0271,-0.0567
target,109,-2.0000,-1.5000,1.3000,0.0000
param,109,1.0611,0.4471,0.9554,-0.4000
pos,110,-2.3931,-2.5879,1.3090,-0.0339
input,110,-0.2773,0.0350,0.0262,-0.0563
target,110,-2.0000,-1.5000,1.3000,0.0000
param,110,1.0611,0.4471,0.9554,-0.4000
pos,111,-2.3921,-2.5799,1.3089,-0.0327
input,111,-0.2773,0.0350,0.0262,-0.0563
target,111,-2.0000,-1.5000,1.3000,0.0000
param,111,1.0611,0.4471,0.9554,-0.4000
pos,112,-2.3927,-2.5723,1.3084,-0.0316
input,112,-0.2773,0.0350,0.0262,-0.0563
target,112,-2.0000,-1.5000,1.3000,0.0000
param,112,1.0611,0.4471,0.9554,-0.4000
pos,113,-2.3933,-2.5644,1.3078,-0.0305
input,113,-0.2773,0.0350,0.0262,-0.0563
target,113,-2.0000,-1.5000,1.3000,0.0000
param,113,1.0611,0.4471,0.9554,-0.4000
pos,114,-2.3939,-2.5575,1.3074,-0.0294
input,114,-0.2773,0.0350,0.0262,-0.0563
target,114,-2.0000,-1.5000,1.3000,0.0000
param,114,1.0611,0.4471,0.9554,-0.4000
pos,115,-2.3922,-2.5494,1.3076,-0.0272
input,115,-0.2752,0.0461,0.0273,-0.0561
target,115,-2.0000,-1.5000,1.3000,0.0000
param,115,1.0611,0.4471,0.9554,-0.4000
pos,116,-2.3906,-2.5414,1.3078,-0.0286
input,116,-0.2752,0.0461,0.0273,-0.0561
target,116,-2.0000,-1.5000,1.3000,0.0000
param,116,1.0611,0.4471,0.9554,-0.4000
pos,117,-2.3891,-2.5334,1.3081,-0.0283
input,117,-0.2752,0.0461,0.0273,-0.0561
target,117,-2.0000,-1.5000,1.3000,0.0000
param,117,1.0611,0.4471,0.9554,-0.4000
pos,118,-2.3874,-2.5253,1.3082,-0.0262
input,118,-0.2752,0.0461,0.0273,-0.0561
target,118,-2.0000,-1.5000,1.3000,0.0000
param,118,1.0611,0.4471,0.9554,-0.4000
pos,119,-2.3859,-2.5173,1.3083,-0.0237
input,119,-0.2752,0.0461,0.0273,-0.0561
target,119,-2.0000,-1.5000,1.3000,0.0000
param,119,1.0611,0.4471,0.9554,-0.4000
pos,120,-2.3843,-2.5092,1.3085,-0.0218
input,120,-0.2752,0.0461,0.0273,-0.0561
target,120,-2.0000,-1.5000,1.3000,0.0000
param,120,1.0611,0.4471,0.9554,-0.4000
pos,121,-2.3828,-2.5011,1.3086,-0.0196
input,121,-0.2739,0.0562,0.0264,-0.0563
target,121,-2.0000,-1.5000,1.3000,0.0000
param,121,1.0611,0.4471,0.9554,-0.4000
pos,122,-2.3813,-2.4930,1.3087,-0.0178
input,122,-0.2739,0.0562,0.0264,-0.0563
target,122,-2.0000,-1.5000,1.3000,0.0000
param,122,1.0611,0.4471,0.9554,-0.4000
pos,123,-2.3797,-2.4848,1.3089,-0.0172
input,123,-0.2739,0.0562,0.0264,-0.0563
target,123,-2.0000,-1.5000,1.3000,0.0000
param,123,1.0611,0.4471,0.9554,-0.4000
pos,124,-2.3781,-2.4768,1.3090,-0.0156
input,124,-0.2739,0.0562,0.0264,-0.0563
target,124,-2.0000,-1.5000,1.3000,0.0000
param,124,1.0611,0.4471,0.9554,-0.4000
pos,125,-2.3764,-2.4687,1.3092,-0.0150
input,125,-0.2739,0.0562,0.0264,-0.0563
target,125,-2.0000,-1.5000,1.3000,0.0000
param,125,1.0611,0.4471,0.9554,-0.4000
pos,126,-2.3748,-2.4607,1.3093,-0.0135
input,126,-0.2739,0.0562,0.0264,-0.0563
target,126,-2.0000,-1.5000,1.3000,0.0000
param,126,1.0611,0.4471,0.9554,-0.4000
pos,127,-2.3733,-2.4533,1.3095,-0.0122
input,127,-0.2727,0.0668,0.0246,-0.0564
target,127,-2.0000,-1.5000,1.3000,0.0000
param,127,1.0611,0.4471,0.9554,-0.4000
pos,128,-2.3717,-2.4452,1.3097,-0.0105
input,128,-0.2727,0.0668,0.0246,-0.0564
target,128,-2.0000,-1.5000,1.3000,0.0000
param,128,1.0611,0.4471,0.9554,-0.4000
pos,129,-2.3701,-2.4371,1.3099,-0.0091
input,129,-0.2727,0.0668,0.0246,-0.0564
target,129,-2.0000,-1.5000,1.3000,0.0000
param,129,1.0611,0.4471,0.9554,-0.4000
pos,130,-2.3685,-2.4290,1.3101,-0.0075
input,130,-0.2727,0.0668,0.0246,-0.0564
target,130,-2.0000,-1.5000,1.3000,0.0000
param,130,1.0611,0.4471,0.9554,-0.4000
pos,131,-2.3667,-2.4210,1.3103,-0.0061
input,131,-0.2727,0.0668,0.0246,-0.0564
target,131,-2.0000,-1.5000,1.3000,0.0000
param,131,1.0611,0.4471,0.9554,-0.4000
pos,132,-2.3649,-2.4130,1.3105,-0.0044
input,132,-0.2727,0.0668,0.0246,-0.0564
target,132,-2.0000,-1.5000,1.3000,0.0000
param,132,1.0611,0.4471,0.9554,-0.4000
pos,133,-2.3631,-2.4050,1.3107,-0.0030
input,133,-0.2714,0.0777,0.0220,-0.0567
target,133,-2.0000,-1.5000,1.3000,0.0000
param,133,1.0611,0.4471,0.9554,-0.4000
pos,134,-2.3615,-2.3970,1.3111,-0.0043
input,134,-0.2714,0.0777,0.0220,-0.0567
target,134,-2.0000,-1.5000,1.3000,0.0000
param,134,1.0611,0.4471,0.9554,-0.4000
pos,135,-2.3599,-2.3890,1.3114,-0.0066
input,135,-0.2714,0.0777,0.0220,-0.0567
target,135,-2.0000,-1.5000,1.3000,0.0000
param,135,1.0611,0.4471,0.9554,-0.4000
pos,136,-2.3583,-2.3809,1.3117,-0.0084
input,136,-0.2682,0.0787,0.0186,-0.0504
target,136,-2.0000,-1.5000,1.3000,0.0000
param,136,1.0611,0.4471,0.9554,-0.4000
pos,137,-2.3564,-2.3730,1.3121,-0.0091
input,137,-0.2682,0.0787,0.0186,-0.0504
target,137,-2.0000,-1.5000,1.3000,0.0000
param,137,1.0611,0.4471,0.9554,-0.4000
pos,138,-2.3545,-2.3651,1.3124,-0.0113
input,138,-0.2714,0.0777,0.0220,-0.0567
target,138,-2.0000,-1.5000,1.3000,0.0000
param,138,1.0611,0.4471,0.9554,-0.4000
pos,139,-2.3527,-2.3577,1.3127,-0.0121
input,139,-0.2682,0.0787,0.0186,-0.0504
target,139,-2.0000,-1.5000,1.3000,0.0000
param,139,1.0611,0.4471,0.9554,-0.4000
pos,140,-2.3508,-2.3496,1.3130,-0.0123
input,140,-0.2714,0.0777,0.0220,-0.0567
target,140,-2.0000,-1.5000,1.3000,0.0000
param,140,1.0611,0.4471,0.9554,-0.4000
pos,141,-2.3487,-2.3417,1.3133,-0.0121
input,141,-0.2714,0.0777,0.0220,-0.0567
target,141,-2.0000,-1.5000,1.3000,0.0000
param,141,1.0611,0.4471,0.9554,-0.4000
pos,142,-2.3466,-2.3337,1.3135,-0.0120
input,142,-0.2608,0.0757,0.0325,-0.0583
target,142,-2.0000,-1.5000,1.3000,0.0000
param,142,1.0611,0.4471,0.9554,-0.4000
pos,143,-2.3446,-2.3257,1.3139,-0.0124
input,143,-0.2608,0.0757,0.0325,-0.0583
target,143,-2.0000,-1.5000,1.3000,0.0000
param,143,1.0611,0.4471,0.9554,-0.4000
pos,144,-2.3426,-2.3182,1.3142,-0.0133
input,144,-0.2608,0.0757,0.0325,-0.0583
target,144,-2.0000,-1.5000,1.3000,0.0000
param,144,1.0611,0.4471,0.9554,-0.4000
pos,145,-2.3405,-2.3101,1.3146,-0.0134
input,145,-0.2608,0.0757,0.0325,-0.0583
target,145,-2.0000,-1.5000,1.3000,0.0000
param,145,1.0611,0.4471,0.9554,-0.4000
pos,146,-2.3384,-2.3026,1.3149,-0.0140
input,146,-0.2608,0.0757,0.0325,-0.0583
target,146,-2.0000,-1.5000,1.3000,0.0000
param,146,1.0611,0.4471,0.9554,-0.4000
pos,147,-2.3365,-2.2957,1.3152,-0.0147
input,147,-0.2608,0.0757,0.0325,-0.0583
target,147,-2.0000,-1.5000,1.3000,0.0000
param,147,1.0611,0.4471,0.9554,-0.4000
pos,148,-2.3343,-2.2880,1.3156,-0.0148
input,148,-0.2608,0.0757,0.0325,-0.0583
target,148,-2.0000,-1.5000,1.3000,0.0000
param,148,1.0611,0.4471,0.9554,-0.4000
pos,149,-2.3320,-2.2797,1.3160,-0.0150
input,149,-0.2608,0.0757,0.0325,-0.0583
target,149,-2.0000,-1.5000,1.3000,0.0000
param,149,1.0611,0.4471,0.9554,-0.4000
pos,150,-2.3297,-2.2714,1.3164,-0.0154
input,150,-0.2608,0.0757,0.0325,-0.0583
target,150,-2.0000,-1.5000,1.3000,0.0000
param,150,1.0611,0.4471,0.9554,-0.4000
pos,151,-2.3274,-2.2631,1.3168,-0.0159
input,151,-0.2517,0.0796,0.0334,-0.0579
target,151,-2.0000,-1.5000,1.3000,0.0000
param,151,1.0611,0.4471,0.9554,-0.4000
