delay,50
params,1.0000,0.5717,0.8334,-0.1000
pos,0,-0.5451,-1.6171,0.3853,0.1030
pos,1,-0.5451,-1.6171,0.3853,0.1030
pos,2,-0.5451,-1.6171,0.3853,0.1030
pos,3,-0.5451,-1.6171,0.3852,0.1030
pos,4,-0.5451,-1.6171,0.3851,0.1030
pos,5,-0.5451,-1.6171,0.3850,0.1030
pos,6,-0.5451,-1.6171,0.3849,0.1030
pos,7,-0.5452,-1.6171,0.3848,0.1030
pos,8,-0.5452,-1.6171,0.3847,0.1030
pos,9,-0.5452,-1.6171,0.3845,0.1030
pos,10,-0.5452,-1.6171,0.3844,0.1031
pos,11,-0.5452,-1.6171,0.3842,0.1032
pos,12,-0.5453,-1.6171,0.3840,0.1032
pos,13,-0.5453,-1.6170,0.3838,0.1033
pos,14,-0.5453,-1.6170,0.3836,0.1033
pos,15,-0.5453,-1.6170,0.3833,0.1034
pos,16,-0.5454,-1.6170,0.3831,0.1034
pos,17,-0.5454,-1.6170,0.3828,0.1035
pos,18,-0.5454,-1.6170,0.3825,0.1035
pos,19,-0.5455,-1.6170,0.3823,0.1035
pos,20,-0.5455,-1.6170,0.3820,0.1036
pos,21,-0.5455,-1.6170,0.3817,0.1036
pos,22,-0.5456,-1.6170,0.3813,0.1037
pos,23,-0.5456,-1.6170,0.3810,0.1037
pos,24,-0.5457,-1.6170,0.3807,0.1038
pos,25,-0.5457,-1.6170,0.3803,0.1038
pos,26,-0.5457,-1.6170,0.3800,0.1039
pos,27,-0.5458,-1.6170,0.3796,0.1040
pos,28,-0.5458,-1.6171,0.3793,0.1040
pos,29,-0.5459,-1.6171,0.3789,0.1041
pos,30,-0.5459,-1.6171,0.3785,0.1042
pos,31,-0.5459,-1.6171,0.3781,0.1043
pos,32,-0.5460,-1.6171,0.3777,0.1044
pos,33,-0.5460,-1.6171,0.3773,0.1044
pos,34,-0.5461,-1.6172,0.3768,0.1045
pos,35,-0.5461,-1.6172,0.3764,0.1046
pos,36,-0.5462,-1.6172,0.3760,0.1047
pos,37,-0.5462,-1.6172,0.3755,0.1048
pos,38,-0.5463,-1.6173,0.3751,0.1048
pos,39,-0.5463,-1.6173,0.3746,0.1049
pos,40,-0.5464,-1.6173,0.3741,0.1050
pos,41,-0.5464,-1.6174,0.3736,0.1051
pos,42,-0.5465,-1.6174,0.3732,0.1051
pos,43,-0.5465,-1.6174,0.3727,0.1052
pos,44,-0.5466,-1.6175,0.3722,0.1053
pos,45,-0.5466,-1.6175,0.3717,0.1054
pos,46,-0.5466,-1.6176,0.3712,0.1055
pos,47,-0.5467,-1.6176,0.3707,0.1057
pos,48,-0.5467,-1.6177,0.3702,0.1058
pos,49,-0.5467,-1.6177,0.3697,0.1059
pos,50,-0.5468,-1.6178,0.3692,0.1060
pos,51,-0.5469,-1.6178,0.3687,0.1061
pos,52,-0.5469,-1.6179,0.3682,0.1062
pos,53,-0.5470,-1.6179,0.3677,0.1064
pos,54,-0.5471,-1.6180,0.3671,0.1065
pos,55,-0.5471,-1.6180,0.3666,0.1066
pos,56,-0.5472,-1.6181,0.3661,0.1068
pos,57,-0.5472,-1.6182,0.3656,0.1069
pos,58,-0.5473,-1.6182,0.3650,0.1070
pos,59,-0.5473,-1.6183,0.3645,0.1072
pos,60,-0.5474,-1.6184,0.3640,0.1073
pos,61,-0.5474,-1.6184,0.3634,0.1075
pos,62,-0.5474,-1.6185,0.3629,0.1076
pos,63,-0.5475,-1.6186,0.3624,0.1078
pos,64,-0.5475,-1.6186,0.3618,0.1079
pos,65,-0.5475,-1.6187,0.3613,0.1081
pos,66,-0.5475,-1.6188,0.3607,0.1083
pos,67,-0.5475,-1.6188,0.3602,0.1084
pos,68,-0.5475,-1.6189,0.3596,0.1086
pos,69,-0.5475,-1.6190,0.3591,0.1087
pos,70,-0.5474,-1.6190,0.3585,0.1089
pos,71,-0.5474,-1.6191,0.3579,0.1090
pos,72,-0.5474,-1.6192,0.3574,0.1091
pos,73,-0.5473,-1.6192,0.3568,0.1092
pos,74,-0.5473,-1.6193,0.3563,0.1093
pos,75,-0.5472,-1.6194,0.3557,0.1094
pos,76,-0.5472,-1.6194,0.3551,0.1095
pos,77,-0.5471,-1.6195,0.3546,0.1096
pos,78,-0.5470,-1.6196,0.3540,0.1096
pos,79,-0.5470,-1.6196,0.3534,0.1097
pos,80,-0.5469,-1.6197,0.3528,0.1098
pos,81,-0.5468,-1.6198,0.3522,0.1098
pos,82,-0.5467,-1.6198,0.3516,0.1098
pos,83,-0.5466,-1.6199,0.3510,0.1099
pos,84,-0.5464,-1.6200,0.3504,0.1099
pos,85,-0.5463,-1.6200,0.3497,0.1099
pos,86,-0.5462,-1.6201,0.3491,0.1099
pos,87,-0.5461,-1.6202,0.3485,0.1099
pos,88,-0.5459,-1.6203,0.3478,0.1099
pos,89,-0.5458,-1.6203,0.3471,0.1098
pos,90,-0.5456,-1.6204,0.3465,0.1098
pos,91,-0.5454,-1.6205,0.3458,0.1098
pos,92,-0.5452,-1.6206,0.3451,0.1097
pos,93,-0.5451,-1.6206,0.3444,0.1097
pos,94,-0.5449,-1.6207,0.3437,0.1096
pos,95,-0.5447,-1.6208,0.3429,0.1095
pos,96,-0.5445,-1.6209,0.3422,0.1095
pos,97,-0.5442,-1.6209,0.3414,0.1094
pos,98,-0.5440,-1.6210,0.3406,0.1093
pos,99,-0.5438,-1.6211,0.3398,0.1092
pos,100,-0.5435,-1.6212,0.3391,0.1091
pos,101,-0.5432,-1.6212,0.3383,0.1090
pos,102,-0.5429,-1.6213,0.3376,0.1090
pos,103,-0.5426,-1.6214,0.3369,0.1089
pos,104,-0.5423,-1.6214,0.3361,0.1088
pos,105,-0.5420,-1.6215,0.3354,0.1088
pos,106,-0.5416,-1.6215,0.3347,0.1087
pos,107,-0.5412,-1.6215,0.3340,0.1087
pos,108,-0.5408,-1.6216,0.3333,0.1087
pos,109,-0.5404,-1.6216,0.3326,0.1086
pos,110,-0.5399,-1.6216,0.3320,0.1086
pos,111,-0.5395,-1.6216,0.3313,0.1086
pos,112,-0.5390,-1.6216,0.3306,0.1086
pos,113,-0.5385,-1.6216,0.3299,0.1086
pos,114,-0.5380,-1.6216,0.3293,0.1086
pos,115,-0.5374,-1.6216,0.3287,0.1086
pos,116,-0.5368,-1.6216,0.3281,0.1086
pos,117,-0.5362,-1.6216,0.3275,0.1086
pos,118,-0.5356,-1.6215,0.3269,0.1086
pos,119,-0.5350,-1.6214,0.3263,0.1086
pos,120,-0.5343,-1.6214,0.3257,0.1087
pos,121,-0.5337,-1.6213,0.3252,0.1088
pos,122,-0.5330,-1.6212,0.3247,0.1088
pos,123,-0.5322,-1.6211,0.3241,0.1089
pos,124,-0.5315,-1.6210,0.3236,0.1089
pos,125,-0.5307,-1.6209,0.3231,0.1090
pos,126,-0.5299,-1.6207,0.3226,0.1090
pos,127,-0.5291,-1.6206,0.3222,0.1090
pos,128,-0.5283,-1.6204,0.3217,0.1090
pos,129,-0.5275,-1.6202,0.3212,0.1090
pos,130,-0.5266,-1.6201,0.3208,0.1090
pos,131,-0.5255,-1.6198,0.3203,0.1090
pos,132,-0.5242,-1.6196,0.3199,0.1090
pos,133,-0.5227,-1.6194,0.3195,0.1090
pos,134,-0.5210,-1.6191,0.3191,0.1090
pos,135,-0.5191,-1.6189,0.3187,0.1090
pos,136,-0.5170,-1.6186,0.3183,0.1090
pos,137,-0.5147,-1.6183,0.3179,0.1091
pos,138,-0.5122,-1.6180,0.3175,0.1091
pos,139,-0.5096,-1.6177,0.3171,0.1091
pos,140,-0.5067,-1.6173,0.3167,0.1091
pos,141,-0.5036,-1.6170,0.3164,0.1092
pos,142,-0.5004,-1.6166,0.3160,0.1092
pos,143,-0.4969,-1.6162,0.3156,0.1092
pos,144,-0.4933,-1.6158,0.3153,0.1093
pos,145,-0.4894,-1.6153,0.3149,0.1093
pos,146,-0.4854,-1.6149,0.3146,0.1094
pos,147,-0.4812,-1.6144,0.3143,0.1094
pos,148,-0.4768,-1.6139,0.3139,0.1095
pos,149,-0.4722,-1.6134,0.3136,0.1095
pos,150,-0.4674,-1.6129,0.3133,0.1096
pos,151,-0.4624,-1.6123,0.3129,0.1097
pos,152,-0.4572,-1.6118,0.3126,0.1097
pos,153,-0.4519,-1.6112,0.3123,0.1098
pos,154,-0.4463,-1.6106,0.3120,0.1099
pos,155,-0.4405,-1.6099,0.3116,0.1099
pos,156,-0.4346,-1.6093,0.3113,0.1100
pos,157,-0.4284,-1.6086,0.3110,0.1101
pos,158,-0.4220,-1.6079,0.3107,0.1101
pos,159,-0.4154,-1.6072,0.3104,0.1102
pos,160,-0.4086,-1.6064,0.3101,0.1103
pos,161,-0.4016,-1.6056,0.3098,0.1103
pos,162,-0.3943,-1.6048,0.3095,0.1104
pos,163,-0.3869,-1.6040,0.3091,0.1104
pos,164,-0.3793,-1.6031,0.3088,0.1104
pos,165,-0.3715,-1.6023,0.3085,0.1104
pos,166,-0.3635,-1.6014,0.3082,0.1104
pos,167,-0.3553,-1.6004,0.3079,0.1103
pos,168,-0.3470,-1.5995,0.3076,0.1102
pos,169,-0.3384,-1.5985,0.3072,0.1102
pos,170,-0.3297,-1.5975,0.3069,0.1101
pos,171,-0.3209,-1.5965,0.3066,0.1100
pos,172,-0.3120,-1.5954,0.3062,0.1099
pos,173,-0.3031,-1.5944,0.3059,0.1099
pos,174,-0.2940,-1.5934,0.3055,0.1098
pos,175,-0.2849,-1.5923,0.3052,0.1098
pos,176,-0.2757,-1.5913,0.3049,0.1097
pos,177,-0.2664,-1.5902,0.3045,0.1097
pos,178,-0.2570,-1.5891,0.3041,0.1096
pos,179,-0.2476,-1.5880,0.3038,0.1096
pos,180,-0.2381,-1.5869,0.3034,0.1095
pos,181,-0.2285,-1.5858,0.3030,0.1095
pos,182,-0.2188,-1.5847,0.3027,0.1094
pos,183,-0.2091,-1.5836,0.3023,0.1094
pos,184,-0.1993,-1.5825,0.3019,0.1094
pos,185,-0.1895,-1.5814,0.3015,0.1093
pos,186,-0.1795,-1.5803,0.3011,0.1093
pos,187,-0.1695,-1.5791,0.3007,0.1093
pos,188,-0.1595,-1.5780,0.3003,0.1093
pos,189,-0.1493,-1.5769,0.2999,0.1093
pos,190,-0.1391,-1.5757,0.2995,0.1092
pos,191,-0.1288,-1.5746,0.2990,0.1092
pos,192,-0.1183,-1.5734,0.2986,0.1092
pos,193,-0.1078,-1.5723,0.2982,0.1091
pos,194,-0.0971,-1.5711,0.2977,0.1091
pos,195,-0.0864,-1.5699,0.2973,0.1091
pos,196,-0.0754,-1.5687,0.2968,0.1090
pos,197,-0.0644,-1.5675,0.2963,0.1090
pos,198,-0.0532,-1.5663,0.2959,0.1089
pos,199,-0.0418,-1.5651,0.2954,0.1089
pos,200,-0.0303,-1.5638,0.2949,0.1088
pos,201,-0.0186,-1.5625,0.2944,0.1087
pos,202,-0.0069,-1.5613,0.2939,0.1087
pos,203,0.0049,-1.5600,0.2934,0.1086
pos,204,0.0167,-1.5588,0.2929,0.1086
pos,205,0.0286,-1.5575,0.2924,0.1085
pos,206,0.0406,-1.5563,0.2919,0.1085
pos,207,0.0526,-1.5551,0.2914,0.1084
pos,208,0.0647,-1.5538,0.2909,0.1084
pos,209,0.0768,-1.5526,0.2904,0.1083
pos,210,0.0891,-1.5514,0.2899,0.1083
pos,211,0.1014,-1.5502,0.2894,0.1082
pos,212,0.1137,-1.5490,0.2889,0.1082
pos,213,0.1261,-1.5478,0.2884,0.1082
pos,214,0.1385,-1.5466,0.2879,0.1081
pos,215,0.1509,-1.5454,0.2875,0.1081
pos,216,0.1635,-1.5442,0.2870,0.1081
pos,217,0.1761,-1.5431,0.2865,0.1081
pos,218,0.1888,-1.5419,0.2860,0.1080
pos,219,0.2016,-1.5407,0.2855,0.1080
pos,220,0.2145,-1.5396,0.2850,0.1080
pos,221,0.2275,-1.5384,0.2845,0.1079
pos,222,0.2407,-1.5372,0.2840,0.1079
pos,223,0.2540,-1.5361,0.2835,0.1079
pos,224,0.2674,-1.5349,0.2830,0.1078
pos,225,0.2810,-1.5337,0.2825,0.1078
pos,226,0.2947,-1.5326,0.2820,0.1078
pos,227,0.3086,-1.5314,0.2815,0.1077
pos,228,0.3225,-1.5302,0.2810,0.1077
pos,229,0.3365,-1.5291,0.2805,0.1077
pos,230,0.3505,-1.5279,0.2800,0.1076
pos,231,0.3644,-1.5268,0.2795,0.1076
pos,232,0.3784,-1.5257,0.2790,0.1076
pos,233,0.3924,-1.5246,0.2785,0.1076
pos,234,0.4065,-1.5235,0.2780,0.1076
pos,235,0.4205,-1.5224,0.2775,0.1075
pos,236,0.4345,-1.5213,0.2771,0.1075
pos,237,0.4486,-1.5202,0.2766,0.1075
pos,238,0.4627,-1.5192,0.2761,0.1074
pos,239,0.4768,-1.5181,0.2757,0.1074
pos,240,0.4910,-1.5171,0.2752,0.1074
pos,241,0.5052,-1.5160,0.2748,0.1073
pos,242,0.5195,-1.5150,0.2743,0.1073
pos,243,0.5339,-1.5140,0.2739,0.1073
pos,244,0.5484,-1.5130,0.2735,0.1073
pos,245,0.5629,-1.5120,0.2730,0.1073
pos,246,0.5776,-1.5110,0.2726,0.1073
pos,247,0.5923,-1.5100,0.2722,0.1073
pos,248,0.6073,-1.5090,0.2718,0.1073
pos,249,0.6223,-1.5080,0.2714,0.1073
pos,250,0.6375,-1.5070,0.2709,0.1073
pos,251,0.6528,-1.5060,0.2705,0.1073
pos,252,0.6682,-1.5050,0.2701,0.1073
pos,253,0.6835,-1.5040,0.2697,0.1073
pos,254,0.6989,-1.5030,0.2693,0.1073
pos,255,0.7142,-1.5020,0.2689,0.1073
pos,256,0.7296,-1.5010,0.2685,0.1073
pos,257,0.7449,-1.5001,0.2681,0.1073
pos,258,0.7602,-1.4991,0.2678,0.1074
pos,259,0.7756,-1.4981,0.2674,0.1074
pos,260,0.7909,-1.4972,0.2670,0.1074
pos,261,0.8063,-1.4962,0.2666,0.1074
pos,262,0.8216,-1.4952,0.2663,0.1074
pos,263,0.8370,-1.4943,0.2659,0.1074
pos,264,0.8523,-1.4933,0.2656,0.1074
pos,265,0.8676,-1.4924,0.2652,0.1074
pos,266,0.8829,-1.4914,0.2648,0.1074
pos,267,0.8982,-1.4905,0.2645,0.1074
pos,268,0.9135,-1.4895,0.2641,0.1075
pos,269,0.9288,-1.4886,0.2637,0.1075
pos,270,0.9441,-1.4876,0.2634,0.1075
pos,271,0.9593,-1.4867,0.2630,0.1075
pos,272,0.9746,-1.4857,0.2627,0.1075
pos,273,0.9898,-1.4848,0.2623,0.1075
pos,274,1.0050,-1.4839,0.2619,0.1075
pos,275,1.0202,-1.4829,0.2616,0.1075
pos,276,1.0354,-1.4820,0.2612,0.1075
pos,277,1.0505,-1.4811,0.2609,0.1075
pos,278,1.0656,-1.4801,0.2605,0.1075
pos,279,1.0808,-1.4792,0.2601,0.1074
pos,280,1.0959,-1.4783,0.2598,0.1074
pos,281,1.1110,-1.4774,0.2594,0.1074
pos,282,1.1261,-1.4764,0.2590,0.1074
pos,283,1.1411,-1.4755,0.2586,0.1074
pos,284,1.1563,-1.4746,0.2583,0.1073
pos,285,1.1714,-1.4737,0.2579,0.1073
pos,286,1.1866,-1.4727,0.2575,0.1072
pos,287,1.2019,-1.4718,0.2571,0.1072
pos,288,1.2172,-1.4709,0.2568,0.1071
pos,289,1.2326,-1.4700,0.2564,0.1071
pos,290,1.2481,-1.4690,0.2560,0.1070
pos,291,1.2637,-1.4681,0.2556,0.1069
pos,292,1.2794,-1.4671,0.2552,0.1068
pos,293,1.2952,-1.4662,0.2548,0.1067
pos,294,1.3112,-1.4652,0.2544,0.1066
pos,295,1.3273,-1.4643,0.2540,0.1065
pos,296,1.3436,-1.4633,0.2536,0.1064
pos,297,1.3598,-1.4623,0.2532,0.1063
pos,298,1.3760,-1.4614,0.2528,0.1061
pos,299,1.3922,-1.4604,0.2524,0.1060
pos,300,1.4083,-1.4595,0.2520,0.1059
pos,301,1.4244,-1.4586,0.2516,0.1058
pos,302,1.4405,-1.4576,0.2512,0.1056
pos,303,1.4566,-1.4567,0.2508,0.1055
pos,304,1.4726,-1.4558,0.2504,0.1054
pos,305,1.4885,-1.4549,0.2500,0.1052
pos,306,1.5045,-1.4541,0.2496,0.1051
pos,307,1.5203,-1.4532,0.2493,0.1050
pos,308,1.5362,-1.4523,0.2489,0.1048
pos,309,1.5520,-1.4515,0.2486,0.1047
pos,310,1.5677,-1.4506,0.2482,0.1046
pos,311,1.5834,-1.4498,0.2479,0.1045
pos,312,1.5991,-1.4490,0.2476,0.1044
pos,313,1.6148,-1.4482,0.2472,0.1042
pos,314,1.6304,-1.4474,0.2469,0.1041
pos,315,1.6461,-1.4466,0.2466,0.1040
pos,316,1.6616,-1.4458,0.2463,0.1039
pos,317,1.6771,-1.4450,0.2460,0.1038
pos,318,1.6926,-1.4443,0.2458,0.1037
pos,319,1.7080,-1.4435,0.2455,0.1035
pos,320,1.7233,-1.4428,0.2453,0.1034
pos,321,1.7387,-1.4421,0.2450,0.1033
pos,322,1.7540,-1.4413,0.2448,0.1032
pos,323,1.7692,-1.4406,0.2446,0.1030
pos,324,1.7845,-1.4399,0.2444,0.1029
pos,325,1.7999,-1.4392,0.2442,0.1028
pos,326,1.8152,-1.4385,0.2440,0.1026
pos,327,1.8306,-1.4378,0.2438,0.1025
pos,328,1.8460,-1.4371,0.2436,0.1023
pos,329,1.8615,-1.4364,0.2435,0.1022
pos,330,1.8771,-1.4358,0.2433,0.1020
pos,331,1.8928,-1.4351,0.2432,0.1019
pos,332,1.9086,-1.4344,0.2431,0.1017
pos,333,1.9244,-1.4337,0.2429,0.1016
pos,334,1.9403,-1.4331,0.2428,0.1014
pos,335,1.9560,-1.4324,0.2427,0.1012
pos,336,1.9716,-1.4318,0.2427,0.1010
pos,337,1.9872,-1.4312,0.2426,0.1008
pos,338,2.0027,-1.4306,0.2425,0.1007
pos,339,2.0182,-1.4300,0.2425,0.1005
pos,340,2.0336,-1.4294,0.2425,0.1003
pos,341,2.0490,-1.4288,0.2424,0.1001
pos,342,2.0643,-1.4283,0.2424,0.0999
pos,343,2.0797,-1.4277,0.2424,0.0997
pos,344,2.0951,-1.4272,0.2424,0.0995
pos,345,2.1105,-1.4267,0.2425,0.0994
pos,346,2.1259,-1.4261,0.2425,0.0992
pos,347,2.1414,-1.4256,0.2425,0.0990
pos,348,2.1570,-1.4251,0.2426,0.0988
pos,349,2.1726,-1.4246,0.2427,0.0986
pos,350,2.1883,-1.4241,0.2428,0.0984
pos,351,2.2041,-1.4237,0.2429,0.0983
pos,352,2.2200,-1.4232,0.2430,0.0981
pos,353,2.2360,-1.4227,0.2431,0.0979
pos,354,2.2522,-1.4223,0.2432,0.0977
pos,355,2.2685,-1.4218,0.2434,0.0975
pos,356,2.2847,-1.4214,0.2435,0.0973
pos,357,2.3007,-1.4209,0.2437,0.0971
pos,358,2.3166,-1.4205,0.2439,0.0969
pos,359,2.3324,-1.4201,0.2440,0.0968
pos,360,2.3481,-1.4197,0.2442,0.0966
pos,361,2.3636,-1.4194,0.2444,0.0964
pos,362,2.3791,-1.4190,0.2446,0.0962
pos,363,2.3944,-1.4187,0.2448,0.0960
pos,364,2.4095,-1.4184,0.2451,0.0957
pos,365,2.4245,-1.4181,0.2453,0.0955
pos,366,2.4394,-1.4178,0.2456,0.0953
pos,367,2.4542,-1.4175,0.2458,0.0951
pos,368,2.4689,-1.4173,0.2461,0.0949
pos,369,2.4834,-1.4171,0.2464,0.0947
pos,370,2.4978,-1.4168,0.2466,0.0945
pos,371,2.5121,-1.4167,0.2469,0.0943
pos,372,2.5263,-1.4165,0.2473,0.0941
pos,373,2.5403,-1.4163,0.2476,0.0939
pos,374,2.5543,-1.4162,0.2479,0.0937
pos,375,2.5681,-1.4161,0.2483,0.0935
pos,376,2.5819,-1.4160,0.2486,0.0933
pos,377,2.5956,-1.4159,0.2490,0.0931
pos,378,2.6092,-1.4158,0.2494,0.0929
pos,379,2.6227,-1.4158,0.2498,0.0928
pos,380,2.6362,-1.4158,0.2502,0.0926
pos,381,2.6495,-1.4158,0.2506,0.0924
pos,382,2.6628,-1.4158,0.2511,0.0922
pos,383,2.6759,-1.4158,0.2516,0.0920
pos,384,2.6890,-1.4159,0.2520,0.0918
pos,385,2.7020,-1.4159,0.2525,0.0917
pos,386,2.7150,-1.4160,0.2530,0.0915
pos,387,2.7279,-1.4161,0.2536,0.0913
pos,388,2.7407,-1.4163,0.2541,0.0912
pos,389,2.7534,-1.4164,0.2547,0.0910
pos,390,2.7658,-1.4166,0.2553,0.0909
pos,391,2.7780,-1.4168,0.2559,0.0908
pos,392,2.7901,-1.4170,0.2565,0.0907
pos,393,2.8019,-1.4172,0.2572,0.0906
pos,394,2.8137,-1.4174,0.2578,0.0904
pos,395,2.8251,-1.4177,0.2585,0.0904
pos,396,2.8363,-1.4180,0.2592,0.0903
pos,397,2.8471,-1.4182,0.2599,0.0902
pos,398,2.8577,-1.4185,0.2607,0.0901
pos,399,2.8680,-1.4189,0.2614,0.0900
pos,400,2.8781,-1.4192,0.2622,0.0899
pos,401,2.8879,-1.4195,0.2629,0.0898
pos,402,2.8974,-1.4199,0.2637,0.0898
pos,403,2.9067,-1.4203,0.2645,0.0897
pos,404,2.9157,-1.4207,0.2654,0.0897
pos,405,2.9245,-1.4211,0.2662,0.0896
pos,406,2.9331,-1.4215,0.2670,0.0896
pos,407,2.9414,-1.4219,0.2679,0.0895
pos,408,2.9494,-1.4224,0.2688,0.0895
pos,409,2.9573,-1.4228,0.2696,0.0895
pos,410,2.9649,-1.4233,0.2705,0.0895
pos,411,2.9722,-1.4238,0.2714,0.0894
pos,412,2.9794,-1.4243,0.2723,0.0894
pos,413,2.9863,-1.4248,0.2732,0.0894
pos,414,2.9931,-1.4253,0.2742,0.0894
pos,415,2.9996,-1.4258,0.2751,0.0894
pos,416,3.0059,-1.4264,0.2760,0.0894
pos,417,3.0120,-1.4269,0.2769,0.0894
pos,418,3.0179,-1.4275,0.2779,0.0894
pos,419,3.0236,-1.4281,0.2788,0.0894
pos,420,3.0291,-1.4286,0.2797,0.0894
pos,421,3.0344,-1.4292,0.2807,0.0894
pos,422,3.0396,-1.4298,0.2816,0.0894
pos,423,3.0445,-1.4304,0.2826,0.0895
pos,424,3.0493,-1.4310,0.2835,0.0895
pos,425,3.0539,-1.4317,0.2844,0.0895
pos,426,3.0583,-1.4323,0.2854,0.0895
pos,427,3.0626,-1.4329,0.2863,0.0896
pos,428,3.0667,-1.4336,0.2872,0.0896
pos,429,3.0707,-1.4342,0.2881,0.0897
pos,430,3.0745,-1.4349,0.2890,0.0898
pos,431,3.0781,-1.4355,0.2900,0.0898
pos,432,3.0816,-1.4362,0.2909,0.0899
pos,433,3.0850,-1.4369,0.2917,0.0900
pos,434,3.0882,-1.4376,0.2926,0.0901
pos,435,3.0913,-1.4382,0.2935,0.0901
pos,436,3.0943,-1.4389,0.2944,0.0902
pos,437,3.0971,-1.4396,0.2952,0.0903
pos,438,3.0998,-1.4403,0.2961,0.0904
pos,439,3.1024,-1.4410,0.2969,0.0905
pos,440,3.1049,-1.4416,0.2977,0.0907
pos,441,3.1073,-1.4423,0.2985,0.0908
pos,442,3.1095,-1.4430,0.2993,0.0909
pos,443,3.1117,-1.4437,0.3001,0.0911
pos,444,3.1138,-1.4443,0.3009,0.0912
pos,445,3.1157,-1.4450,0.3016,0.0914
pos,446,3.1174,-1.4457,0.3024,0.0916
pos,447,3.1188,-1.4464,0.3031,0.0918
pos,448,3.1200,-1.4470,0.3038,0.0920
pos,449,3.1208,-1.4477,0.3045,0.0922
pos,450,3.1214,-1.4484,0.3052,0.0925
pos,451,3.1218,-1.4490,0.3059,0.0927
pos,452,3.1218,-1.4497,0.3066,0.0930
pos,453,3.1217,-1.4504,0.3073,0.0932
pos,454,3.1213,-1.4511,0.3080,0.0935
pos,455,3.1206,-1.4517,0.3086,0.0938
pos,456,3.1198,-1.4524,0.3093,0.0941
pos,457,3.1187,-1.4531,0.3099,0.0944
pos,458,3.1174,-1.4537,0.3105,0.0947
pos,459,3.1159,-1.4544,0.3111,0.0950
pos,460,3.1142,-1.4551,0.3116,0.0953
pos,461,3.1123,-1.4557,0.3122,0.0956
pos,462,3.1101,-1.4564,0.3127,0.0960
pos,463,3.1078,-1.4570,0.3132,0.0963
pos,464,3.1053,-1.4577,0.3137,0.0966
pos,465,3.1025,-1.4584,0.3142,0.0970
pos,466,3.0996,-1.4590,0.3147,0.0973
pos,467,3.0964,-1.4597,0.3151,0.0977
pos,468,3.0931,-1.4604,0.3156,0.0980
pos,469,3.0896,-1.4610,0.3160,0.0984
pos,470,3.0860,-1.4617,0.3164,0.0988
pos,471,3.0822,-1.4624,0.3168,0.0991
pos,472,3.0783,-1.4631,0.3171,0.0995
pos,473,3.0742,-1.4637,0.3174,0.0999
pos,474,3.0699,-1.4644,0.3177,0.1002
pos,475,3.0655,-1.4651,0.3180,0.1006
pos,476,3.0609,-1.4658,0.3183,0.1010
pos,477,3.0562,-1.4665,0.3185,0.1014
pos,478,3.0514,-1.4672,0.3187,0.1018
pos,479,3.0463,-1.4679,0.3189,0.1022
pos,480,3.0412,-1.4686,0.3191,0.1026
pos,481,3.0358,-1.4693,0.3192,0.1030
pos,482,3.0303,-1.4700,0.3194,0.1034
pos,483,3.0246,-1.4708,0.3195,0.1039
pos,484,3.0188,-1.4715,0.3196,0.1043
pos,485,3.0128,-1.4723,0.3196,0.1048
pos,486,3.0066,-1.4730,0.3197,0.1052
pos,487,3.0003,-1.4738,0.3197,0.1057
pos,488,2.9937,-1.4746,0.3197,0.1061
pos,489,2.9870,-1.4754,0.3197,0.1066
pos,490,2.9801,-1.4762,0.3197,0.1071
pos,491,2.9731,-1.4771,0.3196,0.1076
pos,492,2.9659,-1.4779,0.3195,0.1080
pos,493,2.9586,-1.4787,0.3194,0.1085
pos,494,2.9512,-1.4796,0.3193,0.1090
pos,495,2.9437,-1.4805,0.3192,0.1095
pos,496,2.9361,-1.4814,0.3190,0.1099
pos,497,2.9284,-1.4823,0.3188,0.1104
pos,498,2.9205,-1.4832,0.3186,0.1109
pos,499,2.9126,-1.4841,0.3184,0.1114
pos,500,2.9046,-1.4850,0.3182,0.1119
pos,501,2.8964,-1.4859,0.3179,0.1123
pos,502,2.8881,-1.4869,0.3176,0.1128
pos,503,2.8797,-1.4878,0.3173,0.1133
pos,504,2.8712,-1.4888,0.3170,0.1138
pos,505,2.8625,-1.4898,0.3166,0.1143
pos,506,2.8538,-1.4908,0.3162,0.1148
pos,507,2.8449,-1.4918,0.3158,0.1153
pos,508,2.8360,-1.4928,0.3154,0.1159
pos,509,2.8269,-1.4938,0.3150,0.1164
pos,510,2.8178,-1.4948,0.3145,0.1169
pos,511,2.8086,-1.4958,0.3140,0.1175
pos,512,2.7993,-1.4969,0.3135,0.1180
pos,513,2.7899,-1.4979,0.3130,0.1186
pos,514,2.7805,-1.4989,0.3124,0.1192
pos,515,2.7710,-1.5000,0.3119,0.1197
pos,516,2.7614,-1.5010,0.3113,0.1203
pos,517,2.7517,-1.5020,0.3107,0.1209
pos,518,2.7419,-1.5031,0.3100,0.1215
pos,519,2.7320,-1.5041,0.3093,0.1222
pos,520,2.7221,-1.5052,0.3087,0.1228
pos,521,2.7120,-1.5062,0.3079,0.1235
pos,522,2.7018,-1.5073,0.3072,0.1241
pos,523,2.6914,-1.5084,0.3064,0.1248
pos,524,2.6810,-1.5094,0.3057,0.1255
pos,525,2.6704,-1.5105,0.3048,0.1262
pos,526,2.6596,-1.5116,0.3040,0.1269
pos,527,2.6487,-1.5127,0.3031,0.1276
pos,528,2.6376,-1.5139,0.3022,0.1284
pos,529,2.6264,-1.5150,0.3013,0.1292
pos,530,2.6150,-1.5162,0.3004,0.1299
pos,531,2.6034,-1.5173,0.2994,0.1307
pos,532,2.5916,-1.5185,0.2984,0.1315
pos,533,2.5798,-1.5197,0.2973,0.1324
pos,534,2.5679,-1.5209,0.2963,0.1332
pos,535,2.5559,-1.5221,0.2952,0.1341
pos,536,2.5439,-1.5232,0.2941,0.1349
pos,537,2.5318,-1.5244,0.2930,0.1358
pos,538,2.5196,-1.5256,0.2918,0.1367
pos,539,2.5073,-1.5267,0.2906,0.1377
pos,540,2.4949,-1.5279,0.2894,0.1386
pos,541,2.4824,-1.5290,0.2882,0.1396
pos,542,2.4698,-1.5302,0.2870,0.1406
pos,543,2.4570,-1.5313,0.2857,0.1416
pos,544,2.4442,-1.5325,0.2844,0.1426
pos,545,2.4314,-1.5336,0.2830,0.1437
pos,546,2.4185,-1.5347,0.2817,0.1448
pos,547,2.4056,-1.5358,0.2803,0.1460
pos,548,2.3926,-1.5369,0.2789,0.1472
pos,549,2.3795,-1.5380,0.2775,0.1484
pos,550,2.3665,-1.5391,0.2760,0.1497
pos,551,2.3534,-1.5401,0.2745,0.1510
pos,552,2.3403,-1.5411,0.2730,0.1524
pos,553,2.3271,-1.5421,0.2715,0.1538
pos,554,2.3140,-1.5431,0.2699,0.1552
pos,555,2.3007,-1.5441,0.2683,0.1567
pos,556,2.2875,-1.5450,0.2666,0.1583
pos,557,2.2742,-1.5460,0.2649,0.1599
pos,558,2.2608,-1.5469,0.2632,0.1616
pos,559,2.2473,-1.5478,0.2615,0.1633
pos,560,2.2338,-1.5487,0.2597,0.1651
pos,561,2.2201,-1.5496,0.2578,0.1669
pos,562,2.2063,-1.5505,0.2560,0.1688
pos,563,2.1926,-1.5514,0.2540,0.1707
pos,564,2.1788,-1.5522,0.2521,0.1727
pos,565,2.1650,-1.5530,0.2501,0.1748
pos,566,2.1512,-1.5538,0.2481,0.1770
pos,567,2.1374,-1.5546,0.2461,0.1793
pos,568,2.1236,-1.5553,0.2440,0.1816
pos,569,2.1097,-1.5561,0.2419,0.1840
pos,570,2.0957,-1.5568,0.2398,0.1865
pos,571,2.0817,-1.5575,0.2376,0.1890
pos,572,2.0677,-1.5581,0.2354,0.1917
pos,573,2.0535,-1.5588,0.2331,0.1944
pos,574,2.0393,-1.5595,0.2308,0.1973
pos,575,2.0249,-1.5601,0.2284,0.2002
pos,576,2.0104,-1.5607,0.2260,0.2033
pos,577,1.9959,-1.5613,0.2236,0.2064
pos,578,1.9811,-1.5620,0.2211,0.2096
pos,579,1.9663,-1.5626,0.2185,0.2130
pos,580,1.9513,-1.5632,0.2159,0.2164
pos,581,1.9361,-1.5638,0.2133,0.2200
pos,582,1.9208,-1.5644,0.2106,0.2237
pos,583,1.9055,-1.5650,0.2079,0.2275
pos,584,1.8902,-1.5656,0.2052,0.2314
pos,585,1.8749,-1.5661,0.2025,0.2355
pos,586,1.8597,-1.5666,0.1999,0.2397
pos,587,1.8445,-1.5671,0.1972,0.2441
pos,588,1.8293,-1.5676,0.1946,0.2486
pos,589,1.8142,-1.5680,0.1920,0.2533
pos,590,1.7990,-1.5684,0.1894,0.2581
pos,591,1.7838,-1.5688,0.1869,0.2630
pos,592,1.7686,-1.5692,0.1843,0.2682
pos,593,1.7534,-1.5696,0.1818,0.2735
pos,594,1.7381,-1.5699,0.1792,0.2790
pos,595,1.7228,-1.5703,0.1767,0.2847
pos,596,1.7074,-1.5706,0.1742,0.2905
pos,597,1.6920,-1.5710,0.1717,0.2966
pos,598,1.6765,-1.5713,0.1692,0.3028
pos,599,1.6608,-1.5716,0.1667,0.3092
pos,600,1.6451,-1.5720,0.1641,0.3159
pos,601,1.6293,-1.5723,0.1616,0.3227
pos,602,1.6135,-1.5727,0.1591,0.3298
pos,603,1.5978,-1.5730,0.1567,0.3371
pos,604,1.5822,-1.5733,0.1544,0.3446
pos,605,1.5666,-1.5736,0.1521,0.3524
pos,606,1.5512,-1.5739,0.1498,0.3604
pos,607,1.5358,-1.5742,0.1477,0.3686
pos,608,1.5204,-1.5745,0.1455,0.3771
pos,609,1.5051,-1.5748,0.1435,0.3859
pos,610,1.4899,-1.5752,0.1414,0.3949
pos,611,1.4748,-1.5755,0.1395,0.4041
pos,612,1.4598,-1.5758,0.1376,0.4136
pos,613,1.4448,-1.5761,0.1357,0.4234
pos,614,1.4299,-1.5765,0.1339,0.4335
pos,615,1.4150,-1.5769,0.1322,0.4439
pos,616,1.4002,-1.5773,0.1305,0.4545
pos,617,1.3854,-1.5777,0.1288,0.4655
pos,618,1.3707,-1.5782,0.1272,0.4768
pos,619,1.3559,-1.5787,0.1256,0.4883
pos,620,1.3412,-1.5792,0.1241,0.5002
pos,621,1.3266,-1.5797,0.1226,0.5123
pos,622,1.3121,-1.5804,0.1211,0.5248
pos,623,1.2978,-1.5810,0.1197,0.5375
pos,624,1.2837,-1.5817,0.1184,0.5505
pos,625,1.2697,-1.5824,0.1171,0.5637
pos,626,1.2559,-1.5831,0.1158,0.5769
pos,627,1.2423,-1.5838,0.1146,0.5903
pos,628,1.2289,-1.5845,0.1135,0.6037
pos,629,1.2157,-1.5853,0.1124,0.6172
pos,630,1.2026,-1.5861,0.1113,0.6307
pos,631,1.1897,-1.5868,0.1103,0.6444
pos,632,1.1770,-1.5876,0.1093,0.6582
pos,633,1.1645,-1.5884,0.1084,0.6720
pos,634,1.1520,-1.5892,0.1075,0.6861
pos,635,1.1397,-1.5901,0.1067,0.7002
pos,636,1.1276,-1.5909,0.1059,0.7145
pos,637,1.1156,-1.5918,0.1052,0.7290
pos,638,1.1037,-1.5926,0.1045,0.7436
pos,639,1.0919,-1.5935,0.1039,0.7584
pos,640,1.0802,-1.5944,0.1032,0.7734
pos,641,1.0686,-1.5953,0.1027,0.7887
pos,642,1.0571,-1.5963,0.1021,0.8040
pos,643,1.0457,-1.5975,0.1016,0.8194
pos,644,1.0344,-1.5987,0.1010,0.8350
pos,645,1.0232,-1.6001,0.1004,0.8506
pos,646,1.0120,-1.6016,0.0999,0.8664
pos,647,1.0010,-1.6032,0.0993,0.8822
pos,648,0.9901,-1.6049,0.0988,0.8982
pos,649,0.9792,-1.6067,0.0982,0.9143
pos,650,0.9685,-1.6086,0.0976,0.9305
pos,651,0.9579,-1.6107,0.0971,0.9467
pos,652,0.9474,-1.6128,0.0965,0.9631
pos,653,0.9370,-1.6150,0.0959,0.9796
pos,654,0.9267,-1.6174,0.0954,0.9962
pos,655,0.9165,-1.6198,0.0948,1.0128
pos,656,0.9065,-1.6224,0.0942,1.0296
pos,657,0.8966,-1.6250,0.0937,1.0465
pos,658,0.8868,-1.6278,0.0931,1.0634
pos,659,0.8771,-1.6306,0.0925,1.0805
pos,660,0.8675,-1.6336,0.0920,1.0976
pos,661,0.8581,-1.6366,0.0914,1.1149
pos,662,0.8489,-1.6397,0.0909,1.1322
pos,663,0.8397,-1.6429,0.0903,1.1496
pos,664,0.8307,-1.6463,0.0897,1.1671
pos,665,0.8219,-1.6496,0.0892,1.1847
pos,666,0.8132,-1.6531,0.0886,1.2024
pos,667,0.8046,-1.6567,0.0880,1.2202
pos,668,0.7962,-1.6603,0.0875,1.2380
pos,669,0.7879,-1.6640,0.0869,1.2559
pos,670,0.7798,-1.6678,0.0863,1.2739
pos,671,0.7718,-1.6717,0.0858,1.2920
pos,672,0.7640,-1.6756,0.0852,1.3102
pos,673,0.7564,-1.6796,0.0847,1.3284
pos,674,0.7489,-1.6837,0.0841,1.3467
pos,675,0.7415,-1.6878,0.0835,1.3651
pos,676,0.7344,-1.6920,0.0830,1.3835
pos,677,0.7274,-1.6962,0.0824,1.4021
pos,678,0.7205,-1.7005,0.0819,1.4206
pos,679,0.7139,-1.7049,0.0813,1.4393
pos,680,0.7074,-1.7093,0.0807,1.4580
pos,681,0.7011,-1.7137,0.0802,1.4767
pos,682,0.6949,-1.7182,0.0796,1.4955
pos,683,0.6889,-1.7227,0.0791,1.5144
pos,684,0.6831,-1.7273,0.0785,1.5333
pos,685,0.6775,-1.7319,0.0779,1.5523
pos,686,0.6721,-1.7365,0.0774,1.5713
pos,687,0.6668,-1.7410,0.0768,1.5904
pos,688,0.6618,-1.7453,0.0763,1.6095
pos,689,0.6569,-1.7494,0.0757,1.6286
pos,690,0.6522,-1.7534,0.0752,1.6478
pos,691,0.6477,-1.7572,0.0746,1.6670
pos,692,0.6433,-1.7609,0.0740,1.6862
pos,693,0.6392,-1.7643,0.0735,1.7055
pos,694,0.6351,-1.7677,0.0729,1.7247
pos,695,0.6312,-1.7708,0.0724,1.7440
pos,696,0.6275,-1.7738,0.0718,1.7633
pos,697,0.6239,-1.7766,0.0713,1.7826
pos,698,0.6204,-1.7793,0.0707,1.8019
pos,699,0.6170,-1.7818,0.0702,1.8212
pos,700,0.6138,-1.7842,0.0696,1.8405
pos,701,0.6106,-1.7864,0.0691,1.8598
pos,702,0.6076,-1.7884,0.0686,1.8791
pos,703,0.6047,-1.7903,0.0680,1.8984
pos,704,0.6019,-1.7920,0.0675,1.9176
pos,705,0.5992,-1.7936,0.0669,1.9368
pos,706,0.5965,-1.7950,0.0664,1.9561
pos,707,0.5940,-1.7963,0.0658,1.9753
pos,708,0.5915,-1.7975,0.0653,1.9944
pos,709,0.5891,-1.7985,0.0648,2.0136
pos,710,0.5867,-1.7993,0.0642,2.0327
pos,711,0.5844,-1.8000,0.0637,2.0518
pos,712,0.5822,-1.8006,0.0631,2.0708
pos,713,0.5801,-1.8011,0.0626,2.0898
pos,714,0.5780,-1.8014,0.0621,2.1088
pos,715,0.5759,-1.8015,0.0615,2.1277
pos,716,0.5739,-1.8016,0.0610,2.1466
pos,717,0.5719,-1.8015,0.0605,2.1654
pos,718,0.5700,-1.8013,0.0600,2.1842
pos,719,0.5681,-1.8010,0.0594,2.2029
pos,720,0.5662,-1.8005,0.0589,2.2215
pos,721,0.5644,-1.8000,0.0584,2.2401
pos,722,0.5626,-1.7993,0.0579,2.2586
pos,723,0.5608,-1.7985,0.0573,2.2770
pos,724,0.5591,-1.7976,0.0568,2.2952
pos,725,0.5573,-1.7966,0.0563,2.3134
pos,726,0.5556,-1.7956,0.0558,2.3314
pos,727,0.5539,-1.7944,0.0553,2.3492
pos,728,0.5522,-1.7931,0.0548,2.3669
pos,729,0.5506,-1.7918,0.0543,2.3844
pos,730,0.5489,-1.7904,0.0538,2.4018
pos,731,0.5473,-1.7889,0.0533,2.4189
pos,732,0.5457,-1.7874,0.0529,2.4359
pos,733,0.5440,-1.7858,0.0524,2.4526
pos,734,0.5424,-1.7841,0.0519,2.4691
pos,735,0.5408,-1.7824,0.0514,2.4853
pos,736,0.5392,-1.7806,0.0510,2.5013
pos,737,0.5376,-1.7788,0.0505,2.5171
pos,738,0.5360,-1.7769,0.0501,2.5326
pos,739,0.5344,-1.7751,0.0497,2.5478
pos,740,0.5329,-1.7732,0.0492,2.5628
pos,741,0.5315,-1.7714,0.0488,2.5775
pos,742,0.5301,-1.7696,0.0484,2.5919
pos,743,0.5287,-1.7678,0.0480,2.6060
pos,744,0.5274,-1.7660,0.0476,2.6199
pos,745,0.5262,-1.7642,0.0472,2.6335
pos,746,0.5249,-1.7624,0.0469,2.6468
pos,747,0.5238,-1.7607,0.0465,2.6597
pos,748,0.5226,-1.7589,0.0461,2.6725
pos,749,0.5215,-1.7572,0.0458,2.6849
pos,750,0.5205,-1.7555,0.0454,2.6970
pos,751,0.5194,-1.7538,0.0451,2.7089
pos,752,0.5185,-1.7522,0.0447,2.7204
pos,753,0.5175,-1.7506,0.0444,2.7317
pos,754,0.5166,-1.7489,0.0441,2.7428
pos,755,0.5157,-1.7473,0.0438,2.7535
pos,756,0.5149,-1.7458,0.0435,2.7640
pos,757,0.5140,-1.7442,0.0432,2.7742
pos,758,0.5133,-1.7427,0.0429,2.7841
pos,759,0.5125,-1.7412,0.0426,2.7938
pos,760,0.5118,-1.7397,0.0424,2.8033
pos,761,0.5111,-1.7383,0.0421,2.8124
pos,762,0.5104,-1.7368,0.0418,2.8214
pos,763,0.5097,-1.7354,0.0416,2.8301
pos,764,0.5091,-1.7340,0.0413,2.8386
pos,765,0.5085,-1.7327,0.0411,2.8468
pos,766,0.5079,-1.7313,0.0409,2.8548
pos,767,0.5074,-1.7300,0.0406,2.8626
pos,768,0.5068,-1.7287,0.0404,2.8701
pos,769,0.5063,-1.7274,0.0402,2.8775
pos,770,0.5058,-1.7262,0.0400,2.8846
pos,771,0.5053,-1.7250,0.0398,2.8916
pos,772,0.5049,-1.7238,0.0396,2.8983
pos,773,0.5044,-1.7226,0.0394,2.9049
pos,774,0.5040,-1.7214,0.0392,2.9113
pos,775,0.5036,-1.7203,0.0390,2.9174
pos,776,0.5032,-1.7192,0.0389,2.9234
pos,777,0.5028,-1.7181,0.0387,2.9293
pos,778,0.5024,-1.7170,0.0385,2.9349
pos,779,0.5021,-1.7159,0.0384,2.9404
pos,780,0.5017,-1.7149,0.0382,2.9458
pos,781,0.5014,-1.7139,0.0381,2.9509
pos,782,0.5011,-1.7129,0.0379,2.9560
pos,783,0.5008,-1.7119,0.0378,2.9608
pos,784,0.5005,-1.7110,0.0376,2.9656
pos,785,0.5002,-1.7101,0.0375,2.9702
pos,786,0.4999,-1.7092,0.0374,2.9746
pos,787,0.4997,-1.7083,0.0372,2.9790
pos,788,0.4994,-1.7074,0.0371,2.9831
pos,789,0.4992,-1.7065,0.0370,2.9872
pos,790,0.4990,-1.7057,0.0369,2.9912
pos,791,0.4987,-1.7049,0.0368,2.9950
pos,792,0.4985,-1.7041,0.0367,2.9987
pos,793,0.4983,-1.7033,0.0365,3.0023
pos,794,0.4981,-1.7025,0.0364,3.0058
pos,795,0.4979,-1.7018,0.0363,3.0092
pos,796,0.4977,-1.7010,0.0362,3.0125
pos,797,0.4975,-1.7003,0.0361,3.0157
pos,798,0.4974,-1.6996,0.0361,3.0188
pos,799,0.4972,-1.6989,0.0360,3.0218
pos,800,0.4970,-1.6982,0.0359,3.0247
pos,801,0.4969,-1.6976,0.0358,3.0275
pos,802,0.4967,-1.6969,0.0357,3.0302
pos,803,0.4966,-1.6963,0.0356,3.0329
pos,804,0.4964,-1.6957,0.0356,3.0355
pos,805,0.4963,-1.6951,0.0355,3.0379
pos,806,0.4962,-1.6945,0.0354,3.0404
pos,807,0.4960,-1.6939,0.0353,3.0427
pos,808,0.4959,-1.6933,0.0353,3.0450
pos,809,0.4958,-1.6928,0.0352,3.0472
pos,810,0.4957,-1.6922,0.0351,3.0493
pos,811,0.4956,-1.6917,0.0351,3.0514
pos,812,0.4955,-1.6912,0.0350,3.0534
pos,813,0.4954,-1.6907,0.0350,3.0554
pos,814,0.4953,-1.6902,0.0349,3.0572
pos,815,0.4952,-1.6897,0.0348,3.0591
pos,816,0.4951,-1.6893,0.0348,3.0608
pos,817,0.4950,-1.6888,0.0347,3.0626
pos,818,0.4949,-1.6883,0.0347,3.0642
pos,819,0.4948,-1.6879,0.0346,3.0658
pos,820,0.4947,-1.6875,0.0346,3.0674
pos,821,0.4947,-1.6871,0.0345,3.0689
pos,822,0.4946,-1.6866,0.0345,3.0704
pos,823,0.4945,-1.6862,0.0345,3.0718
pos,824,0.4944,-1.6859,0.0344,3.0732
pos,825,0.4944,-1.6855,0.0344,3.0746
pos,826,0.4943,-1.6851,0.0343,3.0759
pos,827,0.4943,-1.6847,0.0343,3.0771
pos,828,0.4942,-1.6844,0.0343,3.0783
pos,829,0.4941,-1.6840,0.0342,3.0795
pos,830,0.4941,-1.6837,0.0342,3.0807
pos,831,0.4940,-1.6834,0.0341,3.0818
pos,832,0.4940,-1.6830,0.0341,3.0829
pos,833,0.4939,-1.6827,0.0341,3.0839
pos,834,0.4939,-1.6824,0.0340,3.0849
pos,835,0.4938,-1.6821,0.0340,3.0859
pos,836,0.4938,-1.6818,0.0340,3.0869
pos,837,0.4937,-1.6815,0.0340,3.0878
pos,838,0.4937,-1.6813,0.0339,3.0887
pos,839,0.4936,-1.6810,0.0339,3.0896
pos,840,0.4936,-1.6807,0.0339,3.0904
pos,841,0.4936,-1.6805,0.0339,3.0912
pos,842,0.4935,-1.6802,0.0338,3.0920
pos,843,0.4935,-1.6800,0.0338,3.0928
pos,844,0.4935,-1.6797,0.0338,3.0935
pos,845,0.4934,-1.6795,0.0338,3.0942
pos,846,0.4934,-1.6792,0.0337,3.0949
pos,847,0.4934,-1.6790,0.0337,3.0956
pos,848,0.4933,-1.6788,0.0337,3.0963
pos,849,0.4933,-1.6786,0.0337,3.0969
pos,850,0.4933,-1.6784,0.0337,3.0975
pos,851,0.4932,-1.6782,0.0336,3.0981
pos,852,0.4932,-1.6780,0.0336,3.0987
pos,853,0.4932,-1.6778,0.0336,3.0992
pos,854,0.4932,-1.6776,0.0336,3.0998
pos,855,0.4931,-1.6774,0.0336,3.1003
pos,856,0.4931,-1.6772,0.0335,3.1008
pos,857,0.4931,-1.6770,0.0335,3.1013
pos,858,0.4931,-1.6769,0.0335,3.1018
pos,859,0.4931,-1.6767,0.0335,3.1023
pos,860,0.4930,-1.6765,0.0335,3.1027
pos,861,0.4930,-1.6764,0.0335,3.1031
pos,862,0.4930,-1.6762,0.0335,3.1036
pos,863,0.4930,-1.6761,0.0334,3.1040
pos,864,0.4930,-1.6759,0.0334,3.1044
pos,865,0.4929,-1.6758,0.0334,3.1048
pos,866,0.4929,-1.6756,0.0334,3.1051
pos,867,0.4929,-1.6755,0.0334,3.1055
pos,868,0.4929,-1.6754,0.0334,3.1058
pos,869,0.4929,-1.6752,0.0334,3.1062
pos,870,0.4929,-1.6751,0.0334,3.1065
pos,871,0.4928,-1.6750,0.0333,3.1068
pos,872,0.4928,-1.6749,0.0333,3.1071
pos,873,0.4928,-1.6747,0.0333,3.1074
pos,874,0.4928,-1.6746,0.0333,3.1077
pos,875,0.4928,-1.6745,0.0333,3.1080
pos,876,0.4928,-1.6744,0.0333,3.1083
pos,877,0.4928,-1.6743,0.0333,3.1085
pos,878,0.4928,-1.6742,0.0333,3.1088
pos,879,0.4927,-1.6741,0.0333,3.1090
pos,880,0.4927,-1.6740,0.0333,3.1093
pos,881,0.4927,-1.6739,0.0333,3.1095
pos,882,0.4927,-1.6738,0.0333,3.1097
pos,883,0.4927,-1.6737,0.0332,3.1100
pos,884,0.4927,-1.6736,0.0332,3.1102
pos,885,0.4927,-1.6735,0.0332,3.1104
pos,886,0.4927,-1.6734,0.0332,3.1106
pos,887,0.4927,-1.6734,0.0332,3.1108
pos,888,0.4927,-1.6733,0.0332,3.1110
pos,889,0.4927,-1.6732,0.0332,3.1111
pos,890,0.4926,-1.6731,0.0332,3.1113
pos,891,0.4926,-1.6730,0.0332,3.1115
pos,892,0.4926,-1.6730,0.0332,3.1117
pos,893,0.4926,-1.6729,0.0332,3.1118
pos,894,0.4926,-1.6728,0.0332,3.1120
pos,895,0.4926,-1.6728,0.0332,3.1121
pos,896,0.4926,-1.6727,0.0332,3.1123
pos,897,0.4926,-1.6726,0.0332,3.1124
pos,898,0.4926,-1.6726,0.0332,3.1125
pos,899,0.4926,-1.6725,0.0332,3.1127
pos,900,0.4926,-1.6725,0.0331,3.1128
pos,901,0.4926,-1.6724,0.0331,3.1129
pos,902,0.4926,-1.6723,0.0331,3.1130
pos,903,0.4926,-1.6723,0.0331,3.1132
pos,904,0.4926,-1.6722,0.0331,3.1133
pos,905,0.4926,-1.6722,0.0331,3.1134
pos,906,0.4925,-1.6721,0.0331,3.1135
pos,907,0.4925,-1.6721,0.0331,3.1136
pos,908,0.4925,-1.6720,0.0331,3.1137
pos,909,0.4925,-1.6720,0.0331,3.1138
pos,910,0.4925,-1.6719,0.0331,3.1139
pos,911,0.4925,-1.6719,0.0331,3.1140
pos,912,0.4925,-1.6718,0.0331,3.1141
pos,913,0.4925,-1.6718,0.0331,3.1141
pos,914,0.4925,-1.6718,0.0331,3.1142
pos,915,0.4925,-1.6717,0.0331,3.1143
pos,916,0.4925,-1.6717,0.0331,3.1144
pos,917,0.4925,-1.6716,0.0331,3.1145
pos,918,0.4925,-1.6716,0.0331,3.1145
pos,919,0.4925,-1.6716,0.0331,3.1146
pos,920,0.4925,-1.6715,0.0331,3.1147
pos,921,0.4925,-1.6715,0.0331,3.1147
pos,922,0.4925,-1.6715,0.0331,3.1148
pos,923,0.4925,-1.6714,0.0331,3.1149
pos,924,0.4925,-1.6714,0.0331,3.1149
pos,925,0.4925,-1.6714,0.0331,3.1150
pos,926,0.4925,-1.6713,0.0331,3.1150
pos,927,0.4925,-1.6713,0.0331,3.1151
pos,928,0.4925,-1.6713,0.0331,3.1151
pos,929,0.4925,-1.6712,0.0331,3.1152
pos,930,0.4925,-1.6712,0.0331,3.1152
pos,931,0.4925,-1.6712,0.0331,3.1153
pos,932,0.4925,-1.6712,0.0331,3.1153
pos,933,0.4925,-1.6711,0.0331,3.1154
pos,934,0.4925,-1.6711,0.0331,3.1154
pos,935,0.4925,-1.6711,0.0331,3.1155
pos,936,0.4925,-1.6711,0.0331,3.1155
pos,937,0.4925,-1.6710,0.0330,3.1155
pos,938,0.4925,-1.6710,0.0330,3.1156
pos,939,0.4925,-1.6710,0.0330,3.1156
pos,940,0.4925,-1.6710,0.0330,3.1156
pos,941,0.4925,-1.6710,0.0330,3.1157
pos,942,0.4924,-1.6709,0.0330,3.1157
pos,943,0.4924,-1.6709,0.0330,3.1157
pos,944,0.4924,-1.6709,0.0330,3.1158
pos,945,0.4924,-1.6709,0.0330,3.1158
pos,946,0.4924,-1.6709,0.0330,3.1158
pos,947,0.4924,-1.6708,0.0330,3.1159
pos,948,0.4924,-1.6708,0.0330,3.1159
pos,949,0.4924,-1.6708,0.0330,3.1159
pos,950,0.4924,-1.6708,0.0330,3.1160
pos,951,0.4924,-1.6708,0.0330,3.1160
pos,952,0.4924,-1.6708,0.0330,3.1160
pos,953,0.4924,-1.6707,0.0330,3.1160
pos,954,0.4924,-1.6707,0.0330,3.1160
pos,955,0.4924,-1.6707,0.0330,3.1161
pos,956,0.4924,-1.6707,0.0330,3.1161
pos,957,0.4924,-1.6707,0.0330,3.1161
pos,958,0.4924,-1.6707,0.0330,3.1161
pos,959,0.4924,-1.6707,0.0330,3.1162
pos,960,0.4924,-1.6707,0.0330,3.1162
pos,961,0.4924,-1.6706,0.0330,3.1162
pos,962,0.4924,-1.6706,0.0330,3.1162
pos,963,0.4924,-1.6706,0.0330,3.1162
pos,964,0.4924,-1.6706,0.0330,3.1162
pos,965,0.4924,-1.6706,0.0330,3.1163
pos,966,0.4924,-1.6706,0.0330,3.1163
pos,967,0.4924,-1.6706,0.0330,3.1163
pos,968,0.4924,-1.6706,0.0330,3.1163
pos,969,0.4924,-1.6706,0.0330,3.1163
pos,970,0.4924,-1.6705,0.0330,3.1163
pos,971,0.4924,-1.6705,0.0330,3.1163
pos,972,0.4924,-1.6705,0.0330,3.1164
pos,973,0.4924,-1.6705,0.0330,3.1164
pos,974,0.4924,-1.6705,0.0330,3.1164
pos,975,0.4924,-1.6705,0.0330,3.1164
pos,976,0.4924,-1.6705,0.0330,3.1164
pos,977,0.4924,-1.6705,0.0330,3.1164
pos,978,0.4924,-1.6705,0.0330,3.1164
pos,979,0.4924,-1.6705,0.0330,3.1164
pos,980,0.4924,-1.6705,0.0330,3.1164
pos,981,0.4924,-1.6705,0.0330,3.1165
pos,982,0.4924,-1.6705,0.0330,3.1165
pos,983,0.4924,-1.6704,0.0330,3.1165
pos,984,0.4924,-1.6704,0.0330,3.1165
pos,985,0.4924,-1.6704,0.0330,3.1165
pos,986,0.4924,-1.6704,0.0330,3.1165
pos,987,0.4924,-1.6704,0.0330,3.1165
pos,988,0.4924,-1.6704,0.0330,3.1165
pos,989,0.4924,-1.6704,0.0330,3.1165
pos,990,0.4924,-1.6704,0.0330,3.1165
pos,991,0.4924,-1.6704,0.0330,3.1165
pos,992,0.4924,-1.6704,0.0330,3.1165
pos,993,0.4924,-1.6704,0.0330,3.1165
pos,994,0.4924,-1.6704,0.0330,3.1166
pos,995,0.4924,-1.6704,0.0330,3.1166
pos,996,0.4924,-1.6704,0.0330,3.1166
pos,997,0.4924,-1.6704,0.0330,3.1166
pos,998,0.4924,-1.6704,0.0330,3.1166
pos,999,0.4924,-1.6704,0.0330,3.1166
pos,1000,0.4924,-1.6704,0.0330,3.1166
pos,1001,0.4924,-1.6703,0.0330,3.1166
pos,1002,0.4924,-1.6703,0.0330,3.1166
pos,1003,0.4924,-1.6703,0.0330,3.1166
pos,1004,0.4924,-1.6703,0.0330,3.1166
pos,1005,0.4924,-1.6703,0.0330,3.1166
pos,1006,0.4924,-1.6703,0.0330,3.1166
pos,1007,0.4924,-1.6703,0.0330,3.1166
pos,1008,0.4924,-1.6703,0.0330,3.1166
pos,1009,0.4924,-1.6703,0.0330,3.1166
pos,1010,0.4924,-1.6703,0.0330,3.1166
pos,1011,0.4924,-1.6703,0.0330,3.1166
pos,1012,0.4924,-1.6703,0.0330,3.1166
pos,1013,0.4924,-1.6703,0.0330,3.1166
pos,1014,0.4924,-1.6703,0.0330,3.1166
pos,1015,0.4924,-1.6703,0.0330,3.1166
pos,1016,0.4924,-1.6703,0.0330,3.1166
pos,1017,0.4924,-1.6703,0.0330,3.1167
pos,1018,0.4924,-1.6703,0.0330,3.1167
pos,1019,0.4924,-1.6703,0.0330,3.1167
pos,1020,0.4924,-1.6703,0.0330,3.1167
pos,1021,0.4924,-1.6703,0.0330,3.1167
pos,1022,0.4924,-1.6703,0.0330,3.1167
pos,1023,0.4924,-1.6703,0.0330,3.1167
pos,1024,0.4924,-1.6703,0.0330,3.1167
pos,1025,0.4924,-1.6703,0.0330,3.1167
pos,1026,0.4924,-1.6703,0.0330,3.1167
pos,1027,0.4924,-1.6703,0.0330,3.1167
pos,1028,0.4924,-1.6703,0.0330,3.1167
pos,1029,0.4924,-1.6703,0.0330,3.1167
pos,1030,0.4924,-1.6703,0.0330,3.1167
pos,1031,0.4924,-1.6703,0.0330,3.1167
pos,1032,0.4924,-1.6703,0.0330,3.1167
pos,1033,0.4924,-1.6703,0.0330,3.1167
pos,1034,0.4924,-1.6703,0.0330,3.1167
pos,1035,0.4924,-1.6703,0.0330,3.1167
pos,1036,0.4924,-1.6703,0.0330,3.1167
pos,1037,0.4924,-1.6703,0.0330,3.1167
pos,1038,0.4924,-1.6703,0.0330,3.1167
pos,1039,0.4924,-1.6703,0.0330,3.1167
pos,1040,0.4924,-1.6703,0.0330,3.1167
pos,1041,0.4924,-1.6702,0.0330,3.1167
pos,1042,0.4924,-1.6702,0.0330,3.1167
pos,1043,0.4924,-1.6702,0.0330,3.1167
pos,1044,0.4924,-1.6702,0.0330,3.1167
pos,1045,0.4924,-1.6702,0.0330,3.1167
pos,1046,0.4924,-1.6702,0.0330,3.1167
pos,1047,0.4924,-1.6702,0.0330,3.1167
pos,1048,0.4924,-1.6702,0.0330,3.1167
pos,1049,0.4924,-1.6702,0.0330,3.1167
pos,1050,0.4924,-1.6702,0.0330,3.1167
pos,1051,0.4924,-1.6702,0.0330,3.1167
pos,1052,0.4924,-1.6702,0.0330,3.1167
pos,1053,0.4924,-1.6702,0.0330,3.1167
pos,1054,0.4924,-1.6702,0.0330,3.1167
pos,1055,0.4924,-1.6702,0.0330,3.1167
pos,1056,0.4924,-1.6702,0.0330,3.1167
pos,1057,0.4924,-1.6702,0.0330,3.1167
pos,1058,0.4924,-1.6702,0.0330,3.1167
pos,1059,0.4924,-1.6702,0.0330,3.1167
pos,1060,0.4924,-1.6702,0.0330,3.1167
pos,1061,0.4924,-1.6702,0.0330,3.1167
pos,1062,0.4924,-1.6702,0.0330,3.1167
pos,1063,0.4924,-1.6702,0.0330,3.1167
pos,1064,0.4924,-1.6702,0.0330,3.1167
pos,1065,0.4924,-1.6702,0.0330,3.1167
pos,1066,0.4924,-1.6702,0.0330,3.1167
pos,1067,0.4924,-1.6702,0.0330,3.1167
pos,1068,0.4924,-1.6702,0.0330,3.1167
pos,1069,0.4924,-1.6702,0.0330,3.1167
pos,1070,0.4924,-1.6702,0.0330,3.1167
pos,1071,0.4924,-1.6702,0.0330,3.1167
pos,1072,0.4924,-1.6702,0.0330,3.1167
pos,1073,0.4924,-1.6702,0.0330,3.1167
pos,1074,0.4924,-1.6702,0.0330,3.1167
pos,1075,0.4924,-1.6702,0.0330,3.1167
pos,1076,0.4924,-1.6702,0.0330,3.1167
pos,1077,0.4924,-1.6702,0.0330,3.1167
pos,1078,0.4924,-1.6702,0.0330,3.1167
pos,1079,0.4924,-1.6702,0.0330,3.1167
pos,1080,0.4924,-1.6702,0.0330,3.1167
pos,1081,0.4924,-1.6702,0.0330,3.1167
pos,1082,0.4924,-1.6702,0.0330,3.1167
pos,1083,0.4924,-1.6702,0.0330,3.1167
pos,1084,0.4924,-1.6702,0.0330,3.1167
pos,1085,0.4924,-1.6702,0.0330,3.1167
pos,1086,0.4924,-1.6702,0.0330,3.1167
pos,1087,0.4924,-1.6702,0.0330,3.1167
pos,1088,0.4924,-1.6702,0.0330,3.1167
pos,1089,0.4924,-1.6702,0.0330,3.1167
pos,1090,0.4924,-1.6702,0.0330,3.1167
pos,1091,0.4924,-1.6702,0.0330,3.1167
pos,1092,0.4924,-1.6702,0.0330,3.1167
pos,1093,0.4924,-1.6702,0.0330,3.1167
pos,1094,0.4924,-1.6702,0.0330,3.1167
pos,1095,0.4924,-1.6702,0.0330,3.1167
pos,1096,0.4924,-1.6702,0.0330,3.1167
pos,1097,0.4924,-1.6702,0.0330,3.1167
pos,1098,0.4924,-1.6702,0.0330,3.1167
pos,1099,0.4924,-1.6702,0.0330,3.1167
pos,1100,0.4924,-1.6702,0.0330,3.1167
pos,1101,0.4924,-1.6702,0.0330,3.1167
pos,1102,0.4924,-1.6702,0.0330,3.1167
pos,1103,0.4924,-1.6702,0.0330,3.1167
pos,1104,0.4924,-1.6702,0.0330,3.1167
pos,1105,0.4924,-1.6702,0.0330,3.1167
pos,1106,0.4924,-1.6702,0.0330,3.1167
pos,1107,0.4924,-1.6702,0.0330,3.1167
pos,1108,0.4924,-1.6702,0.0330,3.1167
pos,1109,0.4924,-1.6702,0.0330,3.1167
pos,1110,0.4924,-1.6702,0.0330,3.1167
pos,1111,0.4924,-1.6702,0.0330,3.1167
pos,1112,0.4924,-1.6702,0.0330,3.1167
pos,1113,0.4924,-1.6702,0.0330,3.1167
pos,1114,0.4924,-1.6702,0.0330,3.1167
pos,1115,0.4924,-1.6702,0.0330,3.1167
pos,1116,0.4924,-1.6702,0.0330,3.1167
pos,1117,0.4924,-1.6702,0.0330,3.1167
pos,1118,0.4924,-1.6702,0.0330,3.1167
pos,1119,0.4924,-1.6702,0.0330,3.1167
pos,1120,0.4924,-1.6702,0.0330,3.1167
pos,1121,0.4924,-1.6702,0.0330,3.1167
pos,1122,0.4924,-1.6702,0.0330,3.1167
pos,1123,0.4924,-1.6702,0.0330,3.1167
pos,1124,0.4924,-1.6702,0.0330,3.1167
pos,1125,0.4924,-1.6702,0.0330,3.1167
pos,1126,0.4924,-1.6702,0.0330,3.1167
pos,1127,0.4924,-1.6702,0.0330,3.1167
pos,1128,0.4924,-1.6702,0.0330,3.1167
pos,1129,0.4924,-1.6702,0.0330,3.1167
pos,1130,0.4924,-1.6702,0.0330,3.1167
pos,1131,0.4924,-1.6702,0.0330,3.1167
pos,1132,0.4924,-1.6702,0.0330,3.1167
pos,1133,0.4924,-1.6702,0.0330,3.1167
pos,1134,0.4924,-1.6702,0.0330,3.1167
pos,1135,0.4924,-1.6702,0.0330,3.1167
pos,1136,0.4924,-1.6702,0.0330,3.1167
pos,1137,0.4924,-1.6702,0.0330,3.1167
pos,1138,0.4924,-1.6702,0.0330,3.1167
pos,1139,0.4924,-1.6702,0.0330,3.1167
pos,1140,0.4924,-1.6702,0.0330,3.1167
pos,1141,0.4924,-1.6702,0.0330,3.1167
pos,1142,0.4924,-1.6702,0.0330,3.1167
pos,1143,0.4924,-1.6702,0.0330,3.1167
pos,1144,0.4924,-1.6702,0.0330,3.1167
pos,1145,0.4924,-1.6702,0.0330,3.1167
pos,1146,0.4924,-1.6702,0.0330,3.1167
pos,1147,0.4924,-1.6702,0.0330,3.1167
pos,1148,0.4924,-1.6702,0.0330,3.1167
pos,1149,0.4924,-1.6702,0.0330,3.1167
pos,1150,0.4924,-1.6702,0.0330,3.1167
pos,1151,0.4924,-1.6702,0.0330,3.1167
pos,1152,0.4924,-1.6702,0.0330,3.1167
pos,1153,0.4924,-1.6702,0.0330,3.1167
pos,1154,0.4924,-1.6702,0.0330,3.1167
pos,1155,0.4924,-1.6702,0.0330,3.1167
pos,1156,0.4924,-1.6702,0.0330,3.1167
pos,1157,0.4924,-1.6702,0.0330,3.1167
pos,1158,0.4924,-1.6702,0.0330,3.1167
pos,1159,0.4924,-1.6702,0.0330,3.1167
pos,1160,0.4924,-1.6702,0.0330,3.1167
pos,1161,0.4924,-1.6702,0.0330,3.1167
pos,1162,0.4924,-1.6702,0.0330,3.1167
pos,1163,0.4924,-1.6702,0.0330,3.1167
pos,1164,0.4924,-1.6702,0.0330,3.1167
pos,1165,0.4924,-1.6702,0.0330,3.1167
pos,1166,0.4924,-1.6702,0.0330,3.1167
pos,1167,0.4924,-1.6702,0.0330,3.1167
pos,1168,0.4924,-1.6702,0.0330,3.1167
pos,1169,0.4924,-1.6702,0.0330,3.1167
pos,1170,0.4924,-1.6702,0.0330,3.1167
pos,1171,0.4924,-1.6702,0.0330,3.1167
pos,1172,0.4924,-1.6702,0.0330,3.1167
pos,1173,0.4924,-1.6702,0.0330,3.1167
pos,1174,0.4924,-1.6702,0.0330,3.1167
pos,1175,0.4924,-1.6702,0.0330,3.1167
pos,1176,0.4924,-1.6702,0.0330,3.1167
pos,1177,0.4924,-1.6702,0.0330,3.1167
pos,1178,0.4924,-1.6702,0.0330,3.1167
pos,1179,0.4924,-1.6702,0.0330,3.1167
pos,1180,0.4924,-1.6702,0.0330,3.1167
pos,1181,0.4924,-1.6702,0.0330,3.1167
pos,1182,0.4924,-1.6702,0.0330,3.1167
pos,1183,0.4924,-1.6702,0.0330,3.1167
pos,1184,0.4924,-1.6702,0.0330,3.1167
pos,1185,0.4924,-1.6702,0.0330,3.1167
pos,1186,0.4924,-1.6702,0.0330,3.1167
pos,1187,0.4924,-1.6702,0.0330,3.1167
pos,1188,0.4924,-1.6702,0.0330,3.1167
pos,1189,0.4924,-1.6702,0.0330,3.1167
pos,1190,0.4924,-1.6702,0.0330,3.1167
pos,1191,0.4924,-1.6702,0.0330,3.1167
pos,1192,0.4924,-1.6702,0.0330,3.1167
pos,1193,0.4924,-1.6702,0.0330,3.1167
pos,1194,0.4924,-1.6702,0.0330,3.1167
pos,1195,0.4924,-1.6702,0.0330,3.1167
pos,1196,0.4924,-1.6702,0.0330,3.1167
pos,1197,0.4924,-1.6702,0.0330,3.1167
pos,1198,0.4924,-1.6702,0.0330,3.1167
pos,1199,0.4924,-1.6702,0.0330,3.1167
pos,1200,0.4924,-1.6702,0.0330,3.1167
pos,1201,0.4924,-1.6702,0.0330,3.1167
pos,1202,0.4924,-1.6702,0.0330,3.1167
pos,1203,0.4924,-1.6702,0.0330,3.1167
pos,1204,0.4924,-1.6702,0.0330,3.1167
pos,1205,0.4924,-1.6702,0.0330,3.1167
pos,1206,0.4924,-1.6702,0.0330,3.1167
pos,1207,0.4924,-1.6702,0.0330,3.1167
pos,1208,0.4924,-1.6702,0.0330,3.1167
pos,1209,0.4924,-1.6702,0.0330,3.1167
pos,1210,0.4924,-1.6702,0.0330,3.1167
pos,1211,0.4924,-1.6702,0.0330,3.1167
pos,1212,0.4924,-1.6702,0.0330,3.1167
pos,1213,0.4924,-1.6702,0.0330,3.1167
pos,1214,0.4924,-1.6702,0.0330,3.1167
pos,1215,0.4924,-1.6702,0.0330,3.1167
pos,1216,0.4924,-1.6702,0.0330,3.1167
pos,1217,0.4924,-1.6702,0.0330,3.1167
pos,1218,0.4924,-1.6702,0.0330,3.1167
pos,1219,0.4924,-1.6702,0.0330,3.1167
pos,1220,0.4924,-1.6702,0.0330,3.1167
pos,1221,0.4924,-1.6702,0.0330,3.1167
pos,1222,0.4924,-1.6702,0.0330,3.1167
pos,1223,0.4924,-1.6702,0.0330,3.1167
pos,1224,0.4924,-1.6702,0.0330,3.1167
pos,1225,0.4924,-1.6702,0.0330,3.1167
pos,1226,0.4924,-1.6702,0.0330,3.1167
pos,1227,0.4924,-1.6702,0.0330,3.1167
pos,1228,0.4924,-1.6702,0.0330,3.1167
pos,1229,0.4924,-1.6702,0.0330,3.1167
pos,1230,0.4924,-1.6702,0.0330,3.1167
pos,1231,0.4924,-1.6702,0.0330,3.1167
pos,1232,0.4924,-1.6702,0.0330,3.1167
pos,1233,0.4924,-1.6702,0.0330,3.1167
pos,1234,0.4924,-1.6702,0.0330,3.1167
pos,1235,0.4924,-1.6702,0.0330,3.1167
pos,1236,0.4924,-1.6702,0.0330,3.1167
pos,1237,0.4924,-1.6702,0.0330,3.1167
pos,1238,0.4924,-1.6702,0.0330,3.1167
pos,1239,0.4924,-1.6702,0.0330,3.1167
pos,1240,0.4924,-1.6702,0.0330,3.1167
pos,1241,0.4924,-1.6702,0.0330,3.1167
pos,1242,0.4924,-1.6702,0.0330,3.1167
pos,1243,0.4924,-1.6702,0.0330,3.1167
pos,1244,0.4924,-1.6702,0.0330,3.1167
pos,1245,0.4924,-1.6702,0.0330,3.1167
pos,1246,0.4924,-1.6702,0.0330,3.1167
pos,1247,0.4924,-1.6702,0.0330,3.1167
pos,1248,0.4924,-1.6702,0.0330,3.1167
pos,1249,0.4924,-1.6702,0.0330,3.1167
pos,1250,0.4924,-1.6702,0.0330,3.1167
pos,1251,0.4924,-1.6702,0.0330,3.1167
pos,1252,0.4924,-1.6702,0.0330,3.1167
pos,1253,0.4924,-1.6702,0.0330,3.1167
pos,1254,0.4924,-1.6702,0.0330,3.1167
pos,1255,0.4924,-1.6702,0.0330,3.1167
pos,1256,0.4924,-1.6702,0.0330,3.1167
pos,1257,0.4924,-1.6702,0.0330,3.1167
pos,1258,0.4924,-1.6702,0.0330,3.1167
pos,1259,0.4924,-1.6702,0.0330,3.1167
pos,1260,0.4924,-1.6702,0.0330,3.1167
pos,1261,0.4924,-1.6702,0.0330,3.1167
pos,1262,0.4924,-1.6702,0.0330,3.1167
pos,1263,0.4924,-1.6702,0.0330,3.1167
pos,1264,0.4924,-1.6702,0.0330,3.1167
pos,1265,0.4924,-1.6702,0.0330,3.1167
pos,1266,0.4924,-1.6702,0.0330,3.1167
pos,1267,0.4924,-1.6702,0.0330,3.1167
pos,1268,0.4924,-1.6702,0.0330,3.1167
pos,1269,0.4924,-1.6702,0.0330,3.1167
pos,1270,0.4924,-1.6702,0.0330,3.1167
pos,1271,0.4924,-1.6702,0.0330,3.1167
pos,1272,0.4924,-1.6702,0.0330,3.1167
pos,1273,0.4924,-1.6702,0.0330,3.1167
pos,1274,0.4924,-1.6702,0.0330,3.1167
pos,1275,0.4924,-1.6702,0.0330,3.1167
pos,1276,0.4924,-1.6702,0.0330,3.1167
pos,1277,0.4924,-1.6702,0.0330,3.1167
pos,1278,0.4924,-1.6702,0.0330,3.1167
pos,1279,0.4924,-1.6702,0.0330,3.1167
pos,1280,0.4924,-1.6702,0.0330,3.1167
pos,1281,0.4924,-1.6702,0.0330,3.1167
pos,1282,0.4924,-1.6702,0.0330,3.1167
pos,1283,0.4924,-1.6702,0.0330,3.1167
pos,1284,0.4924,-1.6702,0.0330,3.1167
pos,1285,0.4924,-1.6702,0.0330,3.1167
pos,1286,0.4924,-1.6702,0.0330,3.1167
pos,1287,0.4924,-1.6702,0.0330,3.1167
pos,1288,0.4924,-1.6702,0.0330,3.1167
pos,1289,0.4924,-1.6702,0.0330,3.1167
pos,1290,0.4924,-1.6702,0.0330,3.1167
pos,1291,0.4924,-1.6702,0.0330,3.1167
pos,1292,0.4924,-1.6702,0.0330,3.1167
pos,1293,0.4924,-1.6702,0.0330,3.1167
pos,1294,0.4924,-1.6702,0.0330,3.1167
pos,1295,0.4924,-1.6702,0.0330,3.1167
pos,1296,0.4924,-1.6702,0.0330,3.1167
pos,1297,0.4924,-1.6702,0.0330,3.1167
pos,1298,0.4924,-1.6702,0.0330,3.1167
pos,1299,0.4924,-1.6702,0.0330,3.1167
pos,1300,0.4924,-1.6702,0.0330,3.1167
pos,1301,0.4924,-1.6702,0.0330,3.1167
pos,1302,0.4924,-1.6702,0.0330,3.1167
pos,1303,0.4924,-1.6702,0.0330,3.1167
pos,1304,0.4924,-1.6702,0.0330,3.1167
pos,1305,0.4924,-1.6702,0.0330,3.1167
pos,1306,0.4924,-1.6702,0.0330,3.1167
pos,1307,0.4924,-1.6702,0.0330,3.1167
pos,1308,0.4924,-1.6702,0.0330,3.1167
pos,1309,0.4924,-1.6702,0.0330,3.1167
pos,1310,0.4924,-1.6702,0.0330,3.1167
pos,1311,0.4924,-1.6702,0.0330,3.1167
pos,1312,0.4924,-1.6702,0.0330,3.1167
pos,1313,0.4924,-1.6702,0.0330,3.1167
pos,1314,0.4924,-1.6702,0.0330,3.1167
pos,1315,0.4924,-1.6702,0.0330,3.1167
pos,1316,0.4924,-1.6702,0.0330,3.1167
pos,1317,0.4924,-1.6702,0.0330,3.1167
pos,1318,0.4924,-1.6702,0.0330,3.1167
pos,1319,0.4924,-1.6702,0.0330,3.1167
pos,1320,0.4924,-1.6702,0.0330,3.1167
pos,1321,0.4924,-1.6702,0.0330,3.1167
pos,1322,0.4924,-1.6702,0.0330,3.1167
pos,1323,0.4924,-1.6702,0.0330,3.1167
pos,1324,0.4924,-1.6702,0.0330,3.1167
pos,1325,0.4924,-1.6702,0.0330,3.1167
pos,1326,0.4924,-1.6702,0.0330,3.1167
pos,1327,0.4924,-1.6702,0.0330,3.1167
pos,1328,0.4924,-1.6702,0.0330,3.1167
pos,1329,0.4924,-1.6702,0.0330,3.1167
pos,1330,0.4924,-1.6702,0.0330,3.1167
pos,1331,0.4924,-1.6702,0.0330,3.1167
pos,1332,0.4924,-1.6702,0.0330,3.1167
pos,1333,0.4924,-1.6702,0.0330,3.1167
pos,1334,0.4924,-1.6702,0.0330,3.1167
pos,1335,0.4924,-1.6702,0.0330,3.1167
pos,1336,0.4924,-1.6702,0.0330,3.1167
pos,1337,0.4924,-1.6702,0.0330,3.1167
pos,1338,0.4924,-1.6702,0.0330,3.1167
pos,1339,0.4924,-1.6702,0.0330,3.1167
pos,1340,0.4924,-1.6702,0.0330,3.1167
pos,1341,0.4924,-1.6702,0.0330,3.1167
pos,1342,0.4924,-1.6702,0.0330,3.1167
pos,1343,0.4924,-1.6702,0.0330,3.1167
pos,1344,0.4924,-1.6702,0.0330,3.1167
pos,1345,0.4924,-1.6702,0.0330,3.1167
pos,1346,0.4924,-1.6702,0.0330,3.1167
pos,1347,0.4924,-1.6702,0.0330,3.1167
pos,1348,0.4924,-1.6702,0.0330,3.1167
pos,1349,0.4924,-1.6702,0.0330,3.1167
pos,1350,0.4924,-1.6702,0.0330,3.1167
pos,1351,0.4924,-1.6702,0.0330,3.1167
pos,1352,0.4924,-1.6702,0.0330,3.1167
pos,1353,0.4924,-1.6702,0.0330,3.1167
pos,1354,0.4924,-1.6702,0.0330,3.1167
pos,1355,0.4924,-1.6702,0.0330,3.1167
pos,1356,0.4924,-1.6702,0.0330,3.1167
pos,1357,0.4924,-1.6702,0.0330,3.1167
pos,1358,0.4924,-1.6702,0.0330,3.1167
pos,1359,0.4924,-1.6702,0.0330,3.1167
pos,1360,0.4924,-1.6702,0.0330,3.1167
pos,1361,0.4924,-1.6702,0.0330,3.1167
pos,1362,0.4924,-1.6702,0.0330,3.1167
pos,1363,0.4924,-1.6702,0.0330,3.1167
pos,1364,0.4924,-1.6702,0.0330,3.1167
pos,1365,0.4924,-1.6702,0.0330,3.1167
pos,1366,0.4924,-1.6702,0.0330,3.1167
pos,1367,0.4924,-1.6702,0.0330,3.1167
pos,1368,0.4924,-1.6702,0.0330,3.1167
pos,1369,0.4924,-1.6702,0.0330,3.1167
pos,1370,0.4924,-1.6702,0.0330,3.1167
pos,1371,0.4924,-1.6702,0.0330,3.1167
pos,1372,0.4924,-1.6702,0.0330,3.1167
pos,1373,0.4924,-1.6702,0.0330,3.1167
pos,1374,0.4924,-1.6702,0.0330,3.1167
pos,1375,0.4924,-1.6702,0.0330,3.1167
pos,1376,0.4924,-1.6702,0.0330,3.1167
pos,1377,0.4924,-1.6702,0.0330,3.1167
pos,1378,0.4924,-1.6702,0.0330,3.1167
pos,1379,0.4924,-1.6702,0.0330,3.1167
pos,1380,0.4924,-1.6702,0.0330,3.1167
pos,1381,0.4924,-1.6702,0.0330,3.1167
pos,1382,0.4924,-1.6702,0.0330,3.1167
pos,1383,0.4924,-1.6702,0.0330,3.1167
pos,1384,0.4924,-1.6702,0.0330,3.1167
pos,1385,0.4924,-1.6702,0.0330,3.1167
pos,1386,0.4924,-1.6702,0.0330,3.1167
pos,1387,0.4924,-1.6702,0.0330,3.1167
pos,1388,0.4924,-1.6702,0.0330,3.1167
pos,1389,0.4924,-1.6702,0.0330,3.1167
pos,1390,0.4924,-1.6702,0.0330,3.1167
pos,1391,0.4924,-1.6702,0.0330,3.1167
pos,1392,0.4924,-1.6702,0.0330,3.1167
pos,1393,0.4924,-1.6702,0.0330,3.1167
pos,1394,0.4924,-1.6702,0.0330,3.1167
pos,1395,0.4924,-1.6702,0.0330,3.1167
pos,1396,0.4924,-1.6702,0.0330,3.1167
pos,1397,0.4924,-1.6702,0.0330,3.1167
pos,1398,0.4924,-1.6702,0.0330,3.1167
pos,1399,0.4924,-1.6702,0.0330,3.1167
pos,1400,0.4924,-1.6702,0.0330,3.1167
pos,1401,0.4924,-1.6702,0.0330,3.1167
pos,1402,0.4924,-1.6702,0.0330,3.1167
pos,1403,0.4924,-1.6702,0.0330,3.1167
pos,1404,0.4924,-1.6702,0.0330,3.1167
pos,1405,0.4924,-1.6702,0.0330,3.1167
pos,1406,0.4924,-1.6702,0.0330,3.1167
pos,1407,0.4924,-1.6702,0.0330,3.1167
pos,1408,0.4924,-1.6702,0.0330,3.1167
pos,1409,0.4924,-1.6702,0.0330,3.1167
pos,1410,0.4924,-1.6702,0.0330,3.1167
pos,1411,0.4924,-1.6702,0.0330,3.1167
pos,1412,0.4924,-1.6702,0.0330,3.1167
pos,1413,0.4924,-1.6702,0.0330,3.1167
pos,1414,0.4924,-1.6702,0.0330,3.1167
pos,1415,0.4924,-1.6702,0.0330,3.1167
pos,1416,0.4924,-1.6702,0.0330,3.1167
pos,1417,0.4924,-1.6702,0.0330,3.1167
pos,1418,0.4924,-1.6702,0.0330,3.1167
pos,1419,0.4924,-1.6702,0.0330,3.1167
pos,1420,0.4924,-1.6702,0.0330,3.1167
pos,1421,0.4924,-1.6702,0.0330,3.1167
pos,1422,0.4924,-1.6702,0.0330,3.1167
pos,1423,0.4924,-1.6702,0.0330,3.1167
pos,1424,0.4924,-1.6702,0.0330,3.1167
pos,1425,0.4924,-1.6702,0.0330,3.1167
pos,1426,0.4924,-1.6702,0.0330,3.1167
pos,1427,0.4924,-1.6702,0.0330,3.1167
pos,1428,0.4924,-1.6702,0.0330,3.1167
pos,1429,0.4924,-1.6702,0.0330,3.1167
pos,1430,0.4924,-1.6702,0.0330,3.1167
pos,1431,0.4924,-1.6702,0.0330,3.1167
pos,1432,0.4924,-1.6702,0.0330,3.1167
pos,1433,0.4924,-1.6702,0.0330,3.1167
pos,1434,0.4924,-1.6702,0.0330,3.1167
pos,1435,0.4924,-1.6702,0.0330,3.1167
pos,1436,0.4924,-1.6702,0.0330,3.1167
pos,1437,0.4924,-1.6702,0.0330,3.1167
pos,1438,0.4924,-1.6702,0.0330,3.1167
pos,1439,0.4924,-1.6702,0.0330,3.1167
pos,1440,0.4924,-1.6702,0.0330,3.1167
pos,1441,0.4924,-1.6702,0.0330,3.1167
pos,1442,0.4924,-1.6702,0.0330,3.1167
pos,1443,0.4924,-1.6702,0.0330,3.1167
pos,1444,0.4924,-1.6702,0.0330,3.1167
pos,1445,0.4924,-1.6702,0.0330,3.1167
pos,1446,0.4924,-1.6702,0.0330,3.1167
pos,1447,0.4924,-1.6702,0.0330,3.1167
pos,1448,0.4924,-1.6702,0.0330,3.1167
pos,1449,0.4924,-1.6702,0.0330,3.1167
pos,1450,0.4924,-1.6702,0.0330,3.1167
pos,1451,0.4924,-1.6702,0.0330,3.1167
pos,1452,0.4924,-1.6702,0.0330,3.1167
pos,1453,0.4924,-1.6702,0.0330,3.1167
pos,1454,0.4924,-1.6702,0.0330,3.1167
pos,1455,0.4924,-1.6702,0.0330,3.1167
pos,1456,0.4924,-1.6702,0.0330,3.1167
pos,1457,0.4924,-1.6702,0.0330,3.1167
pos,1458,0.4924,-1.6702,0.0330,3.1167
pos,1459,0.4924,-1.6702,0.0330,3.1167
pos,1460,0.4924,-1.6702,0.0330,3.1167
pos,1461,0.4924,-1.6702,0.0330,3.1167
pos,1462,0.4924,-1.6702,0.0330,3.1167
pos,1463,0.4924,-1.6702,0.0330,3.1167
pos,1464,0.4924,-1.6702,0.0330,3.1167
pos,1465,0.4924,-1.6702,0.0330,3.1167
pos,1466,0.4924,-1.6702,0.0330,3.1167
pos,1467,0.4924,-1.6702,0.0330,3.1167
pos,1468,0.4924,-1.6702,0.0330,3.1167
pos,1469,0.4924,-1.6702,0.0330,3.1167
pos,1470,0.4924,-1.6702,0.0330,3.1167
pos,1471,0.4924,-1.6702,0.0330,3.1167
pos,1472,0.4924,-1.6702,0.0330,3.1167
pos,1473,0.4924,-1.6702,0.0330,3.1167
pos,1474,0.4924,-1.6702,0.0330,3.1167
pos,1475,0.4924,-1.6702,0.0330,3.1167
pos,1476,0.4924,-1.6702,0.0330,3.1167
pos,1477,0.4924,-1.6702,0.0330,3.1167
pos,1478,0.4924,-1.6702,0.0330,3.1167
pos,1479,0.4924,-1.6702,0.0330,3.1167
pos,1480,0.4924,-1.6702,0.0330,3.1167
pos,1481,0.4924,-1.6702,0.0330,3.1167
pos,1482,0.4924,-1.6702,0.0330,3.1167
pos,1483,0.4924,-1.6702,0.0330,3.1167
pos,1484,0.4924,-1.6702,0.0330,3.1167
pos,1485,0.4924,-1.6702,0.0330,3.1167
pos,1486,0.4924,-1.6702,0.0330,3.1167
pos,1487,0.4924,-1.6702,0.0330,3.1167
pos,1488,0.4924,-1.6702,0.0330,3.1167
pos,1489,0.4924,-1.6702,0.0330,3.1167
pos,1490,0.4924,-1.6702,0.0330,3.1167
pos,1491,0.4924,-1.6702,0.0330,3.1167
pos,1492,0.4924,-1.6702,0.0330,3.1167
pos,1493,0.4924,-1.6702,0.0330,3.1167
pos,1494,0.4924,-1.6702,0.0330,3.1167
pos,1495,0.4924,-1.6702,0.0330,3.1167
pos,1496,0.4924,-1.6702,0.0330,3.1167
pos,1497,0.4924,-1.6702,0.0330,3.1167
pos,1498,0.4924,-1.6702,0.0330,3.1167
pos,1499,0.4924,-1.6702,0.0330,3.1167
pos,1500,0.4924,-1.6702,0.0330,3.1167
pos,1501,0.4924,-1.6702,0.0330,3.1167
pos,1502,0.4924,-1.6702,0.0330,3.1167
pos,1503,0.4924,-1.6702,0.0330,3.1167
pos,1504,0.4924,-1.6702,0.0330,3.1167
pos,1505,0.4924,-1.6702,0.0330,3.1167
pos,1506,0.4924,-1.6702,0.0330,3.1167
pos,1507,0.4924,-1.6702,0.0330,3.1167
pos,1508,0.4924,-1.6702,0.0330,3.1167
pos,1509,0.4924,-1.6702,0.0330,3.1167
pos,1510,0.4924,-1.6702,0.0330,3.1167
pos,1511,0.4924,-1.6702,0.0330,3.1167
pos,1512,0.4924,-1.6702,0.0330,3.1167
pos,1513,0.4924,-1.6702,0.0330,3.1167
pos,1514,0.4924,-1.6702,0.0330,3.1167
pos,1515,0.4924,-1.6702,0.0330,3.1167
pos,1516,0.4924,-1.6702,0.0330,3.1167
pos,1517,0.4924,-1.6702,0.0330,3.1167
pos,1518,0.4924,-1.6702,0.0330,3.1167
pos,1519,0.4924,-1.6702,0.0330,3.1167
pos,1520,0.4924,-1.6702,0.0330,3.1167
pos,1521,0.4924,-1.6702,0.0330,3.1167
pos,1522,0.4924,-1.6702,0.0330,3.1167
pos,1523,0.4924,-1.6702,0.0330,3.1167
pos,1524,0.4924,-1.6702,0.0330,3.1167
pos,1525,0.4924,-1.6702,0.0330,3.1167
pos,1526,0.4924,-1.6702,0.0330,3.1167
pos,1527,0.4924,-1.6702,0.0330,3.1167
pos,1528,0.4924,-1.6702,0.0330,3.1167
pos,1529,0.4924,-1.6702,0.0330,3.1167
pos,1530,0.4924,-1.6702,0.0330,3.1167
pos,1531,0.4924,-1.6702,0.0330,3.1167
pos,1532,0.4924,-1.6702,0.0330,3.1167
pos,1533,0.4924,-1.6702,0.0330,3.1167
pos,1534,0.4924,-1.6702,0.0330,3.1167
pos,1535,0.4924,-1.6702,0.0330,3.1167
pos,1536,0.4924,-1.6702,0.0330,3.1167
pos,1537,0.4924,-1.6702,0.0330,3.1167
pos,1538,0.4924,-1.6702,0.0330,3.1167
pos,1539,0.4924,-1.6702,0.0330,3.1167
pos,1540,0.4924,-1.6702,0.0330,3.1167
pos,1541,0.4924,-1.6702,0.0330,3.1167
pos,1542,0.4924,-1.6702,0.0330,3.1167
pos,1543,0.4924,-1.6702,0.0330,3.1167
pos,1544,0.4924,-1.6702,0.0330,3.1167
pos,1545,0.4924,-1.6702,0.0330,3.1167
pos,1546,0.4924,-1.6702,0.0330,3.1167
pos,1547,0.4924,-1.6702,0.0330,3.1167
pos,1548,0.4924,-1.6702,0.0330,3.1167
pos,1549,0.4924,-1.6702,0.0330,3.1167
pos,1550,0.4924,-1.6702,0.0330,3.1167
pos,1551,0.4924,-1.6702,0.0330,3.1167
pos,1552,0.4924,-1.6702,0.0330,3.1167
pos,1553,0.4924,-1.6702,0.0330,3.1167
pos,1554,0.4924,-1.6702,0.0330,3.1167
pos,1555,0.4924,-1.6702,0.0330,3.1167
pos,1556,0.4924,-1.6702,0.0330,3.1167
pos,1557,0.4924,-1.6702,0.0330,3.1167
pos,1558,0.4924,-1.6702,0.0330,3.1167
pos,1559,0.4924,-1.6702,0.0330,3.1167
pos,1560,0.4924,-1.6702,0.0330,3.1167
pos,1561,0.4924,-1.6702,0.0330,3.1167
pos,1562,0.4924,-1.6702,0.0330,3.1167
pos,1563,0.4924,-1.6702,0.0330,3.1167
pos,1564,0.4924,-1.6702,0.0330,3.1167
pos,1565,0.4924,-1.6702,0.0330,3.1167
pos,1566,0.4924,-1.6702,0.0330,3.1167
pos,1567,0.4924,-1.6702,0.0330,3.1167
pos,1568,0.4924,-1.6702,0.0330,3.1167
pos,1569,0.4924,-1.6702,0.0330,3.1167
pos,1570,0.4924,-1.6702,0.0330,3.1167
pos,1571,0.4924,-1.6702,0.0330,3.1167
pos,1572,0.4924,-1.6702,0.0330,3.1167
pos,1573,0.4924,-1.6702,0.0330,3.1167
pos,1574,0.4924,-1.6702,0.0330,3.1167
pos,1575,0.4924,-1.6702,0.0330,3.1167
pos,1576,0.4924,-1.6702,0.0330,3.1167
pos,1577,0.4924,-1.6702,0.0330,3.1167
pos,1578,0.4924,-1.6702,0.0330,3.1167
pos,1579,0.4924,-1.6702,0.0330,3.1167
pos,1580,0.4924,-1.6702,0.0330,3.1167
pos,1581,0.4924,-1.6702,0.0330,3.1167
pos,1582,0.4924,-1.6702,0.0330,3.1167
pos,1583,0.4924,-1.6702,0.0330,3.1167
pos,1584,0.4924,-1.6702,0.0330,3.1167
pos,1585,0.4924,-1.6702,0.0330,3.1167
pos,1586,0.4924,-1.6702,0.0330,3.1167
pos,1587,0.4924,-1.6702,0.0330,3.1167
pos,1588,0.4924,-1.6702,0.0330,3.1167
pos,1589,0.4924,-1.6702,0.0330,3.1167
pos,1590,0.4924,-1.6702,0.0330,3.1167
pos,1591,0.4924,-1.6702,0.0330,3.1167
pos,1592,0.4924,-1.6702,0.0330,3.1167
pos,1593,0.4924,-1.6702,0.0330,3.1167
pos,1594,0.4924,-1.6702,0.0330,3.1167
pos,1595,0.4924,-1.6702,0.0330,3.1167
pos,1596,0.4924,-1.6702,0.0330,3.1167
pos,1597,0.4924,-1.6702,0.0330,3.1167
pos,1598,0.4924,-1.6702,0.0330,3.1167
pos,1599,0.4924,-1.6702,0.0330,3.1167
pos,1600,0.4924,-1.6702,0.0330,3.1167
pos,1601,0.4924,-1.6702,0.0330,3.1167
pos,1602,0.4924,-1.6702,0.0330,3.1167
pos,1603,0.4924,-1.6702,0.0330,3.1167
pos,1604,0.4924,-1.6702,0.0330,3.1167
pos,1605,0.4924,-1.6702,0.0330,3.1167
pos,1606,0.4924,-1.6702,0.0330,3.1167
pos,1607,0.4924,-1.6702,0.0330,3.1167
pos,1608,0.4924,-1.6702,0.0330,3.1167
pos,1609,0.4924,-1.6702,0.0330,3.1167
pos,1610,0.4924,-1.6702,0.0330,3.1167
pos,1611,0.4924,-1.6702,0.0330,3.1167
pos,1612,0.4924,-1.6702,0.0330,3.1167
pos,1613,0.4924,-1.6702,0.0330,3.1167
pos,1614,0.4924,-1.6702,0.0330,3.1167
pos,1615,0.4924,-1.6702,0.0330,3.1167
pos,1616,0.4924,-1.6702,0.0330,3.1167
pos,1617,0.4924,-1.6702,0.0330,3.1167
pos,1618,0.4924,-1.6702,0.0330,3.1167
pos,1619,0.4924,-1.6702,0.0330,3.1167
pos,1620,0.4924,-1.6702,0.0330,3.1167
pos,1621,0.4924,-1.6702,0.0330,3.1167
pos,1622,0.4924,-1.6702,0.0330,3.1167
pos,1623,0.4924,-1.6702,0.0330,3.1167
pos,1624,0.4924,-1.6702,0.0330,3.1167
pos,1625,0.4924,-1.6702,0.0330,3.1167
pos,1626,0.4924,-1.6702,0.0330,3.1167
pos,1627,0.4924,-1.6702,0.0330,3.1167
pos,1628,0.4924,-1.6702,0.0330,3.1167
pos,1629,0.4924,-1.6702,0.0330,3.1167
pos,1630,0.4924,-1.6702,0.0330,3.1167
pos,1631,0.4924,-1.6702,0.0330,3.1167
pos,1632,0.4924,-1.6702,0.0330,3.1167
pos,1633,0.4924,-1.6702,0.0330,3.1167
pos,1634,0.4924,-1.6702,0.0330,3.1167
pos,1635,0.4924,-1.6702,0.0330,3.1167
pos,1636,0.4924,-1.6702,0.0330,3.1167
pos,1637,0.4924,-1.6702,0.0330,3.1167
pos,1638,0.4924,-1.6702,0.0330,3.1167
pos,1639,0.4924,-1.6702,0.0330,3.1167
pos,1640,0.4924,-1.6702,0.0330,3.1167
pos,1641,0.4924,-1.6702,0.0330,3.1167
pos,1642,0.4924,-1.6702,0.0330,3.1167
pos,1643,0.4924,-1.6702,0.0330,3.1167
pos,1644,0.4924,-1.6702,0.0330,3.1167
pos,1645,0.4924,-1.6702,0.0330,3.1167
pos,1646,0.4924,-1.6702,0.0330,3.1167
pos,1647,0.4924,-1.6702,0.0330,3.1167
pos,1648,0.4924,-1.6702,0.0330,3.1167
pos,1649,0.4924,-1.6702,0.0330,3.1167
pos,1650,0.4924,-1.6702,0.0330,3.1167
pos,1651,0.4924,-1.6702,0.0330,3.1167
pos,1652,0.4924,-1.6702,0.0330,3.1167
pos,1653,0.4924,-1.6702,0.0330,3.1167
pos,1654,0.4924,-1.6702,0.0330,3.1167
pos,1655,0.4924,-1.6702,0.0330,3.1167
pos,1656,0.4924,-1.6702,0.0330,3.1167
pos,1657,0.4924,-1.6702,0.0330,3.1167
pos,1658,0.4924,-1.6702,0.0330,3.1167
pos,1659,0.4924,-1.6702,0.0330,3.1167
pos,1660,0.4924,-1.6702,0.0330,3.1167
pos,1661,0.4924,-1.6702,0.0330,3.1167
pos,1662,0.4924,-1.6702,0.0330,3.1167
pos,1663,0.4924,-1.6702,0.0330,3.1167
pos,1664,0.4924,-1.6702,0.0330,3.1167
pos,1665,0.4924,-1.6702,0.0330,3.1167
pos,1666,0.4924,-1.6702,0.0330,3.1167
pos,1667,0.4924,-1.6702,0.0330,3.1167
pos,1668,0.4924,-1.6702,0.0330,3.1167
pos,1669,0.4924,-1.6702,0.0330,3.1167
pos,1670,0.4924,-1.6702,0.0330,3.1167
pos,1671,0.4924,-1.6702,0.0330,3.1167
pos,1672,0.4924,-1.6702,0.0330,3.1167
pos,1673,0.4924,-1.6702,0.0330,3.1167
pos,1674,0.4924,-1.6702,0.0330,3.1167
pos,1675,0.4924,-1.6702,0.0330,3.1167
pos,1676,0.4924,-1.6702,0.0330,3.1167
pos,1677,0.4924,-1.6702,0.0330,3.1167
pos,1678,0.4924,-1.6702,0.0330,3.1167
pos,1679,0.4924,-1.6702,0.0330,3.1167
pos,1680,0.4924,-1.6702,0.0330,3.1167
pos,1681,0.4924,-1.6702,0.0330,3.1167
pos,1682,0.4924,-1.6702,0.0330,3.1167
pos,1683,0.4924,-1.6702,0.0330,3.1167
pos,1684,0.4924,-1.6702,0.0330,3.1167
pos,1685,0.4924,-1.6702,0.0330,3.1167
pos,1686,0.4924,-1.6702,0.0330,3.1167
pos,1687,0.4924,-1.6702,0.0330,3.1167
pos,1688,0.4924,-1.6702,0.0330,3.1167
pos,1689,0.4924,-1.6702,0.0330,3.1167
pos,1690,0.4924,-1.6702,0.0330,3.1167
pos,1691,0.4924,-1.6702,0.0330,3.1167
pos,1692,0.4924,-1.6702,0.0330,3.1167
pos,1693,0.4924,-1.6702,0.0330,3.1167
pos,1694,0.4924,-1.6702,0.0330,3.1167
pos,1695,0.4924,-1.6702,0.0330,3.1167
pos,1696,0.4924,-1.6702,0.0330,3.1167
pos,1697,0.4924,-1.6702,0.0330,3.1167
pos,1698,0.4924,-1.6702,0.0330,3.1167
pos,1699,0.4924,-1.6702,0.0330,3.1167
pos,1700,0.4924,-1.6702,0.0330,3.1167
pos,1701,0.4924,-1.6702,0.0330,3.1167
pos,1702,0.4924,-1.6702,0.0330,3.1167
pos,1703,0.4924,-1.6702,0.0330,3.1167
pos,1704,0.4924,-1.6702,0.0330,3.1167
pos,1705,0.4924,-1.6702,0.0330,3.1167
pos,1706,0.4924,-1.6702,0.0330,3.1167
pos,1707,0.4924,-1.6702,0.0330,3.1167
pos,1708,0.4924,-1.6702,0.0330,3.1167
pos,1709,0.4924,-1.6702,0.0330,3.1167
pos,1710,0.4924,-1.6702,0.0330,3.1167
pos,1711,0.4924,-1.6702,0.0330,3.1167
pos,1712,0.4924,-1.6702,0.0330,3.1167
pos,1713,0.4924,-1.6702,0.0330,3.1167
pos,1714,0.4924,-1.6702,0.0330,3.1167
pos,1715,0.4924,-1.6702,0.0330,3.1167
pos,1716,0.4924,-1.6702,0.0330,3.1167
pos,1717,0.4924,-1.6702,0.0330,3.1167
pos,1718,0.4924,-1.6702,0.0330,3.1167
pos,1719,0.4924,-1.6702,0.0330,3.1167
pos,1720,0.4924,-1.6702,0.0330,3.1167
pos,1721,0.4924,-1.6702,0.0330,3.1167
pos,1722,0.4924,-1.6702,0.0330,3.1167
pos,1723,0.4924,-1.6702,0.0330,3.1167
pos,1724,0.4924,-1.6702,0.0330,3.1167
pos,1725,0.4924,-1.6702,0.0330,3.1167
pos,1726,0.4924,-1.6702,0.0330,3.1167
pos,1727,0.4924,-1.6702,0.0330,3.1167
pos,1728,0.4924,-1.6702,0.0330,3.1167
pos,1729,0.4924,-1.6702,0.0330,3.1167
pos,1730,0.4924,-1.6702,0.0330,3.1167
pos,1731,0.4924,-1.6702,0.0330,3.1167
pos,1732,0.4924,-1.6702,0.0330,3.1167
pos,1733,0.4924,-1.6702,0.0330,3.1167
pos,1734,0.4924,-1.6702,0.0330,3.1167
pos,1735,0.4924,-1.6702,0.0330,3.1167
pos,1736,0.4924,-1.6702,0.0330,3.1167
pos,1737,0.4924,-1.6702,0.0330,3.1167
pos,1738,0.4924,-1.6702,0.0330,3.1167
pos,1739,0.4924,-1.6702,0.0330,3.1167
pos,1740,0.4924,-1.6702,0.0330,3.1167
pos,1741,0.4924,-1.6702,0.0330,3.1167
pos,1742,0.4924,-1.6702,0.0330,3.1167
pos,1743,0.4924,-1.6702,0.0330,3.1167
pos,1744,0.4924,-1.6702,0.0330,3.1167
pos,1745,0.4924,-1.6702,0.0330,3.1167
pos,1746,0.4924,-1.6702,0.0330,3.1167
pos,1747,0.4924,-1.6702,0.0330,3.1167
pos,1748,0.4924,-1.6702,0.0330,3.1167
pos,1749,0.4924,-1.6702,0.0330,3.1167
pos,1750,0.4924,-1.6702,0.0330,3.1167
pos,1751,0.4924,-1.6702,0.0330,3.1167
pos,1752,0.4924,-1.6702,0.0330,3.1167
pos,1753,0.4924,-1.6702,0.0330,3.1167
pos,1754,0.4924,-1.6702,0.0330,3.1167
pos,1755,0.4924,-1.6702,0.0330,3.1167
pos,1756,0.4924,-1.6702,0.0330,3.1167
pos,1757,0.4924,-1.6702,0.0330,3.1167
pos,1758,0.4924,-1.6702,0.0330,3.1167
pos,1759,0.4924,-1.6702,0.0330,3.1167
pos,1760,0.4924,-1.6702,0.0330,3.1167
pos,1761,0.4924,-1.6702,0.0330,3.1167
pos,1762,0.4924,-1.6702,0.0330,3.1167
pos,1763,0.4924,-1.6702,0.0330,3.1167
pos,1764,0.4924,-1.6702,0.0330,3.1167
pos,1765,0.4924,-1.6702,0.0330,3.1167
pos,1766,0.4924,-1.6702,0.0330,3.1167
pos,1767,0.4924,-1.6702,0.0330,3.1167
pos,1768,0.4924,-1.6702,0.0330,3.1167
pos,1769,0.4924,-1.6702,0.0330,3.1167
pos,1770,0.4924,-1.6702,0.0330,3.1167
pos,1771,0.4924,-1.6702,0.0330,3.1167
pos,1772,0.4924,-1.6702,0.0330,3.1167
pos,1773,0.4924,-1.6702,0.0330,3.1167
pos,1774,0.4924,-1.6702,0.0330,3.1167
pos,1775,0.4924,-1.6702,0.0330,3.1167
pos,1776,0.4924,-1.6702,0.0330,3.1167
pos,1777,0.4924,-1.6702,0.0330,3.1167
pos,1778,0.4924,-1.6702,0.0330,3.1167
pos,1779,0.4924,-1.6702,0.0330,3.1167
pos,1780,0.4924,-1.6702,0.0330,3.1167
pos,1781,0.4924,-1.6702,0.0330,3.1167
pos,1782,0.4924,-1.6702,0.0330,3.1167
pos,1783,0.4924,-1.6702,0.0330,3.1167
pos,1784,0.4924,-1.6702,0.0330,3.1167
pos,1785,0.4924,-1.6702,0.0330,3.1167
pos,1786,0.4924,-1.6702,0.0330,3.1167
pos,1787,0.4924,-1.6702,0.0330,3.1167
pos,1788,0.4924,-1.6702,0.0330,3.1167
pos,1789,0.4924,-1.6702,0.0330,3.1167
pos,1790,0.4924,-1.6702,0.0330,3.1167
pos,1791,0.4924,-1.6702,0.0330,3.1167
pos,1792,0.4924,-1.6702,0.0330,3.1167
pos,1793,0.4924,-1.6702,0.0330,3.1167
pos,1794,0.4924,-1.6702,0.0330,3.1167
pos,1795,0.4924,-1.6702,0.0330,3.1167
pos,1796,0.4924,-1.6702,0.0330,3.1167
pos,1797,0.4924,-1.6702,0.0330,3.1167
pos,1798,0.4924,-1.6702,0.0330,3.1167
pos,1799,0.4924,-1.6702,0.0330,3.1167
pos,1800,0.4924,-1.6702,0.0330,3.1167
pos,1801,0.4924,-1.6702,0.0330,3.1167
pos,1802,0.4924,-1.6702,0.0330,3.1167
pos,1803,0.4924,-1.6702,0.0330,3.1167
pos,1804,0.4924,-1.6702,0.0330,3.1167
pos,1805,0.4924,-1.6702,0.0330,3.1167
pos,1806,0.4924,-1.6702,0.0330,3.1167
pos,1807,0.4924,-1.6702,0.0330,3.1167
pos,1808,0.4924,-1.6702,0.0330,3.1167
pos,1809,0.4924,-1.6702,0.0330,3.1167
pos,1810,0.4924,-1.6702,0.0330,3.1167
pos,1811,0.4924,-1.6702,0.0330,3.1167
pos,1812,0.4924,-1.6702,0.0330,3.1167
pos,1813,0.4924,-1.6702,0.0330,3.1167
pos,1814,0.4924,-1.6702,0.0330,3.1167
pos,1815,0.4924,-1.6702,0.0330,3.1167
pos,1816,0.4924,-1.6702,0.0330,3.1167
pos,1817,0.4924,-1.6702,0.0330,3.1167
pos,1818,0.4924,-1.6702,0.0330,3.1167
pos,1819,0.4924,-1.6702,0.0330,3.1167
pos,1820,0.4924,-1.6702,0.0330,3.1167
pos,1821,0.4924,-1.6702,0.0330,3.1167
pos,1822,0.4924,-1.6702,0.0330,3.1167
pos,1823,0.4924,-1.6702,0.0330,3.1167
pos,1824,0.4924,-1.6702,0.0330,3.1167
pos,1825,0.4924,-1.6702,0.0330,3.1167
pos,1826,0.4924,-1.6702,0.0330,3.1167
pos,1827,0.4924,-1.6702,0.0330,3.1167
pos,1828,0.4924,-1.6702,0.0330,3.1167
pos,1829,0.4924,-1.6702,0.0330,3.1167
pos,1830,0.4924,-1.6702,0.0330,3.1167
pos,1831,0.4924,-1.6702,0.0330,3.1167
pos,1832,0.4924,-1.6702,0.0330,3.1167
pos,1833,0.4924,-1.6702,0.0330,3.1167
pos,1834,0.4924,-1.6702,0.0330,3.1167
pos,1835,0.4924,-1.6702,0.0330,3.1167
pos,1836,0.4924,-1.6702,0.0330,3.1167
pos,1837,0.4924,-1.6702,0.0330,3.1167
pos,1838,0.4924,-1.6702,0.0330,3.1167
pos,1839,0.4924,-1.6702,0.0330,3.1167
pos,1840,0.4924,-1.6702,0.0330,3.1167
pos,1841,0.4924,-1.6702,0.0330,3.1167
pos,1842,0.4924,-1.6702,0.0330,3.1167
pos,1843,0.4924,-1.6702,0.0330,3.1167
pos,1844,0.4924,-1.6702,0.0330,3.1167
pos,1845,0.4924,-1.6702,0.0330,3.1167
pos,1846,0.4924,-1.6702,0.0330,3.1167
pos,1847,0.4924,-1.6702,0.0330,3.1167
pos,1848,0.4924,-1.6702,0.0330,3.1167
pos,1849,0.4924,-1.6702,0.0330,3.1167
pos,1850,0.4924,-1.6702,0.0330,3.1167
pos,1851,0.4924,-1.6702,0.0330,3.1167
pos,1852,0.4924,-1.6702,0.0330,3.1167
pos,1853,0.4924,-1.6702,0.0330,3.1167
pos,1854,0.4924,-1.6702,0.0330,3.1167
pos,1855,0.4924,-1.6702,0.0330,3.1167
pos,1856,0.4924,-1.6702,0.0330,3.1167
pos,1857,0.4924,-1.6702,0.0330,3.1167
pos,1858,0.4924,-1.6702,0.0330,3.1167
pos,1859,0.4924,-1.6702,0.0330,3.1167
pos,1860,0.4924,-1.6702,0.0330,3.1167
pos,1861,0.4924,-1.6702,0.0330,3.1167
pos,1862,0.4924,-1.6702,0.0330,3.1167
pos,1863,0.4924,-1.6702,0.0330,3.1167
pos,1864,0.4924,-1.6702,0.0330,3.1167
pos,1865,0.4924,-1.6702,0.0330,3.1167
pos,1866,0.4924,-1.6702,0.0330,3.1167
pos,1867,0.4924,-1.6702,0.0330,3.1167
pos,1868,0.4924,-1.6702,0.0330,3.1167
pos,1869,0.4924,-1.6702,0.0330,3.1167
pos,1870,0.4924,-1.6702,0.0330,3.1167
pos,1871,0.4924,-1.6702,0.0330,3.1167
pos,1872,0.4924,-1.6702,0.0330,3.1167
pos,1873,0.4924,-1.6702,0.0330,3.1167
pos,1874,0.4924,-1.6702,0.0330,3.1167
pos,1875,0.4924,-1.6702,0.0330,3.1167
pos,1876,0.4924,-1.6702,0.0330,3.1167
pos,1877,0.4924,-1.6702,0.0330,3.1167
pos,1878,0.4924,-1.6702,0.0330,3.1167
pos,1879,0.4924,-1.6702,0.0330,3.1167
pos,1880,0.4924,-1.6702,0.0330,3.1167
pos,1881,0.4924,-1.6702,0.0330,3.1167
pos,1882,0.4924,-1.6702,0.0330,3.1167
pos,1883,0.4924,-1.6702,0.0330,3.1167
pos,1884,0.4924,-1.6702,0.0330,3.1167
pos,1885,0.4924,-1.6702,0.0330,3.1167
pos,1886,0.4924,-1.6702,0.0330,3.1167
pos,1887,0.4924,-1.6702,0.0330,3.1167
pos,1888,0.4924,-1.6702,0.0330,3.1167
pos,1889,0.4924,-1.6702,0.0330,3.1167
pos,1890,0.4924,-1.6702,0.0330,3.1167
pos,1891,0.4924,-1.6702,0.0330,3.1167
pos,1892,0.4924,-1.6702,0.0330,3.1167
pos,1893,0.4924,-1.6702,0.0330,3.1167
pos,1894,0.4924,-1.6702,0.0330,3.1167
pos,1895,0.4925,-1.6702,0.0330,3.1167
pos,1896,0.4925,-1.6702,0.0330,3.1167
pos,1897,0.4925,-1.6702,0.0330,3.1167
pos,1898,0.4925,-1.6702,0.0330,3.1167
pos,1899,0.4925,-1.6702,0.0330,3.1167
pos,1900,0.4925,-1.6702,0.0330,3.1167
pos,1901,0.4925,-1.6702,0.0330,3.1167
pos,1902,0.4925,-1.6702,0.0330,3.1167
pos,1903,0.4925,-1.6702,0.0330,3.1167
pos,1904,0.4925,-1.6702,0.0330,3.1167
pos,1905,0.4925,-1.6702,0.0330,3.1167
pos,1906,0.4925,-1.6702,0.0330,3.1167
pos,1907,0.4925,-1.6702,0.0330,3.1167
pos,1908,0.4925,-1.6702,0.0330,3.1167
pos,1909,0.4925,-1.6702,0.0330,3.1167
pos,1910,0.4925,-1.6702,0.0330,3.1167
pos,1911,0.4925,-1.6702,0.0330,3.1167
pos,1912,0.4925,-1.6702,0.0330,3.1167
pos,1913,0.4925,-1.6702,0.0330,3.1167
pos,1914,0.4925,-1.6702,0.0330,3.1167
pos,1915,0.4925,-1.6702,0.0330,3.1167
pos,1916,0.4925,-1.6702,0.0330,3.1167
pos,1917,0.4925,-1.6702,0.0330,3.1167
pos,1918,0.4925,-1.6702,0.0330,3.1167
pos,1919,0.4925,-1.6702,0.0330,3.1167
pos,1920,0.4925,-1.6702,0.0330,3.1167
pos,1921,0.4925,-1.6702,0.0330,3.1167
pos,1922,0.4925,-1.6702,0.0330,3.1167
pos,1923,0.4925,-1.6702,0.0330,3.1167
pos,1924,0.4925,-1.6702,0.0330,3.1167
pos,1925,0.4925,-1.6702,0.0330,3.1167
pos,1926,0.4925,-1.6702,0.0330,3.1167
pos,1927,0.4925,-1.6702,0.0330,3.1167
pos,1928,0.4925,-1.6702,0.0330,3.1167
pos,1929,0.4925,-1.6702,0.0330,3.1167
pos,1930,0.4925,-1.6702,0.0330,3.1167
pos,1931,0.4925,-1.6702,0.0330,3.1167
pos,1932,0.4925,-1.6702,0.0330,3.1167
pos,1933,0.4926,-1.6702,0.0330,3.1167
pos,1934,0.4926,-1.6702,0.0330,3.1167
pos,1935,0.4926,-1.6702,0.0330,3.1167
pos,1936,0.4926,-1.6702,0.0330,3.1167
pos,1937,0.4926,-1.6702,0.0330,3.1167
pos,1938,0.4926,-1.6702,0.0330,3.1167
pos,1939,0.4926,-1.6702,0.0330,3.1167
pos,1940,0.4926,-1.6702,0.0330,3.1167
pos,1941,0.4926,-1.6702,0.0330,3.1167
pos,1942,0.4926,-1.6702,0.0330,3.1167
pos,1943,0.4926,-1.6702,0.0330,3.1167
pos,1944,0.4926,-1.6702,0.0330,3.1167
pos,1945,0.4926,-1.6702,0.0330,3.1167
pos,1946,0.4926,-1.6702,0.0330,3.1167
pos,1947,0.4926,-1.6702,0.0330,3.1167
pos,1948,0.4926,-1.6702,0.0330,3.1167
pos,1949,0.4926,-1.6702,0.0330,3.1167
pos,1950,0.4926,-1.6702,0.0330,3.1167
pos,1951,0.4927,-1.6702,0.0330,3.1167
pos,1952,0.4927,-1.6702,0.0330,3.1167
pos,1953,0.4927,-1.6702,0.0330,3.1167
pos,1954,0.4927,-1.6702,0.0330,3.1167
pos,1955,0.4927,-1.6702,0.0330,3.1167
pos,1956,0.4927,-1.6702,0.0330,3.1167
pos,1957,0.4927,-1.6702,0.0330,3.1167
pos,1958,0.4927,-1.6702,0.0330,3.1167
pos,1959,0.4927,-1.6702,0.0330,3.1167
pos,1960,0.4927,-1.6702,0.0330,3.1167
pos,1961,0.4927,-1.6702,0.0330,3.1167
pos,1962,0.4927,-1.6702,0.0330,3.1167
pos,1963,0.4928,-1.6702,0.0330,3.1167
pos,1964,0.4928,-1.6702,0.0330,3.1167
pos,1965,0.4928,-1.6702,0.0330,3.1167
pos,1966,0.4928,-1.6702,0.0330,3.1167
pos,1967,0.4928,-1.6702,0.0330,3.1167
pos,1968,0.4928,-1.6702,0.0330,3.1167
pos,1969,0.4928,-1.6702,0.0330,3.1167
pos,1970,0.4928,-1.6702,0.0330,3.1167
pos,1971,0.4929,-1.6702,0.0330,3.1167
pos,1972,0.4929,-1.6702,0.0330,3.1167
pos,1973,0.4929,-1.6702,0.0330,3.1167
pos,1974,0.4929,-1.6702,0.0330,3.1167
pos,1975,0.4929,-1.6702,0.0330,3.1167
pos,1976,0.4929,-1.6702,0.0330,3.1167
pos,1977,0.4929,-1.6703,0.0330,3.1167
pos,1978,0.4930,-1.6703,0.0330,3.1167
pos,1979,0.4930,-1.6703,0.0330,3.1167
pos,1980,0.4930,-1.6703,0.0330,3.1167
pos,1981,0.4930,-1.6703,0.0330,3.1167
pos,1982,0.4930,-1.6703,0.0330,3.1167
pos,1983,0.4930,-1.6703,0.0330,3.1167
pos,1984,0.4931,-1.6703,0.0330,3.1167
pos,1985,0.4931,-1.6703,0.0330,3.1167
pos,1986,0.4931,-1.6703,0.0330,3.1167
pos,1987,0.4931,-1.6703,0.0330,3.1167
pos,1988,0.4931,-1.6703,0.0330,3.1167
pos,1989,0.4932,-1.6703,0.0330,3.1167
pos,1990,0.4932,-1.6703,0.0330,3.1167
pos,1991,0.4932,-1.6703,0.0330,3.1167
pos,1992,0.4932,-1.6703,0.0330,3.1167
pos,1993,0.4932,-1.6703,0.0330,3.1167
pos,1994,0.4933,-1.6703,0.0330,3.1167
pos,1995,0.4933,-1.6703,0.0330,3.1167
pos,1996,0.4933,-1.6703,0.0330,3.1167
pos,1997,0.4934,-1.6703,0.0330,3.1167
pos,1998,0.4934,-1.6703,0.0330,3.1167
pos,1999,0.4934,-1.6703,0.0330,3.1167
pos,2000,0.4934,-1.6703,0.0330,3.1167
pos,2001,0.4935,-1.6703,0.0330,3.1167
pos,2002,0.4935,-1.6703,0.0330,3.1167
pos,2003,0.4935,-1.6703,0.0330,3.1167
pos,2004,0.4936,-1.6703,0.0330,3.1167
pos,2005,0.4936,-1.6703,0.0330,3.1167
pos,2006,0.4936,-1.6703,0.0330,3.1167
pos,2007,0.4937,-1.6703,0.0330,3.1167
pos,2008,0.4937,-1.6703,0.0330,3.1167
pos,2009,0.4937,-1.6703,0.0330,3.1167
pos,2010,0.4938,-1.6703,0.0330,3.1167
pos,2011,0.4938,-1.6703,0.0330,3.1167
pos,2012,0.4939,-1.6703,0.0330,3.1167
pos,2013,0.4939,-1.6703,0.0330,3.1167
pos,2014,0.4939,-1.6704,0.0330,3.1167
pos,2015,0.4940,-1.6704,0.0330,3.1167
pos,2016,0.4940,-1.6704,0.0330,3.1167
pos,2017,0.4941,-1.6704,0.0330,3.1167
pos,2018,0.4941,-1.6704,0.0330,3.1167
pos,2019,0.4942,-1.6704,0.0330,3.1167
pos,2020,0.4942,-1.6704,0.0330,3.1167
pos,2021,0.4943,-1.6704,0.0330,3.1167
pos,2022,0.4943,-1.6704,0.0330,3.1167
pos,2023,0.4944,-1.6704,0.0330,3.1167
pos,2024,0.4945,-1.6704,0.0330,3.1167
pos,2025,0.4945,-1.6704,0.0330,3.1167
pos,2026,0.4946,-1.6704,0.0330,3.1167
pos,2027,0.4947,-1.6704,0.0330,3.1167
pos,2028,0.4947,-1.6704,0.0330,3.1167
pos,2029,0.4948,-1.6704,0.0330,3.1167
pos,2030,0.4949,-1.6704,0.0330,3.1167
pos,2031,0.4949,-1.6705,0.0330,3.1167
pos,2032,0.4950,-1.6705,0.0330,3.1167
pos,2033,0.4951,-1.6705,0.0330,3.1167
pos,2034,0.4952,-1.6705,0.0330,3.1167
pos,2035,0.4952,-1.6705,0.0330,3.1167
pos,2036,0.4953,-1.6705,0.0330,3.1167
pos,2037,0.4954,-1.6705,0.0330,3.1167
pos,2038,0.4955,-1.6705,0.0330,3.1167
pos,2039,0.4956,-1.6705,0.0330,3.1167
pos,2040,0.4957,-1.6705,0.0330,3.1167
pos,2041,0.4958,-1.6705,0.0330,3.1167
pos,2042,0.4959,-1.6706,0.0330,3.1167
pos,2043,0.4960,-1.6706,0.0330,3.1167
pos,2044,0.4961,-1.6706,0.0330,3.1167
pos,2045,0.4962,-1.6706,0.0330,3.1167
pos,2046,0.4963,-1.6706,0.0330,3.1167
pos,2047,0.4964,-1.6706,0.0330,3.1167
pos,2048,0.4965,-1.6706,0.0330,3.1167
pos,2049,0.4966,-1.6706,0.0330,3.1167
pos,2050,0.4968,-1.6706,0.0330,3.1167
pos,2051,0.4969,-1.6707,0.0330,3.1167
pos,2052,0.4970,-1.6707,0.0330,3.1167
pos,2053,0.4972,-1.6707,0.0330,3.1167
pos,2054,0.4973,-1.6707,0.0330,3.1167
pos,2055,0.4974,-1.6707,0.0330,3.1167
pos,2056,0.4976,-1.6707,0.0330,3.1167
pos,2057,0.4977,-1.6708,0.0330,3.1167
pos,2058,0.4979,-1.6708,0.0330,3.1167
pos,2059,0.4980,-1.6708,0.0330,3.1167
pos,2060,0.4982,-1.6708,0.0330,3.1167
pos,2061,0.4984,-1.6708,0.0330,3.1167
pos,2062,0.4986,-1.6708,0.0330,3.1167
pos,2063,0.4987,-1.6709,0.0330,3.1167
pos,2064,0.4989,-1.6709,0.0330,3.1167
pos,2065,0.4991,-1.6709,0.0330,3.1167
pos,2066,0.4993,-1.6709,0.0330,3.1167
pos,2067,0.4995,-1.6709,0.0330,3.1167
pos,2068,0.4997,-1.6710,0.0330,3.1167
pos,2069,0.4999,-1.6710,0.0330,3.1167
pos,2070,0.5001,-1.6710,0.0330,3.1167
pos,2071,0.5004,-1.6710,0.0330,3.1167
pos,2072,0.5006,-1.6711,0.0330,3.1167
pos,2073,0.5008,-1.6711,0.0330,3.1167
pos,2074,0.5011,-1.6711,0.0330,3.1167
pos,2075,0.5013,-1.6711,0.0330,3.1167
pos,2076,0.5016,-1.6712,0.0330,3.1167
pos,2077,0.5019,-1.6712,0.0330,3.1167
pos,2078,0.5022,-1.6712,0.0330,3.1167
pos,2079,0.5024,-1.6713,0.0330,3.1167
pos,2080,0.5027,-1.6713,0.0330,3.1167
pos,2081,0.5030,-1.6713,0.0330,3.1167
pos,2082,0.5033,-1.6714,0.0330,3.1167
pos,2083,0.5037,-1.6714,0.0330,3.1167
pos,2084,0.5040,-1.6714,0.0330,3.1167
pos,2085,0.5043,-1.6715,0.0330,3.1167
pos,2086,0.5047,-1.6715,0.0330,3.1167
pos,2087,0.5050,-1.6716,0.0330,3.1166
pos,2088,0.5054,-1.6716,0.0330,3.1166
pos,2089,0.5058,-1.6716,0.0330,3.1166
pos,2090,0.5062,-1.6717,0.0330,3.1166
pos,2091,0.5066,-1.6717,0.0330,3.1166
pos,2092,0.5070,-1.6718,0.0330,3.1166
pos,2093,0.5074,-1.6718,0.0330,3.1166
pos,2094,0.5079,-1.6719,0.0330,3.1166
pos,2095,0.5083,-1.6719,0.0330,3.1166
pos,2096,0.5088,-1.6720,0.0330,3.1166
pos,2097,0.5092,-1.6720,0.0330,3.1166
pos,2098,0.5097,-1.6721,0.0330,3.1166
pos,2099,0.5102,-1.6722,0.0330,3.1166
pos,2100,0.5108,-1.6722,0.0330,3.1166
pos,2101,0.5113,-1.6723,0.0330,3.1166
pos,2102,0.5119,-1.6723,0.0330,3.1166
pos,2103,0.5124,-1.6724,0.0330,3.1166
pos,2104,0.5130,-1.6725,0.0330,3.1166
pos,2105,0.5136,-1.6725,0.0330,3.1166
pos,2106,0.5142,-1.6726,0.0330,3.1166
pos,2107,0.5149,-1.6727,0.0330,3.1166
pos,2108,0.5155,-1.6728,0.0330,3.1166
pos,2109,0.5162,-1.6729,0.0330,3.1166
pos,2110,0.5169,-1.6729,0.0330,3.1166
pos,2111,0.5176,-1.6730,0.0330,3.1166
pos,2112,0.5184,-1.6731,0.0330,3.1166
pos,2113,0.5191,-1.6732,0.0330,3.1166
pos,2114,0.5199,-1.6733,0.0330,3.1166
pos,2115,0.5207,-1.6734,0.0330,3.1166
pos,2116,0.5215,-1.6735,0.0330,3.1166
pos,2117,0.5224,-1.6736,0.0330,3.1166
pos,2118,0.5233,-1.6737,0.0330,3.1166
pos,2119,0.5242,-1.6738,0.0330,3.1166
pos,2120,0.5251,-1.6739,0.0330,3.1166
pos,2121,0.5260,-1.6740,0.0330,3.1166
pos,2122,0.5270,-1.6741,0.0330,3.1166
pos,2123,0.5280,-1.6743,0.0330,3.1166
pos,2124,0.5291,-1.6744,0.0330,3.1166
pos,2125,0.5302,-1.6745,0.0330,3.1166
pos,2126,0.5313,-1.6746,0.0330,3.1166
pos,2127,0.5324,-1.6748,0.0330,3.1166
pos,2128,0.5336,-1.6749,0.0330,3.1166
pos,2129,0.5348,-1.6751,0.0330,3.1166
pos,2130,0.5360,-1.6752,0.0330,3.1166
pos,2131,0.5373,-1.6754,0.0330,3.1165
pos,2132,0.5386,-1.6755,0.0330,3.1165
pos,2133,0.5399,-1.6757,0.0330,3.1165
pos,2134,0.5413,-1.6759,0.0330,3.1165
pos,2135,0.5428,-1.6760,0.0330,3.1165
pos,2136,0.5442,-1.6762,0.0330,3.1165
pos,2137,0.5458,-1.6764,0.0330,3.1165
pos,2138,0.5473,-1.6766,0.0330,3.1165
pos,2139,0.5489,-1.6768,0.0330,3.1165
pos,2140,0.5506,-1.6770,0.0330,3.1165
pos,2141,0.5523,-1.6772,0.0330,3.1165
pos,2142,0.5541,-1.6774,0.0330,3.1165
pos,2143,0.5559,-1.6777,0.0330,3.1165
pos,2144,0.5577,-1.6779,0.0330,3.1165
pos,2145,0.5596,-1.6781,0.0330,3.1165
pos,2146,0.5616,-1.6784,0.0330,3.1165
pos,2147,0.5636,-1.6787,0.0330,3.1165
pos,2148,0.5657,-1.6789,0.0330,3.1165
pos,2149,0.5679,-1.6792,0.0330,3.1165
pos,2150,0.5701,-1.6795,0.0330,3.1165
pos,2151,0.5724,-1.6798,0.0330,3.1165
pos,2152,0.5747,-1.6801,0.0330,3.1165
pos,2153,0.5771,-1.6804,0.0330,3.1165
pos,2154,0.5796,-1.6807,0.0330,3.1165
pos,2155,0.5822,-1.6810,0.0330,3.1165
pos,2156,0.5848,-1.6814,0.0330,3.1165
pos,2157,0.5876,-1.6817,0.0330,3.1165
pos,2158,0.5904,-1.6821,0.0330,3.1165
pos,2159,0.5932,-1.6825,0.0330,3.1165
pos,2160,0.5962,-1.6828,0.0330,3.1165
pos,2161,0.5993,-1.6832,0.0330,3.1165
pos,2162,0.6024,-1.6837,0.0330,3.1165
pos,2163,0.6057,-1.6841,0.0330,3.1165
