delay,50
pos,0,-0.6904,-2.0753,1.5351,-0.2786
pos,1,-0.6904,-2.0753,1.5350,-0.2786
pos,2,-0.6906,-2.0753,1.5348,-0.2786
pos,3,-0.6907,-2.0752,1.5346,-0.2785
pos,4,-0.6909,-2.0751,1.5344,-0.2784
pos,5,-0.6912,-2.0750,1.5342,-0.2783
pos,6,-0.6915,-2.0748,1.5339,-0.2782
pos,7,-0.6918,-2.0747,1.5337,-0.2780
pos,8,-0.6922,-2.0745,1.5335,-0.2778
pos,9,-0.6926,-2.0743,1.5332,-0.2776
pos,10,-0.6931,-2.0741,1.5329,-0.2774
pos,11,-0.6936,-2.0738,1.5327,-0.2771
pos,12,-0.6941,-2.0735,1.5324,-0.2768
pos,13,-0.6946,-2.0732,1.5322,-0.2764
pos,14,-0.6952,-2.0729,1.5321,-0.2761
pos,15,-0.6958,-2.0725,1.5319,-0.2757
pos,16,-0.6965,-2.0722,1.5317,-0.2753
pos,17,-0.6971,-2.0718,1.5314,-0.2749
pos,18,-0.6978,-2.0714,1.5311,-0.2744
pos,19,-0.6985,-2.0710,1.5309,-0.2740
pos,20,-0.6992,-2.0705,1.5307,-0.2735
pos,21,-0.6999,-2.0700,1.5306,-0.2730
pos,22,-0.7006,-2.0695,1.5305,-0.2725
pos,23,-0.7013,-2.0690,1.5304,-0.2719
pos,24,-0.7021,-2.0684,1.5303,-0.2713
pos,25,-0.7028,-2.0678,1.5302,-0.2707
pos,26,-0.7036,-2.0672,1.5301,-0.2700
pos,27,-0.7044,-2.0668,1.5301,-0.2694
pos,28,-0.7051,-2.0664,1.5301,-0.2687
pos,29,-0.7059,-2.0659,1.5300,-0.2680
pos,30,-0.7066,-2.0655,1.5300,-0.2672
pos,31,-0.7074,-2.0649,1.5300,-0.2664
pos,32,-0.7081,-2.0644,1.5300,-0.2655
pos,33,-0.7088,-2.0638,1.5300,-0.2646
pos,34,-0.7095,-2.0633,1.5300,-0.2637
pos,35,-0.7101,-2.0629,1.5300,-0.2627
pos,36,-0.7107,-2.0625,1.5300,-0.2617
pos,37,-0.7112,-2.0622,1.5301,-0.2607
pos,38,-0.7117,-2.0618,1.5301,-0.2596
pos,39,-0.7121,-2.0614,1.5302,-0.2585
pos,40,-0.7124,-2.0610,1.5303,-0.2573
pos,41,-0.7126,-2.0606,1.5303,-0.2561
pos,42,-0.7128,-2.0602,1.5303,-0.2549
pos,43,-0.7128,-2.0598,1.5304,-0.2536
pos,44,-0.7128,-2.0594,1.5305,-0.2522
pos,45,-0.7126,-2.0591,1.5305,-0.2507
pos,46,-0.7122,-2.0587,1.5306,-0.2492
pos,47,-0.7117,-2.0584,1.5305,-0.2476
pos,48,-0.7111,-2.0581,1.5304,-0.2459
pos,49,-0.7102,-2.0578,1.5303,-0.2441
pos,50,-0.7091,-2.0575,1.5302,-0.2423
pos,51,-0.7128,-2.0560,1.5301,-0.2403
pos,52,-0.7165,-2.0545,1.5300,-0.2383
pos,53,-0.7203,-2.0529,1.5298,-0.2362
pos,54,-0.7241,-2.0512,1.5296,-0.2340
pos,55,-0.7279,-2.0498,1.5295,-0.2317
pos,56,-0.7319,-2.0486,1.5294,-0.2304
pos,57,-0.7359,-2.0475,1.5293,-0.2302
pos,58,-0.7400,-2.0466,1.5292,-0.2310
pos,59,-0.7442,-2.0456,1.5291,-0.2329
pos,60,-0.7486,-2.0446,1.5289,-0.2346
pos,61,-0.7532,-2.0435,1.5286,-0.2363
pos,62,-0.7579,-2.0423,1.5283,-0.2379
pos,63,-0.7629,-2.0410,1.5280,-0.2395
pos,64,-0.7680,-2.0396,1.5276,-0.2410
pos,65,-0.7734,-2.0381,1.5272,-0.2423
pos,66,-0.7790,-2.0365,1.5268,-0.2436
pos,67,-0.7849,-2.0348,1.5262,-0.2449
pos,68,-0.7910,-2.0330,1.5256,-0.2461
pos,69,-0.7975,-2.0311,1.5250,-0.2472
pos,70,-0.8042,-2.0291,1.5243,-0.2483
pos,71,-0.8113,-2.0270,1.5236,-0.2493
pos,72,-0.8188,-2.0248,1.5228,-0.2503
pos,73,-0.8266,-2.0224,1.5221,-0.2512
pos,74,-0.8344,-2.0200,1.5214,-0.2520
pos,75,-0.8423,-2.0176,1.5207,-0.2528
pos,76,-0.8503,-2.0151,1.5200,-0.2535
pos,77,-0.8584,-2.0125,1.5192,-0.2542
pos,78,-0.8667,-2.0099,1.5183,-0.2548
pos,79,-0.8751,-2.0072,1.5175,-0.2554
pos,80,-0.8837,-2.0044,1.5167,-0.2560
pos,81,-0.8925,-2.0016,1.5161,-0.2567
pos,82,-0.9014,-1.9988,1.5154,-0.2573
pos,83,-0.9106,-1.9959,1.5147,-0.2580
pos,84,-0.9199,-1.9929,1.5139,-0.2586
pos,85,-0.9294,-1.9898,1.5131,-0.2591
pos,86,-0.9392,-1.9867,1.5123,-0.2597
pos,87,-0.9491,-1.9835,1.5114,-0.2602
pos,88,-0.9592,-1.9803,1.5106,-0.2607
pos,89,-0.9696,-1.9770,1.5097,-0.2612
pos,90,-0.9801,-1.9736,1.5089,-0.2616
pos,91,-0.9908,-1.9701,1.5080,-0.2621
pos,92,-1.0017,-1.9666,1.5072,-0.2625
pos,93,-1.0128,-1.9631,1.5063,-0.2629
pos,94,-1.0241,-1.9594,1.5055,-0.2633
pos,95,-1.0355,-1.9558,1.5046,-0.2636
pos,96,-1.0471,-1.9520,1.5038,-0.2640
pos,97,-1.0588,-1.9483,1.5030,-0.2643
pos,98,-1.0707,-1.9444,1.5022,-0.2646
pos,99,-1.0827,-1.9406,1.5014,-0.2650
pos,100,-1.0949,-1.9366,1.5006,-0.2653
pos,101,-1.1074,-1.9326,1.4997,-0.2656
pos,102,-1.1200,-1.9286,1.4989,-0.2659
pos,103,-1.1327,-1.9245,1.4980,-0.2662
pos,104,-1.1454,-1.9203,1.4973,-0.2664
pos,105,-1.1583,-1.9162,1.4964,-0.2667
pos,106,-1.1712,-1.9120,1.4956,-0.2669
pos,107,-1.1842,-1.9078,1.4948,-0.2671
pos,108,-1.1972,-1.9036,1.4940,-0.2673
pos,109,-1.2103,-1.8994,1.4932,-0.2675
pos,110,-1.2234,-1.8951,1.4924,-0.2677
pos,111,-1.2365,-1.8909,1.4916,-0.2678
pos,112,-1.2496,-1.8866,1.4907,-0.2680
pos,113,-1.2628,-1.8823,1.4899,-0.2681
pos,114,-1.2760,-1.8781,1.4891,-0.2682
pos,115,-1.2891,-1.8738,1.4883,-0.2684
pos,116,-1.3022,-1.8695,1.4875,-0.2685
pos,117,-1.3154,-1.8652,1.4867,-0.2686
pos,118,-1.3284,-1.8610,1.4859,-0.2687
pos,119,-1.3415,-1.8567,1.4851,-0.2688
pos,120,-1.3545,-1.8525,1.4843,-0.2689
pos,121,-1.3675,-1.8482,1.4836,-0.2690
pos,122,-1.3804,-1.8440,1.4828,-0.2691
pos,123,-1.3932,-1.8398,1.4820,-0.2692
pos,124,-1.4060,-1.8356,1.4812,-0.2693
pos,125,-1.4188,-1.8314,1.4805,-0.2694
pos,126,-1.4314,-1.8273,1.4799,-0.2695
pos,127,-1.4440,-1.8232,1.4792,-0.2696
pos,128,-1.4565,-1.8191,1.4786,-0.2697
pos,129,-1.4689,-1.8150,1.4779,-0.2698
pos,130,-1.4812,-1.8110,1.4773,-0.2699
pos,131,-1.4934,-1.8070,1.4768,-0.2700
pos,132,-1.5055,-1.8030,1.4762,-0.2701
pos,133,-1.5176,-1.7990,1.4757,-0.2703
pos,134,-1.5295,-1.7951,1.4752,-0.2704
pos,135,-1.5414,-1.7913,1.4747,-0.2705
pos,136,-1.5532,-1.7874,1.4742,-0.2706
pos,137,-1.5650,-1.7835,1.4737,-0.2708
pos,138,-1.5767,-1.7797,1.4732,-0.2709
pos,139,-1.5883,-1.7760,1.4727,-0.2710
pos,140,-1.5998,-1.7722,1.4723,-0.2711
pos,141,-1.6112,-1.7685,1.4717,-0.2713
pos,142,-1.6226,-1.7649,1.4712,-0.2714
pos,143,-1.6339,-1.7612,1.4706,-0.2715
pos,144,-1.6452,-1.7576,1.4700,-0.2716
pos,145,-1.6564,-1.7540,1.4694,-0.2718
pos,146,-1.6676,-1.7504,1.4689,-0.2719
pos,147,-1.6788,-1.7469,1.4683,-0.2720
pos,148,-1.6899,-1.7433,1.4677,-0.2721
pos,149,-1.7010,-1.7398,1.4671,-0.2722
pos,150,-1.7117,-1.7364,1.4665,-0.2723
pos,151,-1.7222,-1.7331,1.4660,-0.2724
pos,152,-1.7323,-1.7299,1.4654,-0.2725
pos,153,-1.7422,-1.7268,1.4648,-0.2726
pos,154,-1.7518,-1.7238,1.4642,-0.2727
pos,155,-1.7611,-1.7209,1.4636,-0.2728
pos,156,-1.7702,-1.7180,1.4629,-0.2729
pos,157,-1.7791,-1.7153,1.4622,-0.2730
pos,158,-1.7878,-1.7126,1.4616,-0.2731
pos,159,-1.7962,-1.7100,1.4609,-0.2732
pos,160,-1.8044,-1.7075,1.4603,-0.2733
pos,161,-1.8123,-1.7051,1.4597,-0.2734
pos,162,-1.8200,-1.7027,1.4590,-0.2735
pos,163,-1.8276,-1.7004,1.4583,-0.2736
pos,164,-1.8349,-1.6982,1.4576,-0.2737
pos,165,-1.8419,-1.6961,1.4570,-0.2738
pos,166,-1.8488,-1.6941,1.4563,-0.2740
pos,167,-1.8554,-1.6921,1.4556,-0.2741
pos,168,-1.8617,-1.6902,1.4549,-0.2742
pos,169,-1.8679,-1.6884,1.4542,-0.2743
pos,170,-1.8738,-1.6867,1.4535,-0.2745
pos,171,-1.8794,-1.6850,1.4529,-0.2746
pos,172,-1.8848,-1.6835,1.4523,-0.2747
pos,173,-1.8899,-1.6820,1.4517,-0.2749
pos,174,-1.8948,-1.6805,1.4511,-0.2750
pos,175,-1.8993,-1.6792,1.4505,-0.2752
pos,176,-1.9037,-1.6780,1.4499,-0.2753
pos,177,-1.9077,-1.6768,1.4493,-0.2754
pos,178,-1.9114,-1.6757,1.4487,-0.2756
pos,179,-1.9148,-1.6747,1.4481,-0.2758
pos,180,-1.9180,-1.6738,1.4477,-0.2759
pos,181,-1.9209,-1.6729,1.4473,-0.2759
pos,182,-1.9234,-1.6721,1.4469,-0.2759
pos,183,-1.9257,-1.6714,1.4465,-0.2759
pos,184,-1.9276,-1.6708,1.4462,-0.2759
pos,185,-1.9292,-1.6702,1.4458,-0.2758
pos,186,-1.9305,-1.6698,1.4454,-0.2757
pos,187,-1.9315,-1.6694,1.4450,-0.2756
pos,188,-1.9321,-1.6690,1.4446,-0.2755
pos,189,-1.9324,-1.6688,1.4443,-0.2754
pos,190,-1.9323,-1.6687,1.4441,-0.2753
pos,191,-1.9319,-1.6686,1.4439,-0.2752
pos,192,-1.9312,-1.6687,1.4437,-0.2751
pos,193,-1.9300,-1.6688,1.4435,-0.2750
pos,194,-1.9286,-1.6689,1.4433,-0.2749
pos,195,-1.9268,-1.6692,1.4432,-0.2749
pos,196,-1.9246,-1.6696,1.4430,-0.2748
pos,197,-1.9220,-1.6700,1.4429,-0.2748
pos,198,-1.9192,-1.6705,1.4429,-0.2747
pos,199,-1.9159,-1.6711,1.4429,-0.2747
pos,200,-1.9123,-1.6717,1.4429,-0.2747
pos,201,-1.9084,-1.6725,1.4430,-0.2747
pos,202,-1.9041,-1.6733,1.4430,-0.2746
pos,203,-1.8994,-1.6742,1.4431,-0.2746
pos,204,-1.8944,-1.6752,1.4432,-0.2746
pos,205,-1.8891,-1.6762,1.4433,-0.2746
pos,206,-1.8834,-1.6773,1.4434,-0.2745
pos,207,-1.8774,-1.6785,1.4435,-0.2745
pos,208,-1.8711,-1.6798,1.4436,-0.2745
pos,209,-1.8644,-1.6811,1.4436,-0.2744
pos,210,-1.8574,-1.6825,1.4436,-0.2744
pos,211,-1.8501,-1.6840,1.4436,-0.2744
pos,212,-1.8425,-1.6856,1.4435,-0.2743
pos,213,-1.8345,-1.6872,1.4435,-0.2743
pos,214,-1.8262,-1.6889,1.4435,-0.2743
pos,215,-1.8177,-1.6906,1.4434,-0.2743
pos,216,-1.8088,-1.6924,1.4432,-0.2743
pos,217,-1.7996,-1.6943,1.4431,-0.2744
pos,218,-1.7901,-1.6963,1.4429,-0.2744
pos,219,-1.7803,-1.6983,1.4428,-0.2744
pos,220,-1.7702,-1.7004,1.4427,-0.2745
pos,221,-1.7598,-1.7025,1.4426,-0.2745
pos,222,-1.7491,-1.7048,1.4425,-0.2746
pos,223,-1.7381,-1.7071,1.4425,-0.2746
pos,224,-1.7268,-1.7094,1.4425,-0.2747
pos,225,-1.7153,-1.7119,1.4424,-0.2747
pos,226,-1.7035,-1.7144,1.4426,-0.2746
pos,227,-1.6914,-1.7170,1.4429,-0.2746
pos,228,-1.6790,-1.7196,1.4432,-0.2745
pos,229,-1.6663,-1.7224,1.4435,-0.2744
pos,230,-1.6534,-1.7251,1.4439,-0.2743
pos,231,-1.6402,-1.7280,1.4443,-0.2743
pos,232,-1.6267,-1.7310,1.4448,-0.2742
pos,233,-1.6129,-1.7340,1.4453,-0.2741
pos,234,-1.5988,-1.7371,1.4459,-0.2741
pos,235,-1.5844,-1.7402,1.4465,-0.2740
pos,236,-1.5698,-1.7435,1.4471,-0.2740
pos,237,-1.5548,-1.7468,1.4478,-0.2740
pos,238,-1.5395,-1.7503,1.4485,-0.2739
pos,239,-1.5239,-1.7538,1.4493,-0.2739
pos,240,-1.5080,-1.7574,1.4500,-0.2738
pos,241,-1.4917,-1.7612,1.4507,-0.2738
pos,242,-1.4752,-1.7650,1.4515,-0.2738
pos,243,-1.4582,-1.7689,1.4524,-0.2737
pos,244,-1.4412,-1.7728,1.4533,-0.2737
pos,245,-1.4242,-1.7768,1.4542,-0.2737
pos,246,-1.4072,-1.7808,1.4551,-0.2737
pos,247,-1.3901,-1.7848,1.4561,-0.2737
pos,248,-1.3729,-1.7888,1.4570,-0.2736
pos,249,-1.3557,-1.7929,1.4579,-0.2736
pos,250,-1.3383,-1.7970,1.4588,-0.2736
pos,251,-1.3209,-1.8011,1.4598,-0.2735
pos,252,-1.3034,-1.8053,1.4608,-0.2735
pos,253,-1.2858,-1.8095,1.4617,-0.2734
pos,254,-1.2681,-1.8138,1.4627,-0.2734
pos,255,-1.2502,-1.8181,1.4637,-0.2733
pos,256,-1.2323,-1.8225,1.4647,-0.2733
pos,257,-1.2142,-1.8269,1.4657,-0.2732
pos,258,-1.1960,-1.8314,1.4666,-0.2731
pos,259,-1.1777,-1.8359,1.4676,-0.2730
pos,260,-1.1593,-1.8405,1.4686,-0.2730
pos,261,-1.1408,-1.8451,1.4697,-0.2729
pos,262,-1.1221,-1.8498,1.4708,-0.2728
pos,263,-1.1033,-1.8545,1.4719,-0.2727
pos,264,-1.0844,-1.8593,1.4730,-0.2725
pos,265,-1.0654,-1.8641,1.4741,-0.2724
pos,266,-1.0462,-1.8690,1.4753,-0.2723
pos,267,-1.0270,-1.8740,1.4765,-0.2721
pos,268,-1.0076,-1.8790,1.4777,-0.2719
pos,269,-0.9882,-1.8840,1.4789,-0.2717
pos,270,-0.9686,-1.8891,1.4800,-0.2715
pos,271,-0.9490,-1.8942,1.4812,-0.2713
pos,272,-0.9292,-1.8994,1.4824,-0.2710
pos,273,-0.9094,-1.9046,1.4835,-0.2707
pos,274,-0.8896,-1.9099,1.4847,-0.2704
pos,275,-0.8696,-1.9152,1.4857,-0.2700
pos,276,-0.8495,-1.9206,1.4868,-0.2696
pos,277,-0.8294,-1.9260,1.4879,-0.2692
pos,278,-0.8092,-1.9314,1.4889,-0.2688
pos,279,-0.7890,-1.9369,1.4899,-0.2684
pos,280,-0.7686,-1.9424,1.4908,-0.2679
pos,281,-0.7482,-1.9480,1.4917,-0.2675
pos,282,-0.7274,-1.9537,1.4928,-0.2671
pos,283,-0.7061,-1.9596,1.4940,-0.2666
pos,284,-0.6843,-1.9656,1.4953,-0.2662
pos,285,-0.6625,-1.9717,1.4966,-0.2657
pos,286,-0.6407,-1.9777,1.4978,-0.2653
pos,287,-0.6190,-1.9838,1.4989,-0.2649
pos,288,-0.5973,-1.9898,1.5000,-0.2644
pos,289,-0.5757,-1.9959,1.5011,-0.2640
pos,290,-0.5542,-2.0019,1.5022,-0.2635
pos,291,-0.5327,-2.0079,1.5032,-0.2631
pos,292,-0.5113,-2.0139,1.5043,-0.2626
pos,293,-0.4899,-2.0199,1.5053,-0.2621
pos,294,-0.4686,-2.0259,1.5064,-0.2617
pos,295,-0.4474,-2.0319,1.5074,-0.2612
pos,296,-0.4263,-2.0379,1.5084,-0.2607
pos,297,-0.4054,-2.0438,1.5093,-0.2602
pos,298,-0.3847,-2.0497,1.5102,-0.2597
pos,299,-0.3641,-2.0555,1.5111,-0.2592
pos,300,-0.3437,-2.0613,1.5119,-0.2586
pos,301,-0.3234,-2.0671,1.5127,-0.2581
pos,302,-0.3034,-2.0728,1.5135,-0.2575
pos,303,-0.2836,-2.0785,1.5142,-0.2569
pos,304,-0.2640,-2.0841,1.5149,-0.2563
pos,305,-0.2446,-2.0897,1.5156,-0.2556
pos,306,-0.2254,-2.0952,1.5162,-0.2549
pos,307,-0.2064,-2.1007,1.5168,-0.2542
pos,308,-0.1877,-2.1061,1.5173,-0.2534
pos,309,-0.1693,-2.1115,1.5178,-0.2525
pos,310,-0.1510,-2.1167,1.5183,-0.2516
pos,311,-0.1331,-2.1220,1.5188,-0.2507
pos,312,-0.1154,-2.1272,1.5192,-0.2497
pos,313,-0.0979,-2.1323,1.5195,-0.2487
pos,314,-0.0807,-2.1374,1.5198,-0.2476
pos,315,-0.0638,-2.1424,1.5201,-0.2464
pos,316,-0.0472,-2.1473,1.5202,-0.2452
pos,317,-0.0308,-2.1522,1.5203,-0.2439
pos,318,-0.0146,-2.1570,1.5204,-0.2426
pos,319,0.0012,-2.1617,1.5204,-0.2412
pos,320,0.0168,-2.1664,1.5203,-0.2398
pos,321,0.0321,-2.1710,1.5201,-0.2383
pos,322,0.0472,-2.1755,1.5202,-0.2376
pos,323,0.0620,-2.1800,1.5206,-0.2377
pos,324,0.0765,-2.1845,1.5210,-0.2378
pos,325,0.0908,-2.1889,1.5212,-0.2377
pos,326,0.1048,-2.1932,1.5214,-0.2376
pos,327,0.1186,-2.1974,1.5215,-0.2375
pos,328,0.1321,-2.2016,1.5215,-0.2373
pos,329,0.1453,-2.2058,1.5215,-0.2370
pos,330,0.1583,-2.2098,1.5215,-0.2367
pos,331,0.1711,-2.2138,1.5215,-0.2363
pos,332,0.1836,-2.2177,1.5214,-0.2358
pos,333,0.1958,-2.2215,1.5213,-0.2353
pos,334,0.2079,-2.2253,1.5212,-0.2347
pos,335,0.2197,-2.2290,1.5210,-0.2340
pos,336,0.2312,-2.2327,1.5209,-0.2332
pos,337,0.2425,-2.2362,1.5207,-0.2324
pos,338,0.2536,-2.2398,1.5206,-0.2315
pos,339,0.2645,-2.2432,1.5204,-0.2305
pos,340,0.2752,-2.2466,1.5203,-0.2295
pos,341,0.2856,-2.2499,1.5202,-0.2283
pos,342,0.2959,-2.2532,1.5201,-0.2271
pos,343,0.3060,-2.2564,1.5200,-0.2258
pos,344,0.3159,-2.2596,1.5200,-0.2244
pos,345,0.3255,-2.2627,1.5199,-0.2230
pos,346,0.3350,-2.2658,1.5198,-0.2214
pos,347,0.3443,-2.2688,1.5197,-0.2197
pos,348,0.3535,-2.2717,1.5196,-0.2179
pos,349,0.3624,-2.2746,1.5196,-0.2160
pos,350,0.3711,-2.2774,1.5195,-0.2141
pos,351,0.3797,-2.2801,1.5194,-0.2120
pos,352,0.3881,-2.2828,1.5194,-0.2098
pos,353,0.3964,-2.2855,1.5193,-0.2075
pos,354,0.4044,-2.2881,1.5193,-0.2050
pos,355,0.4123,-2.2906,1.5192,-0.2025
pos,356,0.4201,-2.2931,1.5191,-0.1998
pos,357,0.4276,-2.2955,1.5190,-0.1970
pos,358,0.4351,-2.2979,1.5188,-0.1941
pos,359,0.4423,-2.3002,1.5187,-0.1910
pos,360,0.4495,-2.3025,1.5184,-0.1881
pos,361,0.4564,-2.3047,1.5182,-0.1855
pos,362,0.4633,-2.3068,1.5179,-0.1832
pos,363,0.4699,-2.3090,1.5176,-0.1810
pos,364,0.4765,-2.3110,1.5172,-0.1790
pos,365,0.4829,-2.3130,1.5168,-0.1772
pos,366,0.4891,-2.3150,1.5163,-0.1756
pos,367,0.4953,-2.3169,1.5158,-0.1742
pos,368,0.5013,-2.3188,1.5152,-0.1729
pos,369,0.5072,-2.3207,1.5146,-0.1718
pos,370,0.5129,-2.3225,1.5139,-0.1709
pos,371,0.5186,-2.3242,1.5131,-0.1701
pos,372,0.5241,-2.3259,1.5124,-0.1694
pos,373,0.5294,-2.3276,1.5115,-0.1689
pos,374,0.5347,-2.3292,1.5106,-0.1684
pos,375,0.5398,-2.3308,1.5097,-0.1681
pos,376,0.5448,-2.3324,1.5086,-0.1679
pos,377,0.5497,-2.3339,1.5076,-0.1677
pos,378,0.5545,-2.3354,1.5065,-0.1677
pos,379,0.5591,-2.3369,1.5053,-0.1674
pos,380,0.5636,-2.3383,1.5041,-0.1667
pos,381,0.5680,-2.3397,1.5029,-0.1657
pos,382,0.5723,-2.3410,1.5017,-0.1644
pos,383,0.5764,-2.3424,1.5003,-0.1628
pos,384,0.5805,-2.3436,1.4990,-0.1609
pos,385,0.5844,-2.3449,1.4976,-0.1587
pos,386,0.5882,-2.3461,1.4963,-0.1561
pos,387,0.5919,-2.3473,1.4949,-0.1532
pos,388,0.5955,-2.3485,1.4936,-0.1499
pos,389,0.5990,-2.3497,1.4922,-0.1463
pos,390,0.6024,-2.3508,1.4909,-0.1423
pos,391,0.6056,-2.3519,1.4896,-0.1379
pos,392,0.6088,-2.3530,1.4883,-0.1331
pos,393,0.6119,-2.3541,1.4871,-0.1278
pos,394,0.6149,-2.3551,1.4859,-0.1222
pos,395,0.6178,-2.3562,1.4847,-0.1161
pos,396,0.6207,-2.3572,1.4835,-0.1095
pos,397,0.6234,-2.3581,1.4823,-0.1025
pos,398,0.6261,-2.3591,1.4812,-0.0950
pos,399,0.6287,-2.3600,1.4800,-0.0870
pos,400,0.6312,-2.3610,1.4789,-0.0785
pos,401,0.6336,-2.3618,1.4778,-0.0695
pos,402,0.6360,-2.3627,1.4767,-0.0598
pos,403,0.6383,-2.3636,1.4755,-0.0497
pos,404,0.6406,-2.3644,1.4744,-0.0389
pos,405,0.6428,-2.3652,1.4733,-0.0275
pos,406,0.6449,-2.3660,1.4722,-0.0155
pos,407,0.6470,-2.3668,1.4712,-0.0033
pos,408,0.6490,-2.3675,1.4701,0.0093
pos,409,0.6510,-2.3682,1.4691,0.0222
pos,410,0.6529,-2.3690,1.4681,0.0354
pos,411,0.6548,-2.3697,1.4672,0.0491
pos,412,0.6566,-2.3704,1.4662,0.0631
pos,413,0.6584,-2.3710,1.4654,0.0777
pos,414,0.6602,-2.3717,1.4646,0.0927
pos,415,0.6619,-2.3724,1.4639,0.1081
pos,416,0.6636,-2.3730,1.4632,0.1241
pos,417,0.6652,-2.3736,1.4627,0.1407
pos,418,0.6668,-2.3742,1.4620,0.1577
pos,419,0.6684,-2.3747,1.4615,0.1755
pos,420,0.6700,-2.3753,1.4610,0.1940
pos,421,0.6715,-2.3758,1.4606,0.2132
pos,422,0.6731,-2.3764,1.4603,0.2331
pos,423,0.6746,-2.3769,1.4601,0.2538
pos,424,0.6761,-2.3774,1.4600,0.2753
pos,425,0.6776,-2.3779,1.4599,0.2975
pos,426,0.6791,-2.3783,1.4599,0.3205
pos,427,0.6805,-2.3787,1.4599,0.3443
pos,428,0.6819,-2.3790,1.4600,0.3691
pos,429,0.6833,-2.3793,1.4601,0.3948
pos,430,0.6846,-2.3796,1.4603,0.4215
pos,431,0.6860,-2.3799,1.4606,0.4493
pos,432,0.6873,-2.3801,1.4610,0.4752
pos,433,0.6886,-2.3803,1.4615,0.4993
pos,434,0.6898,-2.3805,1.4620,0.5216
pos,435,0.6911,-2.3807,1.4626,0.5423
pos,436,0.6923,-2.3808,1.4633,0.5613
pos,437,0.6936,-2.3809,1.4640,0.5786
pos,438,0.6948,-2.3810,1.4648,0.5948
pos,439,0.6960,-2.3811,1.4657,0.6098
pos,440,0.6972,-2.3811,1.4666,0.6236
pos,441,0.6984,-2.3812,1.4675,0.6364
pos,442,0.6995,-2.3812,1.4684,0.6480
pos,443,0.7007,-2.3812,1.4694,0.6585
pos,444,0.7019,-2.3811,1.4705,0.6680
pos,445,0.7030,-2.3811,1.4717,0.6765
pos,446,0.7042,-2.3810,1.4728,0.6839
pos,447,0.7054,-2.3809,1.4740,0.6903
pos,448,0.7065,-2.3808,1.4752,0.6957
pos,449,0.7077,-2.3807,1.4765,0.7002
pos,450,0.7089,-2.3805,1.4778,0.7036
pos,451,0.7101,-2.3803,1.4792,0.7061
pos,452,0.7112,-2.3802,1.4805,0.7076
pos,453,0.7124,-2.3800,1.4819,0.7082
pos,454,0.7136,-2.3798,1.4832,0.7078
pos,455,0.7148,-2.3795,1.4846,0.7064
pos,456,0.7160,-2.3793,1.4859,0.7041
pos,457,0.7173,-2.3790,1.4873,0.7008
pos,458,0.7185,-2.3787,1.4886,0.6965
pos,459,0.7198,-2.3784,1.4899,0.6912
pos,460,0.7211,-2.3781,1.4912,0.6849
pos,461,0.7224,-2.3777,1.4924,0.6775
pos,462,0.7238,-2.3774,1.4936,0.6691
pos,463,0.7252,-2.3770,1.4948,0.6597
pos,464,0.7266,-2.3767,1.4959,0.6492
pos,465,0.7281,-2.3763,1.4970,0.6377
pos,466,0.7297,-2.3758,1.4981,0.6250
pos,467,0.7314,-2.3754,1.4991,0.6112
pos,468,0.7331,-2.3749,1.5001,0.5963
pos,469,0.7347,-2.3746,1.5010,0.5803
pos,470,0.7361,-2.3745,1.5018,0.5630
pos,471,0.7374,-2.3745,1.5026,0.5445
pos,472,0.7385,-2.3746,1.5032,0.5247
pos,473,0.7395,-2.3749,1.5037,0.5037
pos,474,0.7403,-2.3752,1.5041,0.4813
pos,475,0.7410,-2.3757,1.5043,0.4576
pos,476,0.7416,-2.3763,1.5047,0.4325
pos,477,0.7421,-2.3769,1.5050,0.4059
pos,478,0.7425,-2.3776,1.5053,0.3779
pos,479,0.7428,-2.3784,1.5056,0.3483
pos,480,0.7430,-2.3792,1.5059,0.3172
pos,481,0.7431,-2.3800,1.5061,0.2844
pos,482,0.7432,-2.3808,1.5063,0.2499
pos,483,0.7431,-2.3817,1.5065,0.2137
pos,484,0.7430,-2.3825,1.5066,0.1790
pos,485,0.7428,-2.3832,1.5067,0.1455
pos,486,0.7425,-2.3840,1.5069,0.1134
pos,487,0.7422,-2.3846,1.5069,0.0826
pos,488,0.7419,-2.3853,1.5070,0.0529
pos,489,0.7415,-2.3859,1.5070,0.0244
pos,490,0.7410,-2.3864,1.5070,-0.0030
pos,491,0.7406,-2.3869,1.5070,-0.0293
pos,492,0.7401,-2.3874,1.5069,-0.0546
pos,493,0.7396,-2.3878,1.5068,-0.0788
pos,494,0.7391,-2.3882,1.5065,-0.1021
pos,495,0.7386,-2.3885,1.5063,-0.1245
pos,496,0.7381,-2.3887,1.5060,-0.1460
pos,497,0.7376,-2.3889,1.5057,-0.1667
pos,498,0.7371,-2.3891,1.5054,-0.1865
pos,499,0.7366,-2.3893,1.5050,-0.2055
pos,500,0.7361,-2.3893,1.5046,-0.2238
pos,501,0.7356,-2.3894,1.5042,-0.2414
pos,502,0.7352,-2.3894,1.5037,-0.2583
pos,503,0.7348,-2.3894,1.5032,-0.2745
pos,504,0.7344,-2.3893,1.5028,-0.2901
pos,505,0.7340,-2.3892,1.5023,-0.3050
pos,506,0.7337,-2.3891,1.5019,-0.3194
pos,507,0.7333,-2.3890,1.5014,-0.3332
pos,508,0.7330,-2.3888,1.5010,-0.3464
pos,509,0.7327,-2.3886,1.5006,-0.3592
pos,510,0.7325,-2.3883,1.5001,-0.3715
pos,511,0.7323,-2.3880,1.4997,-0.3832
pos,512,0.7320,-2.3877,1.4993,-0.3946
pos,513,0.7318,-2.3874,1.4988,-0.4055
pos,514,0.7317,-2.3871,1.4984,-0.4159
pos,515,0.7315,-2.3867,1.4979,-0.4260
pos,516,0.7314,-2.3863,1.4975,-0.4356
pos,517,0.7313,-2.3859,1.4971,-0.4449
pos,518,0.7312,-2.3855,1.4967,-0.4539
pos,519,0.7311,-2.3850,1.4964,-0.4625
pos,520,0.7310,-2.3845,1.4960,-0.4708
pos,521,0.7310,-2.3840,1.4956,-0.4787
pos,522,0.7309,-2.3835,1.4953,-0.4864
pos,523,0.7309,-2.3830,1.4949,-0.4937
pos,524,0.7309,-2.3825,1.4946,-0.5008
pos,525,0.7308,-2.3819,1.4943,-0.5076
pos,526,0.7308,-2.3813,1.4940,-0.5142
pos,527,0.7308,-2.3807,1.4937,-0.5205
pos,528,0.7308,-2.3801,1.4935,-0.5266
pos,529,0.7307,-2.3795,1.4933,-0.5325
pos,530,0.7307,-2.3788,1.4931,-0.5382
pos,531,0.7307,-2.3781,1.4930,-0.5437
pos,532,0.7306,-2.3774,1.4929,-0.5490
pos,533,0.7305,-2.3766,1.4928,-0.5541
pos,534,0.7305,-2.3759,1.4927,-0.5590
pos,535,0.7304,-2.3750,1.4927,-0.5638
pos,536,0.7303,-2.3742,1.4926,-0.5683
pos,537,0.7301,-2.3732,1.4925,-0.5728
pos,538,0.7300,-2.3723,1.4924,-0.5770
pos,539,0.7298,-2.3713,1.4924,-0.5811
pos,540,0.7296,-2.3702,1.4923,-0.5851
pos,541,0.7293,-2.3691,1.4922,-0.5889
pos,542,0.7290,-2.3679,1.4922,-0.5926
pos,543,0.7286,-2.3666,1.4921,-0.5962
pos,544,0.7282,-2.3653,1.4921,-0.5997
pos,545,0.7277,-2.3639,1.4922,-0.6031
pos,546,0.7271,-2.3625,1.4922,-0.6064
pos,547,0.7264,-2.3609,1.4923,-0.6096
pos,548,0.7256,-2.3593,1.4924,-0.6127
pos,549,0.7247,-2.3575,1.4925,-0.6157
pos,550,0.7237,-2.3557,1.4927,-0.6186
pos,551,0.7225,-2.3537,1.4928,-0.6215
pos,552,0.7211,-2.3515,1.4930,-0.6243
pos,553,0.7196,-2.3492,1.4933,-0.6270
pos,554,0.7179,-2.3468,1.4935,-0.6296
pos,555,0.7160,-2.3442,1.4937,-0.6322
pos,556,0.7138,-2.3414,1.4939,-0.6347
pos,557,0.7114,-2.3383,1.4941,-0.6371
pos,558,0.7088,-2.3351,1.4943,-0.6394
pos,559,0.7058,-2.3316,1.4943,-0.6416
pos,560,0.7026,-2.3279,1.4944,-0.6437
pos,561,0.6991,-2.3240,1.4944,-0.6458
pos,562,0.6952,-2.3198,1.4944,-0.6478
pos,563,0.6911,-2.3152,1.4944,-0.6496
pos,564,0.6865,-2.3105,1.4944,-0.6515
pos,565,0.6817,-2.3054,1.4944,-0.6532
pos,566,0.6765,-2.3000,1.4943,-0.6548
pos,567,0.6709,-2.2942,1.4942,-0.6564
pos,568,0.6650,-2.2882,1.4941,-0.6579
pos,569,0.6586,-2.2818,1.4940,-0.6593
pos,570,0.6519,-2.2751,1.4940,-0.6606
pos,571,0.6450,-2.2682,1.4939,-0.6619
pos,572,0.6381,-2.2612,1.4938,-0.6630
pos,573,0.6309,-2.2541,1.4937,-0.6641
pos,574,0.6236,-2.2467,1.4936,-0.6651
pos,575,0.6161,-2.2392,1.4935,-0.6661
pos,576,0.6084,-2.2315,1.4935,-0.6669
pos,577,0.6006,-2.2236,1.4934,-0.6677
pos,578,0.5925,-2.2155,1.4934,-0.6683
pos,579,0.5843,-2.2072,1.4933,-0.6689
pos,580,0.5758,-2.1988,1.4933,-0.6695
pos,581,0.5671,-2.1901,1.4934,-0.6699
pos,582,0.5582,-2.1812,1.4934,-0.6703
pos,583,0.5491,-2.1721,1.4935,-0.6706
pos,584,0.5398,-2.1628,1.4936,-0.6709
pos,585,0.5303,-2.1532,1.4936,-0.6711
pos,586,0.5205,-2.1435,1.4937,-0.6712
pos,587,0.5105,-2.1335,1.4939,-0.6713
pos,588,0.5003,-2.1233,1.4941,-0.6712
pos,589,0.4899,-2.1130,1.4942,-0.6711
pos,590,0.4792,-2.1024,1.4945,-0.6711
pos,591,0.4683,-2.0915,1.4947,-0.6710
pos,592,0.4572,-2.0805,1.4949,-0.6709
pos,593,0.4459,-2.0693,1.4951,-0.6708
pos,594,0.4344,-2.0579,1.4953,-0.6705
pos,595,0.4226,-2.0463,1.4955,-0.6702
pos,596,0.4107,-2.0345,1.4958,-0.6698
pos,597,0.3985,-2.0225,1.4960,-0.6694
pos,598,0.3861,-2.0104,1.4962,-0.6690
pos,599,0.3735,-1.9980,1.4963,-0.6686
pos,600,0.3606,-1.9855,1.4965,-0.6681
pos,601,0.3476,-1.9728,1.4966,-0.6676
pos,602,0.3343,-1.9600,1.4968,-0.6671
pos,603,0.3208,-1.9470,1.4970,-0.6665
pos,604,0.3071,-1.9338,1.4971,-0.6659
pos,605,0.2933,-1.9205,1.4972,-0.6653
pos,606,0.2792,-1.9070,1.4973,-0.6646
pos,607,0.2649,-1.8935,1.4974,-0.6639
pos,608,0.2504,-1.8798,1.4974,-0.6631
pos,609,0.2357,-1.8659,1.4973,-0.6623
pos,610,0.2208,-1.8520,1.4972,-0.6615
pos,611,0.2057,-1.8379,1.4971,-0.6607
pos,612,0.1904,-1.8237,1.4970,-0.6599
pos,613,0.1749,-1.8094,1.4968,-0.6590
pos,614,0.1593,-1.7950,1.4966,-0.6581
pos,615,0.1434,-1.7805,1.4963,-0.6572
pos,616,0.1274,-1.7659,1.4960,-0.6562
pos,617,0.1112,-1.7512,1.4957,-0.6553
pos,618,0.0949,-1.7364,1.4954,-0.6543
pos,619,0.0783,-1.7216,1.4950,-0.6534
pos,620,0.0617,-1.7066,1.4946,-0.6524
pos,621,0.0449,-1.6917,1.4942,-0.6514
pos,622,0.0279,-1.6766,1.4937,-0.6504
pos,623,0.0109,-1.6615,1.4933,-0.6495
pos,624,-0.0063,-1.6464,1.4928,-0.6485
pos,625,-0.0236,-1.6312,1.4922,-0.6475
pos,626,-0.0409,-1.6160,1.4917,-0.6465
pos,627,-0.0583,-1.6008,1.4911,-0.6455
pos,628,-0.0759,-1.5856,1.4905,-0.6445
pos,629,-0.0934,-1.5704,1.4899,-0.6435
pos,630,-0.1110,-1.5551,1.4893,-0.6425
pos,631,-0.1287,-1.5399,1.4887,-0.6415
pos,632,-0.1463,-1.5247,1.4880,-0.6405
pos,633,-0.1640,-1.5096,1.4874,-0.6395
pos,634,-0.1816,-1.4945,1.4868,-0.6385
pos,635,-0.1993,-1.4794,1.4861,-0.6376
pos,636,-0.2168,-1.4644,1.4855,-0.6366
pos,637,-0.2344,-1.4494,1.4848,-0.6357
pos,638,-0.2519,-1.4346,1.4843,-0.6349
pos,639,-0.2693,-1.4198,1.4837,-0.6341
pos,640,-0.2866,-1.4051,1.4831,-0.6334
pos,641,-0.3038,-1.3905,1.4826,-0.6326
pos,642,-0.3210,-1.3760,1.4820,-0.6319
pos,643,-0.3381,-1.3614,1.4814,-0.6312
pos,644,-0.3552,-1.3470,1.4808,-0.6305
pos,645,-0.3721,-1.3328,1.4802,-0.6298
pos,646,-0.3888,-1.3187,1.4796,-0.6292
pos,647,-0.4054,-1.3047,1.4790,-0.6285
pos,648,-0.4220,-1.2907,1.4784,-0.6279
pos,649,-0.4387,-1.2766,1.4778,-0.6273
pos,650,-0.4553,-1.2627,1.4771,-0.6267
pos,651,-0.4717,-1.2489,1.4764,-0.6262
pos,652,-0.4880,-1.2352,1.4756,-0.6256
pos,653,-0.5040,-1.2217,1.4748,-0.6250
pos,654,-0.5198,-1.2083,1.4741,-0.6244
pos,655,-0.5354,-1.1952,1.4733,-0.6238
pos,656,-0.5508,-1.1822,1.4726,-0.6233
pos,657,-0.5659,-1.1694,1.4718,-0.6227
pos,658,-0.5808,-1.1568,1.4710,-0.6222
pos,659,-0.5955,-1.1444,1.4703,-0.6216
pos,660,-0.6099,-1.1322,1.4695,-0.6210
pos,661,-0.6241,-1.1201,1.4688,-0.6205
pos,662,-0.6380,-1.1083,1.4681,-0.6199
pos,663,-0.6517,-1.0966,1.4674,-0.6195
pos,664,-0.6652,-1.0851,1.4667,-0.6191
pos,665,-0.6784,-1.0738,1.4661,-0.6186
pos,666,-0.6914,-1.0627,1.4654,-0.6182
pos,667,-0.7042,-1.0518,1.4647,-0.6177
pos,668,-0.7167,-1.0410,1.4639,-0.6172
pos,669,-0.7291,-1.0304,1.4632,-0.6169
pos,670,-0.7413,-1.0200,1.4626,-0.6168
pos,671,-0.7533,-1.0097,1.4621,-0.6169
pos,672,-0.7651,-0.9995,1.4616,-0.6170
pos,673,-0.7767,-0.9895,1.4610,-0.6171
pos,674,-0.7882,-0.9797,1.4604,-0.6172
pos,675,-0.7995,-0.9699,1.4598,-0.6172
pos,676,-0.8106,-0.9603,1.4591,-0.6173
pos,677,-0.8216,-0.9508,1.4585,-0.6174
pos,678,-0.8322,-0.9416,1.4579,-0.6174
pos,679,-0.8424,-0.9327,1.4573,-0.6174
pos,680,-0.8522,-0.9241,1.4568,-0.6174
pos,681,-0.8617,-0.9158,1.4562,-0.6174
pos,682,-0.8708,-0.9077,1.4557,-0.6174
pos,683,-0.8796,-0.8999,1.4552,-0.6176
pos,684,-0.8881,-0.8923,1.4548,-0.6177
pos,685,-0.8964,-0.8849,1.4544,-0.6179
pos,686,-0.9043,-0.8778,1.4541,-0.6180
pos,687,-0.9121,-0.8707,1.4537,-0.6182
pos,688,-0.9195,-0.8640,1.4533,-0.6183
pos,689,-0.9267,-0.8574,1.4529,-0.6184
pos,690,-0.9337,-0.8510,1.4526,-0.6186
pos,691,-0.9404,-0.8449,1.4523,-0.6187
pos,692,-0.9468,-0.8389,1.4521,-0.6188
pos,693,-0.9530,-0.8331,1.4519,-0.6189
pos,694,-0.9590,-0.8276,1.4517,-0.6190
pos,695,-0.9647,-0.8222,1.4516,-0.6191
pos,696,-0.9702,-0.8170,1.4514,-0.6192
pos,697,-0.9755,-0.8120,1.4514,-0.6192
pos,698,-0.9805,-0.8072,1.4513,-0.6193
pos,699,-0.9854,-0.8026,1.4512,-0.6193
pos,700,-0.9900,-0.7981,1.4512,-0.6193
pos,701,-0.9944,-0.7939,1.4513,-0.6193
pos,702,-0.9985,-0.7898,1.4513,-0.6193
pos,703,-1.0025,-0.7859,1.4514,-0.6193
pos,704,-1.0062,-0.7821,1.4515,-0.6193
pos,705,-1.0097,-0.7786,1.4516,-0.6193
pos,706,-1.0130,-0.7752,1.4517,-0.6193
pos,707,-1.0161,-0.7720,1.4519,-0.6192
pos,708,-1.0191,-0.7690,1.4521,-0.6194
pos,709,-1.0218,-0.7661,1.4525,-0.6197
pos,710,-1.0243,-0.7633,1.4528,-0.6199
pos,711,-1.0267,-0.7608,1.4532,-0.6202
pos,712,-1.0288,-0.7584,1.4536,-0.6204
pos,713,-1.0307,-0.7562,1.4540,-0.6206
pos,714,-1.0324,-0.7541,1.4545,-0.6208
pos,715,-1.0339,-0.7522,1.4550,-0.6210
pos,716,-1.0352,-0.7504,1.4554,-0.6211
pos,717,-1.0362,-0.7489,1.4559,-0.6212
pos,718,-1.0371,-0.7474,1.4564,-0.6213
pos,719,-1.0378,-0.7461,1.4569,-0.6215
pos,720,-1.0383,-0.7450,1.4573,-0.6216
pos,721,-1.0385,-0.7441,1.4578,-0.6217
pos,722,-1.0385,-0.7433,1.4583,-0.6218
pos,723,-1.0384,-0.7426,1.4589,-0.6218
pos,724,-1.0380,-0.7421,1.4594,-0.6219
pos,725,-1.0374,-0.7417,1.4601,-0.6220
pos,726,-1.0365,-0.7415,1.4607,-0.6221
pos,727,-1.0354,-0.7414,1.4614,-0.6221
pos,728,-1.0342,-0.7415,1.4621,-0.6222
pos,729,-1.0326,-0.7418,1.4627,-0.6223
pos,730,-1.0309,-0.7422,1.4633,-0.6224
pos,731,-1.0289,-0.7428,1.4640,-0.6225
pos,732,-1.0267,-0.7435,1.4646,-0.6225
pos,733,-1.0242,-0.7444,1.4651,-0.6226
pos,734,-1.0215,-0.7455,1.4656,-0.6226
pos,735,-1.0185,-0.7468,1.4660,-0.6226
pos,736,-1.0153,-0.7482,1.4664,-0.6227
pos,737,-1.0118,-0.7498,1.4668,-0.6226
pos,738,-1.0081,-0.7516,1.4672,-0.6226
pos,739,-1.0041,-0.7536,1.4674,-0.6226
pos,740,-0.9998,-0.7557,1.4678,-0.6226
pos,741,-0.9952,-0.7581,1.4681,-0.6226
pos,742,-0.9904,-0.7606,1.4685,-0.6226
pos,743,-0.9853,-0.7633,1.4688,-0.6226
pos,744,-0.9799,-0.7663,1.4692,-0.6225
pos,745,-0.9742,-0.7694,1.4696,-0.6224
pos,746,-0.9683,-0.7727,1.4700,-0.6224
pos,747,-0.9621,-0.7762,1.4705,-0.6223
pos,748,-0.9556,-0.7799,1.4711,-0.6222
pos,749,-0.9487,-0.7838,1.4718,-0.6221
pos,750,-0.9419,-0.7877,1.4726,-0.6220
pos,751,-0.9351,-0.7916,1.4735,-0.6219
pos,752,-0.9283,-0.7955,1.4744,-0.6217
pos,753,-0.9214,-0.7994,1.4753,-0.6216
pos,754,-0.9146,-0.8033,1.4763,-0.6214
pos,755,-0.9077,-0.8072,1.4773,-0.6213
pos,756,-0.9008,-0.8111,1.4784,-0.6211
pos,757,-0.8938,-0.8149,1.4795,-0.6209
pos,758,-0.8869,-0.8188,1.4806,-0.6208
pos,759,-0.8800,-0.8226,1.4817,-0.6206
pos,760,-0.8731,-0.8265,1.4829,-0.6205
pos,761,-0.8662,-0.8303,1.4840,-0.6203
pos,762,-0.8593,-0.8340,1.4851,-0.6202
pos,763,-0.8525,-0.8378,1.4862,-0.6200
pos,764,-0.8456,-0.8416,1.4873,-0.6199
pos,765,-0.8388,-0.8453,1.4883,-0.6198
pos,766,-0.8320,-0.8490,1.4893,-0.6197
pos,767,-0.8252,-0.8527,1.4902,-0.6196
pos,768,-0.8185,-0.8564,1.4915,-0.6195
pos,769,-0.8118,-0.8600,1.4926,-0.6195
pos,770,-0.8052,-0.8637,1.4937,-0.6194
pos,771,-0.7986,-0.8674,1.4947,-0.6194
pos,772,-0.7920,-0.8710,1.4956,-0.6193
pos,773,-0.7854,-0.8746,1.4964,-0.6193
pos,774,-0.7788,-0.8783,1.4971,-0.6192
pos,775,-0.7723,-0.8819,1.4977,-0.6192
pos,776,-0.7658,-0.8855,1.4984,-0.6192
pos,777,-0.7593,-0.8892,1.4989,-0.6191
pos,778,-0.7525,-0.8930,1.4995,-0.6191
pos,779,-0.7455,-0.8971,1.4999,-0.6190
pos,780,-0.7381,-0.9013,1.5004,-0.6189
pos,781,-0.7306,-0.9058,1.5008,-0.6188
pos,782,-0.7227,-0.9104,1.5011,-0.6188
pos,783,-0.7145,-0.9152,1.5014,-0.6187
pos,784,-0.7061,-0.9203,1.5017,-0.6186
pos,785,-0.6974,-0.9256,1.5019,-0.6185
pos,786,-0.6884,-0.9310,1.5020,-0.6184
pos,787,-0.6792,-0.9367,1.5021,-0.6183
pos,788,-0.6696,-0.9426,1.5021,-0.6182
pos,789,-0.6597,-0.9487,1.5021,-0.6180
pos,790,-0.6496,-0.9550,1.5021,-0.6179
pos,791,-0.6391,-0.9616,1.5020,-0.6177
pos,792,-0.6284,-0.9683,1.5018,-0.6175
pos,793,-0.6174,-0.9752,1.5016,-0.6175
pos,794,-0.6061,-0.9824,1.5015,-0.6176
pos,795,-0.5945,-0.9898,1.5013,-0.6176
pos,796,-0.5826,-0.9974,1.5011,-0.6176
pos,797,-0.5703,-1.0053,1.5009,-0.6176
pos,798,-0.5579,-1.0133,1.5006,-0.6176
pos,799,-0.5456,-1.0213,1.5003,-0.6176
pos,800,-0.5331,-1.0293,1.5001,-0.6175
pos,801,-0.5207,-1.0374,1.4998,-0.6175
pos,802,-0.5081,-1.0455,1.4995,-0.6175
pos,803,-0.4956,-1.0537,1.4993,-0.6175
pos,804,-0.4829,-1.0620,1.4991,-0.6176
pos,805,-0.4702,-1.0704,1.4990,-0.6177
pos,806,-0.4575,-1.0788,1.4989,-0.6177
pos,807,-0.4447,-1.0873,1.4989,-0.6178
pos,808,-0.4319,-1.0958,1.4988,-0.6179
pos,809,-0.4191,-1.1044,1.4988,-0.6179
pos,810,-0.4063,-1.1129,1.4988,-0.6179
pos,811,-0.3934,-1.1216,1.4988,-0.6179
pos,812,-0.3806,-1.1302,1.4987,-0.6180
pos,813,-0.3678,-1.1388,1.4987,-0.6179
pos,814,-0.3550,-1.1475,1.4986,-0.6179
pos,815,-0.3423,-1.1561,1.4986,-0.6179
pos,816,-0.3296,-1.1647,1.4985,-0.6179
pos,817,-0.3170,-1.1733,1.4984,-0.6179
pos,818,-0.3044,-1.1819,1.4982,-0.6179
pos,819,-0.2919,-1.1905,1.4981,-0.6179
pos,820,-0.2795,-1.1990,1.4979,-0.6179
pos,821,-0.2672,-1.2075,1.4978,-0.6179
pos,822,-0.2550,-1.2159,1.4975,-0.6180
pos,823,-0.2429,-1.2243,1.4973,-0.6180
pos,824,-0.2308,-1.2327,1.4970,-0.6180
pos,825,-0.2189,-1.2410,1.4967,-0.6180
pos,826,-0.2070,-1.2492,1.4964,-0.6180
pos,827,-0.1953,-1.2574,1.4960,-0.6180
pos,828,-0.1836,-1.2655,1.4957,-0.6180
pos,829,-0.1720,-1.2736,1.4953,-0.6180
pos,830,-0.1605,-1.2816,1.4949,-0.6180
pos,831,-0.1491,-1.2896,1.4944,-0.6181
pos,832,-0.1377,-1.2975,1.4940,-0.6181
pos,833,-0.1264,-1.3054,1.4935,-0.6181
pos,834,-0.1152,-1.3133,1.4931,-0.6182
pos,835,-0.1041,-1.3211,1.4927,-0.6183
pos,836,-0.0930,-1.3289,1.4923,-0.6184
pos,837,-0.0818,-1.3368,1.4919,-0.6185
pos,838,-0.0708,-1.3446,1.4915,-0.6185
pos,839,-0.0597,-1.3523,1.4911,-0.6186
pos,840,-0.0487,-1.3601,1.4907,-0.6187
pos,841,-0.0377,-1.3679,1.4904,-0.6188
pos,842,-0.0267,-1.3756,1.4900,-0.6188
pos,843,-0.0158,-1.3834,1.4897,-0.6189
pos,844,-0.0048,-1.3911,1.4893,-0.6189
pos,845,0.0061,-1.3989,1.4891,-0.6189
pos,846,0.0171,-1.4066,1.4888,-0.6188
pos,847,0.0280,-1.4143,1.4885,-0.6188
pos,848,0.0389,-1.4220,1.4883,-0.6187
pos,849,0.0498,-1.4296,1.4880,-0.6186
pos,850,0.0607,-1.4373,1.4878,-0.6184
pos,851,0.0715,-1.4449,1.4877,-0.6182
pos,852,0.0824,-1.4525,1.4876,-0.6181
pos,853,0.0932,-1.4601,1.4874,-0.6179
pos,854,0.1039,-1.4676,1.4873,-0.6177
pos,855,0.1146,-1.4751,1.4873,-0.6174
pos,856,0.1253,-1.4826,1.4872,-0.6172
pos,857,0.1358,-1.4900,1.4872,-0.6170
pos,858,0.1464,-1.4973,1.4872,-0.6168
pos,859,0.1568,-1.5046,1.4871,-0.6165
pos,860,0.1672,-1.5117,1.4871,-0.6163
pos,861,0.1774,-1.5189,1.4872,-0.6160
pos,862,0.1876,-1.5259,1.4872,-0.6158
pos,863,0.1977,-1.5329,1.4872,-0.6155
pos,864,0.2077,-1.5398,1.4872,-0.6152
pos,865,0.2176,-1.5466,1.4873,-0.6148
pos,866,0.2274,-1.5533,1.4874,-0.6145
pos,867,0.2371,-1.5599,1.4874,-0.6141
pos,868,0.2467,-1.5665,1.4875,-0.6138
pos,869,0.2562,-1.5729,1.4876,-0.6135
pos,870,0.2656,-1.5793,1.4878,-0.6131
pos,871,0.2749,-1.5856,1.4879,-0.6128
pos,872,0.2841,-1.5919,1.4881,-0.6124
pos,873,0.2933,-1.5981,1.4883,-0.6121
pos,874,0.3024,-1.6042,1.4885,-0.6117
pos,875,0.3114,-1.6102,1.4888,-0.6113
pos,876,0.3204,-1.6162,1.4890,-0.6109
pos,877,0.3294,-1.6222,1.4893,-0.6105
pos,878,0.3382,-1.6280,1.4897,-0.6101
pos,879,0.3470,-1.6339,1.4900,-0.6096
pos,880,0.3558,-1.6396,1.4904,-0.6092
pos,881,0.3645,-1.6453,1.4908,-0.6087
pos,882,0.3732,-1.6510,1.4912,-0.6083
pos,883,0.3820,-1.6566,1.4917,-0.6078
pos,884,0.3906,-1.6622,1.4922,-0.6073
pos,885,0.3993,-1.6678,1.4927,-0.6068
pos,886,0.4080,-1.6733,1.4931,-0.6063
pos,887,0.4167,-1.6788,1.4936,-0.6058
pos,888,0.4253,-1.6843,1.4941,-0.6053
pos,889,0.4340,-1.6897,1.4945,-0.6048
pos,890,0.4427,-1.6951,1.4950,-0.6043
pos,891,0.4514,-1.7005,1.4954,-0.6038
pos,892,0.4601,-1.7059,1.4959,-0.6033
pos,893,0.4689,-1.7112,1.4963,-0.6027
pos,894,0.4777,-1.7165,1.4968,-0.6022
pos,895,0.4865,-1.7218,1.4973,-0.6017
pos,896,0.4954,-1.7270,1.4978,-0.6011
pos,897,0.5044,-1.7322,1.4984,-0.6005
pos,898,0.5134,-1.7374,1.4989,-0.5999
pos,899,0.5225,-1.7425,1.4993,-0.5993
pos,900,0.5313,-1.7475,1.4998,-0.5987
pos,901,0.5399,-1.7525,1.5003,-0.5981
pos,902,0.5482,-1.7574,1.5008,-0.5975
pos,903,0.5563,-1.7622,1.5013,-0.5971
pos,904,0.5642,-1.7669,1.5018,-0.5967
pos,905,0.5719,-1.7716,1.5023,-0.5963
pos,906,0.5794,-1.7762,1.5028,-0.5959
pos,907,0.5868,-1.7807,1.5033,-0.5956
pos,908,0.5939,-1.7851,1.5037,-0.5953
pos,909,0.6009,-1.7895,1.5042,-0.5950
pos,910,0.6077,-1.7938,1.5045,-0.5947
pos,911,0.6144,-1.7980,1.5049,-0.5943
pos,912,0.6210,-1.8022,1.5052,-0.5940
pos,913,0.6274,-1.8062,1.5055,-0.5937
pos,914,0.6336,-1.8102,1.5059,-0.5935
pos,915,0.6398,-1.8141,1.5062,-0.5933
pos,916,0.6457,-1.8179,1.5064,-0.5932
pos,917,0.6516,-1.8217,1.5067,-0.5930
pos,918,0.6573,-1.8253,1.5069,-0.5928
pos,919,0.6629,-1.8289,1.5072,-0.5927
pos,920,0.6684,-1.8324,1.5074,-0.5926
pos,921,0.6737,-1.8358,1.5075,-0.5926
pos,922,0.6789,-1.8391,1.5077,-0.5925
pos,923,0.6840,-1.8424,1.5078,-0.5925
pos,924,0.6890,-1.8456,1.5080,-0.5925
pos,925,0.6939,-1.8487,1.5081,-0.5925
pos,926,0.6987,-1.8517,1.5082,-0.5925
pos,927,0.7033,-1.8546,1.5083,-0.5924
pos,928,0.7079,-1.8575,1.5083,-0.5923
pos,929,0.7123,-1.8603,1.5083,-0.5922
pos,930,0.7166,-1.8630,1.5083,-0.5920
pos,931,0.7208,-1.8657,1.5083,-0.5919
pos,932,0.7249,-1.8682,1.5083,-0.5918
pos,933,0.7289,-1.8707,1.5082,-0.5918
pos,934,0.7328,-1.8731,1.5082,-0.5917
pos,935,0.7365,-1.8754,1.5081,-0.5918
pos,936,0.7402,-1.8776,1.5080,-0.5917
pos,937,0.7437,-1.8798,1.5079,-0.5917
pos,938,0.7471,-1.8819,1.5077,-0.5917
pos,939,0.7504,-1.8839,1.5075,-0.5917
pos,940,0.7536,-1.8858,1.5074,-0.5918
pos,941,0.7567,-1.8876,1.5072,-0.5919
pos,942,0.7596,-1.8893,1.5070,-0.5919
pos,943,0.7624,-1.8910,1.5067,-0.5920
pos,944,0.7651,-1.8926,1.5063,-0.5922
pos,945,0.7676,-1.8941,1.5059,-0.5923
pos,946,0.7701,-1.8956,1.5055,-0.5924
pos,947,0.7724,-1.8969,1.5052,-0.5925
pos,948,0.7746,-1.8982,1.5048,-0.5925
pos,949,0.7767,-1.8995,1.5045,-0.5926
pos,950,0.7787,-1.9006,1.5042,-0.5926
pos,951,0.7805,-1.9017,1.5039,-0.5927
pos,952,0.7821,-1.9027,1.5035,-0.5928
pos,953,0.7836,-1.9036,1.5032,-0.5929
pos,954,0.7849,-1.9043,1.5028,-0.5931
pos,955,0.7860,-1.9050,1.5023,-0.5932
pos,956,0.7870,-1.9056,1.5018,-0.5933
pos,957,0.7877,-1.9061,1.5013,-0.5936
pos,958,0.7883,-1.9065,1.5008,-0.5938
pos,959,0.7887,-1.9068,1.5003,-0.5940
pos,960,0.7889,-1.9070,1.4998,-0.5942
pos,961,0.7889,-1.9071,1.4993,-0.5944
pos,962,0.7887,-1.9072,1.4988,-0.5945
pos,963,0.7886,-1.9072,1.4982,-0.5947
pos,964,0.7886,-1.9071,1.4977,-0.5949
pos,965,0.7888,-1.9069,1.4971,-0.5952
pos,966,0.7890,-1.9068,1.4966,-0.5954
pos,967,0.7894,-1.9066,1.4961,-0.5956
pos,968,0.7898,-1.9063,1.4956,-0.5958
pos,969,0.7903,-1.9060,1.4952,-0.5960
pos,970,0.7910,-1.9057,1.4947,-0.5961
pos,971,0.7917,-1.9053,1.4943,-0.5962
pos,972,0.7925,-1.9049,1.4939,-0.5963
pos,973,0.7934,-1.9045,1.4936,-0.5964
pos,974,0.7945,-1.9041,1.4932,-0.5965
pos,975,0.7956,-1.9036,1.4928,-0.5966
pos,976,0.7969,-1.9031,1.4924,-0.5967
pos,977,0.7983,-1.9026,1.4921,-0.5968
pos,978,0.7996,-1.9020,1.4917,-0.5968
pos,979,0.8006,-1.9013,1.4914,-0.5968
pos,980,0.8015,-1.9006,1.4911,-0.5968
pos,981,0.8022,-1.8999,1.4908,-0.5969
pos,982,0.8028,-1.8991,1.4906,-0.5969
pos,983,0.8033,-1.8982,1.4904,-0.5969
pos,984,0.8037,-1.8973,1.4902,-0.5969
pos,985,0.8040,-1.8964,1.4901,-0.5969
pos,986,0.8042,-1.8954,1.4900,-0.5969
pos,987,0.8043,-1.8944,1.4898,-0.5968
pos,988,0.8044,-1.8933,1.4897,-0.5968
pos,989,0.8044,-1.8921,1.4896,-0.5968
pos,990,0.8043,-1.8909,1.4895,-0.5968
pos,991,0.8043,-1.8896,1.4895,-0.5968
pos,992,0.8042,-1.8883,1.4894,-0.5969
pos,993,0.8040,-1.8869,1.4894,-0.5970
pos,994,0.8039,-1.8854,1.4895,-0.5970
pos,995,0.8037,-1.8839,1.4895,-0.5971
pos,996,0.8036,-1.8823,1.4896,-0.5971
pos,997,0.8034,-1.8806,1.4898,-0.5972
pos,998,0.8033,-1.8789,1.4899,-0.5972
pos,999,0.8032,-1.8770,1.4901,-0.5972
pos,1000,0.8031,-1.8750,1.4902,-0.5973
pos,1001,0.8031,-1.8729,1.4905,-0.5973
pos,1002,0.8031,-1.8707,1.4907,-0.5972
pos,1003,0.8032,-1.8684,1.4908,-0.5972
pos,1004,0.8033,-1.8659,1.4909,-0.5972
pos,1005,0.8035,-1.8632,1.4911,-0.5972
pos,1006,0.8038,-1.8603,1.4911,-0.5972
pos,1007,0.8041,-1.8573,1.4911,-0.5973
pos,1008,0.8045,-1.8540,1.4911,-0.5974
pos,1009,0.8050,-1.8505,1.4910,-0.5977
pos,1010,0.8056,-1.8468,1.4909,-0.5980
pos,1011,0.8062,-1.8427,1.4908,-0.5983
pos,1012,0.8070,-1.8385,1.4906,-0.5986
pos,1013,0.8078,-1.8339,1.4905,-0.5989
pos,1014,0.8087,-1.8291,1.4904,-0.5992
pos,1015,0.8097,-1.8239,1.4903,-0.5995
pos,1016,0.8108,-1.8185,1.4902,-0.5998
pos,1017,0.8119,-1.8127,1.4901,-0.6001
pos,1018,0.8133,-1.8066,1.4899,-0.6005
pos,1019,0.8152,-1.8003,1.4898,-0.6008
pos,1020,0.8174,-1.7936,1.4896,-0.6011
pos,1021,0.8199,-1.7867,1.4894,-0.6015
pos,1022,0.8227,-1.7794,1.4892,-0.6019
pos,1023,0.8258,-1.7719,1.4890,-0.6023
pos,1024,0.8292,-1.7640,1.4887,-0.6027
pos,1025,0.8329,-1.7558,1.4885,-0.6031
pos,1026,0.8368,-1.7473,1.4884,-0.6037
pos,1027,0.8409,-1.7385,1.4883,-0.6042
pos,1028,0.8452,-1.7294,1.4881,-0.6048
pos,1029,0.8497,-1.7201,1.4881,-0.6054
pos,1030,0.8544,-1.7104,1.4880,-0.6060
pos,1031,0.8592,-1.7004,1.4879,-0.6067
pos,1032,0.8642,-1.6902,1.4879,-0.6074
pos,1033,0.8693,-1.6796,1.4878,-0.6082
pos,1034,0.8745,-1.6688,1.4878,-0.6090
pos,1035,0.8801,-1.6577,1.4879,-0.6099
pos,1036,0.8861,-1.6465,1.4881,-0.6108
pos,1037,0.8925,-1.6349,1.4882,-0.6118
pos,1038,0.8992,-1.6231,1.4885,-0.6128
pos,1039,0.9064,-1.6111,1.4887,-0.6139
pos,1040,0.9138,-1.5988,1.4891,-0.6150
pos,1041,0.9215,-1.5863,1.4895,-0.6162
pos,1042,0.9296,-1.5736,1.4900,-0.6175
pos,1043,0.9379,-1.5607,1.4905,-0.6188
pos,1044,0.9464,-1.5476,1.4909,-0.6200
pos,1045,0.9552,-1.5343,1.4915,-0.6214
pos,1046,0.9642,-1.5209,1.4921,-0.6227
pos,1047,0.9734,-1.5073,1.4928,-0.6242
pos,1048,0.9828,-1.4936,1.4935,-0.6258
pos,1049,0.9923,-1.4797,1.4942,-0.6275
pos,1050,1.0020,-1.4658,1.4949,-0.6293
pos,1051,1.0118,-1.4517,1.4956,-0.6311
pos,1052,1.0217,-1.4376,1.4964,-0.6331
pos,1053,1.0317,-1.4234,1.4972,-0.6351
pos,1054,1.0418,-1.4092,1.4979,-0.6373
pos,1055,1.0519,-1.3950,1.4988,-0.6395
pos,1056,1.0620,-1.3808,1.4996,-0.6418
pos,1057,1.0722,-1.3667,1.5004,-0.6443
pos,1058,1.0823,-1.3525,1.5013,-0.6470
pos,1059,1.0925,-1.3385,1.5022,-0.6498
pos,1060,1.1025,-1.3245,1.5032,-0.6528
pos,1061,1.1125,-1.3106,1.5041,-0.6558
pos,1062,1.1226,-1.2967,1.5051,-0.6587
pos,1063,1.1326,-1.2829,1.5059,-0.6616
pos,1064,1.1424,-1.2692,1.5064,-0.6645
pos,1065,1.1521,-1.2557,1.5067,-0.6674
pos,1066,1.1616,-1.2423,1.5066,-0.6703
pos,1067,1.1709,-1.2291,1.5065,-0.6732
pos,1068,1.1801,-1.2161,1.5066,-0.6760
pos,1069,1.1890,-1.2033,1.5067,-0.6790
pos,1070,1.1978,-1.1907,1.5068,-0.6822
pos,1071,1.2064,-1.1783,1.5067,-0.6856
pos,1072,1.2147,-1.1662,1.5065,-0.6891
pos,1073,1.2229,-1.1543,1.5060,-0.6926
pos,1074,1.2312,-1.1426,1.5061,-0.6960
pos,1075,1.2393,-1.1313,1.5064,-0.6993
pos,1076,1.2472,-1.1202,1.5065,-0.7026
pos,1077,1.2549,-1.1095,1.5067,-0.7059
pos,1078,1.2628,-1.0989,1.5073,-0.7072
pos,1079,1.2704,-1.0887,1.5082,-0.7067
pos,1080,1.2778,-1.0788,1.5093,-0.7043
pos,1081,1.2849,-1.0692,1.5103,-0.7001
pos,1082,1.2919,-1.0599,1.5112,-0.6939
pos,1083,1.2986,-1.0510,1.5121,-0.6877
pos,1084,1.3050,-1.0422,1.5122,-0.6816
pos,1085,1.3111,-1.0338,1.5124,-0.6757
pos,1086,1.3170,-1.0258,1.5126,-0.6698
pos,1087,1.3226,-1.0181,1.5128,-0.6639
pos,1088,1.3281,-1.0106,1.5130,-0.6580
pos,1089,1.3334,-1.0035,1.5131,-0.6521
pos,1090,1.3385,-0.9967,1.5134,-0.6462
pos,1091,1.3434,-0.9903,1.5136,-0.6403
pos,1092,1.3480,-0.9842,1.5139,-0.6344
pos,1093,1.3525,-0.9785,1.5141,-0.6286
pos,1094,1.3567,-0.9731,1.5144,-0.6227
pos,1095,1.3608,-0.9681,1.5146,-0.6169
pos,1096,1.3646,-0.9634,1.5149,-0.6110
pos,1097,1.3683,-0.9591,1.5151,-0.6050
pos,1098,1.3718,-0.9551,1.5153,-0.5989
pos,1099,1.3752,-0.9515,1.5155,-0.5927
pos,1100,1.3783,-0.9482,1.5157,-0.5864
pos,1101,1.3814,-0.9453,1.5158,-0.5800
pos,1102,1.3843,-0.9427,1.5160,-0.5736
pos,1103,1.3867,-0.9404,1.5161,-0.5674
pos,1104,1.3887,-0.9384,1.5161,-0.5610
pos,1105,1.3902,-0.9368,1.5162,-0.5544
pos,1106,1.3914,-0.9355,1.5162,-0.5477
pos,1107,1.3922,-0.9345,1.5161,-0.5407
pos,1108,1.3926,-0.9339,1.5161,-0.5336
pos,1109,1.3926,-0.9336,1.5160,-0.5263
pos,1110,1.3923,-0.9336,1.5159,-0.5187
pos,1111,1.3917,-0.9339,1.5158,-0.5109
pos,1112,1.3907,-0.9345,1.5158,-0.5029
pos,1113,1.3894,-0.9355,1.5158,-0.4946
pos,1114,1.3879,-0.9368,1.5159,-0.4861
pos,1115,1.3861,-0.9383,1.5153,-0.4772
pos,1116,1.3841,-0.9400,1.5141,-0.4681
pos,1117,1.3818,-0.9421,1.5129,-0.4589
pos,1118,1.3792,-0.9444,1.5119,-0.4494
pos,1119,1.3764,-0.9471,1.5109,-0.4398
pos,1120,1.3733,-0.9501,1.5100,-0.4299
pos,1121,1.3699,-0.9533,1.5091,-0.4199
pos,1122,1.3664,-0.9569,1.5083,-0.4096
pos,1123,1.3626,-0.9607,1.5075,-0.3990
pos,1124,1.3586,-0.9648,1.5067,-0.3882
pos,1125,1.3544,-0.9692,1.5059,-0.3771
pos,1126,1.3500,-0.9739,1.5052,-0.3656
pos,1127,1.3454,-0.9788,1.5045,-0.3539
pos,1128,1.3407,-0.9840,1.5038,-0.3418
pos,1129,1.3357,-0.9894,1.5032,-0.3293
pos,1130,1.3307,-0.9951,1.5024,-0.3163
pos,1131,1.3255,-1.0010,1.5017,-0.3028
pos,1132,1.3201,-1.0072,1.5009,-0.2887
pos,1133,1.3147,-1.0136,1.5002,-0.2742
pos,1134,1.3091,-1.0202,1.4994,-0.2591
pos,1135,1.3034,-1.0271,1.4986,-0.2435
pos,1136,1.2976,-1.0341,1.4978,-0.2272
pos,1137,1.2917,-1.0413,1.4971,-0.2102
pos,1138,1.2857,-1.0487,1.4964,-0.1925
pos,1139,1.2795,-1.0563,1.4958,-0.1740
pos,1140,1.2732,-1.0640,1.4952,-0.1547
pos,1141,1.2669,-1.0719,1.4946,-0.1345
pos,1142,1.2605,-1.0800,1.4942,-0.1134
pos,1143,1.2539,-1.0882,1.4938,-0.0914
pos,1144,1.2472,-1.0965,1.4932,-0.0685
pos,1145,1.2403,-1.1050,1.4915,-0.0447
pos,1146,1.2334,-1.1136,1.4898,-0.0199
pos,1147,1.2263,-1.1223,1.4879,0.0058
pos,1148,1.2195,-1.1310,1.4865,0.0325
pos,1149,1.2130,-1.1397,1.4857,0.0603
pos,1150,1.2067,-1.1484,1.4857,0.0891
pos,1151,1.2006,-1.1571,1.4866,0.1190
pos,1152,1.1945,-1.1659,1.4872,0.1501
pos,1153,1.1883,-1.1747,1.4875,0.1824
pos,1154,1.1820,-1.1834,1.4877,0.2160
pos,1155,1.1757,-1.1921,1.4878,0.2478
pos,1156,1.1694,-1.2008,1.4879,0.2778
pos,1157,1.1630,-1.2094,1.4879,0.3062
pos,1158,1.1566,-1.2180,1.4879,0.3329
pos,1159,1.1502,-1.2266,1.4879,0.3580
pos,1160,1.1437,-1.2351,1.4878,0.3816
pos,1161,1.1372,-1.2435,1.4877,0.4037
pos,1162,1.1308,-1.2518,1.4877,0.4243
pos,1163,1.1243,-1.2600,1.4876,0.4435
pos,1164,1.1179,-1.2680,1.4874,0.4614
pos,1165,1.1115,-1.2760,1.4871,0.4779
pos,1166,1.1051,-1.2838,1.4867,0.4930
pos,1167,1.0986,-1.2918,1.4867,0.5069
pos,1168,1.0921,-1.2999,1.4873,0.5196
pos,1169,1.0857,-1.3079,1.4876,0.5312
pos,1170,1.0792,-1.3157,1.4877,0.5415
pos,1171,1.0726,-1.3236,1.4888,0.5508
pos,1172,1.0659,-1.3313,1.4899,0.5589
pos,1173,1.0593,-1.3389,1.4908,0.5660
pos,1174,1.0527,-1.3463,1.4915,0.5719
pos,1175,1.0461,-1.3537,1.4923,0.5768
pos,1176,1.0395,-1.3610,1.4929,0.5806
pos,1177,1.0330,-1.3680,1.4935,0.5833
pos,1178,1.0264,-1.3749,1.4940,0.5849
pos,1179,1.0199,-1.3817,1.4945,0.5852
pos,1180,1.0133,-1.3883,1.4949,0.5845
pos,1181,1.0068,-1.3948,1.4953,0.5825
pos,1182,1.0003,-1.4011,1.4956,0.5795
pos,1183,0.9937,-1.4073,1.4960,0.5753
pos,1184,0.9871,-1.4133,1.4963,0.5698
pos,1185,0.9807,-1.4192,1.4965,0.5630
pos,1186,0.9745,-1.4250,1.4965,0.5550
pos,1187,0.9686,-1.4307,1.4967,0.5456
pos,1188,0.9629,-1.4363,1.4970,0.5349
pos,1189,0.9573,-1.4417,1.4974,0.5229
pos,1190,0.9519,-1.4471,1.4977,0.5095
pos,1191,0.9468,-1.4523,1.4978,0.4943
pos,1192,0.9418,-1.4574,1.4976,0.4774
pos,1193,0.9372,-1.4623,1.4971,0.4588
pos,1194,0.9326,-1.4672,1.4967,0.4383
pos,1195,0.9281,-1.4720,1.4963,0.4160
pos,1196,0.9238,-1.4767,1.4960,0.3918
pos,1197,0.9196,-1.4813,1.4958,0.3656
pos,1198,0.9155,-1.4859,1.4956,0.3375
pos,1199,0.9115,-1.4904,1.4954,0.3074
pos,1200,0.9076,-1.4948,1.4952,0.2753
pos,1201,0.9038,-1.4992,1.4950,0.2410
pos,1202,0.9001,-1.5036,1.4948,0.2081
pos,1203,0.8964,-1.5079,1.4947,0.1765
pos,1204,0.8928,-1.5121,1.4946,0.1461
pos,1205,0.8893,-1.5163,1.4945,0.1169
pos,1206,0.8858,-1.5205,1.4945,0.0888
pos,1207,0.8824,-1.5247,1.4945,0.0617
pos,1208,0.8790,-1.5288,1.4946,0.0355
pos,1209,0.8757,-1.5329,1.4947,0.0104
pos,1210,0.8724,-1.5370,1.4947,-0.0136
pos,1211,0.8692,-1.5410,1.4946,-0.0367
pos,1212,0.8660,-1.5451,1.4946,-0.0588
pos,1213,0.8628,-1.5492,1.4946,-0.0800
pos,1214,0.8597,-1.5533,1.4947,-0.1004
pos,1215,0.8566,-1.5574,1.4947,-0.1200
pos,1216,0.8536,-1.5616,1.4948,-0.1388
pos,1217,0.8505,-1.5659,1.4949,-0.1569
pos,1218,0.8475,-1.5701,1.4952,-0.1743
pos,1219,0.8445,-1.5745,1.4954,-0.1908
pos,1220,0.8415,-1.5789,1.4957,-0.2067
pos,1221,0.8385,-1.5834,1.4960,-0.2219
pos,1222,0.8355,-1.5880,1.4964,-0.2366
pos,1223,0.8325,-1.5928,1.4969,-0.2507
pos,1224,0.8294,-1.5976,1.4971,-0.2643
pos,1225,0.8264,-1.6026,1.4974,-0.2773
pos,1226,0.8234,-1.6077,1.4978,-0.2897
pos,1227,0.8204,-1.6129,1.4981,-0.3017
pos,1228,0.8173,-1.6184,1.4986,-0.3132
pos,1229,0.8143,-1.6240,1.4990,-0.3243
pos,1230,0.8113,-1.6298,1.4995,-0.3350
pos,1231,0.8082,-1.6358,1.5001,-0.3453
pos,1232,0.8052,-1.6421,1.5008,-0.3552
pos,1233,0.8022,-1.6485,1.5015,-0.3647
pos,1234,0.7989,-1.6552,1.5022,-0.3738
pos,1235,0.7952,-1.6621,1.5030,-0.3826
pos,1236,0.7913,-1.6691,1.5038,-0.3911
pos,1237,0.7871,-1.6765,1.5047,-0.3993
pos,1238,0.7826,-1.6840,1.5056,-0.4072
pos,1239,0.7779,-1.6918,1.5066,-0.4147
pos,1240,0.7729,-1.6998,1.5076,-0.4221
pos,1241,0.7676,-1.7080,1.5087,-0.4292
pos,1242,0.7622,-1.7166,1.5099,-0.4359
pos,1243,0.7564,-1.7254,1.5111,-0.4425
pos,1244,0.7505,-1.7344,1.5123,-0.4488
pos,1245,0.7444,-1.7437,1.5135,-0.4550
pos,1246,0.7380,-1.7533,1.5148,-0.4609
pos,1247,0.7314,-1.7631,1.5160,-0.4665
pos,1248,0.7247,-1.7731,1.5172,-0.4720
pos,1249,0.7178,-1.7834,1.5184,-0.4772
pos,1250,0.7107,-1.7940,1.5195,-0.4823
pos,1251,0.7034,-1.8047,1.5205,-0.4872
pos,1252,0.6959,-1.8157,1.5215,-0.4920
pos,1253,0.6883,-1.8270,1.5225,-0.4966
pos,1254,0.6805,-1.8385,1.5235,-0.5011
pos,1255,0.6725,-1.8502,1.5246,-0.5054
pos,1256,0.6644,-1.8621,1.5257,-0.5096
pos,1257,0.6561,-1.8743,1.5268,-0.5135
pos,1258,0.6477,-1.8866,1.5279,-0.5174
pos,1259,0.6391,-1.8992,1.5291,-0.5211
pos,1260,0.6304,-1.9121,1.5302,-0.5246
pos,1261,0.6215,-1.9251,1.5315,-0.5281
pos,1262,0.6125,-1.9383,1.5327,-0.5314
pos,1263,0.6034,-1.9518,1.5340,-0.5346
pos,1264,0.5941,-1.9654,1.5353,-0.5377
pos,1265,0.5846,-1.9792,1.5365,-0.5407
pos,1266,0.5751,-1.9932,1.5378,-0.5436
pos,1267,0.5653,-2.0075,1.5391,-0.5463
pos,1268,0.5555,-2.0219,1.5404,-0.5490
pos,1269,0.5455,-2.0365,1.5416,-0.5516
pos,1270,0.5353,-2.0512,1.5428,-0.5542
pos,1271,0.5251,-2.0660,1.5440,-0.5566
pos,1272,0.5147,-2.0810,1.5451,-0.5590
pos,1273,0.5043,-2.0961,1.5462,-0.5612
pos,1274,0.4937,-2.1114,1.5473,-0.5635
pos,1275,0.4830,-2.1268,1.5484,-0.5656
pos,1276,0.4723,-2.1422,1.5495,-0.5677
pos,1277,0.4614,-2.1578,1.5505,-0.5697
pos,1278,0.4505,-2.1734,1.5516,-0.5716
pos,1279,0.4395,-2.1891,1.5526,-0.5735
pos,1280,0.4284,-2.2049,1.5537,-0.5752
pos,1281,0.4172,-2.2207,1.5548,-0.5768
pos,1282,0.4060,-2.2365,1.5559,-0.5785
pos,1283,0.3948,-2.2524,1.5570,-0.5800
pos,1284,0.3835,-2.2683,1.5581,-0.5814
pos,1285,0.3722,-2.2841,1.5592,-0.5827
pos,1286,0.3609,-2.3000,1.5603,-0.5840
pos,1287,0.3496,-2.3158,1.5615,-0.5852
pos,1288,0.3383,-2.3315,1.5627,-0.5865
pos,1289,0.3271,-2.3472,1.5640,-0.5877
pos,1290,0.3158,-2.3628,1.5651,-0.5888
pos,1291,0.3046,-2.3783,1.5663,-0.5899
pos,1292,0.2935,-2.3937,1.5674,-0.5909
pos,1293,0.2824,-2.4090,1.5684,-0.5918
pos,1294,0.2714,-2.4241,1.5695,-0.5927
pos,1295,0.2604,-2.4391,1.5705,-0.5936
pos,1296,0.2496,-2.4540,1.5715,-0.5944
pos,1297,0.2388,-2.4687,1.5725,-0.5951
pos,1298,0.2281,-2.4832,1.5734,-0.5958
pos,1299,0.2175,-2.4975,1.5743,-0.5964
pos,1300,0.2071,-2.5117,1.5752,-0.5970
pos,1301,0.1967,-2.5256,1.5760,-0.5976
pos,1302,0.1864,-2.5394,1.5768,-0.5981
pos,1303,0.1763,-2.5530,1.5775,-0.5986
pos,1304,0.1663,-2.5664,1.5782,-0.5990
pos,1305,0.1563,-2.5795,1.5788,-0.5994
pos,1306,0.1466,-2.5925,1.5794,-0.5997
pos,1307,0.1369,-2.6053,1.5799,-0.6001
pos,1308,0.1273,-2.6179,1.5805,-0.6004
pos,1309,0.1178,-2.6303,1.5809,-0.6007
pos,1310,0.1085,-2.6425,1.5814,-0.6010
pos,1311,0.0993,-2.6545,1.5818,-0.6012
pos,1312,0.0902,-2.6663,1.5821,-0.6015
pos,1313,0.0813,-2.6779,1.5825,-0.6017
pos,1314,0.0724,-2.6893,1.5828,-0.6020
pos,1315,0.0638,-2.7005,1.5830,-0.6022
pos,1316,0.0552,-2.7115,1.5832,-0.6024
pos,1317,0.0467,-2.7223,1.5834,-0.6026
pos,1318,0.0384,-2.7329,1.5835,-0.6028
pos,1319,0.0302,-2.7433,1.5836,-0.6030
pos,1320,0.0221,-2.7536,1.5837,-0.6031
pos,1321,0.0142,-2.7636,1.5838,-0.6033
pos,1322,0.0064,-2.7734,1.5838,-0.6035
pos,1323,-0.0013,-2.7830,1.5838,-0.6037
pos,1324,-0.0089,-2.7925,1.5837,-0.6038
pos,1325,-0.0163,-2.8017,1.5836,-0.6040
pos,1326,-0.0236,-2.8108,1.5835,-0.6041
pos,1327,-0.0307,-2.8196,1.5833,-0.6043
pos,1328,-0.0378,-2.8283,1.5831,-0.6044
pos,1329,-0.0447,-2.8368,1.5828,-0.6045
pos,1330,-0.0514,-2.8451,1.5825,-0.6046
pos,1331,-0.0581,-2.8533,1.5822,-0.6047
pos,1332,-0.0646,-2.8612,1.5819,-0.6047
pos,1333,-0.0710,-2.8690,1.5815,-0.6048
pos,1334,-0.0772,-2.8767,1.5811,-0.6049
pos,1335,-0.0833,-2.8841,1.5807,-0.6049
pos,1336,-0.0893,-2.8915,1.5802,-0.6049
pos,1337,-0.0952,-2.8986,1.5797,-0.6049
pos,1338,-0.1009,-2.9056,1.5792,-0.6049
pos,1339,-0.1065,-2.9124,1.5787,-0.6049
pos,1340,-0.1120,-2.9191,1.5782,-0.6048
pos,1341,-0.1174,-2.9256,1.5776,-0.6048
pos,1342,-0.1226,-2.9319,1.5770,-0.6047
pos,1343,-0.1277,-2.9381,1.5763,-0.6047
pos,1344,-0.1327,-2.9442,1.5755,-0.6046
pos,1345,-0.1376,-2.9501,1.5748,-0.6047
pos,1346,-0.1423,-2.9559,1.5740,-0.6047
pos,1347,-0.1470,-2.9615,1.5731,-0.6048
pos,1348,-0.1515,-2.9670,1.5722,-0.6048
pos,1349,-0.1559,-2.9724,1.5711,-0.6048
pos,1350,-0.1601,-2.9775,1.5700,-0.6048
pos,1351,-0.1643,-2.9826,1.5689,-0.6048
pos,1352,-0.1683,-2.9875,1.5679,-0.6048
pos,1353,-0.1722,-2.9922,1.5670,-0.6047
pos,1354,-0.1760,-2.9968,1.5661,-0.6046
pos,1355,-0.1796,-3.0013,1.5652,-0.6045
pos,1356,-0.1832,-3.0056,1.5644,-0.6044
pos,1357,-0.1866,-3.0098,1.5635,-0.6042
pos,1358,-0.1900,-3.0139,1.5627,-0.6040
pos,1359,-0.1932,-3.0178,1.5619,-0.6038
pos,1360,-0.1963,-3.0216,1.5611,-0.6036
pos,1361,-0.1994,-3.0253,1.5604,-0.6033
pos,1362,-0.2023,-3.0288,1.5598,-0.6030
pos,1363,-0.2051,-3.0322,1.5593,-0.6027
pos,1364,-0.2078,-3.0355,1.5588,-0.6023
pos,1365,-0.2103,-3.0386,1.5584,-0.6019
pos,1366,-0.2128,-3.0416,1.5582,-0.6015
pos,1367,-0.2152,-3.0445,1.5580,-0.6011
pos,1368,-0.2175,-3.0473,1.5580,-0.6007
pos,1369,-0.2197,-3.0500,1.5581,-0.6002
pos,1370,-0.2218,-3.0525,1.5584,-0.5996
pos,1371,-0.2239,-3.0550,1.5589,-0.5991
pos,1372,-0.2258,-3.0573,1.5595,-0.5985
pos,1373,-0.2277,-3.0595,1.5603,-0.5979
pos,1374,-0.2294,-3.0616,1.5612,-0.5972
pos,1375,-0.2311,-3.0636,1.5624,-0.5965
pos,1376,-0.2327,-3.0654,1.5637,-0.5958
pos,1377,-0.2342,-3.0672,1.5652,-0.5950
pos,1378,-0.2357,-3.0689,1.5668,-0.5942
pos,1379,-0.2371,-3.0705,1.5687,-0.5934
pos,1380,-0.2384,-3.0719,1.5706,-0.5925
pos,1381,-0.2396,-3.0733,1.5728,-0.5915
pos,1382,-0.2408,-3.0746,1.5751,-0.5905
pos,1383,-0.2419,-3.0758,1.5776,-0.5895
pos,1384,-0.2430,-3.0768,1.5802,-0.5885
pos,1385,-0.2440,-3.0778,1.5829,-0.5873
pos,1386,-0.2449,-3.0787,1.5860,-0.5862
pos,1387,-0.2458,-3.0795,1.5892,-0.5850
pos,1388,-0.2467,-3.0803,1.5926,-0.5837
pos,1389,-0.2475,-3.0809,1.5962,-0.5823
pos,1390,-0.2482,-3.0815,1.6000,-0.5809
pos,1391,-0.2489,-3.0819,1.6041,-0.5795
pos,1392,-0.2495,-3.0823,1.6083,-0.5779
pos,1393,-0.2501,-3.0826,1.6128,-0.5763
pos,1394,-0.2506,-3.0829,1.6175,-0.5746
pos,1395,-0.2511,-3.0830,1.6227,-0.5729
pos,1396,-0.2515,-3.0831,1.6281,-0.5710
pos,1397,-0.2518,-3.0832,1.6338,-0.5691
pos,1398,-0.2521,-3.0831,1.6397,-0.5671
pos,1399,-0.2524,-3.0830,1.6459,-0.5651
pos,1400,-0.2526,-3.0828,1.6524,-0.5629
pos,1401,-0.2527,-3.0826,1.6593,-0.5607
pos,1402,-0.2528,-3.0823,1.6662,-0.5584
pos,1403,-0.2529,-3.0820,1.6732,-0.5559
pos,1404,-0.2528,-3.0816,1.6804,-0.5534
pos,1405,-0.2528,-3.0811,1.6877,-0.5508
pos,1406,-0.2527,-3.0807,1.6951,-0.5481
pos,1407,-0.2525,-3.0801,1.7026,-0.5452
pos,1408,-0.2523,-3.0796,1.7103,-0.5423
pos,1409,-0.2521,-3.0790,1.7181,-0.5392
pos,1410,-0.2518,-3.0783,1.7260,-0.5359
pos,1411,-0.2515,-3.0776,1.7339,-0.5326
pos,1412,-0.2511,-3.0769,1.7418,-0.5291
pos,1413,-0.2506,-3.0762,1.7505,-0.5255
pos,1414,-0.2502,-3.0754,1.7592,-0.5217
pos,1415,-0.2497,-3.0746,1.7679,-0.5178
pos,1416,-0.2491,-3.0737,1.7767,-0.5137
pos,1417,-0.2485,-3.0729,1.7854,-0.5094
pos,1418,-0.2479,-3.0720,1.7942,-0.5049
pos,1419,-0.2472,-3.0710,1.8031,-0.5003
pos,1420,-0.2465,-3.0701,1.8119,-0.4955
pos,1421,-0.2458,-3.0691,1.8207,-0.4904
pos,1422,-0.2450,-3.0681,1.8296,-0.4852
pos,1423,-0.2442,-3.0671,1.8384,-0.4798
pos,1424,-0.2433,-3.0660,1.8472,-0.4742
pos,1425,-0.2424,-3.0650,1.8561,-0.4683
pos,1426,-0.2415,-3.0639,1.8648,-0.4622
pos,1427,-0.2406,-3.0628,1.8733,-0.4558
pos,1428,-0.2396,-3.0617,1.8817,-0.4492
pos,1429,-0.2386,-3.0607,1.8901,-0.4424
pos,1430,-0.2376,-3.0596,1.8980,-0.4352
pos,1431,-0.2366,-3.0585,1.9059,-0.4278
pos,1432,-0.2356,-3.0574,1.9137,-0.4200
pos,1433,-0.2346,-3.0563,1.9214,-0.4120
pos,1434,-0.2335,-3.0553,1.9289,-0.4036
pos,1435,-0.2324,-3.0542,1.9363,-0.3949
pos,1436,-0.2314,-3.0532,1.9435,-0.3858
pos,1437,-0.2303,-3.0522,1.9506,-0.3763
pos,1438,-0.2292,-3.0512,1.9574,-0.3665
pos,1439,-0.2281,-3.0503,1.9640,-0.3563
pos,1440,-0.2270,-3.0493,1.9703,-0.3456
pos,1441,-0.2259,-3.0484,1.9764,-0.3345
pos,1442,-0.2248,-3.0475,1.9822,-0.3230
pos,1443,-0.2238,-3.0467,1.9878,-0.3110
pos,1444,-0.2227,-3.0459,1.9930,-0.2985
pos,1445,-0.2216,-3.0451,1.9980,-0.2855
pos,1446,-0.2205,-3.0444,2.0028,-0.2719
pos,1447,-0.2195,-3.0437,2.0072,-0.2578
pos,1448,-0.2184,-3.0430,2.0114,-0.2431
pos,1449,-0.2174,-3.0424,2.0153,-0.2278
pos,1450,-0.2163,-3.0418,2.0189,-0.2119
pos,1451,-0.2153,-3.0412,2.0222,-0.1952
pos,1452,-0.2143,-3.0407,2.0251,-0.1779
pos,1453,-0.2133,-3.0403,2.0278,-0.1599
pos,1454,-0.2123,-3.0398,2.0302,-0.1411
pos,1455,-0.2113,-3.0395,2.0322,-0.1216
pos,1456,-0.2103,-3.0391,2.0341,-0.1012
pos,1457,-0.2093,-3.0388,2.0358,-0.0800
pos,1458,-0.2084,-3.0384,2.0373,-0.0579
pos,1459,-0.2074,-3.0380,2.0388,-0.0350
pos,1460,-0.2064,-3.0376,2.0397,-0.0110
pos,1461,-0.2055,-3.0372,2.0404,0.0139
pos,1462,-0.2045,-3.0369,2.0409,0.0398
pos,1463,-0.2037,-3.0365,2.0412,0.0668
pos,1464,-0.2029,-3.0362,2.0412,0.0950
pos,1465,-0.2021,-3.0360,2.0411,0.1211
pos,1466,-0.2013,-3.0357,2.0408,0.1454
pos,1467,-0.2006,-3.0354,2.0405,0.1680
pos,1468,-0.2000,-3.0351,2.0401,0.1890
pos,1469,-0.1993,-3.0347,2.0397,0.2083
pos,1470,-0.1986,-3.0344,2.0390,0.2260
pos,1471,-0.1980,-3.0340,2.0382,0.2422
pos,1472,-0.1973,-3.0336,2.0371,0.2568
pos,1473,-0.1966,-3.0331,2.0357,0.2699
pos,1474,-0.1959,-3.0326,2.0338,0.2815
pos,1475,-0.1952,-3.0321,2.0312,0.2916
pos,1476,-0.1944,-3.0315,2.0277,0.3002
pos,1477,-0.1936,-3.0308,2.0230,0.3074
pos,1478,-0.1928,-3.0301,2.0167,0.3132
pos,1479,-0.1920,-3.0294,2.0104,0.3174
pos,1480,-0.1912,-3.0287,2.0045,0.3201
pos,1481,-0.1905,-3.0281,1.9989,0.3223
pos,1482,-0.1898,-3.0275,1.9931,0.3240
pos,1483,-0.1891,-3.0270,1.9874,0.3253
pos,1484,-0.1885,-3.0265,1.9817,0.3262
pos,1485,-0.1878,-3.0261,1.9759,0.3266
pos,1486,-0.1873,-3.0257,1.9700,0.3265
pos,1487,-0.1867,-3.0253,1.9638,0.3260
pos,1488,-0.1862,-3.0250,1.9574,0.3250
pos,1489,-0.1857,-3.0247,1.9507,0.3236
pos,1490,-0.1852,-3.0244,1.9434,0.3218
pos,1491,-0.1848,-3.0241,1.9359,0.3195
pos,1492,-0.1844,-3.0239,1.9282,0.3168
pos,1493,-0.1840,-3.0237,1.9202,0.3137
pos,1494,-0.1836,-3.0235,1.9121,0.3100
pos,1495,-0.1833,-3.0233,1.9039,0.3060
pos,1496,-0.1829,-3.0232,1.8956,0.3014
pos,1497,-0.1826,-3.0231,1.8872,0.2964
pos,1498,-0.1823,-3.0230,1.8785,0.2909
pos,1499,-0.1820,-3.0229,1.8698,0.2849
pos,1500,-0.1818,-3.0228,1.8609,0.2784
pos,1501,-0.1815,-3.0227,1.8519,0.2714
pos,1502,-0.1813,-3.0227,1.8428,0.2639
pos,1503,-0.1810,-3.0226,1.8336,0.2558
pos,1504,-0.1808,-3.0226,1.8244,0.2471
pos,1505,-0.1806,-3.0226,1.8151,0.2379
pos,1506,-0.1803,-3.0226,1.8057,0.2282
pos,1507,-0.1801,-3.0226,1.7963,0.2178
pos,1508,-0.1799,-3.0226,1.7869,0.2068
pos,1509,-0.1796,-3.0226,1.7775,0.1951
pos,1510,-0.1794,-3.0226,1.7682,0.1828
pos,1511,-0.1791,-3.0226,1.7588,0.1699
pos,1512,-0.1789,-3.0226,1.7496,0.1562
pos,1513,-0.1786,-3.0227,1.7404,0.1418
pos,1514,-0.1784,-3.0227,1.7314,0.1267
pos,1515,-0.1781,-3.0227,1.7226,0.1108
pos,1516,-0.1778,-3.0228,1.7139,0.0941
pos,1517,-0.1775,-3.0229,1.7055,0.0766
pos,1518,-0.1771,-3.0229,1.6974,0.0583
pos,1519,-0.1768,-3.0230,1.6896,0.0390
pos,1520,-0.1764,-3.0231,1.6819,0.0189
pos,1521,-0.1760,-3.0231,1.6741,-0.0022
pos,1522,-0.1756,-3.0231,1.6665,-0.0242
pos,1523,-0.1752,-3.0231,1.6589,-0.0473
pos,1524,-0.1747,-3.0231,1.6515,-0.0695
pos,1525,-0.1743,-3.0231,1.6442,-0.0907
pos,1526,-0.1738,-3.0231,1.6371,-0.1112
pos,1527,-0.1732,-3.0230,1.6301,-0.1308
pos,1528,-0.1727,-3.0230,1.6233,-0.1497
pos,1529,-0.1721,-3.0229,1.6167,-0.1678
pos,1530,-0.1715,-3.0228,1.6103,-0.1852
pos,1531,-0.1709,-3.0227,1.6041,-0.2019
pos,1532,-0.1703,-3.0226,1.5981,-0.2179
pos,1533,-0.1696,-3.0225,1.5923,-0.2333
pos,1534,-0.1689,-3.0224,1.5867,-0.2480
pos,1535,-0.1682,-3.0223,1.5814,-0.2622
pos,1536,-0.1675,-3.0222,1.5763,-0.2758
pos,1537,-0.1668,-3.0221,1.5713,-0.2889
pos,1538,-0.1660,-3.0220,1.5666,-0.3014
pos,1539,-0.1652,-3.0219,1.5621,-0.3135
pos,1540,-0.1644,-3.0218,1.5577,-0.3250
pos,1541,-0.1636,-3.0217,1.5536,-0.3361
pos,1542,-0.1627,-3.0216,1.5497,-0.3468
pos,1543,-0.1618,-3.0215,1.5459,-0.3570
pos,1544,-0.1609,-3.0214,1.5424,-0.3668
pos,1545,-0.1600,-3.0213,1.5390,-0.3763
pos,1546,-0.1590,-3.0212,1.5357,-0.3853
pos,1547,-0.1580,-3.0211,1.5326,-0.3940
pos,1548,-0.1570,-3.0210,1.5297,-0.4024
pos,1549,-0.1559,-3.0210,1.5268,-0.4105
pos,1550,-0.1549,-3.0209,1.5241,-0.4182
pos,1551,-0.1537,-3.0208,1.5216,-0.4256
pos,1552,-0.1525,-3.0208,1.5192,-0.4328
pos,1553,-0.1513,-3.0207,1.5169,-0.4397
pos,1554,-0.1501,-3.0207,1.5147,-0.4463
pos,1555,-0.1488,-3.0206,1.5127,-0.4526
pos,1556,-0.1474,-3.0206,1.5109,-0.4587
pos,1557,-0.1459,-3.0206,1.5092,-0.4646
pos,1558,-0.1444,-3.0206,1.5076,-0.4702
pos,1559,-0.1428,-3.0206,1.5061,-0.4757
pos,1560,-0.1411,-3.0207,1.5048,-0.4809
pos,1561,-0.1393,-3.0207,1.5037,-0.4859
pos,1562,-0.1374,-3.0207,1.5027,-0.4907
pos,1563,-0.1357,-3.0208,1.5018,-0.4953
pos,1564,-0.1342,-3.0208,1.5009,-0.4997
pos,1565,-0.1329,-3.0208,1.5002,-0.5039
pos,1566,-0.1317,-3.0209,1.4996,-0.5080
pos,1567,-0.1307,-3.0209,1.4990,-0.5120
pos,1568,-0.1299,-3.0209,1.4985,-0.5158
pos,1569,-0.1292,-3.0208,1.4980,-0.5194
pos,1570,-0.1286,-3.0208,1.4976,-0.5229
pos,1571,-0.1281,-3.0208,1.4972,-0.5263
pos,1572,-0.1278,-3.0208,1.4969,-0.5295
pos,1573,-0.1276,-3.0207,1.4965,-0.5326
pos,1574,-0.1275,-3.0207,1.4962,-0.5356
pos,1575,-0.1275,-3.0206,1.4958,-0.5385
pos,1576,-0.1276,-3.0205,1.4954,-0.5413
pos,1577,-0.1279,-3.0204,1.4948,-0.5439
pos,1578,-0.1282,-3.0202,1.4943,-0.5465
pos,1579,-0.1287,-3.0201,1.4938,-0.5490
pos,1580,-0.1293,-3.0199,1.4932,-0.5514
pos,1581,-0.1301,-3.0196,1.4927,-0.5537
pos,1582,-0.1309,-3.0193,1.4922,-0.5558
pos,1583,-0.1316,-3.0190,1.4917,-0.5579
pos,1584,-0.1321,-3.0187,1.4911,-0.5599
pos,1585,-0.1324,-3.0183,1.4906,-0.5618
pos,1586,-0.1326,-3.0179,1.4900,-0.5637
pos,1587,-0.1326,-3.0174,1.4894,-0.5655
pos,1588,-0.1324,-3.0169,1.4888,-0.5672
pos,1589,-0.1321,-3.0163,1.4882,-0.5689
pos,1590,-0.1317,-3.0157,1.4877,-0.5704
pos,1591,-0.1311,-3.0150,1.4870,-0.5719
pos,1592,-0.1304,-3.0141,1.4864,-0.5734
pos,1593,-0.1296,-3.0133,1.4858,-0.5748
pos,1594,-0.1287,-3.0123,1.4852,-0.5761
pos,1595,-0.1276,-3.0112,1.4845,-0.5773
pos,1596,-0.1264,-3.0100,1.4839,-0.5785
pos,1597,-0.1251,-3.0087,1.4832,-0.5797
pos,1598,-0.1237,-3.0073,1.4826,-0.5808
pos,1599,-0.1222,-3.0057,1.4819,-0.5818
pos,1600,-0.1205,-3.0041,1.4813,-0.5828
pos,1601,-0.1187,-3.0023,1.4807,-0.5837
pos,1602,-0.1168,-3.0003,1.4800,-0.5847
pos,1603,-0.1148,-2.9983,1.4794,-0.5855
pos,1604,-0.1127,-2.9961,1.4788,-0.5863
pos,1605,-0.1104,-2.9937,1.4782,-0.5871
pos,1606,-0.1081,-2.9913,1.4777,-0.5878
pos,1607,-0.1056,-2.9887,1.4771,-0.5885
pos,1608,-0.1030,-2.9859,1.4766,-0.5891
pos,1609,-0.1003,-2.9830,1.4762,-0.5897
pos,1610,-0.0975,-2.9800,1.4758,-0.5902
pos,1611,-0.0946,-2.9768,1.4754,-0.5908
pos,1612,-0.0916,-2.9735,1.4752,-0.5913
pos,1613,-0.0884,-2.9701,1.4749,-0.5918
pos,1614,-0.0852,-2.9665,1.4748,-0.5922
pos,1615,-0.0819,-2.9628,1.4747,-0.5926
pos,1616,-0.0785,-2.9590,1.4747,-0.5930
pos,1617,-0.0750,-2.9550,1.4748,-0.5933
pos,1618,-0.0714,-2.9510,1.4749,-0.5936
pos,1619,-0.0678,-2.9468,1.4752,-0.5939
pos,1620,-0.0640,-2.9425,1.4755,-0.5942
pos,1621,-0.0602,-2.9382,1.4759,-0.5944
pos,1622,-0.0563,-2.9337,1.4764,-0.5946
pos,1623,-0.0523,-2.9291,1.4771,-0.5948
pos,1624,-0.0482,-2.9245,1.4778,-0.5950
pos,1625,-0.0441,-2.9198,1.4786,-0.5951
pos,1626,-0.0399,-2.9150,1.4795,-0.5952
pos,1627,-0.0356,-2.9101,1.4804,-0.5953
pos,1628,-0.0313,-2.9051,1.4814,-0.5953
pos,1629,-0.0269,-2.9001,1.4825,-0.5954
pos,1630,-0.0224,-2.8950,1.4837,-0.5954
pos,1631,-0.0179,-2.8899,1.4849,-0.5954
pos,1632,-0.0133,-2.8848,1.4861,-0.5953
pos,1633,-0.0086,-2.8796,1.4873,-0.5953
pos,1634,-0.0040,-2.8743,1.4885,-0.5952
pos,1635,0.0007,-2.8690,1.4897,-0.5951
pos,1636,0.0055,-2.8637,1.4910,-0.5950
pos,1637,0.0103,-2.8584,1.4922,-0.5949
pos,1638,0.0151,-2.8530,1.4934,-0.5947
pos,1639,0.0199,-2.8476,1.4945,-0.5946
pos,1640,0.0247,-2.8422,1.4957,-0.5944
pos,1641,0.0296,-2.8367,1.4968,-0.5942
pos,1642,0.0344,-2.8313,1.4979,-0.5941
pos,1643,0.0393,-2.8258,1.4991,-0.5938
pos,1644,0.0441,-2.8203,1.5002,-0.5936
pos,1645,0.0489,-2.8149,1.5013,-0.5933
pos,1646,0.0537,-2.8094,1.5023,-0.5930
pos,1647,0.0585,-2.8039,1.5034,-0.5927
pos,1648,0.0633,-2.7985,1.5044,-0.5924
pos,1649,0.0680,-2.7930,1.5054,-0.5921
pos,1650,0.0728,-2.7876,1.5064,-0.5917
pos,1651,0.0774,-2.7822,1.5074,-0.5914
pos,1652,0.0821,-2.7769,1.5083,-0.5910
pos,1653,0.0867,-2.7715,1.5092,-0.5906
pos,1654,0.0913,-2.7662,1.5101,-0.5901
pos,1655,0.0958,-2.7609,1.5109,-0.5896
pos,1656,0.1003,-2.7556,1.5116,-0.5891
pos,1657,0.1047,-2.7504,1.5123,-0.5886
pos,1658,0.1091,-2.7452,1.5130,-0.5879
pos,1659,0.1135,-2.7401,1.5136,-0.5873
pos,1660,0.1179,-2.7350,1.5142,-0.5867
pos,1661,0.1221,-2.7299,1.5147,-0.5860
pos,1662,0.1264,-2.7248,1.5152,-0.5854
pos,1663,0.1306,-2.7199,1.5156,-0.5847
pos,1664,0.1347,-2.7149,1.5160,-0.5840
pos,1665,0.1389,-2.7100,1.5163,-0.5832
pos,1666,0.1429,-2.7052,1.5166,-0.5825
pos,1667,0.1469,-2.7004,1.5168,-0.5817
pos,1668,0.1509,-2.6956,1.5170,-0.5809
pos,1669,0.1549,-2.6909,1.5171,-0.5800
pos,1670,0.1588,-2.6863,1.5172,-0.5791
pos,1671,0.1626,-2.6817,1.5172,-0.5781
pos,1672,0.1665,-2.6771,1.5172,-0.5771
pos,1673,0.1702,-2.6726,1.5171,-0.5761
pos,1674,0.1740,-2.6681,1.5170,-0.5750
pos,1675,0.1777,-2.6637,1.5168,-0.5738
pos,1676,0.1814,-2.6594,1.5166,-0.5726
pos,1677,0.1850,-2.6551,1.5163,-0.5714
pos,1678,0.1886,-2.6508,1.5160,-0.5701
pos,1679,0.1921,-2.6466,1.5156,-0.5687
pos,1680,0.1956,-2.6425,1.5152,-0.5672
pos,1681,0.1991,-2.6384,1.5147,-0.5658
pos,1682,0.2025,-2.6344,1.5143,-0.5642
pos,1683,0.2059,-2.6304,1.5138,-0.5626
pos,1684,0.2092,-2.6265,1.5133,-0.5609
pos,1685,0.2125,-2.6226,1.5128,-0.5591
pos,1686,0.2158,-2.6188,1.5123,-0.5573
pos,1687,0.2190,-2.6151,1.5118,-0.5554
pos,1688,0.2222,-2.6114,1.5113,-0.5534
pos,1689,0.2253,-2.6078,1.5108,-0.5513
pos,1690,0.2284,-2.6043,1.5103,-0.5492
pos,1691,0.2314,-2.6008,1.5099,-0.5469
pos,1692,0.2344,-2.5974,1.5094,-0.5446
pos,1693,0.2374,-2.5940,1.5089,-0.5421
pos,1694,0.2403,-2.5907,1.5084,-0.5396
pos,1695,0.2432,-2.5875,1.5080,-0.5369
pos,1696,0.2460,-2.5844,1.5075,-0.5345
pos,1697,0.2488,-2.5813,1.5070,-0.5324
pos,1698,0.2516,-2.5783,1.5065,-0.5306
pos,1699,0.2543,-2.5753,1.5059,-0.5290
pos,1700,0.2571,-2.5724,1.5054,-0.5276
pos,1701,0.2597,-2.5696,1.5048,-0.5264
pos,1702,0.2624,-2.5668,1.5042,-0.5255
pos,1703,0.2650,-2.5641,1.5036,-0.5248
pos,1704,0.2676,-2.5615,1.5029,-0.5243
pos,1705,0.2701,-2.5590,1.5023,-0.5239
pos,1706,0.2726,-2.5565,1.5016,-0.5238
pos,1707,0.2751,-2.5541,1.5009,-0.5238
pos,1708,0.2775,-2.5517,1.5002,-0.5240
pos,1709,0.2799,-2.5495,1.4995,-0.5244
pos,1710,0.2822,-2.5473,1.4987,-0.5249
pos,1711,0.2846,-2.5451,1.4980,-0.5256
pos,1712,0.2869,-2.5431,1.4973,-0.5264
pos,1713,0.2891,-2.5411,1.4965,-0.5274
pos,1714,0.2914,-2.5391,1.4958,-0.5285
pos,1715,0.2936,-2.5373,1.4951,-0.5297
pos,1716,0.2957,-2.5355,1.4943,-0.5311
pos,1717,0.2979,-2.5337,1.4936,-0.5326
pos,1718,0.3000,-2.5320,1.4928,-0.5342
pos,1719,0.3020,-2.5304,1.4921,-0.5360
pos,1720,0.3041,-2.5288,1.4914,-0.5379
pos,1721,0.3061,-2.5273,1.4906,-0.5399
pos,1722,0.3080,-2.5259,1.4899,-0.5420
pos,1723,0.3099,-2.5245,1.4892,-0.5443
pos,1724,0.3118,-2.5232,1.4885,-0.5466
pos,1725,0.3137,-2.5219,1.4878,-0.5491
pos,1726,0.3154,-2.5207,1.4870,-0.5517
pos,1727,0.3172,-2.5195,1.4864,-0.5544
pos,1728,0.3189,-2.5184,1.4856,-0.5572
pos,1729,0.3206,-2.5174,1.4849,-0.5601
pos,1730,0.3222,-2.5164,1.4842,-0.5631
pos,1731,0.3238,-2.5155,1.4836,-0.5663
pos,1732,0.3253,-2.5147,1.4829,-0.5696
pos,1733,0.3267,-2.5139,1.4823,-0.5730
pos,1734,0.3282,-2.5132,1.4817,-0.5765
pos,1735,0.3295,-2.5125,1.4811,-0.5802
pos,1736,0.3308,-2.5119,1.4805,-0.5840
pos,1737,0.3321,-2.5113,1.4799,-0.5880
pos,1738,0.3333,-2.5107,1.4793,-0.5921
pos,1739,0.3344,-2.5102,1.4786,-0.5964
pos,1740,0.3355,-2.5098,1.4780,-0.6008
pos,1741,0.3366,-2.5093,1.4774,-0.6053
pos,1742,0.3376,-2.5089,1.4768,-0.6100
pos,1743,0.3386,-2.5086,1.4762,-0.6149
pos,1744,0.3395,-2.5082,1.4757,-0.6196
pos,1745,0.3403,-2.5079,1.4751,-0.6240
pos,1746,0.3411,-2.5077,1.4746,-0.6283
pos,1747,0.3419,-2.5074,1.4741,-0.6323
pos,1748,0.3426,-2.5072,1.4736,-0.6362
pos,1749,0.3433,-2.5070,1.4732,-0.6399
pos,1750,0.3440,-2.5068,1.4729,-0.6435
pos,1751,0.3446,-2.5067,1.4725,-0.6469
pos,1752,0.3452,-2.5065,1.4722,-0.6502
pos,1753,0.3457,-2.5064,1.4719,-0.6533
pos,1754,0.3462,-2.5063,1.4716,-0.6563
pos,1755,0.3467,-2.5062,1.4714,-0.6593
pos,1756,0.3472,-2.5062,1.4712,-0.6621
pos,1757,0.3476,-2.5061,1.4709,-0.6648
pos,1758,0.3480,-2.5061,1.4707,-0.6674
pos,1759,0.3484,-2.5061,1.4705,-0.6699
pos,1760,0.3487,-2.5060,1.4703,-0.6724
pos,1761,0.3491,-2.5061,1.4701,-0.6748
pos,1762,0.3494,-2.5061,1.4699,-0.6771
pos,1763,0.3496,-2.5061,1.4698,-0.6794
pos,1764,0.3499,-2.5062,1.4696,-0.6816
pos,1765,0.3501,-2.5062,1.4695,-0.6838
pos,1766,0.3504,-2.5063,1.4694,-0.6860
pos,1767,0.3506,-2.5064,1.4693,-0.6881
pos,1768,0.3508,-2.5064,1.4692,-0.6902
pos,1769,0.3509,-2.5065,1.4692,-0.6923
pos,1770,0.3511,-2.5066,1.4691,-0.6944
pos,1771,0.3512,-2.5067,1.4691,-0.6966
pos,1772,0.3513,-2.5068,1.4691,-0.6987
pos,1773,0.3515,-2.5069,1.4692,-0.7008
pos,1774,0.3516,-2.5070,1.4692,-0.7029
pos,1775,0.3517,-2.5072,1.4693,-0.7051
pos,1776,0.3517,-2.5073,1.4694,-0.7073
pos,1777,0.3518,-2.5074,1.4695,-0.7092
pos,1778,0.3519,-2.5076,1.4697,-0.7107
pos,1779,0.3520,-2.5077,1.4698,-0.7119
pos,1780,0.3520,-2.5078,1.4700,-0.7128
pos,1781,0.3521,-2.5080,1.4702,-0.7134
pos,1782,0.3522,-2.5081,1.4705,-0.7136
pos,1783,0.3522,-2.5083,1.4709,-0.7137
pos,1784,0.3523,-2.5084,1.4714,-0.7134
pos,1785,0.3524,-2.5086,1.4718,-0.7128
pos,1786,0.3524,-2.5087,1.4723,-0.7120
pos,1787,0.3525,-2.5089,1.4729,-0.7110
pos,1788,0.3525,-2.5090,1.4734,-0.7097
pos,1789,0.3526,-2.5092,1.4740,-0.7081
pos,1790,0.3527,-2.5093,1.4747,-0.7064
pos,1791,0.3527,-2.5095,1.4754,-0.7044
pos,1792,0.3528,-2.5097,1.4761,-0.7021
pos,1793,0.3529,-2.5098,1.4769,-0.6997
pos,1794,0.3529,-2.5100,1.4777,-0.6970
pos,1795,0.3530,-2.5101,1.4785,-0.6941
pos,1796,0.3530,-2.5103,1.4793,-0.6910
pos,1797,0.3531,-2.5104,1.4802,-0.6877
pos,1798,0.3532,-2.5106,1.4811,-0.6842
pos,1799,0.3532,-2.5107,1.4821,-0.6804
pos,1800,0.3533,-2.5109,1.4830,-0.6765
pos,1801,0.3533,-2.5110,1.4840,-0.6723
pos,1802,0.3534,-2.5111,1.4849,-0.6679
pos,1803,0.3534,-2.5113,1.4859,-0.6633
pos,1804,0.3535,-2.5114,1.4869,-0.6585
pos,1805,0.3536,-2.5115,1.4880,-0.6535
pos,1806,0.3536,-2.5117,1.4890,-0.6483
pos,1807,0.3537,-2.5118,1.4901,-0.6429
pos,1808,0.3538,-2.5119,1.4912,-0.6372
pos,1809,0.3539,-2.5121,1.4923,-0.6313
pos,1810,0.3540,-2.5122,1.4935,-0.6252
pos,1811,0.3541,-2.5123,1.4946,-0.6189
pos,1812,0.3542,-2.5124,1.4958,-0.6123
pos,1813,0.3544,-2.5125,1.4969,-0.6054
pos,1814,0.3545,-2.5126,1.4981,-0.5983
pos,1815,0.3547,-2.5127,1.4992,-0.5910
pos,1816,0.3548,-2.5128,1.5003,-0.5833
pos,1817,0.3550,-2.5129,1.5014,-0.5754
pos,1818,0.3552,-2.5130,1.5025,-0.5672
pos,1819,0.3554,-2.5130,1.5035,-0.5588
pos,1820,0.3556,-2.5131,1.5046,-0.5500
pos,1821,0.3558,-2.5132,1.5057,-0.5410
pos,1822,0.3561,-2.5132,1.5067,-0.5317
pos,1823,0.3563,-2.5133,1.5076,-0.5221
pos,1824,0.3566,-2.5134,1.5085,-0.5122
pos,1825,0.3569,-2.5134,1.5094,-0.5021
pos,1826,0.3571,-2.5135,1.5103,-0.4916
pos,1827,0.3574,-2.5135,1.5111,-0.4808
pos,1828,0.3577,-2.5136,1.5119,-0.4698
pos,1829,0.3580,-2.5136,1.5127,-0.4584
pos,1830,0.3583,-2.5136,1.5133,-0.4467
pos,1831,0.3585,-2.5137,1.5138,-0.4347
pos,1832,0.3587,-2.5136,1.5142,-0.4224
pos,1833,0.3589,-2.5136,1.5144,-0.4097
pos,1834,0.3590,-2.5136,1.5146,-0.3967
pos,1835,0.3592,-2.5135,1.5145,-0.3832
pos,1836,0.3593,-2.5134,1.5146,-0.3695
pos,1837,0.3594,-2.5134,1.5147,-0.3556
pos,1838,0.3595,-2.5134,1.5147,-0.3415
pos,1839,0.3597,-2.5134,1.5147,-0.3272
pos,1840,0.3598,-2.5134,1.5147,-0.3126
pos,1841,0.3600,-2.5134,1.5146,-0.2977
pos,1842,0.3602,-2.5134,1.5145,-0.2826
pos,1843,0.3604,-2.5134,1.5143,-0.2673
pos,1844,0.3606,-2.5135,1.5141,-0.2517
pos,1845,0.3608,-2.5135,1.5141,-0.2359
pos,1846,0.3611,-2.5137,1.5141,-0.2198
pos,1847,0.3614,-2.5138,1.5140,-0.2035
pos,1848,0.3617,-2.5139,1.5138,-0.1870
pos,1849,0.3620,-2.5141,1.5135,-0.1702
pos,1850,0.3624,-2.5143,1.5131,-0.1533
pos,1851,0.3627,-2.5145,1.5127,-0.1361
pos,1852,0.3632,-2.5147,1.5121,-0.1186
pos,1853,0.3635,-2.5149,1.5115,-0.1010
pos,1854,0.3639,-2.5151,1.5109,-0.0830
pos,1855,0.3642,-2.5153,1.5103,-0.0648
pos,1856,0.3645,-2.5155,1.5096,-0.0462
pos,1857,0.3648,-2.5157,1.5087,-0.0273
pos,1858,0.3651,-2.5160,1.5081,-0.0084
pos,1859,0.3655,-2.5163,1.5078,0.0106
pos,1860,0.3659,-2.5166,1.5077,0.0298
pos,1861,0.3663,-2.5170,1.5074,0.0491
pos,1862,0.3667,-2.5174,1.5070,0.0686
pos,1863,0.3672,-2.5178,1.5065,0.0882
pos,1864,0.3677,-2.5182,1.5058,0.1080
pos,1865,0.3682,-2.5187,1.5052,0.1280
pos,1866,0.3687,-2.5192,1.5045,0.1482
pos,1867,0.3692,-2.5197,1.5037,0.1685
pos,1868,0.3698,-2.5203,1.5029,0.1889
pos,1869,0.3704,-2.5209,1.5021,0.2095
pos,1870,0.3710,-2.5215,1.5013,0.2303
pos,1871,0.3717,-2.5221,1.5005,0.2512
pos,1872,0.3723,-2.5228,1.4996,0.2723
pos,1873,0.3730,-2.5235,1.4987,0.2935
pos,1874,0.3737,-2.5242,1.4979,0.3149
pos,1875,0.3745,-2.5250,1.4969,0.3364
pos,1876,0.3753,-2.5257,1.4960,0.3581
pos,1877,0.3760,-2.5265,1.4950,0.3799
pos,1878,0.3769,-2.5273,1.4940,0.4019
pos,1879,0.3777,-2.5281,1.4929,0.4240
pos,1880,0.3786,-2.5289,1.4919,0.4462
pos,1881,0.3795,-2.5297,1.4909,0.4685
pos,1882,0.3804,-2.5306,1.4899,0.4910
pos,1883,0.3813,-2.5315,1.4889,0.5135
pos,1884,0.3823,-2.5323,1.4879,0.5362
pos,1885,0.3833,-2.5332,1.4869,0.5590
pos,1886,0.3843,-2.5341,1.4859,0.5819
pos,1887,0.3853,-2.5349,1.4849,0.6050
pos,1888,0.3864,-2.5358,1.4839,0.6282
pos,1889,0.3875,-2.5366,1.4830,0.6514
pos,1890,0.3886,-2.5375,1.4820,0.6749
pos,1891,0.3897,-2.5383,1.4812,0.6984
pos,1892,0.3908,-2.5391,1.4804,0.7221
pos,1893,0.3920,-2.5399,1.4796,0.7459
pos,1894,0.3932,-2.5407,1.4789,0.7698
pos,1895,0.3944,-2.5415,1.4783,0.7938
pos,1896,0.3956,-2.5422,1.4777,0.8180
pos,1897,0.3969,-2.5429,1.4771,0.8424
pos,1898,0.3981,-2.5436,1.4765,0.8670
pos,1899,0.3994,-2.5443,1.4761,0.8918
pos,1900,0.4006,-2.5449,1.4757,0.9168
pos,1901,0.4019,-2.5454,1.4754,0.9421
pos,1902,0.4032,-2.5459,1.4752,0.9674
pos,1903,0.4044,-2.5464,1.4750,0.9928
pos,1904,0.4057,-2.5468,1.4748,1.0183
pos,1905,0.4071,-2.5472,1.4747,1.0438
pos,1906,0.4084,-2.5476,1.4746,1.0694
pos,1907,0.4098,-2.5479,1.4746,1.0950
pos,1908,0.4112,-2.5482,1.4746,1.1206
pos,1909,0.4126,-2.5485,1.4746,1.1463
pos,1910,0.4140,-2.5486,1.4745,1.1721
pos,1911,0.4155,-2.5487,1.4746,1.1979
pos,1912,0.4169,-2.5488,1.4748,1.2239
pos,1913,0.4183,-2.5488,1.4750,1.2499
pos,1914,0.4198,-2.5487,1.4752,1.2760
pos,1915,0.4212,-2.5486,1.4755,1.3020
pos,1916,0.4227,-2.5484,1.4758,1.3282
pos,1917,0.4241,-2.5481,1.4761,1.3544
pos,1918,0.4256,-2.5478,1.4765,1.3806
pos,1919,0.4270,-2.5474,1.4768,1.4068
pos,1920,0.4285,-2.5469,1.4772,1.4331
pos,1921,0.4299,-2.5464,1.4776,1.4593
pos,1922,0.4314,-2.5458,1.4779,1.4856
pos,1923,0.4328,-2.5451,1.4783,1.5118
pos,1924,0.4342,-2.5444,1.4786,1.5381
pos,1925,0.4357,-2.5436,1.4789,1.5643
pos,1926,0.4371,-2.5428,1.4791,1.5905
pos,1927,0.4385,-2.5419,1.4793,1.6164
pos,1928,0.4399,-2.5409,1.4793,1.6418
pos,1929,0.4413,-2.5399,1.4792,1.6668
pos,1930,0.4427,-2.5387,1.4788,1.6914
pos,1931,0.4441,-2.5376,1.4782,1.7157
pos,1932,0.4454,-2.5363,1.4772,1.7396
pos,1933,0.4471,-2.5358,1.4787,1.7630
pos,1934,0.4488,-2.5352,1.4798,1.7861
pos,1935,0.4505,-2.5346,1.4807,1.8087
pos,1936,0.4521,-2.5339,1.4814,1.8310
pos,1937,0.4538,-2.5332,1.4819,1.8529
pos,1938,0.4555,-2.5324,1.4823,1.8744
pos,1939,0.4571,-2.5317,1.4825,1.8955
pos,1940,0.4588,-2.5309,1.4827,1.9163
pos,1941,0.4605,-2.5301,1.4828,1.9366
pos,1942,0.4622,-2.5294,1.4828,1.9566
pos,1943,0.4639,-2.5286,1.4829,1.9761
pos,1944,0.4655,-2.5276,1.4829,1.9953
pos,1945,0.4670,-2.5263,1.4828,2.0141
pos,1946,0.4685,-2.5247,1.4827,2.0325
pos,1947,0.4698,-2.5230,1.4824,2.0505
pos,1948,0.4710,-2.5210,1.4821,2.0681
pos,1949,0.4721,-2.5188,1.4818,2.0854
pos,1950,0.4731,-2.5164,1.4816,2.1022
pos,1951,0.4739,-2.5139,1.4813,2.1187
pos,1952,0.4747,-2.5112,1.4810,2.1349
pos,1953,0.4753,-2.5083,1.4806,2.1507
pos,1954,0.4758,-2.5053,1.4799,2.1662
pos,1955,0.4761,-2.5021,1.4791,2.1813
pos,1956,0.4764,-2.4988,1.4783,2.1962
pos,1957,0.4764,-2.4955,1.4775,2.2106
pos,1958,0.4764,-2.4920,1.4767,2.2248
pos,1959,0.4762,-2.4884,1.4760,2.2385
pos,1960,0.4759,-2.4846,1.4751,2.2520
pos,1961,0.4755,-2.4808,1.4741,2.2652
pos,1962,0.4748,-2.4769,1.4731,2.2781
pos,1963,0.4741,-2.4729,1.4719,2.2907
pos,1964,0.4731,-2.4687,1.4707,2.3030
pos,1965,0.4720,-2.4645,1.4697,2.3150
pos,1966,0.4708,-2.4601,1.4688,2.3268
pos,1967,0.4693,-2.4554,1.4679,2.3384
pos,1968,0.4676,-2.4506,1.4673,2.3498
pos,1969,0.4658,-2.4458,1.4665,2.3611
pos,1970,0.4637,-2.4409,1.4655,2.3721
pos,1971,0.4615,-2.4360,1.4644,2.3831
pos,1972,0.4590,-2.4309,1.4631,2.3939
pos,1973,0.4563,-2.4258,1.4619,2.4045
pos,1974,0.4533,-2.4205,1.4609,2.4150
pos,1975,0.4501,-2.4151,1.4599,2.4252
pos,1976,0.4466,-2.4096,1.4590,2.4352
pos,1977,0.4428,-2.4040,1.4581,2.4451
pos,1978,0.4388,-2.3982,1.4572,2.4548
pos,1979,0.4344,-2.3922,1.4564,2.4643
pos,1980,0.4297,-2.3861,1.4557,2.4736
pos,1981,0.4246,-2.3798,1.4550,2.4827
pos,1982,0.4195,-2.3736,1.4543,2.4917
pos,1983,0.4142,-2.3674,1.4535,2.5006
pos,1984,0.4089,-2.3613,1.4527,2.5093
pos,1985,0.4034,-2.3551,1.4519,2.5179
pos,1986,0.3977,-2.3489,1.4511,2.5264
pos,1987,0.3920,-2.3428,1.4503,2.5347
pos,1988,0.3860,-2.3366,1.4495,2.5429
pos,1989,0.3799,-2.3303,1.4487,2.5509
pos,1990,0.3736,-2.3241,1.4480,2.5588
pos,1991,0.3672,-2.3178,1.4473,2.5665
pos,1992,0.3606,-2.3115,1.4467,2.5741
pos,1993,0.3538,-2.3052,1.4461,2.5815
pos,1994,0.3468,-2.2988,1.4456,2.5888
pos,1995,0.3396,-2.2924,1.4451,2.5960
pos,1996,0.3322,-2.2859,1.4446,2.6030
pos,1997,0.3247,-2.2794,1.4443,2.6099
pos,1998,0.3169,-2.2729,1.4440,2.6166
pos,1999,0.3090,-2.2663,1.4438,2.6233
pos,2000,0.3009,-2.2597,1.4437,2.6298
pos,2001,0.2926,-2.2532,1.4436,2.6363
pos,2002,0.2842,-2.2466,1.4436,2.6426
pos,2003,0.2756,-2.2400,1.4436,2.6488
pos,2004,0.2668,-2.2334,1.4437,2.6550
pos,2005,0.2579,-2.2268,1.4439,2.6610
pos,2006,0.2489,-2.2202,1.4441,2.6669
pos,2007,0.2397,-2.2136,1.4443,2.6728
pos,2008,0.2304,-2.2071,1.4446,2.6785
pos,2009,0.2210,-2.2005,1.4449,2.6842
pos,2010,0.2115,-2.1940,1.4452,2.6898
pos,2011,0.2019,-2.1875,1.4455,2.6953
pos,2012,0.1923,-2.1810,1.4459,2.7007
pos,2013,0.1825,-2.1745,1.4462,2.7061
pos,2014,0.1727,-2.1681,1.4465,2.7114
pos,2015,0.1629,-2.1617,1.4468,2.7166
pos,2016,0.1530,-2.1554,1.4471,2.7218
pos,2017,0.1431,-2.1491,1.4473,2.7269
pos,2018,0.1331,-2.1428,1.4475,2.7320
pos,2019,0.1232,-2.1366,1.4475,2.7370
pos,2020,0.1132,-2.1304,1.4474,2.7420
pos,2021,0.1032,-2.1242,1.4477,2.7470
pos,2022,0.0933,-2.1181,1.4483,2.7507
pos,2023,0.0833,-2.1120,1.4487,2.7531
pos,2024,0.0734,-2.1060,1.4490,2.7555
pos,2025,0.0636,-2.1000,1.4492,2.7579
pos,2026,0.0537,-2.0940,1.4493,2.7602
pos,2027,0.0439,-2.0881,1.4494,2.7625
pos,2028,0.0342,-2.0822,1.4494,2.7649
pos,2029,0.0246,-2.0764,1.4493,2.7672
pos,2030,0.0149,-2.0707,1.4492,2.7694
pos,2031,0.0054,-2.0649,1.4493,2.7717
pos,2032,-0.0041,-2.0592,1.4493,2.7739
pos,2033,-0.0134,-2.0536,1.4493,2.7762
pos,2034,-0.0227,-2.0480,1.4493,2.7784
pos,2035,-0.0319,-2.0424,1.4492,2.7807
pos,2036,-0.0411,-2.0369,1.4492,2.7829
pos,2037,-0.0501,-2.0315,1.4491,2.7852
pos,2038,-0.0590,-2.0262,1.4490,2.7875
pos,2039,-0.0678,-2.0209,1.4489,2.7898
pos,2040,-0.0765,-2.0157,1.4488,2.7921
pos,2041,-0.0850,-2.0106,1.4487,2.7945
pos,2042,-0.0935,-2.0056,1.4485,2.7968
pos,2043,-0.1018,-2.0006,1.4483,2.7992
pos,2044,-0.1100,-1.9957,1.4481,2.8016
pos,2045,-0.1181,-1.9908,1.4478,2.8041
pos,2046,-0.1260,-1.9861,1.4475,2.8066
pos,2047,-0.1338,-1.9814,1.4471,2.8091
pos,2048,-0.1414,-1.9769,1.4467,2.8117
pos,2049,-0.1489,-1.9724,1.4461,2.8143
pos,2050,-0.1562,-1.9680,1.4455,2.8169
pos,2051,-0.1634,-1.9637,1.4452,2.8196
pos,2052,-0.1704,-1.9595,1.4452,2.8213
pos,2053,-0.1772,-1.9553,1.4450,2.8218
pos,2054,-0.1838,-1.9513,1.4448,2.8224
pos,2055,-0.1903,-1.9473,1.4448,2.8231
pos,2056,-0.1966,-1.9434,1.4448,2.8238
pos,2057,-0.2027,-1.9396,1.4447,2.8246
pos,2058,-0.2085,-1.9359,1.4445,2.8255
pos,2059,-0.2142,-1.9324,1.4442,2.8265
pos,2060,-0.2196,-1.9289,1.4439,2.8275
pos,2061,-0.2249,-1.9256,1.4436,2.8286
pos,2062,-0.2298,-1.9223,1.4433,2.8297
pos,2063,-0.2349,-1.9192,1.4430,2.8310
pos,2064,-0.2400,-1.9161,1.4426,2.8323
pos,2065,-0.2451,-1.9131,1.4421,2.8337
pos,2066,-0.2503,-1.9101,1.4416,2.8352
pos,2067,-0.2556,-1.9073,1.4411,2.8367
pos,2068,-0.2608,-1.9045,1.4405,2.8384
pos,2069,-0.2660,-1.9018,1.4398,2.8401
pos,2070,-0.2713,-1.8993,1.4389,2.8419
pos,2071,-0.2765,-1.8968,1.4384,2.8439
pos,2072,-0.2817,-1.8943,1.4382,2.8448
pos,2073,-0.2869,-1.8920,1.4378,2.8446
pos,2074,-0.2921,-1.8898,1.4373,2.8446
pos,2075,-0.2973,-1.8877,1.4367,2.8447
pos,2076,-0.3024,-1.8857,1.4359,2.8449
pos,2077,-0.3075,-1.8839,1.4354,2.8453
pos,2078,-0.3126,-1.8821,1.4352,2.8447
pos,2079,-0.3177,-1.8805,1.4353,2.8429
pos,2080,-0.3227,-1.8790,1.4352,2.8401
pos,2081,-0.3277,-1.8776,1.4351,2.8374
pos,2082,-0.3327,-1.8764,1.4350,2.8349
pos,2083,-0.3376,-1.8754,1.4347,2.8324
pos,2084,-0.3426,-1.8745,1.4344,2.8301
pos,2085,-0.3475,-1.8738,1.4341,2.8279
pos,2086,-0.3524,-1.8733,1.4337,2.8259
pos,2087,-0.3574,-1.8730,1.4333,2.8239
pos,2088,-0.3623,-1.8729,1.4330,2.8220
pos,2089,-0.3672,-1.8730,1.4326,2.8202
pos,2090,-0.3722,-1.8733,1.4323,2.8185
pos,2091,-0.3771,-1.8738,1.4320,2.8168
pos,2092,-0.3821,-1.8746,1.4317,2.8152
pos,2093,-0.3871,-1.8755,1.4314,2.8137
pos,2094,-0.3922,-1.8767,1.4311,2.8123
pos,2095,-0.3973,-1.8782,1.4309,2.8109
pos,2096,-0.4025,-1.8799,1.4307,2.8096
pos,2097,-0.4077,-1.8818,1.4305,2.8084
pos,2098,-0.4130,-1.8840,1.4303,2.8071
pos,2099,-0.4184,-1.8865,1.4302,2.8060
pos,2100,-0.4238,-1.8893,1.4300,2.8048
pos,2101,-0.4294,-1.8923,1.4300,2.8038
pos,2102,-0.4351,-1.8956,1.4299,2.8027
pos,2103,-0.4409,-1.8992,1.4298,2.8018
pos,2104,-0.4469,-1.9030,1.4297,2.8008
pos,2105,-0.4530,-1.9071,1.4296,2.7999
pos,2106,-0.4589,-1.9116,1.4294,2.7991
pos,2107,-0.4648,-1.9165,1.4293,2.7982
pos,2108,-0.4705,-1.9217,1.4292,2.7974
pos,2109,-0.4760,-1.9272,1.4292,2.7967
pos,2110,-0.4815,-1.9330,1.4292,2.7959
pos,2111,-0.4869,-1.9392,1.4292,2.7952
pos,2112,-0.4922,-1.9457,1.4293,2.7945
pos,2113,-0.4975,-1.9525,1.4294,2.7938
pos,2114,-0.5027,-1.9596,1.4296,2.7931
pos,2115,-0.5078,-1.9671,1.4299,2.7925
pos,2116,-0.5129,-1.9748,1.4302,2.7919
pos,2117,-0.5180,-1.9829,1.4306,2.7913
pos,2118,-0.5231,-1.9913,1.4311,2.7907
pos,2119,-0.5282,-1.9999,1.4316,2.7901
pos,2120,-0.5333,-2.0089,1.4322,2.7896
pos,2121,-0.5383,-2.0181,1.4328,2.7890
pos,2122,-0.5433,-2.0276,1.4336,2.7885
pos,2123,-0.5484,-2.0374,1.4344,2.7880
pos,2124,-0.5534,-2.0474,1.4353,2.7875
pos,2125,-0.5585,-2.0576,1.4362,2.7870
pos,2126,-0.5635,-2.0681,1.4371,2.7866
pos,2127,-0.5686,-2.0788,1.4381,2.7862
pos,2128,-0.5736,-2.0897,1.4391,2.7858
pos,2129,-0.5787,-2.1007,1.4401,2.7854
pos,2130,-0.5837,-2.1119,1.4412,2.7850
pos,2131,-0.5888,-2.1233,1.4422,2.7846
pos,2132,-0.5938,-2.1347,1.4433,2.7843
pos,2133,-0.5989,-2.1463,1.4443,2.7840
pos,2134,-0.6039,-2.1580,1.4453,2.7836
pos,2135,-0.6090,-2.1697,1.4463,2.7833
pos,2136,-0.6141,-2.1816,1.4473,2.7830
pos,2137,-0.6192,-2.1935,1.4483,2.7828
pos,2138,-0.6243,-2.2054,1.4493,2.7825
pos,2139,-0.6294,-2.2174,1.4502,2.7823
pos,2140,-0.6345,-2.2294,1.4511,2.7821
pos,2141,-0.6397,-2.2414,1.4520,2.7818
pos,2142,-0.6449,-2.2534,1.4529,2.7817
pos,2143,-0.6501,-2.2654,1.4538,2.7815
pos,2144,-0.6554,-2.2773,1.4546,2.7813
pos,2145,-0.6607,-2.2892,1.4554,2.7811
pos,2146,-0.6661,-2.3011,1.4562,2.7810
pos,2147,-0.6715,-2.3129,1.4569,2.7809
pos,2148,-0.6771,-2.3246,1.4576,2.7807
pos,2149,-0.6827,-2.3362,1.4583,2.7806
pos,2150,-0.6884,-2.3478,1.4589,2.7805
pos,2151,-0.6939,-2.3593,1.4595,2.7804
pos,2152,-0.6992,-2.3708,1.4600,2.7803
pos,2153,-0.7043,-2.3821,1.4606,2.7802
pos,2154,-0.7093,-2.3934,1.4611,2.7801
pos,2155,-0.7140,-2.4046,1.4616,2.7800
pos,2156,-0.7186,-2.4157,1.4622,2.7799
pos,2157,-0.7231,-2.4267,1.4627,2.7798
pos,2158,-0.7274,-2.4375,1.4633,2.7797
pos,2159,-0.7316,-2.4483,1.4638,2.7796
pos,2160,-0.7357,-2.4588,1.4644,2.7795
pos,2161,-0.7397,-2.4693,1.4649,2.7794
pos,2162,-0.7436,-2.4796,1.4655,2.7793
pos,2163,-0.7473,-2.4897,1.4660,2.7791
pos,2164,-0.7510,-2.4996,1.4666,2.7790
pos,2165,-0.7545,-2.5094,1.4671,2.7789
pos,2166,-0.7580,-2.5189,1.4676,2.7788
pos,2167,-0.7613,-2.5283,1.4681,2.7787
pos,2168,-0.7646,-2.5374,1.4686,2.7785
pos,2169,-0.7677,-2.5464,1.4691,2.7784
pos,2170,-0.7708,-2.5551,1.4696,2.7783
pos,2171,-0.7738,-2.5635,1.4700,2.7782
pos,2172,-0.7766,-2.5718,1.4704,2.7780
pos,2173,-0.7794,-2.5797,1.4708,2.7779
pos,2174,-0.7820,-2.5875,1.4712,2.7777
pos,2175,-0.7846,-2.5949,1.4716,2.7776
pos,2176,-0.7870,-2.6021,1.4721,2.7774
pos,2177,-0.7893,-2.6091,1.4724,2.7773
pos,2178,-0.7915,-2.6157,1.4727,2.7772
pos,2179,-0.7936,-2.6221,1.4730,2.7771
pos,2180,-0.7956,-2.6281,1.4733,2.7770
pos,2181,-0.7974,-2.6339,1.4736,2.7768
pos,2182,-0.7991,-2.6394,1.4739,2.7767
pos,2183,-0.8007,-2.6446,1.4742,2.7765
pos,2184,-0.8021,-2.6494,1.4745,2.7764
pos,2185,-0.8034,-2.6540,1.4748,2.7762
pos,2186,-0.8045,-2.6583,1.4751,2.7760
pos,2187,-0.8054,-2.6622,1.4753,2.7758
pos,2188,-0.8061,-2.6658,1.4755,2.7756
pos,2189,-0.8067,-2.6690,1.4756,2.7753
pos,2190,-0.8071,-2.6720,1.4756,2.7750
pos,2191,-0.8072,-2.6746,1.4756,2.7748
pos,2192,-0.8071,-2.6768,1.4756,2.7745
pos,2193,-0.8068,-2.6788,1.4757,2.7742
pos,2194,-0.8062,-2.6804,1.4758,2.7740
pos,2195,-0.8057,-2.6816,1.4758,2.7737
pos,2196,-0.8052,-2.6824,1.4759,2.7735
pos,2197,-0.8048,-2.6828,1.4759,2.7733
pos,2198,-0.8044,-2.6829,1.4759,2.7731
pos,2199,-0.8039,-2.6826,1.4760,2.7729
pos,2200,-0.8035,-2.6819,1.4759,2.7728
pos,2201,-0.8030,-2.6809,1.4759,2.7726
pos,2202,-0.8025,-2.6794,1.4758,2.7725
pos,2203,-0.8020,-2.6776,1.4757,2.7724
pos,2204,-0.8013,-2.6755,1.4756,2.7723
pos,2205,-0.8007,-2.6729,1.4754,2.7722
pos,2206,-0.7999,-2.6701,1.4753,2.7721
pos,2207,-0.7991,-2.6668,1.4751,2.7721
pos,2208,-0.7982,-2.6633,1.4750,2.7721
pos,2209,-0.7972,-2.6594,1.4749,2.7720
pos,2210,-0.7962,-2.6551,1.4746,2.7720
pos,2211,-0.7950,-2.6506,1.4744,2.7720
pos,2212,-0.7938,-2.6457,1.4741,2.7720
pos,2213,-0.7925,-2.6405,1.4738,2.7720
pos,2214,-0.7911,-2.6351,1.4736,2.7721
pos,2215,-0.7896,-2.6294,1.4733,2.7721
pos,2216,-0.7880,-2.6234,1.4731,2.7722
pos,2217,-0.7864,-2.6172,1.4728,2.7722
pos,2218,-0.7847,-2.6107,1.4725,2.7723
pos,2219,-0.7829,-2.6040,1.4722,2.7723
pos,2220,-0.7810,-2.5970,1.4718,2.7724
pos,2221,-0.7791,-2.5899,1.4715,2.7725
pos,2222,-0.7771,-2.5825,1.4712,2.7725
pos,2223,-0.7750,-2.5750,1.4709,2.7726
pos,2224,-0.7728,-2.5673,1.4705,2.7726
pos,2225,-0.7706,-2.5595,1.4701,2.7726
pos,2226,-0.7684,-2.5515,1.4696,2.7726
pos,2227,-0.7660,-2.5433,1.4690,2.7726
pos,2228,-0.7636,-2.5351,1.4685,2.7726
pos,2229,-0.7612,-2.5267,1.4680,2.7726
pos,2230,-0.7587,-2.5182,1.4675,2.7725
pos,2231,-0.7561,-2.5096,1.4670,2.7725
pos,2232,-0.7535,-2.5010,1.4665,2.7724
pos,2233,-0.7509,-2.4922,1.4661,2.7724
pos,2234,-0.7482,-2.4834,1.4656,2.7723
pos,2235,-0.7455,-2.4746,1.4651,2.7722
pos,2236,-0.7428,-2.4657,1.4646,2.7721
pos,2237,-0.7400,-2.4568,1.4641,2.7720
pos,2238,-0.7372,-2.4478,1.4637,2.7719
pos,2239,-0.7344,-2.4388,1.4633,2.7718
pos,2240,-0.7316,-2.4299,1.4629,2.7717
pos,2241,-0.7287,-2.4209,1.4625,2.7715
pos,2242,-0.7258,-2.4119,1.4621,2.7714
pos,2243,-0.7229,-2.4030,1.4617,2.7712
pos,2244,-0.7200,-2.3940,1.4614,2.7711
pos,2245,-0.7170,-2.3851,1.4610,2.7709
pos,2246,-0.7141,-2.3762,1.4607,2.7708
pos,2247,-0.7111,-2.3674,1.4604,2.7706
pos,2248,-0.7082,-2.3586,1.4601,2.7704
pos,2249,-0.7052,-2.3499,1.4598,2.7702
pos,2250,-0.7022,-2.3413,1.4596,2.7700
pos,2251,-0.6992,-2.3327,1.4594,2.7698
pos,2252,-0.6961,-2.3242,1.4592,2.7696
pos,2253,-0.6931,-2.3158,1.4590,2.7694
pos,2254,-0.6900,-2.3074,1.4589,2.7692
pos,2255,-0.6869,-2.2992,1.4587,2.7690
pos,2256,-0.6838,-2.2910,1.4586,2.7688
pos,2257,-0.6807,-2.2830,1.4585,2.7685
pos,2258,-0.6775,-2.2751,1.4583,2.7683
pos,2259,-0.6743,-2.2672,1.4582,2.7681
pos,2260,-0.6711,-2.2595,1.4580,2.7678
pos,2261,-0.6679,-2.2520,1.4578,2.7676
pos,2262,-0.6646,-2.2445,1.4576,2.7674
pos,2263,-0.6612,-2.2373,1.4574,2.7671
pos,2264,-0.6578,-2.2301,1.4572,2.7669
pos,2265,-0.6543,-2.2231,1.4569,2.7666
pos,2266,-0.6507,-2.2162,1.4566,2.7664
pos,2267,-0.6474,-2.2094,1.4562,2.7661
pos,2268,-0.6443,-2.2027,1.4558,2.7659
pos,2269,-0.6413,-2.1959,1.4554,2.7656
pos,2270,-0.6386,-2.1893,1.4550,2.7654
pos,2271,-0.6361,-2.1826,1.4545,2.7652
pos,2272,-0.6337,-2.1761,1.4540,2.7650
pos,2273,-0.6315,-2.1697,1.4535,2.7648
pos,2274,-0.6295,-2.1633,1.4530,2.7646
pos,2275,-0.6276,-2.1570,1.4525,2.7644
pos,2276,-0.6258,-2.1508,1.4520,2.7642
pos,2277,-0.6242,-2.1446,1.4515,2.7640
pos,2278,-0.6228,-2.1386,1.4510,2.7639
pos,2279,-0.6215,-2.1326,1.4505,2.7638
pos,2280,-0.6203,-2.1267,1.4500,2.7637
pos,2281,-0.6193,-2.1208,1.4495,2.7636
pos,2282,-0.6185,-2.1151,1.4491,2.7635
pos,2283,-0.6178,-2.1094,1.4486,2.7634
pos,2284,-0.6173,-2.1039,1.4482,2.7634
pos,2285,-0.6169,-2.0984,1.4477,2.7633
pos,2286,-0.6167,-2.0929,1.4472,2.7633
pos,2287,-0.6167,-2.0875,1.4468,2.7633
pos,2288,-0.6169,-2.0822,1.4463,2.7633
pos,2289,-0.6172,-2.0769,1.4458,2.7633
pos,2290,-0.6178,-2.0716,1.4453,2.7634
pos,2291,-0.6186,-2.0663,1.4447,2.7634
pos,2292,-0.6195,-2.0611,1.4441,2.7635
pos,2293,-0.6208,-2.0559,1.4436,2.7636
pos,2294,-0.6222,-2.0507,1.4430,2.7637
pos,2295,-0.6240,-2.0456,1.4425,2.7638
pos,2296,-0.6259,-2.0405,1.4419,2.7639
pos,2297,-0.6282,-2.0354,1.4414,2.7640
pos,2298,-0.6308,-2.0303,1.4408,2.7642
pos,2299,-0.6336,-2.0253,1.4403,2.7644
pos,2300,-0.6368,-2.0202,1.4398,2.7645
pos,2301,-0.6404,-2.0151,1.4393,2.7647
pos,2302,-0.6442,-2.0100,1.4388,2.7649
pos,2303,-0.6485,-2.0048,1.4382,2.7651
pos,2304,-0.6531,-1.9997,1.4378,2.7654
pos,2305,-0.6581,-1.9945,1.4373,2.7656
pos,2306,-0.6635,-1.9892,1.4368,2.7658
pos,2307,-0.6693,-1.9839,1.4363,2.7660
pos,2308,-0.6753,-1.9787,1.4358,2.7663
pos,2309,-0.6814,-1.9735,1.4353,2.7665
pos,2310,-0.6877,-1.9683,1.4349,2.7667
pos,2311,-0.6941,-1.9632,1.4344,2.7669
pos,2312,-0.7008,-1.9582,1.4340,2.7671
pos,2313,-0.7076,-1.9531,1.4336,2.7673
pos,2314,-0.7147,-1.9481,1.4333,2.7675
pos,2315,-0.7221,-1.9431,1.4330,2.7677
pos,2316,-0.7296,-1.9381,1.4328,2.7679
pos,2317,-0.7374,-1.9331,1.4325,2.7681
pos,2318,-0.7455,-1.9281,1.4323,2.7682
pos,2319,-0.7538,-1.9231,1.4323,2.7684
pos,2320,-0.7623,-1.9181,1.4322,2.7685
pos,2321,-0.7711,-1.9131,1.4322,2.7687
pos,2322,-0.7801,-1.9081,1.4322,2.7688
pos,2323,-0.7894,-1.9031,1.4323,2.7689
pos,2324,-0.7989,-1.8980,1.4324,2.7690
pos,2325,-0.8086,-1.8930,1.4325,2.7691
pos,2326,-0.8186,-1.8880,1.4326,2.7692
pos,2327,-0.8287,-1.8829,1.4327,2.7693
pos,2328,-0.8391,-1.8778,1.4328,2.7693
pos,2329,-0.8496,-1.8727,1.4329,2.7693
pos,2330,-0.8603,-1.8676,1.4330,2.7693
pos,2331,-0.8712,-1.8625,1.4330,2.7693
pos,2332,-0.8823,-1.8574,1.4330,2.7693
pos,2333,-0.8936,-1.8522,1.4329,2.7692
pos,2334,-0.9050,-1.8470,1.4330,2.7692
pos,2335,-0.9166,-1.8418,1.4330,2.7692
pos,2336,-0.9283,-1.8366,1.4330,2.7691
pos,2337,-0.9402,-1.8314,1.4328,2.7691
pos,2338,-0.9521,-1.8262,1.4325,2.7690
pos,2339,-0.9643,-1.8209,1.4323,2.7689
pos,2340,-0.9765,-1.8156,1.4321,2.7688
pos,2341,-0.9888,-1.8104,1.4318,2.7687
pos,2342,-1.0013,-1.8051,1.4316,2.7686
pos,2343,-1.0138,-1.7998,1.4313,2.7686
pos,2344,-1.0264,-1.7945,1.4309,2.7684
pos,2345,-1.0392,-1.7891,1.4304,2.7682
pos,2346,-1.0517,-1.7839,1.4299,2.7681
pos,2347,-1.0640,-1.7788,1.4294,2.7679
pos,2348,-1.0760,-1.7738,1.4289,2.7678
pos,2349,-1.0879,-1.7689,1.4283,2.7677
pos,2350,-1.0996,-1.7641,1.4278,2.7676
pos,2351,-1.1111,-1.7594,1.4272,2.7675
pos,2352,-1.1224,-1.7548,1.4266,2.7674
pos,2353,-1.1335,-1.7503,1.4261,2.7673
pos,2354,-1.1443,-1.7459,1.4254,2.7671
pos,2355,-1.1550,-1.7416,1.4247,2.7670
pos,2356,-1.1654,-1.7374,1.4240,2.7668
pos,2357,-1.1756,-1.7333,1.4232,2.7666
pos,2358,-1.1856,-1.7293,1.4224,2.7665
pos,2359,-1.1953,-1.7254,1.4217,2.7663
pos,2360,-1.2048,-1.7217,1.4209,2.7662
pos,2361,-1.2141,-1.7180,1.4201,2.7661
pos,2362,-1.2231,-1.7145,1.4193,2.7659
pos,2363,-1.2318,-1.7111,1.4186,2.7658
pos,2364,-1.2402,-1.7078,1.4178,2.7657
pos,2365,-1.2483,-1.7046,1.4170,2.7656
pos,2366,-1.2561,-1.7016,1.4162,2.7655
pos,2367,-1.2636,-1.6986,1.4155,2.7654
pos,2368,-1.2708,-1.6959,1.4147,2.7653
pos,2369,-1.2776,-1.6932,1.4139,2.7653
pos,2370,-1.2843,-1.6906,1.4132,2.7652
pos,2371,-1.2910,-1.6881,1.4124,2.7652
pos,2372,-1.2976,-1.6855,1.4117,2.7651
pos,2373,-1.3041,-1.6831,1.4109,2.7651
pos,2374,-1.3104,-1.6807,1.4106,2.7650
pos,2375,-1.3166,-1.6783,1.4102,2.7650
pos,2376,-1.3226,-1.6761,1.4098,2.7650
pos,2377,-1.3285,-1.6739,1.4095,2.7650
pos,2378,-1.3341,-1.6718,1.4092,2.7650
pos,2379,-1.3396,-1.6697,1.4089,2.7650
pos,2380,-1.3448,-1.6678,1.4086,2.7649
pos,2381,-1.3498,-1.6660,1.4083,2.7649
pos,2382,-1.3546,-1.6642,1.4080,2.7649
pos,2383,-1.3591,-1.6626,1.4077,2.7649
pos,2384,-1.3634,-1.6610,1.4075,2.7650
pos,2385,-1.3674,-1.6595,1.4073,2.7650
pos,2386,-1.3712,-1.6582,1.4071,2.7650
pos,2387,-1.3747,-1.6569,1.4069,2.7650
pos,2388,-1.3779,-1.6557,1.4071,2.7650
pos,2389,-1.3809,-1.6547,1.4073,2.7650
pos,2390,-1.3836,-1.6537,1.4075,2.7650
pos,2391,-1.3859,-1.6529,1.4076,2.7650
pos,2392,-1.3880,-1.6521,1.4078,2.7651
pos,2393,-1.3898,-1.6515,1.4080,2.7651
pos,2394,-1.3912,-1.6510,1.4083,2.7651
pos,2395,-1.3923,-1.6506,1.4084,2.7651
pos,2396,-1.3931,-1.6503,1.4086,2.7651
pos,2397,-1.3935,-1.6501,1.4087,2.7651
pos,2398,-1.3936,-1.6501,1.4088,2.7651
pos,2399,-1.3933,-1.6502,1.4088,2.7651
pos,2400,-1.3926,-1.6505,1.4088,2.7651
pos,2401,-1.3915,-1.6509,1.4087,2.7651
pos,2402,-1.3900,-1.6515,1.4087,2.7651
