delay,50
pos,0,-0.6681,-2.1212,1.1912,0.0930
pos,1,-0.6682,-2.1213,1.1912,0.0930
pos,2,-0.6682,-2.1214,1.1912,0.0930
pos,3,-0.6683,-2.1216,1.1912,0.0930
pos,4,-0.6685,-2.1218,1.1911,0.0930
pos,5,-0.6686,-2.1221,1.1911,0.0930
pos,6,-0.6688,-2.1224,1.1911,0.0930
pos,7,-0.6690,-2.1228,1.1910,0.0930
pos,8,-0.6693,-2.1232,1.1909,0.0929
pos,9,-0.6695,-2.1236,1.1909,0.0929
pos,10,-0.6698,-2.1240,1.1908,0.0929
pos,11,-0.6701,-2.1244,1.1907,0.0929
pos,12,-0.6704,-2.1249,1.1906,0.0929
pos,13,-0.6707,-2.1253,1.1905,0.0929
pos,14,-0.6711,-2.1258,1.1904,0.0928
pos,15,-0.6715,-2.1263,1.1903,0.0928
pos,16,-0.6718,-2.1268,1.1902,0.0928
pos,17,-0.6722,-2.1273,1.1901,0.0928
pos,18,-0.6726,-2.1278,1.1900,0.0928
pos,19,-0.6730,-2.1283,1.1899,0.0928
pos,20,-0.6734,-2.1288,1.1898,0.0928
pos,21,-0.6738,-2.1293,1.1896,0.0927
pos,22,-0.6742,-2.1298,1.1895,0.0927
pos,23,-0.6746,-2.1302,1.1893,0.0927
pos,24,-0.6750,-2.1307,1.1892,0.0927
pos,25,-0.6753,-2.1312,1.1890,0.0927
pos,26,-0.6757,-2.1316,1.1888,0.0926
pos,27,-0.6761,-2.1321,1.1886,0.0926
pos,28,-0.6764,-2.1325,1.1884,0.0926
pos,29,-0.6767,-2.1329,1.1882,0.0925
pos,30,-0.6770,-2.1333,1.1880,0.0925
pos,31,-0.6773,-2.1337,1.1878,0.0925
pos,32,-0.6775,-2.1341,1.1876,0.0924
pos,33,-0.6777,-2.1344,1.1875,0.0924
pos,34,-0.6779,-2.1348,1.1874,0.0923
pos,35,-0.6780,-2.1351,1.1873,0.0923
pos,36,-0.6780,-2.1354,1.1872,0.0923
pos,37,-0.6780,-2.1357,1.1870,0.0922
pos,38,-0.6779,-2.1360,1.1869,0.0922
pos,39,-0.6777,-2.1362,1.1869,0.0922
pos,40,-0.6775,-2.1364,1.1868,0.0921
pos,41,-0.6772,-2.1366,1.1867,0.0921
pos,42,-0.6767,-2.1368,1.1866,0.0921
pos,43,-0.6762,-2.1370,1.1865,0.0920
pos,44,-0.6755,-2.1371,1.1865,0.0920
pos,45,-0.6747,-2.1372,1.1865,0.0920
pos,46,-0.6737,-2.1373,1.1865,0.0920
pos,47,-0.6725,-2.1374,1.1865,0.0920
pos,48,-0.6712,-2.1374,1.1865,0.0920
pos,49,-0.6696,-2.1374,1.1864,0.0920
pos,50,-0.6679,-2.1374,1.1864,0.0920
pos,51,-0.6689,-2.1377,1.1864,0.0920
pos,52,-0.6700,-2.1379,1.1865,0.0920
pos,53,-0.6712,-2.1381,1.1865,0.0920
pos,54,-0.6724,-2.1384,1.1865,0.0920
pos,55,-0.6736,-2.1386,1.1866,0.0920
pos,56,-0.6749,-2.1388,1.1866,0.0920
pos,57,-0.6762,-2.1390,1.1866,0.0920
pos,58,-0.6775,-2.1392,1.1866,0.0920
pos,59,-0.6789,-2.1395,1.1866,0.0920
pos,60,-0.6803,-2.1397,1.1866,0.0920
pos,61,-0.6818,-2.1399,1.1865,0.0920
pos,62,-0.6833,-2.1401,1.1865,0.0920
pos,63,-0.6849,-2.1404,1.1865,0.0920
pos,64,-0.6866,-2.1406,1.1865,0.0920
pos,65,-0.6884,-2.1409,1.1865,0.0920
pos,66,-0.6902,-2.1411,1.1864,0.0920
pos,67,-0.6921,-2.1414,1.1864,0.0920
pos,68,-0.6941,-2.1417,1.1864,0.0920
pos,69,-0.6963,-2.1420,1.1863,0.0920
pos,70,-0.6985,-2.1423,1.1863,0.0920
pos,71,-0.7009,-2.1426,1.1862,0.0921
pos,72,-0.7034,-2.1429,1.1861,0.0921
pos,73,-0.7060,-2.1433,1.1860,0.0921
pos,74,-0.7088,-2.1437,1.1858,0.0922
pos,75,-0.7117,-2.1441,1.1856,0.0922
pos,76,-0.7149,-2.1445,1.1854,0.0922
pos,77,-0.7182,-2.1450,1.1852,0.0923
pos,78,-0.7216,-2.1455,1.1850,0.0923
pos,79,-0.7253,-2.1460,1.1847,0.0924
pos,80,-0.7292,-2.1465,1.1845,0.0924
pos,81,-0.7334,-2.1471,1.1842,0.0925
pos,82,-0.7377,-2.1477,1.1839,0.0925
pos,83,-0.7423,-2.1483,1.1836,0.0925
pos,84,-0.7472,-2.1489,1.1832,0.0926
pos,85,-0.7523,-2.1496,1.1829,0.0926
pos,86,-0.7577,-2.1503,1.1825,0.0927
pos,87,-0.7634,-2.1511,1.1821,0.0928
pos,88,-0.7693,-2.1519,1.1818,0.0928
pos,89,-0.7756,-2.1527,1.1814,0.0929
pos,90,-0.7822,-2.1536,1.1811,0.0929
pos,91,-0.7891,-2.1544,1.1807,0.0929
pos,92,-0.7963,-2.1554,1.1803,0.0930
pos,93,-0.8039,-2.1563,1.1799,0.0930
pos,94,-0.8118,-2.1573,1.1795,0.0930
pos,95,-0.8201,-2.1583,1.1791,0.0930
pos,96,-0.8287,-2.1594,1.1788,0.0930
pos,97,-0.8377,-2.1605,1.1784,0.0930
pos,98,-0.8470,-2.1616,1.1780,0.0930
pos,99,-0.8567,-2.1627,1.1776,0.0930
pos,100,-0.8669,-2.1639,1.1772,0.0930
pos,101,-0.8774,-2.1651,1.1768,0.0930
pos,102,-0.8883,-2.1663,1.1763,0.0930
pos,103,-0.8996,-2.1676,1.1759,0.0930
pos,104,-0.9114,-2.1689,1.1754,0.0930
pos,105,-0.9235,-2.1702,1.1750,0.0930
pos,106,-0.9361,-2.1716,1.1745,0.0930
pos,107,-0.9491,-2.1730,1.1740,0.0930
pos,108,-0.9626,-2.1744,1.1735,0.0930
pos,109,-0.9762,-2.1758,1.1729,0.0930
pos,110,-0.9899,-2.1773,1.1724,0.0930
pos,111,-1.0038,-2.1787,1.1718,0.0930
pos,112,-1.0178,-2.1802,1.1713,0.0930
pos,113,-1.0321,-2.1816,1.1707,0.0930
pos,114,-1.0465,-2.1831,1.1701,0.0930
pos,115,-1.0611,-2.1846,1.1695,0.0930
pos,116,-1.0759,-2.1861,1.1689,0.0930
pos,117,-1.0909,-2.1877,1.1682,0.0929
pos,118,-1.1061,-2.1892,1.1675,0.0929
pos,119,-1.1216,-2.1908,1.1668,0.0929
pos,120,-1.1373,-2.1924,1.1662,0.0929
pos,121,-1.1532,-2.1940,1.1657,0.0928
pos,122,-1.1694,-2.1956,1.1652,0.0928
pos,123,-1.1858,-2.1973,1.1646,0.0928
pos,124,-1.2025,-2.1990,1.1641,0.0928
pos,125,-1.2195,-2.2007,1.1636,0.0928
pos,126,-1.2368,-2.2024,1.1630,0.0928
pos,127,-1.2543,-2.2041,1.1625,0.0927
pos,128,-1.2721,-2.2059,1.1620,0.0927
pos,129,-1.2903,-2.2077,1.1615,0.0927
pos,130,-1.3087,-2.2095,1.1610,0.0926
pos,131,-1.3271,-2.2113,1.1605,0.0926
pos,132,-1.3454,-2.2131,1.1601,0.0926
pos,133,-1.3638,-2.2149,1.1596,0.0925
pos,134,-1.3821,-2.2167,1.1592,0.0925
pos,135,-1.4005,-2.2185,1.1588,0.0924
pos,136,-1.4189,-2.2203,1.1584,0.0924
pos,137,-1.4372,-2.2221,1.1580,0.0923
pos,138,-1.4556,-2.2239,1.1577,0.0922
pos,139,-1.4740,-2.2257,1.1574,0.0922
pos,140,-1.4923,-2.2275,1.1572,0.0921
pos,141,-1.5107,-2.2294,1.1567,0.0920
pos,142,-1.5290,-2.2312,1.1562,0.0919
pos,143,-1.5473,-2.2331,1.1558,0.0918
pos,144,-1.5656,-2.2349,1.1554,0.0918
pos,145,-1.5838,-2.2368,1.1550,0.0917
pos,146,-1.6020,-2.2387,1.1547,0.0917
pos,147,-1.6201,-2.2406,1.1544,0.0916
pos,148,-1.6382,-2.2425,1.1542,0.0915
pos,149,-1.6561,-2.2444,1.1540,0.0914
pos,150,-1.6738,-2.2464,1.1538,0.0914
pos,151,-1.6914,-2.2483,1.1535,0.0913
pos,152,-1.7088,-2.2503,1.1532,0.0912
pos,153,-1.7260,-2.2522,1.1528,0.0912
pos,154,-1.7431,-2.2542,1.1525,0.0911
pos,155,-1.7599,-2.2562,1.1522,0.0910
pos,156,-1.7764,-2.2581,1.1518,0.0910
pos,157,-1.7927,-2.2601,1.1515,0.0909
pos,158,-1.8087,-2.2621,1.1511,0.0908
pos,159,-1.8245,-2.2640,1.1508,0.0907
pos,160,-1.8400,-2.2660,1.1505,0.0906
pos,161,-1.8552,-2.2680,1.1501,0.0906
pos,162,-1.8700,-2.2699,1.1498,0.0905
pos,163,-1.8846,-2.2718,1.1494,0.0904
pos,164,-1.8988,-2.2737,1.1489,0.0904
pos,165,-1.9127,-2.2756,1.1485,0.0903
pos,166,-1.9263,-2.2774,1.1482,0.0903
pos,167,-1.9395,-2.2792,1.1478,0.0903
pos,168,-1.9523,-2.2810,1.1474,0.0902
pos,169,-1.9648,-2.2827,1.1470,0.0902
pos,170,-1.9769,-2.2844,1.1466,0.0902
pos,171,-1.9886,-2.2861,1.1463,0.0901
pos,172,-1.9999,-2.2878,1.1460,0.0901
pos,173,-2.0108,-2.2894,1.1457,0.0900
pos,174,-2.0213,-2.2909,1.1454,0.0899
pos,175,-2.0314,-2.2924,1.1451,0.0899
pos,176,-2.0411,-2.2939,1.1448,0.0899
pos,177,-2.0504,-2.2953,1.1445,0.0898
pos,178,-2.0592,-2.2967,1.1442,0.0898
pos,179,-2.0677,-2.2981,1.1440,0.0897
pos,180,-2.0757,-2.2994,1.1437,0.0897
pos,181,-2.0832,-2.3006,1.1434,0.0897
pos,182,-2.0904,-2.3018,1.1432,0.0897
pos,183,-2.0971,-2.3030,1.1430,0.0896
pos,184,-2.1034,-2.3041,1.1428,0.0896
pos,185,-2.1092,-2.3052,1.1426,0.0896
pos,186,-2.1147,-2.3063,1.1425,0.0895
pos,187,-2.1197,-2.3073,1.1424,0.0895
pos,188,-2.1243,-2.3083,1.1424,0.0894
pos,189,-2.1284,-2.3092,1.1423,0.0894
pos,190,-2.1322,-2.3101,1.1424,0.0894
pos,191,-2.1355,-2.3110,1.1423,0.0894
pos,192,-2.1384,-2.3118,1.1423,0.0894
pos,193,-2.1409,-2.3126,1.1422,0.0894
pos,194,-2.1430,-2.3133,1.1422,0.0894
pos,195,-2.1446,-2.3140,1.1422,0.0894
pos,196,-2.1459,-2.3147,1.1421,0.0894
pos,197,-2.1468,-2.3153,1.1421,0.0894
pos,198,-2.1472,-2.3159,1.1421,0.0894
pos,199,-2.1473,-2.3164,1.1420,0.0894
pos,200,-2.1470,-2.3169,1.1420,0.0894
pos,201,-2.1463,-2.3174,1.1420,0.0894
pos,202,-2.1452,-2.3178,1.1419,0.0895
pos,203,-2.1438,-2.3182,1.1419,0.0895
pos,204,-2.1419,-2.3185,1.1419,0.0895
pos,205,-2.1397,-2.3188,1.1418,0.0896
pos,206,-2.1372,-2.3190,1.1418,0.0896
pos,207,-2.1342,-2.3193,1.1417,0.0896
pos,208,-2.1309,-2.3194,1.1417,0.0896
pos,209,-2.1273,-2.3196,1.1416,0.0896
pos,210,-2.1232,-2.3197,1.1416,0.0896
pos,211,-2.1188,-2.3197,1.1416,0.0897
pos,212,-2.1141,-2.3198,1.1417,0.0897
pos,213,-2.1090,-2.3197,1.1418,0.0898
pos,214,-2.1036,-2.3197,1.1419,0.0898
pos,215,-2.0978,-2.3196,1.1420,0.0898
pos,216,-2.0916,-2.3194,1.1421,0.0899
pos,217,-2.0851,-2.3193,1.1422,0.0899
pos,218,-2.0783,-2.3191,1.1424,0.0900
pos,219,-2.0711,-2.3188,1.1426,0.0900
pos,220,-2.0635,-2.3185,1.1428,0.0900
pos,221,-2.0556,-2.3182,1.1431,0.0901
pos,222,-2.0474,-2.3179,1.1434,0.0902
pos,223,-2.0387,-2.3175,1.1437,0.0902
pos,224,-2.0298,-2.3171,1.1440,0.0903
pos,225,-2.0205,-2.3166,1.1444,0.0903
pos,226,-2.0107,-2.3161,1.1448,0.0904
pos,227,-2.0007,-2.3156,1.1453,0.0905
pos,228,-1.9902,-2.3151,1.1458,0.0905
pos,229,-1.9794,-2.3145,1.1463,0.0906
pos,230,-1.9681,-2.3139,1.1470,0.0907
pos,231,-1.9568,-2.3133,1.1476,0.0908
pos,232,-1.9454,-2.3127,1.1484,0.0908
pos,233,-1.9338,-2.3122,1.1492,0.0909
pos,234,-1.9222,-2.3116,1.1501,0.0910
pos,235,-1.9104,-2.3110,1.1509,0.0910
pos,236,-1.8985,-2.3105,1.1518,0.0911
pos,237,-1.8865,-2.3099,1.1526,0.0911
pos,238,-1.8743,-2.3093,1.1535,0.0912
pos,239,-1.8620,-2.3088,1.1545,0.0913
pos,240,-1.8495,-2.3083,1.1555,0.0914
pos,241,-1.8369,-2.3077,1.1566,0.0914
pos,242,-1.8241,-2.3072,1.1577,0.0915
pos,243,-1.8111,-2.3067,1.1587,0.0916
pos,244,-1.7980,-2.3061,1.1598,0.0917
pos,245,-1.7847,-2.3056,1.1609,0.0918
pos,246,-1.7713,-2.3051,1.1620,0.0919
pos,247,-1.7577,-2.3046,1.1631,0.0920
pos,248,-1.7439,-2.3041,1.1643,0.0921
pos,249,-1.7300,-2.3036,1.1653,0.0921
pos,250,-1.7159,-2.3031,1.1662,0.0921
pos,251,-1.7017,-2.3026,1.1673,0.0921
pos,252,-1.6873,-2.3021,1.1684,0.0921
pos,253,-1.6728,-2.3016,1.1696,0.0921
pos,254,-1.6581,-2.3011,1.1707,0.0921
pos,255,-1.6432,-2.3006,1.1719,0.0921
pos,256,-1.6282,-2.3001,1.1731,0.0921
pos,257,-1.6131,-2.2996,1.1743,0.0921
pos,258,-1.5978,-2.2991,1.1756,0.0922
pos,259,-1.5823,-2.2986,1.1770,0.0922
pos,260,-1.5668,-2.2982,1.1784,0.0922
pos,261,-1.5511,-2.2977,1.1797,0.0922
pos,262,-1.5354,-2.2971,1.1810,0.0921
pos,263,-1.5196,-2.2966,1.1822,0.0920
pos,264,-1.5038,-2.2961,1.1834,0.0919
pos,265,-1.4878,-2.2955,1.1846,0.0918
pos,266,-1.4718,-2.2950,1.1859,0.0917
pos,267,-1.4558,-2.2944,1.1872,0.0916
pos,268,-1.4397,-2.2939,1.1886,0.0915
pos,269,-1.4236,-2.2933,1.1901,0.0914
pos,270,-1.4074,-2.2927,1.1917,0.0913
pos,271,-1.3913,-2.2922,1.1932,0.0913
pos,272,-1.3752,-2.2917,1.1948,0.0912
pos,273,-1.3592,-2.2911,1.1964,0.0911
pos,274,-1.3433,-2.2906,1.1980,0.0911
pos,275,-1.3274,-2.2901,1.1997,0.0911
pos,276,-1.3117,-2.2896,1.2012,0.0910
pos,277,-1.2962,-2.2892,1.2028,0.0910
pos,278,-1.2808,-2.2888,1.2043,0.0909
pos,279,-1.2655,-2.2884,1.2059,0.0909
pos,280,-1.2505,-2.2880,1.2073,0.0909
pos,281,-1.2357,-2.2877,1.2088,0.0908
pos,282,-1.2210,-2.2875,1.2102,0.0908
pos,283,-1.2067,-2.2872,1.2116,0.0907
pos,284,-1.1925,-2.2870,1.2129,0.0906
pos,285,-1.1787,-2.2869,1.2142,0.0906
pos,286,-1.1650,-2.2868,1.2155,0.0905
pos,287,-1.1517,-2.2867,1.2167,0.0904
pos,288,-1.1387,-2.2867,1.2179,0.0903
pos,289,-1.1260,-2.2867,1.2191,0.0903
pos,290,-1.1136,-2.2868,1.2202,0.0902
pos,291,-1.1016,-2.2869,1.2213,0.0901
pos,292,-1.0896,-2.2871,1.2224,0.0900
pos,293,-1.0776,-2.2872,1.2234,0.0899
pos,294,-1.0657,-2.2874,1.2244,0.0899
pos,295,-1.0538,-2.2876,1.2255,0.0898
pos,296,-1.0420,-2.2878,1.2264,0.0898
pos,297,-1.0302,-2.2880,1.2274,0.0898
pos,298,-1.0186,-2.2883,1.2283,0.0897
pos,299,-1.0071,-2.2886,1.2292,0.0897
pos,300,-0.9957,-2.2889,1.2301,0.0897
pos,301,-0.9843,-2.2892,1.2310,0.0897
pos,302,-0.9731,-2.2895,1.2318,0.0896
pos,303,-0.9620,-2.2899,1.2326,0.0896
pos,304,-0.9510,-2.2903,1.2333,0.0896
pos,305,-0.9401,-2.2907,1.2339,0.0896
pos,306,-0.9292,-2.2911,1.2345,0.0896
pos,307,-0.9185,-2.2916,1.2350,0.0896
pos,308,-0.9078,-2.2920,1.2355,0.0896
pos,309,-0.8973,-2.2925,1.2359,0.0896
pos,310,-0.8868,-2.2929,1.2363,0.0896
pos,311,-0.8763,-2.2934,1.2366,0.0896
pos,312,-0.8659,-2.2939,1.2369,0.0896
pos,313,-0.8555,-2.2943,1.2371,0.0895
pos,314,-0.8451,-2.2948,1.2373,0.0895
pos,315,-0.8347,-2.2953,1.2374,0.0895
pos,316,-0.8243,-2.2958,1.2375,0.0895
pos,317,-0.8139,-2.2962,1.2375,0.0894
pos,318,-0.8035,-2.2967,1.2376,0.0894
pos,319,-0.7930,-2.2971,1.2376,0.0894
pos,320,-0.7824,-2.2975,1.2375,0.0894
pos,321,-0.7718,-2.2980,1.2374,0.0893
pos,322,-0.7615,-2.2984,1.2373,0.0893
pos,323,-0.7514,-2.2988,1.2372,0.0893
pos,324,-0.7415,-2.2993,1.2370,0.0893
pos,325,-0.7319,-2.2997,1.2368,0.0893
pos,326,-0.7225,-2.3002,1.2366,0.0893
pos,327,-0.7134,-2.3007,1.2363,0.0892
pos,328,-0.7044,-2.3011,1.2359,0.0892
pos,329,-0.6957,-2.3016,1.2355,0.0892
pos,330,-0.6871,-2.3021,1.2351,0.0892
pos,331,-0.6788,-2.3026,1.2347,0.0892
pos,332,-0.6706,-2.3031,1.2342,0.0892
pos,333,-0.6627,-2.3036,1.2337,0.0892
pos,334,-0.6550,-2.3041,1.2332,0.0892
pos,335,-0.6474,-2.3046,1.2327,0.0892
pos,336,-0.6401,-2.3051,1.2322,0.0892
pos,337,-0.6329,-2.3056,1.2317,0.0892
pos,338,-0.6260,-2.3061,1.2312,0.0892
pos,339,-0.6193,-2.3066,1.2306,0.0892
pos,340,-0.6127,-2.3071,1.2301,0.0892
pos,341,-0.6064,-2.3076,1.2295,0.0892
pos,342,-0.6003,-2.3082,1.2290,0.0892
pos,343,-0.5943,-2.3087,1.2285,0.0892
pos,344,-0.5886,-2.3092,1.2280,0.0892
pos,345,-0.5831,-2.3097,1.2274,0.0892
pos,346,-0.5778,-2.3103,1.2269,0.0892
pos,347,-0.5727,-2.3108,1.2263,0.0892
pos,348,-0.5679,-2.3114,1.2258,0.0892
pos,349,-0.5634,-2.3119,1.2253,0.0892
pos,350,-0.5591,-2.3125,1.2248,0.0892
pos,351,-0.5551,-2.3131,1.2243,0.0892
pos,352,-0.5510,-2.3136,1.2238,0.0892
pos,353,-0.5469,-2.3142,1.2234,0.0892
pos,354,-0.5428,-2.3147,1.2229,0.0892
pos,355,-0.5386,-2.3152,1.2225,0.0892
pos,356,-0.5345,-2.3157,1.2222,0.0892
pos,357,-0.5303,-2.3162,1.2218,0.0892
pos,358,-0.5262,-2.3167,1.2214,0.0892
pos,359,-0.5222,-2.3172,1.2211,0.0892
pos,360,-0.5181,-2.3177,1.2208,0.0892
pos,361,-0.5142,-2.3182,1.2206,0.0892
pos,362,-0.5103,-2.3187,1.2203,0.0892
pos,363,-0.5064,-2.3191,1.2201,0.0892
pos,364,-0.5026,-2.3196,1.2199,0.0892
pos,365,-0.4989,-2.3201,1.2198,0.0892
pos,366,-0.4953,-2.3205,1.2197,0.0892
pos,367,-0.4918,-2.3210,1.2196,0.0891
pos,368,-0.4883,-2.3214,1.2195,0.0891
pos,369,-0.4849,-2.3218,1.2194,0.0891
pos,370,-0.4816,-2.3223,1.2193,0.0891
pos,371,-0.4784,-2.3227,1.2193,0.0890
pos,372,-0.4753,-2.3232,1.2192,0.0890
pos,373,-0.4723,-2.3236,1.2192,0.0889
pos,374,-0.4693,-2.3240,1.2192,0.0889
pos,375,-0.4665,-2.3245,1.2191,0.0888
pos,376,-0.4637,-2.3249,1.2191,0.0888
pos,377,-0.4611,-2.3254,1.2190,0.0887
pos,378,-0.4585,-2.3258,1.2189,0.0887
pos,379,-0.4560,-2.3263,1.2188,0.0886
pos,380,-0.4537,-2.3268,1.2187,0.0885
pos,381,-0.4514,-2.3272,1.2186,0.0885
pos,382,-0.4491,-2.3277,1.2184,0.0884
pos,383,-0.4470,-2.3282,1.2182,0.0881
pos,384,-0.4450,-2.3287,1.2179,0.0879
pos,385,-0.4430,-2.3292,1.2179,0.0881
pos,386,-0.4410,-2.3297,1.2179,0.0882
pos,387,-0.4391,-2.3302,1.2178,0.0884
pos,388,-0.4372,-2.3307,1.2176,0.0885
pos,389,-0.4352,-2.3312,1.2175,0.0887
pos,390,-0.4333,-2.3317,1.2173,0.0888
pos,391,-0.4313,-2.3322,1.2170,0.0889
pos,392,-0.4293,-2.3327,1.2168,0.0891
pos,393,-0.4272,-2.3332,1.2166,0.0892
pos,394,-0.4250,-2.3336,1.2163,0.0894
pos,395,-0.4227,-2.3341,1.2160,0.0895
pos,396,-0.4202,-2.3345,1.2158,0.0897
pos,397,-0.4176,-2.3350,1.2155,0.0898
pos,398,-0.4148,-2.3354,1.2152,0.0900
pos,399,-0.4119,-2.3358,1.2150,0.0901
pos,400,-0.4087,-2.3362,1.2147,0.0903
pos,401,-0.4053,-2.3365,1.2145,0.0904
pos,402,-0.4016,-2.3369,1.2142,0.0905
pos,403,-0.3977,-2.3372,1.2140,0.0907
pos,404,-0.3935,-2.3375,1.2138,0.0908
pos,405,-0.3891,-2.3378,1.2136,0.0909
pos,406,-0.3843,-2.3381,1.2133,0.0911
pos,407,-0.3793,-2.3383,1.2131,0.0912
pos,408,-0.3739,-2.3385,1.2129,0.0913
pos,409,-0.3683,-2.3387,1.2126,0.0914
pos,410,-0.3623,-2.3389,1.2124,0.0915
pos,411,-0.3560,-2.3391,1.2122,0.0916
pos,412,-0.3493,-2.3392,1.2120,0.0917
pos,413,-0.3423,-2.3393,1.2118,0.0919
pos,414,-0.3350,-2.3394,1.2116,0.0920
pos,415,-0.3272,-2.3395,1.2114,0.0921
pos,416,-0.3191,-2.3395,1.2113,0.0922
pos,417,-0.3106,-2.3396,1.2111,0.0923
pos,418,-0.3017,-2.3396,1.2110,0.0924
pos,419,-0.2927,-2.3396,1.2108,0.0924
pos,420,-0.2836,-2.3396,1.2107,0.0925
pos,421,-0.2744,-2.3396,1.2106,0.0926
pos,422,-0.2651,-2.3396,1.2106,0.0926
pos,423,-0.2557,-2.3396,1.2105,0.0927
pos,424,-0.2461,-2.3396,1.2105,0.0927
pos,425,-0.2364,-2.3396,1.2104,0.0927
pos,426,-0.2265,-2.3396,1.2104,0.0928
pos,427,-0.2165,-2.3395,1.2103,0.0928
pos,428,-0.2062,-2.3395,1.2103,0.0928
pos,429,-0.1958,-2.3395,1.2103,0.0928
pos,430,-0.1853,-2.3395,1.2103,0.0929
pos,431,-0.1745,-2.3394,1.2103,0.0929
pos,432,-0.1635,-2.3394,1.2103,0.0929
pos,433,-0.1524,-2.3393,1.2103,0.0929
pos,434,-0.1411,-2.3392,1.2103,0.0929
pos,435,-0.1295,-2.3391,1.2103,0.0930
pos,436,-0.1178,-2.3390,1.2103,0.0930
pos,437,-0.1059,-2.3389,1.2103,0.0930
pos,438,-0.0938,-2.3387,1.2104,0.0930
pos,439,-0.0815,-2.3385,1.2105,0.0930
pos,440,-0.0691,-2.3383,1.2105,0.0931
pos,441,-0.0564,-2.3380,1.2106,0.0931
pos,442,-0.0436,-2.3378,1.2107,0.0931
pos,443,-0.0305,-2.3374,1.2107,0.0931
pos,444,-0.0173,-2.3371,1.2108,0.0931
pos,445,-0.0040,-2.3367,1.2109,0.0931
pos,446,0.0096,-2.3363,1.2110,0.0931
pos,447,0.0233,-2.3358,1.2110,0.0930
pos,448,0.0372,-2.3353,1.2111,0.0930
pos,449,0.0513,-2.3347,1.2112,0.0929
pos,450,0.0656,-2.3341,1.2114,0.0929
pos,451,0.0799,-2.3335,1.2115,0.0928
pos,452,0.0945,-2.3328,1.2116,0.0927
pos,453,0.1091,-2.3321,1.2117,0.0926
pos,454,0.1239,-2.3313,1.2118,0.0925
pos,455,0.1388,-2.3304,1.2119,0.0924
pos,456,0.1538,-2.3295,1.2120,0.0923
pos,457,0.1688,-2.3286,1.2121,0.0922
pos,458,0.1840,-2.3275,1.2122,0.0921
pos,459,0.1992,-2.3265,1.2124,0.0920
pos,460,0.2145,-2.3254,1.2125,0.0918
pos,461,0.2298,-2.3242,1.2126,0.0917
pos,462,0.2452,-2.3230,1.2127,0.0916
pos,463,0.2605,-2.3217,1.2128,0.0914
pos,464,0.2759,-2.3203,1.2129,0.0913
pos,465,0.2912,-2.3189,1.2130,0.0911
pos,466,0.3064,-2.3175,1.2132,0.0910
pos,467,0.3216,-2.3160,1.2133,0.0909
pos,468,0.3367,-2.3144,1.2134,0.0907
pos,469,0.3519,-2.3129,1.2135,0.0906
pos,470,0.3673,-2.3115,1.2137,0.0904
pos,471,0.3829,-2.3101,1.2138,0.0903
pos,472,0.3985,-2.3087,1.2140,0.0901
pos,473,0.4143,-2.3075,1.2142,0.0900
pos,474,0.4300,-2.3063,1.2143,0.0898
pos,475,0.4459,-2.3051,1.2144,0.0897
pos,476,0.4617,-2.3041,1.2145,0.0895
pos,477,0.4775,-2.3030,1.2146,0.0893
pos,478,0.4933,-2.3021,1.2146,0.0891
pos,479,0.5090,-2.3012,1.2147,0.0890
pos,480,0.5248,-2.3004,1.2147,0.0887
pos,481,0.5404,-2.2997,1.2147,0.0885
pos,482,0.5559,-2.2990,1.2146,0.0883
pos,483,0.5714,-2.2985,1.2145,0.0881
pos,484,0.5868,-2.2980,1.2144,0.0878
pos,485,0.6021,-2.2977,1.2143,0.0876
pos,486,0.6173,-2.2974,1.2141,0.0873
pos,487,0.6323,-2.2973,1.2139,0.0871
pos,488,0.6473,-2.2972,1.2137,0.0868
pos,489,0.6621,-2.2973,1.2135,0.0867
pos,490,0.6767,-2.2975,1.2133,0.0867
pos,491,0.6912,-2.2979,1.2130,0.0867
pos,492,0.7056,-2.2984,1.2127,0.0866
pos,493,0.7199,-2.2991,1.2123,0.0866
pos,494,0.7341,-2.3000,1.2120,0.0866
pos,495,0.7482,-2.3010,1.2115,0.0866
pos,496,0.7621,-2.3023,1.2110,0.0865
pos,497,0.7760,-2.3037,1.2105,0.0865
pos,498,0.7898,-2.3054,1.2099,0.0864
pos,499,0.8035,-2.3073,1.2093,0.0864
pos,500,0.8171,-2.3095,1.2087,0.0863
pos,501,0.8307,-2.3119,1.2080,0.0863
pos,502,0.8440,-2.3145,1.2073,0.0862
pos,503,0.8568,-2.3172,1.2065,0.0861
pos,504,0.8694,-2.3202,1.2058,0.0860
pos,505,0.8817,-2.3232,1.2050,0.0859
pos,506,0.8936,-2.3265,1.2043,0.0858
pos,507,0.9053,-2.3300,1.2036,0.0857
pos,508,0.9168,-2.3337,1.2028,0.0856
pos,509,0.9280,-2.3376,1.2021,0.0854
pos,510,0.9389,-2.3418,1.2014,0.0853
pos,511,0.9497,-2.3461,1.2007,0.0851
pos,512,0.9602,-2.3507,1.2000,0.0850
pos,513,0.9706,-2.3556,1.1992,0.0848
pos,514,0.9808,-2.3607,1.1985,0.0846
pos,515,0.9908,-2.3660,1.1976,0.0844
pos,516,1.0007,-2.3716,1.1968,0.0842
pos,517,1.0104,-2.3774,1.1959,0.0839
pos,518,1.0200,-2.3835,1.1950,0.0837
pos,519,1.0295,-2.3899,1.1940,0.0835
pos,520,1.0390,-2.3965,1.1929,0.0833
pos,521,1.0483,-2.4033,1.1919,0.0830
pos,522,1.0576,-2.4104,1.1909,0.0828
pos,523,1.0668,-2.4178,1.1898,0.0826
pos,524,1.0757,-2.4253,1.1888,0.0824
pos,525,1.0843,-2.4329,1.1878,0.0822
pos,526,1.0926,-2.4406,1.1869,0.0819
pos,527,1.1005,-2.4485,1.1859,0.0817
pos,528,1.1082,-2.4564,1.1850,0.0815
pos,529,1.1157,-2.4645,1.1841,0.0813
pos,530,1.1229,-2.4727,1.1832,0.0810
pos,531,1.1299,-2.4809,1.1823,0.0808
pos,532,1.1367,-2.4893,1.1814,0.0806
pos,533,1.1433,-2.4978,1.1806,0.0803
pos,534,1.1497,-2.5063,1.1798,0.0801
pos,535,1.1559,-2.5149,1.1790,0.0798
pos,536,1.1620,-2.5235,1.1782,0.0796
pos,537,1.1678,-2.5322,1.1775,0.0793
pos,538,1.1736,-2.5409,1.1767,0.0790
pos,539,1.1791,-2.5496,1.1760,0.0787
pos,540,1.1845,-2.5583,1.1753,0.0784
pos,541,1.1898,-2.5670,1.1746,0.0782
pos,542,1.1949,-2.5756,1.1740,0.0779
pos,543,1.1999,-2.5842,1.1733,0.0776
pos,544,1.2047,-2.5927,1.1726,0.0772
pos,545,1.2095,-2.6012,1.1720,0.0769
pos,546,1.2140,-2.6095,1.1713,0.0765
pos,547,1.2185,-2.6177,1.1705,0.0761
pos,548,1.2228,-2.6258,1.1698,0.0757
pos,549,1.2270,-2.6338,1.1693,0.0757
pos,550,1.2311,-2.6416,1.1691,0.0760
pos,551,1.2351,-2.6493,1.1689,0.0763
pos,552,1.2389,-2.6567,1.1686,0.0766
pos,553,1.2426,-2.6640,1.1682,0.0769
pos,554,1.2462,-2.6710,1.1678,0.0772
pos,555,1.2497,-2.6778,1.1673,0.0774
pos,556,1.2531,-2.6843,1.1668,0.0777
pos,557,1.2563,-2.6906,1.1663,0.0780
pos,558,1.2595,-2.6966,1.1659,0.0782
pos,559,1.2625,-2.7024,1.1654,0.0785
pos,560,1.2654,-2.7078,1.1649,0.0788
pos,561,1.2681,-2.7130,1.1645,0.0791
pos,562,1.2707,-2.7178,1.1640,0.0794
pos,563,1.2733,-2.7223,1.1635,0.0797
pos,564,1.2756,-2.7264,1.1631,0.0800
pos,565,1.2779,-2.7303,1.1626,0.0802
pos,566,1.2800,-2.7337,1.1622,0.0805
pos,567,1.2820,-2.7368,1.1617,0.0808
pos,568,1.2839,-2.7395,1.1614,0.0811
pos,569,1.2856,-2.7419,1.1611,0.0813
pos,570,1.2872,-2.7439,1.1608,0.0815
pos,571,1.2887,-2.7456,1.1605,0.0818
pos,572,1.2900,-2.7469,1.1603,0.0821
pos,573,1.2911,-2.7477,1.1601,0.0823
pos,574,1.2921,-2.7482,1.1599,0.0826
pos,575,1.2930,-2.7483,1.1598,0.0828
pos,576,1.2936,-2.7479,1.1597,0.0830
pos,577,1.2941,-2.7472,1.1596,0.0833
pos,578,1.2944,-2.7461,1.1595,0.0835
pos,579,1.2945,-2.7445,1.1594,0.0837
pos,580,1.2945,-2.7425,1.1594,0.0839
pos,581,1.2942,-2.7400,1.1593,0.0841
pos,582,1.2939,-2.7373,1.1592,0.0844
pos,583,1.2938,-2.7343,1.1592,0.0846
pos,584,1.2938,-2.7310,1.1592,0.0848
pos,585,1.2937,-2.7274,1.1592,0.0851
pos,586,1.2938,-2.7234,1.1592,0.0853
pos,587,1.2938,-2.7192,1.1593,0.0856
pos,588,1.2939,-2.7146,1.1593,0.0859
pos,589,1.2940,-2.7097,1.1594,0.0862
pos,590,1.2940,-2.7045,1.1594,0.0864
pos,591,1.2941,-2.6990,1.1595,0.0867
pos,592,1.2942,-2.6931,1.1595,0.0870
pos,593,1.2942,-2.6869,1.1596,0.0873
pos,594,1.2942,-2.6805,1.1596,0.0876
pos,595,1.2942,-2.6737,1.1596,0.0879
pos,596,1.2941,-2.6666,1.1597,0.0882
pos,597,1.2941,-2.6593,1.1597,0.0885
pos,598,1.2939,-2.6516,1.1598,0.0888
pos,599,1.2938,-2.6437,1.1598,0.0891
pos,600,1.2936,-2.6355,1.1598,0.0894
pos,601,1.2933,-2.6270,1.1598,0.0898
pos,602,1.2931,-2.6183,1.1599,0.0901
pos,603,1.2927,-2.6093,1.1600,0.0904
pos,604,1.2923,-2.6001,1.1601,0.0907
pos,605,1.2919,-2.5907,1.1602,0.0910
pos,606,1.2915,-2.5810,1.1603,0.0913
pos,607,1.2909,-2.5712,1.1604,0.0915
pos,608,1.2904,-2.5611,1.1606,0.0918
pos,609,1.2898,-2.5509,1.1607,0.0920
pos,610,1.2892,-2.5405,1.1609,0.0923
pos,611,1.2885,-2.5299,1.1611,0.0925
pos,612,1.2878,-2.5193,1.1613,0.0927
pos,613,1.2870,-2.5085,1.1616,0.0929
pos,614,1.2862,-2.4975,1.1619,0.0931
pos,615,1.2854,-2.4865,1.1621,0.0934
pos,616,1.2846,-2.4753,1.1624,0.0936
pos,617,1.2837,-2.4641,1.1626,0.0938
pos,618,1.2828,-2.4528,1.1629,0.0941
pos,619,1.2818,-2.4415,1.1632,0.0944
pos,620,1.2809,-2.4301,1.1635,0.0947
pos,621,1.2799,-2.4187,1.1639,0.0950
pos,622,1.2789,-2.4073,1.1642,0.0954
pos,623,1.2778,-2.3959,1.1645,0.0958
pos,624,1.2768,-2.3844,1.1648,0.0962
pos,625,1.2757,-2.3729,1.1652,0.0966
pos,626,1.2746,-2.3615,1.1655,0.0970
pos,627,1.2735,-2.3500,1.1658,0.0975
pos,628,1.2724,-2.3386,1.1661,0.0980
pos,629,1.2713,-2.3272,1.1663,0.0985
pos,630,1.2702,-2.3159,1.1666,0.0991
pos,631,1.2690,-2.3046,1.1668,0.0997
pos,632,1.2679,-2.2933,1.1670,0.1003
pos,633,1.2668,-2.2821,1.1673,0.1009
pos,634,1.2656,-2.2709,1.1675,0.1015
pos,635,1.2645,-2.2598,1.1678,0.1022
pos,636,1.2634,-2.2487,1.1681,0.1028
pos,637,1.2623,-2.2378,1.1683,0.1035
pos,638,1.2611,-2.2269,1.1686,0.1042
pos,639,1.2600,-2.2161,1.1689,0.1049
pos,640,1.2589,-2.2054,1.1691,0.1056
pos,641,1.2579,-2.1948,1.1693,0.1064
pos,642,1.2568,-2.1844,1.1696,0.1072
pos,643,1.2557,-2.1740,1.1698,0.1080
pos,644,1.2547,-2.1637,1.1700,0.1088
pos,645,1.2537,-2.1536,1.1702,0.1097
pos,646,1.2527,-2.1436,1.1703,0.1106
pos,647,1.2517,-2.1337,1.1705,0.1115
pos,648,1.2507,-2.1240,1.1706,0.1125
pos,649,1.2497,-2.1144,1.1707,0.1135
pos,650,1.2488,-2.1050,1.1709,0.1144
pos,651,1.2478,-2.0956,1.1711,0.1154
pos,652,1.2469,-2.0865,1.1712,0.1165
pos,653,1.2459,-2.0774,1.1714,0.1176
pos,654,1.2450,-2.0686,1.1715,0.1187
pos,655,1.2441,-2.0598,1.1717,0.1199
pos,656,1.2432,-2.0513,1.1718,0.1212
pos,657,1.2423,-2.0428,1.1718,0.1225
pos,658,1.2414,-2.0345,1.1719,0.1239
pos,659,1.2406,-2.0264,1.1720,0.1253
pos,660,1.2397,-2.0184,1.1720,0.1268
pos,661,1.2389,-2.0106,1.1721,0.1284
pos,662,1.2380,-2.0029,1.1721,0.1301
pos,663,1.2372,-1.9953,1.1723,0.1318
pos,664,1.2364,-1.9879,1.1724,0.1336
pos,665,1.2355,-1.9807,1.1725,0.1354
pos,666,1.2347,-1.9736,1.1726,0.1373
pos,667,1.2339,-1.9667,1.1727,0.1393
pos,668,1.2331,-1.9598,1.1727,0.1414
pos,669,1.2323,-1.9532,1.1728,0.1435
pos,670,1.2315,-1.9467,1.1728,0.1458
pos,671,1.2307,-1.9403,1.1728,0.1481
pos,672,1.2299,-1.9341,1.1728,0.1506
pos,673,1.2291,-1.9281,1.1729,0.1531
pos,674,1.2283,-1.9222,1.1729,0.1554
pos,675,1.2275,-1.9164,1.1731,0.1574
pos,676,1.2268,-1.9108,1.1732,0.1591
pos,677,1.2260,-1.9053,1.1733,0.1605
pos,678,1.2252,-1.9000,1.1734,0.1618
pos,679,1.2245,-1.8948,1.1734,0.1628
pos,680,1.2237,-1.8897,1.1735,0.1636
pos,681,1.2229,-1.8848,1.1736,0.1642
pos,682,1.2222,-1.8800,1.1737,0.1646
pos,683,1.2215,-1.8753,1.1737,0.1648
pos,684,1.2207,-1.8707,1.1738,0.1648
pos,685,1.2200,-1.8663,1.1738,0.1647
pos,686,1.2193,-1.8620,1.1738,0.1643
pos,687,1.2186,-1.8578,1.1739,0.1638
pos,688,1.2179,-1.8537,1.1738,0.1632
pos,689,1.2172,-1.8497,1.1738,0.1623
pos,690,1.2166,-1.8459,1.1737,0.1613
pos,691,1.2159,-1.8421,1.1736,0.1602
pos,692,1.2153,-1.8385,1.1734,0.1589
pos,693,1.2147,-1.8350,1.1733,0.1575
pos,694,1.2141,-1.8316,1.1731,0.1559
pos,695,1.2134,-1.8282,1.1731,0.1540
pos,696,1.2128,-1.8250,1.1731,0.1520
pos,697,1.2122,-1.8218,1.1731,0.1498
pos,698,1.2116,-1.8188,1.1731,0.1476
pos,699,1.2110,-1.8158,1.1730,0.1451
pos,700,1.2105,-1.8129,1.1730,0.1426
pos,701,1.2099,-1.8101,1.1729,0.1399
pos,702,1.2094,-1.8074,1.1729,0.1371
pos,703,1.2089,-1.8047,1.1730,0.1342
pos,704,1.2084,-1.8022,1.1730,0.1311
pos,705,1.2079,-1.7997,1.1730,0.1279
pos,706,1.2074,-1.7972,1.1730,0.1246
pos,707,1.2070,-1.7949,1.1731,0.1211
pos,708,1.2065,-1.7926,1.1732,0.1175
pos,709,1.2061,-1.7903,1.1733,0.1138
pos,710,1.2057,-1.7881,1.1735,0.1099
pos,711,1.2053,-1.7860,1.1738,0.1058
pos,712,1.2049,-1.7839,1.1741,0.1016
pos,713,1.2045,-1.7819,1.1744,0.0973
pos,714,1.2042,-1.7800,1.1747,0.0927
pos,715,1.2038,-1.7780,1.1749,0.0881
pos,716,1.2035,-1.7762,1.1752,0.0833
pos,717,1.2031,-1.7743,1.1755,0.0783
pos,718,1.2028,-1.7726,1.1758,0.0731
pos,719,1.2025,-1.7708,1.1762,0.0678
pos,720,1.2021,-1.7692,1.1766,0.0623
pos,721,1.2018,-1.7675,1.1770,0.0566
pos,722,1.2015,-1.7659,1.1774,0.0508
pos,723,1.2012,-1.7644,1.1777,0.0448
pos,724,1.2009,-1.7629,1.1781,0.0385
pos,725,1.2007,-1.7614,1.1784,0.0322
pos,726,1.2004,-1.7600,1.1788,0.0260
pos,727,1.2001,-1.7586,1.1792,0.0200
pos,728,1.1998,-1.7572,1.1796,0.0142
pos,729,1.1996,-1.7560,1.1801,0.0085
pos,730,1.1993,-1.7547,1.1805,0.0030
pos,731,1.1991,-1.7535,1.1809,-0.0024
pos,732,1.1988,-1.7523,1.1814,-0.0077
pos,733,1.1985,-1.7512,1.1818,-0.0128
pos,734,1.1983,-1.7501,1.1823,-0.0178
pos,735,1.1980,-1.7490,1.1827,-0.0227
pos,736,1.1977,-1.7480,1.1831,-0.0276
pos,737,1.1974,-1.7470,1.1835,-0.0323
pos,738,1.1971,-1.7461,1.1839,-0.0370
pos,739,1.1968,-1.7452,1.1843,-0.0415
pos,740,1.1965,-1.7443,1.1847,-0.0460
pos,741,1.1962,-1.7435,1.1850,-0.0505
pos,742,1.1959,-1.7427,1.1854,-0.0549
pos,743,1.1956,-1.7420,1.1857,-0.0592
pos,744,1.1952,-1.7413,1.1860,-0.0639
pos,745,1.1949,-1.7406,1.1863,-0.0689
pos,746,1.1945,-1.7400,1.1866,-0.0743
pos,747,1.1942,-1.7395,1.1868,-0.0800
pos,748,1.1939,-1.7389,1.1870,-0.0860
pos,749,1.1935,-1.7385,1.1871,-0.0924
pos,750,1.1931,-1.7380,1.1872,-0.0991
pos,751,1.1928,-1.7376,1.1872,-0.1061
pos,752,1.1924,-1.7373,1.1872,-0.1135
pos,753,1.1920,-1.7370,1.1872,-0.1212
pos,754,1.1917,-1.7367,1.1872,-0.1292
pos,755,1.1913,-1.7365,1.1873,-0.1376
pos,756,1.1909,-1.7363,1.1874,-0.1463
pos,757,1.1905,-1.7361,1.1875,-0.1553
pos,758,1.1901,-1.7360,1.1876,-0.1646
pos,759,1.1897,-1.7359,1.1877,-0.1743
pos,760,1.1893,-1.7358,1.1878,-0.1842
pos,761,1.1889,-1.7358,1.1878,-0.1945
pos,762,1.1884,-1.7358,1.1878,-0.2050
pos,763,1.1880,-1.7358,1.1877,-0.2158
pos,764,1.1876,-1.7358,1.1876,-0.2270
pos,765,1.1872,-1.7358,1.1875,-0.2384
pos,766,1.1867,-1.7358,1.1873,-0.2501
pos,767,1.1863,-1.7359,1.1870,-0.2621
pos,768,1.1858,-1.7359,1.1867,-0.2744
pos,769,1.1854,-1.7360,1.1864,-0.2869
pos,770,1.1849,-1.7361,1.1860,-0.2997
pos,771,1.1845,-1.7362,1.1856,-0.3127
pos,772,1.1840,-1.7363,1.1853,-0.3260
pos,773,1.1836,-1.7364,1.1849,-0.3394
pos,774,1.1831,-1.7365,1.1845,-0.3531
pos,775,1.1826,-1.7366,1.1841,-0.3669
pos,776,1.1821,-1.7367,1.1837,-0.3806
pos,777,1.1816,-1.7368,1.1833,-0.3942
pos,778,1.1812,-1.7370,1.1829,-0.4075
pos,779,1.1807,-1.7371,1.1826,-0.4208
pos,780,1.1802,-1.7372,1.1823,-0.4338
pos,781,1.1797,-1.7373,1.1821,-0.4467
pos,782,1.1792,-1.7375,1.1819,-0.4594
pos,783,1.1787,-1.7376,1.1817,-0.4718
pos,784,1.1782,-1.7377,1.1816,-0.4841
pos,785,1.1777,-1.7378,1.1815,-0.4962
pos,786,1.1773,-1.7379,1.1815,-0.5080
pos,787,1.1768,-1.7380,1.1815,-0.5197
pos,788,1.1763,-1.7381,1.1816,-0.5312
pos,789,1.1758,-1.7382,1.1818,-0.5426
pos,790,1.1753,-1.7383,1.1821,-0.5537
pos,791,1.1748,-1.7383,1.1826,-0.5647
pos,792,1.1743,-1.7384,1.1832,-0.5755
pos,793,1.1738,-1.7385,1.1837,-0.5862
pos,794,1.1733,-1.7385,1.1841,-0.5968
pos,795,1.1728,-1.7384,1.1845,-0.6072
pos,796,1.1722,-1.7384,1.1848,-0.6176
pos,797,1.1717,-1.7383,1.1853,-0.6278
pos,798,1.1711,-1.7382,1.1857,-0.6381
pos,799,1.1705,-1.7380,1.1864,-0.6481
pos,800,1.1700,-1.7379,1.1871,-0.6580
pos,801,1.1694,-1.7377,1.1878,-0.6675
pos,802,1.1689,-1.7376,1.1885,-0.6768
pos,803,1.1684,-1.7373,1.1893,-0.6858
pos,804,1.1680,-1.7371,1.1900,-0.6946
pos,805,1.1676,-1.7369,1.1908,-0.7031
pos,806,1.1672,-1.7367,1.1917,-0.7115
pos,807,1.1668,-1.7365,1.1927,-0.7197
pos,808,1.1664,-1.7363,1.1938,-0.7278
pos,809,1.1661,-1.7360,1.1950,-0.7357
pos,810,1.1658,-1.7358,1.1961,-0.7434
pos,811,1.1655,-1.7355,1.1972,-0.7511
pos,812,1.1653,-1.7352,1.1984,-0.7585
pos,813,1.1651,-1.7349,1.1994,-0.7658
pos,814,1.1650,-1.7346,1.2005,-0.7729
pos,815,1.1648,-1.7343,1.2014,-0.7799
pos,816,1.1648,-1.7339,1.2024,-0.7867
pos,817,1.1648,-1.7336,1.2033,-0.7933
pos,818,1.1648,-1.7333,1.2042,-0.7998
pos,819,1.1649,-1.7330,1.2050,-0.8061
pos,820,1.1650,-1.7327,1.2057,-0.8123
pos,821,1.1652,-1.7324,1.2063,-0.8183
pos,822,1.1654,-1.7321,1.2069,-0.8242
pos,823,1.1656,-1.7318,1.2075,-0.8299
pos,824,1.1659,-1.7315,1.2081,-0.8355
pos,825,1.1663,-1.7313,1.2087,-0.8410
pos,826,1.1666,-1.7310,1.2092,-0.8463
pos,827,1.1670,-1.7307,1.2098,-0.8515
pos,828,1.1675,-1.7305,1.2103,-0.8565
pos,829,1.1679,-1.7303,1.2109,-0.8615
pos,830,1.1684,-1.7301,1.2114,-0.8663
pos,831,1.1689,-1.7299,1.2118,-0.8710
pos,832,1.1695,-1.7297,1.2123,-0.8755
pos,833,1.1701,-1.7295,1.2127,-0.8800
pos,834,1.1707,-1.7294,1.2131,-0.8844
pos,835,1.1713,-1.7292,1.2135,-0.8890
pos,836,1.1719,-1.7291,1.2138,-0.8939
pos,837,1.1726,-1.7290,1.2140,-0.8991
pos,838,1.1732,-1.7289,1.2142,-0.9045
pos,839,1.1739,-1.7288,1.2144,-0.9102
pos,840,1.1746,-1.7287,1.2146,-0.9161
pos,841,1.1753,-1.7287,1.2147,-0.9223
pos,842,1.1760,-1.7286,1.2147,-0.9288
pos,843,1.1766,-1.7286,1.2147,-0.9355
pos,844,1.1773,-1.7286,1.2148,-0.9425
pos,845,1.1779,-1.7286,1.2147,-0.9497
pos,846,1.1786,-1.7286,1.2146,-0.9571
pos,847,1.1792,-1.7287,1.2145,-0.9648
pos,848,1.1798,-1.7287,1.2144,-0.9726
pos,849,1.1803,-1.7288,1.2143,-0.9807
pos,850,1.1809,-1.7288,1.2142,-0.9891
pos,851,1.1813,-1.7289,1.2140,-0.9977
pos,852,1.1818,-1.7290,1.2139,-1.0066
pos,853,1.1822,-1.7291,1.2137,-1.0158
pos,854,1.1825,-1.7293,1.2135,-1.0253
pos,855,1.1828,-1.7294,1.2133,-1.0346
pos,856,1.1831,-1.7296,1.2131,-1.0437
pos,857,1.1834,-1.7298,1.2129,-1.0527
pos,858,1.1836,-1.7299,1.2127,-1.0614
pos,859,1.1837,-1.7301,1.2125,-1.0699
pos,860,1.1838,-1.7303,1.2123,-1.0782
pos,861,1.1839,-1.7305,1.2120,-1.0864
pos,862,1.1839,-1.7307,1.2117,-1.0944
pos,863,1.1840,-1.7309,1.2115,-1.1023
pos,864,1.1840,-1.7311,1.2112,-1.1099
pos,865,1.1840,-1.7312,1.2109,-1.1174
pos,866,1.1839,-1.7314,1.2107,-1.1247
pos,867,1.1838,-1.7316,1.2104,-1.1318
pos,868,1.1838,-1.7318,1.2102,-1.1388
pos,869,1.1837,-1.7319,1.2100,-1.1456
pos,870,1.1836,-1.7321,1.2101,-1.1522
pos,871,1.1835,-1.7323,1.2102,-1.1587
pos,872,1.1833,-1.7324,1.2099,-1.1651
pos,873,1.1831,-1.7325,1.2093,-1.1713
pos,874,1.1828,-1.7326,1.2082,-1.1774
pos,875,1.1824,-1.7327,1.2073,-1.1834
pos,876,1.1821,-1.7328,1.2065,-1.1892
pos,877,1.1818,-1.7329,1.2057,-1.1950
pos,878,1.1815,-1.7330,1.2050,-1.2006
pos,879,1.1811,-1.7330,1.2043,-1.2060
pos,880,1.1808,-1.7331,1.2036,-1.2113
pos,881,1.1805,-1.7331,1.2031,-1.2165
pos,882,1.1802,-1.7331,1.2025,-1.2216
pos,883,1.1798,-1.7332,1.2021,-1.2265
pos,884,1.1795,-1.7332,1.2016,-1.2313
pos,885,1.1792,-1.7332,1.2011,-1.2358
pos,886,1.1789,-1.7332,1.2006,-1.2403
pos,887,1.1786,-1.7332,1.2002,-1.2446
pos,888,1.1783,-1.7332,1.1998,-1.2487
pos,889,1.1780,-1.7332,1.1994,-1.2527
pos,890,1.1777,-1.7333,1.1991,-1.2567
pos,891,1.1774,-1.7333,1.1987,-1.2605
pos,892,1.1771,-1.7334,1.1984,-1.2641
pos,893,1.1768,-1.7335,1.1981,-1.2677
pos,894,1.1765,-1.7336,1.1979,-1.2712
pos,895,1.1763,-1.7338,1.1977,-1.2746
pos,896,1.1760,-1.7340,1.1976,-1.2778
pos,897,1.1758,-1.7342,1.1974,-1.2810
pos,898,1.1755,-1.7345,1.1972,-1.2841
pos,899,1.1753,-1.7349,1.1971,-1.2872
pos,900,1.1751,-1.7353,1.1969,-1.2901
pos,901,1.1749,-1.7358,1.1968,-1.2929
pos,902,1.1747,-1.7363,1.1966,-1.2957
pos,903,1.1745,-1.7369,1.1966,-1.2983
pos,904,1.1743,-1.7376,1.1966,-1.3009
pos,905,1.1742,-1.7383,1.1966,-1.3034
pos,906,1.1741,-1.7392,1.1967,-1.3057
pos,907,1.1740,-1.7402,1.1968,-1.3080
pos,908,1.1738,-1.7410,1.1969,-1.3101
pos,909,1.1736,-1.7416,1.1970,-1.3122
pos,910,1.1734,-1.7420,1.1971,-1.3142
pos,911,1.1731,-1.7422,1.1972,-1.3162
pos,912,1.1728,-1.7423,1.1973,-1.3180
pos,913,1.1724,-1.7423,1.1975,-1.3197
pos,914,1.1720,-1.7420,1.1976,-1.3214
pos,915,1.1715,-1.7417,1.1976,-1.3230
pos,916,1.1710,-1.7412,1.1977,-1.3246
pos,917,1.1705,-1.7406,1.1978,-1.3261
pos,918,1.1700,-1.7399,1.1979,-1.3275
pos,919,1.1694,-1.7391,1.1980,-1.3288
pos,920,1.1688,-1.7381,1.1981,-1.3301
pos,921,1.1681,-1.7370,1.1982,-1.3314
pos,922,1.1675,-1.7358,1.1982,-1.3326
pos,923,1.1668,-1.7344,1.1983,-1.3338
pos,924,1.1660,-1.7330,1.1984,-1.3349
pos,925,1.1653,-1.7313,1.1984,-1.3360
pos,926,1.1645,-1.7296,1.1984,-1.3370
pos,927,1.1637,-1.7276,1.1985,-1.3380
pos,928,1.1628,-1.7255,1.1985,-1.3389
pos,929,1.1619,-1.7232,1.1986,-1.3399
pos,930,1.1610,-1.7208,1.1986,-1.3407
pos,931,1.1600,-1.7181,1.1986,-1.3416
pos,932,1.1590,-1.7151,1.1985,-1.3424
pos,933,1.1579,-1.7120,1.1985,-1.3431
pos,934,1.1568,-1.7085,1.1984,-1.3439
pos,935,1.1556,-1.7048,1.1983,-1.3446
pos,936,1.1544,-1.7012,1.1982,-1.3452
pos,937,1.1532,-1.6975,1.1981,-1.3458
pos,938,1.1521,-1.6939,1.1979,-1.3464
pos,939,1.1509,-1.6902,1.1978,-1.3469
pos,940,1.1496,-1.6865,1.1976,-1.3474
pos,941,1.1484,-1.6827,1.1974,-1.3479
pos,942,1.1472,-1.6788,1.1972,-1.3483
pos,943,1.1459,-1.6749,1.1969,-1.3487
pos,944,1.1446,-1.6708,1.1967,-1.3491
pos,945,1.1432,-1.6666,1.1965,-1.3494
pos,946,1.1418,-1.6622,1.1963,-1.3497
pos,947,1.1404,-1.6577,1.1961,-1.3499
pos,948,1.1389,-1.6530,1.1958,-1.3502
pos,949,1.1374,-1.6482,1.1955,-1.3504
pos,950,1.1359,-1.6431,1.1953,-1.3506
pos,951,1.1343,-1.6379,1.1949,-1.3507
pos,952,1.1326,-1.6325,1.1946,-1.3509
pos,953,1.1309,-1.6268,1.1944,-1.3510
pos,954,1.1291,-1.6210,1.1942,-1.3511
pos,955,1.1273,-1.6149,1.1940,-1.3511
pos,956,1.1254,-1.6085,1.1938,-1.3511
pos,957,1.1234,-1.6019,1.1937,-1.3511
pos,958,1.1214,-1.5950,1.1936,-1.3511
pos,959,1.1194,-1.5882,1.1934,-1.3511
pos,960,1.1173,-1.5815,1.1934,-1.3510
pos,961,1.1153,-1.5747,1.1933,-1.3510
pos,962,1.1133,-1.5680,1.1934,-1.3509
pos,963,1.1112,-1.5613,1.1934,-1.3508
pos,964,1.1092,-1.5546,1.1934,-1.3506
pos,965,1.1072,-1.5479,1.1933,-1.3505
pos,966,1.1051,-1.5413,1.1932,-1.3503
pos,967,1.1031,-1.5346,1.1931,-1.3501
pos,968,1.1010,-1.5279,1.1931,-1.3499
pos,969,1.0989,-1.5213,1.1930,-1.3496
pos,970,1.0969,-1.5146,1.1930,-1.3494
pos,971,1.0948,-1.5079,1.1930,-1.3491
pos,972,1.0927,-1.5011,1.1931,-1.3488
pos,973,1.0905,-1.4944,1.1931,-1.3485
pos,974,1.0884,-1.4876,1.1930,-1.3482
pos,975,1.0863,-1.4809,1.1930,-1.3479
pos,976,1.0842,-1.4741,1.1929,-1.3476
pos,977,1.0820,-1.4673,1.1928,-1.3473
pos,978,1.0799,-1.4605,1.1927,-1.3470
pos,979,1.0777,-1.4537,1.1927,-1.3467
pos,980,1.0756,-1.4470,1.1927,-1.3463
pos,981,1.0734,-1.4402,1.1926,-1.3460
pos,982,1.0713,-1.4334,1.1924,-1.3456
pos,983,1.0691,-1.4267,1.1923,-1.3453
pos,984,1.0670,-1.4200,1.1922,-1.3449
pos,985,1.0648,-1.4133,1.1920,-1.3445
pos,986,1.0627,-1.4067,1.1919,-1.3441
pos,987,1.0606,-1.4001,1.1917,-1.3437
pos,988,1.0585,-1.3936,1.1915,-1.3432
pos,989,1.0564,-1.3871,1.1912,-1.3428
pos,990,1.0543,-1.3808,1.1910,-1.3424
pos,991,1.0523,-1.3745,1.1908,-1.3420
pos,992,1.0503,-1.3683,1.1906,-1.3415
pos,993,1.0483,-1.3622,1.1902,-1.3411
pos,994,1.0463,-1.3562,1.1900,-1.3406
pos,995,1.0444,-1.3503,1.1897,-1.3402
pos,996,1.0426,-1.3446,1.1894,-1.3397
pos,997,1.0407,-1.3391,1.1891,-1.3392
pos,998,1.0390,-1.3337,1.1888,-1.3388
pos,999,1.0373,-1.3286,1.1884,-1.3383
pos,1000,1.0356,-1.3237,1.1880,-1.3379
pos,1001,1.0340,-1.3191,1.1877,-1.3374
pos,1002,1.0326,-1.3147,1.1873,-1.3370
pos,1003,1.0311,-1.3107,1.1870,-1.3366
pos,1004,1.0298,-1.3069,1.1866,-1.3361
pos,1005,1.0286,-1.3035,1.1862,-1.3357
pos,1006,1.0275,-1.3004,1.1858,-1.3353
pos,1007,1.0264,-1.2977,1.1853,-1.3349
pos,1008,1.0255,-1.2955,1.1849,-1.3345
pos,1009,1.0248,-1.2936,1.1845,-1.3341
pos,1010,1.0241,-1.2922,1.1840,-1.3337
pos,1011,1.0236,-1.2913,1.1835,-1.3332
pos,1012,1.0232,-1.2908,1.1830,-1.3328
pos,1013,1.0229,-1.2904,1.1825,-1.3324
pos,1014,1.0226,-1.2902,1.1819,-1.3320
pos,1015,1.0224,-1.2903,1.1814,-1.3316
pos,1016,1.0223,-1.2905,1.1808,-1.3313
pos,1017,1.0223,-1.2910,1.1801,-1.3310
pos,1018,1.0223,-1.2917,1.1795,-1.3307
pos,1019,1.0224,-1.2927,1.1788,-1.3304
pos,1020,1.0226,-1.2939,1.1780,-1.3301
pos,1021,1.0229,-1.2954,1.1772,-1.3298
pos,1022,1.0233,-1.2971,1.1764,-1.3296
pos,1023,1.0237,-1.2992,1.1756,-1.3293
pos,1024,1.0243,-1.3015,1.1747,-1.3291
pos,1025,1.0249,-1.3041,1.1738,-1.3289
pos,1026,1.0256,-1.3070,1.1729,-1.3286
pos,1027,1.0264,-1.3102,1.1721,-1.3284
pos,1028,1.0273,-1.3136,1.1711,-1.3282
pos,1029,1.0283,-1.3174,1.1702,-1.3281
pos,1030,1.0294,-1.3215,1.1692,-1.3280
pos,1031,1.0305,-1.3258,1.1682,-1.3278
pos,1032,1.0318,-1.3304,1.1671,-1.3277
pos,1033,1.0331,-1.3353,1.1661,-1.3275
pos,1034,1.0345,-1.3405,1.1651,-1.3274
pos,1035,1.0360,-1.3459,1.1641,-1.3273
pos,1036,1.0376,-1.3516,1.1632,-1.3272
pos,1037,1.0392,-1.3575,1.1622,-1.3272
pos,1038,1.0409,-1.3638,1.1613,-1.3271
pos,1039,1.0427,-1.3702,1.1603,-1.3271
pos,1040,1.0445,-1.3769,1.1593,-1.3270
pos,1041,1.0464,-1.3838,1.1584,-1.3270
pos,1042,1.0484,-1.3909,1.1575,-1.3270
pos,1043,1.0504,-1.3981,1.1567,-1.3270
pos,1044,1.0524,-1.4056,1.1559,-1.3269
pos,1045,1.0545,-1.4133,1.1551,-1.3269
pos,1046,1.0567,-1.4211,1.1543,-1.3269
pos,1047,1.0589,-1.4290,1.1536,-1.3269
pos,1048,1.0611,-1.4371,1.1530,-1.3269
pos,1049,1.0634,-1.4453,1.1524,-1.3269
pos,1050,1.0657,-1.4536,1.1518,-1.3269
pos,1051,1.0680,-1.4621,1.1513,-1.3269
pos,1052,1.0703,-1.4706,1.1510,-1.3270
pos,1053,1.0727,-1.4792,1.1507,-1.3270
pos,1054,1.0751,-1.4878,1.1506,-1.3270
pos,1055,1.0775,-1.4965,1.1506,-1.3270
pos,1056,1.0799,-1.5052,1.1506,-1.3270
pos,1057,1.0823,-1.5140,1.1509,-1.3271
pos,1058,1.0848,-1.5227,1.1511,-1.3271
pos,1059,1.0872,-1.5315,1.1514,-1.3271
pos,1060,1.0896,-1.5403,1.1517,-1.3272
pos,1061,1.0921,-1.5491,1.1522,-1.3272
pos,1062,1.0945,-1.5579,1.1527,-1.3273
pos,1063,1.0969,-1.5667,1.1533,-1.3273
pos,1064,1.0994,-1.5754,1.1539,-1.3274
pos,1065,1.1018,-1.5841,1.1547,-1.3275
pos,1066,1.1041,-1.5927,1.1555,-1.3275
pos,1067,1.1065,-1.6013,1.1564,-1.3276
pos,1068,1.1088,-1.6098,1.1573,-1.3277
pos,1069,1.1111,-1.6183,1.1583,-1.3277
pos,1070,1.1134,-1.6267,1.1593,-1.3278
pos,1071,1.1157,-1.6350,1.1602,-1.3279
pos,1072,1.1179,-1.6433,1.1612,-1.3280
pos,1073,1.1200,-1.6514,1.1621,-1.3281
pos,1074,1.1222,-1.6595,1.1631,-1.3282
pos,1075,1.1242,-1.6675,1.1641,-1.3283
pos,1076,1.1263,-1.6754,1.1651,-1.3284
pos,1077,1.1282,-1.6832,1.1660,-1.3285
pos,1078,1.1302,-1.6909,1.1669,-1.3286
pos,1079,1.1321,-1.6985,1.1678,-1.3287
pos,1080,1.1339,-1.7060,1.1687,-1.3289
pos,1081,1.1357,-1.7134,1.1695,-1.3290
pos,1082,1.1374,-1.7208,1.1702,-1.3291
pos,1083,1.1390,-1.7280,1.1709,-1.3293
pos,1084,1.1406,-1.7351,1.1716,-1.3295
pos,1085,1.1421,-1.7422,1.1722,-1.3297
pos,1086,1.1435,-1.7491,1.1727,-1.3299
pos,1087,1.1449,-1.7559,1.1732,-1.3301
pos,1088,1.1461,-1.7625,1.1737,-1.3303
pos,1089,1.1473,-1.7691,1.1743,-1.3304
pos,1090,1.1484,-1.7755,1.1748,-1.3306
pos,1091,1.1494,-1.7818,1.1754,-1.3307
pos,1092,1.1503,-1.7879,1.1759,-1.3309
pos,1093,1.1511,-1.7940,1.1764,-1.3309
pos,1094,1.1517,-1.7999,1.1769,-1.3310
pos,1095,1.1523,-1.8056,1.1775,-1.3310
pos,1096,1.1527,-1.8112,1.1780,-1.3311
pos,1097,1.1530,-1.8167,1.1786,-1.3311
pos,1098,1.1531,-1.8220,1.1792,-1.3311
pos,1099,1.1531,-1.8271,1.1797,-1.3312
pos,1100,1.1529,-1.8321,1.1803,-1.3313
pos,1101,1.1528,-1.8371,1.1804,-1.3314
pos,1102,1.1529,-1.8419,1.1801,-1.3315
pos,1103,1.1531,-1.8467,1.1798,-1.3316
pos,1104,1.1533,-1.8515,1.1796,-1.3317
pos,1105,1.1536,-1.8562,1.1794,-1.3319
pos,1106,1.1540,-1.8608,1.1793,-1.3320
pos,1107,1.1544,-1.8654,1.1792,-1.3321
pos,1108,1.1548,-1.8700,1.1791,-1.3323
pos,1109,1.1552,-1.8744,1.1790,-1.3324
pos,1110,1.1556,-1.8789,1.1790,-1.3326
pos,1111,1.1560,-1.8832,1.1789,-1.3328
pos,1112,1.1564,-1.8875,1.1790,-1.3331
pos,1113,1.1568,-1.8917,1.1792,-1.3332
pos,1114,1.1571,-1.8959,1.1800,-1.3333
pos,1115,1.1574,-1.9000,1.1796,-1.3333
pos,1116,1.1578,-1.9040,1.1791,-1.3333
pos,1117,1.1580,-1.9079,1.1787,-1.3332
pos,1118,1.1582,-1.9117,1.1784,-1.3331
pos,1119,1.1583,-1.9155,1.1782,-1.3331
pos,1120,1.1583,-1.9192,1.1781,-1.3330
pos,1121,1.1582,-1.9229,1.1777,-1.3330
pos,1122,1.1580,-1.9265,1.1773,-1.3330
pos,1123,1.1576,-1.9300,1.1770,-1.3330
pos,1124,1.1571,-1.9335,1.1768,-1.3329
pos,1125,1.1565,-1.9370,1.1765,-1.3329
pos,1126,1.1557,-1.9404,1.1763,-1.3329
pos,1127,1.1548,-1.9437,1.1762,-1.3328
pos,1128,1.1536,-1.9470,1.1761,-1.3328
pos,1129,1.1523,-1.9502,1.1761,-1.3327
pos,1130,1.1509,-1.9534,1.1760,-1.3327
pos,1131,1.1492,-1.9566,1.1760,-1.3326
pos,1132,1.1473,-1.9598,1.1760,-1.3325
pos,1133,1.1452,-1.9629,1.1759,-1.3325
pos,1134,1.1429,-1.9660,1.1758,-1.3324
pos,1135,1.1404,-1.9691,1.1758,-1.3324
pos,1136,1.1376,-1.9722,1.1757,-1.3323
pos,1137,1.1346,-1.9754,1.1757,-1.3322
pos,1138,1.1312,-1.9786,1.1757,-1.3320
pos,1139,1.1275,-1.9818,1.1757,-1.3319
pos,1140,1.1236,-1.9851,1.1756,-1.3318
pos,1141,1.1193,-1.9883,1.1755,-1.3318
pos,1142,1.1148,-1.9916,1.1754,-1.3317
pos,1143,1.1101,-1.9948,1.1755,-1.3315
pos,1144,1.1050,-1.9980,1.1755,-1.3314
pos,1145,1.0997,-2.0013,1.1755,-1.3313
pos,1146,1.0941,-2.0045,1.1756,-1.3311
pos,1147,1.0882,-2.0077,1.1756,-1.3309
pos,1148,1.0820,-2.0110,1.1757,-1.3308
pos,1149,1.0755,-2.0143,1.1758,-1.3306
pos,1150,1.0688,-2.0175,1.1759,-1.3304
pos,1151,1.0617,-2.0208,1.1761,-1.3303
pos,1152,1.0543,-2.0241,1.1763,-1.3302
pos,1153,1.0466,-2.0275,1.1763,-1.3301
pos,1154,1.0386,-2.0308,1.1763,-1.3300
pos,1155,1.0303,-2.0342,1.1764,-1.3299
pos,1156,1.0217,-2.0376,1.1763,-1.3298
pos,1157,1.0128,-2.0411,1.1763,-1.3297
pos,1158,1.0036,-2.0446,1.1763,-1.3296
pos,1159,0.9941,-2.0482,1.1763,-1.3295
pos,1160,0.9843,-2.0517,1.1763,-1.3293
pos,1161,0.9742,-2.0554,1.1763,-1.3292
pos,1162,0.9639,-2.0590,1.1764,-1.3291
pos,1163,0.9533,-2.0628,1.1764,-1.3289
pos,1164,0.9424,-2.0665,1.1765,-1.3288
pos,1165,0.9312,-2.0703,1.1766,-1.3290
pos,1166,0.9197,-2.0742,1.1768,-1.3297
pos,1167,0.9079,-2.0781,1.1769,-1.3307
pos,1168,0.8959,-2.0820,1.1771,-1.3320
pos,1169,0.8836,-2.0861,1.1773,-1.3337
pos,1170,0.8710,-2.0901,1.1775,-1.3358
pos,1171,0.8582,-2.0943,1.1778,-1.3381
pos,1172,0.8451,-2.0985,1.1780,-1.3409
pos,1173,0.8318,-2.1027,1.1783,-1.3439
pos,1174,0.8182,-2.1070,1.1786,-1.3473
pos,1175,0.8044,-2.1114,1.1789,-1.3510
pos,1176,0.7903,-2.1158,1.1791,-1.3551
pos,1177,0.7760,-2.1202,1.1794,-1.3594
pos,1178,0.7615,-2.1247,1.1797,-1.3641
pos,1179,0.7469,-2.1293,1.1799,-1.3692
pos,1180,0.7320,-2.1340,1.1801,-1.3745
pos,1181,0.7170,-2.1387,1.1803,-1.3802
pos,1182,0.7017,-2.1435,1.1805,-1.3862
pos,1183,0.6864,-2.1483,1.1806,-1.3924
pos,1184,0.6708,-2.1532,1.1807,-1.3990
pos,1185,0.6552,-2.1582,1.1808,-1.4059
pos,1186,0.6394,-2.1632,1.1809,-1.4131
pos,1187,0.6235,-2.1684,1.1811,-1.4206
pos,1188,0.6072,-2.1734,1.1813,-1.4283
pos,1189,0.5905,-2.1784,1.1815,-1.4363
pos,1190,0.5734,-2.1834,1.1817,-1.4446
pos,1191,0.5560,-2.1883,1.1819,-1.4532
pos,1192,0.5382,-2.1931,1.1821,-1.4621
pos,1193,0.5201,-2.1979,1.1823,-1.4712
pos,1194,0.5017,-2.2027,1.1824,-1.4806
pos,1195,0.4830,-2.2074,1.1826,-1.4902
pos,1196,0.4641,-2.2121,1.1828,-1.5001
pos,1197,0.4448,-2.2167,1.1829,-1.5103
pos,1198,0.4254,-2.2213,1.1830,-1.5203
pos,1199,0.4056,-2.2258,1.1832,-1.5301
pos,1200,0.3857,-2.2303,1.1833,-1.5398
pos,1201,0.3655,-2.2348,1.1834,-1.5494
pos,1202,0.3451,-2.2391,1.1835,-1.5588
pos,1203,0.3245,-2.2435,1.1835,-1.5681
pos,1204,0.3036,-2.2478,1.1836,-1.5773
pos,1205,0.2826,-2.2520,1.1837,-1.5864
pos,1206,0.2613,-2.2562,1.1837,-1.5953
pos,1207,0.2399,-2.2603,1.1837,-1.6041
pos,1208,0.2183,-2.2643,1.1837,-1.6129
pos,1209,0.1965,-2.2682,1.1836,-1.6215
pos,1210,0.1746,-2.2721,1.1836,-1.6300
pos,1211,0.1525,-2.2758,1.1836,-1.6384
pos,1212,0.1302,-2.2795,1.1836,-1.6466
pos,1213,0.1078,-2.2832,1.1836,-1.6548
pos,1214,0.0852,-2.2867,1.1837,-1.6627
pos,1215,0.0626,-2.2901,1.1838,-1.6706
pos,1216,0.0398,-2.2934,1.1839,-1.6783
pos,1217,0.0169,-2.2966,1.1841,-1.6860
pos,1218,-0.0060,-2.2997,1.1843,-1.6934
pos,1219,-0.0291,-2.3027,1.1846,-1.7008
pos,1220,-0.0522,-2.3056,1.1849,-1.7081
pos,1221,-0.0754,-2.3084,1.1852,-1.7153
pos,1222,-0.0986,-2.3110,1.1855,-1.7224
pos,1223,-0.1219,-2.3135,1.1858,-1.7294
pos,1224,-0.1453,-2.3158,1.1862,-1.7363
pos,1225,-0.1686,-2.3181,1.1865,-1.7432
pos,1226,-0.1920,-2.3201,1.1869,-1.7503
pos,1227,-0.2153,-2.3220,1.1872,-1.7578
pos,1228,-0.2387,-2.3238,1.1876,-1.7655
pos,1229,-0.2620,-2.3255,1.1879,-1.7735
pos,1230,-0.2853,-2.3270,1.1883,-1.7819
pos,1231,-0.3085,-2.3283,1.1886,-1.7904
pos,1232,-0.3316,-2.3295,1.1889,-1.7993
pos,1233,-0.3547,-2.3305,1.1891,-1.8085
pos,1234,-0.3776,-2.3314,1.1894,-1.8179
pos,1235,-0.4005,-2.3322,1.1896,-1.8276
pos,1236,-0.4232,-2.3327,1.1898,-1.8375
pos,1237,-0.4458,-2.3332,1.1900,-1.8478
pos,1238,-0.4683,-2.3335,1.1902,-1.8582
pos,1239,-0.4906,-2.3336,1.1903,-1.8690
pos,1240,-0.5127,-2.3336,1.1905,-1.8800
pos,1241,-0.5347,-2.3335,1.1906,-1.8912
pos,1242,-0.5565,-2.3332,1.1908,-1.9027
pos,1243,-0.5781,-2.3328,1.1909,-1.9145
pos,1244,-0.5995,-2.3322,1.1910,-1.9265
pos,1245,-0.6208,-2.3315,1.1911,-1.9387
pos,1246,-0.6418,-2.3307,1.1912,-1.9513
pos,1247,-0.6626,-2.3297,1.1913,-1.9640
pos,1248,-0.6832,-2.3286,1.1915,-1.9770
pos,1249,-0.7036,-2.3274,1.1916,-1.9902
pos,1250,-0.7237,-2.3260,1.1916,-2.0037
pos,1251,-0.7436,-2.3246,1.1917,-2.0174
pos,1252,-0.7633,-2.3230,1.1917,-2.0313
pos,1253,-0.7828,-2.3213,1.1917,-2.0455
pos,1254,-0.8020,-2.3195,1.1917,-2.0599
pos,1255,-0.8210,-2.3176,1.1916,-2.0745
pos,1256,-0.8398,-2.3156,1.1915,-2.0893
pos,1257,-0.8583,-2.3135,1.1914,-2.1044
pos,1258,-0.8766,-2.3113,1.1912,-2.1197
pos,1259,-0.8946,-2.3090,1.1910,-2.1352
pos,1260,-0.9124,-2.3066,1.1907,-2.1510
pos,1261,-0.9300,-2.3041,1.1904,-2.1669
pos,1262,-0.9473,-2.3015,1.1901,-2.1831
pos,1263,-0.9644,-2.2988,1.1898,-2.1995
pos,1264,-0.9812,-2.2960,1.1896,-2.2161
pos,1265,-0.9978,-2.2932,1.1894,-2.2329
pos,1266,-1.0142,-2.2902,1.1892,-2.2499
pos,1267,-1.0304,-2.2872,1.1890,-2.2670
pos,1268,-1.0463,-2.2841,1.1889,-2.2844
pos,1269,-1.0620,-2.2810,1.1888,-2.3019
pos,1270,-1.0774,-2.2777,1.1887,-2.3196
pos,1271,-1.0927,-2.2744,1.1887,-2.3375
pos,1272,-1.1076,-2.2711,1.1887,-2.3555
pos,1273,-1.1224,-2.2676,1.1886,-2.3737
pos,1274,-1.1369,-2.2642,1.1886,-2.3921
pos,1275,-1.1512,-2.2606,1.1886,-2.4106
pos,1276,-1.1653,-2.2570,1.1886,-2.4289
pos,1277,-1.1791,-2.2534,1.1886,-2.4469
pos,1278,-1.1928,-2.2497,1.1886,-2.4647
pos,1279,-1.2062,-2.2460,1.1885,-2.4823
pos,1280,-1.2194,-2.2423,1.1885,-2.4996
pos,1281,-1.2323,-2.2385,1.1885,-2.5167
pos,1282,-1.2451,-2.2347,1.1884,-2.5336
pos,1283,-1.2577,-2.2309,1.1883,-2.5501
pos,1284,-1.2700,-2.2270,1.1883,-2.5665
pos,1285,-1.2822,-2.2232,1.1882,-2.5826
pos,1286,-1.2942,-2.2194,1.1882,-2.5984
pos,1287,-1.3060,-2.2155,1.1881,-2.6140
pos,1288,-1.3177,-2.2117,1.1881,-2.6294
pos,1289,-1.3291,-2.2078,1.1881,-2.6445
pos,1290,-1.3404,-2.2040,1.1881,-2.6593
pos,1291,-1.3516,-2.2002,1.1882,-2.6739
pos,1292,-1.3627,-2.1964,1.1883,-2.6883
pos,1293,-1.3737,-2.1925,1.1884,-2.7024
pos,1294,-1.3842,-2.1886,1.1885,-2.7163
pos,1295,-1.3944,-2.1846,1.1886,-2.7299
pos,1296,-1.4041,-2.1805,1.1888,-2.7437
pos,1297,-1.4135,-2.1763,1.1890,-2.7576
pos,1298,-1.4225,-2.1720,1.1893,-2.7717
pos,1299,-1.4311,-2.1677,1.1895,-2.7860
pos,1300,-1.4393,-2.1633,1.1898,-2.8004
pos,1301,-1.4472,-2.1589,1.1901,-2.8150
pos,1302,-1.4548,-2.1544,1.1905,-2.8297
pos,1303,-1.4620,-2.1500,1.1908,-2.8446
pos,1304,-1.4688,-2.1455,1.1912,-2.8596
pos,1305,-1.4753,-2.1410,1.1915,-2.8748
pos,1306,-1.4815,-2.1365,1.1920,-2.8902
pos,1307,-1.4873,-2.1320,1.1924,-2.9057
pos,1308,-1.4927,-2.1275,1.1928,-2.9213
pos,1309,-1.4979,-2.1231,1.1933,-2.9371
pos,1310,-1.5027,-2.1187,1.1937,-2.9531
pos,1311,-1.5072,-2.1143,1.1941,-2.9692
pos,1312,-1.5113,-2.1099,1.1946,-2.9855
pos,1313,-1.5151,-2.1056,1.1950,-3.0019
pos,1314,-1.5185,-2.1013,1.1955,-3.0185
pos,1315,-1.5216,-2.0971,1.1959,-3.0352
pos,1316,-1.5243,-2.0929,1.1964,-3.0521
pos,1317,-1.5267,-2.0888,1.1968,-3.0692
pos,1318,-1.5287,-2.0848,1.1971,-3.0864
pos,1319,-1.5304,-2.0808,1.1975,-3.1037
pos,1320,-1.5317,-2.0769,1.1978,-3.1212
pos,1321,-1.5326,-2.0730,1.1981,-3.1389
pos,1322,-1.5332,-2.0693,1.1985,-3.1568
pos,1323,-1.5334,-2.0656,1.1990,-3.1748
pos,1324,-1.5332,-2.0620,1.1995,-3.1929
pos,1325,-1.5326,-2.0586,1.2001,-3.2109
pos,1326,-1.5317,-2.0554,1.2008,-3.2286
pos,1327,-1.5304,-2.0523,1.2014,-3.2460
pos,1328,-1.5287,-2.0493,1.2020,-3.2631
pos,1329,-1.5266,-2.0464,1.2026,-3.2800
pos,1330,-1.5241,-2.0437,1.2032,-3.2967
pos,1331,-1.5212,-2.0411,1.2039,-3.3132
pos,1332,-1.5179,-2.0387,1.2046,-3.3294
pos,1333,-1.5142,-2.0364,1.2053,-3.3454
pos,1334,-1.5101,-2.0342,1.2060,-3.3611
pos,1335,-1.5055,-2.0322,1.2067,-3.3767
pos,1336,-1.5005,-2.0305,1.2074,-3.3920
pos,1337,-1.4951,-2.0288,1.2081,-3.4072
pos,1338,-1.4891,-2.0274,1.2088,-3.4221
pos,1339,-1.4827,-2.0262,1.2096,-3.4369
pos,1340,-1.4762,-2.0251,1.2104,-3.4515
pos,1341,-1.4694,-2.0241,1.2111,-3.4659
pos,1342,-1.4626,-2.0232,1.2119,-3.4800
pos,1343,-1.4555,-2.0225,1.2127,-3.4940
pos,1344,-1.4482,-2.0219,1.2135,-3.5077
pos,1345,-1.4407,-2.0213,1.2144,-3.5212
pos,1346,-1.4330,-2.0210,1.2153,-3.5345
pos,1347,-1.4251,-2.0207,1.2161,-3.5475
pos,1348,-1.4170,-2.0206,1.2171,-3.5604
pos,1349,-1.4086,-2.0206,1.2180,-3.5730
pos,1350,-1.4000,-2.0208,1.2188,-3.5855
pos,1351,-1.3912,-2.0211,1.2195,-3.5978
pos,1352,-1.3821,-2.0215,1.2203,-3.6099
pos,1353,-1.3728,-2.0221,1.2210,-3.6219
pos,1354,-1.3633,-2.0228,1.2217,-3.6337
pos,1355,-1.3536,-2.0237,1.2224,-3.6453
pos,1356,-1.3436,-2.0247,1.2229,-3.6568
pos,1357,-1.3335,-2.0259,1.2235,-3.6680
pos,1358,-1.3231,-2.0272,1.2239,-3.6792
pos,1359,-1.3126,-2.0287,1.2243,-3.6901
pos,1360,-1.3018,-2.0303,1.2246,-3.7010
pos,1361,-1.2909,-2.0321,1.2247,-3.7118
pos,1362,-1.2798,-2.0341,1.2249,-3.7224
pos,1363,-1.2685,-2.0362,1.2251,-3.7328
pos,1364,-1.2571,-2.0384,1.2252,-3.7432
pos,1365,-1.2456,-2.0408,1.2253,-3.7533
pos,1366,-1.2340,-2.0434,1.2253,-3.7634
pos,1367,-1.2222,-2.0461,1.2253,-3.7732
pos,1368,-1.2103,-2.0490,1.2251,-3.7830
pos,1369,-1.1984,-2.0520,1.2250,-3.7926
pos,1370,-1.1864,-2.0552,1.2248,-3.8022
pos,1371,-1.1743,-2.0585,1.2246,-3.8116
pos,1372,-1.1622,-2.0619,1.2243,-3.8210
pos,1373,-1.1501,-2.0655,1.2240,-3.8303
pos,1374,-1.1379,-2.0692,1.2237,-3.8395
pos,1375,-1.1258,-2.0730,1.2234,-3.8486
pos,1376,-1.1136,-2.0769,1.2230,-3.8577
pos,1377,-1.1015,-2.0810,1.2227,-3.8667
pos,1378,-1.0894,-2.0851,1.2222,-3.8757
pos,1379,-1.0773,-2.0894,1.2217,-3.8846
pos,1380,-1.0653,-2.0938,1.2212,-3.8934
pos,1381,-1.0533,-2.0982,1.2206,-3.9023
pos,1382,-1.0414,-2.1028,1.2199,-3.9111
pos,1383,-1.0295,-2.1074,1.2191,-3.9198
pos,1384,-1.0177,-2.1121,1.2188,-3.9286
pos,1385,-1.0060,-2.1168,1.2183,-3.9374
pos,1386,-0.9944,-2.1217,1.2178,-3.9461
pos,1387,-0.9829,-2.1266,1.2173,-3.9545
pos,1388,-0.9715,-2.1315,1.2167,-3.9625
pos,1389,-0.9602,-2.1366,1.2160,-3.9701
pos,1390,-0.9490,-2.1417,1.2154,-3.9774
pos,1391,-0.9378,-2.1468,1.2146,-3.9844
pos,1392,-0.9268,-2.1520,1.2138,-3.9910
pos,1393,-0.9159,-2.1573,1.2134,-3.9973
pos,1394,-0.9051,-2.1626,1.2129,-4.0032
pos,1395,-0.8945,-2.1679,1.2123,-4.0089
pos,1396,-0.8839,-2.1733,1.2118,-4.0142
pos,1397,-0.8735,-2.1788,1.2112,-4.0193
pos,1398,-0.8632,-2.1843,1.2105,-4.0241
pos,1399,-0.8530,-2.1898,1.2098,-4.0287
pos,1400,-0.8429,-2.1953,1.2090,-4.0330
pos,1401,-0.8329,-2.2009,1.2083,-4.0371
pos,1402,-0.8231,-2.2065,1.2075,-4.0410
pos,1403,-0.8134,-2.2122,1.2068,-4.0446
pos,1404,-0.8038,-2.2179,1.2060,-4.0480
pos,1405,-0.7944,-2.2236,1.2053,-4.0512
pos,1406,-0.7851,-2.2293,1.2045,-4.0542
pos,1407,-0.7759,-2.2350,1.2037,-4.0569
pos,1408,-0.7669,-2.2408,1.2028,-4.0595
pos,1409,-0.7580,-2.2466,1.2019,-4.0618
pos,1410,-0.7492,-2.2524,1.2011,-4.0639
pos,1411,-0.7406,-2.2582,1.2002,-4.0658
pos,1412,-0.7321,-2.2640,1.1994,-4.0674
pos,1413,-0.7237,-2.2699,1.1985,-4.0689
pos,1414,-0.7155,-2.2757,1.1976,-4.0701
pos,1415,-0.7074,-2.2816,1.1968,-4.0712
pos,1416,-0.6994,-2.2875,1.1959,-4.0720
pos,1417,-0.6916,-2.2934,1.1950,-4.0725
pos,1418,-0.6839,-2.2993,1.1942,-4.0730
pos,1419,-0.6763,-2.3052,1.1934,-4.0732
pos,1420,-0.6689,-2.3111,1.1926,-4.0732
pos,1421,-0.6615,-2.3170,1.1919,-4.0730
pos,1422,-0.6544,-2.3229,1.1913,-4.0726
pos,1423,-0.6473,-2.3288,1.1907,-4.0720
pos,1424,-0.6404,-2.3347,1.1902,-4.0712
pos,1425,-0.6336,-2.3405,1.1897,-4.0701
pos,1426,-0.6269,-2.3464,1.1891,-4.0688
pos,1427,-0.6204,-2.3523,1.1886,-4.0672
pos,1428,-0.6139,-2.3581,1.1881,-4.0655
pos,1429,-0.6076,-2.3640,1.1877,-4.0639
pos,1430,-0.6014,-2.3699,1.1873,-4.0624
pos,1431,-0.5953,-2.3757,1.1871,-4.0612
pos,1432,-0.5893,-2.3816,1.1870,-4.0600
pos,1433,-0.5834,-2.3874,1.1869,-4.0590
pos,1434,-0.5776,-2.3933,1.1869,-4.0581
pos,1435,-0.5720,-2.3991,1.1870,-4.0572
pos,1436,-0.5664,-2.4049,1.1871,-4.0565
pos,1437,-0.5610,-2.4108,1.1873,-4.0558
pos,1438,-0.5556,-2.4166,1.1876,-4.0552
pos,1439,-0.5504,-2.4224,1.1880,-4.0547
pos,1440,-0.5453,-2.4282,1.1884,-4.0541
pos,1441,-0.5402,-2.4340,1.1888,-4.0535
pos,1442,-0.5353,-2.4398,1.1892,-4.0530
pos,1443,-0.5305,-2.4456,1.1896,-4.0524
pos,1444,-0.5258,-2.4514,1.1900,-4.0518
pos,1445,-0.5211,-2.4572,1.1904,-4.0511
pos,1446,-0.5166,-2.4629,1.1909,-4.0504
pos,1447,-0.5121,-2.4687,1.1914,-4.0497
pos,1448,-0.5078,-2.4745,1.1919,-4.0489
pos,1449,-0.5035,-2.4802,1.1925,-4.0479
pos,1450,-0.4993,-2.4860,1.1930,-4.0469
pos,1451,-0.4953,-2.4917,1.1934,-4.0457
pos,1452,-0.4913,-2.4974,1.1940,-4.0445
pos,1453,-0.4873,-2.5031,1.1945,-4.0432
pos,1454,-0.4835,-2.5088,1.1951,-4.0419
pos,1455,-0.4797,-2.5144,1.1957,-4.0406
pos,1456,-0.4760,-2.5201,1.1964,-4.0392
pos,1457,-0.4723,-2.5257,1.1970,-4.0378
pos,1458,-0.4687,-2.5313,1.1975,-4.0362
pos,1459,-0.4652,-2.5369,1.1980,-4.0346
pos,1460,-0.4618,-2.5425,1.1985,-4.0330
pos,1461,-0.4584,-2.5481,1.1990,-4.0313
pos,1462,-0.4550,-2.5536,1.1995,-4.0295
pos,1463,-0.4517,-2.5591,1.2001,-4.0278
pos,1464,-0.4485,-2.5646,1.2006,-4.0261
pos,1465,-0.4453,-2.5701,1.2012,-4.0243
pos,1466,-0.4421,-2.5756,1.2017,-4.0225
pos,1467,-0.4390,-2.5810,1.2022,-4.0207
pos,1468,-0.4359,-2.5865,1.2026,-4.0189
pos,1469,-0.4329,-2.5919,1.2030,-4.0170
pos,1470,-0.4299,-2.5973,1.2033,-4.0152
pos,1471,-0.4269,-2.6027,1.2037,-4.0133
pos,1472,-0.4239,-2.6081,1.2041,-4.0115
pos,1473,-0.4209,-2.6135,1.2045,-4.0097
pos,1474,-0.4181,-2.6186,1.2049,-4.0079
pos,1475,-0.4155,-2.6236,1.2053,-4.0061
pos,1476,-0.4131,-2.6282,1.2056,-4.0043
pos,1477,-0.4109,-2.6327,1.2060,-4.0026
pos,1478,-0.4088,-2.6370,1.2064,-4.0008
pos,1479,-0.4070,-2.6411,1.2068,-3.9991
pos,1480,-0.4052,-2.6449,1.2071,-3.9974
pos,1481,-0.4037,-2.6486,1.2074,-3.9957
pos,1482,-0.4023,-2.6521,1.2076,-3.9940
pos,1483,-0.4010,-2.6554,1.2078,-3.9923
pos,1484,-0.3998,-2.6586,1.2080,-3.9906
pos,1485,-0.3989,-2.6616,1.2081,-3.9889
pos,1486,-0.3980,-2.6644,1.2082,-3.9873
pos,1487,-0.3973,-2.6670,1.2082,-3.9856
pos,1488,-0.3967,-2.6695,1.2081,-3.9839
pos,1489,-0.3962,-2.6718,1.2082,-3.9823
pos,1490,-0.3959,-2.6740,1.2082,-3.9807
pos,1491,-0.3957,-2.6759,1.2083,-3.9792
pos,1492,-0.3957,-2.6778,1.2084,-3.9776
pos,1493,-0.3958,-2.6794,1.2084,-3.9761
pos,1494,-0.3960,-2.6809,1.2084,-3.9746
pos,1495,-0.3964,-2.6823,1.2084,-3.9731
pos,1496,-0.3969,-2.6835,1.2084,-3.9717
pos,1497,-0.3976,-2.6845,1.2083,-3.9702
pos,1498,-0.3984,-2.6854,1.2082,-3.9688
pos,1499,-0.3993,-2.6861,1.2081,-3.9674
pos,1500,-0.4004,-2.6866,1.2079,-3.9660
pos,1501,-0.4017,-2.6870,1.2079,-3.9647
pos,1502,-0.4031,-2.6872,1.2078,-3.9634
pos,1503,-0.4046,-2.6872,1.2077,-3.9622
pos,1504,-0.4064,-2.6871,1.2077,-3.9610
pos,1505,-0.4083,-2.6867,1.2077,-3.9599
pos,1506,-0.4103,-2.6862,1.2077,-3.9588
pos,1507,-0.4126,-2.6855,1.2077,-3.9578
pos,1508,-0.4150,-2.6846,1.2077,-3.9568
pos,1509,-0.4176,-2.6834,1.2077,-3.9558
pos,1510,-0.4204,-2.6821,1.2078,-3.9549
pos,1511,-0.4233,-2.6806,1.2079,-3.9541
pos,1512,-0.4265,-2.6788,1.2080,-3.9533
pos,1513,-0.4299,-2.6769,1.2082,-3.9525
pos,1514,-0.4334,-2.6747,1.2084,-3.9518
pos,1515,-0.4372,-2.6723,1.2085,-3.9511
pos,1516,-0.4412,-2.6697,1.2086,-3.9505
pos,1517,-0.4454,-2.6668,1.2087,-3.9498
pos,1518,-0.4498,-2.6638,1.2087,-3.9492
pos,1519,-0.4544,-2.6604,1.2087,-3.9487
pos,1520,-0.4593,-2.6569,1.2087,-3.9482
pos,1521,-0.4644,-2.6531,1.2087,-3.9478
pos,1522,-0.4697,-2.6490,1.2087,-3.9474
pos,1523,-0.4752,-2.6447,1.2088,-3.9471
pos,1524,-0.4810,-2.6401,1.2088,-3.9468
pos,1525,-0.4871,-2.6352,1.2089,-3.9466
pos,1526,-0.4934,-2.6301,1.2089,-3.9464
pos,1527,-0.5000,-2.6247,1.2089,-3.9464
pos,1528,-0.5068,-2.6190,1.2089,-3.9463
pos,1529,-0.5139,-2.6130,1.2089,-3.9463
pos,1530,-0.5213,-2.6067,1.2089,-3.9460
pos,1531,-0.5290,-2.6000,1.2089,-3.9454
pos,1532,-0.5368,-2.5933,1.2088,-3.9444
pos,1533,-0.5446,-2.5866,1.2088,-3.9431
pos,1534,-0.5525,-2.5797,1.2087,-3.9415
pos,1535,-0.5605,-2.5727,1.2087,-3.9397
pos,1536,-0.5687,-2.5656,1.2086,-3.9375
pos,1537,-0.5769,-2.5585,1.2086,-3.9350
pos,1538,-0.5853,-2.5511,1.2086,-3.9322
pos,1539,-0.5938,-2.5437,1.2086,-3.9291
pos,1540,-0.6025,-2.5361,1.2086,-3.9257
pos,1541,-0.6113,-2.5285,1.2087,-3.9220
pos,1542,-0.6203,-2.5206,1.2087,-3.9181
pos,1543,-0.6294,-2.5127,1.2088,-3.9138
pos,1544,-0.6387,-2.5045,1.2089,-3.9093
pos,1545,-0.6481,-2.4963,1.2090,-3.9048
pos,1546,-0.6577,-2.4879,1.2092,-3.9004
pos,1547,-0.6675,-2.4793,1.2094,-3.8962
pos,1548,-0.6774,-2.4706,1.2096,-3.8920
pos,1549,-0.6875,-2.4617,1.2099,-3.8878
pos,1550,-0.6978,-2.4528,1.2101,-3.8838
pos,1551,-0.7082,-2.4436,1.2104,-3.8798
pos,1552,-0.7187,-2.4344,1.2107,-3.8759
pos,1553,-0.7294,-2.4250,1.2111,-3.8720
pos,1554,-0.7403,-2.4154,1.2114,-3.8682
pos,1555,-0.7512,-2.4058,1.2118,-3.8645
pos,1556,-0.7624,-2.3959,1.2122,-3.8608
pos,1557,-0.7736,-2.3860,1.2125,-3.8572
pos,1558,-0.7850,-2.3759,1.2129,-3.8536
pos,1559,-0.7965,-2.3657,1.2133,-3.8500
pos,1560,-0.8081,-2.3554,1.2136,-3.8465
pos,1561,-0.8199,-2.3449,1.2140,-3.8430
pos,1562,-0.8317,-2.3344,1.2143,-3.8395
pos,1563,-0.8437,-2.3237,1.2146,-3.8361
pos,1564,-0.8558,-2.3129,1.2151,-3.8326
pos,1565,-0.8679,-2.3020,1.2157,-3.8293
pos,1566,-0.8802,-2.2911,1.2166,-3.8259
pos,1567,-0.8925,-2.2800,1.2174,-3.8225
pos,1568,-0.9049,-2.2689,1.2182,-3.8192
pos,1569,-0.9174,-2.2577,1.2190,-3.8159
pos,1570,-0.9300,-2.2465,1.2197,-3.8127
pos,1571,-0.9425,-2.2351,1.2205,-3.8094
pos,1572,-0.9552,-2.2238,1.2212,-3.8062
pos,1573,-0.9678,-2.2124,1.2219,-3.8031
pos,1574,-0.9805,-2.2010,1.2227,-3.7999
pos,1575,-0.9932,-2.1895,1.2234,-3.7968
pos,1576,-1.0059,-2.1781,1.2241,-3.7938
pos,1577,-1.0187,-2.1666,1.2248,-3.7908
pos,1578,-1.0314,-2.1551,1.2255,-3.7878
pos,1579,-1.0441,-2.1437,1.2262,-3.7848
pos,1580,-1.0568,-2.1323,1.2268,-3.7819
pos,1581,-1.0694,-2.1209,1.2275,-3.7790
pos,1582,-1.0820,-2.1095,1.2281,-3.7762
pos,1583,-1.0946,-2.0982,1.2286,-3.7734
pos,1584,-1.1072,-2.0869,1.2292,-3.7706
pos,1585,-1.1196,-2.0757,1.2297,-3.7678
pos,1586,-1.1321,-2.0645,1.2302,-3.7651
pos,1587,-1.1446,-2.0533,1.2305,-3.7624
pos,1588,-1.1571,-2.0422,1.2308,-3.7597
pos,1589,-1.1694,-2.0311,1.2309,-3.7570
pos,1590,-1.1817,-2.0202,1.2309,-3.7544
pos,1591,-1.1939,-2.0093,1.2310,-3.7518
pos,1592,-1.2060,-1.9985,1.2311,-3.7492
pos,1593,-1.2181,-1.9879,1.2313,-3.7467
pos,1594,-1.2300,-1.9773,1.2314,-3.7442
pos,1595,-1.2419,-1.9668,1.2315,-3.7418
pos,1596,-1.2537,-1.9564,1.2316,-3.7394
pos,1597,-1.2654,-1.9461,1.2318,-3.7370
pos,1598,-1.2771,-1.9359,1.2319,-3.7347
pos,1599,-1.2886,-1.9258,1.2320,-3.7324
pos,1600,-1.3000,-1.9159,1.2320,-3.7301
pos,1601,-1.3114,-1.9061,1.2321,-3.7279
pos,1602,-1.3226,-1.8964,1.2320,-3.7257
pos,1603,-1.3337,-1.8868,1.2320,-3.7236
pos,1604,-1.3448,-1.8773,1.2318,-3.7215
pos,1605,-1.3557,-1.8680,1.2317,-3.7194
pos,1606,-1.3665,-1.8587,1.2315,-3.7174
pos,1607,-1.3773,-1.8496,1.2313,-3.7154
pos,1608,-1.3879,-1.8407,1.2311,-3.7135
pos,1609,-1.3984,-1.8318,1.2309,-3.7115
pos,1610,-1.4088,-1.8231,1.2307,-3.7097
pos,1611,-1.4190,-1.8146,1.2305,-3.7078
pos,1612,-1.4292,-1.8061,1.2302,-3.7060
pos,1613,-1.4392,-1.7979,1.2299,-3.7042
pos,1614,-1.4491,-1.7897,1.2296,-3.7024
pos,1615,-1.4588,-1.7817,1.2293,-3.7007
pos,1616,-1.4685,-1.7738,1.2290,-3.6990
pos,1617,-1.4781,-1.7660,1.2287,-3.6973
pos,1618,-1.4875,-1.7584,1.2285,-3.6957
pos,1619,-1.4968,-1.7509,1.2284,-3.6941
pos,1620,-1.5060,-1.7436,1.2283,-3.6925
pos,1621,-1.5151,-1.7364,1.2281,-3.6909
pos,1622,-1.5241,-1.7293,1.2277,-3.6893
pos,1623,-1.5329,-1.7223,1.2273,-3.6877
pos,1624,-1.5416,-1.7155,1.2268,-3.6861
pos,1625,-1.5502,-1.7088,1.2262,-3.6845
pos,1626,-1.5586,-1.7023,1.2257,-3.6828
pos,1627,-1.5670,-1.6958,1.2251,-3.6812
pos,1628,-1.5752,-1.6896,1.2244,-3.6796
pos,1629,-1.5833,-1.6834,1.2238,-3.6780
pos,1630,-1.5913,-1.6773,1.2232,-3.6764
pos,1631,-1.5992,-1.6714,1.2227,-3.6748
pos,1632,-1.6070,-1.6656,1.2221,-3.6732
pos,1633,-1.6147,-1.6600,1.2216,-3.6716
pos,1634,-1.6222,-1.6544,1.2211,-3.6700
pos,1635,-1.6297,-1.6490,1.2207,-3.6684
pos,1636,-1.6371,-1.6437,1.2204,-3.6669
pos,1637,-1.6443,-1.6384,1.2201,-3.6654
pos,1638,-1.6515,-1.6333,1.2198,-3.6639
pos,1639,-1.6586,-1.6283,1.2196,-3.6624
pos,1640,-1.6657,-1.6235,1.2194,-3.6610
pos,1641,-1.6726,-1.6187,1.2193,-3.6596
pos,1642,-1.6795,-1.6140,1.2193,-3.6582
pos,1643,-1.6863,-1.6094,1.2193,-3.6569
pos,1644,-1.6930,-1.6049,1.2193,-3.6556
pos,1645,-1.6997,-1.6005,1.2194,-3.6543
pos,1646,-1.7063,-1.5962,1.2196,-3.6530
pos,1647,-1.7128,-1.5920,1.2198,-3.6518
pos,1648,-1.7192,-1.5878,1.2202,-3.6505
pos,1649,-1.7256,-1.5838,1.2205,-3.6494
pos,1650,-1.7318,-1.5798,1.2209,-3.6483
pos,1651,-1.7380,-1.5759,1.2214,-3.6472
pos,1652,-1.7442,-1.5721,1.2220,-3.6462
pos,1653,-1.7502,-1.5684,1.2227,-3.6453
pos,1654,-1.7562,-1.5647,1.2236,-3.6443
pos,1655,-1.7621,-1.5611,1.2246,-3.6435
pos,1656,-1.7678,-1.5576,1.2257,-3.6426
pos,1657,-1.7735,-1.5542,1.2270,-3.6418
pos,1658,-1.7792,-1.5508,1.2283,-3.6410
pos,1659,-1.7847,-1.5475,1.2299,-3.6403
pos,1660,-1.7901,-1.5442,1.2315,-3.6396
pos,1661,-1.7954,-1.5410,1.2331,-3.6389
pos,1662,-1.8006,-1.5379,1.2348,-3.6383
pos,1663,-1.8057,-1.5349,1.2365,-3.6377
pos,1664,-1.8107,-1.5319,1.2382,-3.6372
pos,1665,-1.8155,-1.5290,1.2398,-3.6367
pos,1666,-1.8203,-1.5262,1.2414,-3.6362
pos,1667,-1.8249,-1.5235,1.2429,-3.6357
pos,1668,-1.8294,-1.5208,1.2445,-3.6353
pos,1669,-1.8338,-1.5182,1.2462,-3.6349
pos,1670,-1.8381,-1.5156,1.2480,-3.6346
pos,1671,-1.8423,-1.5131,1.2499,-3.6342
pos,1672,-1.8463,-1.5107,1.2519,-3.6339
pos,1673,-1.8503,-1.5083,1.2539,-3.6337
pos,1674,-1.8541,-1.5060,1.2560,-3.6334
pos,1675,-1.8577,-1.5038,1.2580,-3.6332
pos,1676,-1.8613,-1.5016,1.2601,-3.6330
pos,1677,-1.8647,-1.4995,1.2622,-3.6328
pos,1678,-1.8680,-1.4975,1.2645,-3.6325
pos,1679,-1.8712,-1.4955,1.2668,-3.6323
pos,1680,-1.8743,-1.4936,1.2691,-3.6321
pos,1681,-1.8773,-1.4917,1.2715,-3.6319
pos,1682,-1.8802,-1.4899,1.2741,-3.6317
pos,1683,-1.8829,-1.4882,1.2767,-3.6315
pos,1684,-1.8855,-1.4865,1.2793,-3.6314
pos,1685,-1.8881,-1.4848,1.2819,-3.6313
pos,1686,-1.8905,-1.4832,1.2847,-3.6312
pos,1687,-1.8928,-1.4817,1.2875,-3.6311
pos,1688,-1.8950,-1.4802,1.2904,-3.6310
pos,1689,-1.8971,-1.4787,1.2933,-3.6310
pos,1690,-1.8992,-1.4774,1.2964,-3.6310
pos,1691,-1.9011,-1.4760,1.2996,-3.6310
pos,1692,-1.9029,-1.4747,1.3029,-3.6310
pos,1693,-1.9047,-1.4735,1.3064,-3.6309
pos,1694,-1.9063,-1.4723,1.3100,-3.6310
pos,1695,-1.9080,-1.4712,1.3138,-3.6308
pos,1696,-1.9095,-1.4701,1.3180,-3.6307
pos,1697,-1.9110,-1.4691,1.3223,-3.6306
pos,1698,-1.9124,-1.4681,1.3267,-3.6305
pos,1699,-1.9138,-1.4672,1.3314,-3.6304
pos,1700,-1.9151,-1.4664,1.3362,-3.6303
pos,1701,-1.9163,-1.4655,1.3412,-3.6303
pos,1702,-1.9175,-1.4647,1.3464,-3.6302
pos,1703,-1.9186,-1.4640,1.3519,-3.6302
pos,1704,-1.9196,-1.4633,1.3575,-3.6302
pos,1705,-1.9207,-1.4627,1.3633,-3.6302
pos,1706,-1.9217,-1.4621,1.3693,-3.6302
pos,1707,-1.9226,-1.4615,1.3754,-3.6301
pos,1708,-1.9235,-1.4610,1.3816,-3.6301
pos,1709,-1.9243,-1.4606,1.3879,-3.6301
pos,1710,-1.9252,-1.4602,1.3949,-3.6301
pos,1711,-1.9259,-1.4598,1.4028,-3.6301
pos,1712,-1.9267,-1.4594,1.4107,-3.6301
pos,1713,-1.9274,-1.4591,1.4188,-3.6301
pos,1714,-1.9280,-1.4588,1.4269,-3.6301
pos,1715,-1.9287,-1.4586,1.4352,-3.6302
pos,1716,-1.9292,-1.4584,1.4437,-3.6302
pos,1717,-1.9297,-1.4582,1.4523,-3.6302
pos,1718,-1.9302,-1.4581,1.4611,-3.6303
pos,1719,-1.9307,-1.4580,1.4700,-3.6303
pos,1720,-1.9311,-1.4580,1.4791,-3.6303
pos,1721,-1.9314,-1.4580,1.4885,-3.6303
pos,1722,-1.9317,-1.4580,1.4981,-3.6303
pos,1723,-1.9320,-1.4580,1.5081,-3.6303
pos,1724,-1.9323,-1.4581,1.5181,-3.6303
pos,1725,-1.9325,-1.4582,1.5282,-3.6303
pos,1726,-1.9326,-1.4584,1.5384,-3.6302
pos,1727,-1.9326,-1.4586,1.5487,-3.6302
pos,1728,-1.9327,-1.4589,1.5591,-3.6300
pos,1729,-1.9327,-1.4591,1.5697,-3.6298
pos,1730,-1.9327,-1.4594,1.5802,-3.6296
pos,1731,-1.9326,-1.4598,1.5909,-3.6294
pos,1732,-1.9325,-1.4602,1.6017,-3.6291
pos,1733,-1.9323,-1.4607,1.6124,-3.6288
pos,1734,-1.9322,-1.4612,1.6233,-3.6285
pos,1735,-1.9319,-1.4617,1.6342,-3.6283
pos,1736,-1.9316,-1.4622,1.6451,-3.6280
pos,1737,-1.9313,-1.4628,1.6561,-3.6278
pos,1738,-1.9309,-1.4633,1.6671,-3.6277
pos,1739,-1.9304,-1.4639,1.6781,-3.6275
pos,1740,-1.9299,-1.4645,1.6891,-3.6274
pos,1741,-1.9294,-1.4650,1.7000,-3.6274
pos,1742,-1.9289,-1.4655,1.7107,-3.6273
pos,1743,-1.9283,-1.4660,1.7213,-3.6273
pos,1744,-1.9277,-1.4665,1.7317,-3.6273
pos,1745,-1.9271,-1.4670,1.7421,-3.6273
pos,1746,-1.9264,-1.4674,1.7522,-3.6273
pos,1747,-1.9257,-1.4679,1.7621,-3.6272
pos,1748,-1.9250,-1.4683,1.7717,-3.6272
pos,1749,-1.9242,-1.4687,1.7807,-3.6272
pos,1750,-1.9233,-1.4692,1.7894,-3.6272
pos,1751,-1.9224,-1.4697,1.7977,-3.6272
pos,1752,-1.9214,-1.4702,1.8057,-3.6273
pos,1753,-1.9205,-1.4706,1.8137,-3.6273
pos,1754,-1.9195,-1.4710,1.8214,-3.6272
pos,1755,-1.9185,-1.4714,1.8290,-3.6272
pos,1756,-1.9175,-1.4717,1.8361,-3.6271
pos,1757,-1.9164,-1.4721,1.8430,-3.6270
pos,1758,-1.9154,-1.4724,1.8496,-3.6269
pos,1759,-1.9144,-1.4727,1.8560,-3.6267
pos,1760,-1.9133,-1.4730,1.8619,-3.6265
pos,1761,-1.9122,-1.4732,1.8675,-3.6265
pos,1762,-1.9111,-1.4735,1.8727,-3.6265
pos,1763,-1.9100,-1.4737,1.8774,-3.6265
pos,1764,-1.9089,-1.4739,1.8821,-3.6266
pos,1765,-1.9078,-1.4741,1.8864,-3.6266
pos,1766,-1.9067,-1.4742,1.8902,-3.6267
pos,1767,-1.9057,-1.4744,1.8937,-3.6267
pos,1768,-1.9046,-1.4744,1.8970,-3.6267
pos,1769,-1.9036,-1.4745,1.9001,-3.6267
pos,1770,-1.9026,-1.4746,1.9027,-3.6266
pos,1771,-1.9015,-1.4746,1.9050,-3.6266
pos,1772,-1.9005,-1.4745,1.9070,-3.6266
pos,1773,-1.8995,-1.4745,1.9087,-3.6266
pos,1774,-1.8985,-1.4744,1.9101,-3.6267
pos,1775,-1.8975,-1.4743,1.9110,-3.6267
pos,1776,-1.8965,-1.4742,1.9117,-3.6268
pos,1777,-1.8955,-1.4740,1.9119,-3.6269
pos,1778,-1.8946,-1.4738,1.9118,-3.6270
pos,1779,-1.8936,-1.4736,1.9115,-3.6270
pos,1780,-1.8927,-1.4734,1.9111,-3.6270
pos,1781,-1.8918,-1.4731,1.9105,-3.6270
pos,1782,-1.8909,-1.4729,1.9096,-3.6270
pos,1783,-1.8901,-1.4726,1.9083,-3.6270
pos,1784,-1.8892,-1.4723,1.9067,-3.6270
pos,1785,-1.8884,-1.4720,1.9049,-3.6270
pos,1786,-1.8876,-1.4717,1.9031,-3.6270
pos,1787,-1.8868,-1.4714,1.9011,-3.6269
pos,1788,-1.8860,-1.4711,1.8990,-3.6268
pos,1789,-1.8852,-1.4707,1.8968,-3.6267
pos,1790,-1.8845,-1.4704,1.8946,-3.6265
pos,1791,-1.8838,-1.4701,1.8921,-3.6264
pos,1792,-1.8831,-1.4697,1.8894,-3.6263
pos,1793,-1.8824,-1.4694,1.8865,-3.6263
pos,1794,-1.8817,-1.4690,1.8832,-3.6262
pos,1795,-1.8811,-1.4687,1.8795,-3.6261
pos,1796,-1.8805,-1.4683,1.8758,-3.6261
pos,1797,-1.8798,-1.4680,1.8719,-3.6261
pos,1798,-1.8792,-1.4676,1.8677,-3.6261
pos,1799,-1.8786,-1.4672,1.8634,-3.6262
pos,1800,-1.8780,-1.4668,1.8588,-3.6263
pos,1801,-1.8774,-1.4665,1.8540,-3.6264
pos,1802,-1.8768,-1.4661,1.8489,-3.6265
pos,1803,-1.8763,-1.4658,1.8435,-3.6267
pos,1804,-1.8758,-1.4654,1.8377,-3.6269
pos,1805,-1.8753,-1.4651,1.8317,-3.6271
pos,1806,-1.8748,-1.4647,1.8255,-3.6273
pos,1807,-1.8743,-1.4644,1.8190,-3.6275
pos,1808,-1.8739,-1.4641,1.8121,-3.6277
pos,1809,-1.8735,-1.4637,1.8050,-3.6279
pos,1810,-1.8731,-1.4634,1.7976,-3.6282
pos,1811,-1.8727,-1.4631,1.7899,-3.6284
pos,1812,-1.8724,-1.4628,1.7818,-3.6288
pos,1813,-1.8720,-1.4625,1.7736,-3.6291
pos,1814,-1.8717,-1.4622,1.7653,-3.6295
pos,1815,-1.8715,-1.4620,1.7568,-3.6299
pos,1816,-1.8713,-1.4617,1.7482,-3.6303
pos,1817,-1.8711,-1.4615,1.7395,-3.6308
pos,1818,-1.8709,-1.4612,1.7305,-3.6312
pos,1819,-1.8708,-1.4610,1.7214,-3.6316
pos,1820,-1.8706,-1.4609,1.7121,-3.6320
pos,1821,-1.8705,-1.4607,1.7028,-3.6324
pos,1822,-1.8705,-1.4606,1.6934,-3.6327
pos,1823,-1.8704,-1.4605,1.6838,-3.6330
pos,1824,-1.8704,-1.4604,1.6742,-3.6333
pos,1825,-1.8703,-1.4603,1.6645,-3.6335
pos,1826,-1.8703,-1.4603,1.6549,-3.6336
pos,1827,-1.8703,-1.4604,1.6452,-3.6337
pos,1828,-1.8702,-1.4604,1.6356,-3.6337
pos,1829,-1.8702,-1.4605,1.6260,-3.6338
pos,1830,-1.8702,-1.4606,1.6164,-3.6338
pos,1831,-1.8703,-1.4607,1.6068,-3.6338
pos,1832,-1.8704,-1.4608,1.5973,-3.6338
pos,1833,-1.8705,-1.4610,1.5878,-3.6338
pos,1834,-1.8706,-1.4611,1.5784,-3.6338
pos,1835,-1.8707,-1.4613,1.5695,-3.6338
pos,1836,-1.8708,-1.4615,1.5607,-3.6338
pos,1837,-1.8710,-1.4618,1.5520,-3.6338
pos,1838,-1.8712,-1.4620,1.5433,-3.6337
pos,1839,-1.8713,-1.4623,1.5348,-3.6337
pos,1840,-1.8716,-1.4625,1.5264,-3.6336
pos,1841,-1.8718,-1.4628,1.5183,-3.6335
pos,1842,-1.8720,-1.4631,1.5103,-3.6335
pos,1843,-1.8723,-1.4634,1.5026,-3.6334
pos,1844,-1.8726,-1.4637,1.4950,-3.6333
pos,1845,-1.8728,-1.4640,1.4871,-3.6332
pos,1846,-1.8732,-1.4643,1.4794,-3.6331
pos,1847,-1.8734,-1.4646,1.4720,-3.6331
pos,1848,-1.8737,-1.4650,1.4648,-3.6331
pos,1849,-1.8741,-1.4653,1.4579,-3.6330
pos,1850,-1.8744,-1.4657,1.4512,-3.6330
pos,1851,-1.8748,-1.4661,1.4444,-3.6329
pos,1852,-1.8751,-1.4665,1.4379,-3.6329
pos,1853,-1.8755,-1.4669,1.4315,-3.6328
pos,1854,-1.8759,-1.4672,1.4253,-3.6327
pos,1855,-1.8763,-1.4677,1.4194,-3.6326
pos,1856,-1.8768,-1.4681,1.4135,-3.6325
pos,1857,-1.8772,-1.4685,1.4078,-3.6323
pos,1858,-1.8777,-1.4689,1.4022,-3.6322
pos,1859,-1.8781,-1.4693,1.3969,-3.6320
pos,1860,-1.8786,-1.4698,1.3915,-3.6319
pos,1861,-1.8791,-1.4702,1.3863,-3.6318
pos,1862,-1.8796,-1.4706,1.3813,-3.6316
pos,1863,-1.8801,-1.4711,1.3765,-3.6315
pos,1864,-1.8806,-1.4716,1.3717,-3.6313
pos,1865,-1.8812,-1.4720,1.3671,-3.6311
pos,1866,-1.8817,-1.4725,1.3624,-3.6309
pos,1867,-1.8822,-1.4729,1.3581,-3.6308
pos,1868,-1.8828,-1.4734,1.3541,-3.6306
pos,1869,-1.8834,-1.4738,1.3502,-3.6303
pos,1870,-1.8839,-1.4743,1.3466,-3.6301
pos,1871,-1.8845,-1.4748,1.3431,-3.6299
pos,1872,-1.8850,-1.4752,1.3399,-3.6297
pos,1873,-1.8856,-1.4757,1.3367,-3.6296
pos,1874,-1.8862,-1.4761,1.3337,-3.6294
pos,1875,-1.8868,-1.4766,1.3309,-3.6292
pos,1876,-1.8874,-1.4770,1.3282,-3.6290
pos,1877,-1.8879,-1.4775,1.3257,-3.6288
pos,1878,-1.8885,-1.4779,1.3233,-3.6287
pos,1879,-1.8891,-1.4783,1.3210,-3.6285
pos,1880,-1.8897,-1.4787,1.3189,-3.6283
pos,1881,-1.8903,-1.4791,1.3169,-3.6281
pos,1882,-1.8909,-1.4794,1.3151,-3.6279
pos,1883,-1.8915,-1.4798,1.3133,-3.6277
pos,1884,-1.8921,-1.4801,1.3118,-3.6275
pos,1885,-1.8927,-1.4805,1.3104,-3.6274
pos,1886,-1.8933,-1.4808,1.3092,-3.6272
pos,1887,-1.8940,-1.4811,1.3081,-3.6270
pos,1888,-1.8946,-1.4813,1.3071,-3.6269
pos,1889,-1.8952,-1.4816,1.3063,-3.6267
pos,1890,-1.8958,-1.4818,1.3057,-3.6266
pos,1891,-1.8964,-1.4820,1.3053,-3.6264
pos,1892,-1.8970,-1.4822,1.3051,-3.6263
pos,1893,-1.8976,-1.4824,1.3051,-3.6262
pos,1894,-1.8982,-1.4826,1.3054,-3.6260
pos,1895,-1.8987,-1.4827,1.3059,-3.6259
pos,1896,-1.8993,-1.4828,1.3065,-3.6257
pos,1897,-1.8998,-1.4830,1.3072,-3.6256
pos,1898,-1.9003,-1.4831,1.3080,-3.6255
pos,1899,-1.9009,-1.4831,1.3089,-3.6254
pos,1900,-1.9014,-1.4832,1.3100,-3.6253
pos,1901,-1.9018,-1.4833,1.3111,-3.6252
pos,1902,-1.9023,-1.4833,1.3124,-3.6251
pos,1903,-1.9027,-1.4834,1.3140,-3.6249
pos,1904,-1.9032,-1.4834,1.3156,-3.6248
pos,1905,-1.9036,-1.4835,1.3174,-3.6247
pos,1906,-1.9040,-1.4835,1.3193,-3.6246
pos,1907,-1.9044,-1.4836,1.3213,-3.6245
pos,1908,-1.9047,-1.4836,1.3234,-3.6244
pos,1909,-1.9051,-1.4836,1.3255,-3.6243
pos,1910,-1.9054,-1.4837,1.3278,-3.6242
pos,1911,-1.9057,-1.4837,1.3301,-3.6240
pos,1912,-1.9060,-1.4837,1.3325,-3.6239
pos,1913,-1.9063,-1.4838,1.3349,-3.6238
pos,1914,-1.9065,-1.4838,1.3373,-3.6238
pos,1915,-1.9067,-1.4839,1.3399,-3.6239
pos,1916,-1.9069,-1.4840,1.3426,-3.6241
pos,1917,-1.9070,-1.4840,1.3452,-3.6243
pos,1918,-1.9072,-1.4841,1.3478,-3.6245
pos,1919,-1.9073,-1.4842,1.3504,-3.6247
pos,1920,-1.9074,-1.4843,1.3529,-3.6248
pos,1921,-1.9075,-1.4844,1.3555,-3.6250
pos,1922,-1.9076,-1.4845,1.3581,-3.6252
pos,1923,-1.9077,-1.4845,1.3606,-3.6254
pos,1924,-1.9077,-1.4846,1.3631,-3.6256
pos,1925,-1.9078,-1.4847,1.3655,-3.6258
pos,1926,-1.9078,-1.4848,1.3679,-3.6260
pos,1927,-1.9078,-1.4849,1.3702,-3.6262
pos,1928,-1.9078,-1.4850,1.3724,-3.6265
pos,1929,-1.9079,-1.4851,1.3746,-3.6266
pos,1930,-1.9079,-1.4852,1.3766,-3.6268
pos,1931,-1.9078,-1.4853,1.3789,-3.6269
pos,1932,-1.9078,-1.4854,1.3814,-3.6271
pos,1933,-1.9077,-1.4855,1.3838,-3.6272
pos,1934,-1.9076,-1.4856,1.3861,-3.6274
pos,1935,-1.9075,-1.4857,1.3883,-3.6275
pos,1936,-1.9075,-1.4858,1.3904,-3.6277
pos,1937,-1.9074,-1.4859,1.3924,-3.6278
pos,1938,-1.9073,-1.4860,1.3943,-3.6280
pos,1939,-1.9072,-1.4862,1.3962,-3.6281
pos,1940,-1.9072,-1.4863,1.3981,-3.6282
pos,1941,-1.9071,-1.4864,1.3999,-3.6282
pos,1942,-1.9070,-1.4865,1.4016,-3.6283
pos,1943,-1.9070,-1.4866,1.4033,-3.6284
pos,1944,-1.9069,-1.4867,1.4049,-3.6285
pos,1945,-1.9069,-1.4869,1.4064,-3.6286
pos,1946,-1.9069,-1.4870,1.4079,-3.6286
pos,1947,-1.9069,-1.4871,1.4094,-3.6287
pos,1948,-1.9069,-1.4872,1.4109,-3.6287
pos,1949,-1.9069,-1.4873,1.4123,-3.6287
pos,1950,-1.9069,-1.4874,1.4137,-3.6288
pos,1951,-1.9070,-1.4875,1.4149,-3.6289
pos,1952,-1.9070,-1.4876,1.4162,-3.6290
pos,1953,-1.9071,-1.4877,1.4172,-3.6290
pos,1954,-1.9072,-1.4878,1.4183,-3.6291
pos,1955,-1.9073,-1.4878,1.4192,-3.6292
pos,1956,-1.9074,-1.4879,1.4202,-3.6293
pos,1957,-1.9076,-1.4880,1.4212,-3.6294
pos,1958,-1.9077,-1.4880,1.4222,-3.6295
pos,1959,-1.9079,-1.4881,1.4231,-3.6296
pos,1960,-1.9081,-1.4881,1.4240,-3.6297
pos,1961,-1.9084,-1.4881,1.4248,-3.6298
pos,1962,-1.9086,-1.4881,1.4256,-3.6299
pos,1963,-1.9090,-1.4881,1.4264,-3.6300
pos,1964,-1.9093,-1.4880,1.4270,-3.6301
pos,1965,-1.9097,-1.4880,1.4277,-3.6302
pos,1966,-1.9101,-1.4879,1.4284,-3.6303
pos,1967,-1.9105,-1.4879,1.4290,-3.6304
pos,1968,-1.9110,-1.4878,1.4296,-3.6306
pos,1969,-1.9115,-1.4876,1.4302,-3.6306
pos,1970,-1.9121,-1.4875,1.4306,-3.6307
pos,1971,-1.9127,-1.4873,1.4311,-3.6308
pos,1972,-1.9134,-1.4871,1.4315,-3.6309
pos,1973,-1.9142,-1.4869,1.4319,-3.6310
pos,1974,-1.9150,-1.4866,1.4323,-3.6310
pos,1975,-1.9159,-1.4863,1.4326,-3.6311
pos,1976,-1.9169,-1.4860,1.4329,-3.6311
pos,1977,-1.9179,-1.4856,1.4332,-3.6311
pos,1978,-1.9190,-1.4851,1.4335,-3.6312
pos,1979,-1.9203,-1.4847,1.4338,-3.6312
pos,1980,-1.9216,-1.4841,1.4341,-3.6312
pos,1981,-1.9231,-1.4835,1.4343,-3.6312
pos,1982,-1.9246,-1.4828,1.4345,-3.6313
pos,1983,-1.9260,-1.4822,1.4347,-3.6313
pos,1984,-1.9273,-1.4817,1.4348,-3.6314
pos,1985,-1.9284,-1.4813,1.4350,-3.6314
pos,1986,-1.9294,-1.4809,1.4351,-3.6314
pos,1987,-1.9303,-1.4806,1.4352,-3.6314
pos,1988,-1.9311,-1.4804,1.4352,-3.6315
pos,1989,-1.9317,-1.4802,1.4351,-3.6315
pos,1990,-1.9323,-1.4801,1.4351,-3.6315
pos,1991,-1.9327,-1.4800,1.4351,-3.6315
pos,1992,-1.9330,-1.4800,1.4351,-3.6315
pos,1993,-1.9333,-1.4800,1.4351,-3.6315
pos,1994,-1.9334,-1.4801,1.4350,-3.6315
pos,1995,-1.9334,-1.4802,1.4349,-3.6316
pos,1996,-1.9334,-1.4804,1.4349,-3.6316
pos,1997,-1.9333,-1.4806,1.4348,-3.6317
pos,1998,-1.9331,-1.4808,1.4347,-3.6317
pos,1999,-1.9329,-1.4811,1.4346,-3.6318
pos,2000,-1.9326,-1.4814,1.4344,-3.6319
pos,2001,-1.9322,-1.4817,1.4342,-3.6320
pos,2002,-1.9318,-1.4821,1.4340,-3.6321
pos,2003,-1.9313,-1.4826,1.4339,-3.6322
pos,2004,-1.9307,-1.4831,1.4338,-3.6324
pos,2005,-1.9300,-1.4837,1.4336,-3.6325
pos,2006,-1.9292,-1.4843,1.4333,-3.6327
pos,2007,-1.9284,-1.4849,1.4331,-3.6328
pos,2008,-1.9275,-1.4856,1.4328,-3.6329
pos,2009,-1.9265,-1.4864,1.4326,-3.6330
pos,2010,-1.9254,-1.4872,1.4322,-3.6332
pos,2011,-1.9242,-1.4881,1.4319,-3.6333
pos,2012,-1.9228,-1.4890,1.4319,-3.6335
pos,2013,-1.9214,-1.4901,1.4318,-3.6337
pos,2014,-1.9197,-1.4912,1.4317,-3.6338
pos,2015,-1.9180,-1.4924,1.4315,-3.6339
pos,2016,-1.9160,-1.4937,1.4313,-3.6341
pos,2017,-1.9139,-1.4951,1.4311,-3.6342
pos,2018,-1.9116,-1.4966,1.4308,-3.6343
pos,2019,-1.9090,-1.4983,1.4306,-3.6344
pos,2020,-1.9062,-1.5000,1.4303,-3.6345
pos,2021,-1.9032,-1.5020,1.4301,-3.6346
pos,2022,-1.8999,-1.5040,1.4298,-3.6348
pos,2023,-1.8963,-1.5063,1.4294,-3.6349
pos,2024,-1.8924,-1.5086,1.4290,-3.6350
pos,2025,-1.8882,-1.5112,1.4288,-3.6350
pos,2026,-1.8837,-1.5140,1.4284,-3.6351
pos,2027,-1.8788,-1.5169,1.4281,-3.6352
pos,2028,-1.8736,-1.5201,1.4277,-3.6353
pos,2029,-1.8680,-1.5234,1.4274,-3.6354
pos,2030,-1.8619,-1.5270,1.4271,-3.6355
pos,2031,-1.8555,-1.5307,1.4268,-3.6356
pos,2032,-1.8490,-1.5346,1.4265,-3.6357
pos,2033,-1.8423,-1.5385,1.4262,-3.6359
pos,2034,-1.8354,-1.5425,1.4259,-3.6360
pos,2035,-1.8283,-1.5466,1.4257,-3.6362
pos,2036,-1.8211,-1.5508,1.4253,-3.6363
pos,2037,-1.8137,-1.5551,1.4250,-3.6364
pos,2038,-1.8060,-1.5596,1.4246,-3.6366
pos,2039,-1.7981,-1.5641,1.4243,-3.6367
pos,2040,-1.7900,-1.5688,1.4239,-3.6368
pos,2041,-1.7817,-1.5736,1.4236,-3.6370
pos,2042,-1.7732,-1.5785,1.4234,-3.6372
pos,2043,-1.7643,-1.5835,1.4232,-3.6370
pos,2044,-1.7553,-1.5887,1.4231,-3.6364
pos,2045,-1.7460,-1.5940,1.4230,-3.6354
pos,2046,-1.7365,-1.5994,1.4230,-3.6341
pos,2047,-1.7267,-1.6049,1.4230,-3.6324
pos,2048,-1.7167,-1.6106,1.4229,-3.6304
pos,2049,-1.7065,-1.6163,1.4228,-3.6281
pos,2050,-1.6961,-1.6222,1.4227,-3.6255
pos,2051,-1.6854,-1.6282,1.4226,-3.6225
pos,2052,-1.6746,-1.6342,1.4224,-3.6192
pos,2053,-1.6635,-1.6403,1.4223,-3.6157
pos,2054,-1.6523,-1.6465,1.4221,-3.6119
pos,2055,-1.6408,-1.6529,1.4220,-3.6077
pos,2056,-1.6291,-1.6592,1.4218,-3.6032
pos,2057,-1.6173,-1.6657,1.4215,-3.5985
pos,2058,-1.6054,-1.6722,1.4213,-3.5934
pos,2059,-1.5933,-1.6787,1.4210,-3.5880
pos,2060,-1.5811,-1.6853,1.4208,-3.5823
pos,2061,-1.5688,-1.6920,1.4206,-3.5763
pos,2062,-1.5564,-1.6987,1.4204,-3.5700
pos,2063,-1.5439,-1.7054,1.4201,-3.5634
pos,2064,-1.5314,-1.7121,1.4198,-3.5566
pos,2065,-1.5188,-1.7188,1.4197,-3.5494
pos,2066,-1.5061,-1.7255,1.4195,-3.5420
pos,2067,-1.4934,-1.7323,1.4193,-3.5342
pos,2068,-1.4807,-1.7390,1.4191,-3.5262
pos,2069,-1.4680,-1.7457,1.4188,-3.5179
pos,2070,-1.4551,-1.7525,1.4184,-3.5094
pos,2071,-1.4422,-1.7593,1.4183,-3.5005
pos,2072,-1.4293,-1.7660,1.4182,-3.4914
pos,2073,-1.4164,-1.7728,1.4180,-3.4820
pos,2074,-1.4035,-1.7795,1.4179,-3.4723
pos,2075,-1.3907,-1.7861,1.4178,-3.4624
pos,2076,-1.3780,-1.7928,1.4178,-3.4523
pos,2077,-1.3653,-1.7993,1.4176,-3.4419
pos,2078,-1.3526,-1.8058,1.4174,-3.4317
pos,2079,-1.3400,-1.8123,1.4171,-3.4216
pos,2080,-1.3275,-1.8187,1.4167,-3.4118
pos,2081,-1.3151,-1.8250,1.4164,-3.4020
pos,2082,-1.3028,-1.8313,1.4160,-3.3925
pos,2083,-1.2906,-1.8375,1.4156,-3.3831
pos,2084,-1.2784,-1.8436,1.4152,-3.3738
pos,2085,-1.2664,-1.8496,1.4147,-3.3647
pos,2086,-1.2546,-1.8556,1.4143,-3.3557
pos,2087,-1.2428,-1.8615,1.4139,-3.3468
pos,2088,-1.2312,-1.8673,1.4134,-3.3381
pos,2089,-1.2197,-1.8730,1.4130,-3.3296
pos,2090,-1.2083,-1.8786,1.4125,-3.3211
pos,2091,-1.1971,-1.8842,1.4121,-3.3129
pos,2092,-1.1861,-1.8896,1.4117,-3.3047
pos,2093,-1.1752,-1.8950,1.4113,-3.2968
pos,2094,-1.1644,-1.9003,1.4109,-3.2890
pos,2095,-1.1539,-1.9054,1.4105,-3.2813
pos,2096,-1.1435,-1.9105,1.4101,-3.2738
pos,2097,-1.1332,-1.9155,1.4098,-3.2664
pos,2098,-1.1232,-1.9204,1.4094,-3.2592
pos,2099,-1.1133,-1.9251,1.4091,-3.2522
pos,2100,-1.1036,-1.9298,1.4088,-3.2453
pos,2101,-1.0941,-1.9344,1.4086,-3.2386
pos,2102,-1.0847,-1.9389,1.4084,-3.2320
pos,2103,-1.0756,-1.9433,1.4082,-3.2255
pos,2104,-1.0666,-1.9476,1.4080,-3.2192
pos,2105,-1.0579,-1.9518,1.4077,-3.2131
pos,2106,-1.0493,-1.9559,1.4074,-3.2070
pos,2107,-1.0408,-1.9600,1.4072,-3.2012
pos,2108,-1.0326,-1.9639,1.4069,-3.1954
pos,2109,-1.0245,-1.9677,1.4067,-3.1899
pos,2110,-1.0166,-1.9715,1.4066,-3.1845
pos,2111,-1.0089,-1.9752,1.4065,-3.1792
pos,2112,-1.0014,-1.9787,1.4064,-3.1741
pos,2113,-0.9941,-1.9822,1.4063,-3.1691
pos,2114,-0.9870,-1.9856,1.4063,-3.1643
pos,2115,-0.9801,-1.9889,1.4063,-3.1597
pos,2116,-0.9733,-1.9921,1.4063,-3.1552
pos,2117,-0.9667,-1.9952,1.4064,-3.1508
pos,2118,-0.9603,-1.9982,1.4066,-3.1465
pos,2119,-0.9541,-2.0012,1.4068,-3.1424
pos,2120,-0.9481,-2.0040,1.4070,-3.1385
pos,2121,-0.9422,-2.0068,1.4073,-3.1346
pos,2122,-0.9365,-2.0095,1.4076,-3.1309
pos,2123,-0.9310,-2.0121,1.4079,-3.1272
pos,2124,-0.9256,-2.0147,1.4082,-3.1237
pos,2125,-0.9204,-2.0172,1.4085,-3.1202
pos,2126,-0.9153,-2.0196,1.4089,-3.1169
pos,2127,-0.9104,-2.0219,1.4092,-3.1136
pos,2128,-0.9056,-2.0242,1.4096,-3.1105
pos,2129,-0.9010,-2.0264,1.4100,-3.1075
pos,2130,-0.8965,-2.0285,1.4104,-3.1046
pos,2131,-0.8922,-2.0306,1.4109,-3.1018
pos,2132,-0.8880,-2.0326,1.4113,-3.0991
pos,2133,-0.8839,-2.0345,1.4118,-3.0964
pos,2134,-0.8799,-2.0364,1.4123,-3.0939
pos,2135,-0.8761,-2.0382,1.4128,-3.0914
pos,2136,-0.8724,-2.0400,1.4133,-3.0891
pos,2137,-0.8689,-2.0417,1.4139,-3.0868
pos,2138,-0.8654,-2.0433,1.4144,-3.0846
pos,2139,-0.8621,-2.0449,1.4150,-3.0824
pos,2140,-0.8588,-2.0464,1.4156,-3.0804
pos,2141,-0.8557,-2.0479,1.4162,-3.0784
pos,2142,-0.8527,-2.0494,1.4168,-3.0765
pos,2143,-0.8498,-2.0507,1.4174,-3.0747
pos,2144,-0.8470,-2.0521,1.4180,-3.0729
pos,2145,-0.8442,-2.0534,1.4187,-3.0712
pos,2146,-0.8416,-2.0546,1.4193,-3.0695
pos,2147,-0.8391,-2.0558,1.4200,-3.0679
pos,2148,-0.8366,-2.0570,1.4207,-3.0664
pos,2149,-0.8343,-2.0581,1.4213,-3.0649
pos,2150,-0.8320,-2.0592,1.4220,-3.0635
pos,2151,-0.8298,-2.0603,1.4227,-3.0622
pos,2152,-0.8277,-2.0613,1.4234,-3.0609
pos,2153,-0.8257,-2.0622,1.4240,-3.0597
pos,2154,-0.8238,-2.0632,1.4247,-3.0585
pos,2155,-0.8219,-2.0641,1.4253,-3.0574
pos,2156,-0.8201,-2.0649,1.4260,-3.0563
pos,2157,-0.8184,-2.0658,1.4266,-3.0553
pos,2158,-0.8167,-2.0666,1.4273,-3.0543
pos,2159,-0.8151,-2.0673,1.4279,-3.0534
pos,2160,-0.8136,-2.0681,1.4285,-3.0526
pos,2161,-0.8121,-2.0688,1.4291,-3.0518
pos,2162,-0.8107,-2.0695,1.4297,-3.0510
pos,2163,-0.8093,-2.0701,1.4303,-3.0503
pos,2164,-0.8080,-2.0707,1.4308,-3.0496
pos,2165,-0.8068,-2.0714,1.4313,-3.0490
pos,2166,-0.8056,-2.0719,1.4318,-3.0483
pos,2167,-0.8044,-2.0725,1.4322,-3.0476
pos,2168,-0.8033,-2.0731,1.4326,-3.0470
pos,2169,-0.8023,-2.0736,1.4330,-3.0464
pos,2170,-0.8013,-2.0741,1.4333,-3.0459
pos,2171,-0.8003,-2.0745,1.4336,-3.0454
pos,2172,-0.7994,-2.0750,1.4339,-3.0449
pos,2173,-0.7985,-2.0754,1.4342,-3.0445
pos,2174,-0.7976,-2.0757,1.4344,-3.0441
pos,2175,-0.7968,-2.0761,1.4346,-3.0437
pos,2176,-0.7961,-2.0764,1.4348,-3.0434
pos,2177,-0.7953,-2.0767,1.4349,-3.0431
pos,2178,-0.7947,-2.0770,1.4351,-3.0428
pos,2179,-0.7940,-2.0772,1.4352,-3.0426
pos,2180,-0.7934,-2.0774,1.4353,-3.0424
pos,2181,-0.7928,-2.0776,1.4354,-3.0422
pos,2182,-0.7922,-2.0777,1.4355,-3.0420
pos,2183,-0.7917,-2.0779,1.4356,-3.0419
pos,2184,-0.7912,-2.0779,1.4356,-3.0418
pos,2185,-0.7907,-2.0780,1.4357,-3.0417
pos,2186,-0.7903,-2.0781,1.4357,-3.0416
pos,2187,-0.7899,-2.0781,1.4358,-3.0416
pos,2188,-0.7895,-2.0781,1.4358,-3.0415
pos,2189,-0.7891,-2.0781,1.4358,-3.0415
pos,2190,-0.7888,-2.0781,1.4358,-3.0415
pos,2191,-0.7885,-2.0780,1.4358,-3.0415
pos,2192,-0.7882,-2.0779,1.4358,-3.0416
pos,2193,-0.7879,-2.0779,1.4358,-3.0416
pos,2194,-0.7877,-2.0778,1.4357,-3.0417
pos,2195,-0.7875,-2.0776,1.4357,-3.0418
pos,2196,-0.7873,-2.0775,1.4357,-3.0419
pos,2197,-0.7871,-2.0774,1.4356,-3.0420
pos,2198,-0.7870,-2.0772,1.4356,-3.0421
pos,2199,-0.7868,-2.0771,1.4355,-3.0422
pos,2200,-0.7867,-2.0769,1.4355,-3.0424
pos,2201,-0.7866,-2.0767,1.4354,-3.0425
pos,2202,-0.7865,-2.0765,1.4354,-3.0427
pos,2203,-0.7865,-2.0763,1.4354,-3.0429
pos,2204,-0.7864,-2.0761,1.4354,-3.0431
pos,2205,-0.7864,-2.0759,1.4354,-3.0433
pos,2206,-0.7864,-2.0758,1.4353,-3.0434
pos,2207,-0.7864,-2.0756,1.4353,-3.0436
pos,2208,-0.7865,-2.0753,1.4354,-3.0438
pos,2209,-0.7865,-2.0751,1.4354,-3.0440
pos,2210,-0.7866,-2.0749,1.4354,-3.0442
pos,2211,-0.7867,-2.0747,1.4354,-3.0444
pos,2212,-0.7868,-2.0745,1.4354,-3.0447
pos,2213,-0.7870,-2.0743,1.4354,-3.0449
pos,2214,-0.7871,-2.0741,1.4354,-3.0451
pos,2215,-0.7873,-2.0739,1.4355,-3.0453
pos,2216,-0.7875,-2.0737,1.4355,-3.0455
pos,2217,-0.7878,-2.0734,1.4356,-3.0457
pos,2218,-0.7880,-2.0732,1.4357,-3.0459
pos,2219,-0.7883,-2.0730,1.4358,-3.0462
pos,2220,-0.7886,-2.0728,1.4359,-3.0464
pos,2221,-0.7889,-2.0726,1.4360,-3.0466
pos,2222,-0.7893,-2.0724,1.4361,-3.0468
pos,2223,-0.7896,-2.0721,1.4361,-3.0470
pos,2224,-0.7900,-2.0719,1.4363,-3.0472
pos,2225,-0.7904,-2.0717,1.4364,-3.0474
pos,2226,-0.7909,-2.0715,1.4365,-3.0475
pos,2227,-0.7913,-2.0714,1.4366,-3.0477
pos,2228,-0.7918,-2.0712,1.4368,-3.0479
pos,2229,-0.7923,-2.0710,1.4369,-3.0481
pos,2230,-0.7928,-2.0708,1.4370,-3.0483
pos,2231,-0.7933,-2.0706,1.4372,-3.0484
pos,2232,-0.7938,-2.0705,1.4374,-3.0486
pos,2233,-0.7944,-2.0703,1.4375,-3.0488
pos,2234,-0.7949,-2.0702,1.4377,-3.0490
pos,2235,-0.7955,-2.0701,1.4379,-3.0491
pos,2236,-0.7961,-2.0700,1.4382,-3.0493
pos,2237,-0.7967,-2.0699,1.4384,-3.0495
pos,2238,-0.7973,-2.0698,1.4388,-3.0497
pos,2239,-0.7980,-2.0697,1.4391,-3.0498
pos,2240,-0.7986,-2.0697,1.4396,-3.0500
pos,2241,-0.7993,-2.0696,1.4402,-3.0502
pos,2242,-0.7999,-2.0696,1.4406,-3.0503
pos,2243,-0.8006,-2.0696,1.4410,-3.0504
pos,2244,-0.8013,-2.0696,1.4413,-3.0506
pos,2245,-0.8019,-2.0696,1.4416,-3.0507
pos,2246,-0.8026,-2.0697,1.4418,-3.0509
pos,2247,-0.8033,-2.0697,1.4420,-3.0510
pos,2248,-0.8040,-2.0697,1.4421,-3.0512
pos,2249,-0.8047,-2.0698,1.4423,-3.0513
pos,2250,-0.8054,-2.0699,1.4424,-3.0514
pos,2251,-0.8061,-2.0700,1.4424,-3.0516
pos,2252,-0.8068,-2.0700,1.4425,-3.0517
pos,2253,-0.8074,-2.0701,1.4425,-3.0518
pos,2254,-0.8081,-2.0702,1.4425,-3.0519
pos,2255,-0.8088,-2.0703,1.4424,-3.0521
pos,2256,-0.8095,-2.0704,1.4423,-3.0522
pos,2257,-0.8101,-2.0705,1.4421,-3.0523
pos,2258,-0.8108,-2.0706,1.4418,-3.0524
pos,2259,-0.8114,-2.0707,1.4414,-3.0525
pos,2260,-0.8121,-2.0708,1.4410,-3.0526
pos,2261,-0.8127,-2.0709,1.4404,-3.0527
pos,2262,-0.8133,-2.0710,1.4396,-3.0528
pos,2263,-0.8140,-2.0711,1.4388,-3.0529
pos,2264,-0.8146,-2.0712,1.4378,-3.0530
pos,2265,-0.8152,-2.0712,1.4366,-3.0531
pos,2266,-0.8158,-2.0713,1.4353,-3.0533
pos,2267,-0.8164,-2.0713,1.4338,-3.0534
pos,2268,-0.8169,-2.0714,1.4322,-3.0535
pos,2269,-0.8175,-2.0714,1.4303,-3.0536
pos,2270,-0.8181,-2.0715,1.4283,-3.0536
pos,2271,-0.8186,-2.0715,1.4261,-3.0537
pos,2272,-0.8191,-2.0715,1.4237,-3.0538
pos,2273,-0.8196,-2.0715,1.4211,-3.0539
pos,2274,-0.8202,-2.0715,1.4183,-3.0540
pos,2275,-0.8207,-2.0715,1.4153,-3.0541
pos,2276,-0.8211,-2.0715,1.4119,-3.0542
pos,2277,-0.8216,-2.0715,1.4084,-3.0543
pos,2278,-0.8221,-2.0715,1.4046,-3.0544
pos,2279,-0.8225,-2.0715,1.4007,-3.0545
pos,2280,-0.8230,-2.0715,1.3964,-3.0546
pos,2281,-0.8234,-2.0714,1.3920,-3.0546
pos,2282,-0.8238,-2.0714,1.3874,-3.0547
pos,2283,-0.8242,-2.0714,1.3825,-3.0548
pos,2284,-0.8246,-2.0713,1.3774,-3.0549
pos,2285,-0.8250,-2.0713,1.3719,-3.0550
pos,2286,-0.8254,-2.0713,1.3661,-3.0551
pos,2287,-0.8257,-2.0712,1.3602,-3.0552
pos,2288,-0.8261,-2.0712,1.3539,-3.0553
pos,2289,-0.8264,-2.0711,1.3475,-3.0554
pos,2290,-0.8267,-2.0711,1.3408,-3.0555
pos,2291,-0.8270,-2.0711,1.3339,-3.0555
pos,2292,-0.8273,-2.0710,1.3268,-3.0556
pos,2293,-0.8276,-2.0710,1.3194,-3.0557
pos,2294,-0.8279,-2.0710,1.3118,-3.0558
pos,2295,-0.8281,-2.0710,1.3039,-3.0559
pos,2296,-0.8284,-2.0710,1.2958,-3.0560
pos,2297,-0.8286,-2.0709,1.2874,-3.0561
pos,2298,-0.8288,-2.0710,1.2787,-3.0562
pos,2299,-0.8290,-2.0710,1.2698,-3.0563
pos,2300,-0.8292,-2.0710,1.2609,-3.0564
pos,2301,-0.8294,-2.0710,1.2519,-3.0565
pos,2302,-0.8296,-2.0710,1.2428,-3.0566
pos,2303,-0.8297,-2.0711,1.2337,-3.0567
pos,2304,-0.8298,-2.0711,1.2246,-3.0568
pos,2305,-0.8300,-2.0712,1.2146,-3.0569
pos,2306,-0.8301,-2.0713,1.2046,-3.0570
pos,2307,-0.8302,-2.0714,1.1946,-3.0571
pos,2308,-0.8302,-2.0715,1.1846,-3.0572
pos,2309,-0.8303,-2.0716,1.1745,-3.0574
pos,2310,-0.8304,-2.0717,1.1643,-3.0575
pos,2311,-0.8304,-2.0718,1.1542,-3.0576
pos,2312,-0.8304,-2.0719,1.1440,-3.0577
pos,2313,-0.8305,-2.0721,1.1339,-3.0578
pos,2314,-0.8304,-2.0722,1.1236,-3.0579
pos,2315,-0.8304,-2.0724,1.1134,-3.0580
pos,2316,-0.8303,-2.0725,1.1032,-3.0580
pos,2317,-0.8303,-2.0727,1.0932,-3.0581
pos,2318,-0.8302,-2.0729,1.0833,-3.0582
pos,2319,-0.8301,-2.0731,1.0735,-3.0583
pos,2320,-0.8300,-2.0733,1.0641,-3.0583
pos,2321,-0.8299,-2.0735,1.0549,-3.0584
pos,2322,-0.8298,-2.0738,1.0455,-3.0584
pos,2323,-0.8297,-2.0740,1.0363,-3.0584
pos,2324,-0.8295,-2.0743,1.0267,-3.0584
pos,2325,-0.8294,-2.0746,1.0175,-3.0584
pos,2326,-0.8292,-2.0749,1.0082,-3.0584
pos,2327,-0.8291,-2.0752,0.9991,-3.0584
pos,2328,-0.8289,-2.0755,0.9903,-3.0585
pos,2329,-0.8288,-2.0758,0.9817,-3.0585
pos,2330,-0.8286,-2.0761,0.9733,-3.0585
pos,2331,-0.8284,-2.0764,0.9652,-3.0586
pos,2332,-0.8282,-2.0768,0.9573,-3.0586
pos,2333,-0.8281,-2.0771,0.9495,-3.0587
pos,2334,-0.8279,-2.0774,0.9420,-3.0587
pos,2335,-0.8277,-2.0777,0.9347,-3.0587
pos,2336,-0.8275,-2.0781,0.9276,-3.0588
pos,2337,-0.8273,-2.0784,0.9207,-3.0589
pos,2338,-0.8271,-2.0787,0.9141,-3.0589
pos,2339,-0.8270,-2.0790,0.9076,-3.0589
pos,2340,-0.8268,-2.0793,0.9013,-3.0589
pos,2341,-0.8266,-2.0796,0.8952,-3.0588
pos,2342,-0.8265,-2.0799,0.8893,-3.0588
pos,2343,-0.8263,-2.0801,0.8837,-3.0587
pos,2344,-0.8262,-2.0804,0.8783,-3.0587
pos,2345,-0.8260,-2.0806,0.8732,-3.0586
pos,2346,-0.8259,-2.0807,0.8684,-3.0586
pos,2347,-0.8258,-2.0809,0.8638,-3.0586
pos,2348,-0.8258,-2.0810,0.8597,-3.0586
pos,2349,-0.8257,-2.0810,0.8559,-3.0586
