pos,0,-1.8228,-0.9892,1.2170,0.3215
input,0,-0.0214,-0.0907,-0.0172,0.0812
target,0,-2.0000,-1.0000,1.3000,0.3000
param,0,1.0611,0.4471,0.9554,-0.0001
pos,1,-1.8256,-0.9794,1.2170,0.3216
input,1,-0.0119,-0.0955,-0.0203,0.0811
target,1,-2.0000,0.5000,1.3000,0.3000
param,1,1.0611,0.4471,0.9554,-0.0001
pos,2,-1.8278,-0.9710,1.2170,0.3218
input,2,0.0056,-0.1069,-0.0260,0.0819
target,2,-2.0000,0.5000,1.3000,0.3000
param,2,1.0611,0.4471,0.9554,-0.0001
pos,3,-1.8296,-0.9638,1.2170,0.3218
input,3,-0.4481,0.0873,-0.0328,0.0176
target,3,-2.0000,0.5000,1.3000,0.3000
param,3,1.0611,0.4471,0.9554,-0.0001
pos,4,-1.8321,-0.9545,1.2170,0.3219
input,4,-0.4477,0.0862,0.0168,-0.0372
target,4,-2.0000,0.5000,1.3000,0.3000
param,4,1.0611,0.4471,0.9554,-0.0001
pos,5,-1.8348,-0.9447,1.2169,0.3216
input,5,-0.4545,0.0857,0.0200,-0.0436
target,5,-2.0000,0.5000,1.3000,0.3000
param,5,1.0611,0.4471,0.9554,-0.0001
pos,6,-1.8373,-0.9350,1.2169,0.3231
input,6,-0.4545,0.0857,0.0200,-0.0436
target,6,-2.0000,0.5000,1.3000,0.3000
param,6,1.0611,0.4471,0.9554,-0.0000
pos,7,-1.8398,-0.9256,1.2169,0.3228
input,7,-0.4477,0.0862,0.0168,-0.0372
target,7,-2.0000,0.5000,1.3000,0.3000
param,7,1.0611,0.4471,0.9554,-0.0000
pos,8,-1.8421,-0.9165,1.2169,0.3223
input,8,-0.4539,0.0921,0.0182,-0.0422
target,8,-2.0000,0.5000,1.3000,0.3000
param,8,1.0611,0.4471,0.9554,-0.0000
pos,9,-1.8443,-0.9077,1.2169,0.3220
input,9,-0.4539,0.0921,0.0182,-0.0422
target,9,-2.0000,0.5000,1.3000,0.3000
param,9,1.0611,0.4471,0.9554,-0.0000
pos,10,-1.8465,-0.8989,1.2169,0.3238
input,10,-0.4539,0.0921,0.0182,-0.0422
target,10,-2.0000,0.5000,1.3000,0.3000
param,10,1.0611,0.4471,0.9554,-0.0000
pos,11,-1.8485,-0.8909,1.2171,0.3252
input,11,-0.4475,0.0934,0.0151,-0.0357
target,11,-2.0000,0.5000,1.3000,0.3000
param,11,1.0611,0.4471,0.9554,-0.0000
pos,12,-1.8501,-0.8841,1.2173,0.3265
input,12,-0.4527,0.1005,0.0192,-0.0406
target,12,-2.0000,0.5000,1.3000,0.3000
param,12,1.0611,0.4471,0.9554,-0.0000
pos,13,-1.8514,-0.8783,1.2175,0.3278
input,13,-0.4527,0.1005,0.0192,-0.0406
target,13,-2.0000,0.5000,1.3000,0.3000
param,13,1.0611,0.4471,0.9554,-0.0000
pos,14,-1.8536,-0.8698,1.2178,0.3261
input,14,-0.4527,0.1005,0.0192,-0.0406
target,14,-2.0000,0.5000,1.3000,0.3000
param,14,1.0611,0.4471,0.9554,-0.0000
pos,15,-1.8555,-0.8622,1.2179,0.3254
input,15,-0.4464,0.1015,0.0159,-0.0342
target,15,-2.0000,0.5000,1.3000,0.3000
param,15,1.0611,0.4471,0.9554,-0.0000
pos,16,-1.8573,-0.8545,1.2181,0.3260
input,16,-0.4511,0.1094,0.0194,-0.0389
target,16,-2.0000,0.5000,1.3000,0.3000
param,16,1.0611,0.4471,0.9554,-0.0000
pos,17,-1.8592,-0.8466,1.2184,0.3271
input,17,-0.4448,0.1103,0.0159,-0.0325
target,17,-2.0000,0.5000,1.3000,0.3000
param,17,1.0611,0.4471,0.9554,-0.0000
pos,18,-1.8610,-0.8391,1.2187,0.3265
input,18,-0.4511,0.1094,0.0194,-0.0389
target,18,-2.0000,0.5000,1.3000,0.3000
param,18,1.0611,0.4471,0.9554,-0.0000
pos,19,-1.8628,-0.8317,1.2190,0.3261
input,19,-0.4448,0.1103,0.0159,-0.0325
target,19,-2.0000,0.5000,1.3000,0.3000
param,19,1.0611,0.4471,0.9554,-0.0000
pos,20,-1.8644,-0.8249,1.2194,0.3259
input,20,-0.4484,0.1183,0.0207,-0.0373
target,20,-2.0000,0.5000,1.3000,0.3000
param,20,1.0611,0.4471,0.9554,-0.0000
pos,21,-1.8661,-0.8177,1.2197,0.3268
input,21,-0.4484,0.1183,0.0207,-0.0373
target,21,-2.0000,0.5000,1.3000,0.3000
param,21,1.0611,0.4471,0.9554,-0.0000
pos,22,-1.8679,-0.8107,1.2201,0.3260
input,22,-0.4461,0.1256,0.0219,-0.0359
target,22,-2.0000,0.5000,1.3000,0.3000
param,22,1.0611,0.4471,0.9554,-0.0000
pos,23,-1.8696,-0.8038,1.2205,0.3251
input,23,-0.4461,0.1256,0.0219,-0.0359
target,23,-2.0000,0.5000,1.3000,0.3000
param,23,1.0611,0.4471,0.9554,-0.0000
pos,24,-1.8710,-0.7975,1.2209,0.3242
input,24,-0.4461,0.1256,0.0219,-0.0359
target,24,-2.0000,0.5000,1.3000,0.3000
param,24,1.0611,0.4471,0.9554,-0.0000
pos,25,-1.8726,-0.7905,1.2213,0.3227
input,25,-0.4461,0.1256,0.0219,-0.0359
target,25,-2.0000,0.5000,1.3000,0.3000
param,25,1.0611,0.4471,0.9554,-0.0000
pos,26,-1.8742,-0.7836,1.2217,0.3213
input,26,-0.4419,0.1336,0.0245,-0.0344
target,26,-2.0000,0.5000,1.3000,0.3000
param,26,1.0611,0.4471,0.9554,-0.0000
pos,27,-1.8756,-0.7767,1.2221,0.3201
input,27,-0.4419,0.1336,0.0245,-0.0344
target,27,-2.0000,0.5000,1.3000,0.3000
param,27,1.0611,0.4471,0.9554,-0.0000
pos,28,-1.8771,-0.7699,1.2226,0.3186
input,28,-0.4419,0.1336,0.0245,-0.0344
target,28,-2.0000,0.5000,1.3000,0.3000
param,28,1.0611,0.4471,0.9554,-0.0000
pos,29,-1.8786,-0.7629,1.2230,0.3173
input,29,-0.4383,0.1396,0.0275,-0.0328
target,29,-2.0000,0.5000,1.3000,0.3000
param,29,1.0611,0.4471,0.9554,-0.0000
pos,30,-1.8801,-0.7559,1.2234,0.3160
input,30,-0.4383,0.1396,0.0275,-0.0328
target,30,-2.0000,0.5000,1.3000,0.3000
param,30,1.0611,0.4471,0.9554,-0.0000
pos,31,-1.8815,-0.7488,1.2238,0.3148
input,31,-0.4383,0.1396,0.0275,-0.0328
target,31,-2.0000,0.5000,1.3000,0.3000
param,31,1.0611,0.4471,0.9554,-0.0000
pos,32,-1.8829,-0.7421,1.2241,0.3134
input,32,-0.4345,0.1465,0.0296,-0.0313
target,32,-2.0000,0.5000,1.3000,0.3000
param,32,1.0611,0.4471,0.9554,-0.0000
pos,33,-1.8842,-0.7354,1.2245,0.3119
input,33,-0.4345,0.1465,0.0296,-0.0313
target,33,-2.0000,0.5000,1.3000,0.3000
param,33,1.0611,0.4471,0.9554,-0.0000
pos,34,-1.8902,-0.7239,1.2243,0.3105
input,34,-0.4345,0.1465,0.0296,-0.0313
target,34,-2.0000,0.5000,1.3000,0.3000
param,34,1.0611,0.4471,0.9554,-0.0000
pos,35,-1.8955,-0.7135,1.2236,0.3100
input,35,-0.4306,0.1535,0.0318,-0.0295
target,35,-2.0000,0.5000,1.3000,0.3000
param,35,1.0611,0.4471,0.9554,-0.0000
pos,36,-1.9006,-0.7026,1.2229,0.3102
input,36,-0.4306,0.1535,0.0318,-0.0295
target,36,-2.0000,0.5000,1.3000,0.3000
param,36,1.0611,0.4471,0.9554,-0.0000
pos,37,-1.9052,-0.6927,1.2223,0.3108
input,37,-0.4306,0.1535,0.0318,-0.0295
target,37,-2.0000,0.5000,1.3000,0.3000
param,37,1.0611,0.4471,0.9554,-0.0000
pos,38,-1.9095,-0.6822,1.2218,0.3110
input,38,-0.4306,0.1535,0.0318,-0.0295
target,38,-2.0000,0.5000,1.3000,0.3000
param,38,1.0611,0.4471,0.9554,-0.0000
pos,39,-1.9133,-0.6725,1.2213,0.3112
input,39,-0.4271,0.1616,0.0325,-0.0272
target,39,-2.0000,0.5000,1.3000,0.3000
param,39,1.0611,0.4471,0.9554,-0.0000
pos,40,-1.9170,-0.6622,1.2208,0.3112
input,40,-0.4271,0.1616,0.0325,-0.0272
target,40,-2.0000,0.5000,1.3000,0.3000
param,40,1.0611,0.4471,0.9554,-0.0000
pos,41,-1.9203,-0.6526,1.2203,0.3113
input,41,-0.4271,0.1616,0.0325,-0.0272
target,41,-2.0000,0.5000,1.3000,0.3000
param,41,1.0611,0.4471,0.9554,-0.0000
pos,42,-1.9232,-0.6430,1.2199,0.3111
input,42,-0.4271,0.1616,0.0325,-0.0272
target,42,-2.0000,0.5000,1.3000,0.3000
param,42,1.0611,0.4471,0.9554,-0.0000
pos,43,-1.9262,-0.6326,1.2195,0.3115
input,43,-0.4271,0.1616,0.0325,-0.0272
target,43,-2.0000,0.5000,1.3000,0.3000
param,43,1.0611,0.4471,0.9554,-0.0000
pos,44,-1.9290,-0.6223,1.2191,0.3125
input,44,-0.4241,0.1687,0.0329,-0.0246
target,44,-2.0000,0.5000,1.3000,0.3000
param,44,1.0611,0.4471,0.9554,-0.0000
pos,45,-1.9316,-0.6126,1.2188,0.3130
input,45,-0.4241,0.1687,0.0329,-0.0246
target,45,-2.0000,0.5000,1.3000,0.3000
param,45,1.0611,0.4471,0.9554,-0.0000
pos,46,-1.9340,-0.6029,1.2185,0.3125
input,46,-0.4241,0.1687,0.0329,-0.0246
target,46,-2.0000,0.5000,1.3000,0.3000
param,46,1.0611,0.4471,0.9554,-0.0000
pos,47,-1.9363,-0.5931,1.2182,0.3128
input,47,-0.4241,0.1687,0.0329,-0.0246
target,47,-2.0000,0.5000,1.3000,0.3000
param,47,1.0611,0.4471,0.9554,-0.0000
pos,48,-1.9382,-0.5839,1.2180,0.3127
input,48,-0.4241,0.1687,0.0329,-0.0246
target,48,-2.0000,0.5000,1.3000,0.3000
param,48,1.0611,0.4471,0.9554,-0.0000
pos,49,-1.9400,-0.5759,1.2179,0.3126
input,49,-0.4241,0.1687,0.0329,-0.0246
target,49,-2.0000,0.5000,1.3000,0.3000
param,49,1.0611,0.4471,0.9554,-0.0000
pos,50,-1.9420,-0.5653,1.2177,0.3128
input,50,-0.4241,0.1687,0.0329,-0.0246
target,50,-2.0000,0.5000,1.3000,0.3000
param,50,1.0611,0.4471,0.9554,-0.0000
pos,51,-1.9440,-0.5544,1.2173,0.3131
input,51,-0.4209,0.1763,0.0316,-0.0213
target,51,-2.0000,0.5000,1.3000,0.3000
param,51,1.0611,0.4471,0.9554,-0.0000
pos,52,-1.9461,-0.5427,1.2170,0.3130
input,52,-0.4209,0.1763,0.0316,-0.0213
target,52,-2.0000,0.5000,1.3000,0.3000
param,52,1.0611,0.4471,0.9554,-0.0000
pos,53,-1.9480,-0.5318,1.2167,0.3137
input,53,-0.4209,0.1763,0.0316,-0.0213
target,53,-2.0000,0.5000,1.3000,0.3000
param,53,1.0611,0.4471,0.9554,-0.0000
pos,54,-1.9499,-0.5200,1.2164,0.3142
input,54,-0.4209,0.1763,0.0316,-0.0213
target,54,-2.0000,0.5000,1.3000,0.3000
param,54,1.0611,0.4471,0.9554,-0.0000
pos,55,-1.9517,-0.5090,1.2162,0.3144
input,55,-0.4209,0.1763,0.0316,-0.0213
target,55,-2.0000,0.5000,1.3000,0.3000
param,55,1.0611,0.4471,0.9554,-0.0000
pos,56,-1.9536,-0.4971,1.2159,0.3148
input,56,-0.4209,0.1763,0.0316,-0.0213
target,56,-2.0000,0.5000,1.3000,0.3000
param,56,1.0611,0.4471,0.9554,-0.0000
pos,57,-1.9553,-0.4851,1.2156,0.3151
input,57,-0.4174,0.1838,0.0301,-0.0176
target,57,-2.0000,0.5000,1.3000,0.3000
param,57,1.0611,0.4471,0.9554,-0.0000
pos,58,-1.9569,-0.4738,1.2154,0.3151
input,58,-0.4174,0.1838,0.0301,-0.0176
target,58,-2.0000,0.5000,1.3000,0.3000
param,58,1.0611,0.4471,0.9554,-0.0000
pos,59,-1.9587,-0.4616,1.2151,0.3150
input,59,-0.4174,0.1838,0.0301,-0.0176
target,59,-2.0000,0.5000,1.3000,0.3000
param,59,1.0611,0.4471,0.9554,-0.0000
pos,60,-1.9602,-0.4493,1.2149,0.3154
input,60,-0.4174,0.1838,0.0301,-0.0176
target,60,-2.0000,0.5000,1.3000,0.3000
param,60,1.0611,0.4471,0.9554,-0.0000
pos,61,-1.9617,-0.4379,1.2146,0.3157
input,61,-0.4174,0.1838,0.0301,-0.0176
target,61,-2.0000,0.5000,1.3000,0.3000
param,61,1.0611,0.4471,0.9554,-0.0000
pos,62,-1.9634,-0.4253,1.2144,0.3158
input,62,-0.4137,0.1900,0.0295,-0.0140
target,62,-2.0000,0.5000,1.3000,0.3000
param,62,1.0611,0.4471,0.9554,-0.0000
pos,63,-1.9647,-0.4136,1.2141,0.3157
input,63,-0.4137,0.1900,0.0295,-0.0140
target,63,-2.0000,0.5000,1.3000,0.3000
param,63,1.0611,0.4471,0.9554,-0.0000
pos,64,-1.9662,-0.4009,1.2139,0.3161
input,64,-0.4137,0.1900,0.0295,-0.0140
target,64,-2.0000,0.5000,1.3000,0.3000
param,64,1.0611,0.4471,0.9554,-0.0000
pos,65,-1.9677,-0.3880,1.2136,0.3165
input,65,-0.4137,0.1900,0.0295,-0.0140
target,65,-2.0000,0.5000,1.3000,0.3000
param,65,1.0611,0.4471,0.9554,-0.0000
pos,66,-1.9689,-0.3760,1.2134,0.3164
input,66,-0.4137,0.1900,0.0295,-0.0140
target,66,-2.0000,0.5000,1.3000,0.3000
param,66,1.0611,0.4471,0.9554,-0.0000
pos,67,-1.9701,-0.3639,1.2131,0.3166
input,67,-0.4092,0.1966,0.0285,-0.0097
target,67,-2.0000,0.5000,1.3000,0.3000
param,67,1.0611,0.4471,0.9554,-0.0000
pos,68,-1.9713,-0.3525,1.2130,0.3169
input,68,-0.4092,0.1966,0.0285,-0.0097
target,68,-2.0000,0.5000,1.3000,0.3000
param,68,1.0611,0.4471,0.9554,-0.0000
pos,69,-1.9727,-0.3390,1.2127,0.3178
input,69,-0.4092,0.1966,0.0285,-0.0097
target,69,-2.0000,0.5000,1.3000,0.3000
param,69,1.0611,0.4471,0.9554,-0.0000
pos,70,-1.9737,-0.3274,1.2125,0.3185
input,70,-0.4092,0.1966,0.0285,-0.0097
target,70,-2.0000,0.5000,1.3000,0.3000
param,70,1.0611,0.4471,0.9554,-0.0000
pos,71,-1.9750,-0.3136,1.2122,0.3187
input,71,-0.4052,0.2028,0.0269,-0.0058
target,71,-2.0000,0.5000,1.3000,0.3000
param,71,1.0611,0.4471,0.9554,-0.0000
pos,72,-1.9762,-0.3007,1.2119,0.3187
input,72,-0.4052,0.2028,0.0269,-0.0058
target,72,-2.0000,0.5000,1.3000,0.3000
param,72,1.0611,0.4471,0.9554,-0.0000
pos,73,-1.9774,-0.2877,1.2117,0.3189
input,73,-0.4052,0.2028,0.0269,-0.0058
target,73,-2.0000,0.5000,1.3000,0.3000
param,73,1.0611,0.4471,0.9554,-0.0000
pos,74,-1.9787,-0.2736,1.2114,0.3194
input,74,-0.4052,0.2028,0.0269,-0.0058
target,74,-2.0000,0.5000,1.3000,0.3000
param,74,1.0611,0.4471,0.9554,-0.0001
pos,75,-1.9797,-0.2606,1.2111,0.3200
input,75,-0.3999,0.2096,0.0255,-0.0009
target,75,-2.0000,0.5000,1.3000,0.3000
param,75,1.0611,0.4471,0.9554,-0.0001
pos,76,-1.9809,-0.2465,1.2109,0.3210
input,76,-0.3999,0.2096,0.0255,-0.0009
target,76,-2.0000,0.5000,1.3000,0.3000
param,76,1.0611,0.4471,0.9554,-0.0001
pos,77,-1.9819,-0.2325,1.2106,0.3228
input,77,-0.3999,0.2096,0.0255,-0.0009
target,77,-2.0000,0.5000,1.3000,0.3000
param,77,1.0611,0.4471,0.9554,-0.0001
pos,78,-1.9830,-0.2194,1.2104,0.3243
input,78,-0.3955,0.2165,0.0221,0.0036
target,78,-2.0000,0.5000,1.3000,0.3000
param,78,1.0611,0.4471,0.9554,-0.0001
pos,79,-1.9841,-0.2061,1.2102,0.3246
input,79,-0.3955,0.2165,0.0221,0.0036
target,79,-2.0000,0.5000,1.3000,0.3000
param,79,1.0611,0.4471,0.9554,-0.0001
pos,80,-1.9850,-0.1937,1.2100,0.3249
input,80,-0.3955,0.2165,0.0221,0.0036
target,80,-2.0000,0.5000,1.3000,0.3000
param,80,1.0611,0.4471,0.9554,-0.0001
pos,81,-1.9862,-0.1791,1.2098,0.3253
input,81,-0.3909,0.2222,0.0197,0.0081
target,81,-2.0000,0.5000,1.3000,0.3000
param,81,1.0611,0.4471,0.9554,-0.0001
pos,82,-1.9871,-0.1645,1.2096,0.3259
input,82,-0.3909,0.2222,0.0197,0.0081
target,82,-2.0000,0.5000,1.3000,0.3000
param,82,1.0611,0.4471,0.9554,-0.0001
pos,83,-1.9879,-0.1509,1.2094,0.3258
input,83,-0.3909,0.2222,0.0197,0.0081
target,83,-2.0000,0.5000,1.3000,0.3000
param,83,1.0611,0.4471,0.9554,-0.0001
pos,84,-1.9887,-0.1373,1.2093,0.3261
input,84,-0.3851,0.2282,0.0175,0.0135
target,84,-2.0000,0.5000,1.3000,0.3000
param,84,1.0611,0.4471,0.9554,-0.0001
pos,85,-1.9895,-0.1236,1.2091,0.3269
input,85,-0.3851,0.2282,0.0175,0.0135
target,85,-2.0000,0.5000,1.3000,0.3000
param,85,1.0611,0.4471,0.9554,-0.0001
pos,86,-1.9903,-0.1088,1.2090,0.3277
input,86,-0.3851,0.2282,0.0175,0.0135
target,86,-2.0000,0.5000,1.3000,0.3000
param,86,1.0611,0.4471,0.9554,-0.0001
pos,87,-1.9910,-0.0941,1.2088,0.3281
input,87,-0.3789,0.2346,0.0136,0.0197
target,87,-2.0000,0.5000,1.3000,0.3000
param,87,1.0611,0.4471,0.9554,-0.0001
pos,88,-1.9916,-0.0804,1.2087,0.3288
input,88,-0.3789,0.2346,0.0136,0.0197
target,88,-2.0000,0.5000,1.3000,0.3000
param,88,1.0611,0.4471,0.9554,-0.0001
pos,89,-1.9920,-0.0666,1.2087,0.3291
input,89,-0.3789,0.2346,0.0136,0.0197
target,89,-2.0000,0.5000,1.3000,0.3000
param,89,1.0611,0.4471,0.9554,-0.0001
pos,90,-1.9925,-0.0537,1.2087,0.3291
input,90,-0.3720,0.2405,0.0098,0.0267
target,90,-2.0000,0.5000,1.3000,0.3000
param,90,1.0611,0.4471,0.9554,-0.0001
pos,91,-1.9929,-0.0385,1.2086,0.3293
input,91,-0.3720,0.2405,0.0098,0.0267
target,91,-2.0000,0.5000,1.3000,0.3000
param,91,1.0611,0.4471,0.9554,-0.0001
pos,92,-1.9932,-0.0244,1.2086,0.3300
input,92,-0.3720,0.2405,0.0098,0.0267
target,92,-2.0000,0.5000,1.3000,0.3000
param,92,1.0611,0.4471,0.9554,-0.0001
pos,93,-1.9934,-0.0093,1.2086,0.3310
input,93,-0.3644,0.2459,0.0057,0.0348
target,93,-2.0000,0.5000,1.3000,0.3000
param,93,1.0611,0.4471,0.9554,-0.0001
pos,94,-1.9935,0.0058,1.2086,0.3317
input,94,-0.3644,0.2459,0.0057,0.0348
target,94,-2.0000,0.5000,1.3000,0.3000
param,94,1.0611,0.4471,0.9554,-0.0001
pos,95,-1.9936,0.0209,1.2086,0.3321
input,95,-0.3582,0.2505,0.0006,0.0419
target,95,-2.0000,0.5000,1.3000,0.3000
param,95,1.0611,0.4471,0.9554,-0.0001
pos,96,-1.9936,0.0349,1.2087,0.3324
input,96,-0.3582,0.2505,0.0006,0.0419
target,96,-2.0000,0.5000,1.3000,0.3000
param,96,1.0611,0.4471,0.9554,-0.0001
pos,97,-1.9936,0.0500,1.2087,0.3327
input,97,-0.3519,0.2539,-0.0032,0.0492
target,97,-2.0000,0.5000,1.3000,0.3000
param,97,1.0611,0.4471,0.9554,-0.0001
pos,98,-1.9933,0.0651,1.2088,0.3339
input,98,-0.3519,0.2539,-0.0032,0.0492
target,98,-2.0000,0.5000,1.3000,0.3000
param,98,1.0611,0.4471,0.9554,-0.0001
pos,99,-1.9931,0.0792,1.2089,0.3344
input,99,-0.3444,0.2577,-0.0101,0.0579
target,99,-2.0000,0.5000,1.3000,0.3000
param,99,1.0611,0.4471,0.9554,-0.0001
pos,100,-1.9928,0.0944,1.2090,0.3349
input,100,-0.3444,0.2577,-0.0101,0.0579
target,100,-2.0000,0.5000,1.3000,0.3000
param,100,1.0611,0.4471,0.9554,-0.0001
pos,101,-1.9924,0.1086,1.2091,0.3351
input,101,-0.3323,0.2574,-0.0163,0.0669
target,101,-2.0000,0.5000,1.3000,0.3000
param,101,1.0611,0.4471,0.9554,-0.0001
pos,102,-1.9919,0.1240,1.2092,0.3356
input,102,-0.3133,0.2463,-0.0186,0.0698
target,102,-2.0000,0.5000,1.3000,0.3000
param,102,1.0611,0.4471,0.9554,-0.0001
pos,103,-1.9914,0.1372,1.2094,0.3358
input,103,-0.2929,0.2345,-0.0246,0.0737
target,103,-2.0000,0.5000,1.3000,0.3000
param,103,1.0611,0.4471,0.9554,-0.0001
pos,104,-1.9908,0.1517,1.2096,0.3364
input,104,-0.2763,0.2233,-0.0288,0.0769
target,104,-2.0000,0.5000,1.3000,0.3000
param,104,1.0611,0.4471,0.9554,-0.0001
pos,105,-1.9903,0.1642,1.2098,0.3365
input,105,-0.2582,0.2116,-0.0334,0.0797
target,105,-2.0000,0.5000,1.3000,0.3000
param,105,1.0611,0.4471,0.9554,-0.0001
pos,106,-1.9897,0.1750,1.2101,0.3364
input,106,-0.2436,0.2005,-0.0364,0.0820
target,106,-2.0000,0.5000,1.3000,0.3000
param,106,1.0611,0.4471,0.9554,-0.0000
pos,107,-1.9887,0.1906,1.2102,0.3380
input,107,-0.2321,0.1901,-0.0378,0.0834
target,107,-2.0000,0.5000,1.3000,0.3000
param,107,1.0611,0.4471,0.9554,-0.0001
pos,108,-1.9876,0.2072,1.2103,0.3392
input,108,-0.2135,0.1779,-0.0435,0.0851
target,108,-2.0000,0.5000,1.3000,0.3000
param,108,1.0611,0.4471,0.9554,-0.0001
pos,109,-1.9864,0.2236,1.2105,0.3396
input,109,-0.1940,0.1649,-0.0480,0.0874
target,109,-2.0000,0.5000,1.3000,0.3000
param,109,1.0611,0.4471,0.9554,-0.0001
pos,110,-1.9851,0.2399,1.2106,0.3402
input,110,-0.1754,0.1516,-0.0509,0.0894
target,110,-2.0000,0.5000,1.3000,0.3000
param,110,1.0611,0.4471,0.9554,-0.0001
pos,111,-1.9839,0.2560,1.2108,0.3407
input,111,-0.1575,0.1383,-0.0533,0.0910
target,111,-2.0000,0.5000,1.3000,0.3000
param,111,1.0611,0.4471,0.9554,-0.0001
pos,112,-1.9824,0.2720,1.2110,0.3411
input,112,-0.1554,0.1366,-0.0548,0.0914
target,112,-2.0000,0.5000,1.3000,0.3000
param,112,1.0611,0.4471,0.9554,-0.0001
pos,113,-1.9811,0.2868,1.2113,0.3418
input,113,-0.1385,0.1234,-0.0563,0.0923
target,113,-2.0000,0.5000,1.3000,0.3000
param,113,1.0611,0.4471,0.9554,-0.0001
pos,114,-1.9796,0.3027,1.2115,0.3423
input,114,-0.1088,0.0994,-0.0578,0.0936
target,114,-2.0000,0.5000,1.3000,0.3000
param,114,1.0611,0.4471,0.9554,-0.0001
pos,115,-1.9779,0.3175,1.2117,0.3429
input,115,-0.0933,0.0862,-0.0584,0.0938
target,115,-2.0000,0.5000,1.3000,0.3000
param,115,1.0611,0.4471,0.9554,-0.0001
pos,116,-1.9762,0.3334,1.2120,0.3433
input,116,-0.0797,0.0737,-0.0589,0.0938
target,116,-2.0000,0.5000,1.3000,0.3000
param,116,1.0611,0.4471,0.9554,-0.0000
pos,117,-1.9745,0.3492,1.2122,0.3434
input,117,-0.0650,0.0607,-0.0586,0.0936
target,117,-0.5000,0.5000,1.3000,0.3000
param,117,1.0611,0.4471,0.9554,-0.0000
pos,118,-1.9728,0.3628,1.2125,0.3430
input,118,-0.0642,0.0599,-0.0582,0.0929
target,118,-0.5000,0.5000,1.3000,0.3000
param,118,1.0611,0.4471,0.9554,-0.0000
pos,119,-1.9714,0.3745,1.2129,0.3422
input,119,0.2572,0.5156,0.0279,0.0408
target,119,-0.5000,0.5000,1.3000,0.3000
param,119,1.0611,0.4471,0.9554,-0.0000
pos,120,-1.9700,0.3856,1.2133,0.3419
input,120,0.2572,0.5156,0.0279,0.0408
target,120,-0.5000,0.5000,1.3000,0.3000
param,120,1.0611,0.4471,0.9554,-0.0000
pos,121,-1.9682,0.3982,1.2137,0.3422
input,121,0.2653,0.5130,0.0262,0.0401
target,121,-0.5000,0.5000,1.3000,0.3000
param,121,1.0611,0.4471,0.9554,-0.0000
pos,122,-1.9658,0.4153,1.2139,0.3430
input,122,0.2653,0.5130,0.0262,0.0401
target,122,-0.5000,0.5000,1.3000,0.3000
param,122,1.0611,0.4471,0.9554,-0.0000
pos,123,-1.9636,0.4311,1.2142,0.3435
input,123,0.2732,0.5111,0.0225,0.0405
target,123,-0.5000,0.5000,1.3000,0.3000
param,123,1.0611,0.4471,0.9554,-0.0000
pos,124,-1.9611,0.4468,1.2145,0.3442
input,124,0.2732,0.5111,0.0225,0.0405
target,124,-0.5000,0.5000,1.3000,0.3000
param,124,1.0611,0.4471,0.9554,-0.0000
pos,125,-1.9587,0.4623,1.2149,0.3447
input,125,0.2819,0.5088,0.0183,0.0408
target,125,-0.5000,0.5000,1.3000,0.3000
param,125,1.0611,0.4471,0.9554,-0.0000
pos,126,-1.9561,0.4777,1.2154,0.3450
input,126,0.2819,0.5088,0.0183,0.0408
target,126,-0.5000,0.5000,1.3000,0.3000
param,126,1.0611,0.4471,0.9554,-0.0000
pos,127,-1.9536,0.4929,1.2159,0.3458
input,127,0.2908,0.5061,0.0142,0.0411
target,127,-0.5000,0.5000,1.3000,0.3000
param,127,1.0611,0.4471,0.9554,-0.0000
pos,128,-1.9507,0.5091,1.2164,0.3461
input,128,0.2908,0.5061,0.0142,0.0411
target,128,-0.5000,0.5000,1.3000,0.3000
param,128,1.0611,0.4471,0.9554,-0.0000
pos,129,-1.9479,0.5250,1.2170,0.3464
input,129,0.3003,0.5030,0.0097,0.0412
target,129,-0.5000,0.5000,1.3000,0.3000
param,129,1.0611,0.4471,0.9554,-0.0000
pos,130,-1.9450,0.5406,1.2177,0.3472
input,130,0.3003,0.5030,0.0097,0.0412
target,130,-0.5000,0.5000,1.3000,0.3000
param,130,1.0611,0.4471,0.9554,-0.0000
pos,131,-1.9422,0.5550,1.2184,0.3473
input,131,0.3103,0.4994,0.0049,0.0412
target,131,-0.5000,0.5000,1.3000,0.3000
param,131,1.0611,0.4471,0.9554,-0.0000
pos,132,-1.9392,0.5693,1.2192,0.3464
input,132,0.3103,0.4994,0.0049,0.0412
target,132,-0.5000,0.5000,1.3000,0.3000
param,132,1.0611,0.4471,0.9554,-0.0000
pos,133,-1.9360,0.5834,1.2201,0.3457
input,133,0.3195,0.4957,0.0013,0.0413
target,133,-0.5000,0.5000,1.3000,0.3000
param,133,1.0611,0.4471,0.9554,-0.0000
pos,134,-1.9328,0.5971,1.2209,0.3455
input,134,0.3195,0.4957,0.0013,0.0413
target,134,-0.5000,0.5000,1.3000,0.3000
param,134,1.0611,0.4471,0.9554,-0.0000
pos,135,-1.9294,0.6106,1.2218,0.3449
input,135,0.3290,0.4916,-0.0025,0.0412
target,135,-0.5000,0.5000,1.3000,0.3000
param,135,1.0611,0.4471,0.9554,-0.0000
pos,136,-1.9258,0.6239,1.2228,0.3438
input,136,0.3290,0.4916,-0.0025,0.0412
target,136,-0.5000,0.5000,1.3000,0.3000
param,136,1.0611,0.4471,0.9554,-0.0000
pos,137,-1.9224,0.6360,1.2237,0.3426
input,137,0.3387,0.4869,-0.0062,0.0410
target,137,-0.5000,0.5000,1.3000,0.3000
param,137,1.0611,0.4471,0.9554,-0.0000
pos,138,-1.9186,0.6490,1.2246,0.3417
input,138,0.3387,0.4869,-0.0062,0.0410
target,138,-0.5000,0.5000,1.3000,0.3000
param,138,1.0611,0.4471,0.9554,-0.0000
pos,139,-1.9146,0.6616,1.2256,0.3406
input,139,0.3484,0.4819,-0.0096,0.0407
target,139,-0.5000,0.5000,1.3000,0.3000
param,139,1.0611,0.4471,0.9554,-0.0000
pos,140,-1.9107,0.6732,1.2265,0.3391
input,140,0.3484,0.4819,-0.0096,0.0407
target,140,-0.5000,0.5000,1.3000,0.3000
param,140,1.0611,0.4471,0.9554,-0.0000
pos,141,-1.9061,0.6853,1.2275,0.3376
input,141,0.3584,0.4764,-0.0131,0.0403
target,141,-0.5000,0.5000,1.3000,0.3000
param,141,1.0611,0.4471,0.9554,-0.0000
pos,142,-1.9013,0.6972,1.2284,0.3359
input,142,0.3584,0.4764,-0.0131,0.0403
target,142,-0.5000,0.5000,1.3000,0.3000
param,142,1.0611,0.4471,0.9554,-0.0000
pos,143,-1.8963,0.7088,1.2293,0.3343
input,143,0.3689,0.4700,-0.0165,0.0398
target,143,-0.5000,0.5000,1.3000,0.3000
param,143,1.0611,0.4471,0.9554,-0.0000
pos,144,-1.8906,0.7209,1.2302,0.3329
input,144,0.3689,0.4700,-0.0165,0.0398
target,144,-0.5000,0.5000,1.3000,0.3000
param,144,1.0611,0.4471,0.9554,-0.0000
pos,145,-1.8856,0.7309,1.2312,0.3313
input,145,0.3608,0.4607,-0.0164,0.0376
target,145,-0.5000,0.5000,1.3000,0.3000
param,145,1.0611,0.4471,0.9554,-0.0000
pos,146,-1.8808,0.7402,1.2320,0.3291
input,146,0.3800,0.4627,-0.0203,0.0391
target,146,-0.5000,0.5000,1.3000,0.3000
param,146,1.0611,0.4471,0.9554,-0.0000
pos,147,-1.8746,0.7506,1.2329,0.3276
input,147,0.3901,0.4555,-0.0231,0.0385
target,147,-0.5000,0.5000,1.3000,0.3000
param,147,1.0611,0.4471,0.9554,-0.0000
pos,148,-1.8682,0.7608,1.2338,0.3254
input,148,0.3958,0.4511,-0.0249,0.0383
target,148,-0.5000,0.5000,1.3000,0.3000
param,148,1.0611,0.4471,0.9554,-0.0000
pos,149,-1.8615,0.7708,1.2347,0.3234
input,149,0.3873,0.4420,-0.0236,0.0363
target,149,-0.5000,0.5000,1.3000,0.3000
param,149,1.0611,0.4471,0.9554,-0.0000
pos,150,-1.8418,0.7807,1.2351,0.3235
input,150,0.3929,0.4375,-0.0247,0.0359
target,150,-0.5000,0.5000,1.3000,0.3000
param,150,1.0611,0.4471,0.9554,-0.0000
pos,151,-1.8224,0.7915,1.2357,0.3245
input,151,0.3849,0.4290,-0.0231,0.0341
target,151,-0.5000,0.5000,1.3000,0.3000
param,151,1.0611,0.4471,0.9554,-0.0000
pos,152,-1.8049,0.8014,1.2363,0.3253
input,152,0.3905,0.4243,-0.0242,0.0338
target,152,-0.5000,0.5000,1.3000,0.3000
param,152,1.0611,0.4471,0.9554,-0.0000
pos,153,-1.7880,0.8114,1.2369,0.3269
input,153,0.4095,0.4229,-0.0296,0.0341
target,153,-0.5000,0.5000,1.3000,0.3000
param,153,1.0611,0.4471,0.9554,-0.0000
pos,154,-1.7726,0.8206,1.2375,0.3288
input,154,0.4147,0.4178,-0.0313,0.0335
target,154,-0.5000,0.5000,1.3000,0.3000
param,154,1.0611,0.4471,0.9554,-0.0000
pos,155,-1.7573,0.8299,1.2382,0.3303
input,155,0.4064,0.4096,-0.0287,0.0321
target,155,-0.5000,0.5000,1.3000,0.3000
param,155,1.0611,0.4471,0.9554,-0.0000
pos,156,-1.7426,0.8389,1.2387,0.3322
input,156,0.4117,0.4041,-0.0308,0.0314
target,156,-0.5000,0.5000,1.3000,0.3000
param,156,1.0611,0.4471,0.9554,0.0000
pos,157,-1.7285,0.8475,1.2393,0.3337
input,157,0.4436,0.4045,-0.0441,0.0309
target,157,-0.5000,0.5000,1.3000,0.3000
param,157,1.0611,0.4471,0.9554,0.0000
pos,158,-1.7148,0.8557,1.2399,0.3349
input,158,0.4480,0.3989,-0.0461,0.0299
target,158,-0.5000,0.5000,1.3000,0.3000
param,158,1.0611,0.4471,0.9554,0.0000
pos,159,-1.7014,0.8636,1.2404,0.3368
input,159,0.4480,0.3989,-0.0461,0.0299
target,159,-0.5000,0.5000,1.3000,0.3000
param,159,1.0611,0.4471,0.9554,0.0000
pos,160,-1.6890,0.8706,1.2409,0.3379
input,160,0.4563,0.3877,-0.0504,0.0277
target,160,-0.5000,0.5000,1.3000,0.3000
param,160,1.0611,0.4471,0.9554,0.0000
pos,161,-1.6759,0.8778,1.2414,0.3392
input,161,0.4563,0.3877,-0.0504,0.0277
target,161,-0.5000,0.5000,1.3000,0.3000
param,161,1.0611,0.4471,0.9554,0.0000
pos,162,-1.6629,0.8845,1.2418,0.3401
input,162,0.4635,0.3770,-0.0533,0.0258
target,162,-0.5000,0.5000,1.3000,0.3000
param,162,1.0611,0.4471,0.9554,0.0000
pos,163,-1.6508,0.8907,1.2423,0.3409
input,163,0.4635,0.3770,-0.0533,0.0258
target,163,-0.5000,0.5000,1.3000,0.3000
param,163,1.0611,0.4471,0.9554,0.0000
pos,164,-1.6395,0.8962,1.2427,0.3416
input,164,0.4700,0.3665,-0.0554,0.0239
target,164,-0.5000,0.5000,1.3000,0.3000
param,164,1.0611,0.4471,0.9554,0.0000
pos,165,-1.6263,0.9021,1.2431,0.3417
input,165,0.4700,0.3665,-0.0554,0.0239
target,165,-0.5000,0.5000,1.3000,0.3000
param,165,1.0611,0.4471,0.9554,0.0000
pos,166,-1.6131,0.9075,1.2436,0.3417
input,166,0.4756,0.3565,-0.0565,0.0221
target,166,-0.5000,0.5000,1.3000,0.3000
param,166,1.0611,0.4471,0.9554,0.0000
pos,167,-1.5999,0.9127,1.2440,0.3420
input,167,0.4756,0.3565,-0.0565,0.0221
target,167,-0.5000,0.5000,1.3000,0.3000
param,167,1.0611,0.4471,0.9554,0.0000
pos,168,-1.5867,0.9174,1.2445,0.3418
input,168,0.4811,0.3457,-0.0572,0.0202
target,168,-0.5000,0.5000,1.3000,0.3000
param,168,1.0611,0.4471,0.9554,0.0000
pos,169,-1.5734,0.9219,1.2450,0.3417
input,169,0.4811,0.3457,-0.0572,0.0202
target,169,-0.5000,0.5000,1.3000,0.3000
param,169,1.0611,0.4471,0.9554,0.0001
pos,170,-1.5600,0.9259,1.2454,0.3412
input,170,0.4860,0.3351,-0.0571,0.0183
target,170,-0.5000,0.5000,1.3000,0.3000
param,170,1.0611,0.4471,0.9554,0.0001
pos,171,-1.5466,0.9297,1.2459,0.3407
input,171,0.4860,0.3351,-0.0571,0.0183
target,171,-0.5000,0.5000,1.3000,0.3000
param,171,1.0611,0.4471,0.9554,0.0001
pos,172,-1.5330,0.9332,1.2464,0.3392
input,172,0.4903,0.3246,-0.0563,0.0164
target,172,-0.5000,0.5000,1.3000,0.3000
param,172,1.0611,0.4471,0.9554,0.0001
pos,173,-1.5202,0.9362,1.2468,0.3383
input,173,0.4903,0.3246,-0.0563,0.0164
target,173,-0.5000,0.5000,1.3000,0.3000
param,173,1.0611,0.4471,0.9554,0.0001
pos,174,-1.5073,0.9389,1.2471,0.3379
input,174,0.4939,0.3146,-0.0540,0.0146
target,174,-0.5000,0.5000,1.3000,0.3000
param,174,1.0611,0.4471,0.9554,0.0001
pos,175,-1.4931,0.9414,1.2476,0.3368
input,175,0.4939,0.3146,-0.0540,0.0146
target,175,-0.5000,0.5000,1.3000,0.3000
param,175,1.0611,0.4471,0.9554,0.0001
pos,176,-1.4802,0.9436,1.2479,0.3355
input,176,0.4973,0.3040,-0.0524,0.0130
target,176,-0.5000,0.5000,1.3000,0.3000
param,176,1.0610,0.4471,0.9554,0.0001
pos,177,-1.4667,0.9455,1.2483,0.3337
input,177,0.4973,0.3040,-0.0524,0.0130
target,177,-0.5000,0.5000,1.3000,0.3000
param,177,1.0610,0.4471,0.9554,0.0001
pos,178,-1.4540,0.9470,1.2487,0.3325
input,178,0.5000,0.2941,-0.0491,0.0115
target,178,-0.5000,0.5000,1.3000,0.3000
param,178,1.0610,0.4471,0.9554,0.0001
pos,179,-1.4389,0.9482,1.2490,0.3309
input,179,0.5000,0.2941,-0.0491,0.0115
target,179,-0.5000,0.5000,1.3000,0.3000
param,179,1.0610,0.4471,0.9554,0.0001
pos,180,-1.4242,0.9491,1.2493,0.3294
input,180,0.5025,0.2834,-0.0461,0.0099
target,180,-0.5000,0.5000,1.3000,0.3000
param,180,1.0610,0.4471,0.9554,0.0001
pos,181,-1.4094,0.9497,1.2497,0.3278
input,181,0.5025,0.2834,-0.0461,0.0099
target,181,-0.5000,0.5000,1.3000,0.3000
param,181,1.0610,0.4471,0.9554,0.0001
pos,182,-1.3959,0.9501,1.2499,0.3262
input,182,0.5048,0.2713,-0.0427,0.0083
target,182,-0.5000,0.5000,1.3000,0.3000
param,182,1.0610,0.4471,0.9554,0.0001
pos,183,-1.3822,0.9503,1.2502,0.3250
input,183,0.5048,0.2713,-0.0427,0.0083
target,183,-0.5000,0.5000,1.3000,0.3000
param,183,1.0610,0.4471,0.9554,0.0001
pos,184,-1.3690,0.9501,1.2504,0.3241
input,184,0.5066,0.2596,-0.0388,0.0069
target,184,-0.5000,0.5000,1.3000,0.3000
param,184,1.0610,0.4471,0.9554,0.0001
pos,185,-1.3545,0.9495,1.2507,0.3223
input,185,0.5066,0.2596,-0.0388,0.0069
target,185,-0.5000,0.5000,1.3000,0.3000
param,185,1.0610,0.4471,0.9554,0.0000
pos,186,-1.3392,0.9486,1.2510,0.3201
input,186,0.5079,0.2476,-0.0351,0.0057
target,186,-0.5000,0.5000,1.3000,0.3000
param,186,1.0610,0.4471,0.9554,0.0000
pos,187,-1.3250,0.9475,1.2512,0.3188
input,187,0.5084,0.2409,-0.0312,0.0049
target,187,-0.5000,0.5000,1.3000,0.3000
param,187,1.0610,0.4471,0.9554,0.0000
pos,188,-1.3091,0.9457,1.2516,0.3174
input,188,0.5089,0.2342,-0.0291,0.0043
target,188,-0.5000,0.5000,1.3000,0.3000
param,188,1.0610,0.4471,0.9554,0.0000
pos,189,-1.2953,0.9441,1.2520,0.3164
input,189,0.5093,0.2267,-0.0272,0.0035
target,189,-0.5000,0.5000,1.3000,0.3000
param,189,1.0610,0.4471,0.9554,0.0000
pos,190,-1.2804,0.9421,1.2522,0.3145
input,190,0.5096,0.2202,-0.0256,0.0029
target,190,-0.5000,0.5000,1.3000,0.3000
param,190,1.0610,0.4471,0.9554,0.0000
pos,191,-1.2676,0.9403,1.2524,0.3130
input,191,0.5096,0.2131,-0.0230,0.0024
target,191,-0.5000,0.5000,1.3000,0.3000
param,191,1.0610,0.4471,0.9554,0.0000
pos,192,-1.2515,0.9374,1.2527,0.3107
input,192,0.5096,0.2131,-0.0230,0.0024
target,192,-0.5000,0.5000,1.3000,0.3000
param,192,1.0610,0.4471,0.9554,0.0000
pos,193,-1.2356,0.9343,1.2529,0.3081
input,193,0.5091,0.1991,-0.0189,0.0014
target,193,-0.5000,0.5000,1.3000,0.3000
param,193,1.0610,0.4471,0.9554,0.0000
pos,194,-1.2220,0.9316,1.2531,0.3060
input,194,0.5086,0.1911,-0.0138,0.0009
target,194,-0.5000,0.5000,1.3000,0.3000
param,194,1.0610,0.4471,0.9554,0.0000
pos,195,-1.2103,0.9293,1.2533,0.3044
input,195,0.5081,0.1844,-0.0106,0.0006
target,195,-0.5000,0.5000,1.3000,0.3000
param,195,1.0610,0.4471,0.9554,0.0000
pos,196,-1.1992,0.9269,1.2535,0.3029
input,196,0.5081,0.1844,-0.0106,0.0006
target,196,-0.5000,0.5000,1.3000,0.3000
param,196,1.0610,0.4471,0.9554,0.0000
pos,197,-1.1827,0.9224,1.2537,0.3004
input,197,0.5071,0.1734,-0.0072,0.0004
target,197,-0.5000,0.5000,1.3000,0.3000
param,197,1.0610,0.4471,0.9554,0.0000
pos,198,-1.1665,0.9177,1.2540,0.2975
input,198,0.5059,0.1641,-0.0025,0.0000
target,198,-0.5000,0.5000,1.3000,0.3000
param,198,1.0610,0.4471,0.9554,0.0000
pos,199,-1.1517,0.9133,1.2542,0.2950
input,199,0.5044,0.1550,0.0024,-0.0003
target,199,-0.5000,0.5000,1.3000,0.3000
param,199,1.0610,0.4471,0.9554,-0.0000
pos,200,-1.1360,0.9082,1.2545,0.2927
input,200,0.5029,0.1466,0.0069,-0.0004
target,200,-0.5000,0.5000,1.3000,0.3000
param,200,1.0610,0.4471,0.9554,-0.0000
pos,201,-1.1215,0.9034,1.2548,0.2901
input,201,0.5012,0.1371,0.0111,-0.0006
target,201,-0.5000,0.5000,1.3000,0.3000
param,201,1.0610,0.4471,0.9554,-0.0000
pos,202,-1.1071,0.8984,1.2550,0.2878
input,202,0.4992,0.1285,0.0160,-0.0007
target,202,-0.5000,0.5000,1.3000,0.3000
param,202,1.0610,0.4471,0.9554,-0.0000
pos,203,-1.0920,0.8927,1.2553,0.2853
input,203,0.4972,0.1195,0.0201,-0.0006
target,203,-0.5000,0.5000,1.3000,0.3000
param,203,1.0610,0.4471,0.9554,-0.0000
pos,204,-1.0770,0.8868,1.2555,0.2835
input,204,0.4947,0.1096,0.0250,-0.0006
target,204,-0.5000,0.5000,1.3000,0.3000
param,204,1.0610,0.4471,0.9554,-0.0000
pos,205,-1.0642,0.8817,1.2557,0.2824
input,205,0.4922,0.0993,0.0289,-0.0003
target,205,-0.5000,0.5000,1.3000,0.3000
param,205,1.0610,0.4471,0.9554,-0.0000
pos,206,-1.0503,0.8759,1.2559,0.2810
input,206,0.4902,0.0909,0.0318,0.0001
target,206,-0.5000,0.5000,1.3000,0.3000
param,206,1.0610,0.4471,0.9554,-0.0000
pos,207,-1.0366,0.8698,1.2561,0.2793
input,207,0.4877,0.0811,0.0348,0.0005
target,207,-0.5000,0.5000,1.3000,0.3000
param,207,1.0610,0.4471,0.9554,-0.0000
pos,208,-1.0240,0.8641,1.2564,0.2778
input,208,0.4848,0.0714,0.0387,0.0010
target,208,-0.5000,0.5000,1.3000,0.3000
param,208,1.0610,0.4471,0.9554,-0.0000
pos,209,-1.0132,0.8591,1.2566,0.2769
input,209,0.4822,0.0628,0.0420,0.0017
target,209,-0.5000,0.5000,1.3000,0.3000
param,209,1.0610,0.4471,0.9554,-0.0000
pos,210,-0.9993,0.8522,1.2569,0.2752
input,210,0.4803,0.0562,0.0439,0.0024
target,210,-0.5000,0.5000,1.3000,0.3000
param,210,1.0610,0.4471,0.9554,-0.0000
pos,211,-0.9857,0.8452,1.2571,0.2737
input,211,0.4691,0.0448,0.0465,0.0031
target,211,-0.5000,0.5000,1.3000,0.3000
param,211,1.0610,0.4471,0.9554,-0.0000
pos,212,-0.9714,0.8374,1.2573,0.2719
input,212,0.4500,0.0334,0.0489,0.0049
target,212,-0.5000,0.5000,1.3000,0.3000
param,212,1.0610,0.4471,0.9554,-0.0000
pos,213,-0.9582,0.8300,1.2576,0.2703
input,213,0.4296,0.0220,0.0519,0.0075
target,213,-0.5000,0.5000,1.3000,0.3000
param,213,1.0610,0.4471,0.9554,-0.0000
pos,214,-0.9443,0.8219,1.2578,0.2690
input,214,0.4116,0.0132,0.0541,0.0102
target,214,-0.5000,0.5000,1.3000,0.3000
param,214,1.0610,0.4471,0.9554,-0.0001
pos,215,-0.9307,0.8136,1.2580,0.2675
input,215,0.3926,0.0040,0.0549,0.0128
target,215,-0.5000,0.5000,1.3000,0.3000
param,215,1.0610,0.4471,0.9554,-0.0001
pos,216,-0.9182,0.8059,1.2582,0.2665
input,216,0.3741,-0.0039,0.0565,0.0154
target,216,-0.5000,0.5000,1.3000,0.3000
param,216,1.0610,0.4471,0.9554,-0.0001
pos,217,-0.9050,0.7972,1.2583,0.2664
input,217,0.3581,-0.0095,0.0563,0.0179
target,217,-0.5000,0.5000,1.3000,0.3000
param,217,1.0610,0.4471,0.9554,-0.0001
pos,218,-0.8920,0.7885,1.2584,0.2657
input,218,0.3409,-0.0160,0.0540,0.0202
target,218,-0.5000,0.5000,1.3000,0.3000
param,218,1.0610,0.4471,0.9554,-0.0001
pos,219,-0.8794,0.7796,1.2586,0.2652
input,219,0.3239,-0.0212,0.0531,0.0226
target,219,-0.5000,0.5000,1.3000,0.3000
param,219,1.0610,0.4471,0.9554,-0.0001
pos,220,-0.8669,0.7705,1.2587,0.2641
input,220,0.3075,-0.0254,0.0517,0.0248
target,220,-0.5000,0.5000,1.3000,0.3000
param,220,1.0610,0.4471,0.9554,-0.0001
pos,221,-0.8556,0.7621,1.2589,0.2635
input,221,0.2913,-0.0285,0.0512,0.0269
target,221,-0.5000,0.5000,1.3000,0.3000
param,221,1.0610,0.4471,0.9554,-0.0001
pos,222,-0.8435,0.7527,1.2590,0.2630
input,222,0.2777,-0.0296,0.0496,0.0288
target,222,-0.5000,0.5000,1.3000,0.3000
param,222,1.0610,0.4471,0.9554,-0.0001
pos,223,-0.8315,0.7433,1.2591,0.2629
input,223,0.2623,-0.0314,0.0478,0.0304
target,223,-0.5000,0.5000,1.3000,0.3000
param,223,1.0610,0.4471,0.9554,-0.0001
pos,224,-0.8214,0.7351,1.2593,0.2632
input,224,0.2474,-0.0326,0.0453,0.0321
target,224,-0.5000,0.5000,1.3000,0.3000
param,224,1.0610,0.4471,0.9554,-0.0001
pos,225,-0.8105,0.7259,1.2594,0.2633
input,225,0.2436,-0.0339,0.0440,0.0338
target,225,-0.5000,0.5000,1.3000,0.3000
param,225,1.0610,0.4471,0.9554,-0.0001
pos,226,-0.7998,0.7165,1.2595,0.2638
input,226,0.2231,-0.0306,0.0390,0.0348
target,226,-0.5000,0.5000,1.3000,0.3000
param,226,1.0610,0.4471,0.9554,-0.0001
pos,227,-0.7897,0.7077,1.2596,0.2641
input,227,0.2100,-0.0295,0.0357,0.0361
target,227,-0.5000,0.5000,1.3000,0.3000
param,227,1.0610,0.4471,0.9554,-0.0001
pos,228,-0.7783,0.6971,1.2596,0.2644
input,228,0.1988,-0.0270,0.0327,0.0372
target,228,-0.5000,0.5000,1.3000,0.3000
param,228,1.0610,0.4471,0.9554,-0.0001
pos,229,-0.7672,0.6865,1.2596,0.2645
input,229,0.1840,-0.0263,0.0300,0.0382
target,229,-0.5000,0.5000,1.3000,0.3000
param,229,1.0610,0.4471,0.9554,-0.0001
pos,230,-0.7563,0.6759,1.2597,0.2646
input,230,0.1697,-0.0249,0.0281,0.0394
target,230,-0.5000,0.5000,1.3000,0.3000
param,230,1.0610,0.4471,0.9554,-0.0001
pos,231,-0.7464,0.6660,1.2598,0.2652
input,231,0.1670,-0.0256,0.0274,0.0399
target,231,-0.5000,0.5000,1.3000,0.3000
param,231,1.0610,0.4471,0.9554,-0.0001
pos,232,-0.7360,0.6552,1.2598,0.2650
input,232,0.1437,-0.0199,0.0242,0.0411
target,232,-0.5000,0.5000,1.3000,0.3000
param,232,1.0610,0.4471,0.9554,-0.0001
pos,233,-0.7265,0.6452,1.2599,0.2651
input,233,0.1414,-0.0205,0.0236,0.0413
target,233,-0.5000,0.5000,1.3000,0.3000
param,233,1.0610,0.4471,0.9554,-0.0001
pos,234,-0.7164,0.6342,1.2599,0.2655
input,234,0.1187,-0.0134,0.0226,0.0421
target,234,-0.5000,0.5000,1.3000,0.3000
param,234,1.0610,0.4471,0.9554,-0.0001
pos,235,-0.7072,0.6239,1.2599,0.2664
input,235,0.1168,-0.0139,0.0221,0.0422
target,235,-0.5000,0.5000,1.3000,0.3000
param,235,1.0610,0.4471,0.9554,-0.0001
pos,236,-0.6975,0.6128,1.2600,0.2666
input,236,0.0944,-0.0061,0.0193,0.0429
target,236,-0.5000,0.5000,1.3000,0.3000
param,236,1.0610,0.4471,0.9554,-0.0001
pos,237,-0.6894,0.6033,1.2600,0.2672
input,237,0.0819,-0.0025,0.0188,0.0430
target,237,-0.5000,0.5000,1.3000,0.3000
param,237,1.0610,0.4471,0.9554,-0.0001
pos,238,-0.6806,0.5927,1.2601,0.2680
input,238,0.0731,0.0030,0.0179,0.0430
target,238,-0.5000,0.5000,1.3000,0.3000
param,238,1.0610,0.4471,0.9554,-0.0001
pos,239,-0.6714,0.5814,1.2601,0.2692
input,239,0.0624,0.0075,0.0167,0.0430
target,239,-0.5000,0.5000,1.3000,0.3000
param,239,1.0610,0.4471,0.9554,-0.0001
pos,240,-0.6624,0.5700,1.2600,0.2710
input,240,0.0502,0.0113,0.0152,0.0429
target,240,-0.5000,-1.0000,1.3000,0.3000
param,240,1.0610,0.4471,0.9554,-0.0001
pos,241,-0.6542,0.5595,1.2601,0.2731
input,241,0.0494,0.0108,0.0150,0.0425
target,241,-0.5000,-1.0000,1.3000,0.3000
param,241,1.0610,0.4471,0.9554,-0.0001
pos,242,-0.6469,0.5497,1.2601,0.2749
input,242,0.4300,-0.0882,0.0310,-0.0527
target,242,-0.5000,-1.0000,1.3000,0.3000
param,242,1.0611,0.4471,0.9554,-0.0001
pos,243,-0.6395,0.5391,1.2602,0.2767
input,243,0.4300,-0.0882,0.0310,-0.0527
target,243,-0.5000,-1.0000,1.3000,0.3000
param,243,1.0611,0.4471,0.9554,-0.0001
pos,244,-0.6318,0.5279,1.2603,0.2787
input,244,0.4300,-0.0882,0.0310,-0.0527
target,244,-0.5000,-1.0000,1.3000,0.3000
param,244,1.0611,0.4471,0.9554,-0.0001
pos,245,-0.6252,0.5175,1.2604,0.2812
input,245,0.4292,-0.0955,0.0283,-0.0522
target,245,-0.5000,-1.0000,1.3000,0.3000
param,245,1.0611,0.4471,0.9554,-0.0001
pos,246,-0.6183,0.5065,1.2606,0.2835
input,246,0.4292,-0.0955,0.0283,-0.0522
target,246,-0.5000,-1.0000,1.3000,0.3000
param,246,1.0611,0.4471,0.9554,-0.0001
pos,247,-0.6117,0.4957,1.2608,0.2855
input,247,0.4292,-0.0955,0.0283,-0.0522
target,247,-0.5000,-1.0000,1.3000,0.3000
param,247,1.0611,0.4471,0.9554,-0.0001
pos,248,-0.6054,0.4852,1.2611,0.2871
input,248,0.4274,-0.1043,0.0288,-0.0520
target,248,-0.5000,-1.0000,1.3000,0.3000
param,248,1.0611,0.4471,0.9554,-0.0001
pos,249,-0.5995,0.4748,1.2614,0.2884
input,249,0.4274,-0.1043,0.0288,-0.0520
target,249,-0.5000,-1.0000,1.3000,0.3000
param,249,1.0611,0.4471,0.9554,-0.0001
pos,250,-0.5947,0.4659,1.2618,0.2897
input,250,0.4274,-0.1043,0.0288,-0.0520
target,250,-0.5000,-1.0000,1.3000,0.3000
param,250,1.0611,0.4471,0.9554,-0.0001
pos,251,-0.5895,0.4563,1.2621,0.2913
input,251,0.4248,-0.1120,0.0301,-0.0516
target,251,-0.5000,-1.0000,1.3000,0.3000
param,251,1.0611,0.4471,0.9554,-0.0001
pos,252,-0.5849,0.4475,1.2625,0.2925
input,252,0.4248,-0.1120,0.0301,-0.0516
target,252,-0.5000,-1.0000,1.3000,0.3000
param,252,1.0611,0.4471,0.9554,-0.0001
pos,253,-0.5812,0.4400,1.2630,0.2936
input,253,0.4248,-0.1120,0.0301,-0.0516
target,253,-0.5000,-1.0000,1.3000,0.3000
param,253,1.0611,0.4471,0.9554,-0.0001
pos,254,-0.5755,0.4297,1.2633,0.2948
input,254,0.4220,-0.1198,0.0312,-0.0510
target,254,-0.5000,-1.0000,1.3000,0.3000
param,254,1.0611,0.4471,0.9554,-0.0001
pos,255,-0.5700,0.4195,1.2636,0.2968
input,255,0.4220,-0.1198,0.0312,-0.0510
target,255,-0.5000,-1.0000,1.3000,0.3000
param,255,1.0611,0.4471,0.9554,-0.0001
pos,256,-0.5649,0.4102,1.2639,0.2979
input,256,0.4194,-0.1270,0.0322,-0.0504
target,256,-0.5000,-1.0000,1.3000,0.3000
param,256,1.0611,0.4471,0.9554,-0.0001
pos,257,-0.5601,0.4010,1.2643,0.2987
input,257,0.4194,-0.1270,0.0322,-0.0504
target,257,-0.5000,-1.0000,1.3000,0.3000
param,257,1.0611,0.4471,0.9554,-0.0001
pos,258,-0.5548,0.3912,1.2646,0.2999
input,258,0.4194,-0.1270,0.0322,-0.0504
target,258,-0.5000,-1.0000,1.3000,0.3000
param,258,1.0611,0.4471,0.9554,-0.0001
pos,259,-0.5497,0.3817,1.2649,0.3007
input,259,0.4152,-0.1371,0.0330,-0.0498
target,259,-0.5000,-1.0000,1.3000,0.3000
param,259,1.0611,0.4471,0.9554,-0.0001
pos,260,-0.5451,0.3729,1.2652,0.3013
input,260,0.4152,-0.1371,0.0330,-0.0498
target,260,-0.5000,-1.0000,1.3000,0.3000
param,260,1.0611,0.4471,0.9554,-0.0001
pos,261,-0.5402,0.3635,1.2656,0.3019
input,261,0.4121,-0.1440,0.0352,-0.0491
target,261,-0.5000,-1.0000,1.3000,0.3000
param,261,1.0611,0.4471,0.9554,-0.0001
pos,262,-0.5356,0.3547,1.2658,0.3031
input,262,0.4121,-0.1440,0.0352,-0.0491
target,262,-0.5000,-1.0000,1.3000,0.3000
param,262,1.0611,0.4471,0.9554,-0.0001
pos,263,-0.5313,0.3461,1.2661,0.3036
input,263,0.4089,-0.1515,0.0361,-0.0484
target,263,-0.5000,-1.0000,1.3000,0.3000
param,263,1.0611,0.4471,0.9554,-0.0001
pos,264,-0.5265,0.3367,1.2664,0.3041
input,264,0.4089,-0.1515,0.0361,-0.0484
target,264,-0.5000,-1.0000,1.3000,0.3000
param,264,1.0611,0.4471,0.9554,-0.0001
pos,265,-0.5219,0.3276,1.2667,0.3046
input,265,0.4037,-0.1518,0.0307,-0.0419
target,265,-0.5000,-1.0000,1.3000,0.3000
param,265,1.0611,0.4471,0.9554,-0.0001
pos,266,-0.5173,0.3184,1.2669,0.3052
input,266,0.4054,-0.1588,0.0375,-0.0476
target,266,-0.5000,-1.0000,1.3000,0.3000
param,266,1.0611,0.4471,0.9554,-0.0001
pos,267,-0.5128,0.3092,1.2672,0.3059
input,267,0.4002,-0.1591,0.0318,-0.0412
target,267,-0.5000,-1.0000,1.3000,0.3000
param,267,1.0611,0.4471,0.9554,-0.0001
pos,268,-0.5088,0.3007,1.2675,0.3066
input,268,0.4015,-0.1666,0.0387,-0.0469
target,268,-0.5000,-1.0000,1.3000,0.3000
param,268,1.0611,0.4471,0.9554,-0.0000
pos,269,-0.5044,0.2916,1.2677,0.3068
input,269,0.3965,-0.1668,0.0328,-0.0404
target,269,-0.5000,-1.0000,1.3000,0.3000
param,269,1.0611,0.4471,0.9554,-0.0000
pos,270,-0.5004,0.2831,1.2680,0.3070
input,270,0.3975,-0.1748,0.0398,-0.0460
target,270,-0.5000,-1.0000,1.3000,0.3000
param,270,1.0611,0.4471,0.9554,-0.0000
pos,271,-0.4964,0.2745,1.2683,0.3072
input,271,0.3932,-0.1827,0.0414,-0.0451
target,271,-0.5000,-1.0000,1.3000,0.3000
param,271,1.0611,0.4471,0.9554,-0.0000
pos,272,-0.4920,0.2650,1.2685,0.3079
input,272,0.3932,-0.1827,0.0414,-0.0451
target,272,-0.5000,-1.0000,1.3000,0.3000
param,272,1.0611,0.4471,0.9554,-0.0000
pos,273,-0.4830,0.2535,1.2679,0.3086
input,273,0.3887,-0.1912,0.0425,-0.0441
target,273,-0.5000,-1.0000,1.3000,0.3000
param,273,1.0611,0.4471,0.9554,-0.0000
pos,274,-0.4743,0.2414,1.2674,0.3099
input,274,0.3887,-0.1912,0.0425,-0.0441
target,274,-0.5000,-1.0000,1.3000,0.3000
param,274,1.0611,0.4471,0.9554,-0.0000
pos,275,-0.4665,0.2303,1.2669,0.3107
input,275,0.3839,-0.1909,0.0357,-0.0378
target,275,-0.5000,-1.0000,1.3000,0.3000
param,275,1.0611,0.4471,0.9554,-0.0000
pos,276,-0.4594,0.2193,1.2665,0.3118
input,276,0.3847,-0.1992,0.0434,-0.0430
target,276,-0.5000,-1.0000,1.3000,0.3000
param,276,1.0611,0.4471,0.9554,-0.0000
pos,277,-0.4532,0.2097,1.2661,0.3128
input,277,0.3813,-0.2059,0.0441,-0.0420
target,277,-0.5000,-1.0000,1.3000,0.3000
param,277,1.0611,0.4471,0.9554,-0.0000
pos,278,-0.4468,0.1986,1.2657,0.3142
input,278,0.3813,-0.2059,0.0441,-0.0420
target,278,-0.5000,-1.0000,1.3000,0.3000
param,278,1.0611,0.4471,0.9554,-0.0000
pos,279,-0.4406,0.1867,1.2654,0.3153
input,279,0.3813,-0.2059,0.0441,-0.0420
target,279,-0.5000,-1.0000,1.3000,0.3000
param,279,1.0611,0.4471,0.9554,-0.0000
pos,280,-0.4350,0.1757,1.2652,0.3164
input,280,0.3767,-0.2054,0.0368,-0.0358
target,280,-0.5000,-1.0000,1.3000,0.3000
param,280,1.0611,0.4471,0.9554,-0.0000
pos,281,-0.4296,0.1648,1.2650,0.3171
input,281,0.3770,-0.2151,0.0430,-0.0408
target,281,-0.5000,-1.0000,1.3000,0.3000
param,281,1.0611,0.4471,0.9554,-0.0000
pos,282,-0.4244,0.1531,1.2649,0.3177
input,282,0.3770,-0.2151,0.0430,-0.0408
target,282,-0.5000,-1.0000,1.3000,0.3000
param,282,1.0611,0.4471,0.9554,-0.0000
pos,283,-0.4197,0.1422,1.2648,0.3184
input,283,0.3727,-0.2230,0.0432,-0.0397
target,283,-0.5000,-1.0000,1.3000,0.3000
param,283,1.0611,0.4471,0.9554,-0.0000
pos,284,-0.4153,0.1321,1.2648,0.3194
input,284,0.3727,-0.2230,0.0432,-0.0397
target,284,-0.5000,-1.0000,1.3000,0.3000
param,284,1.0611,0.4471,0.9554,-0.0000
pos,285,-0.4111,0.1210,1.2648,0.3198
input,285,0.3727,-0.2230,0.0432,-0.0397
target,285,-0.5000,-1.0000,1.3000,0.3000
param,285,1.0611,0.4471,0.9554,-0.0000
pos,286,-0.4070,0.1098,1.2649,0.3206
input,286,0.3690,-0.2294,0.0430,-0.0388
target,286,-0.5000,-1.0000,1.3000,0.3000
param,286,1.0611,0.4471,0.9554,-0.0000
pos,287,-0.4029,0.0978,1.2650,0.3212
input,287,0.3690,-0.2294,0.0430,-0.0388
target,287,-0.5000,-1.0000,1.3000,0.3000
param,287,1.0611,0.4471,0.9554,-0.0000
pos,288,-0.3992,0.0866,1.2652,0.3216
input,288,0.3690,-0.2294,0.0430,-0.0388
target,288,-0.5000,-1.0000,1.3000,0.3000
param,288,1.0611,0.4471,0.9554,-0.0000
pos,289,-0.3953,0.0746,1.2654,0.3221
input,289,0.3650,-0.2356,0.0425,-0.0380
target,289,-0.5000,-1.0000,1.3000,0.3000
param,289,1.0611,0.4471,0.9554,-0.0000
pos,290,-0.3918,0.0625,1.2656,0.3231
input,290,0.3650,-0.2356,0.0425,-0.0380
target,290,-0.5000,-1.0000,1.3000,0.3000
param,290,1.0611,0.4471,0.9554,-0.0000
pos,291,-0.3887,0.0521,1.2658,0.3240
input,291,0.3650,-0.2356,0.0425,-0.0380
target,291,-0.5000,-1.0000,1.3000,0.3000
param,291,1.0611,0.4471,0.9554,-0.0000
pos,292,-0.3863,0.0432,1.2661,0.3246
input,292,0.3610,-0.2417,0.0414,-0.0373
target,292,-0.5000,-1.0000,1.3000,0.3000
param,292,1.0611,0.4471,0.9554,-0.0000
pos,293,-0.3842,0.0354,1.2664,0.3251
input,293,0.3610,-0.2417,0.0414,-0.0373
target,293,-0.5000,-1.0000,1.3000,0.3000
param,293,1.0611,0.4471,0.9554,-0.0000
pos,294,-0.3825,0.0288,1.2668,0.3254
input,294,0.3610,-0.2417,0.0414,-0.0373
target,294,-0.5000,-1.0000,1.3000,0.3000
param,294,1.0611,0.4471,0.9554,-0.0000
pos,295,-0.3794,0.0157,1.2671,0.3261
input,295,0.3610,-0.2417,0.0414,-0.0373
target,295,-0.5000,-1.0000,1.3000,0.3000
param,295,1.0611,0.4471,0.9554,-0.0000
pos,296,-0.3765,0.0028,1.2675,0.3266
input,296,0.3610,-0.2417,0.0414,-0.0373
target,296,-0.5000,-1.0000,1.3000,0.3000
param,296,1.0611,0.4471,0.9554,-0.0000
pos,297,-0.3740,-0.0083,1.2678,0.3270
input,297,0.3568,-0.2405,0.0329,-0.0314
target,297,-0.5000,-1.0000,1.3000,0.3000
param,297,1.0611,0.4471,0.9554,-0.0000
pos,298,-0.3713,-0.0212,1.2683,0.3279
input,298,0.3517,-0.2474,0.0306,-0.0309
target,298,-0.5000,-1.0000,1.3000,0.3000
param,298,1.0611,0.4471,0.9554,-0.0000
pos,299,-0.3686,-0.0349,1.2686,0.3287
input,299,0.3477,-0.2458,0.0222,-0.0251
target,299,-0.5000,-1.0000,1.3000,0.3000
param,299,1.0611,0.4471,0.9554,-0.0001
pos,300,-0.3661,-0.0483,1.2692,0.3293
input,300,0.3477,-0.2458,0.0222,-0.0251
target,300,-0.5000,-1.0000,1.3000,0.3000
param,300,1.0611,0.4471,0.9554,-0.0001
pos,301,-0.3639,-0.0608,1.2697,0.3300
input,301,0.3467,-0.2531,0.0298,-0.0303
target,301,-0.5000,-1.0000,1.3000,0.3000
param,301,1.0611,0.4471,0.9554,-0.0001
pos,302,-0.3618,-0.0732,1.2700,0.3318
input,302,0.3506,-0.2546,0.0386,-0.0361
target,302,-0.5000,-1.0000,1.3000,0.3000
param,302,1.0611,0.4471,0.9554,-0.0001
pos,303,-0.3598,-0.0855,1.2705,0.3322
input,303,0.3453,-0.2613,0.0366,-0.0354
target,303,-0.5000,-1.0000,1.3000,0.3000
param,303,1.0611,0.4471,0.9554,-0.0001
pos,304,-0.3580,-0.0987,1.2710,0.3328
input,304,0.3453,-0.2613,0.0366,-0.0354
target,304,-0.5000,-1.0000,1.3000,0.3000
param,304,1.0611,0.4471,0.9554,-0.0001
pos,305,-0.3563,-0.1110,1.2715,0.3334
input,305,0.3453,-0.2613,0.0366,-0.0354
target,305,-0.5000,-1.0000,1.3000,0.3000
param,305,1.0611,0.4471,0.9554,-0.0001
pos,306,-0.3547,-0.1233,1.2721,0.3341
input,306,0.3398,-0.2670,0.0357,-0.0348
target,306,-0.5000,-1.0000,1.3000,0.3000
param,306,1.0611,0.4471,0.9554,-0.0001
pos,307,-0.3534,-0.1339,1.2727,0.3346
input,307,0.3398,-0.2670,0.0357,-0.0348
target,307,-0.5000,-1.0000,1.3000,0.3000
param,307,1.0611,0.4471,0.9554,-0.0001
pos,308,-0.3520,-0.1472,1.2732,0.3352
input,308,0.3398,-0.2670,0.0357,-0.0348
target,308,-0.5000,-1.0000,1.3000,0.3000
param,308,1.0611,0.4471,0.9554,-0.0001
pos,309,-0.3507,-0.1596,1.2738,0.3356
input,309,0.3345,-0.2725,0.0340,-0.0342
target,309,-0.5000,-1.0000,1.3000,0.3000
param,309,1.0611,0.4471,0.9554,-0.0001
pos,310,-0.3495,-0.1720,1.2744,0.3364
input,310,0.3345,-0.2725,0.0340,-0.0342
target,310,-0.5000,-1.0000,1.3000,0.3000
param,310,1.0611,0.4471,0.9554,-0.0001
pos,311,-0.3483,-0.1844,1.2749,0.3373
input,311,0.3345,-0.2725,0.0340,-0.0342
target,311,-0.5000,-1.0000,1.3000,0.3000
param,311,1.0611,0.4471,0.9554,-0.0001
pos,312,-0.3472,-0.1976,1.2754,0.3383
input,312,0.3288,-0.2784,0.0318,-0.0336
target,312,-0.5000,-1.0000,1.3000,0.3000
param,312,1.0611,0.4471,0.9554,-0.0001
pos,313,-0.3462,-0.2107,1.2759,0.3389
input,313,0.3288,-0.2784,0.0318,-0.0336
target,313,-0.5000,-1.0000,1.3000,0.3000
param,313,1.0611,0.4471,0.9554,-0.0001
pos,314,-0.3455,-0.2237,1.2765,0.3393
input,314,0.3288,-0.2784,0.0318,-0.0336
target,314,-0.5000,-1.0000,1.3000,0.3000
param,314,1.0611,0.4471,0.9554,-0.0001
pos,315,-0.3448,-0.2360,1.2770,0.3407
input,315,0.3226,-0.2846,0.0294,-0.0328
target,315,-0.5000,-1.0000,1.3000,0.3000
param,315,1.0611,0.4471,0.9554,-0.0001
pos,316,-0.3441,-0.2482,1.2775,0.3414
input,316,0.3226,-0.2846,0.0294,-0.0328
target,316,-0.5000,-1.0000,1.3000,0.3000
param,316,1.0611,0.4471,0.9554,-0.0001
pos,317,-0.3437,-0.2603,1.2779,0.3422
input,317,0.3226,-0.2846,0.0294,-0.0328
target,317,-0.5000,-1.0000,1.3000,0.3000
param,317,1.0611,0.4471,0.9554,-0.0001
pos,318,-0.3432,-0.2725,1.2783,0.3431
input,318,0.3169,-0.2906,0.0260,-0.0319
target,318,-0.5000,-1.0000,1.3000,0.3000
param,318,1.0611,0.4471,0.9554,-0.0001
pos,319,-0.3429,-0.2856,1.2787,0.3438
input,319,0.3169,-0.2906,0.0260,-0.0319
target,319,-0.5000,-1.0000,1.3000,0.3000
param,319,1.0611,0.4471,0.9554,-0.0001
pos,320,-0.3428,-0.2986,1.2791,0.3439
input,320,0.3169,-0.2906,0.0260,-0.0319
target,320,-0.5000,-1.0000,1.3000,0.3000
param,320,1.0611,0.4471,0.9554,-0.0001
pos,321,-0.3427,-0.3106,1.2795,0.3445
input,321,0.3109,-0.2961,0.0232,-0.0309
target,321,-0.5000,-1.0000,1.3000,0.3000
param,321,1.0611,0.4471,0.9554,-0.0001
pos,322,-0.3426,-0.3210,1.2799,0.3447
input,322,0.3109,-0.2961,0.0232,-0.0309
target,322,-0.5000,-1.0000,1.3000,0.3000
param,322,1.0611,0.4471,0.9554,-0.0001
pos,323,-0.3428,-0.3335,1.2802,0.3450
input,323,0.3109,-0.2961,0.0232,-0.0309
target,323,-0.5000,-1.0000,1.3000,0.3000
param,323,1.0611,0.4471,0.9554,-0.0001
pos,324,-0.3430,-0.3459,1.2806,0.3454
input,324,0.3109,-0.2961,0.0232,-0.0309
target,324,-0.5000,-1.0000,1.3000,0.3000
param,324,1.0611,0.4471,0.9554,-0.0001
pos,325,-0.3432,-0.3585,1.2808,0.3465
input,325,0.3037,-0.3018,0.0194,-0.0296
target,325,-0.5000,-1.0000,1.3000,0.3000
param,325,1.0611,0.4471,0.9554,-0.0000
pos,326,-0.3436,-0.3719,1.2810,0.3471
input,326,0.3037,-0.3018,0.0194,-0.0296
target,326,-0.5000,-1.0000,1.3000,0.3000
param,326,1.0611,0.4471,0.9554,-0.0000
pos,327,-0.3440,-0.3852,1.2812,0.3482
input,327,0.3037,-0.3018,0.0194,-0.0296
target,327,-0.5000,-1.0000,1.3000,0.3000
param,327,1.0611,0.4471,0.9554,-0.0000
pos,328,-0.3445,-0.3983,1.2814,0.3483
input,328,0.2975,-0.3077,0.0139,-0.0277
target,328,-0.5000,-1.0000,1.3000,0.3000
param,328,1.0611,0.4471,0.9554,-0.0000
pos,329,-0.3453,-0.4113,1.2815,0.3487
input,329,0.2975,-0.3077,0.0139,-0.0277
target,329,-0.5000,-1.0000,1.3000,0.3000
param,329,1.0611,0.4471,0.9554,-0.0000
pos,330,-0.3460,-0.4224,1.2817,0.3486
input,330,0.2975,-0.3077,0.0139,-0.0277
target,330,-0.5000,-1.0000,1.3000,0.3000
param,330,1.0611,0.4471,0.9554,-0.0000
pos,331,-0.3471,-0.4356,1.2818,0.3487
input,331,0.2975,-0.3077,0.0139,-0.0277
target,331,-0.5000,-1.0000,1.3000,0.3000
param,331,1.0611,0.4471,0.9554,-0.0000
pos,332,-0.3482,-0.4478,1.2819,0.3484
input,332,0.2900,-0.3134,0.0078,-0.0250
target,332,-0.5000,-1.0000,1.3000,0.3000
param,332,1.0611,0.4471,0.9554,-0.0000
pos,333,-0.3491,-0.4582,1.2820,0.3479
input,333,0.2900,-0.3134,0.0078,-0.0250
target,333,-0.5000,-1.0000,1.3000,0.3000
param,333,1.0611,0.4471,0.9554,-0.0000
pos,334,-0.3501,-0.4672,1.2821,0.3471
input,334,0.2900,-0.3134,0.0078,-0.0250
target,334,-0.5000,-1.0000,1.3000,0.3000
param,334,1.0611,0.4471,0.9554,-0.0000
pos,335,-0.3513,-0.4792,1.2821,0.3466
input,335,0.2900,-0.3134,0.0078,-0.0250
target,335,-0.5000,-1.0000,1.3000,0.3000
param,335,1.0611,0.4471,0.9554,-0.0000
pos,336,-0.3528,-0.4928,1.2818,0.3470
input,336,0.2900,-0.3134,0.0078,-0.0250
target,336,-0.5000,-1.0000,1.3000,0.3000
param,336,1.0611,0.4471,0.9554,-0.0000
pos,337,-0.3544,-0.5060,1.2816,0.3469
input,337,0.2826,-0.3168,0.0040,-0.0212
target,337,-0.5000,-1.0000,1.3000,0.3000
param,337,1.0611,0.4471,0.9554,-0.0000
pos,338,-0.3560,-0.5190,1.2813,0.3464
input,338,0.2826,-0.3168,0.0040,-0.0212
target,338,-0.5000,-1.0000,1.3000,0.3000
param,338,1.0611,0.4471,0.9554,-0.0000
pos,339,-0.3576,-0.5311,1.2811,0.3462
input,339,0.2826,-0.3168,0.0040,-0.0212
target,339,-0.5000,-1.0000,1.3000,0.3000
param,339,1.0611,0.4471,0.9554,-0.0000
pos,340,-0.3592,-0.5422,1.2809,0.3458
input,340,0.2767,-0.3201,-0.0002,-0.0170
target,340,-0.5000,-1.0000,1.3000,0.3000
param,340,1.0611,0.4471,0.9554,-0.0000
pos,341,-0.3609,-0.5541,1.2805,0.3461
input,341,0.2767,-0.3201,-0.0002,-0.0170
target,341,-0.5000,-1.0000,1.3000,0.3000
param,341,1.0611,0.4471,0.9554,-0.0000
pos,342,-0.3625,-0.5657,1.2802,0.3455
input,342,0.2767,-0.3201,-0.0002,-0.0170
target,342,-0.5000,-1.0000,1.3000,0.3000
param,342,1.0611,0.4471,0.9554,-0.0000
pos,343,-0.3644,-0.5781,1.2797,0.3461
input,343,0.2767,-0.3201,-0.0002,-0.0170
target,343,-0.5000,-1.0000,1.3000,0.3000
param,343,1.0611,0.4471,0.9554,-0.0000
pos,344,-0.3662,-0.5899,1.2792,0.3451
input,344,0.2690,-0.3244,-0.0083,-0.0109
target,344,-0.5000,-1.0000,1.3000,0.3000
param,344,1.0611,0.4471,0.9554,-0.0000
pos,345,-0.3681,-0.6017,1.2786,0.3449
input,345,0.2690,-0.3244,-0.0083,-0.0109
target,345,-0.5000,-1.0000,1.3000,0.3000
param,345,1.0611,0.4471,0.9554,-0.0000
pos,346,-0.3701,-0.6125,1.2781,0.3444
input,346,0.2690,-0.3244,-0.0083,-0.0109
target,346,-0.5000,-1.0000,1.3000,0.3000
param,346,1.0611,0.4471,0.9554,-0.0000
pos,347,-0.3720,-0.6239,1.2775,0.3450
input,347,0.2598,-0.3222,-0.0114,-0.0042
target,347,-0.5000,-1.0000,1.3000,0.3000
param,347,1.0611,0.4471,0.9554,-0.0000
pos,348,-0.3739,-0.6350,1.2769,0.3448
input,348,0.2471,-0.3107,-0.0156,-0.0006
target,348,-0.5000,-1.0000,1.3000,0.3000
param,348,1.0611,0.4471,0.9554,-0.0000
pos,349,-0.3760,-0.6452,1.2762,0.3441
input,349,0.2354,-0.2989,-0.0202,0.0034
target,349,-0.5000,-1.0000,1.3000,0.3000
param,349,1.0611,0.4471,0.9554,-0.0000
pos,350,-0.3781,-0.6560,1.2755,0.3434
input,350,0.2251,-0.2876,-0.0231,0.0069
target,350,-0.5000,-1.0000,1.3000,0.3000
param,350,1.0611,0.4471,0.9554,-0.0000
pos,351,-0.3802,-0.6667,1.2748,0.3432
input,351,0.2144,-0.2759,-0.0255,0.0102
target,351,-0.5000,-1.0000,1.3000,0.3000
param,351,1.0611,0.4471,0.9554,-0.0000
pos,352,-0.3823,-0.6764,1.2740,0.3420
input,352,0.2039,-0.2647,-0.0287,0.0134
target,352,-0.5000,-1.0000,1.3000,0.3000
param,352,1.0611,0.4471,0.9554,-0.0000
pos,353,-0.3843,-0.6855,1.2734,0.3413
input,353,0.1950,-0.2539,-0.0293,0.0163
target,353,-0.5000,-1.0000,1.3000,0.3000
param,353,1.0611,0.4471,0.9554,-0.0000
pos,354,-0.3860,-0.6933,1.2728,0.3404
input,354,0.1868,-0.2440,-0.0304,0.0186
target,354,-0.5000,-1.0000,1.3000,0.3000
param,354,1.0611,0.4471,0.9554,-0.0000
pos,355,-0.3874,-0.7000,1.2724,0.3392
input,355,0.1805,-0.2351,-0.0301,0.0204
target,355,-0.5000,-1.0000,1.3000,0.3000
param,355,1.0611,0.4471,0.9554,-0.0000
pos,356,-0.3902,-0.7109,1.2714,0.3387
input,356,0.1757,-0.2271,-0.0288,0.0217
target,356,-0.5000,-1.0000,1.3000,0.3000
param,356,1.0611,0.4471,0.9554,-0.0000
pos,357,-0.3930,-0.7216,1.2704,0.3378
input,357,0.1657,-0.2161,-0.0299,0.0240
target,357,-0.5000,-1.0000,1.3000,0.3000
param,357,1.0611,0.4471,0.9554,-0.0000
pos,358,-0.3956,-0.7315,1.2695,0.3366
input,358,0.1563,-0.2052,-0.0303,0.0267
target,358,-0.5000,-1.0000,1.3000,0.3000
param,358,1.0611,0.4471,0.9554,-0.0000
pos,359,-0.3986,-0.7420,1.2686,0.3368
input,359,0.1482,-0.1950,-0.0297,0.0289
target,359,-0.5000,-1.0000,1.3000,0.3000
param,359,1.0611,0.4471,0.9554,-0.0000
pos,360,-0.4014,-0.7516,1.2676,0.3354
input,360,0.1391,-0.1850,-0.0319,0.0311
target,360,-0.5000,-1.0000,1.3000,0.3000
param,360,1.0611,0.4471,0.9554,-0.0000
pos,361,-0.4039,-0.7619,1.2669,0.3397
input,361,0.1317,-0.1752,-0.0304,0.0331
target,361,-0.5000,-1.0000,1.3000,0.3000
param,361,1.0611,0.4471,0.9554,-0.0000
pos,362,-0.4070,-0.7722,1.2660,0.3401
input,362,0.1304,-0.1729,-0.0332,0.0339
target,362,-0.5000,-1.0000,1.3000,0.3000
param,362,1.0611,0.4471,0.9554,-0.0000
pos,363,-0.4102,-0.7817,1.2652,0.3401
input,363,0.1130,-0.1579,-0.0421,0.0366
target,363,-0.5000,-1.0000,1.3000,0.3000
param,363,1.0611,0.4471,0.9554,-0.0000
pos,364,-0.4136,-0.7917,1.2643,0.3393
input,364,0.1059,-0.1487,-0.0428,0.0381
target,364,-0.5000,-1.0000,1.3000,0.3000
param,364,1.0611,0.4471,0.9554,-0.0000
pos,365,-0.4167,-0.8009,1.2635,0.3386
input,365,0.0987,-0.1388,-0.0416,0.0396
target,365,-0.5000,-1.0000,1.3000,0.3000
param,365,1.0611,0.4471,0.9554,-0.0000
pos,366,-0.4203,-0.8107,1.2626,0.3377
input,366,0.0924,-0.1298,-0.0404,0.0407
target,366,-0.5000,-1.0000,1.3000,0.3000
param,366,1.0611,0.4471,0.9554,-0.0000
pos,367,-0.4236,-0.8199,1.2618,0.3362
input,367,0.0857,-0.1201,-0.0388,0.0420
target,367,-0.5000,-1.0000,1.3000,0.3000
param,367,1.0611,0.4471,0.9554,-0.0000
pos,368,-0.4272,-0.8291,1.2611,0.3359
input,368,0.0801,-0.1111,-0.0359,0.0430
target,368,-0.5000,-1.0000,1.3000,0.3000
param,368,1.0611,0.4471,0.9554,-0.0000
pos,369,-0.4309,-0.8391,1.2602,0.3364
input,369,0.0741,-0.1024,-0.0354,0.0439
target,369,-2.0000,-1.0000,1.3000,0.3000
param,369,1.0611,0.4471,0.9554,-0.0000
pos,370,-0.4342,-0.8476,1.2595,0.3366
input,370,0.0734,-0.1010,-0.0360,0.0438
target,370,-2.0000,-1.0000,1.3000,0.3000
param,370,1.0611,0.4471,0.9554,-0.0000
pos,371,-0.4383,-0.8575,1.2588,0.3366
input,371,-0.2610,-0.5104,0.0343,0.0319
target,371,-2.0000,-1.0000,1.3000,0.3000
param,371,1.0611,0.4471,0.9554,-0.0000
pos,372,-0.4422,-0.8666,1.2581,0.3366
input,372,-0.2610,-0.5104,0.0343,0.0319
target,372,-2.0000,-1.0000,1.3000,0.3000
param,372,1.0611,0.4471,0.9554,-0.0000
pos,373,-0.4459,-0.8748,1.2574,0.3353
input,373,-0.2610,-0.5104,0.0343,0.0319
target,373,-2.0000,-1.0000,1.3000,0.3000
param,373,1.0611,0.4471,0.9554,-0.0000
pos,374,-0.4502,-0.8844,1.2566,0.3346
input,374,-0.2674,-0.5089,0.0316,0.0320
target,374,-2.0000,-1.0000,1.3000,0.3000
param,374,1.0611,0.4471,0.9554,-0.0000
pos,375,-0.4544,-0.8934,1.2560,0.3343
input,375,-0.2674,-0.5089,0.0316,0.0320
target,375,-2.0000,-1.0000,1.3000,0.3000
param,375,1.0611,0.4471,0.9554,-0.0000
pos,376,-0.4588,-0.9022,1.2553,0.3330
input,376,-0.2674,-0.5089,0.0316,0.0320
target,376,-2.0000,-1.0000,1.3000,0.3000
param,376,1.0611,0.4471,0.9554,-0.0000
pos,377,-0.4635,-0.9116,1.2546,0.3321
input,377,-0.2674,-0.5089,0.0316,0.0320
target,377,-2.0000,-1.0000,1.3000,0.3000
param,377,1.0611,0.4471,0.9554,-0.0000
pos,378,-0.4680,-0.9203,1.2541,0.3318
input,378,-0.2747,-0.5073,0.0287,0.0329
target,378,-2.0000,-1.0000,1.3000,0.3000
param,378,1.0611,0.4471,0.9554,-0.0000
pos,379,-0.4728,-0.9292,1.2535,0.3308
input,379,-0.2747,-0.5073,0.0287,0.0329
target,379,-2.0000,-1.0000,1.3000,0.3000
param,379,1.0611,0.4471,0.9554,-0.0000
pos,380,-0.4777,-0.9381,1.2531,0.3309
input,380,-0.2747,-0.5073,0.0287,0.0329
target,380,-2.0000,-1.0000,1.3000,0.3000
param,380,1.0611,0.4471,0.9554,-0.0000
pos,381,-0.4825,-0.9468,1.2526,0.3306
input,381,-0.2747,-0.5073,0.0287,0.0329
target,381,-2.0000,-1.0000,1.3000,0.3000
param,381,1.0611,0.4471,0.9554,-0.0000
pos,382,-0.4870,-0.9544,1.2523,0.3297
input,382,-0.2831,-0.5056,0.0240,0.0336
target,382,-2.0000,-1.0000,1.3000,0.3000
param,382,1.0611,0.4471,0.9554,-0.0000
pos,383,-0.4916,-0.9620,1.2519,0.3288
input,383,-0.2831,-0.5056,0.0240,0.0336
target,383,-2.0000,-1.0000,1.3000,0.3000
param,383,1.0611,0.4471,0.9554,-0.0000
pos,384,-0.4967,-0.9700,1.2514,0.3277
input,384,-0.2831,-0.5056,0.0240,0.0336
target,384,-2.0000,-1.0000,1.3000,0.3000
param,384,1.0611,0.4471,0.9554,-0.0000
pos,385,-0.5010,-0.9768,1.2511,0.3263
input,385,-0.2831,-0.5056,0.0240,0.0336
target,385,-2.0000,-1.0000,1.3000,0.3000
param,385,1.0611,0.4471,0.9554,-0.0000
pos,386,-0.5061,-0.9845,1.2507,0.3255
input,386,-0.2910,-0.5034,0.0206,0.0346
target,386,-2.0000,-1.0000,1.3000,0.3000
param,386,1.0611,0.4471,0.9554,-0.0000
pos,387,-0.5109,-0.9914,1.2504,0.3244
input,387,-0.2910,-0.5034,0.0206,0.0346
target,387,-2.0000,-1.0000,1.3000,0.3000
param,387,1.0611,0.4471,0.9554,-0.0000
pos,388,-0.5155,-0.9976,1.2501,0.3230
input,388,-0.2910,-0.5034,0.0206,0.0346
target,388,-2.0000,-1.0000,1.3000,0.3000
param,388,1.0611,0.4471,0.9554,-0.0000
pos,389,-0.5194,-1.0029,1.2498,0.3215
input,389,-0.2910,-0.5034,0.0206,0.0346
target,389,-2.0000,-1.0000,1.3000,0.3000
param,389,1.0611,0.4471,0.9554,-0.0000
pos,390,-0.5245,-1.0091,1.2495,0.3202
input,390,-0.2989,-0.5010,0.0176,0.0357
target,390,-2.0000,-1.0000,1.3000,0.3000
param,390,1.0611,0.4471,0.9554,-0.0000
pos,391,-0.5297,-1.0154,1.2492,0.3202
input,391,-0.2989,-0.5010,0.0176,0.0357
target,391,-2.0000,-1.0000,1.3000,0.3000
param,391,1.0611,0.4471,0.9554,-0.0000
pos,392,-0.5363,-1.0222,1.2487,0.3195
input,392,-0.2989,-0.5010,0.0176,0.0357
target,392,-2.0000,-1.0000,1.3000,0.3000
param,392,1.0611,0.4471,0.9554,-0.0000
pos,393,-0.5430,-1.0289,1.2484,0.3190
input,393,-0.3061,-0.4988,0.0137,0.0367
target,393,-2.0000,-1.0000,1.3000,0.3000
param,393,1.0611,0.4471,0.9554,-0.0000
pos,394,-0.5494,-1.0349,1.2481,0.3184
input,394,-0.3061,-0.4988,0.0137,0.0367
target,394,-2.0000,-1.0000,1.3000,0.3000
param,394,1.0611,0.4471,0.9554,-0.0000
pos,395,-0.5559,-1.0405,1.2478,0.3174
input,395,-0.3061,-0.4988,0.0137,0.0367
target,395,-2.0000,-1.0000,1.3000,0.3000
param,395,1.0611,0.4471,0.9554,-0.0000
pos,396,-0.5627,-1.0460,1.2475,0.3168
input,396,-0.3141,-0.4960,0.0094,0.0377
target,396,-2.0000,-1.0000,1.3000,0.3000
param,396,1.0611,0.4471,0.9554,-0.0000
pos,397,-0.5698,-1.0514,1.2472,0.3167
input,397,-0.3141,-0.4960,0.0094,0.0377
target,397,-2.0000,-1.0000,1.3000,0.3000
param,397,1.0611,0.4471,0.9554,-0.0000
pos,398,-0.5758,-1.0560,1.2470,0.3165
input,398,-0.3141,-0.4960,0.0094,0.0377
target,398,-2.0000,-1.0000,1.3000,0.3000
param,398,1.0611,0.4471,0.9554,-0.0000
pos,399,-0.5810,-1.0598,1.2468,0.3162
input,399,-0.3224,-0.4929,0.0040,0.0388
target,399,-2.0000,-1.0000,1.3000,0.3000
param,399,1.0611,0.4471,0.9554,-0.0000
pos,400,-0.5854,-1.0630,1.2466,0.3160
input,400,-0.3224,-0.4929,0.0040,0.0388
target,400,-2.0000,-1.0000,1.3000,0.3000
param,400,1.0611,0.4471,0.9554,-0.0000
pos,401,-0.5891,-1.0658,1.2465,0.3157
input,401,-0.3224,-0.4929,0.0040,0.0388
target,401,-2.0000,-1.0000,1.3000,0.3000
param,401,1.0611,0.4471,0.9554,-0.0000
pos,402,-0.6053,-1.0685,1.2463,0.3169
input,402,-0.3294,-0.4900,-0.0008,0.0399
target,402,-2.0000,-1.0000,1.3000,0.3000
param,402,1.0611,0.4471,0.9554,-0.0000
pos,403,-0.6192,-1.0709,1.2461,0.3181
input,403,-0.3294,-0.4900,-0.0008,0.0399
target,403,-2.0000,-1.0000,1.3000,0.3000
param,403,1.0611,0.4471,0.9554,-0.0000
pos,404,-0.6311,-1.0730,1.2460,0.3194
input,404,-0.3294,-0.4900,-0.0008,0.0399
target,404,-2.0000,-1.0000,1.3000,0.3000
param,404,1.0611,0.4471,0.9554,-0.0000
pos,405,-0.6415,-1.0747,1.2458,0.3208
input,405,-0.3294,-0.4900,-0.0008,0.0399
target,405,-2.0000,-1.0000,1.3000,0.3000
param,405,1.0611,0.4471,0.9554,-0.0000
pos,406,-0.6504,-1.0762,1.2457,0.3223
input,406,-0.3361,-0.4870,-0.0063,0.0409
target,406,-2.0000,-1.0000,1.3000,0.3000
param,406,1.0611,0.4471,0.9554,-0.0000
pos,407,-0.6581,-1.0775,1.2455,0.3238
input,407,-0.3361,-0.4870,-0.0063,0.0409
target,407,-2.0000,-1.0000,1.3000,0.3000
param,407,1.0611,0.4471,0.9554,-0.0000
pos,408,-0.6647,-1.0787,1.2454,0.3254
input,408,-0.3361,-0.4870,-0.0063,0.0409
target,408,-2.0000,-1.0000,1.3000,0.3000
param,408,1.0611,0.4471,0.9554,-0.0000
pos,409,-0.6705,-1.0797,1.2452,0.3270
input,409,-0.3361,-0.4870,-0.0063,0.0409
target,409,-2.0000,-1.0000,1.3000,0.3000
param,409,1.0611,0.4471,0.9554,-0.0000
pos,410,-0.6754,-1.0805,1.2451,0.3286
input,410,-0.3361,-0.4870,-0.0063,0.0409
target,410,-2.0000,-1.0000,1.3000,0.3000
param,410,1.0611,0.4471,0.9554,-0.0000
pos,411,-0.6797,-1.0812,1.2449,0.3303
input,411,-0.3361,-0.4870,-0.0063,0.0409
target,411,-2.0000,-1.0000,1.3000,0.3000
param,411,1.0611,0.4471,0.9554,-0.0000
pos,412,-0.6834,-1.0819,1.2448,0.3319
input,412,-0.3417,-0.4843,-0.0137,0.0419
target,412,-2.0000,-1.0000,1.3000,0.3000
param,412,1.0611,0.4471,0.9554,-0.0000
pos,413,-0.7063,-1.0882,1.2444,0.3352
input,413,-0.3417,-0.4843,-0.0137,0.0419
target,413,-2.0000,-1.0000,1.3000,0.3000
param,413,1.0611,0.4471,0.9554,-0.0000
pos,414,-0.7345,-1.0940,1.2439,0.3345
input,414,-0.3473,-0.4815,-0.0194,0.0424
target,414,-2.0000,-1.0000,1.3000,0.3000
param,414,1.0611,0.4471,0.9554,0.0000
pos,415,-0.7588,-1.0989,1.2434,0.3339
input,415,-0.3473,-0.4815,-0.0194,0.0424
target,415,-2.0000,-1.0000,1.3000,0.3000
param,415,1.0611,0.4471,0.9554,0.0000
pos,416,-0.7798,-1.1032,1.2429,0.3336
input,416,-0.3556,-0.4768,-0.0220,0.0436
target,416,-2.0000,-1.0000,1.3000,0.3000
param,416,1.0611,0.4471,0.9554,0.0000
pos,417,-0.8038,-1.1071,1.2422,0.3330
input,417,-0.3556,-0.4768,-0.0220,0.0436
target,417,-2.0000,-1.0000,1.3000,0.3000
param,417,1.0611,0.4471,0.9554,0.0000
pos,418,-0.8255,-1.1104,1.2415,0.3323
input,418,-0.3627,-0.4724,-0.0242,0.0452
target,418,-2.0000,-1.0000,1.3000,0.3000
param,418,1.0611,0.4471,0.9554,0.0000
pos,419,-0.8453,-1.1133,1.2409,0.3314
input,419,-0.3627,-0.4724,-0.0242,0.0452
target,419,-2.0000,-1.0000,1.3000,0.3000
param,419,1.0611,0.4471,0.9554,0.0000
pos,420,-0.8663,-1.1157,1.2401,0.3318
input,420,-0.3690,-0.4683,-0.0252,0.0470
target,420,-2.0000,-1.0000,1.3000,0.3000
param,420,1.0611,0.4471,0.9554,0.0000
pos,421,-0.8855,-1.1183,1.2393,0.3345
input,421,-0.3690,-0.4683,-0.0252,0.0470
target,421,-2.0000,-1.0000,1.3000,0.3000
param,421,1.0611,0.4471,0.9554,0.0000
pos,422,-0.9055,-1.1197,1.2387,0.3322
input,422,-0.3762,-0.4632,-0.0313,0.0489
target,422,-2.0000,-1.0000,1.3000,0.3000
param,422,1.0611,0.4471,0.9554,0.0000
pos,423,-0.9247,-1.1209,1.2379,0.3310
input,423,-0.3762,-0.4632,-0.0313,0.0489
target,423,-2.0000,-1.0000,1.3000,0.3000
param,423,1.0611,0.4471,0.9554,0.0000
pos,424,-0.9434,-1.1218,1.2374,0.3302
input,424,-0.3762,-0.4632,-0.0313,0.0489
target,424,-2.0000,-1.0000,1.3000,0.3000
param,424,1.0611,0.4471,0.9554,0.0000
pos,425,-0.9595,-1.1226,1.2368,0.3298
input,425,-0.3835,-0.4577,-0.0295,0.0524
target,425,-2.0000,-1.0000,1.3000,0.3000
param,425,1.0611,0.4471,0.9554,0.0000
pos,426,-0.9734,-1.1233,1.2363,0.3297
input,426,-0.3835,-0.4577,-0.0295,0.0524
target,426,-2.0000,-1.0000,1.3000,0.3000
param,426,1.0611,0.4471,0.9554,0.0000
pos,427,-0.9910,-1.1234,1.2355,0.3287
input,427,-0.3835,-0.4577,-0.0295,0.0524
target,427,-2.0000,-1.0000,1.3000,0.3000
param,427,1.0611,0.4471,0.9554,0.0000
pos,428,-1.0072,-1.1235,1.2346,0.3289
input,428,-0.3900,-0.4522,-0.0300,0.0561
target,428,-2.0000,-1.0000,1.3000,0.3000
param,428,1.0611,0.4471,0.9554,0.0000
pos,429,-1.0258,-1.1231,1.2339,0.3274
input,429,-0.3900,-0.4522,-0.0300,0.0561
target,429,-2.0000,-1.0000,1.3000,0.3000
param,429,1.0611,0.4471,0.9554,0.0000
pos,430,-1.0442,-1.1222,1.2332,0.3247
input,430,-0.3900,-0.4522,-0.0300,0.0561
target,430,-2.0000,-1.0000,1.3000,0.3000
param,430,1.0611,0.4471,0.9554,0.0000
pos,431,-1.0611,-1.1213,1.2324,0.3227
input,431,-0.3961,-0.4463,-0.0272,0.0615
target,431,-2.0000,-1.0000,1.3000,0.3000
param,431,1.0611,0.4471,0.9554,0.0000
pos,432,-1.0780,-1.1203,1.2316,0.3206
input,432,-0.3961,-0.4463,-0.0272,0.0615
target,432,-2.0000,-1.0000,1.3000,0.3000
param,432,1.0611,0.4471,0.9554,0.0000
pos,433,-1.0926,-1.1193,1.2309,0.3188
input,433,-0.3961,-0.4463,-0.0272,0.0615
target,433,-2.0000,-1.0000,1.3000,0.3000
param,433,1.0611,0.4471,0.9554,0.0000
pos,434,-1.1060,-1.1187,1.2302,0.3206
input,434,-0.4008,-0.4410,-0.0204,0.0679
target,434,-2.0000,-1.0000,1.3000,0.3000
param,434,1.0611,0.4471,0.9554,0.0000
pos,435,-1.1176,-1.1182,1.2296,0.3228
input,435,-0.4008,-0.4410,-0.0204,0.0679
target,435,-2.0000,-1.0000,1.3000,0.3000
param,435,1.0611,0.4471,0.9554,0.0000
pos,436,-1.1369,-1.1162,1.2288,0.3205
input,436,-0.4058,-0.4355,-0.0282,0.0711
target,436,-2.0000,-1.0000,1.3000,0.3000
param,436,1.0611,0.4471,0.9554,0.0000
pos,437,-1.1558,-1.1141,1.2279,0.3180
input,437,-0.4058,-0.4355,-0.0282,0.0711
target,437,-2.0000,-1.0000,1.3000,0.3000
param,437,1.0611,0.4471,0.9554,0.0000
pos,438,-1.1732,-1.1121,1.2271,0.3160
input,438,-0.4095,-0.4299,-0.0218,0.0781
target,438,-2.0000,-1.0000,1.3000,0.3000
param,438,1.0611,0.4471,0.9554,0.0000
pos,439,-1.1903,-1.1101,1.2263,0.3143
input,439,-0.4095,-0.4299,-0.0218,0.0781
target,439,-2.0000,-1.0000,1.3000,0.3000
param,439,1.0611,0.4471,0.9554,0.0000
pos,440,-1.2051,-1.1083,1.2256,0.3130
input,440,-0.4132,-0.4234,-0.0164,0.0855
target,440,-2.0000,-1.0000,1.3000,0.3000
param,440,1.0611,0.4471,0.9554,0.0000
pos,441,-1.2233,-1.1058,1.2246,0.3111
input,441,-0.4132,-0.4234,-0.0164,0.0855
target,441,-2.0000,-1.0000,1.3000,0.3000
param,441,1.0611,0.4471,0.9554,0.0000
pos,442,-1.2390,-1.1037,1.2237,0.3096
input,442,-0.3950,-0.3939,-0.0104,0.0893
target,442,-2.0000,-1.0000,1.3000,0.3000
param,442,1.0611,0.4471,0.9554,0.0000
pos,443,-1.2567,-1.1011,1.2226,0.3096
input,443,-0.3755,-0.3699,-0.0063,0.0886
target,443,-2.0000,-1.0000,1.3000,0.3000
param,443,1.0611,0.4471,0.9554,-0.0000
pos,444,-1.2732,-1.0986,1.2217,0.3077
input,444,-0.3554,-0.3441,-0.0058,0.0881
target,444,-2.0000,-1.0000,1.3000,0.3000
param,444,1.0611,0.4471,0.9554,-0.0000
pos,445,-1.2908,-1.0957,1.2208,0.3053
input,445,-0.3362,-0.3218,-0.0010,0.0878
target,445,-2.0000,-1.0000,1.3000,0.3000
param,445,1.0611,0.4471,0.9554,-0.0000
pos,446,-1.3060,-1.0932,1.2199,0.3035
input,446,-0.3163,-0.2994,0.0042,0.0876
target,446,-2.0000,-1.0000,1.3000,0.3000
param,446,1.0611,0.4471,0.9554,-0.0000
pos,447,-1.3202,-1.0909,1.2191,0.3017
input,447,-0.3003,-0.2824,0.0080,0.0876
target,447,-2.0000,-1.0000,1.3000,0.3000
param,447,1.0611,0.4471,0.9554,-0.0000
pos,448,-1.3368,-1.0879,1.2182,0.2999
input,448,-0.2862,-0.2681,0.0114,0.0878
target,448,-2.0000,-1.0000,1.3000,0.3000
param,448,1.0611,0.4471,0.9554,-0.0000
pos,449,-1.3544,-1.0845,1.2172,0.2982
input,449,-0.2697,-0.2509,0.0147,0.0880
target,449,-2.0000,-1.0000,1.3000,0.3000
param,449,1.0611,0.4471,0.9554,-0.0000
pos,450,-1.3707,-1.0814,1.2162,0.2969
input,450,-0.2526,-0.2334,0.0174,0.0884
target,450,-2.0000,-1.0000,1.3000,0.3000
param,450,1.0611,0.4471,0.9554,-0.0000
pos,451,-1.3881,-1.0779,1.2153,0.2951
input,451,-0.2380,-0.2192,0.0194,0.0888
target,451,-2.0000,-1.0000,1.3000,0.3000
param,451,1.0611,0.4471,0.9554,-0.0000
pos,452,-1.4031,-1.0749,1.2145,0.2939
input,452,-0.2223,-0.2041,0.0221,0.0893
target,452,-2.0000,-1.0000,1.3000,0.3000
param,452,1.0611,0.4471,0.9554,-0.0000
pos,453,-1.4160,-1.0723,1.2137,0.2931
input,453,-0.2104,-0.1940,0.0235,0.0898
target,453,-2.0000,-1.0000,1.3000,0.3000
param,453,1.0611,0.4471,0.9554,-0.0000
pos,454,-1.4272,-1.0700,1.2130,0.2928
input,454,-0.2019,-0.1879,0.0237,0.0903
target,454,-2.0000,-1.0000,1.3000,0.3000
param,454,1.0611,0.4471,0.9554,-0.0000
pos,455,-1.4447,-1.0663,1.2122,0.2911
input,455,-0.1960,-0.1853,0.0228,0.0908
target,455,-2.0000,-1.0000,1.3000,0.3000
param,455,1.0611,0.4471,0.9554,-0.0000
pos,456,-1.4609,-1.0628,1.2114,0.2898
input,456,-0.1819,-0.1728,0.0245,0.0914
target,456,-2.0000,-1.0000,1.3000,0.3000
param,456,1.0611,0.4471,0.9554,-0.0000
pos,457,-1.4750,-1.0598,1.2107,0.2890
input,457,-0.1699,-0.1631,0.0258,0.0919
target,457,-2.0000,-1.0000,1.3000,0.3000
param,457,1.0611,0.4471,0.9554,-0.0000
pos,458,-1.4881,-1.0569,1.2100,0.2885
input,458,-0.1615,-0.1578,0.0257,0.0924
target,458,-2.0000,-1.0000,1.3000,0.3000
param,458,1.0611,0.4471,0.9554,-0.0000
pos,459,-1.5063,-1.0528,1.2091,0.2888
input,459,-0.1582,-0.1545,0.0257,0.0913
target,459,-2.0000,-1.0000,1.3000,0.3000
param,459,1.0611,0.4471,0.9554,-0.0000
pos,460,-1.5256,-1.0482,1.2083,0.2871
input,460,-0.1417,-0.1431,0.0228,0.0935
target,460,-2.0000,-1.0000,1.3000,0.3000
param,460,1.0611,0.4471,0.9554,-0.0000
pos,461,-1.5444,-1.0438,1.2074,0.2871
input,461,-0.1388,-0.1401,0.0227,0.0924
target,461,-2.0000,-1.0000,1.3000,0.3000
param,461,1.0611,0.4471,0.9554,-0.0000
pos,462,-1.5631,-1.0393,1.2066,0.2871
input,462,-0.1138,-0.1198,0.0231,0.0947
target,462,-2.0000,-1.0000,1.3000,0.3000
param,462,1.0611,0.4471,0.9554,-0.0000
pos,463,-1.5817,-1.0348,1.2059,0.2851
input,463,-0.1018,-0.1104,0.0216,0.0953
target,463,-2.0000,-1.0000,1.3000,0.3000
param,463,1.0611,0.4471,0.9554,-0.0000
pos,464,-1.5986,-1.0306,1.2051,0.2854
input,464,-0.0893,-0.1018,0.0241,0.0958
target,464,-2.0000,-1.0000,1.3000,0.3000
param,464,1.0611,0.4471,0.9554,-0.0000
pos,465,-1.6144,-1.0267,1.2045,0.2862
input,465,-0.0802,-0.0967,0.0219,0.0964
target,465,-2.0000,-1.0000,1.3000,0.3000
param,465,1.0611,0.4471,0.9554,-0.0000
pos,466,-1.6329,-1.0219,1.2038,0.2854
input,466,-0.0729,-0.0938,0.0188,0.0969
target,466,-2.0000,-1.0000,1.3000,0.3000
param,466,1.0611,0.4471,0.9554,-0.0000
pos,467,-1.6500,-1.0176,1.2032,0.2861
input,467,-0.0618,-0.0869,0.0192,0.0974
target,467,-2.0000,-1.0000,1.3000,0.3000
param,467,1.0611,0.4471,0.9554,-0.0000
pos,468,-1.6682,-1.0127,1.2025,0.2860
input,468,-0.0535,-0.0830,0.0163,0.0978
target,468,-2.0000,-1.0000,1.3000,0.3000
param,468,1.0611,0.4471,0.9554,-0.0000
pos,469,-1.6839,-1.0084,1.2020,0.2867
input,469,-0.0434,-0.0776,0.0149,0.0984
target,469,-2.0000,-1.0000,1.3000,0.3000
param,469,1.0611,0.4471,0.9554,-0.0000
pos,470,-1.6973,-1.0048,1.2014,0.2878
input,470,-0.0424,-0.0762,0.0146,0.0973
target,470,-2.0000,-1.0000,1.3000,0.3000
param,470,1.0611,0.4471,0.9554,-0.0000
pos,471,-1.7089,-1.0016,1.2010,0.2894
input,471,-0.0414,-0.0748,0.0143,0.0962
target,471,-2.0000,-1.0000,1.3000,0.3000
param,471,1.0611,0.4471,0.9554,-0.0000
pos,472,-1.7188,-0.9989,1.2006,0.2913
input,472,-0.0353,-0.0741,0.0119,0.0967
target,472,-2.0000,-1.0000,1.3000,0.3000
param,472,1.0611,0.4471,0.9554,-0.0000
pos,473,-1.7265,-0.9966,1.2002,0.2936
input,473,-0.0322,-0.0841,0.0046,0.0988
target,473,-2.0000,-1.0000,1.3000,0.3000
param,473,1.0611,0.4471,0.9554,-0.0000
pos,474,-1.7324,-0.9946,1.1999,0.2962
input,474,-0.0314,-0.0827,0.0044,0.0977
target,474,-2.0000,-1.0000,1.3000,0.3000
param,474,1.0611,0.4471,0.9554,-0.0000
pos,475,-1.7366,-0.9929,1.1996,0.2988
input,475,-0.0329,-0.0912,0.0000,0.0981
target,475,-2.0000,-1.0000,1.3000,0.3000
param,475,1.0611,0.4471,0.9554,-0.0000
pos,476,-1.7396,-0.9915,1.1994,0.3015
input,476,-0.0416,-0.1151,-0.0096,0.1000
target,476,-2.0000,-1.0000,1.3000,0.3000
param,476,1.0611,0.4471,0.9554,-0.0000
pos,477,-1.7414,-0.9903,1.1992,0.3043
input,477,-0.0545,-0.1426,-0.0184,0.1021
target,477,-2.0000,-1.0000,1.3000,0.3000
param,477,1.0611,0.4471,0.9554,-0.0000
pos,478,-1.7435,-0.9889,1.1990,0.3070
input,478,-0.0531,-0.1400,-0.0186,0.1009
target,478,-2.0000,-1.0000,1.3000,0.3000
param,478,1.0611,0.4471,0.9554,-0.0000
pos,479,-1.7704,-0.9795,1.1984,0.3044
input,479,-0.0654,-0.1640,-0.0261,0.1028
target,479,-2.0000,-1.0000,1.3000,0.3000
param,479,1.0611,0.4471,0.9554,-0.0000
pos,480,-1.7943,-0.9709,1.1979,0.3025
input,480,-0.0341,-0.1321,-0.0188,0.1034
target,480,-2.0000,-1.0000,1.3000,0.3000
param,480,1.0611,0.4471,0.9554,-0.0000
pos,481,-1.8167,-0.9628,1.1974,0.3011
input,481,-0.0075,-0.1058,-0.0145,0.1030
target,481,-2.0000,-1.0000,1.3000,0.3000
param,481,1.0611,0.4471,0.9554,-0.0000
