pos,0,-1.8552,-1.0012,1.2058,0.2361
input,0,0.0448,0.0163,0.0697,0.0902
target,0,-2.0000,-1.0000,1.3000,0.3000
param,0,1.0611,0.4471,0.9554,-0.0001
pos,1,-1.8657,-0.9935,1.2071,0.2385
input,1,0.0547,0.0146,0.0655,0.0882
target,1,-2.0000,0.5000,1.3000,0.3000
param,1,1.0611,0.4471,0.9554,-0.0001
pos,2,-1.8744,-0.9870,1.2083,0.2412
input,2,0.0537,0.0140,0.0646,0.0874
target,2,-2.0000,0.5000,1.3000,0.3000
param,2,1.0611,0.4471,0.9554,-0.0001
pos,3,-1.8868,-0.9779,1.2098,0.2421
input,3,-0.4362,0.0837,0.0405,-0.0433
target,3,-2.0000,0.5000,1.3000,0.3000
param,3,1.0611,0.4471,0.9554,-0.0001
pos,4,-1.8993,-0.9685,1.2114,0.2428
input,4,-0.4362,0.0837,0.0405,-0.0433
target,4,-2.0000,0.5000,1.3000,0.3000
param,4,1.0611,0.4471,0.9554,-0.0001
pos,5,-1.9103,-0.9599,1.2131,0.2439
input,5,-0.4326,0.0909,0.0387,-0.0438
target,5,-2.0000,0.5000,1.3000,0.3000
param,5,1.0612,0.4471,0.9554,-0.0001
pos,6,-1.9194,-0.9526,1.2146,0.2453
input,6,-0.4326,0.0909,0.0387,-0.0438
target,6,-2.0000,0.5000,1.3000,0.3000
param,6,1.0612,0.4471,0.9554,-0.0001
pos,7,-1.9286,-0.9453,1.2162,0.2436
input,7,-0.4266,0.0925,0.0354,-0.0372
target,7,-2.0000,0.5000,1.3000,0.3000
param,7,1.0612,0.4471,0.9554,-0.0001
pos,8,-1.9364,-0.9390,1.2176,0.2421
input,8,-0.4292,0.0978,0.0409,-0.0439
target,8,-2.0000,0.5000,1.3000,0.3000
param,8,1.0612,0.4471,0.9554,-0.0001
pos,9,-1.9481,-0.9299,1.2195,0.2398
input,9,-0.4292,0.0978,0.0409,-0.0439
target,9,-2.0000,0.5000,1.3000,0.3000
param,9,1.0612,0.4471,0.9554,-0.0001
pos,10,-1.9582,-0.9220,1.2212,0.2379
input,10,-0.4221,0.1036,0.0461,-0.0443
target,10,-2.0000,0.5000,1.3000,0.3000
param,10,1.0612,0.4471,0.9554,-0.0001
pos,11,-1.9670,-0.9148,1.2228,0.2370
input,11,-0.4221,0.1036,0.0461,-0.0443
target,11,-2.0000,0.5000,1.3000,0.3000
param,11,1.0612,0.4471,0.9554,-0.0001
pos,12,-1.9743,-0.9086,1.2243,0.2362
input,12,-0.4174,0.1084,0.0494,-0.0438
target,12,-2.0000,0.5000,1.3000,0.3000
param,12,1.0612,0.4471,0.9554,-0.0001
pos,13,-1.9843,-0.9002,1.2262,0.2371
input,13,-0.4174,0.1084,0.0494,-0.0438
target,13,-2.0000,0.5000,1.3000,0.3000
param,13,1.0612,0.4471,0.9554,-0.0001
pos,14,-1.9953,-0.8911,1.2282,0.2378
input,14,-0.4132,0.1150,0.0511,-0.0436
target,14,-2.0000,0.5000,1.3000,0.3000
param,14,1.0612,0.4471,0.9554,-0.0001
pos,15,-2.0051,-0.8830,1.2302,0.2355
input,15,-0.4132,0.1150,0.0511,-0.0436
target,15,-2.0000,0.5000,1.3000,0.3000
param,15,1.0612,0.4471,0.9554,-0.0001
pos,16,-2.0150,-0.8747,1.2322,0.2332
input,16,-0.4073,0.1225,0.0541,-0.0438
target,16,-2.0000,0.5000,1.3000,0.3000
param,16,1.0612,0.4471,0.9554,-0.0001
pos,17,-2.0243,-0.8666,1.2342,0.2358
input,17,-0.4073,0.1225,0.0541,-0.0438
target,17,-2.0000,0.5000,1.3000,0.3000
param,17,1.0612,0.4471,0.9554,-0.0001
pos,18,-2.0329,-0.8591,1.2362,0.2387
input,18,-0.4019,0.1236,0.0494,-0.0373
target,18,-2.0000,0.5000,1.3000,0.3000
param,18,1.0612,0.4471,0.9554,-0.0001
pos,19,-2.0402,-0.8526,1.2380,0.2416
input,19,-0.4017,0.1310,0.0563,-0.0437
target,19,-2.0000,0.5000,1.3000,0.3000
param,19,1.0612,0.4471,0.9554,-0.0001
pos,20,-2.0477,-0.8455,1.2399,0.2431
input,20,-0.3977,0.1416,0.0561,-0.0433
target,20,-2.0000,0.5000,1.3000,0.3000
param,20,1.0612,0.4471,0.9554,-0.0000
pos,21,-2.0549,-0.8385,1.2419,0.2458
input,21,-0.3977,0.1416,0.0561,-0.0433
target,21,-2.0000,0.5000,1.3000,0.3000
param,21,1.0612,0.4471,0.9554,-0.0000
pos,22,-2.0619,-0.8320,1.2438,0.2469
input,22,-0.3931,0.1517,0.0571,-0.0433
target,22,-2.0000,0.5000,1.3000,0.3000
param,22,1.0612,0.4471,0.9554,-0.0000
pos,23,-2.0685,-0.8253,1.2457,0.2483
input,23,-0.3931,0.1517,0.0571,-0.0433
target,23,-2.0000,0.5000,1.3000,0.3000
param,23,1.0611,0.4471,0.9554,-0.0000
pos,24,-2.0750,-0.8185,1.2477,0.2499
input,24,-0.3881,0.1609,0.0586,-0.0431
target,24,-2.0000,0.5000,1.3000,0.3000
param,24,1.0611,0.4471,0.9554,-0.0000
pos,25,-2.0792,-0.8128,1.2496,0.2518
input,25,-0.3881,0.1609,0.0586,-0.0431
target,25,-2.0000,0.5000,1.3000,0.3000
param,25,1.0611,0.4471,0.9554,-0.0000
pos,26,-2.0833,-0.8078,1.2514,0.2570
input,26,-0.3832,0.1704,0.0595,-0.0429
target,26,-2.0000,0.5000,1.3000,0.3000
param,26,1.0611,0.4471,0.9554,-0.0000
pos,27,-2.0858,-0.8035,1.2530,0.2623
input,27,-0.3832,0.1704,0.0595,-0.0429
target,27,-2.0000,0.5000,1.3000,0.3000
param,27,1.0611,0.4471,0.9554,-0.0000
pos,28,-2.0896,-0.7978,1.2547,0.2652
input,28,-0.3785,0.1708,0.0531,-0.0366
target,28,-2.0000,0.5000,1.3000,0.3000
param,28,1.0611,0.4471,0.9554,-0.0000
pos,29,-2.0925,-0.7929,1.2562,0.2680
input,29,-0.3800,0.1828,0.0570,-0.0424
target,29,-2.0000,0.5000,1.3000,0.3000
param,29,1.0611,0.4471,0.9554,-0.0000
pos,30,-2.0959,-0.7879,1.2579,0.2704
input,30,-0.3748,0.1933,0.0580,-0.0422
target,30,-2.0000,0.5000,1.3000,0.3000
param,30,1.0611,0.4471,0.9554,-0.0000
pos,31,-2.1000,-0.7825,1.2596,0.2719
input,31,-0.3748,0.1933,0.0580,-0.0422
target,31,-2.0000,0.5000,1.3000,0.3000
param,31,1.0611,0.4471,0.9554,-0.0000
pos,32,-2.1035,-0.7780,1.2612,0.2732
input,32,-0.3688,0.2030,0.0593,-0.0419
target,32,-2.0000,0.5000,1.3000,0.3000
param,32,1.0611,0.4471,0.9554,-0.0000
pos,33,-2.1068,-0.7737,1.2627,0.2743
input,33,-0.3688,0.2030,0.0593,-0.0419
target,33,-2.0000,0.5000,1.3000,0.3000
param,33,1.0611,0.4471,0.9554,-0.0000
pos,34,-2.1181,-0.7659,1.2632,0.2750
input,34,-0.3628,0.2119,0.0610,-0.0414
target,34,-2.0000,0.5000,1.3000,0.3000
param,34,1.0611,0.4471,0.9554,-0.0000
pos,35,-2.1278,-0.7592,1.2637,0.2758
input,35,-0.3628,0.2119,0.0610,-0.0414
target,35,-2.0000,0.5000,1.3000,0.3000
param,35,1.0611,0.4471,0.9554,-0.0000
pos,36,-2.1360,-0.7534,1.2641,0.2765
input,36,-0.3576,0.2194,0.0625,-0.0409
target,36,-2.0000,0.5000,1.3000,0.3000
param,36,1.0611,0.4471,0.9554,-0.0000
pos,37,-2.1452,-0.7461,1.2647,0.2776
input,37,-0.3576,0.2194,0.0625,-0.0409
target,37,-2.0000,0.5000,1.3000,0.3000
param,37,1.0611,0.4471,0.9554,-0.0000
pos,38,-2.1531,-0.7399,1.2654,0.2785
input,38,-0.3535,0.2256,0.0632,-0.0405
target,38,-2.0000,0.5000,1.3000,0.3000
param,38,1.0611,0.4471,0.9554,-0.0000
pos,39,-2.1615,-0.7324,1.2661,0.2789
input,39,-0.3535,0.2256,0.0632,-0.0405
target,39,-2.0000,0.5000,1.3000,0.3000
param,39,1.0611,0.4471,0.9554,-0.0000
pos,40,-2.1688,-0.7259,1.2668,0.2792
input,40,-0.3535,0.2256,0.0632,-0.0405
target,40,-2.0000,0.5000,1.3000,0.3000
param,40,1.0611,0.4471,0.9554,-0.0000
pos,41,-2.1748,-0.7204,1.2674,0.2795
input,41,-0.3474,0.2336,0.0634,-0.0406
target,41,-2.0000,0.5000,1.3000,0.3000
param,41,1.0611,0.4471,0.9554,-0.0000
pos,42,-2.1800,-0.7156,1.2680,0.2796
input,42,-0.3474,0.2336,0.0634,-0.0406
target,42,-2.0000,0.5000,1.3000,0.3000
param,42,1.0611,0.4471,0.9554,-0.0000
pos,43,-2.1843,-0.7115,1.2685,0.2798
input,43,-0.3474,0.2336,0.0634,-0.0406
target,43,-2.0000,0.5000,1.3000,0.3000
param,43,1.0611,0.4471,0.9554,-0.0000
pos,44,-2.1880,-0.7080,1.2691,0.2799
input,44,-0.3474,0.2336,0.0634,-0.0406
target,44,-2.0000,0.5000,1.3000,0.3000
param,44,1.0611,0.4471,0.9554,-0.0000
pos,45,-2.1936,-0.7012,1.2697,0.2807
input,45,-0.3474,0.2336,0.0634,-0.0406
target,45,-2.0000,0.5000,1.3000,0.3000
param,45,1.0611,0.4471,0.9554,-0.0000
pos,46,-2.1986,-0.6948,1.2704,0.2816
input,46,-0.3422,0.2398,0.0640,-0.0407
target,46,-2.0000,0.5000,1.3000,0.3000
param,46,1.0611,0.4471,0.9554,-0.0000
pos,47,-2.2027,-0.6893,1.2710,0.2825
input,47,-0.3422,0.2398,0.0640,-0.0407
target,47,-2.0000,0.5000,1.3000,0.3000
param,47,1.0611,0.4471,0.9554,-0.0000
pos,48,-2.2062,-0.6846,1.2715,0.2833
input,48,-0.3422,0.2398,0.0640,-0.0407
target,48,-2.0000,0.5000,1.3000,0.3000
param,48,1.0611,0.4471,0.9554,-0.0000
pos,49,-2.2091,-0.6806,1.2721,0.2839
input,49,-0.3422,0.2398,0.0640,-0.0407
target,49,-2.0000,0.5000,1.3000,0.3000
param,49,1.0611,0.4471,0.9554,-0.0000
pos,50,-2.2115,-0.6771,1.2726,0.2845
input,50,-0.3422,0.2398,0.0640,-0.0407
target,50,-2.0000,0.5000,1.3000,0.3000
param,50,1.0611,0.4471,0.9554,-0.0000
pos,51,-2.2133,-0.6741,1.2731,0.2850
input,51,-0.3422,0.2398,0.0640,-0.0407
target,51,-2.0000,0.5000,1.3000,0.3000
param,51,1.0611,0.4471,0.9554,-0.0000
pos,52,-2.2148,-0.6715,1.2736,0.2854
input,52,-0.3422,0.2398,0.0640,-0.0407
target,52,-2.0000,0.5000,1.3000,0.3000
param,52,1.0611,0.4471,0.9554,-0.0000
pos,53,-2.2159,-0.6692,1.2740,0.2858
input,53,-0.3422,0.2398,0.0640,-0.0407
target,53,-2.0000,0.5000,1.3000,0.3000
param,53,1.0611,0.4471,0.9554,-0.0000
pos,54,-2.2168,-0.6672,1.2744,0.2860
input,54,-0.3422,0.2398,0.0640,-0.0407
target,54,-2.0000,0.5000,1.3000,0.3000
param,54,1.0611,0.4471,0.9554,-0.0000
pos,55,-2.2174,-0.6655,1.2748,0.2862
input,55,-0.3422,0.2398,0.0640,-0.0407
target,55,-2.0000,0.5000,1.3000,0.3000
param,55,1.0611,0.4471,0.9554,-0.0000
pos,56,-2.2178,-0.6641,1.2751,0.2863
input,56,-0.3422,0.2398,0.0640,-0.0407
target,56,-2.0000,0.5000,1.3000,0.3000
param,56,1.0611,0.4471,0.9554,-0.0000
pos,57,-2.2182,-0.6623,1.2755,0.2860
input,57,-0.3422,0.2398,0.0640,-0.0407
target,57,-2.0000,0.5000,1.3000,0.3000
param,57,1.0611,0.4471,0.9554,-0.0000
pos,58,-2.2220,-0.6517,1.2756,0.2878
input,58,-0.3422,0.2398,0.0640,-0.0407
target,58,-2.0000,0.5000,1.3000,0.3000
param,58,1.0611,0.4471,0.9554,-0.0000
pos,59,-2.2252,-0.6426,1.2758,0.2892
input,59,-0.3386,0.2460,0.0603,-0.0415
target,59,-2.0000,0.5000,1.3000,0.3000
param,59,1.0611,0.4471,0.9554,-0.0000
pos,60,-2.2277,-0.6347,1.2760,0.2904
input,60,-0.3386,0.2460,0.0603,-0.0415
target,60,-2.0000,0.5000,1.3000,0.3000
param,60,1.0611,0.4471,0.9554,-0.0000
pos,61,-2.2310,-0.6217,1.2759,0.2922
input,61,-0.3386,0.2460,0.0603,-0.0415
target,61,-2.0000,0.5000,1.3000,0.3000
param,61,1.0611,0.4471,0.9554,-0.0000
pos,62,-2.2338,-0.6105,1.2758,0.2937
input,62,-0.3346,0.2537,0.0588,-0.0407
target,62,-2.0000,0.5000,1.3000,0.3000
param,62,1.0611,0.4471,0.9554,-0.0000
pos,63,-2.2359,-0.6009,1.2758,0.2949
input,63,-0.3346,0.2537,0.0588,-0.0407
target,63,-2.0000,0.5000,1.3000,0.3000
param,63,1.0611,0.4471,0.9554,-0.0000
pos,64,-2.2377,-0.5925,1.2759,0.2958
input,64,-0.3346,0.2537,0.0588,-0.0407
target,64,-2.0000,0.5000,1.3000,0.3000
param,64,1.0611,0.4471,0.9554,-0.0000
pos,65,-2.2390,-0.5854,1.2760,0.2965
input,65,-0.3346,0.2537,0.0588,-0.0407
target,65,-2.0000,0.5000,1.3000,0.3000
param,65,1.0611,0.4471,0.9554,-0.0000
pos,66,-2.2402,-0.5792,1.2761,0.2969
input,66,-0.3302,0.2613,0.0576,-0.0398
target,66,-2.0000,0.5000,1.3000,0.3000
param,66,1.0611,0.4471,0.9554,-0.0000
pos,67,-2.2409,-0.5739,1.2763,0.2972
input,67,-0.3302,0.2613,0.0576,-0.0398
target,67,-2.0000,0.5000,1.3000,0.3000
param,67,1.0611,0.4471,0.9554,-0.0000
pos,68,-2.2416,-0.5693,1.2765,0.2974
input,68,-0.3302,0.2613,0.0576,-0.0398
target,68,-2.0000,0.5000,1.3000,0.3000
param,68,1.0611,0.4471,0.9554,-0.0000
pos,69,-2.2420,-0.5654,1.2767,0.2974
input,69,-0.3302,0.2613,0.0576,-0.0398
target,69,-2.0000,0.5000,1.3000,0.3000
param,69,1.0611,0.4471,0.9554,-0.0000
pos,70,-2.2423,-0.5620,1.2768,0.2973
input,70,-0.3302,0.2613,0.0576,-0.0398
target,70,-2.0000,0.5000,1.3000,0.3000
param,70,1.0611,0.4471,0.9554,-0.0000
pos,71,-2.2426,-0.5590,1.2770,0.2971
input,71,-0.3302,0.2613,0.0576,-0.0398
target,71,-2.0000,0.5000,1.3000,0.3000
param,71,1.0611,0.4471,0.9554,-0.0000
pos,72,-2.2429,-0.5542,1.2771,0.2981
input,72,-0.3302,0.2613,0.0576,-0.0398
target,72,-2.0000,0.5000,1.3000,0.3000
param,72,1.0611,0.4471,0.9554,-0.0000
pos,73,-2.2432,-0.5500,1.2771,0.2989
input,73,-0.3302,0.2613,0.0576,-0.0398
target,73,-2.0000,0.5000,1.3000,0.3000
param,73,1.0611,0.4471,0.9554,-0.0000
pos,74,-2.2439,-0.5414,1.2768,0.2997
input,74,-0.3302,0.2613,0.0576,-0.0398
target,74,-2.0000,0.5000,1.3000,0.3000
param,74,1.0611,0.4471,0.9554,-0.0000
pos,75,-2.2448,-0.5227,1.2756,0.3035
input,75,-0.3302,0.2613,0.0576,-0.0398
target,75,-2.0000,0.5000,1.3000,0.3000
param,75,1.0611,0.4471,0.9554,-0.0000
pos,76,-2.2456,-0.5052,1.2746,0.3077
input,76,-0.3249,0.2712,0.0543,-0.0380
target,76,-2.0000,0.5000,1.3000,0.3000
param,76,1.0611,0.4471,0.9554,-0.0000
pos,77,-2.2460,-0.4880,1.2736,0.3111
input,77,-0.3249,0.2712,0.0543,-0.0380
target,77,-2.0000,0.5000,1.3000,0.3000
param,77,1.0611,0.4471,0.9554,-0.0000
pos,78,-2.2464,-0.4717,1.2727,0.3140
input,78,-0.3217,0.2805,0.0509,-0.0356
target,78,-2.0000,0.5000,1.3000,0.3000
param,78,1.0611,0.4471,0.9554,-0.0000
pos,79,-2.2468,-0.4576,1.2720,0.3162
input,79,-0.3217,0.2805,0.0509,-0.0356
target,79,-2.0000,0.5000,1.3000,0.3000
param,79,1.0611,0.4471,0.9554,-0.0000
pos,80,-2.2471,-0.4456,1.2714,0.3179
input,80,-0.3187,0.2875,0.0489,-0.0338
target,80,-2.0000,0.5000,1.3000,0.3000
param,80,1.0611,0.4471,0.9554,-0.0000
pos,81,-2.2473,-0.4352,1.2709,0.3192
input,81,-0.3187,0.2875,0.0489,-0.0338
target,81,-2.0000,0.5000,1.3000,0.3000
param,81,1.0611,0.4471,0.9554,-0.0000
pos,82,-2.2475,-0.4262,1.2705,0.3200
input,82,-0.3187,0.2875,0.0489,-0.0338
target,82,-2.0000,0.5000,1.3000,0.3000
param,82,1.0611,0.4471,0.9554,-0.0000
pos,83,-2.2477,-0.4185,1.2702,0.3206
input,83,-0.3187,0.2875,0.0489,-0.0338
target,83,-2.0000,0.5000,1.3000,0.3000
param,83,1.0611,0.4471,0.9554,-0.0000
pos,84,-2.2479,-0.4119,1.2700,0.3208
input,84,-0.3155,0.2855,0.0389,-0.0284
target,84,-2.0000,0.5000,1.3000,0.3000
param,84,1.0611,0.4471,0.9554,-0.0000
pos,85,-2.2480,-0.4062,1.2698,0.3208
input,85,-0.3118,0.2918,0.0364,-0.0264
target,85,-2.0000,0.5000,1.3000,0.3000
param,85,1.0611,0.4471,0.9554,-0.0000
pos,86,-2.2481,-0.4013,1.2697,0.3206
input,86,-0.3118,0.2918,0.0364,-0.0264
target,86,-2.0000,0.5000,1.3000,0.3000
param,86,1.0611,0.4471,0.9554,-0.0000
pos,87,-2.2482,-0.3971,1.2696,0.3204
input,87,-0.3118,0.2918,0.0364,-0.0264
target,87,-2.0000,0.5000,1.3000,0.3000
param,87,1.0611,0.4471,0.9554,-0.0000
pos,88,-2.2483,-0.3935,1.2695,0.3200
input,88,-0.3150,0.2940,0.0466,-0.0317
target,88,-2.0000,0.5000,1.3000,0.3000
param,88,1.0611,0.4471,0.9554,-0.0000
pos,89,-2.2484,-0.3904,1.2695,0.3195
input,89,-0.3150,0.2940,0.0466,-0.0317
target,89,-2.0000,0.5000,1.3000,0.3000
param,89,1.0611,0.4471,0.9554,-0.0000
pos,90,-2.2470,-0.3706,1.2683,0.3227
input,90,-0.3150,0.2940,0.0466,-0.0317
target,90,-2.0000,0.5000,1.3000,0.3000
param,90,1.0611,0.4471,0.9554,-0.0000
pos,91,-2.2456,-0.3523,1.2673,0.3267
input,91,-0.3150,0.2940,0.0466,-0.0317
target,91,-2.0000,0.5000,1.3000,0.3000
param,91,1.0611,0.4471,0.9554,-0.0000
pos,92,-2.2443,-0.3360,1.2663,0.3289
input,92,-0.3105,0.3012,0.0422,-0.0283
target,92,-2.0000,0.5000,1.3000,0.3000
param,92,1.0611,0.4471,0.9554,-0.0000
pos,93,-2.2430,-0.3209,1.2658,0.3309
input,93,-0.3105,0.3012,0.0422,-0.0283
target,93,-2.0000,0.5000,1.3000,0.3000
param,93,1.0611,0.4471,0.9554,-0.0000
pos,94,-2.2417,-0.3053,1.2653,0.3330
input,94,-0.3105,0.3012,0.0422,-0.0283
target,94,-2.0000,0.5000,1.3000,0.3000
param,94,1.0611,0.4471,0.9554,-0.0000
pos,95,-2.2404,-0.2907,1.2648,0.3351
input,95,-0.3057,0.3096,0.0363,-0.0251
target,95,-2.0000,0.5000,1.3000,0.3000
param,95,1.0611,0.4471,0.9554,-0.0000
pos,96,-2.2392,-0.2770,1.2645,0.3371
input,96,-0.3057,0.3096,0.0363,-0.0251
target,96,-2.0000,0.5000,1.3000,0.3000
param,96,1.0611,0.4471,0.9554,-0.0000
pos,97,-2.2379,-0.2645,1.2643,0.3389
input,97,-0.3057,0.3096,0.0363,-0.0251
target,97,-2.0000,0.5000,1.3000,0.3000
param,97,1.0611,0.4471,0.9554,-0.0000
pos,98,-2.2367,-0.2538,1.2642,0.3402
input,98,-0.3010,0.3166,0.0310,-0.0224
target,98,-2.0000,0.5000,1.3000,0.3000
param,98,1.0611,0.4471,0.9554,-0.0000
pos,99,-2.2356,-0.2427,1.2642,0.3410
input,99,-0.3010,0.3166,0.0310,-0.0224
target,99,-2.0000,0.5000,1.3000,0.3000
param,99,1.0611,0.4471,0.9554,-0.0000
pos,100,-2.2346,-0.2332,1.2642,0.3414
input,100,-0.3010,0.3166,0.0310,-0.0224
target,100,-2.0000,0.5000,1.3000,0.3000
param,100,1.0611,0.4471,0.9554,-0.0000
pos,101,-2.2338,-0.2251,1.2643,0.3415
input,101,-0.3010,0.3166,0.0310,-0.0224
target,101,-2.0000,0.5000,1.3000,0.3000
param,101,1.0611,0.4471,0.9554,-0.0000
pos,102,-2.2331,-0.2180,1.2644,0.3413
input,102,-0.3010,0.3166,0.0310,-0.0224
target,102,-2.0000,0.5000,1.3000,0.3000
param,102,1.0611,0.4471,0.9554,-0.0000
pos,103,-2.2325,-0.2120,1.2645,0.3409
input,103,-0.3010,0.3166,0.0310,-0.0224
target,103,-2.0000,0.5000,1.3000,0.3000
param,103,1.0611,0.4471,0.9554,-0.0000
pos,104,-2.2319,-0.2068,1.2647,0.3404
input,104,-0.3010,0.3166,0.0310,-0.0224
target,104,-2.0000,0.5000,1.3000,0.3000
param,104,1.0611,0.4471,0.9554,-0.0000
pos,105,-2.2315,-0.2024,1.2648,0.3397
input,105,-0.3010,0.3166,0.0310,-0.0224
target,105,-2.0000,0.5000,1.3000,0.3000
param,105,1.0611,0.4471,0.9554,-0.0000
pos,106,-2.2311,-0.1986,1.2650,0.3389
input,106,-0.3010,0.3166,0.0310,-0.0224
target,106,-2.0000,0.5000,1.3000,0.3000
param,106,1.0611,0.4471,0.9554,-0.0000
pos,107,-2.2305,-0.1953,1.2652,0.3380
input,107,-0.3010,0.3166,0.0310,-0.0224
target,107,-2.0000,0.5000,1.3000,0.3000
param,107,1.0611,0.4471,0.9554,-0.0000
pos,108,-2.2290,-0.1825,1.2656,0.3392
input,108,-0.3010,0.3166,0.0310,-0.0224
target,108,-2.0000,0.5000,1.3000,0.3000
param,108,1.0611,0.4471,0.9554,-0.0000
pos,109,-2.2275,-0.1709,1.2661,0.3401
input,109,-0.2936,0.3185,0.0298,-0.0202
target,109,-2.0000,0.5000,1.3000,0.3000
param,109,1.0611,0.4471,0.9554,-0.0000
pos,110,-2.2262,-0.1610,1.2666,0.3405
input,110,-0.2936,0.3185,0.0298,-0.0202
target,110,-2.0000,0.5000,1.3000,0.3000
param,110,1.0611,0.4471,0.9554,-0.0000
pos,111,-2.2249,-0.1521,1.2672,0.3408
input,111,-0.2936,0.3185,0.0298,-0.0202
target,111,-2.0000,0.5000,1.3000,0.3000
param,111,1.0611,0.4471,0.9554,-0.0000
pos,112,-2.2235,-0.1416,1.2679,0.3412
input,112,-0.2936,0.3185,0.0298,-0.0202
target,112,-2.0000,0.5000,1.3000,0.3000
param,112,1.0611,0.4471,0.9554,-0.0000
pos,113,-2.2222,-0.1311,1.2686,0.3422
input,113,-0.2868,0.3232,0.0249,-0.0191
target,113,-2.0000,0.5000,1.3000,0.3000
param,113,1.0611,0.4471,0.9554,-0.0000
pos,114,-2.2210,-0.1222,1.2693,0.3428
input,114,-0.2868,0.3232,0.0249,-0.0191
target,114,-2.0000,0.5000,1.3000,0.3000
param,114,1.0611,0.4471,0.9554,-0.0000
pos,115,-2.2201,-0.1145,1.2701,0.3428
input,115,-0.2868,0.3232,0.0249,-0.0191
target,115,-2.0000,0.5000,1.3000,0.3000
param,115,1.0611,0.4471,0.9554,-0.0000
pos,116,-2.2190,-0.1078,1.2708,0.3425
input,116,-0.2868,0.3232,0.0249,-0.0191
target,116,-2.0000,0.5000,1.3000,0.3000
param,116,1.0611,0.4471,0.9554,-0.0000
pos,117,-2.2181,-0.1017,1.2715,0.3421
input,117,-0.2868,0.3232,0.0249,-0.0191
target,117,-2.0000,0.5000,1.3000,0.3000
param,117,1.0611,0.4471,0.9554,-0.0000
pos,118,-2.2172,-0.0965,1.2722,0.3414
input,118,-0.2797,0.3267,0.0219,-0.0192
target,118,-2.0000,0.5000,1.3000,0.3000
param,118,1.0611,0.4471,0.9554,-0.0000
pos,119,-2.2165,-0.0920,1.2728,0.3408
input,119,-0.2797,0.3267,0.0219,-0.0192
target,119,-2.0000,0.5000,1.3000,0.3000
param,119,1.0611,0.4471,0.9554,-0.0000
pos,120,-2.2159,-0.0882,1.2734,0.3401
input,120,-0.2797,0.3267,0.0219,-0.0192
target,120,-2.0000,0.5000,1.3000,0.3000
param,120,1.0611,0.4471,0.9554,-0.0000
pos,121,-2.2154,-0.0849,1.2740,0.3393
input,121,-0.2797,0.3267,0.0219,-0.0192
target,121,-2.0000,0.5000,1.3000,0.3000
param,121,1.0611,0.4471,0.9554,-0.0000
pos,122,-2.2150,-0.0820,1.2745,0.3384
input,122,-0.2797,0.3267,0.0219,-0.0192
target,122,-2.0000,0.5000,1.3000,0.3000
param,122,1.0611,0.4471,0.9554,-0.0000
pos,123,-2.2144,-0.0796,1.2750,0.3374
input,123,-0.2797,0.3267,0.0219,-0.0192
target,123,-2.0000,0.5000,1.3000,0.3000
param,123,1.0611,0.4471,0.9554,-0.0000
pos,124,-2.2139,-0.0775,1.2754,0.3363
input,124,-0.2797,0.3267,0.0219,-0.0192
target,124,-2.0000,0.5000,1.3000,0.3000
param,124,1.0611,0.4471,0.9554,-0.0000
pos,125,-2.2134,-0.0757,1.2758,0.3352
input,125,-0.2797,0.3197,0.0304,-0.0207
target,125,-2.0000,0.5000,1.3000,0.3000
param,125,1.0611,0.4471,0.9554,-0.0000
pos,126,-2.2128,-0.0741,1.2763,0.3339
input,126,-0.2797,0.3197,0.0304,-0.0207
target,126,-2.0000,0.5000,1.3000,0.3000
param,126,1.0611,0.4471,0.9554,-0.0000
pos,127,-2.2123,-0.0728,1.2767,0.3327
input,127,-0.2797,0.3197,0.0304,-0.0207
target,127,-2.0000,0.5000,1.3000,0.3000
param,127,1.0611,0.4471,0.9554,0.0000
pos,128,-2.2119,-0.0716,1.2770,0.3314
input,128,-0.2797,0.3197,0.0304,-0.0207
target,128,-2.0000,0.5000,1.3000,0.3000
param,128,1.0611,0.4471,0.9554,0.0000
pos,129,-2.2113,-0.0706,1.2774,0.3301
input,129,-0.2797,0.3197,0.0304,-0.0207
target,129,-2.0000,0.5000,1.3000,0.3000
param,129,1.0611,0.4471,0.9554,0.0000
pos,130,-2.2107,-0.0698,1.2777,0.3287
input,130,-0.2822,0.3126,0.0365,-0.0224
target,130,-2.0000,0.5000,1.3000,0.3000
param,130,1.0611,0.4471,0.9554,0.0000
pos,131,-2.2103,-0.0691,1.2780,0.3274
input,131,-0.2822,0.3126,0.0365,-0.0224
target,131,-2.0000,0.5000,1.3000,0.3000
param,131,1.0611,0.4471,0.9554,0.0000
pos,132,-2.2099,-0.0684,1.2783,0.3261
input,132,-0.2822,0.3126,0.0365,-0.0224
target,132,-2.0000,0.5000,1.3000,0.3000
param,132,1.0611,0.4471,0.9554,0.0000
pos,133,-2.2096,-0.0679,1.2785,0.3248
input,133,-0.2822,0.3126,0.0365,-0.0224
target,133,-2.0000,0.5000,1.3000,0.3000
param,133,1.0611,0.4471,0.9554,0.0000
pos,134,-2.2087,-0.0567,1.2798,0.3281
input,134,-0.2822,0.3126,0.0365,-0.0224
target,134,-2.0000,0.5000,1.3000,0.3000
param,134,1.0611,0.4471,0.9554,0.0000
pos,135,-2.2078,-0.0435,1.2813,0.3300
input,135,-0.2822,0.3126,0.0365,-0.0224
target,135,-2.0000,0.5000,1.3000,0.3000
param,135,1.0611,0.4471,0.9554,0.0000
pos,136,-2.2070,-0.0317,1.2829,0.3313
input,136,-0.2749,0.3171,0.0307,-0.0250
target,136,-2.0000,0.5000,1.3000,0.3000
param,136,1.0611,0.4471,0.9554,0.0000
pos,137,-2.2064,-0.0215,1.2843,0.3322
input,137,-0.2749,0.3171,0.0307,-0.0250
target,137,-2.0000,0.5000,1.3000,0.3000
param,137,1.0611,0.4471,0.9554,0.0000
pos,138,-2.2058,-0.0128,1.2857,0.3325
input,138,-0.2664,0.3242,0.0261,-0.0257
target,138,-2.0000,0.5000,1.3000,0.3000
param,138,1.0611,0.4471,0.9554,0.0000
pos,139,-2.2053,-0.0053,1.2870,0.3325
input,139,-0.2664,0.3242,0.0261,-0.0257
target,139,-2.0000,0.5000,1.3000,0.3000
param,139,1.0611,0.4471,0.9554,0.0000
pos,140,-2.2047,0.0012,1.2882,0.3322
input,140,-0.2664,0.3242,0.0261,-0.0257
target,140,-2.0000,0.5000,1.3000,0.3000
param,140,1.0611,0.4471,0.9554,0.0000
pos,141,-2.2042,0.0067,1.2894,0.3316
input,141,-0.2581,0.3290,0.0249,-0.0272
target,141,-2.0000,0.5000,1.3000,0.3000
param,141,1.0611,0.4471,0.9554,0.0000
pos,142,-2.2038,0.0114,1.2904,0.3308
input,142,-0.2581,0.3290,0.0249,-0.0272
target,142,-2.0000,0.5000,1.3000,0.3000
param,142,1.0611,0.4471,0.9554,0.0000
pos,143,-2.2034,0.0154,1.2914,0.3298
input,143,-0.2581,0.3290,0.0249,-0.0272
target,143,-2.0000,0.5000,1.3000,0.3000
param,143,1.0611,0.4471,0.9554,0.0000
pos,144,-2.2028,0.0189,1.2923,0.3287
input,144,-0.2581,0.3290,0.0249,-0.0272
target,144,-2.0000,0.5000,1.3000,0.3000
param,144,1.0611,0.4471,0.9554,0.0000
pos,145,-2.2021,0.0260,1.2935,0.3288
input,145,-0.2581,0.3290,0.0249,-0.0272
target,145,-2.0000,0.5000,1.3000,0.3000
param,145,1.0611,0.4471,0.9554,0.0000
pos,146,-2.2015,0.0326,1.2947,0.3289
input,146,-0.2581,0.3290,0.0249,-0.0272
target,146,-2.0000,0.5000,1.3000,0.3000
param,146,1.0611,0.4471,0.9554,0.0000
pos,147,-2.2009,0.0383,1.2959,0.3286
input,147,-0.2482,0.3321,0.0266,-0.0312
target,147,-2.0000,0.5000,1.3000,0.3000
param,147,1.0611,0.4471,0.9554,0.0000
pos,148,-2.2005,0.0436,1.2969,0.3286
input,148,-0.2482,0.3321,0.0266,-0.0312
target,148,-2.0000,0.5000,1.3000,0.3000
param,148,1.0611,0.4471,0.9554,0.0000
pos,149,-2.2000,0.0485,1.2979,0.3273
input,149,-0.2482,0.3321,0.0266,-0.0312
target,149,-2.0000,0.5000,1.3000,0.3000
param,149,1.0611,0.4471,0.9554,0.0000
pos,150,-2.1995,0.0527,1.2989,0.3258
input,150,-0.2482,0.3321,0.0266,-0.0312
target,150,-2.0000,0.5000,1.3000,0.3000
param,150,1.0611,0.4471,0.9554,0.0000
pos,151,-2.1991,0.0568,1.2999,0.3250
input,151,-0.2482,0.3321,0.0266,-0.0312
target,151,-2.0000,0.5000,1.3000,0.3000
param,151,1.0611,0.4471,0.9554,0.0000
pos,152,-2.1987,0.0603,1.3008,0.3242
input,152,-0.2406,0.3341,0.0290,-0.0341
target,152,-2.0000,0.5000,1.3000,0.3000
param,152,1.0611,0.4471,0.9554,0.0000
pos,153,-2.1983,0.0633,1.3016,0.3232
input,153,-0.2406,0.3341,0.0290,-0.0341
target,153,-2.0000,0.5000,1.3000,0.3000
param,153,1.0611,0.4471,0.9554,0.0000
pos,154,-2.1980,0.0660,1.3024,0.3224
input,154,-0.2406,0.3341,0.0290,-0.0341
target,154,-2.0000,0.5000,1.3000,0.3000
param,154,1.0611,0.4471,0.9554,0.0000
pos,155,-2.1978,0.0685,1.3031,0.3217
input,155,-0.2406,0.3341,0.0290,-0.0341
target,155,-2.0000,0.5000,1.3000,0.3000
param,155,1.0611,0.4471,0.9554,0.0000
pos,156,-2.1977,0.0706,1.3038,0.3212
input,156,-0.2406,0.3341,0.0290,-0.0341
target,156,-2.0000,0.5000,1.3000,0.3000
param,156,1.0611,0.4471,0.9554,0.0000
pos,157,-2.1976,0.0724,1.3045,0.3206
input,157,-0.2406,0.3341,0.0290,-0.0341
target,157,-2.0000,0.5000,1.3000,0.3000
param,157,1.0611,0.4471,0.9554,0.0000
pos,158,-2.1975,0.0740,1.3050,0.3199
input,158,-0.2406,0.3341,0.0290,-0.0341
target,158,-2.0000,0.5000,1.3000,0.3000
param,158,1.0611,0.4471,0.9554,0.0000
pos,159,-2.1974,0.0753,1.3056,0.3192
input,159,-0.2406,0.3341,0.0290,-0.0341
target,159,-2.0000,0.5000,1.3000,0.3000
param,159,1.0611,0.4471,0.9554,0.0000
pos,160,-2.1973,0.0764,1.3061,0.3184
input,160,-0.2406,0.3341,0.0290,-0.0341
target,160,-2.0000,0.5000,1.3000,0.3000
param,160,1.0611,0.4471,0.9554,0.0000
pos,161,-2.1975,0.0774,1.3065,0.3178
input,161,-0.2406,0.3341,0.0290,-0.0341
target,161,-2.0000,0.5000,1.3000,0.3000
param,161,1.0611,0.4471,0.9554,0.0000
pos,162,-2.1976,0.0782,1.3069,0.3171
input,162,-0.2413,0.3265,0.0385,-0.0391
target,162,-2.0000,0.5000,1.3000,0.3000
param,162,1.0611,0.4471,0.9554,0.0000
pos,163,-2.1976,0.0789,1.3072,0.3165
input,163,-0.2413,0.3265,0.0385,-0.0391
target,163,-2.0000,0.5000,1.3000,0.3000
param,163,1.0611,0.4471,0.9554,0.0000
pos,164,-2.1977,0.0794,1.3076,0.3159
input,164,-0.2413,0.3265,0.0385,-0.0391
target,164,-2.0000,0.5000,1.3000,0.3000
param,164,1.0611,0.4471,0.9554,0.0000
pos,165,-2.1978,0.0799,1.3078,0.3153
input,165,-0.2413,0.3265,0.0385,-0.0391
target,165,-2.0000,0.5000,1.3000,0.3000
param,165,1.0611,0.4471,0.9554,0.0000
pos,166,-2.1978,0.0803,1.3081,0.3148
input,166,-0.2413,0.3265,0.0385,-0.0391
target,166,-2.0000,0.5000,1.3000,0.3000
param,166,1.0611,0.4471,0.9554,0.0000
pos,167,-2.1977,0.0807,1.3083,0.3141
input,167,-0.2463,0.3199,0.0411,-0.0403
target,167,-2.0000,0.5000,1.3000,0.3000
param,167,1.0611,0.4471,0.9554,0.0000
pos,168,-2.1977,0.0814,1.3087,0.3129
input,168,-0.2463,0.3199,0.0411,-0.0403
target,168,-2.0000,0.5000,1.3000,0.3000
param,168,1.0611,0.4471,0.9554,0.0000
pos,169,-2.1976,0.0818,1.3091,0.3122
input,169,-0.2463,0.3199,0.0411,-0.0403
target,169,-2.0000,0.5000,1.3000,0.3000
param,169,1.0611,0.4471,0.9554,0.0000
pos,170,-2.1975,0.0821,1.3096,0.3114
input,170,-0.2463,0.3199,0.0411,-0.0403
target,170,-2.0000,0.5000,1.3000,0.3000
param,170,1.0611,0.4471,0.9554,0.0000
pos,171,-2.1974,0.0823,1.3099,0.3107
input,171,-0.2463,0.3199,0.0411,-0.0403
target,171,-2.0000,0.5000,1.3000,0.3000
param,171,1.0611,0.4471,0.9554,0.0000
pos,172,-2.1971,0.0826,1.3103,0.3100
input,172,-0.2463,0.3199,0.0411,-0.0403
target,172,-2.0000,0.5000,1.3000,0.3000
param,172,1.0611,0.4471,0.9554,0.0000
pos,173,-2.1969,0.0826,1.3106,0.3077
input,173,-0.2463,0.3199,0.0411,-0.0403
target,173,-2.0000,0.5000,1.3000,0.3000
param,173,1.0611,0.4471,0.9554,0.0000
pos,174,-2.1968,0.0827,1.3109,0.3054
input,174,-0.2496,0.3132,0.0490,-0.0432
target,174,-2.0000,0.5000,1.3000,0.3000
param,174,1.0611,0.4471,0.9554,0.0000
pos,175,-2.1967,0.0827,1.3111,0.3032
input,175,-0.2496,0.3132,0.0490,-0.0432
target,175,-2.0000,0.5000,1.3000,0.3000
param,175,1.0611,0.4471,0.9554,0.0000
pos,176,-2.1966,0.0827,1.3114,0.3012
input,176,-0.2496,0.3132,0.0490,-0.0432
target,176,-2.0000,0.5000,1.3000,0.3000
param,176,1.0611,0.4471,0.9554,0.0000
pos,177,-2.1965,0.0827,1.3116,0.2992
input,177,-0.2496,0.3132,0.0490,-0.0432
target,177,-2.0000,0.5000,1.3000,0.3000
param,177,1.0611,0.4471,0.9554,0.0000
pos,178,-2.1962,0.0826,1.3118,0.2973
input,178,-0.2506,0.3081,0.0594,-0.0444
target,178,-2.0000,0.5000,1.3000,0.3000
param,178,1.0611,0.4471,0.9554,0.0000
pos,179,-2.1959,0.0826,1.3119,0.2955
input,179,-0.2506,0.3081,0.0594,-0.0444
target,179,-2.0000,0.5000,1.3000,0.3000
param,179,1.0611,0.4471,0.9554,0.0000
pos,180,-2.1957,0.0826,1.3121,0.2938
input,180,-0.2506,0.3081,0.0594,-0.0444
target,180,-2.0000,0.5000,1.3000,0.3000
param,180,1.0611,0.4471,0.9554,0.0000
pos,181,-2.1955,0.0825,1.3122,0.2922
input,181,-0.2506,0.3081,0.0594,-0.0444
target,181,-2.0000,0.5000,1.3000,0.3000
param,181,1.0611,0.4471,0.9554,0.0000
pos,182,-2.1953,0.0825,1.3123,0.2906
input,182,-0.2506,0.3081,0.0594,-0.0444
target,182,-2.0000,0.5000,1.3000,0.3000
param,182,1.0611,0.4471,0.9554,0.0000
pos,183,-2.1950,0.0824,1.3124,0.2892
input,183,-0.2506,0.3081,0.0594,-0.0444
target,183,-2.0000,0.5000,1.3000,0.3000
param,183,1.0611,0.4471,0.9554,0.0000
pos,184,-2.1947,0.0813,1.3125,0.2888
input,184,-0.2506,0.3081,0.0594,-0.0444
target,184,-2.0000,0.5000,1.3000,0.3000
param,184,1.0611,0.4471,0.9554,0.0000
pos,185,-2.1945,0.0803,1.3127,0.2882
input,185,-0.2506,0.3081,0.0594,-0.0444
target,185,-2.0000,0.5000,1.3000,0.3000
param,185,1.0611,0.4471,0.9554,0.0000
pos,186,-2.1943,0.0794,1.3128,0.2876
input,186,-0.2506,0.3081,0.0594,-0.0444
target,186,-2.0000,0.5000,1.3000,0.3000
param,186,1.0611,0.4471,0.9554,0.0000
pos,187,-2.1941,0.0785,1.3129,0.2863
input,187,-0.2506,0.3081,0.0594,-0.0444
target,187,-2.0000,0.5000,1.3000,0.3000
param,187,1.0611,0.4471,0.9554,0.0000
pos,188,-2.1939,0.0777,1.3130,0.2851
input,188,-0.2506,0.3081,0.0594,-0.0444
target,188,-2.0000,0.5000,1.3000,0.3000
param,188,1.0611,0.4471,0.9554,0.0000
pos,189,-2.1937,0.0770,1.3130,0.2839
input,189,-0.2502,0.3036,0.0721,-0.0450
target,189,-2.0000,0.5000,1.3000,0.3000
param,189,1.0611,0.4471,0.9554,0.0000
pos,190,-2.1935,0.0761,1.3131,0.2838
input,190,-0.2502,0.3036,0.0721,-0.0450
target,190,-2.0000,0.5000,1.3000,0.3000
param,190,1.0611,0.4471,0.9554,0.0000
pos,191,-2.1934,0.0753,1.3132,0.2838
input,191,-0.2502,0.3036,0.0721,-0.0450
target,191,-2.0000,0.5000,1.3000,0.3000
param,191,1.0611,0.4471,0.9554,0.0000
pos,192,-2.1934,0.0745,1.3133,0.2838
input,192,-0.2502,0.3036,0.0721,-0.0450
target,192,-2.0000,0.5000,1.3000,0.3000
param,192,1.0611,0.4471,0.9554,0.0000
pos,193,-2.1934,0.0737,1.3133,0.2841
input,193,-0.2502,0.3036,0.0721,-0.0450
target,193,-2.0000,0.5000,1.3000,0.3000
param,193,1.0611,0.4471,0.9554,0.0000
pos,194,-2.1935,0.0731,1.3133,0.2844
input,194,-0.2502,0.3036,0.0721,-0.0450
target,194,-2.0000,0.5000,1.3000,0.3000
param,194,1.0611,0.4471,0.9554,0.0000
pos,195,-2.1935,0.0725,1.3134,0.2847
input,195,-0.2502,0.3036,0.0721,-0.0450
target,195,-2.0000,0.5000,1.3000,0.3000
param,195,1.0611,0.4471,0.9554,0.0000
pos,196,-2.1936,0.0720,1.3134,0.2850
input,196,-0.2502,0.3036,0.0721,-0.0450
target,196,-2.0000,0.5000,1.3000,0.3000
param,196,1.0611,0.4471,0.9554,0.0000
pos,197,-2.1936,0.0715,1.3134,0.2854
input,197,-0.2482,0.3090,0.0615,-0.0445
target,197,-2.0000,0.5000,1.3000,0.3000
param,197,1.0611,0.4471,0.9554,0.0000
pos,198,-2.1939,0.0711,1.3134,0.2858
input,198,-0.2482,0.3090,0.0615,-0.0445
target,198,-2.0000,0.5000,1.3000,0.3000
param,198,1.0611,0.4471,0.9554,0.0000
pos,199,-2.1941,0.0708,1.3134,0.2862
input,199,-0.2482,0.3090,0.0615,-0.0445
target,199,-2.0000,0.5000,1.3000,0.3000
param,199,1.0611,0.4471,0.9554,0.0000
pos,200,-2.1942,0.0705,1.3133,0.2866
input,200,-0.2482,0.3090,0.0615,-0.0445
target,200,-2.0000,0.5000,1.3000,0.3000
param,200,1.0611,0.4471,0.9554,0.0000
pos,201,-2.1944,0.0703,1.3133,0.2870
input,201,-0.2482,0.3090,0.0615,-0.0445
target,201,-2.0000,0.5000,1.3000,0.3000
param,201,1.0611,0.4471,0.9554,0.0000
pos,202,-2.1945,0.0690,1.3132,0.2875
input,202,-0.2482,0.3090,0.0615,-0.0445
target,202,-2.0000,0.5000,1.3000,0.3000
param,202,1.0611,0.4471,0.9554,0.0000
pos,203,-2.1946,0.0679,1.3131,0.2875
input,203,-0.2482,0.3090,0.0615,-0.0445
target,203,-2.0000,0.5000,1.3000,0.3000
param,203,1.0611,0.4471,0.9554,0.0000
pos,204,-2.1946,0.0668,1.3130,0.2875
input,204,-0.2482,0.3090,0.0615,-0.0445
target,204,-2.0000,0.5000,1.3000,0.3000
param,204,1.0611,0.4471,0.9554,0.0000
pos,205,-2.1949,0.0657,1.3128,0.2876
input,205,-0.2482,0.3090,0.0615,-0.0445
target,205,-2.0000,0.5000,1.3000,0.3000
param,205,1.0611,0.4471,0.9554,0.0000
pos,206,-2.1951,0.0647,1.3126,0.2880
input,206,-0.2482,0.3090,0.0615,-0.0445
target,206,-2.0000,0.5000,1.3000,0.3000
param,206,1.0611,0.4471,0.9554,0.0000
pos,207,-2.1953,0.0637,1.3124,0.2891
input,207,-0.2482,0.3090,0.0615,-0.0445
target,207,-2.0000,0.5000,1.3000,0.3000
param,207,1.0611,0.4471,0.9554,0.0000
pos,208,-2.1954,0.0628,1.3122,0.2901
input,208,-0.2482,0.3146,0.0506,-0.0425
target,208,-2.0000,0.5000,1.3000,0.3000
param,208,1.0611,0.4471,0.9554,0.0000
pos,209,-2.1956,0.0620,1.3121,0.2913
input,209,-0.2482,0.3146,0.0506,-0.0425
target,209,-2.0000,0.5000,1.3000,0.3000
param,209,1.0611,0.4471,0.9554,0.0000
pos,210,-2.1958,0.0614,1.3119,0.2925
input,210,-0.2482,0.3146,0.0506,-0.0425
target,210,-2.0000,0.5000,1.3000,0.3000
param,210,1.0611,0.4471,0.9554,0.0000
pos,211,-2.1960,0.0608,1.3118,0.2936
input,211,-0.2482,0.3146,0.0506,-0.0425
target,211,-2.0000,0.5000,1.3000,0.3000
param,211,1.0611,0.4471,0.9554,0.0000
pos,212,-2.1962,0.0603,1.3117,0.2947
input,212,-0.2482,0.3146,0.0506,-0.0425
target,212,-2.0000,0.5000,1.3000,0.3000
param,212,1.0611,0.4471,0.9554,0.0000
pos,213,-2.1963,0.0599,1.3116,0.2958
input,213,-0.2482,0.3146,0.0506,-0.0425
target,213,-2.0000,0.5000,1.3000,0.3000
param,213,1.0611,0.4471,0.9554,0.0000
pos,214,-2.1964,0.0596,1.3115,0.2968
input,214,-0.2482,0.3146,0.0506,-0.0425
target,214,-2.0000,0.5000,1.3000,0.3000
param,214,1.0611,0.4471,0.9554,0.0000
pos,215,-2.1965,0.0593,1.3114,0.2978
input,215,-0.2482,0.3146,0.0506,-0.0425
target,215,-2.0000,0.5000,1.3000,0.3000
param,215,1.0611,0.4471,0.9554,0.0000
pos,216,-2.1966,0.0590,1.3113,0.2988
input,216,-0.2482,0.3146,0.0506,-0.0425
target,216,-2.0000,0.5000,1.3000,0.3000
param,216,1.0611,0.4471,0.9554,0.0000
pos,217,-2.1967,0.0588,1.3112,0.2997
input,217,-0.2499,0.3184,0.0384,-0.0412
target,217,-2.0000,0.5000,1.3000,0.3000
param,217,1.0611,0.4471,0.9554,0.0000
pos,218,-2.1967,0.0587,1.3112,0.3006
input,218,-0.2499,0.3184,0.0384,-0.0412
target,218,-2.0000,0.5000,1.3000,0.3000
param,218,1.0611,0.4471,0.9554,0.0000
pos,219,-2.1968,0.0585,1.3111,0.3015
input,219,-0.2499,0.3184,0.0384,-0.0412
target,219,-2.0000,0.5000,1.3000,0.3000
param,219,1.0611,0.4471,0.9554,0.0000
pos,220,-2.1971,0.0572,1.3109,0.3026
input,220,-0.2499,0.3184,0.0384,-0.0412
target,220,-2.0000,0.5000,1.3000,0.3000
param,220,1.0611,0.4471,0.9554,0.0000
pos,221,-2.1975,0.0559,1.3108,0.3032
input,221,-0.2499,0.3184,0.0384,-0.0412
target,221,-2.0000,0.5000,1.3000,0.3000
param,221,1.0611,0.4471,0.9554,0.0000
pos,222,-2.1978,0.0548,1.3106,0.3033
input,222,-0.2499,0.3184,0.0384,-0.0412
target,222,-2.0000,0.5000,1.3000,0.3000
param,222,1.0611,0.4471,0.9554,0.0000
pos,223,-2.1981,0.0539,1.3104,0.3034
input,223,-0.2499,0.3184,0.0384,-0.0412
target,223,-2.0000,0.5000,1.3000,0.3000
param,223,1.0611,0.4471,0.9554,0.0000
pos,224,-2.1983,0.0530,1.3102,0.3030
input,224,-0.2499,0.3184,0.0384,-0.0412
target,224,-2.0000,0.5000,1.3000,0.3000
param,224,1.0611,0.4471,0.9554,0.0000
pos,225,-2.1986,0.0520,1.3101,0.3027
input,225,-0.2499,0.3184,0.0384,-0.0412
target,225,-2.0000,0.5000,1.3000,0.3000
param,225,1.0611,0.4471,0.9554,0.0000
pos,226,-2.1989,0.0512,1.3100,0.3018
input,226,-0.2499,0.3184,0.0384,-0.0412
target,226,-2.0000,0.5000,1.3000,0.3000
param,226,1.0611,0.4471,0.9554,0.0000
pos,227,-2.1991,0.0505,1.3099,0.3009
input,227,-0.2499,0.3184,0.0384,-0.0412
target,227,-2.0000,0.5000,1.3000,0.3000
param,227,1.0611,0.4471,0.9554,0.0000
pos,228,-2.1991,0.0499,1.3098,0.2998
input,228,-0.2545,0.3129,0.0474,-0.0404
target,228,-2.0000,0.5000,1.3000,0.3000
param,228,1.0611,0.4471,0.9554,0.0000
pos,229,-2.1991,0.0494,1.3097,0.2989
input,229,-0.2545,0.3129,0.0474,-0.0404
target,229,-2.0000,0.5000,1.3000,0.3000
param,229,1.0611,0.4471,0.9554,0.0000
pos,230,-2.1992,0.0490,1.3096,0.2980
input,230,-0.2545,0.3129,0.0474,-0.0404
target,230,-2.0000,0.5000,1.3000,0.3000
param,230,1.0611,0.4471,0.9554,0.0000
pos,231,-2.1992,0.0486,1.3095,0.2971
input,231,-0.2545,0.3129,0.0474,-0.0404
target,231,-2.0000,0.5000,1.3000,0.3000
param,231,1.0611,0.4471,0.9554,0.0000
pos,232,-2.1992,0.0483,1.3094,0.2964
input,232,-0.2545,0.3129,0.0474,-0.0404
target,232,-2.0000,0.5000,1.3000,0.3000
param,232,1.0611,0.4471,0.9554,0.0000
pos,233,-2.1992,0.0480,1.3094,0.2956
input,233,-0.2526,0.3100,0.0360,-0.0359
target,233,-2.0000,0.5000,1.3000,0.3000
param,233,1.0611,0.4471,0.9554,0.0000
pos,234,-2.1992,0.0477,1.3093,0.2949
input,234,-0.2526,0.3100,0.0360,-0.0359
target,234,-2.0000,0.5000,1.3000,0.3000
param,234,1.0611,0.4471,0.9554,0.0000
pos,235,-2.1993,0.0475,1.3092,0.2943
input,235,-0.2526,0.3100,0.0360,-0.0359
target,235,-2.0000,0.5000,1.3000,0.3000
param,235,1.0611,0.4471,0.9554,0.0000
pos,236,-2.1993,0.0473,1.3092,0.2936
input,236,-0.2540,0.3043,0.0479,-0.0365
target,236,-2.0000,0.5000,1.3000,0.3000
param,236,1.0611,0.4471,0.9554,0.0000
pos,237,-2.1993,0.0472,1.3091,0.2930
input,237,-0.2540,0.3043,0.0479,-0.0365
target,237,-2.0000,0.5000,1.3000,0.3000
param,237,1.0611,0.4471,0.9554,0.0000
pos,238,-2.1995,0.0462,1.3092,0.2931
input,238,-0.2560,0.3069,0.0594,-0.0411
target,238,-2.0000,0.5000,1.3000,0.3000
param,238,1.0611,0.4471,0.9554,0.0000
pos,239,-2.1997,0.0453,1.3094,0.2931
input,239,-0.2560,0.3069,0.0594,-0.0411
target,239,-2.0000,0.5000,1.3000,0.3000
param,239,1.0611,0.4471,0.9554,0.0000
pos,240,-2.1999,0.0445,1.3095,0.2930
input,240,-0.2560,0.3069,0.0594,-0.0411
target,240,-2.0000,0.5000,1.3000,0.3000
param,240,1.0611,0.4471,0.9554,0.0000
pos,241,-2.2000,0.0438,1.3096,0.2929
input,241,-0.2560,0.3069,0.0594,-0.0411
target,241,-2.0000,0.5000,1.3000,0.3000
param,241,1.0611,0.4471,0.9554,0.0000
pos,242,-2.2001,0.0431,1.3098,0.2930
input,242,-0.2560,0.3069,0.0594,-0.0411
target,242,-2.0000,0.5000,1.3000,0.3000
param,242,1.0611,0.4471,0.9554,0.0000
pos,243,-2.2002,0.0425,1.3099,0.2932
input,243,-0.2560,0.3069,0.0594,-0.0411
target,243,-2.0000,0.5000,1.3000,0.3000
param,243,1.0611,0.4471,0.9554,0.0000
pos,244,-2.2003,0.0420,1.3100,0.2934
input,244,-0.2560,0.3069,0.0594,-0.0411
target,244,-2.0000,0.5000,1.3000,0.3000
param,244,1.0611,0.4471,0.9554,0.0000
pos,245,-2.2004,0.0415,1.3101,0.2936
input,245,-0.2560,0.3069,0.0594,-0.0411
target,245,-2.0000,0.5000,1.3000,0.3000
param,245,1.0611,0.4471,0.9554,0.0000
pos,246,-2.2005,0.0411,1.3102,0.2938
input,246,-0.2560,0.3069,0.0594,-0.0411
target,246,-2.0000,0.5000,1.3000,0.3000
param,246,1.0611,0.4471,0.9554,0.0000
pos,247,-2.2005,0.0408,1.3103,0.2940
input,247,-0.2560,0.3069,0.0594,-0.0411
target,247,-2.0000,0.5000,1.3000,0.3000
param,247,1.0611,0.4471,0.9554,0.0000
pos,248,-2.2006,0.0403,1.3104,0.2940
input,248,-0.2560,0.3069,0.0594,-0.0411
target,248,-2.0000,0.5000,1.3000,0.3000
param,248,1.0611,0.4471,0.9554,0.0000
pos,249,-2.2007,0.0399,1.3105,0.2940
input,249,-0.2560,0.3069,0.0594,-0.0411
target,249,-2.0000,0.5000,1.3000,0.3000
param,249,1.0611,0.4471,0.9554,0.0000
pos,250,-2.2008,0.0395,1.3107,0.2937
input,250,-0.2560,0.3069,0.0594,-0.0411
target,250,-2.0000,0.5000,1.3000,0.3000
param,250,1.0611,0.4471,0.9554,0.0000
pos,251,-2.2009,0.0392,1.3108,0.2934
input,251,-0.2560,0.3069,0.0594,-0.0411
target,251,-2.0000,0.5000,1.3000,0.3000
param,251,1.0611,0.4471,0.9554,0.0000
pos,252,-2.2010,0.0388,1.3109,0.2934
input,252,-0.2560,0.3069,0.0594,-0.0411
target,252,-2.0000,0.5000,1.3000,0.3000
param,252,1.0611,0.4471,0.9554,0.0000
pos,253,-2.2010,0.0385,1.3110,0.2934
input,253,-0.2560,0.3069,0.0594,-0.0411
target,253,-2.0000,0.5000,1.3000,0.3000
param,253,1.0611,0.4471,0.9554,0.0000
pos,254,-2.2010,0.0383,1.3110,0.2934
input,254,-0.2560,0.3069,0.0594,-0.0411
target,254,-2.0000,0.5000,1.3000,0.3000
param,254,1.0611,0.4471,0.9554,0.0000
pos,255,-2.2011,0.0381,1.3111,0.2934
input,255,-0.2560,0.3069,0.0594,-0.0411
target,255,-2.0000,0.5000,1.3000,0.3000
param,255,1.0611,0.4471,0.9554,0.0000
pos,256,-2.2011,0.0379,1.3112,0.2935
input,256,-0.2560,0.3069,0.0594,-0.0411
target,256,-2.0000,0.5000,1.3000,0.3000
param,256,1.0611,0.4471,0.9554,0.0000
pos,257,-2.2012,0.0378,1.3112,0.2935
input,257,-0.2560,0.3069,0.0594,-0.0411
target,257,-2.0000,0.5000,1.3000,0.3000
param,257,1.0611,0.4471,0.9554,0.0000
pos,258,-2.2012,0.0377,1.3112,0.2935
input,258,-0.2513,0.3114,0.0542,-0.0437
target,258,-2.0000,0.5000,1.3000,0.3000
param,258,1.0611,0.4471,0.9554,0.0000
pos,259,-2.2014,0.0375,1.3113,0.2937
input,259,-0.2513,0.3114,0.0542,-0.0437
target,259,-2.0000,0.5000,1.3000,0.3000
param,259,1.0611,0.4471,0.9554,0.0000
pos,260,-2.2016,0.0375,1.3113,0.2939
input,260,-0.2513,0.3114,0.0542,-0.0437
target,260,-2.0000,0.5000,1.3000,0.3000
param,260,1.0611,0.4471,0.9554,0.0000
pos,261,-2.2017,0.0374,1.3113,0.2941
input,261,-0.2513,0.3114,0.0542,-0.0437
target,261,-2.0000,0.5000,1.3000,0.3000
param,261,1.0611,0.4471,0.9554,0.0000
pos,262,-2.2019,0.0373,1.3114,0.2943
input,262,-0.2513,0.3114,0.0542,-0.0437
target,262,-2.0000,0.5000,1.3000,0.3000
param,262,1.0611,0.4471,0.9554,0.0000
pos,263,-2.2020,0.0372,1.3114,0.2945
input,263,-0.2513,0.3114,0.0542,-0.0437
target,263,-2.0000,0.5000,1.3000,0.3000
param,263,1.0611,0.4471,0.9554,0.0000
pos,264,-2.2021,0.0374,1.3114,0.2962
input,264,-0.2513,0.3114,0.0542,-0.0437
target,264,-2.0000,0.5000,1.3000,0.3000
param,264,1.0611,0.4471,0.9554,0.0000
pos,265,-2.2022,0.0374,1.3113,0.2965
input,265,-0.2513,0.3114,0.0542,-0.0437
target,265,-2.0000,0.5000,1.3000,0.3000
param,265,1.0611,0.4471,0.9554,0.0000
pos,266,-2.2023,0.0376,1.3111,0.2966
input,266,-0.2513,0.3114,0.0542,-0.0437
target,266,-2.0000,0.5000,1.3000,0.3000
param,266,1.0611,0.4471,0.9554,0.0000
pos,267,-2.2024,0.0376,1.3110,0.2978
input,267,-0.2513,0.3114,0.0542,-0.0437
target,267,-2.0000,0.5000,1.3000,0.3000
param,267,1.0611,0.4471,0.9554,0.0000
pos,268,-2.2025,0.0377,1.3108,0.2983
input,268,-0.2513,0.3114,0.0542,-0.0437
target,268,-2.0000,0.5000,1.3000,0.3000
param,268,1.0611,0.4471,0.9554,0.0000
pos,269,-2.2026,0.0379,1.3105,0.2986
input,269,-0.2513,0.3114,0.0542,-0.0437
target,269,-2.0000,0.5000,1.3000,0.3000
param,269,1.0611,0.4471,0.9554,0.0000
pos,270,-2.2027,0.0381,1.3103,0.2989
input,270,-0.2505,0.3171,0.0441,-0.0415
target,270,-2.0000,0.5000,1.3000,0.3000
param,270,1.0611,0.4471,0.9554,0.0000
pos,271,-2.2028,0.0383,1.3100,0.2989
input,271,-0.2505,0.3171,0.0441,-0.0415
target,271,-2.0000,0.5000,1.3000,0.3000
param,271,1.0611,0.4471,0.9554,0.0000
pos,272,-2.2029,0.0385,1.3097,0.2990
input,272,-0.2505,0.3171,0.0441,-0.0415
target,272,-2.0000,0.5000,1.3000,0.3000
param,272,1.0611,0.4471,0.9554,0.0000
pos,273,-2.2029,0.0386,1.3095,0.2990
input,273,-0.2505,0.3171,0.0441,-0.0415
target,273,-2.0000,0.5000,1.3000,0.3000
param,273,1.0611,0.4471,0.9554,0.0000
pos,274,-2.2030,0.0388,1.3092,0.2990
input,274,-0.2505,0.3171,0.0441,-0.0415
target,274,-2.0000,0.5000,1.3000,0.3000
param,274,1.0611,0.4471,0.9554,0.0000
pos,275,-2.2030,0.0390,1.3089,0.2995
input,275,-0.2505,0.3171,0.0441,-0.0415
target,275,-2.0000,0.5000,1.3000,0.3000
param,275,1.0611,0.4471,0.9554,0.0000
pos,276,-2.2029,0.0392,1.3086,0.2999
input,276,-0.2505,0.3171,0.0441,-0.0415
target,276,-2.0000,0.5000,1.3000,0.3000
param,276,1.0611,0.4471,0.9554,0.0000
pos,277,-2.2029,0.0394,1.3083,0.3003
input,277,-0.2505,0.3171,0.0441,-0.0415
target,277,-2.0000,0.5000,1.3000,0.3000
param,277,1.0611,0.4471,0.9554,0.0000
pos,278,-2.2029,0.0396,1.3080,0.3007
input,278,-0.2505,0.3171,0.0441,-0.0415
target,278,-2.0000,0.5000,1.3000,0.3000
param,278,1.0611,0.4471,0.9554,0.0000
pos,279,-2.2029,0.0397,1.3078,0.3011
input,279,-0.2505,0.3171,0.0441,-0.0415
target,279,-2.0000,0.5000,1.3000,0.3000
param,279,1.0611,0.4471,0.9554,0.0000
pos,280,-2.2029,0.0399,1.3076,0.3014
input,280,-0.2505,0.3171,0.0441,-0.0415
target,280,-2.0000,0.5000,1.3000,0.3000
param,280,1.0611,0.4471,0.9554,0.0000
pos,281,-2.2029,0.0400,1.3074,0.3018
input,281,-0.2505,0.3171,0.0441,-0.0415
target,281,-2.0000,0.5000,1.3000,0.3000
param,281,1.0611,0.4471,0.9554,0.0000
pos,282,-2.2028,0.0401,1.3073,0.3021
input,282,-0.2505,0.3171,0.0441,-0.0415
target,282,-2.0000,0.5000,1.3000,0.3000
param,282,1.0611,0.4471,0.9554,0.0000
pos,283,-2.2028,0.0402,1.3071,0.3023
input,283,-0.2505,0.3171,0.0441,-0.0415
target,283,-2.0000,0.5000,1.3000,0.3000
param,283,1.0611,0.4471,0.9554,0.0000
