pos,0,-1.8525,-1.0448,1.2301,0.4414
input,0,-0.0072,0.0044,0.0404,0.0731
target,0,-2.0000,-1.0000,1.3000,0.5000
param,0,1.0611,0.4471,0.9554,-0.0001
pos,1,-1.8644,-1.0347,1.2294,0.4419
input,1,0.0045,-0.0010,0.0416,0.0735
target,1,-2.0000,0.5000,1.3000,0.5000
param,1,1.0611,0.4471,0.9554,-0.0001
pos,2,-1.8754,-1.0250,1.2286,0.4418
input,2,0.0140,-0.0076,0.0417,0.0739
target,2,-2.0000,0.5000,1.3000,0.5000
param,2,1.0611,0.4471,0.9554,-0.0001
pos,3,-1.8850,-1.0161,1.2279,0.4423
input,3,-0.4620,0.1884,0.0615,-0.0435
target,3,-2.0000,0.5000,1.3000,0.5000
param,3,1.0611,0.4471,0.9554,-0.0001
pos,4,-1.8946,-1.0073,1.2272,0.4428
input,4,-0.4620,0.1884,0.0615,-0.0435
target,4,-2.0000,0.5000,1.3000,0.5000
param,4,1.0611,0.4471,0.9554,-0.0001
pos,5,-1.9037,-0.9985,1.2266,0.4430
input,5,-0.4620,0.1884,0.0615,-0.0435
target,5,-2.0000,0.5000,1.3000,0.5000
param,5,1.0611,0.4471,0.9554,-0.0001
pos,6,-1.9133,-0.9891,1.2260,0.4441
input,6,-0.4620,0.1884,0.0615,-0.0435
target,6,-2.0000,0.5000,1.3000,0.5000
param,6,1.0611,0.4471,0.9554,-0.0001
pos,7,-1.9223,-0.9800,1.2255,0.4452
input,7,-0.4599,0.1943,0.0611,-0.0413
target,7,-2.0000,0.5000,1.3000,0.5000
param,7,1.0611,0.4471,0.9554,-0.0001
pos,8,-1.9310,-0.9711,1.2250,0.4450
input,8,-0.4599,0.1943,0.0611,-0.0413
target,8,-2.0000,0.5000,1.3000,0.5000
param,8,1.0611,0.4471,0.9554,-0.0001
pos,9,-1.9393,-0.9622,1.2248,0.4444
input,9,-0.4599,0.1943,0.0611,-0.0413
target,9,-2.0000,0.5000,1.3000,0.5000
param,9,1.0611,0.4471,0.9554,-0.0001
pos,10,-1.9472,-0.9535,1.2246,0.4459
input,10,-0.4568,0.2009,0.0640,-0.0401
target,10,-2.0000,0.5000,1.3000,0.5000
param,10,1.0611,0.4471,0.9554,-0.0001
pos,11,-1.9542,-0.9455,1.2245,0.4477
input,11,-0.4568,0.2009,0.0640,-0.0401
target,11,-2.0000,0.5000,1.3000,0.5000
param,11,1.0611,0.4471,0.9554,-0.0001
pos,12,-1.9610,-0.9377,1.2244,0.4492
input,12,-0.4568,0.2009,0.0640,-0.0401
target,12,-2.0000,0.5000,1.3000,0.5000
param,12,1.0611,0.4471,0.9554,-0.0001
pos,13,-1.9684,-0.9296,1.2242,0.4484
input,13,-0.4535,0.2103,0.0639,-0.0386
target,13,-2.0000,0.5000,1.3000,0.5000
param,13,1.0611,0.4471,0.9554,-0.0001
pos,14,-1.9756,-0.9216,1.2242,0.4482
input,14,-0.4535,0.2103,0.0639,-0.0386
target,14,-2.0000,0.5000,1.3000,0.5000
param,14,1.0611,0.4471,0.9554,-0.0001
pos,15,-1.9827,-0.9138,1.2241,0.4492
input,15,-0.4535,0.2103,0.0639,-0.0386
target,15,-2.0000,0.5000,1.3000,0.5000
param,15,1.0611,0.4471,0.9554,-0.0001
pos,16,-1.9895,-0.9061,1.2242,0.4502
input,16,-0.4487,0.2194,0.0666,-0.0373
target,16,-2.0000,0.5000,1.3000,0.5000
param,16,1.0611,0.4471,0.9554,-0.0001
pos,17,-1.9956,-0.8991,1.2242,0.4515
input,17,-0.4487,0.2194,0.0666,-0.0373
target,17,-2.0000,0.5000,1.3000,0.5000
param,17,1.0611,0.4471,0.9554,-0.0001
pos,18,-2.0023,-0.8917,1.2242,0.4527
input,18,-0.4454,0.2270,0.0676,-0.0361
target,18,-2.0000,0.5000,1.3000,0.5000
param,18,1.0611,0.4471,0.9554,-0.0000
pos,19,-2.0086,-0.8842,1.2242,0.4578
input,19,-0.4454,0.2270,0.0676,-0.0361
target,19,-2.0000,0.5000,1.3000,0.5000
param,19,1.0611,0.4471,0.9554,-0.0000
pos,20,-2.0144,-0.8777,1.2240,0.4599
input,20,-0.4419,0.2371,0.0662,-0.0348
target,20,-2.0000,0.5000,1.3000,0.5000
param,20,1.0611,0.4471,0.9554,-0.0000
pos,21,-2.0202,-0.8710,1.2240,0.4607
input,21,-0.4419,0.2371,0.0662,-0.0348
target,21,-2.0000,0.5000,1.3000,0.5000
param,21,1.0611,0.4471,0.9554,-0.0000
pos,22,-2.0259,-0.8642,1.2238,0.4647
input,22,-0.4381,0.2456,0.0670,-0.0336
target,22,-2.0000,0.5000,1.3000,0.5000
param,22,1.0611,0.4471,0.9554,-0.0000
pos,23,-2.0321,-0.8568,1.2238,0.4664
input,23,-0.4381,0.2456,0.0670,-0.0336
target,23,-2.0000,0.5000,1.3000,0.5000
param,23,1.0611,0.4471,0.9554,-0.0000
pos,24,-2.0377,-0.8500,1.2239,0.4681
input,24,-0.4339,0.2559,0.0658,-0.0322
target,24,-2.0000,0.5000,1.3000,0.5000
param,24,1.0611,0.4471,0.9554,-0.0000
pos,25,-2.0433,-0.8432,1.2240,0.4693
input,25,-0.4339,0.2559,0.0658,-0.0322
target,25,-2.0000,0.5000,1.3000,0.5000
param,25,1.0611,0.4471,0.9554,-0.0000
pos,26,-2.0489,-0.8362,1.2241,0.4711
input,26,-0.4291,0.2651,0.0665,-0.0309
target,26,-2.0000,0.5000,1.3000,0.5000
param,26,1.0611,0.4471,0.9554,-0.0000
pos,27,-2.0545,-0.8291,1.2242,0.4721
input,27,-0.4291,0.2651,0.0665,-0.0309
target,27,-2.0000,0.5000,1.3000,0.5000
param,27,1.0611,0.4471,0.9554,-0.0000
pos,28,-2.0601,-0.8218,1.2242,0.4733
input,28,-0.4239,0.2746,0.0668,-0.0295
target,28,-2.0000,0.5000,1.3000,0.5000
param,28,1.0611,0.4471,0.9554,-0.0000
pos,29,-2.0658,-0.8144,1.2244,0.4742
input,29,-0.4239,0.2746,0.0668,-0.0295
target,29,-2.0000,0.5000,1.3000,0.5000
param,29,1.0611,0.4471,0.9554,-0.0000
pos,30,-2.0719,-0.8063,1.2245,0.4754
input,30,-0.4186,0.2730,0.0580,-0.0236
target,30,-2.0000,0.5000,1.3000,0.5000
param,30,1.0611,0.4471,0.9554,-0.0000
pos,31,-2.0780,-0.7980,1.2246,0.4760
input,31,-0.4181,0.2841,0.0674,-0.0279
target,31,-2.0000,0.5000,1.3000,0.5000
param,31,1.0611,0.4471,0.9554,-0.0000
pos,32,-2.0835,-0.7904,1.2247,0.4776
input,32,-0.4130,0.2824,0.0583,-0.0221
target,32,-2.0000,0.5000,1.3000,0.5000
param,32,1.0611,0.4471,0.9554,-0.0000
pos,33,-2.0891,-0.7825,1.2248,0.4790
input,33,-0.4115,0.2945,0.0679,-0.0263
target,33,-2.0000,0.5000,1.3000,0.5000
param,33,1.0611,0.4471,0.9554,-0.0000
pos,34,-2.0998,-0.7698,1.2239,0.4806
input,34,-0.4047,0.3051,0.0679,-0.0245
target,34,-2.0000,0.5000,1.3000,0.5000
param,34,1.0611,0.4471,0.9554,-0.0000
pos,35,-2.1103,-0.7569,1.2231,0.4791
input,35,-0.4047,0.3051,0.0679,-0.0245
target,35,-2.0000,0.5000,1.3000,0.5000
param,35,1.0611,0.4471,0.9554,-0.0000
pos,36,-2.1198,-0.7450,1.2222,0.4784
input,36,-0.3983,0.3135,0.0698,-0.0227
target,36,-2.0000,0.5000,1.3000,0.5000
param,36,1.0611,0.4471,0.9554,-0.0000
pos,37,-2.1286,-0.7332,1.2215,0.4816
input,37,-0.3983,0.3135,0.0698,-0.0227
target,37,-2.0000,0.5000,1.3000,0.5000
param,37,1.0611,0.4471,0.9554,-0.0000
pos,38,-2.1286,-0.7332,1.2215,0.4816
input,38,-0.3935,0.3112,0.0599,-0.0171
target,38,-2.0000,0.5000,1.3000,0.5000
param,38,1.0611,0.4471,0.9554,-0.0000
pos,39,-2.1452,-0.7094,1.2203,0.4860
input,39,-0.3889,0.3088,0.0503,-0.0117
target,39,-2.0000,0.5000,1.3000,0.5000
param,39,1.0611,0.4471,0.9554,-0.0000
pos,40,-2.1530,-0.6972,1.2196,0.4912
input,40,-0.3835,0.3166,0.0498,-0.0101
target,40,-2.0000,0.5000,1.3000,0.5000
param,40,1.0611,0.4471,0.9554,-0.0000
pos,41,-2.1600,-0.6858,1.2191,0.4957
input,41,-0.3871,0.3299,0.0685,-0.0193
target,41,-2.0000,0.5000,1.3000,0.5000
param,41,1.0611,0.4471,0.9554,-0.0000
pos,42,-2.1668,-0.6748,1.2187,0.4959
input,42,-0.3825,0.3273,0.0583,-0.0139
target,42,-2.0000,0.5000,1.3000,0.5000
param,42,1.0611,0.4471,0.9554,-0.0000
pos,43,-2.1732,-0.6633,1.2182,0.4999
input,43,-0.3815,0.3401,0.0639,-0.0174
target,43,-2.0000,0.5000,1.3000,0.5000
param,43,1.0611,0.4471,0.9554,-0.0000
pos,44,-2.1791,-0.6519,1.2178,0.5042
input,44,-0.3766,0.3470,0.0629,-0.0158
target,44,-2.0000,0.5000,1.3000,0.5000
param,44,1.0611,0.4471,0.9554,-0.0000
pos,45,-2.1851,-0.6408,1.2176,0.5037
input,45,-0.3766,0.3470,0.0629,-0.0158
target,45,-2.0000,0.5000,1.3000,0.5000
param,45,1.0611,0.4471,0.9554,-0.0000
pos,46,-2.1907,-0.6297,1.2173,0.5028
input,46,-0.3721,0.3532,0.0612,-0.0142
target,46,-2.0000,0.5000,1.3000,0.5000
param,46,1.0611,0.4471,0.9554,-0.0000
pos,47,-2.1953,-0.6201,1.2171,0.5018
input,47,-0.3721,0.3532,0.0612,-0.0142
target,47,-2.0000,0.5000,1.3000,0.5000
param,47,1.0611,0.4471,0.9554,-0.0000
pos,48,-2.1996,-0.6110,1.2169,0.5004
input,48,-0.3721,0.3532,0.0612,-0.0142
target,48,-2.0000,0.5000,1.3000,0.5000
param,48,1.0611,0.4471,0.9554,-0.0000
pos,49,-2.2043,-0.5987,1.2166,0.5047
input,49,-0.3721,0.3532,0.0612,-0.0142
target,49,-2.0000,0.5000,1.3000,0.5000
param,49,1.0611,0.4471,0.9554,-0.0000
pos,50,-2.2091,-0.5855,1.2163,0.5089
input,50,-0.3678,0.3501,0.0506,-0.0091
target,50,-2.0000,0.5000,1.3000,0.5000
param,50,1.0611,0.4471,0.9554,-0.0000
pos,51,-2.2130,-0.5741,1.2162,0.5124
input,51,-0.3648,0.3606,0.0607,-0.0121
target,51,-2.0000,0.5000,1.3000,0.5000
param,51,1.0611,0.4471,0.9554,-0.0000
pos,52,-2.2164,-0.5642,1.2161,0.5155
input,52,-0.3598,0.3680,0.0562,-0.0101
target,52,-2.0000,0.5000,1.3000,0.5000
param,52,1.0611,0.4471,0.9554,-0.0000
pos,53,-2.2191,-0.5557,1.2161,0.5181
input,53,-0.3598,0.3680,0.0562,-0.0101
target,53,-2.0000,0.5000,1.3000,0.5000
param,53,1.0611,0.4471,0.9554,-0.0000
pos,54,-2.2229,-0.5424,1.2160,0.5213
input,54,-0.3598,0.3680,0.0562,-0.0101
target,54,-2.0000,0.5000,1.3000,0.5000
param,54,1.0611,0.4471,0.9554,-0.0000
pos,55,-2.2267,-0.5281,1.2158,0.5265
input,55,-0.3541,0.3760,0.0502,-0.0081
target,55,-2.0000,0.5000,1.3000,0.5000
param,55,1.0611,0.4471,0.9554,-0.0000
pos,56,-2.2302,-0.5140,1.2157,0.5322
input,56,-0.3541,0.3760,0.0502,-0.0081
target,56,-2.0000,0.5000,1.3000,0.5000
param,56,1.0611,0.4471,0.9554,-0.0000
pos,57,-2.2333,-0.5003,1.2159,0.5346
input,57,-0.3476,0.3850,0.0424,-0.0059
target,57,-2.0000,0.5000,1.3000,0.5000
param,57,1.0611,0.4471,0.9554,-0.0000
pos,58,-2.2360,-0.4885,1.2160,0.5365
input,58,-0.3476,0.3850,0.0424,-0.0059
target,58,-2.0000,0.5000,1.3000,0.5000
param,58,1.0611,0.4471,0.9554,-0.0000
pos,59,-2.2381,-0.4783,1.2163,0.5379
input,59,-0.3426,0.3902,0.0400,-0.0041
target,59,-2.0000,0.5000,1.3000,0.5000
param,59,1.0611,0.4471,0.9554,-0.0000
pos,60,-2.2399,-0.4695,1.2166,0.5389
input,60,-0.3426,0.3902,0.0400,-0.0041
target,60,-2.0000,0.5000,1.3000,0.5000
param,60,1.0611,0.4471,0.9554,-0.0000
pos,61,-2.2424,-0.4552,1.2166,0.5434
input,61,-0.3426,0.3902,0.0400,-0.0041
target,61,-2.0000,0.5000,1.3000,0.5000
param,61,1.0611,0.4471,0.9554,-0.0000
pos,62,-2.2445,-0.4419,1.2166,0.5472
input,62,-0.3366,0.3964,0.0338,-0.0022
target,62,-2.0000,0.5000,1.3000,0.5000
param,62,1.0611,0.4471,0.9554,-0.0000
pos,63,-2.2462,-0.4304,1.2168,0.5501
input,63,-0.3366,0.3964,0.0338,-0.0022
target,63,-2.0000,0.5000,1.3000,0.5000
param,63,1.0611,0.4471,0.9554,-0.0000
pos,64,-2.2480,-0.4159,1.2169,0.5515
input,64,-0.3314,0.4019,0.0283,-0.0001
target,64,-2.0000,0.5000,1.3000,0.5000
param,64,1.0611,0.4471,0.9554,-0.0000
pos,65,-2.2494,-0.4011,1.2169,0.5558
input,65,-0.3314,0.4019,0.0283,-0.0001
target,65,-2.0000,0.5000,1.3000,0.5000
param,65,1.0611,0.4471,0.9554,-0.0000
pos,66,-2.2506,-0.3874,1.2170,0.5598
input,66,-0.3252,0.4076,0.0227,0.0020
target,66,-2.0000,0.5000,1.3000,0.5000
param,66,1.0611,0.4471,0.9554,-0.0000
pos,67,-2.2515,-0.3755,1.2172,0.5632
input,67,-0.3252,0.4076,0.0227,0.0020
target,67,-2.0000,0.5000,1.3000,0.5000
param,67,1.0611,0.4471,0.9554,-0.0000
pos,68,-2.2524,-0.3605,1.2173,0.5678
input,68,-0.3194,0.4129,0.0158,0.0042
target,68,-2.0000,0.5000,1.3000,0.5000
param,68,1.0611,0.4471,0.9554,-0.0000
pos,69,-2.2532,-0.3475,1.2174,0.5715
input,69,-0.3194,0.4129,0.0158,0.0042
target,69,-2.0000,0.5000,1.3000,0.5000
param,69,1.0611,0.4471,0.9554,-0.0000
pos,70,-2.2539,-0.3324,1.2176,0.5750
input,70,-0.3126,0.4189,0.0071,0.0066
target,70,-2.0000,0.5000,1.3000,0.5000
param,70,1.0611,0.4471,0.9554,-0.0000
pos,71,-2.2542,-0.3171,1.2178,0.5790
input,71,-0.3126,0.4189,0.0071,0.0066
target,71,-2.0000,0.5000,1.3000,0.5000
param,71,1.0611,0.4471,0.9554,-0.0000
pos,72,-2.2544,-0.3030,1.2179,0.5821
input,72,-0.3048,0.4250,-0.0021,0.0096
target,72,-2.0000,0.5000,1.3000,0.5000
param,72,1.0611,0.4471,0.9554,-0.0000
pos,73,-2.2543,-0.2872,1.2181,0.5832
input,73,-0.3048,0.4250,-0.0021,0.0096
target,73,-2.0000,0.5000,1.3000,0.5000
param,73,1.0611,0.4471,0.9554,-0.0000
pos,74,-2.2539,-0.2712,1.2181,0.5866
input,74,-0.2982,0.4291,-0.0077,0.0125
target,74,-2.0000,0.5000,1.3000,0.5000
param,74,1.0611,0.4471,0.9554,-0.0000
pos,75,-2.2534,-0.2563,1.2182,0.5892
input,75,-0.2982,0.4291,-0.0077,0.0125
target,75,-2.0000,0.5000,1.3000,0.5000
param,75,1.0611,0.4471,0.9554,-0.0000
pos,76,-2.2529,-0.2435,1.2184,0.5912
input,76,-0.2906,0.4336,-0.0165,0.0158
target,76,-2.0000,0.5000,1.3000,0.5000
param,76,1.0611,0.4471,0.9554,-0.0000
pos,77,-2.2520,-0.2285,1.2186,0.5942
input,77,-0.2906,0.4336,-0.0165,0.0158
target,77,-2.0000,0.5000,1.3000,0.5000
param,77,1.0611,0.4471,0.9554,-0.0000
pos,78,-2.2511,-0.2128,1.2187,0.5936
input,78,-0.2840,0.4370,-0.0238,0.0189
target,78,-2.0000,0.5000,1.3000,0.5000
param,78,1.0611,0.4471,0.9554,-0.0000
pos,79,-2.2501,-0.1983,1.2189,0.5929
input,79,-0.2840,0.4370,-0.0238,0.0189
target,79,-2.0000,0.5000,1.3000,0.5000
param,79,1.0611,0.4471,0.9554,-0.0000
pos,80,-2.2490,-0.1838,1.2191,0.5926
input,80,-0.2840,0.4370,-0.0238,0.0189
target,80,-2.0000,0.5000,1.3000,0.5000
param,80,1.0611,0.4471,0.9554,-0.0000
pos,81,-2.2477,-0.1691,1.2193,0.5953
input,81,-0.2759,0.4391,-0.0260,0.0235
target,81,-2.0000,0.5000,1.3000,0.5000
param,81,1.0611,0.4471,0.9554,-0.0000
pos,82,-2.2459,-0.1533,1.2195,0.5976
input,82,-0.2759,0.4391,-0.0260,0.0235
target,82,-2.0000,0.5000,1.3000,0.5000
param,82,1.0611,0.4471,0.9554,-0.0000
pos,83,-2.2439,-0.1379,1.2197,0.5969
input,83,-0.2680,0.4421,-0.0365,0.0277
target,83,-2.0000,0.5000,1.3000,0.5000
param,83,1.0611,0.4471,0.9554,-0.0000
pos,84,-2.2417,-0.1227,1.2199,0.5963
input,84,-0.2680,0.4421,-0.0365,0.0277
target,84,-2.0000,0.5000,1.3000,0.5000
param,84,1.0611,0.4471,0.9554,-0.0000
pos,85,-2.2398,-0.1086,1.2201,0.5950
input,85,-0.2680,0.4421,-0.0365,0.0277
target,85,-2.0000,0.5000,1.3000,0.5000
param,85,1.0611,0.4471,0.9554,-0.0000
pos,86,-2.2373,-0.0944,1.2204,0.5942
input,86,-0.2604,0.4428,-0.0385,0.0337
target,86,-2.0000,0.5000,1.3000,0.5000
param,86,1.0611,0.4471,0.9554,-0.0000
pos,87,-2.2349,-0.0802,1.2206,0.5931
input,87,-0.2604,0.4428,-0.0385,0.0337
target,87,-2.0000,0.5000,1.3000,0.5000
param,87,1.0611,0.4471,0.9554,-0.0000
pos,88,-2.2316,-0.0649,1.2208,0.5943
input,88,-0.2604,0.4428,-0.0385,0.0337
target,88,-2.0000,0.5000,1.3000,0.5000
param,88,1.0611,0.4471,0.9554,-0.0000
pos,89,-2.2285,-0.0496,1.2210,0.5929
input,89,-0.2524,0.4428,-0.0453,0.0406
target,89,-2.0000,0.5000,1.3000,0.5000
param,89,1.0611,0.4471,0.9554,-0.0000
pos,90,-2.2251,-0.0345,1.2213,0.5919
input,90,-0.2524,0.4428,-0.0453,0.0406
target,90,-2.0000,0.5000,1.3000,0.5000
param,90,1.0611,0.4471,0.9554,-0.0000
pos,91,-2.2217,-0.0195,1.2215,0.5909
input,91,-0.2524,0.4428,-0.0453,0.0406
target,91,-2.0000,0.5000,1.3000,0.5000
param,91,1.0611,0.4471,0.9554,-0.0000
pos,92,-2.2181,-0.0046,1.2217,0.5897
input,92,-0.2444,0.4418,-0.0498,0.0495
target,92,-2.0000,0.5000,1.3000,0.5000
param,92,1.0611,0.4471,0.9554,-0.0000
pos,93,-2.2145,0.0093,1.2220,0.5893
input,93,-0.2444,0.4418,-0.0498,0.0495
target,93,-2.0000,0.5000,1.3000,0.5000
param,93,1.0611,0.4471,0.9554,-0.0000
pos,94,-2.2105,0.0243,1.2223,0.5889
input,94,-0.2444,0.4418,-0.0498,0.0495
target,94,-2.0000,0.5000,1.3000,0.5000
param,94,1.0611,0.4471,0.9554,-0.0000
pos,95,-2.2063,0.0392,1.2225,0.5875
input,95,-0.2360,0.4395,-0.0582,0.0600
target,95,-2.0000,0.5000,1.3000,0.5000
param,95,1.0611,0.4471,0.9554,-0.0000
pos,96,-2.2020,0.0540,1.2228,0.5864
input,96,-0.2360,0.4395,-0.0582,0.0600
target,96,-2.0000,0.5000,1.3000,0.5000
param,96,1.0611,0.4471,0.9554,-0.0000
pos,97,-2.1977,0.0678,1.2231,0.5856
input,97,-0.2176,0.4127,-0.0597,0.0653
target,97,-2.0000,0.5000,1.3000,0.5000
param,97,1.0611,0.4471,0.9554,-0.0000
pos,98,-2.1930,0.0827,1.2233,0.5848
input,98,-0.2045,0.3904,-0.0645,0.0678
target,98,-2.0000,0.5000,1.3000,0.5000
param,98,1.0611,0.4471,0.9554,-0.0000
pos,99,-2.1880,0.0976,1.2236,0.5835
input,99,-0.1904,0.3672,-0.0678,0.0697
target,99,-2.0000,0.5000,1.3000,0.5000
param,99,1.0611,0.4471,0.9554,-0.0000
pos,100,-2.1829,0.1124,1.2239,0.5830
input,100,-0.1773,0.3444,-0.0698,0.0713
target,100,-2.0000,0.5000,1.3000,0.5000
param,100,1.0611,0.4471,0.9554,-0.0000
pos,101,-2.1776,0.1271,1.2242,0.5824
input,101,-0.1643,0.3224,-0.0728,0.0727
target,101,-2.0000,0.5000,1.3000,0.5000
param,101,1.0611,0.4471,0.9554,-0.0000
pos,102,-2.1722,0.1419,1.2245,0.5812
input,102,-0.1518,0.3009,-0.0751,0.0737
target,102,-2.0000,0.5000,1.3000,0.5000
param,102,1.0611,0.4471,0.9554,-0.0000
pos,103,-2.1666,0.1566,1.2248,0.5800
input,103,-0.1401,0.2798,-0.0755,0.0746
target,103,-2.0000,0.5000,1.3000,0.5000
param,103,1.0611,0.4471,0.9554,-0.0000
pos,104,-2.1609,0.1713,1.2251,0.5787
input,104,-0.1288,0.2592,-0.0759,0.0753
target,104,-2.0000,0.5000,1.3000,0.5000
param,104,1.0611,0.4471,0.9554,-0.0000
pos,105,-2.1549,0.1859,1.2255,0.5776
input,105,-0.1180,0.2391,-0.0752,0.0758
target,105,-2.0000,0.5000,1.3000,0.5000
param,105,1.0611,0.4471,0.9554,-0.0000
pos,106,-2.1487,0.2004,1.2258,0.5784
input,106,-0.1076,0.2196,-0.0749,0.0761
target,106,-2.0000,0.5000,1.3000,0.5000
param,106,1.0611,0.4471,0.9554,-0.0000
pos,107,-2.1425,0.2150,1.2261,0.5768
input,107,-0.0967,0.2008,-0.0781,0.0761
target,107,-2.0000,0.5000,1.3000,0.5000
param,107,1.0611,0.4471,0.9554,-0.0000
pos,108,-2.1361,0.2294,1.2265,0.5776
input,108,-0.0958,0.1976,-0.0793,0.0760
target,108,-2.0000,0.5000,1.3000,0.5000
param,108,1.0611,0.4471,0.9554,-0.0000
pos,109,-2.1298,0.2440,1.2269,0.5754
input,109,-0.0769,0.1642,-0.0785,0.0760
target,109,-2.0000,0.5000,1.3000,0.5000
param,109,1.0611,0.4471,0.9554,-0.0000
pos,110,-2.1233,0.2585,1.2272,0.5740
input,110,-0.0681,0.1466,-0.0748,0.0758
target,110,-2.0000,0.5000,1.3000,0.5000
param,110,1.0611,0.4471,0.9554,-0.0000
pos,111,-2.1172,0.2720,1.2275,0.5723
input,111,-0.0594,0.1295,-0.0725,0.0754
target,111,-2.0000,0.5000,1.3000,0.5000
param,111,1.0611,0.4471,0.9554,-0.0000
pos,112,-2.1104,0.2864,1.2279,0.5705
input,112,-0.0523,0.1143,-0.0691,0.0749
target,112,-2.0000,0.5000,1.3000,0.5000
param,112,1.0611,0.4471,0.9554,-0.0000
pos,113,-2.1035,0.3008,1.2282,0.5697
input,113,-0.0443,0.0979,-0.0657,0.0743
target,113,-2.0000,0.5000,1.3000,0.5000
param,113,1.0611,0.4471,0.9554,-0.0000
pos,114,-2.0965,0.3150,1.2287,0.5689
input,114,-0.0364,0.0821,-0.0640,0.0737
target,114,-2.0000,0.5000,1.3000,0.5000
param,114,1.0611,0.4471,0.9554,-0.0000
pos,115,-2.0894,0.3293,1.2291,0.5669
input,115,-0.0287,0.0669,-0.0627,0.0729
target,115,-2.0000,0.5000,1.3000,0.5000
param,115,1.0611,0.4471,0.9554,-0.0000
pos,116,-2.0829,0.3424,1.2295,0.5647
input,116,-0.0216,0.0520,-0.0587,0.0721
target,116,-2.0000,0.5000,1.3000,0.5000
param,116,1.0611,0.4471,0.9554,-0.0000
pos,117,-2.0760,0.3556,1.2300,0.5632
input,117,-0.0160,0.0391,-0.0540,0.0712
target,117,-2.0000,0.5000,1.3000,0.5000
param,117,1.0611,0.4471,0.9554,-0.0000
pos,118,-2.0692,0.3687,1.2304,0.5612
input,118,-0.0103,0.0265,-0.0509,0.0702
target,118,-0.5000,0.5000,1.3000,0.5000
param,118,1.0611,0.4471,0.9554,-0.0000
pos,119,-2.0618,0.3827,1.2309,0.5599
input,119,-0.0102,0.0261,-0.0502,0.0695
target,119,-0.5000,0.5000,1.3000,0.5000
param,119,1.0611,0.4471,0.9554,-0.0000
pos,120,-2.0545,0.3966,1.2314,0.5576
input,120,0.3027,0.5138,0.0001,0.0353
target,120,-0.5000,0.5000,1.3000,0.5000
param,120,1.0611,0.4471,0.9554,-0.0000
pos,121,-2.0470,0.4102,1.2320,0.5560
input,121,0.3027,0.5138,0.0001,0.0353
target,121,-0.5000,0.5000,1.3000,0.5000
param,121,1.0611,0.4471,0.9554,-0.0000
pos,122,-2.0402,0.4227,1.2325,0.5536
input,122,0.3112,0.5096,-0.0008,0.0346
target,122,-0.5000,0.5000,1.3000,0.5000
param,122,1.0611,0.4471,0.9554,-0.0000
pos,123,-2.0332,0.4351,1.2331,0.5521
input,123,0.3112,0.5096,-0.0008,0.0346
target,123,-0.5000,0.5000,1.3000,0.5000
param,123,1.0611,0.4471,0.9554,-0.0000
pos,124,-2.0263,0.4474,1.2337,0.5505
input,124,0.3112,0.5096,-0.0008,0.0346
target,124,-0.5000,0.5000,1.3000,0.5000
param,124,1.0611,0.4471,0.9554,-0.0000
pos,125,-2.0194,0.4596,1.2344,0.5484
input,125,0.3201,0.5051,-0.0022,0.0346
target,125,-0.5000,0.5000,1.3000,0.5000
param,125,1.0611,0.4471,0.9554,-0.0000
pos,126,-2.0120,0.4724,1.2351,0.5468
input,126,0.3201,0.5051,-0.0022,0.0346
target,126,-0.5000,0.5000,1.3000,0.5000
param,126,1.0611,0.4471,0.9554,-0.0000
pos,127,-2.0052,0.4842,1.2358,0.5448
input,127,0.3263,0.5018,-0.0033,0.0347
target,127,-0.5000,0.5000,1.3000,0.5000
param,127,1.0611,0.4471,0.9554,-0.0000
pos,128,-1.9981,0.4962,1.2365,0.5426
input,128,0.3263,0.5018,-0.0033,0.0347
target,128,-0.5000,0.5000,1.3000,0.5000
param,128,1.0611,0.4471,0.9554,-0.0000
pos,129,-1.9917,0.5069,1.2373,0.5408
input,129,0.3326,0.4983,-0.0042,0.0347
target,129,-0.5000,0.5000,1.3000,0.5000
param,129,1.0611,0.4471,0.9554,0.0000
pos,130,-1.9849,0.5180,1.2380,0.5394
input,130,0.3326,0.4983,-0.0042,0.0347
target,130,-0.5000,0.5000,1.3000,0.5000
param,130,1.0611,0.4471,0.9554,0.0000
pos,131,-1.9787,0.5279,1.2388,0.5376
input,131,0.3392,0.4946,-0.0058,0.0346
target,131,-0.5000,0.5000,1.3000,0.5000
param,131,1.0611,0.4471,0.9554,0.0000
pos,132,-1.9723,0.5381,1.2396,0.5362
input,132,0.3392,0.4946,-0.0058,0.0346
target,132,-0.5000,0.5000,1.3000,0.5000
param,132,1.0611,0.4471,0.9554,0.0000
pos,133,-1.9658,0.5479,1.2404,0.5346
input,133,0.3459,0.4907,-0.0076,0.0345
target,133,-0.5000,0.5000,1.3000,0.5000
param,133,1.0611,0.4471,0.9554,0.0000
pos,134,-1.9595,0.5574,1.2412,0.5332
input,134,0.3459,0.4907,-0.0076,0.0345
target,134,-0.5000,0.5000,1.3000,0.5000
param,134,1.0611,0.4471,0.9554,0.0000
pos,135,-1.9533,0.5665,1.2420,0.5317
input,135,0.3532,0.4863,-0.0096,0.0343
target,135,-0.5000,0.5000,1.3000,0.5000
param,135,1.0611,0.4471,0.9554,0.0000
pos,136,-1.9470,0.5753,1.2428,0.5301
input,136,0.3532,0.4863,-0.0096,0.0343
target,136,-0.5000,0.5000,1.3000,0.5000
param,136,1.0611,0.4471,0.9554,0.0000
pos,137,-1.9408,0.5838,1.2435,0.5285
input,137,0.3607,0.4815,-0.0116,0.0341
target,137,-0.5000,0.5000,1.3000,0.5000
param,137,1.0611,0.4471,0.9554,0.0000
pos,138,-1.9345,0.5921,1.2442,0.5267
input,138,0.3607,0.4815,-0.0116,0.0341
target,138,-0.5000,0.5000,1.3000,0.5000
param,138,1.0611,0.4471,0.9554,0.0000
pos,139,-1.9286,0.5996,1.2449,0.5251
input,139,0.3684,0.4763,-0.0135,0.0338
target,139,-0.5000,0.5000,1.3000,0.5000
param,139,1.0611,0.4471,0.9554,0.0000
pos,140,-1.9221,0.6074,1.2456,0.5235
input,140,0.3684,0.4763,-0.0135,0.0338
target,140,-0.5000,0.5000,1.3000,0.5000
param,140,1.0611,0.4471,0.9554,0.0000
pos,141,-1.9161,0.6143,1.2463,0.5221
input,141,0.3762,0.4708,-0.0155,0.0336
target,141,-0.5000,0.5000,1.3000,0.5000
param,141,1.0611,0.4471,0.9554,0.0000
pos,142,-1.9092,0.6216,1.2469,0.5206
input,142,0.3762,0.4708,-0.0155,0.0336
target,142,-0.5000,0.5000,1.3000,0.5000
param,142,1.0611,0.4471,0.9554,0.0000
pos,143,-1.9022,0.6287,1.2475,0.5193
input,143,0.3846,0.4646,-0.0177,0.0333
target,143,-0.5000,0.5000,1.3000,0.5000
param,143,1.0611,0.4471,0.9554,0.0000
pos,144,-1.8949,0.6356,1.2481,0.5181
input,144,0.3846,0.4646,-0.0177,0.0333
target,144,-0.5000,0.5000,1.3000,0.5000
param,144,1.0611,0.4471,0.9554,0.0000
pos,145,-1.8875,0.6423,1.2486,0.5171
input,145,0.3937,0.4576,-0.0201,0.0329
target,145,-0.5000,0.5000,1.3000,0.5000
param,145,1.0611,0.4471,0.9554,0.0000
pos,146,-1.8798,0.6487,1.2491,0.5155
input,146,0.3937,0.4576,-0.0201,0.0329
target,146,-0.5000,0.5000,1.3000,0.5000
param,146,1.0611,0.4471,0.9554,0.0000
pos,147,-1.8719,0.6550,1.2496,0.5144
input,147,0.4032,0.4497,-0.0224,0.0325
target,147,-0.5000,0.5000,1.3000,0.5000
param,147,1.0611,0.4471,0.9554,0.0000
pos,148,-1.8644,0.6606,1.2500,0.5130
input,148,0.4032,0.4497,-0.0224,0.0325
target,148,-0.5000,0.5000,1.3000,0.5000
param,148,1.0611,0.4471,0.9554,0.0000
pos,149,-1.8566,0.6662,1.2504,0.5123
input,149,0.4130,0.4410,-0.0245,0.0321
target,149,-0.5000,0.5000,1.3000,0.5000
param,149,1.0611,0.4471,0.9554,0.0000
pos,150,-1.8476,0.6721,1.2508,0.5115
input,150,0.4181,0.4362,-0.0256,0.0320
target,150,-0.5000,0.5000,1.3000,0.5000
param,150,1.0611,0.4471,0.9554,0.0000
pos,151,-1.8251,0.6805,1.2509,0.5119
input,151,0.4236,0.4309,-0.0270,0.0317
target,151,-0.5000,0.5000,1.3000,0.5000
param,151,1.0611,0.4471,0.9554,0.0000
pos,152,-1.8049,0.6881,1.2510,0.5124
input,152,0.4289,0.4256,-0.0284,0.0314
target,152,-0.5000,0.5000,1.3000,0.5000
param,152,1.0611,0.4471,0.9554,0.0000
pos,153,-1.7857,0.6953,1.2511,0.5127
input,153,0.4337,0.4206,-0.0296,0.0311
target,153,-0.5000,0.5000,1.3000,0.5000
param,153,1.0611,0.4471,0.9554,0.0000
pos,154,-1.7668,0.7025,1.2513,0.5131
input,154,0.4337,0.4206,-0.0296,0.0311
target,154,-0.5000,0.5000,1.3000,0.5000
param,154,1.0611,0.4471,0.9554,0.0000
pos,155,-1.7487,0.7093,1.2514,0.5136
input,155,0.4430,0.4104,-0.0322,0.0301
target,155,-0.5000,0.5000,1.3000,0.5000
param,155,1.0611,0.4471,0.9554,0.0000
pos,156,-1.7314,0.7157,1.2515,0.5143
input,156,0.4430,0.4104,-0.0322,0.0301
target,156,-0.5000,0.5000,1.3000,0.5000
param,156,1.0611,0.4471,0.9554,0.0000
pos,157,-1.7146,0.7218,1.2516,0.5149
input,157,0.4519,0.3999,-0.0345,0.0293
target,157,-0.5000,0.5000,1.3000,0.5000
param,157,1.0611,0.4471,0.9554,0.0000
pos,158,-1.6984,0.7275,1.2516,0.5155
input,158,0.4519,0.3999,-0.0345,0.0293
target,158,-0.5000,0.5000,1.3000,0.5000
param,158,1.0611,0.4471,0.9554,0.0000
pos,159,-1.6826,0.7330,1.2516,0.5164
input,159,0.4600,0.3896,-0.0365,0.0285
target,159,-0.5000,0.5000,1.3000,0.5000
param,159,1.0611,0.4471,0.9554,0.0000
pos,160,-1.6670,0.7381,1.2516,0.5170
input,160,0.4600,0.3896,-0.0365,0.0285
target,160,-0.5000,0.5000,1.3000,0.5000
param,160,1.0611,0.4471,0.9554,0.0000
pos,161,-1.6517,0.7429,1.2516,0.5178
input,161,0.4677,0.3792,-0.0385,0.0278
target,161,-0.5000,0.5000,1.3000,0.5000
param,161,1.0611,0.4471,0.9554,0.0000
pos,162,-1.6366,0.7474,1.2515,0.5187
input,162,0.4677,0.3792,-0.0385,0.0278
target,162,-0.5000,0.5000,1.3000,0.5000
param,162,1.0611,0.4471,0.9554,0.0000
pos,163,-1.6216,0.7518,1.2515,0.5192
input,163,0.4749,0.3688,-0.0404,0.0271
target,163,-0.5000,0.5000,1.3000,0.5000
param,163,1.0611,0.4471,0.9554,0.0000
pos,164,-1.6077,0.7556,1.2513,0.5198
input,164,0.4749,0.3688,-0.0404,0.0271
target,164,-0.5000,0.5000,1.3000,0.5000
param,164,1.0611,0.4471,0.9554,0.0000
pos,165,-1.5927,0.7594,1.2513,0.5200
input,165,0.4814,0.3587,-0.0415,0.0265
target,165,-0.5000,0.5000,1.3000,0.5000
param,165,1.0611,0.4471,0.9554,0.0000
pos,166,-1.5777,0.7629,1.2512,0.5201
input,166,0.4814,0.3587,-0.0415,0.0265
target,166,-0.5000,0.5000,1.3000,0.5000
param,166,1.0611,0.4471,0.9554,0.0000
pos,167,-1.5628,0.7661,1.2510,0.5198
input,167,0.4877,0.3483,-0.0419,0.0260
target,167,-0.5000,0.5000,1.3000,0.5000
param,167,1.0611,0.4471,0.9554,0.0000
pos,168,-1.5477,0.7691,1.2507,0.5195
input,168,0.4877,0.3483,-0.0419,0.0260
target,168,-0.5000,0.5000,1.3000,0.5000
param,168,1.0611,0.4471,0.9554,0.0000
pos,169,-1.5327,0.7718,1.2506,0.5197
input,169,0.4935,0.3379,-0.0412,0.0256
target,169,-0.5000,0.5000,1.3000,0.5000
param,169,1.0611,0.4471,0.9554,0.0000
pos,170,-1.5175,0.7742,1.2503,0.5195
input,170,0.4935,0.3379,-0.0412,0.0256
target,170,-0.5000,0.5000,1.3000,0.5000
param,170,1.0611,0.4471,0.9554,0.0000
pos,171,-1.5024,0.7764,1.2501,0.5192
input,171,0.4992,0.3269,-0.0409,0.0253
target,171,-0.5000,0.5000,1.3000,0.5000
param,171,1.0611,0.4471,0.9554,0.0000
pos,172,-1.4883,0.7783,1.2498,0.5188
input,172,0.4992,0.3269,-0.0409,0.0253
target,172,-0.5000,0.5000,1.3000,0.5000
param,172,1.0611,0.4471,0.9554,0.0000
pos,173,-1.4739,0.7800,1.2495,0.5183
input,173,0.5043,0.3162,-0.0397,0.0252
target,173,-0.5000,0.5000,1.3000,0.5000
param,173,1.0611,0.4471,0.9554,0.0000
pos,174,-1.4593,0.7814,1.2493,0.5178
input,174,0.5043,0.3162,-0.0397,0.0252
target,174,-0.5000,0.5000,1.3000,0.5000
param,174,1.0611,0.4471,0.9554,0.0000
pos,175,-1.4434,0.7825,1.2490,0.5172
input,175,0.5091,0.3054,-0.0380,0.0252
target,175,-0.5000,0.5000,1.3000,0.5000
param,175,1.0611,0.4471,0.9554,0.0000
pos,176,-1.4275,0.7833,1.2488,0.5163
input,176,0.5091,0.3054,-0.0380,0.0252
target,176,-0.5000,0.5000,1.3000,0.5000
param,176,1.0611,0.4471,0.9554,0.0000
