pos,0,-1.8719,-0.9576,1.1709,0.4524
input,0,0.0449,-0.0676,0.0426,0.1232
target,0,-2.0000,-1.0000,1.3000,0.5000
param,0,1.0611,0.4471,0.9554,-0.0001
pos,1,-1.8813,-0.9503,1.1723,0.4529
input,1,0.0529,-0.0705,0.0408,0.1213
target,1,-2.0000,0.5000,1.3000,0.5000
param,1,1.0611,0.4471,0.9554,-0.0001
pos,2,-1.8903,-0.9432,1.1737,0.4533
input,2,0.0595,-0.0741,0.0392,0.1194
target,2,-2.0000,0.5000,1.3000,0.5000
param,2,1.0611,0.4471,0.9554,-0.0001
pos,3,-1.8981,-0.9366,1.1750,0.4539
input,3,-0.4715,0.1797,0.0507,-0.0264
target,3,-2.0000,0.5000,1.3000,0.5000
param,3,1.0611,0.4471,0.9554,-0.0001
pos,4,-1.9058,-0.9301,1.1764,0.4549
input,4,-0.4784,0.1806,0.0569,-0.0325
target,4,-2.0000,0.5000,1.3000,0.5000
param,4,1.0611,0.4471,0.9554,-0.0001
pos,5,-1.9133,-0.9236,1.1779,0.4549
input,5,-0.4715,0.1797,0.0507,-0.0264
target,5,-2.0000,0.5000,1.3000,0.5000
param,5,1.0611,0.4471,0.9554,-0.0001
pos,6,-1.9212,-0.9168,1.1794,0.4558
input,6,-0.4759,0.1848,0.0556,-0.0325
target,6,-2.0000,0.5000,1.3000,0.5000
param,6,1.0611,0.4471,0.9554,-0.0001
pos,7,-1.9288,-0.9101,1.1810,0.4565
input,7,-0.4759,0.1848,0.0556,-0.0325
target,7,-2.0000,0.5000,1.3000,0.5000
param,7,1.0611,0.4471,0.9554,-0.0001
pos,8,-1.9356,-0.9039,1.1825,0.4570
input,8,-0.4694,0.1849,0.0494,-0.0264
target,8,-2.0000,0.5000,1.3000,0.5000
param,8,1.0611,0.4471,0.9554,-0.0001
pos,9,-1.9428,-0.8974,1.1841,0.4580
input,9,-0.4715,0.1936,0.0572,-0.0322
target,9,-2.0000,0.5000,1.3000,0.5000
param,9,1.0611,0.4471,0.9554,-0.0001
pos,10,-1.9498,-0.8910,1.1858,0.4587
input,10,-0.4651,0.1934,0.0509,-0.0262
target,10,-2.0000,0.5000,1.3000,0.5000
param,10,1.0611,0.4471,0.9554,-0.0001
pos,11,-1.9567,-0.8847,1.1874,0.4600
input,11,-0.4682,0.2001,0.0590,-0.0317
target,11,-2.0000,0.5000,1.3000,0.5000
param,11,1.0611,0.4471,0.9554,-0.0000
pos,12,-1.9633,-0.8786,1.1891,0.4606
input,12,-0.4619,0.1998,0.0523,-0.0257
target,12,-2.0000,0.5000,1.3000,0.5000
param,12,1.0611,0.4471,0.9554,-0.0000
pos,13,-1.9698,-0.8727,1.1907,0.4616
input,13,-0.4645,0.2074,0.0599,-0.0313
target,13,-2.0000,0.5000,1.3000,0.5000
param,13,1.0611,0.4471,0.9554,-0.0000
pos,14,-1.9757,-0.8672,1.1922,0.4626
input,14,-0.4583,0.2070,0.0530,-0.0253
target,14,-2.0000,0.5000,1.3000,0.5000
param,14,1.0611,0.4471,0.9554,-0.0000
pos,15,-1.9814,-0.8618,1.1938,0.4639
input,15,-0.4605,0.2149,0.0611,-0.0309
target,15,-2.0000,0.5000,1.3000,0.5000
param,15,1.0611,0.4471,0.9554,-0.0000
pos,16,-1.9877,-0.8557,1.1956,0.4664
input,16,-0.4565,0.2227,0.0618,-0.0304
target,16,-2.0000,0.5000,1.3000,0.5000
param,16,1.0611,0.4471,0.9554,-0.0000
pos,17,-1.9932,-0.8500,1.1972,0.4719
input,17,-0.4565,0.2227,0.0618,-0.0304
target,17,-2.0000,0.5000,1.3000,0.5000
param,17,1.0611,0.4471,0.9554,-0.0000
pos,18,-1.9989,-0.8445,1.1988,0.4747
input,18,-0.4523,0.2339,0.0596,-0.0297
target,18,-2.0000,0.5000,1.3000,0.5000
param,18,1.0611,0.4471,0.9554,-0.0000
pos,19,-2.0050,-0.8386,1.2005,0.4760
input,19,-0.4523,0.2339,0.0596,-0.0297
target,19,-2.0000,0.5000,1.3000,0.5000
param,19,1.0611,0.4471,0.9554,-0.0000
pos,20,-2.0109,-0.8327,1.2019,0.4779
input,20,-0.4474,0.2436,0.0601,-0.0291
target,20,-2.0000,0.5000,1.3000,0.5000
param,20,1.0611,0.4471,0.9554,-0.0000
pos,21,-2.0167,-0.8268,1.2033,0.4807
input,21,-0.4474,0.2436,0.0601,-0.0291
target,21,-2.0000,0.5000,1.3000,0.5000
param,21,1.0611,0.4471,0.9554,-0.0000
pos,22,-2.0224,-0.8210,1.2047,0.4841
input,22,-0.4424,0.2538,0.0596,-0.0282
target,22,-2.0000,0.5000,1.3000,0.5000
param,22,1.0611,0.4471,0.9554,-0.0000
pos,23,-2.0280,-0.8150,1.2060,0.4863
input,23,-0.4424,0.2538,0.0596,-0.0282
target,23,-2.0000,0.5000,1.3000,0.5000
param,23,1.0611,0.4471,0.9554,-0.0000
pos,24,-2.0332,-0.8097,1.2071,0.4881
input,24,-0.4371,0.2646,0.0587,-0.0272
target,24,-2.0000,0.5000,1.3000,0.5000
param,24,1.0611,0.4471,0.9554,-0.0000
pos,25,-2.0383,-0.8042,1.2084,0.4898
input,25,-0.4371,0.2646,0.0587,-0.0272
target,25,-2.0000,0.5000,1.3000,0.5000
param,25,1.0611,0.4471,0.9554,-0.0000
pos,26,-2.0438,-0.7978,1.2095,0.4938
input,26,-0.4318,0.2741,0.0588,-0.0261
target,26,-2.0000,0.5000,1.3000,0.5000
param,26,1.0611,0.4471,0.9554,-0.0000
pos,27,-2.0492,-0.7916,1.2107,0.4954
input,27,-0.4318,0.2741,0.0588,-0.0261
target,27,-2.0000,0.5000,1.3000,0.5000
param,27,1.0611,0.4471,0.9554,-0.0000
pos,28,-2.0546,-0.7852,1.2118,0.4965
input,28,-0.4258,0.2851,0.0574,-0.0248
target,28,-2.0000,0.5000,1.3000,0.5000
param,28,1.0611,0.4471,0.9554,-0.0000
pos,29,-2.0599,-0.7786,1.2129,0.4993
input,29,-0.4258,0.2851,0.0574,-0.0248
target,29,-2.0000,0.5000,1.3000,0.5000
param,29,1.0611,0.4471,0.9554,-0.0000
pos,30,-2.0652,-0.7720,1.2138,0.4985
input,30,-0.4195,0.2955,0.0571,-0.0235
target,30,-2.0000,0.5000,1.3000,0.5000
param,30,1.0611,0.4471,0.9554,-0.0000
pos,31,-2.0704,-0.7653,1.2147,0.4976
input,31,-0.4195,0.2955,0.0571,-0.0235
target,31,-2.0000,0.5000,1.3000,0.5000
param,31,1.0611,0.4471,0.9554,-0.0000
pos,32,-2.0756,-0.7581,1.2155,0.4982
input,32,-0.4143,0.2934,0.0480,-0.0178
target,32,-2.0000,0.5000,1.3000,0.5000
param,32,1.0611,0.4471,0.9554,-0.0000
pos,33,-2.0806,-0.7508,1.2164,0.4995
input,33,-0.4131,0.3033,0.0597,-0.0221
target,33,-2.0000,0.5000,1.3000,0.5000
param,33,1.0611,0.4471,0.9554,-0.0000
pos,34,-2.0907,-0.7376,1.2159,0.5011
input,34,-0.4080,0.3010,0.0503,-0.0165
target,34,-2.0000,0.5000,1.3000,0.5000
param,34,1.0611,0.4471,0.9554,-0.0000
pos,35,-2.0998,-0.7255,1.2154,0.5031
input,35,-0.4062,0.3129,0.0595,-0.0205
target,35,-2.0000,0.5000,1.3000,0.5000
param,35,1.0611,0.4471,0.9554,-0.0000
pos,36,-2.1084,-0.7131,1.2149,0.5055
input,36,-0.4000,0.3218,0.0589,-0.0187
target,36,-2.0000,0.5000,1.3000,0.5000
param,36,1.0611,0.4471,0.9554,-0.0000
pos,37,-2.1166,-0.7008,1.2143,0.5102
input,37,-0.4000,0.3218,0.0589,-0.0187
target,37,-2.0000,0.5000,1.3000,0.5000
param,37,1.0611,0.4471,0.9554,-0.0000
pos,38,-2.1236,-0.6902,1.2139,0.5146
input,38,-0.3944,0.3313,0.0557,-0.0167
target,38,-2.0000,0.5000,1.3000,0.5000
param,38,1.0611,0.4471,0.9554,-0.0000
pos,39,-2.1308,-0.6786,1.2136,0.5164
input,39,-0.3944,0.3313,0.0557,-0.0167
target,39,-2.0000,0.5000,1.3000,0.5000
param,39,1.0611,0.4471,0.9554,-0.0000
pos,40,-2.1374,-0.6670,1.2133,0.5185
input,40,-0.3896,0.3392,0.0531,-0.0150
target,40,-2.0000,0.5000,1.3000,0.5000
param,40,1.0611,0.4471,0.9554,-0.0000
pos,41,-2.1436,-0.6556,1.2131,0.5205
input,41,-0.3896,0.3392,0.0531,-0.0150
target,41,-2.0000,0.5000,1.3000,0.5000
param,41,1.0611,0.4471,0.9554,-0.0000
pos,42,-2.1495,-0.6439,1.2127,0.5250
input,42,-0.3850,0.3456,0.0513,-0.0134
target,42,-2.0000,0.5000,1.3000,0.5000
param,42,1.0611,0.4471,0.9554,-0.0000
pos,43,-2.1547,-0.6331,1.2124,0.5290
input,43,-0.3850,0.3456,0.0513,-0.0134
target,43,-2.0000,0.5000,1.3000,0.5000
param,43,1.0611,0.4471,0.9554,-0.0000
pos,44,-2.1596,-0.6224,1.2123,0.5327
input,44,-0.3805,0.3533,0.0461,-0.0116
target,44,-2.0000,0.5000,1.3000,0.5000
param,44,1.0611,0.4471,0.9554,-0.0000
pos,45,-2.1643,-0.6117,1.2122,0.5342
input,45,-0.3805,0.3533,0.0461,-0.0116
target,45,-2.0000,0.5000,1.3000,0.5000
param,45,1.0611,0.4471,0.9554,-0.0000
pos,46,-2.1688,-0.6006,1.2120,0.5377
input,46,-0.3805,0.3533,0.0461,-0.0116
target,46,-2.0000,0.5000,1.3000,0.5000
param,46,1.0611,0.4471,0.9554,-0.0000
pos,47,-2.1731,-0.5886,1.2117,0.5414
input,47,-0.3746,0.3618,0.0404,-0.0096
target,47,-2.0000,0.5000,1.3000,0.5000
param,47,1.0611,0.4471,0.9554,-0.0000
pos,48,-2.1773,-0.5765,1.2115,0.5450
input,48,-0.3746,0.3618,0.0404,-0.0096
target,48,-2.0000,0.5000,1.3000,0.5000
param,48,1.0611,0.4471,0.9554,-0.0000
pos,49,-2.1811,-0.5644,1.2112,0.5486
input,49,-0.3701,0.3682,0.0361,-0.0075
target,49,-2.0000,0.5000,1.3000,0.5000
param,49,1.0611,0.4471,0.9554,-0.0000
pos,50,-2.1845,-0.5532,1.2112,0.5514
input,50,-0.3701,0.3682,0.0361,-0.0075
target,50,-2.0000,0.5000,1.3000,0.5000
param,50,1.0611,0.4471,0.9554,-0.0000
pos,51,-2.1880,-0.5409,1.2110,0.5539
input,51,-0.3661,0.3736,0.0318,-0.0058
target,51,-2.0000,0.5000,1.3000,0.5000
param,51,1.0611,0.4471,0.9554,-0.0000
pos,52,-2.1910,-0.5296,1.2110,0.5547
input,52,-0.3661,0.3736,0.0318,-0.0058
target,52,-2.0000,0.5000,1.3000,0.5000
param,52,1.0611,0.4471,0.9554,-0.0000
pos,53,-2.1938,-0.5177,1.2108,0.5581
input,53,-0.3661,0.3736,0.0318,-0.0058
target,53,-2.0000,0.5000,1.3000,0.5000
param,53,1.0611,0.4471,0.9554,-0.0000
pos,54,-2.1965,-0.5058,1.2106,0.5597
input,54,-0.3602,0.3801,0.0263,-0.0035
target,54,-2.0000,0.5000,1.3000,0.5000
param,54,1.0611,0.4471,0.9554,-0.0000
pos,55,-2.1989,-0.4938,1.2105,0.5625
input,55,-0.3602,0.3801,0.0263,-0.0035
target,55,-2.0000,0.5000,1.3000,0.5000
param,55,1.0611,0.4471,0.9554,-0.0000
pos,56,-2.2013,-0.4806,1.2103,0.5650
input,56,-0.3602,0.3801,0.0263,-0.0035
target,56,-2.0000,0.5000,1.3000,0.5000
param,56,1.0611,0.4471,0.9554,-0.0000
pos,57,-2.2035,-0.4672,1.2101,0.5680
input,57,-0.3540,0.3866,0.0202,-0.0007
target,57,-2.0000,0.5000,1.3000,0.5000
param,57,1.0611,0.4471,0.9554,-0.0000
pos,58,-2.2056,-0.4542,1.2100,0.5678
input,58,-0.3540,0.3866,0.0202,-0.0007
target,58,-2.0000,0.5000,1.3000,0.5000
param,58,1.0611,0.4471,0.9554,-0.0000
pos,59,-2.2073,-0.4419,1.2100,0.5674
input,59,-0.3540,0.3866,0.0202,-0.0007
target,59,-2.0000,0.5000,1.3000,0.5000
param,59,1.0611,0.4471,0.9554,-0.0000
pos,60,-2.2088,-0.4293,1.2098,0.5700
input,60,-0.3482,0.3912,0.0175,0.0021
target,60,-2.0000,0.5000,1.3000,0.5000
param,60,1.0611,0.4471,0.9554,-0.0000
pos,61,-2.2101,-0.4154,1.2096,0.5731
input,61,-0.3482,0.3912,0.0175,0.0021
target,61,-2.0000,0.5000,1.3000,0.5000
param,61,1.0611,0.4471,0.9554,-0.0000
pos,62,-2.2115,-0.4017,1.2093,0.5745
input,62,-0.3435,0.3957,0.0119,0.0047
target,62,-2.0000,0.5000,1.3000,0.5000
param,62,1.0611,0.4471,0.9554,-0.0000
pos,63,-2.2126,-0.3879,1.2092,0.5771
input,63,-0.3435,0.3957,0.0119,0.0047
target,63,-2.0000,0.5000,1.3000,0.5000
param,63,1.0611,0.4471,0.9554,-0.0000
pos,64,-2.2136,-0.3740,1.2090,0.5789
input,64,-0.3435,0.3957,0.0119,0.0047
target,64,-2.0000,0.5000,1.3000,0.5000
param,64,1.0611,0.4471,0.9554,-0.0000
pos,65,-2.2145,-0.3601,1.2088,0.5822
input,65,-0.3361,0.4017,0.0045,0.0083
target,65,-2.0000,0.5000,1.3000,0.5000
param,65,1.0611,0.4471,0.9554,-0.0000
pos,66,-2.2151,-0.3460,1.2085,0.5846
input,66,-0.3361,0.4017,0.0045,0.0083
target,66,-2.0000,0.5000,1.3000,0.5000
param,66,1.0611,0.4471,0.9554,-0.0000
pos,67,-2.2154,-0.3318,1.2083,0.5858
input,67,-0.3306,0.4061,-0.0019,0.0115
target,67,-2.0000,0.5000,1.3000,0.5000
param,67,1.0611,0.4471,0.9554,-0.0000
pos,68,-2.2158,-0.3185,1.2081,0.5882
input,68,-0.3306,0.4061,-0.0019,0.0115
target,68,-2.0000,0.5000,1.3000,0.5000
param,68,1.0611,0.4471,0.9554,-0.0000
pos,69,-2.2157,-0.3051,1.2079,0.5896
input,69,-0.3306,0.4061,-0.0019,0.0115
target,69,-2.0000,0.5000,1.3000,0.5000
param,69,1.0611,0.4471,0.9554,-0.0000
pos,70,-2.2158,-0.2906,1.2077,0.5891
input,70,-0.3230,0.4110,-0.0093,0.0157
target,70,-2.0000,0.5000,1.3000,0.5000
param,70,1.0611,0.4471,0.9554,-0.0000
pos,71,-2.2157,-0.2771,1.2075,0.5875
input,71,-0.3230,0.4110,-0.0093,0.0157
target,71,-2.0000,0.5000,1.3000,0.5000
param,71,1.0611,0.4471,0.9554,-0.0000
pos,72,-2.2154,-0.2624,1.2073,0.5868
input,72,-0.3230,0.4110,-0.0093,0.0157
target,72,-2.0000,0.5000,1.3000,0.5000
param,72,1.0611,0.4471,0.9554,-0.0000
pos,73,-2.2150,-0.2487,1.2071,0.5860
input,73,-0.3230,0.4110,-0.0093,0.0157
target,73,-2.0000,0.5000,1.3000,0.5000
param,73,1.0611,0.4471,0.9554,-0.0000
pos,74,-2.2144,-0.2348,1.2068,0.5853
input,74,-0.3146,0.4138,-0.0094,0.0219
target,74,-2.0000,0.5000,1.3000,0.5000
param,74,1.0611,0.4471,0.9554,-0.0000
pos,75,-2.2136,-0.2195,1.2065,0.5866
input,75,-0.3146,0.4138,-0.0094,0.0219
target,75,-2.0000,0.5000,1.3000,0.5000
param,75,1.0611,0.4471,0.9554,-0.0000
pos,76,-2.2127,-0.2043,1.2062,0.5860
input,76,-0.3146,0.4138,-0.0094,0.0219
target,76,-2.0000,0.5000,1.3000,0.5000
param,76,1.0611,0.4471,0.9554,-0.0000
pos,77,-2.2119,-0.1902,1.2059,0.5851
input,77,-0.3064,0.4171,-0.0140,0.0282
target,77,-2.0000,0.5000,1.3000,0.5000
param,77,1.0611,0.4471,0.9554,-0.0000
pos,78,-2.2105,-0.1746,1.2056,0.5882
input,78,-0.3064,0.4171,-0.0140,0.0282
target,78,-2.0000,0.5000,1.3000,0.5000
param,78,1.0611,0.4471,0.9554,-0.0000
pos,79,-2.2092,-0.1590,1.2052,0.5902
input,79,-0.2999,0.4200,-0.0202,0.0332
target,79,-2.0000,0.5000,1.3000,0.5000
param,79,1.0611,0.4471,0.9554,-0.0000
pos,80,-2.2077,-0.1433,1.2049,0.5923
input,80,-0.2999,0.4200,-0.0202,0.0332
target,80,-2.0000,0.5000,1.3000,0.5000
param,80,1.0611,0.4471,0.9554,-0.0000
pos,81,-2.2062,-0.1289,1.2046,0.5917
input,81,-0.2966,0.4144,-0.0301,0.0368
target,81,-2.0000,0.5000,1.3000,0.5000
param,81,1.0611,0.4471,0.9554,-0.0000
pos,82,-2.2044,-0.1134,1.2044,0.5904
input,82,-0.2882,0.4180,-0.0399,0.0424
target,82,-2.0000,0.5000,1.3000,0.5000
param,82,1.0611,0.4471,0.9554,-0.0000
pos,83,-2.2025,-0.0978,1.2041,0.5900
input,83,-0.2882,0.4180,-0.0399,0.0424
target,83,-2.0000,0.5000,1.3000,0.5000
param,83,1.0611,0.4471,0.9554,-0.0000
pos,84,-2.2005,-0.0822,1.2037,0.5890
input,84,-0.2882,0.4180,-0.0399,0.0424
target,84,-2.0000,0.5000,1.3000,0.5000
param,84,1.0611,0.4471,0.9554,-0.0000
pos,85,-2.1983,-0.0666,1.2035,0.5888
input,85,-0.2785,0.4198,-0.0434,0.0509
target,85,-2.0000,0.5000,1.3000,0.5000
param,85,1.0611,0.4471,0.9554,-0.0000
pos,86,-2.1959,-0.0510,1.2031,0.5876
input,86,-0.2785,0.4198,-0.0434,0.0509
target,86,-2.0000,0.5000,1.3000,0.5000
param,86,1.0611,0.4471,0.9554,-0.0000
pos,87,-2.1936,-0.0354,1.2028,0.5868
input,87,-0.2740,0.4271,-0.0376,0.0551
target,87,-2.0000,0.5000,1.3000,0.5000
param,87,1.0611,0.4471,0.9554,-0.0000
pos,88,-2.1909,-0.0197,1.2024,0.5856
input,88,-0.2660,0.4278,-0.0414,0.0634
target,88,-2.0000,0.5000,1.3000,0.5000
param,88,1.0611,0.4471,0.9554,-0.0000
pos,89,-2.1884,-0.0051,1.2021,0.5845
input,89,-0.2660,0.4278,-0.0414,0.0634
target,89,-2.0000,0.5000,1.3000,0.5000
param,89,1.0611,0.4471,0.9554,-0.0000
pos,90,-2.1858,0.0096,1.2019,0.5837
input,90,-0.2581,0.4277,-0.0453,0.0726
target,90,-2.0000,0.5000,1.3000,0.5000
param,90,1.0611,0.4471,0.9554,-0.0000
pos,91,-2.1826,0.0257,1.2015,0.5827
input,91,-0.2581,0.4277,-0.0453,0.0726
target,91,-2.0000,0.5000,1.3000,0.5000
param,91,1.0611,0.4471,0.9554,-0.0000
pos,92,-2.1793,0.0420,1.2012,0.5865
input,92,-0.2553,0.4215,-0.0547,0.0753
target,92,-2.0000,0.5000,1.3000,0.5000
param,92,1.0611,0.4471,0.9554,-0.0000
pos,93,-2.1758,0.0583,1.2007,0.5878
input,93,-0.2461,0.4208,-0.0604,0.0858
target,93,-2.0000,0.5000,1.3000,0.5000
param,93,1.0611,0.4471,0.9554,-0.0000
pos,94,-2.1723,0.0746,1.2003,0.5911
input,94,-0.2182,0.4023,-0.0705,0.0927
target,94,-2.0000,0.5000,1.3000,0.5000
param,94,1.0611,0.4471,0.9554,-0.0000
pos,95,-2.1687,0.0908,1.1999,0.5945
input,95,-0.1981,0.3804,-0.0836,0.0962
target,95,-2.0000,0.5000,1.3000,0.5000
param,95,1.0611,0.4471,0.9554,-0.0000
pos,96,-2.1649,0.1068,1.1996,0.5932
input,96,-0.1789,0.3586,-0.0954,0.0994
target,96,-2.0000,0.5000,1.3000,0.5000
param,96,1.0611,0.4471,0.9554,-0.0000
pos,97,-2.1610,0.1228,1.1992,0.5913
input,97,-0.1631,0.3359,-0.0965,0.1019
target,97,-2.0000,0.5000,1.3000,0.5000
param,97,1.0611,0.4471,0.9554,-0.0000
pos,98,-2.1569,0.1388,1.1989,0.5894
input,98,-0.1484,0.3133,-0.0956,0.1039
target,98,-2.0000,0.5000,1.3000,0.5000
param,98,1.0611,0.4471,0.9554,-0.0000
pos,99,-2.1526,0.1548,1.1985,0.5880
input,99,-0.1341,0.2912,-0.0946,0.1055
target,99,-2.0000,0.5000,1.3000,0.5000
param,99,1.0612,0.4471,0.9554,-0.0000
pos,100,-2.1487,0.1696,1.1982,0.5862
input,100,-0.1201,0.2697,-0.0941,0.1070
target,100,-2.0000,0.5000,1.3000,0.5000
param,100,1.0612,0.4471,0.9554,-0.0000
pos,101,-2.1443,0.1847,1.1979,0.5843
input,101,-0.1083,0.2500,-0.0920,0.1080
target,101,-2.0000,0.5000,1.3000,0.5000
param,101,1.0612,0.4471,0.9554,-0.0000
pos,102,-2.1395,0.2010,1.1975,0.5837
input,102,-0.0968,0.2304,-0.0893,0.1088
target,102,-2.0000,0.5000,1.3000,0.5000
param,102,1.0612,0.4471,0.9554,-0.0000
pos,103,-2.1345,0.2172,1.1972,0.5841
input,103,-0.0959,0.2267,-0.0908,0.1084
target,103,-2.0000,0.5000,1.3000,0.5000
param,103,1.0612,0.4471,0.9554,-0.0000
pos,104,-2.1299,0.2324,1.1968,0.5824
input,104,-0.0699,0.1897,-0.0911,0.1102
target,104,-2.0000,0.5000,1.3000,0.5000
param,104,1.0612,0.4471,0.9554,-0.0000
pos,105,-2.1246,0.2488,1.1964,0.5808
input,105,-0.0595,0.1713,-0.0878,0.1107
target,105,-2.0000,0.5000,1.3000,0.5000
param,105,1.0612,0.4471,0.9554,-0.0000
pos,106,-2.1192,0.2651,1.1960,0.5798
input,106,-0.0478,0.1516,-0.0845,0.1110
target,106,-2.0000,0.5000,1.3000,0.5000
param,106,1.0612,0.4471,0.9554,-0.0000
pos,107,-2.1136,0.2813,1.1956,0.5787
input,107,-0.0363,0.1325,-0.0823,0.1113
target,107,-2.0000,0.5000,1.3000,0.5000
param,107,1.0612,0.4471,0.9554,-0.0000
pos,108,-2.1078,0.2975,1.1952,0.5778
input,108,-0.0257,0.1137,-0.0795,0.1113
target,108,-2.0000,0.5000,1.3000,0.5000
param,108,1.0612,0.4471,0.9554,-0.0000
pos,109,-2.1019,0.3136,1.1949,0.5770
input,109,-0.0153,0.0954,-0.0770,0.1113
target,109,-2.0000,0.5000,1.3000,0.5000
param,109,1.0612,0.4471,0.9554,-0.0000
pos,110,-2.0958,0.3297,1.1946,0.5757
input,110,-0.0054,0.0774,-0.0744,0.1111
target,110,-2.0000,0.5000,1.3000,0.5000
param,110,1.0612,0.4471,0.9554,-0.0000
pos,111,-2.0896,0.3457,1.1942,0.5743
input,111,0.0040,0.0599,-0.0707,0.1108
target,111,-2.0000,0.5000,1.3000,0.5000
param,111,1.0612,0.4471,0.9554,-0.0000
pos,112,-2.0833,0.3615,1.1940,0.5723
input,112,0.0129,0.0428,-0.0669,0.1105
target,112,-2.0000,0.5000,1.3000,0.5000
param,112,1.0612,0.4471,0.9554,-0.0000
pos,113,-2.0768,0.3773,1.1938,0.5701
input,113,0.0212,0.0262,-0.0620,0.1099
target,113,-2.0000,0.5000,1.3000,0.5000
param,113,1.0612,0.4471,0.9554,-0.0000
pos,114,-2.0702,0.3929,1.1935,0.5679
input,114,0.0292,0.0100,-0.0570,0.1093
target,114,-0.5000,0.5000,1.3000,0.5000
param,114,1.0612,0.4471,0.9554,-0.0000
pos,115,-2.0636,0.4084,1.1934,0.5662
input,115,0.0287,0.0098,-0.0562,0.1082
target,115,-0.5000,0.5000,1.3000,0.5000
param,115,1.0612,0.4471,0.9554,-0.0000
pos,116,-2.0567,0.4237,1.1933,0.5646
input,116,0.3027,0.5147,-0.0036,0.0432
target,116,-0.5000,0.5000,1.3000,0.5000
param,116,1.0612,0.4471,0.9554,-0.0000
pos,117,-2.0499,0.4388,1.1932,0.5630
input,117,0.3027,0.5147,-0.0036,0.0432
target,117,-0.5000,0.5000,1.3000,0.5000
param,117,1.0612,0.4471,0.9554,-0.0000
pos,118,-2.0429,0.4539,1.1932,0.5610
input,118,0.3121,0.5099,-0.0047,0.0431
target,118,-0.5000,0.5000,1.3000,0.5000
param,118,1.0612,0.4471,0.9554,-0.0000
pos,119,-2.0357,0.4688,1.1932,0.5587
input,119,0.3121,0.5099,-0.0047,0.0431
target,119,-0.5000,0.5000,1.3000,0.5000
param,119,1.0612,0.4471,0.9554,-0.0000
pos,120,-2.0286,0.4834,1.1933,0.5566
input,120,0.3190,0.5063,-0.0055,0.0439
target,120,-0.5000,0.5000,1.3000,0.5000
param,120,1.0612,0.4471,0.9554,-0.0000
pos,121,-2.0214,0.4978,1.1934,0.5547
input,121,0.3190,0.5063,-0.0055,0.0439
target,121,-0.5000,0.5000,1.3000,0.5000
param,121,1.0612,0.4471,0.9554,-0.0000
pos,122,-2.0147,0.5111,1.1936,0.5530
input,122,0.3260,0.5025,-0.0065,0.0445
target,122,-0.5000,0.5000,1.3000,0.5000
param,122,1.0612,0.4471,0.9554,-0.0000
pos,123,-2.0077,0.5252,1.1937,0.5503
input,123,0.3260,0.5025,-0.0065,0.0445
target,123,-0.5000,0.5000,1.3000,0.5000
param,123,1.0612,0.4471,0.9554,-0.0000
pos,124,-2.0004,0.5389,1.1939,0.5480
input,124,0.3328,0.4986,-0.0072,0.0451
target,124,-0.5000,0.5000,1.3000,0.5000
param,124,1.0612,0.4471,0.9554,-0.0000
pos,125,-1.9932,0.5520,1.1942,0.5459
input,125,0.3328,0.4986,-0.0072,0.0451
target,125,-0.5000,0.5000,1.3000,0.5000
param,125,1.0612,0.4471,0.9554,-0.0000
pos,126,-1.9860,0.5647,1.1945,0.5438
input,126,0.3400,0.4944,-0.0084,0.0457
target,126,-0.5000,0.5000,1.3000,0.5000
param,126,1.0612,0.4471,0.9554,-0.0000
pos,127,-1.9789,0.5768,1.1949,0.5418
input,127,0.3400,0.4944,-0.0084,0.0457
target,127,-0.5000,0.5000,1.3000,0.5000
param,127,1.0612,0.4471,0.9554,-0.0000
pos,128,-1.9720,0.5885,1.1952,0.5396
input,128,0.3476,0.4898,-0.0102,0.0462
target,128,-0.5000,0.5000,1.3000,0.5000
param,128,1.0612,0.4471,0.9554,-0.0000
pos,129,-1.9652,0.5998,1.1956,0.5373
input,129,0.3476,0.4898,-0.0102,0.0462
target,129,-0.5000,0.5000,1.3000,0.5000
param,129,1.0612,0.4471,0.9554,-0.0000
pos,130,-1.9585,0.6107,1.1959,0.5352
input,130,0.3553,0.4848,-0.0118,0.0468
target,130,-0.5000,0.5000,1.3000,0.5000
param,130,1.0612,0.4471,0.9554,-0.0000
pos,131,-1.9519,0.6212,1.1963,0.5335
input,131,0.3553,0.4848,-0.0118,0.0468
target,131,-0.5000,0.5000,1.3000,0.5000
param,131,1.0612,0.4471,0.9554,-0.0000
pos,132,-1.9454,0.6315,1.1966,0.5307
input,132,0.3634,0.4794,-0.0139,0.0473
target,132,-0.5000,0.5000,1.3000,0.5000
param,132,1.0612,0.4471,0.9554,-0.0000
pos,133,-1.9389,0.6415,1.1969,0.5283
input,133,0.3634,0.4794,-0.0139,0.0473
target,133,-0.5000,0.5000,1.3000,0.5000
param,133,1.0611,0.4471,0.9554,0.0000
pos,134,-1.9323,0.6513,1.1972,0.5264
input,134,0.3714,0.4737,-0.0150,0.0479
target,134,-0.5000,0.5000,1.3000,0.5000
param,134,1.0611,0.4471,0.9554,0.0000
pos,135,-1.9257,0.6606,1.1975,0.5244
input,135,0.3714,0.4737,-0.0150,0.0479
target,135,-0.5000,0.5000,1.3000,0.5000
param,135,1.0611,0.4471,0.9554,0.0000
pos,136,-1.9190,0.6696,1.1978,0.5224
input,136,0.3800,0.4673,-0.0170,0.0484
target,136,-0.5000,0.5000,1.3000,0.5000
param,136,1.0611,0.4471,0.9554,0.0000
pos,137,-1.9128,0.6776,1.1981,0.5203
input,137,0.3800,0.4673,-0.0170,0.0484
target,137,-0.5000,0.5000,1.3000,0.5000
param,137,1.0611,0.4471,0.9554,0.0000
pos,138,-1.9058,0.6861,1.1983,0.5186
input,138,0.3886,0.4606,-0.0186,0.0490
target,138,-0.5000,0.5000,1.3000,0.5000
param,138,1.0611,0.4471,0.9554,0.0000
pos,139,-1.8993,0.6938,1.1985,0.5167
input,139,0.3886,0.4606,-0.0186,0.0490
target,139,-0.5000,0.5000,1.3000,0.5000
param,139,1.0611,0.4471,0.9554,0.0000
pos,140,-1.8926,0.7012,1.1987,0.5150
input,140,0.3977,0.4530,-0.0204,0.0496
target,140,-0.5000,0.5000,1.3000,0.5000
param,140,1.0611,0.4471,0.9554,0.0000
pos,141,-1.8851,0.7091,1.1988,0.5135
input,141,0.3977,0.4530,-0.0204,0.0496
target,141,-0.5000,0.5000,1.3000,0.5000
param,141,1.0611,0.4471,0.9554,0.0000
pos,142,-1.8780,0.7161,1.1989,0.5119
input,142,0.4074,0.4445,-0.0224,0.0502
target,142,-0.5000,0.5000,1.3000,0.5000
param,142,1.0611,0.4471,0.9554,0.0000
pos,143,-1.8699,0.7235,1.1991,0.5104
input,143,0.4074,0.4445,-0.0224,0.0502
target,143,-0.5000,0.5000,1.3000,0.5000
param,143,1.0611,0.4471,0.9554,0.0000
pos,144,-1.8618,0.7305,1.1992,0.5088
input,144,0.4175,0.4349,-0.0242,0.0508
target,144,-0.5000,0.5000,1.3000,0.5000
param,144,1.0611,0.4471,0.9554,0.0000
pos,145,-1.8534,0.7373,1.1992,0.5078
input,145,0.4228,0.4296,-0.0248,0.0513
target,145,-0.5000,0.5000,1.3000,0.5000
param,145,1.0611,0.4471,0.9554,0.0000
pos,146,-1.8455,0.7436,1.1993,0.5066
input,146,0.4284,0.4239,-0.0259,0.0515
target,146,-0.5000,0.5000,1.3000,0.5000
param,146,1.0611,0.4471,0.9554,0.0000
pos,147,-1.8237,0.7529,1.1988,0.5066
input,147,0.4337,0.4181,-0.0267,0.0518
target,147,-0.5000,0.5000,1.3000,0.5000
param,147,1.0611,0.4471,0.9554,0.0000
pos,148,-1.8041,0.7613,1.1985,0.5066
input,148,0.4391,0.4121,-0.0277,0.0520
target,148,-0.5000,0.5000,1.3000,0.5000
param,148,1.0611,0.4471,0.9554,0.0000
pos,149,-1.7856,0.7692,1.1981,0.5068
input,149,0.4439,0.4065,-0.0284,0.0521
target,149,-0.5000,0.5000,1.3000,0.5000
param,149,1.0611,0.4471,0.9554,0.0000
pos,150,-1.7673,0.7771,1.1979,0.5074
input,150,0.4486,0.4010,-0.0292,0.0522
target,150,-0.5000,0.5000,1.3000,0.5000
param,150,1.0611,0.4471,0.9554,0.0000
pos,151,-1.7498,0.7846,1.1976,0.5081
input,151,0.4533,0.3951,-0.0303,0.0523
target,151,-0.5000,0.5000,1.3000,0.5000
param,151,1.0611,0.4471,0.9554,0.0000
pos,152,-1.7331,0.7916,1.1973,0.5087
input,152,0.4578,0.3892,-0.0313,0.0523
target,152,-0.5000,0.5000,1.3000,0.5000
param,152,1.0611,0.4471,0.9554,0.0000
pos,153,-1.7178,0.7979,1.1970,0.5096
input,153,0.4621,0.3835,-0.0322,0.0523
target,153,-0.5000,0.5000,1.3000,0.5000
param,153,1.0611,0.4471,0.9554,0.0000
pos,154,-1.7030,0.8038,1.1968,0.5104
input,154,0.4621,0.3835,-0.0322,0.0523
target,154,-0.5000,0.5000,1.3000,0.5000
param,154,1.0611,0.4471,0.9554,0.0000
pos,155,-1.6876,0.8097,1.1965,0.5118
input,155,0.4698,0.3727,-0.0345,0.0523
target,155,-0.5000,0.5000,1.3000,0.5000
param,155,1.0611,0.4471,0.9554,0.0000
pos,156,-1.6725,0.8152,1.1963,0.5127
input,156,0.4737,0.3669,-0.0354,0.0523
target,156,-0.5000,0.5000,1.3000,0.5000
param,156,1.0611,0.4471,0.9554,0.0000
pos,157,-1.6577,0.8204,1.1961,0.5134
input,157,0.4737,0.3669,-0.0354,0.0523
target,157,-0.5000,0.5000,1.3000,0.5000
param,157,1.0611,0.4471,0.9554,0.0000
pos,158,-1.6431,0.8253,1.1959,0.5138
input,158,0.4808,0.3558,-0.0375,0.0523
target,158,-0.5000,0.5000,1.3000,0.5000
param,158,1.0611,0.4471,0.9554,0.0000
pos,159,-1.6287,0.8298,1.1957,0.5146
input,159,0.4808,0.3558,-0.0375,0.0523
target,159,-0.5000,0.5000,1.3000,0.5000
param,159,1.0611,0.4471,0.9554,0.0000
pos,160,-1.6144,0.8341,1.1955,0.5151
input,160,0.4872,0.3449,-0.0384,0.0524
target,160,-0.5000,0.5000,1.3000,0.5000
param,160,1.0611,0.4471,0.9554,0.0000
pos,161,-1.6002,0.8380,1.1953,0.5157
input,161,0.4872,0.3449,-0.0384,0.0524
target,161,-0.5000,0.5000,1.3000,0.5000
param,161,1.0611,0.4471,0.9554,0.0000
pos,162,-1.5860,0.8416,1.1951,0.5164
input,162,0.4932,0.3340,-0.0392,0.0525
target,162,-0.5000,0.5000,1.3000,0.5000
param,162,1.0611,0.4471,0.9554,0.0000
pos,163,-1.5719,0.8449,1.1950,0.5166
input,163,0.4932,0.3340,-0.0392,0.0525
target,163,-0.5000,0.5000,1.3000,0.5000
param,163,1.0611,0.4471,0.9554,0.0000
pos,164,-1.5588,0.8479,1.1948,0.5167
input,164,0.4987,0.3232,-0.0395,0.0527
target,164,-0.5000,0.5000,1.3000,0.5000
param,164,1.0611,0.4471,0.9554,0.0000
pos,165,-1.5456,0.8506,1.1946,0.5171
input,165,0.4987,0.3232,-0.0395,0.0527
target,165,-0.5000,0.5000,1.3000,0.5000
param,165,1.0611,0.4471,0.9554,0.0000
pos,166,-1.5323,0.8531,1.1945,0.5175
input,166,0.5035,0.3132,-0.0394,0.0530
target,166,-0.5000,0.5000,1.3000,0.5000
param,166,1.0611,0.4471,0.9554,0.0000
pos,167,-1.5178,0.8554,1.1944,0.5175
input,167,0.5035,0.3132,-0.0394,0.0530
target,167,-0.5000,0.5000,1.3000,0.5000
param,167,1.0611,0.4471,0.9554,0.0000
pos,168,-1.5044,0.8574,1.1942,0.5176
input,168,0.5082,0.3025,-0.0392,0.0533
target,168,-0.5000,0.5000,1.3000,0.5000
param,168,1.0611,0.4471,0.9554,0.0000
pos,169,-1.4909,0.8591,1.1941,0.5179
input,169,0.5082,0.3025,-0.0392,0.0533
target,169,-0.5000,0.5000,1.3000,0.5000
param,169,1.0611,0.4471,0.9554,0.0000
pos,170,-1.4762,0.8606,1.1940,0.5181
input,170,0.5125,0.2920,-0.0388,0.0538
target,170,-0.5000,0.5000,1.3000,0.5000
param,170,1.0611,0.4471,0.9554,0.0000
pos,171,-1.4615,0.8619,1.1939,0.5180
input,171,0.5125,0.2920,-0.0388,0.0538
target,171,-0.5000,0.5000,1.3000,0.5000
param,171,1.0611,0.4471,0.9554,0.0000
pos,172,-1.4468,0.8629,1.1938,0.5175
input,172,0.5168,0.2801,-0.0382,0.0544
target,172,-0.5000,0.5000,1.3000,0.5000
param,172,1.0611,0.4471,0.9554,0.0000
pos,173,-1.4320,0.8636,1.1937,0.5172
input,173,0.5168,0.2801,-0.0382,0.0544
target,173,-0.5000,0.5000,1.3000,0.5000
param,173,1.0611,0.4471,0.9554,0.0000
pos,174,-1.4174,0.8641,1.1937,0.5169
input,174,0.5207,0.2682,-0.0363,0.0551
target,174,-0.5000,0.5000,1.3000,0.5000
param,174,1.0611,0.4471,0.9554,0.0000
pos,175,-1.4026,0.8643,1.1936,0.5159
input,175,0.5207,0.2682,-0.0363,0.0551
target,175,-0.5000,0.5000,1.3000,0.5000
param,175,1.0611,0.4471,0.9554,0.0000
pos,176,-1.3899,0.8644,1.1935,0.5154
input,176,0.5243,0.2560,-0.0339,0.0560
target,176,-0.5000,0.5000,1.3000,0.5000
param,176,1.0611,0.4471,0.9554,0.0000
pos,177,-1.3780,0.8643,1.1934,0.5156
input,177,0.5243,0.2560,-0.0339,0.0560
target,177,-0.5000,0.5000,1.3000,0.5000
param,177,1.0611,0.4471,0.9554,0.0000
pos,178,-1.3645,0.8639,1.1934,0.5150
input,178,0.5269,0.2459,-0.0320,0.0570
target,178,-0.5000,0.5000,1.3000,0.5000
param,178,1.0610,0.4471,0.9554,0.0000
pos,179,-1.3498,0.8631,1.1933,0.5150
input,179,0.5269,0.2459,-0.0320,0.0570
target,179,-0.5000,0.5000,1.3000,0.5000
param,179,1.0610,0.4471,0.9554,0.0000
pos,180,-1.3340,0.8619,1.1933,0.5138
input,180,0.5297,0.2333,-0.0304,0.0582
target,180,-0.5000,0.5000,1.3000,0.5000
param,180,1.0610,0.4471,0.9554,0.0000
pos,181,-1.3204,0.8608,1.1933,0.5132
input,181,0.5311,0.2261,-0.0275,0.0588
target,181,-0.5000,0.5000,1.3000,0.5000
param,181,1.0610,0.4471,0.9554,0.0000
pos,182,-1.3045,0.8591,1.1933,0.5115
input,182,0.5311,0.2261,-0.0275,0.0588
target,182,-0.5000,0.5000,1.3000,0.5000
param,182,1.0610,0.4471,0.9554,0.0000
pos,183,-1.2886,0.8572,1.1933,0.5096
input,183,0.5333,0.2123,-0.0241,0.0604
target,183,-0.5000,0.5000,1.3000,0.5000
param,183,1.0610,0.4471,0.9554,0.0000
pos,184,-1.2750,0.8555,1.1933,0.5082
input,184,0.5343,0.2047,-0.0197,0.0613
target,184,-0.5000,0.5000,1.3000,0.5000
param,184,1.0610,0.4471,0.9554,0.0000
pos,185,-1.2633,0.8541,1.1932,0.5074
input,185,0.5349,0.1983,-0.0170,0.0622
target,185,-0.5000,0.5000,1.3000,0.5000
param,185,1.0610,0.4471,0.9554,0.0000
pos,186,-1.2532,0.8527,1.1932,0.5069
input,186,0.5349,0.1983,-0.0170,0.0622
target,186,-0.5000,0.5000,1.3000,0.5000
param,186,1.0610,0.4471,0.9554,0.0000
pos,187,-1.2446,0.8514,1.1931,0.5068
input,187,0.5357,0.1884,-0.0149,0.0641
target,187,-0.5000,0.5000,1.3000,0.5000
param,187,1.0610,0.4471,0.9554,-0.0000
pos,188,-1.2276,0.8481,1.1932,0.5050
input,188,0.5357,0.1884,-0.0149,0.0641
target,188,-0.5000,0.5000,1.3000,0.5000
param,188,1.0610,0.4471,0.9554,-0.0000
pos,189,-1.2109,0.8445,1.1933,0.5032
input,189,0.5364,0.1753,-0.0113,0.0663
target,189,-0.5000,0.5000,1.3000,0.5000
param,189,1.0610,0.4471,0.9554,-0.0000
pos,190,-1.1965,0.8415,1.1934,0.5020
input,190,0.5367,0.1655,-0.0067,0.0677
target,190,-0.5000,0.5000,1.3000,0.5000
param,190,1.0610,0.4471,0.9554,-0.0000
pos,191,-1.1841,0.8387,1.1934,0.5014
input,191,0.5368,0.1572,-0.0037,0.0690
target,191,-0.5000,0.5000,1.3000,0.5000
param,191,1.0610,0.4471,0.9554,-0.0000
pos,192,-1.1672,0.8344,1.1935,0.4994
input,192,0.5367,0.1502,-0.0019,0.0704
target,192,-0.5000,0.5000,1.3000,0.5000
param,192,1.0610,0.4471,0.9554,-0.0000
pos,193,-1.1506,0.8299,1.1937,0.4975
input,193,0.5362,0.1392,0.0021,0.0722
target,193,-0.5000,0.5000,1.3000,0.5000
param,193,1.0610,0.4471,0.9554,-0.0000
pos,194,-1.1341,0.8252,1.1938,0.4957
input,194,0.5354,0.1279,0.0068,0.0742
target,194,-0.5000,0.5000,1.3000,0.5000
param,194,1.0610,0.4471,0.9554,-0.0000
pos,195,-1.1190,0.8208,1.1939,0.4944
input,195,0.5343,0.1163,0.0114,0.0764
target,195,-0.5000,0.5000,1.3000,0.5000
param,195,1.0610,0.4471,0.9554,-0.0000
pos,196,-1.1060,0.8169,1.1940,0.4937
input,196,0.5330,0.1055,0.0153,0.0786
target,196,-0.5000,0.5000,1.3000,0.5000
param,196,1.0610,0.4471,0.9554,-0.0000
pos,197,-1.0949,0.8135,1.1940,0.4935
input,197,0.5318,0.0966,0.0178,0.0808
target,197,-0.5000,0.5000,1.3000,0.5000
param,197,1.0610,0.4471,0.9554,-0.0000
pos,198,-1.0771,0.8072,1.1941,0.4918
input,198,0.5307,0.0896,0.0188,0.0829
target,198,-0.5000,0.5000,1.3000,0.5000
param,198,1.0610,0.4471,0.9554,-0.0000
pos,199,-1.0596,0.8007,1.1942,0.4899
input,199,0.5157,0.0727,0.0224,0.0844
target,199,-0.5000,0.5000,1.3000,0.5000
param,199,1.0610,0.4471,0.9554,-0.0000
pos,200,-1.0426,0.7942,1.1943,0.4883
input,200,0.4886,0.0554,0.0276,0.0850
target,200,-0.5000,0.5000,1.3000,0.5000
param,200,1.0610,0.4471,0.9554,-0.0000
pos,201,-1.0280,0.7884,1.1944,0.4875
input,201,0.4629,0.0402,0.0318,0.0864
target,201,-0.5000,0.5000,1.3000,0.5000
param,201,1.0610,0.4471,0.9554,-0.0000
pos,202,-1.0114,0.7816,1.1945,0.4853
input,202,0.4420,0.0295,0.0337,0.0880
target,202,-0.5000,0.5000,1.3000,0.5000
param,202,1.0610,0.4471,0.9554,-0.0000
pos,203,-0.9952,0.7745,1.1946,0.4832
input,203,0.4177,0.0175,0.0374,0.0892
target,203,-0.5000,0.5000,1.3000,0.5000
param,203,1.0611,0.4471,0.9554,-0.0000
pos,204,-0.9812,0.7684,1.1947,0.4818
input,204,0.3942,0.0070,0.0408,0.0906
target,204,-0.5000,0.5000,1.3000,0.5000
param,204,1.0611,0.4471,0.9554,-0.0000
pos,205,-0.9693,0.7630,1.1949,0.4810
input,205,0.3756,0.0007,0.0423,0.0921
target,205,-0.5000,0.5000,1.3000,0.5000
param,205,1.0611,0.4471,0.9554,-0.0000
pos,206,-0.9591,0.7584,1.1950,0.4807
input,206,0.3609,-0.0022,0.0418,0.0932
target,206,-0.5000,0.5000,1.3000,0.5000
param,206,1.0610,0.4471,0.9554,-0.0000
pos,207,-0.9504,0.7543,1.1951,0.4808
input,207,0.3495,-0.0023,0.0398,0.0942
target,207,-0.5000,0.5000,1.3000,0.5000
param,207,1.0610,0.4471,0.9554,-0.0000
pos,208,-0.9419,0.7503,1.1952,0.4814
input,208,0.3410,-0.0001,0.0368,0.0949
target,208,-0.5000,0.5000,1.3000,0.5000
param,208,1.0610,0.4471,0.9554,-0.0000
pos,209,-0.9249,0.7410,1.1953,0.4797
input,209,0.3331,0.0024,0.0324,0.0955
target,209,-0.5000,0.5000,1.3000,0.5000
param,209,1.0610,0.4471,0.9554,-0.0001
pos,210,-0.9072,0.7312,1.1955,0.4779
input,210,0.3086,-0.0061,0.0330,0.0959
target,210,-0.5000,0.5000,1.3000,0.5000
param,210,1.0611,0.4471,0.9554,-0.0001
pos,211,-0.8902,0.7214,1.1957,0.4764
input,211,0.2833,-0.0142,0.0350,0.0970
target,211,-0.5000,0.5000,1.3000,0.5000
param,211,1.0611,0.4471,0.9554,-0.0001
pos,212,-0.8747,0.7122,1.1960,0.4754
input,212,0.2596,-0.0206,0.0363,0.0981
target,212,-0.5000,0.5000,1.3000,0.5000
param,212,1.0611,0.4471,0.9554,-0.0001
pos,213,-0.8594,0.7031,1.1962,0.4743
input,213,0.2555,-0.0217,0.0356,0.0985
target,213,-0.5000,0.5000,1.3000,0.5000
param,213,1.0611,0.4471,0.9554,-0.0001
pos,214,-0.8446,0.6938,1.1965,0.4736
input,214,0.2194,-0.0273,0.0362,0.0997
target,214,-0.5000,0.5000,1.3000,0.5000
param,214,1.0611,0.4471,0.9554,-0.0001
pos,215,-0.8319,0.6857,1.1968,0.4735
input,215,0.2009,-0.0287,0.0355,0.1003
target,215,-0.5000,0.5000,1.3000,0.5000
param,215,1.0611,0.4471,0.9554,-0.0001
pos,216,-0.8164,0.6755,1.1971,0.4722
input,216,0.1871,-0.0270,0.0335,0.1008
target,216,-0.5000,0.5000,1.3000,0.5000
param,216,1.0611,0.4471,0.9554,-0.0001
pos,217,-0.8022,0.6659,1.1974,0.4713
input,217,0.1673,-0.0283,0.0337,0.1009
target,217,-0.5000,0.5000,1.3000,0.5000
param,217,1.0611,0.4471,0.9554,-0.0001
pos,218,-0.7882,0.6562,1.1978,0.4710
input,218,0.1507,-0.0274,0.0333,0.1012
target,218,-0.5000,0.5000,1.3000,0.5000
param,218,1.0611,0.4471,0.9554,-0.0001
pos,219,-0.7734,0.6458,1.1982,0.4707
input,219,0.1345,-0.0260,0.0317,0.1012
target,219,-0.5000,0.5000,1.3000,0.5000
param,219,1.0611,0.4471,0.9554,-0.0001
pos,220,-0.7600,0.6360,1.1987,0.4702
input,220,0.1324,-0.0263,0.0311,0.1006
target,220,-0.5000,0.5000,1.3000,0.5000
param,220,1.0611,0.4471,0.9554,-0.0001
pos,221,-0.7477,0.6267,1.1991,0.4705
input,221,0.1018,-0.0223,0.0294,0.1008
target,221,-0.5000,0.5000,1.3000,0.5000
param,221,1.0611,0.4471,0.9554,-0.0001
pos,222,-0.7372,0.6187,1.1995,0.4712
input,222,0.0895,-0.0178,0.0271,0.1005
target,222,-0.5000,0.5000,1.3000,0.5000
param,222,1.0611,0.4471,0.9554,-0.0001
pos,223,-0.7284,0.6117,1.2000,0.4723
input,223,0.0813,-0.0109,0.0241,0.1000
target,223,-0.5000,0.5000,1.3000,0.5000
param,223,1.0611,0.4471,0.9554,-0.0001
pos,224,-0.7148,0.6007,1.2005,0.4728
input,224,0.0765,-0.0023,0.0206,0.0994
target,224,-0.5000,0.5000,1.3000,0.5000
param,224,1.0611,0.4471,0.9554,-0.0001
pos,225,-0.7016,0.5897,1.2011,0.4723
input,225,0.0609,0.0003,0.0187,0.0988
target,225,-0.5000,0.5000,1.3000,0.5000
param,225,1.0611,0.4471,0.9554,-0.0001
pos,226,-0.6897,0.5795,1.2017,0.4723
input,226,0.0460,0.0034,0.0192,0.0980
target,226,-0.5000,0.5000,1.3000,0.5000
param,226,1.0611,0.4471,0.9554,-0.0001
pos,227,-0.6796,0.5706,1.2022,0.4728
input,227,0.0340,0.0080,0.0187,0.0972
target,227,-0.5000,0.5000,1.3000,0.5000
param,227,1.0611,0.4471,0.9554,-0.0001
pos,228,-0.6711,0.5629,1.2028,0.4735
input,228,0.0334,0.0077,0.0185,0.0962
target,228,-0.5000,0.5000,1.3000,0.5000
param,228,1.0611,0.4471,0.9554,-0.0001
pos,229,-0.6583,0.5513,1.2037,0.4744
input,229,0.0217,0.0230,0.0162,0.0954
target,229,-0.5000,0.5000,1.3000,0.5000
param,229,1.0611,0.4471,0.9554,-0.0001
pos,230,-0.6455,0.5393,1.2045,0.4752
input,230,0.0073,0.0259,0.0147,0.0942
target,230,-0.5000,-1.0000,1.3000,0.5000
param,230,1.0611,0.4471,0.9554,-0.0001
pos,231,-0.6338,0.5277,1.2052,0.4758
input,231,0.0070,0.0255,0.0145,0.0932
target,231,-0.5000,-1.0000,1.3000,0.5000
param,231,1.0611,0.4471,0.9554,-0.0001
pos,232,-0.6228,0.5165,1.2060,0.4762
input,232,0.4699,-0.1916,0.0550,-0.0392
target,232,-0.5000,-1.0000,1.3000,0.5000
param,232,1.0611,0.4471,0.9554,-0.0001
pos,233,-0.6126,0.5057,1.2070,0.4776
input,233,0.4699,-0.1916,0.0550,-0.0392
target,233,-0.5000,-1.0000,1.3000,0.5000
param,233,1.0611,0.4471,0.9554,-0.0001
pos,234,-0.6044,0.4964,1.2078,0.4793
input,234,0.4670,-0.1974,0.0534,-0.0390
target,234,-0.5000,-1.0000,1.3000,0.5000
param,234,1.0611,0.4471,0.9554,-0.0001
pos,235,-0.5978,0.4885,1.2087,0.4812
input,235,0.4670,-0.1974,0.0534,-0.0390
target,235,-0.5000,-1.0000,1.3000,0.5000
param,235,1.0611,0.4471,0.9554,-0.0001
pos,236,-0.5926,0.4817,1.2096,0.4831
input,236,0.4670,-0.1974,0.0534,-0.0390
target,236,-0.5000,-1.0000,1.3000,0.5000
param,236,1.0611,0.4471,0.9554,-0.0001
pos,237,-0.5884,0.4760,1.2104,0.4849
input,237,0.4649,-0.2050,0.0530,-0.0382
target,237,-0.5000,-1.0000,1.3000,0.5000
param,237,1.0611,0.4471,0.9554,-0.0001
pos,238,-0.5784,0.4653,1.2114,0.4877
input,238,0.4649,-0.2050,0.0530,-0.0382
target,238,-0.5000,-1.0000,1.3000,0.5000
param,238,1.0611,0.4471,0.9554,-0.0001
pos,239,-0.5692,0.4556,1.2123,0.4894
input,239,0.4649,-0.2050,0.0530,-0.0382
target,239,-0.5000,-1.0000,1.3000,0.5000
param,239,1.0611,0.4471,0.9554,-0.0001
pos,240,-0.5596,0.4459,1.2132,0.4905
input,240,0.4613,-0.2155,0.0517,-0.0374
target,240,-0.5000,-1.0000,1.3000,0.5000
param,240,1.0611,0.4471,0.9554,-0.0001
pos,241,-0.5519,0.4375,1.2141,0.4916
input,241,0.4613,-0.2155,0.0517,-0.0374
target,241,-0.5000,-1.0000,1.3000,0.5000
param,241,1.0611,0.4471,0.9554,-0.0001
pos,242,-0.5434,0.4285,1.2149,0.4929
input,242,0.4580,-0.2228,0.0528,-0.0367
target,242,-0.5000,-1.0000,1.3000,0.5000
param,242,1.0611,0.4471,0.9554,-0.0001
pos,243,-0.5355,0.4198,1.2158,0.4941
input,243,0.4580,-0.2228,0.0528,-0.0367
target,243,-0.5000,-1.0000,1.3000,0.5000
param,243,1.0611,0.4471,0.9554,-0.0001
pos,244,-0.5276,0.4111,1.2166,0.4965
input,244,0.4543,-0.2307,0.0530,-0.0360
target,244,-0.5000,-1.0000,1.3000,0.5000
param,244,1.0611,0.4471,0.9554,-0.0001
pos,245,-0.5209,0.4033,1.2175,0.4986
input,245,0.4543,-0.2307,0.0530,-0.0360
target,245,-0.5000,-1.0000,1.3000,0.5000
param,245,1.0611,0.4471,0.9554,-0.0001
pos,246,-0.5155,0.3967,1.2183,0.5005
input,246,0.4506,-0.2395,0.0524,-0.0351
target,246,-0.5000,-1.0000,1.3000,0.5000
param,246,1.0611,0.4471,0.9554,-0.0001
pos,247,-0.5105,0.3906,1.2191,0.5030
input,247,0.4506,-0.2395,0.0524,-0.0351
target,247,-0.5000,-1.0000,1.3000,0.5000
param,247,1.0611,0.4471,0.9554,-0.0001
pos,248,-0.5066,0.3855,1.2199,0.5054
input,248,0.4474,-0.2473,0.0519,-0.0342
target,248,-0.5000,-1.0000,1.3000,0.5000
param,248,1.0611,0.4471,0.9554,-0.0001
pos,249,-0.5035,0.3812,1.2206,0.5077
input,249,0.4474,-0.2473,0.0519,-0.0342
target,249,-0.5000,-1.0000,1.3000,0.5000
param,249,1.0611,0.4471,0.9554,-0.0001
pos,250,-0.5010,0.3776,1.2212,0.5099
input,250,0.4416,-0.2461,0.0441,-0.0282
target,250,-0.5000,-1.0000,1.3000,0.5000
param,250,1.0611,0.4471,0.9554,-0.0001
pos,251,-0.4974,0.3732,1.2218,0.5112
input,251,0.4390,-0.2530,0.0429,-0.0273
target,251,-0.5000,-1.0000,1.3000,0.5000
param,251,1.0611,0.4471,0.9554,-0.0001
pos,252,-0.4891,0.3637,1.2224,0.5136
input,252,0.4390,-0.2530,0.0429,-0.0273
target,252,-0.5000,-1.0000,1.3000,0.5000
param,252,1.0611,0.4471,0.9554,-0.0001
pos,253,-0.4821,0.3557,1.2229,0.5158
input,253,0.4390,-0.2530,0.0429,-0.0273
target,253,-0.5000,-1.0000,1.3000,0.5000
param,253,1.0611,0.4471,0.9554,-0.0000
pos,254,-0.4761,0.3489,1.2234,0.5179
input,254,0.4333,-0.2650,0.0406,-0.0261
target,254,-0.5000,-1.0000,1.3000,0.5000
param,254,1.0611,0.4471,0.9554,-0.0000
pos,255,-0.4709,0.3431,1.2239,0.5197
input,255,0.4333,-0.2650,0.0406,-0.0261
target,255,-0.5000,-1.0000,1.3000,0.5000
param,255,1.0611,0.4471,0.9554,-0.0000
pos,256,-0.4661,0.3378,1.2243,0.5215
input,256,0.4279,-0.2632,0.0326,-0.0203
target,256,-0.5000,-1.0000,1.3000,0.5000
param,256,1.0611,0.4471,0.9554,-0.0000
pos,257,-0.4579,0.3282,1.2245,0.5241
input,257,0.4226,-0.2731,0.0319,-0.0191
target,257,-0.5000,-1.0000,1.3000,0.5000
param,257,1.0611,0.4471,0.9554,-0.0000
pos,258,-0.4505,0.3195,1.2246,0.5264
input,258,0.4233,-0.2838,0.0397,-0.0234
target,258,-0.5000,-1.0000,1.3000,0.5000
param,258,1.0611,0.4471,0.9554,-0.0000
pos,259,-0.4442,0.3120,1.2247,0.5285
input,259,0.4250,-0.2921,0.0486,-0.0281
target,259,-0.5000,-1.0000,1.3000,0.5000
param,259,1.0611,0.4471,0.9554,-0.0000
pos,260,-0.4387,0.3058,1.2249,0.5305
input,260,0.4197,-0.2899,0.0396,-0.0224
target,260,-0.5000,-1.0000,1.3000,0.5000
param,260,1.0611,0.4471,0.9554,-0.0000
pos,261,-0.4341,0.3006,1.2250,0.5323
input,261,0.4184,-0.3035,0.0462,-0.0265
target,261,-0.5000,-1.0000,1.3000,0.5000
param,261,1.0611,0.4471,0.9554,-0.0000
pos,262,-0.4267,0.2911,1.2248,0.5339
input,262,0.4128,-0.3131,0.0453,-0.0246
target,262,-0.5000,-1.0000,1.3000,0.5000
param,262,1.0611,0.4471,0.9554,-0.0000
pos,263,-0.4144,0.2760,1.2233,0.5363
input,263,0.4128,-0.3131,0.0453,-0.0246
target,263,-0.5000,-1.0000,1.3000,0.5000
param,263,1.0611,0.4471,0.9554,-0.0000
pos,264,-0.4038,0.2629,1.2220,0.5388
input,264,0.4051,-0.3247,0.0438,-0.0223
target,264,-0.5000,-1.0000,1.3000,0.5000
param,264,1.0611,0.4471,0.9554,-0.0000
pos,265,-0.3935,0.2496,1.2207,0.5417
input,265,0.4051,-0.3247,0.0438,-0.0223
target,265,-0.5000,-1.0000,1.3000,0.5000
param,265,1.0611,0.4471,0.9554,-0.0000
pos,266,-0.3837,0.2365,1.2194,0.5448
input,266,0.3986,-0.3348,0.0422,-0.0198
target,266,-0.5000,-1.0000,1.3000,0.5000
param,266,1.0611,0.4471,0.9554,-0.0000
pos,267,-0.3740,0.2233,1.2180,0.5484
input,267,0.3986,-0.3348,0.0422,-0.0198
target,267,-0.5000,-1.0000,1.3000,0.5000
param,267,1.0611,0.4471,0.9554,-0.0000
pos,268,-0.3651,0.2103,1.2166,0.5518
input,268,0.3921,-0.3448,0.0392,-0.0173
target,268,-0.5000,-1.0000,1.3000,0.5000
param,268,1.0611,0.4471,0.9554,-0.0000
pos,269,-0.3574,0.1992,1.2154,0.5548
input,269,0.3921,-0.3448,0.0392,-0.0173
target,269,-0.5000,-1.0000,1.3000,0.5000
param,269,1.0611,0.4471,0.9554,-0.0000
pos,270,-0.3502,0.1888,1.2143,0.5575
input,270,0.3864,-0.3534,0.0364,-0.0148
target,270,-0.5000,-1.0000,1.3000,0.5000
param,270,1.0611,0.4471,0.9554,-0.0000
pos,271,-0.3443,0.1799,1.2134,0.5597
input,271,0.3864,-0.3534,0.0364,-0.0148
target,271,-0.5000,-1.0000,1.3000,0.5000
param,271,1.0611,0.4471,0.9554,-0.0000
pos,272,-0.3365,0.1670,1.2118,0.5620
input,272,0.3823,-0.3595,0.0342,-0.0126
target,272,-0.5000,-1.0000,1.3000,0.5000
param,272,1.0611,0.4471,0.9554,-0.0000
pos,273,-0.3294,0.1549,1.2105,0.5657
input,273,0.3823,-0.3595,0.0342,-0.0126
target,273,-0.5000,-1.0000,1.3000,0.5000
param,273,1.0611,0.4471,0.9554,-0.0000
pos,274,-0.3233,0.1445,1.2094,0.5688
input,274,0.3766,-0.3674,0.0302,-0.0101
target,274,-0.5000,-1.0000,1.3000,0.5000
param,274,1.0611,0.4471,0.9554,-0.0000
pos,275,-0.3182,0.1354,1.2084,0.5715
input,275,0.3766,-0.3674,0.0302,-0.0101
target,275,-0.5000,-1.0000,1.3000,0.5000
param,275,1.0611,0.4471,0.9554,-0.0000
pos,276,-0.3139,0.1276,1.2075,0.5738
input,276,0.3725,-0.3732,0.0270,-0.0078
target,276,-0.5000,-1.0000,1.3000,0.5000
param,276,1.0611,0.4471,0.9554,-0.0000
pos,277,-0.3070,0.1138,1.2060,0.5769
input,277,0.3725,-0.3732,0.0270,-0.0078
target,277,-0.5000,-1.0000,1.3000,0.5000
param,277,1.0611,0.4471,0.9554,-0.0000
pos,278,-0.3005,0.1010,1.2046,0.5799
input,278,0.3679,-0.3792,0.0234,-0.0054
target,278,-0.5000,-1.0000,1.3000,0.5000
param,278,1.0611,0.4471,0.9554,-0.0000
pos,279,-0.2943,0.0876,1.2032,0.5811
input,279,0.3679,-0.3792,0.0234,-0.0054
target,279,-0.5000,-1.0000,1.3000,0.5000
param,279,1.0611,0.4471,0.9554,-0.0000
pos,280,-0.2889,0.0761,1.2019,0.5818
input,280,0.3620,-0.3859,0.0200,-0.0026
target,280,-0.5000,-1.0000,1.3000,0.5000
param,280,1.0611,0.4471,0.9554,-0.0000
pos,281,-0.2844,0.0663,1.2009,0.5820
input,281,0.3620,-0.3859,0.0200,-0.0026
target,281,-0.5000,-1.0000,1.3000,0.5000
param,281,1.0611,0.4471,0.9554,-0.0000
pos,282,-0.2807,0.0577,1.2001,0.5817
input,282,0.3620,-0.3859,0.0200,-0.0026
target,282,-0.5000,-1.0000,1.3000,0.5000
param,282,1.0611,0.4471,0.9554,-0.0000
pos,283,-0.2775,0.0504,1.1993,0.5812
input,283,0.3569,-0.3905,0.0193,0.0007
target,283,-0.5000,-1.0000,1.3000,0.5000
param,283,1.0611,0.4471,0.9554,-0.0000
pos,284,-0.2713,0.0353,1.1979,0.5838
input,284,0.3569,-0.3905,0.0193,0.0007
target,284,-0.5000,-1.0000,1.3000,0.5000
param,284,1.0611,0.4471,0.9554,-0.0000
pos,285,-0.2662,0.0223,1.1967,0.5859
input,285,0.3569,-0.3905,0.0193,0.0007
target,285,-0.5000,-1.0000,1.3000,0.5000
param,285,1.0611,0.4471,0.9554,-0.0000
pos,286,-0.2619,0.0110,1.1957,0.5874
input,286,0.3492,-0.3981,0.0143,0.0045
target,286,-0.5000,-1.0000,1.3000,0.5000
param,286,1.0611,0.4471,0.9554,-0.0000
pos,287,-0.2582,0.0014,1.1948,0.5883
input,287,0.3492,-0.3981,0.0143,0.0045
target,287,-0.5000,-1.0000,1.3000,0.5000
param,287,1.0611,0.4471,0.9554,-0.0000
pos,288,-0.2553,-0.0070,1.1941,0.5888
input,288,0.3492,-0.3981,0.0143,0.0045
target,288,-0.5000,-1.0000,1.3000,0.5000
param,288,1.0611,0.4471,0.9554,-0.0000
pos,289,-0.2529,-0.0142,1.1935,0.5891
input,289,0.3434,-0.4033,0.0113,0.0083
target,289,-0.5000,-1.0000,1.3000,0.5000
param,289,1.0611,0.4471,0.9554,-0.0000
pos,290,-0.2510,-0.0206,1.1930,0.5892
input,290,0.3434,-0.4033,0.0113,0.0083
target,290,-0.5000,-1.0000,1.3000,0.5000
param,290,1.0611,0.4471,0.9554,-0.0000
pos,291,-0.2494,-0.0260,1.1926,0.5889
input,291,0.3434,-0.4033,0.0113,0.0083
target,291,-0.5000,-1.0000,1.3000,0.5000
param,291,1.0611,0.4471,0.9554,-0.0000
pos,292,-0.2483,-0.0308,1.1922,0.5886
input,292,0.3434,-0.4033,0.0113,0.0083
target,292,-0.5000,-1.0000,1.3000,0.5000
param,292,1.0611,0.4471,0.9554,-0.0000
pos,293,-0.2475,-0.0350,1.1919,0.5880
input,293,0.3434,-0.4033,0.0113,0.0083
target,293,-0.5000,-1.0000,1.3000,0.5000
param,293,1.0611,0.4471,0.9554,-0.0000
pos,294,-0.2469,-0.0385,1.1916,0.5873
input,294,0.3434,-0.4033,0.0113,0.0083
target,294,-0.5000,-1.0000,1.3000,0.5000
param,294,1.0611,0.4471,0.9554,-0.0000
pos,295,-0.2467,-0.0417,1.1914,0.5864
input,295,0.3434,-0.4033,0.0113,0.0083
target,295,-0.5000,-1.0000,1.3000,0.5000
param,295,1.0611,0.4471,0.9554,-0.0000
pos,296,-0.2465,-0.0444,1.1913,0.5854
input,296,0.3434,-0.4033,0.0113,0.0083
target,296,-0.5000,-1.0000,1.3000,0.5000
param,296,1.0611,0.4471,0.9554,-0.0000
pos,297,-0.2466,-0.0467,1.1912,0.5843
input,297,0.3434,-0.4033,0.0113,0.0083
target,297,-0.5000,-1.0000,1.3000,0.5000
param,297,1.0611,0.4471,0.9554,-0.0000
pos,298,-0.2467,-0.0488,1.1911,0.5832
input,298,0.3434,-0.4033,0.0113,0.0083
target,298,-0.5000,-1.0000,1.3000,0.5000
param,298,1.0611,0.4471,0.9554,-0.0000
pos,299,-0.2402,-0.0791,1.1897,0.5906
input,299,0.3469,-0.3963,0.0175,0.0123
target,299,-0.5000,-1.0000,1.3000,0.5000
param,299,1.0611,0.4471,0.9554,-0.0000
pos,300,-0.2344,-0.1065,1.1887,0.5976
input,300,0.3364,-0.4063,0.0062,0.0146
target,300,-0.5000,-1.0000,1.3000,0.5000
param,300,1.0611,0.4471,0.9554,-0.0000
pos,301,-0.2294,-0.1323,1.1879,0.6043
input,301,0.3259,-0.4156,-0.0010,0.0184
target,301,-0.5000,-1.0000,1.3000,0.5000
param,301,1.0611,0.4471,0.9554,-0.0000
pos,302,-0.2248,-0.1574,1.1874,0.6103
input,302,0.3155,-0.4241,-0.0086,0.0220
target,302,-0.5000,-1.0000,1.3000,0.5000
param,302,1.0611,0.4471,0.9554,-0.0000
pos,303,-0.2210,-0.1791,1.1871,0.6149
input,303,0.3051,-0.4318,-0.0160,0.0256
target,303,-0.5000,-1.0000,1.3000,0.5000
param,303,1.0611,0.4471,0.9554,-0.0000
pos,304,-0.2177,-0.1977,1.1870,0.6183
input,304,0.2960,-0.4380,-0.0220,0.0288
target,304,-0.5000,-1.0000,1.3000,0.5000
param,304,1.0611,0.4471,0.9554,-0.0000
pos,305,-0.2147,-0.2188,1.1869,0.6213
input,305,0.2882,-0.4429,-0.0268,0.0315
target,305,-0.5000,-1.0000,1.3000,0.5000
param,305,1.0611,0.4471,0.9554,-0.0000
pos,306,-0.2120,-0.2389,1.1871,0.6241
input,306,0.2793,-0.4480,-0.0321,0.0343
target,306,-0.5000,-1.0000,1.3000,0.5000
param,306,1.0611,0.4471,0.9554,-0.0000
pos,307,-0.2097,-0.2574,1.1874,0.6268
input,307,0.2706,-0.4526,-0.0373,0.0371
target,307,-0.5000,-1.0000,1.3000,0.5000
param,307,1.0611,0.4471,0.9554,-0.0000
pos,308,-0.2078,-0.2734,1.1877,0.6287
input,308,0.2624,-0.4567,-0.0424,0.0397
target,308,-0.5000,-1.0000,1.3000,0.5000
param,308,1.0611,0.4471,0.9554,-0.0000
pos,309,-0.2063,-0.2871,1.1882,0.6298
input,309,0.2557,-0.4598,-0.0462,0.0420
target,309,-0.5000,-1.0000,1.3000,0.5000
param,309,1.0611,0.4471,0.9554,-0.0000
pos,310,-0.2050,-0.2989,1.1886,0.6301
input,310,0.2557,-0.4598,-0.0462,0.0420
target,310,-0.5000,-1.0000,1.3000,0.5000
param,310,1.0611,0.4471,0.9554,-0.0000
pos,311,-0.2040,-0.3194,1.1893,0.6319
input,311,0.2461,-0.4635,-0.0510,0.0448
target,311,-0.5000,-1.0000,1.3000,0.5000
param,311,1.0611,0.4471,0.9554,-0.0000
pos,312,-0.2031,-0.3393,1.1902,0.6346
input,312,0.2367,-0.4672,-0.0565,0.0478
target,312,-0.5000,-1.0000,1.3000,0.5000
param,312,1.0611,0.4471,0.9554,-0.0000
pos,313,-0.2024,-0.3564,1.1910,0.6365
input,313,0.2268,-0.4708,-0.0634,0.0507
target,313,-0.5000,-1.0000,1.3000,0.5000
param,313,1.0611,0.4471,0.9554,-0.0000
pos,314,-0.2021,-0.3741,1.1919,0.6372
input,314,0.2187,-0.4735,-0.0686,0.0533
target,314,-0.5000,-1.0000,1.3000,0.5000
param,314,1.0611,0.4471,0.9554,-0.0000
pos,315,-0.2021,-0.3917,1.1928,0.6382
input,315,0.2106,-0.4758,-0.0729,0.0559
target,315,-0.5000,-1.0000,1.3000,0.5000
param,315,1.0612,0.4471,0.9554,-0.0000
pos,316,-0.2020,-0.4077,1.1939,0.6389
input,316,0.2025,-0.4779,-0.0778,0.0586
target,316,-0.5000,-1.0000,1.3000,0.5000
param,316,1.0612,0.4471,0.9554,-0.0000
pos,317,-0.2026,-0.4256,1.1949,0.6392
input,317,0.1951,-0.4795,-0.0821,0.0610
target,317,-0.5000,-1.0000,1.3000,0.5000
param,317,1.0612,0.4471,0.9554,-0.0000
pos,318,-0.2034,-0.4421,1.1961,0.6380
input,318,0.1934,-0.4719,-0.0904,0.0629
target,318,-0.5000,-1.0000,1.3000,0.5000
param,318,1.0612,0.4471,0.9554,-0.0000
pos,319,-0.2043,-0.4584,1.1973,0.6367
input,319,0.1796,-0.4825,-0.0889,0.0665
target,319,-0.5000,-1.0000,1.3000,0.5000
param,319,1.0612,0.4471,0.9554,-0.0000
pos,320,-0.2053,-0.4725,1.1985,0.6347
input,320,0.1728,-0.4834,-0.0911,0.0691
target,320,-0.5000,-1.0000,1.3000,0.5000
param,320,1.0612,0.4471,0.9554,-0.0000
pos,321,-0.2062,-0.4845,1.1997,0.6322
input,321,0.1728,-0.4834,-0.0911,0.0691
target,321,-0.5000,-1.0000,1.3000,0.5000
param,321,1.0612,0.4471,0.9554,-0.0000
pos,322,-0.2078,-0.5024,1.2009,0.6318
input,322,0.1650,-0.4837,-0.0903,0.0727
target,322,-0.5000,-1.0000,1.3000,0.5000
param,322,1.0612,0.4471,0.9554,-0.0000
pos,323,-0.2094,-0.5187,1.2021,0.6311
input,323,0.1559,-0.4845,-0.0957,0.0762
target,323,-0.5000,-1.0000,1.3000,0.5000
param,323,1.0612,0.4471,0.9554,-0.0000
pos,324,-0.2112,-0.5350,1.2032,0.6306
input,324,0.1479,-0.4851,-0.0997,0.0797
target,324,-0.5000,-1.0000,1.3000,0.5000
param,324,1.0612,0.4471,0.9554,-0.0000
pos,325,-0.2132,-0.5511,1.2044,0.6296
input,325,0.1396,-0.4853,-0.1045,0.0834
target,325,-0.5000,-1.0000,1.3000,0.5000
param,325,1.0612,0.4471,0.9554,-0.0000
pos,326,-0.2155,-0.5683,1.2056,0.6302
input,326,0.1316,-0.4852,-0.1089,0.0873
target,326,-0.5000,-1.0000,1.3000,0.5000
param,326,1.0612,0.4471,0.9554,-0.0000
pos,327,-0.2177,-0.5840,1.2069,0.6291
input,327,0.1209,-0.4849,-0.1175,0.0916
target,327,-0.5000,-1.0000,1.3000,0.5000
param,327,1.0612,0.4471,0.9554,-0.0000
pos,328,-0.2201,-0.5996,1.2081,0.6291
input,328,0.1089,-0.4678,-0.1178,0.0930
target,328,-0.5000,-1.0000,1.3000,0.5000
param,328,1.0612,0.4471,0.9554,-0.0000
pos,329,-0.2230,-0.6161,1.2093,0.6293
input,329,0.0945,-0.4412,-0.1207,0.0926
target,329,-0.5000,-1.0000,1.3000,0.5000
param,329,1.0612,0.4471,0.9554,-0.0000
pos,330,-0.2259,-0.6322,1.2105,0.6282
input,330,0.0795,-0.4140,-0.1250,0.0922
target,330,-0.5000,-1.0000,1.3000,0.5000
param,330,1.0612,0.4471,0.9554,-0.0000
pos,331,-0.2294,-0.6481,1.2117,0.6266
input,331,0.0669,-0.3869,-0.1251,0.0918
target,331,-0.5000,-1.0000,1.3000,0.5000
param,331,1.0612,0.4471,0.9554,-0.0000
pos,332,-0.2333,-0.6640,1.2129,0.6249
input,332,0.0554,-0.3604,-0.1241,0.0910
target,332,-0.5000,-1.0000,1.3000,0.5000
param,332,1.0612,0.4471,0.9554,-0.0000
pos,333,-0.2373,-0.6788,1.2141,0.6227
input,333,0.0446,-0.3346,-0.1223,0.0899
target,333,-0.5000,-1.0000,1.3000,0.5000
param,333,1.0612,0.4471,0.9554,-0.0000
pos,334,-0.2421,-0.6946,1.2154,0.6206
input,334,0.0360,-0.3110,-0.1192,0.0886
target,334,-0.5000,-1.0000,1.3000,0.5000
param,334,1.0612,0.4471,0.9554,-0.0000
pos,335,-0.2472,-0.7102,1.2167,0.6187
input,335,0.0264,-0.2866,-0.1161,0.0870
target,335,-0.5000,-1.0000,1.3000,0.5000
param,335,1.0612,0.4471,0.9554,-0.0000
pos,336,-0.2526,-0.7257,1.2180,0.6163
input,336,0.0173,-0.2633,-0.1132,0.0854
target,336,-0.5000,-1.0000,1.3000,0.5000
param,336,1.0612,0.4471,0.9554,-0.0000
pos,337,-0.2583,-0.7409,1.2193,0.6135
input,337,0.0090,-0.2408,-0.1092,0.0837
target,337,-0.5000,-1.0000,1.3000,0.5000
param,337,1.0612,0.4471,0.9554,-0.0000
pos,338,-0.2637,-0.7555,1.2207,0.6133
input,338,0.0096,-0.2366,-0.1096,0.0829
target,338,-0.5000,-1.0000,1.3000,0.5000
param,338,1.0612,0.4471,0.9554,-0.0000
pos,339,-0.2700,-0.7707,1.2220,0.6104
input,339,-0.0071,-0.1994,-0.1041,0.0799
target,339,-0.5000,-1.0000,1.3000,0.5000
param,339,1.0612,0.4471,0.9554,-0.0000
pos,340,-0.2763,-0.7857,1.2234,0.6080
input,340,-0.0140,-0.1789,-0.0986,0.0780
target,340,-0.5000,-1.0000,1.3000,0.5000
param,340,1.0612,0.4471,0.9554,-0.0000
pos,341,-0.2828,-0.8008,1.2248,0.6062
input,341,-0.0209,-0.1595,-0.0941,0.0759
target,341,-0.5000,-1.0000,1.3000,0.5000
param,341,1.0612,0.4471,0.9554,-0.0000
pos,342,-0.2894,-0.8158,1.2261,0.6053
input,342,-0.0279,-0.1406,-0.0907,0.0738
target,342,-0.5000,-1.0000,1.3000,0.5000
param,342,1.0612,0.4471,0.9554,-0.0000
pos,343,-0.2959,-0.8296,1.2275,0.6038
input,343,-0.0353,-0.1226,-0.0890,0.0716
target,343,-0.5000,-1.0000,1.3000,0.5000
param,343,1.0612,0.4471,0.9554,-0.0000
pos,344,-0.3031,-0.8442,1.2289,0.6009
input,344,-0.0409,-0.1067,-0.0860,0.0696
target,344,-0.5000,-1.0000,1.3000,0.5000
param,344,1.0612,0.4471,0.9554,-0.0000
pos,345,-0.3108,-0.8586,1.2302,0.5971
input,345,-0.0461,-0.0897,-0.0802,0.0674
target,345,-0.5000,-1.0000,1.3000,0.5000
param,345,1.0612,0.4471,0.9554,-0.0000
pos,346,-0.3185,-0.8729,1.2315,0.5932
input,346,-0.0507,-0.0730,-0.0729,0.0653
target,346,-0.5000,-1.0000,1.3000,0.5000
param,346,1.0612,0.4471,0.9554,-0.0000
pos,347,-0.3265,-0.8869,1.2329,0.5889
input,347,-0.0552,-0.0572,-0.0657,0.0632
target,347,-0.5000,-1.0000,1.3000,0.5000
param,347,1.0612,0.4471,0.9554,-0.0000
pos,348,-0.3345,-0.9010,1.2343,0.5856
input,348,-0.0591,-0.0421,-0.0579,0.0611
target,348,-0.5000,-1.0000,1.3000,0.5000
param,348,1.0612,0.4471,0.9554,-0.0000
pos,349,-0.3425,-0.9148,1.2357,0.5829
input,349,-0.0638,-0.0277,-0.0523,0.0590
target,349,-0.5000,-1.0000,1.3000,0.5000
param,349,1.0612,0.4471,0.9554,-0.0000
pos,350,-0.3508,-0.9284,1.2371,0.5794
input,350,-0.0685,-0.0139,-0.0483,0.0568
target,350,-0.5000,-1.0000,1.3000,0.5000
param,350,1.0612,0.4471,0.9554,-0.0000
pos,351,-0.3587,-0.9408,1.2384,0.5752
input,351,-0.0724,-0.0009,-0.0425,0.0548
target,351,-2.0000,-1.0000,1.3000,0.5000
param,351,1.0612,0.4471,0.9554,-0.0000
pos,352,-0.3664,-0.9535,1.2398,0.5727
input,352,-0.3187,-0.5053,-0.0071,0.0157
target,352,-2.0000,-1.0000,1.3000,0.5000
param,352,1.0612,0.4471,0.9554,-0.0000
pos,353,-0.3744,-0.9661,1.2411,0.5706
input,353,-0.3226,-0.5037,-0.0017,0.0316
target,353,-2.0000,-1.0000,1.3000,0.5000
param,353,1.0612,0.4471,0.9554,-0.0000
pos,354,-0.3831,-0.9794,1.2425,0.5681
input,354,-0.3226,-0.5037,-0.0017,0.0316
target,354,-2.0000,-1.0000,1.3000,0.5000
param,354,1.0612,0.4471,0.9554,-0.0000
pos,355,-0.3919,-0.9924,1.2439,0.5653
input,355,-0.3290,-0.5002,-0.0031,0.0310
target,355,-2.0000,-1.0000,1.3000,0.5000
param,355,1.0612,0.4471,0.9554,-0.0000
pos,356,-0.4002,-1.0041,1.2452,0.5615
input,356,-0.3290,-0.5002,-0.0031,0.0310
target,356,-2.0000,-1.0000,1.3000,0.5000
param,356,1.0612,0.4471,0.9554,-0.0000
pos,357,-0.4086,-1.0157,1.2466,0.5579
input,357,-0.3290,-0.5002,-0.0031,0.0310
target,357,-2.0000,-1.0000,1.3000,0.5000
param,357,1.0612,0.4471,0.9554,-0.0000
pos,358,-0.4170,-1.0272,1.2479,0.5546
input,358,-0.3378,-0.4952,-0.0036,0.0302
target,358,-2.0000,-1.0000,1.3000,0.5000
param,358,1.0612,0.4471,0.9554,-0.0000
pos,359,-0.4259,-1.0391,1.2492,0.5511
input,359,-0.3378,-0.4952,-0.0036,0.0302
target,359,-2.0000,-1.0000,1.3000,0.5000
param,359,1.0612,0.4471,0.9554,-0.0000
pos,360,-0.4340,-1.0497,1.2505,0.5476
input,360,-0.3439,-0.4916,-0.0043,0.0299
target,360,-2.0000,-1.0000,1.3000,0.5000
param,360,1.0612,0.4471,0.9554,-0.0000
pos,361,-0.4419,-1.0598,1.2516,0.5433
input,361,-0.3439,-0.4916,-0.0043,0.0299
target,361,-2.0000,-1.0000,1.3000,0.5000
param,361,1.0612,0.4471,0.9554,-0.0000
pos,362,-0.4495,-1.0695,1.2528,0.5397
input,362,-0.3439,-0.4916,-0.0043,0.0299
target,362,-2.0000,-1.0000,1.3000,0.5000
param,362,1.0612,0.4471,0.9554,-0.0000
pos,363,-0.4570,-1.0787,1.2538,0.5354
input,363,-0.3525,-0.4864,-0.0045,0.0292
target,363,-2.0000,-1.0000,1.3000,0.5000
param,363,1.0612,0.4471,0.9554,-0.0000
pos,364,-0.4648,-1.0884,1.2549,0.5323
input,364,-0.3525,-0.4864,-0.0045,0.0292
target,364,-2.0000,-1.0000,1.3000,0.5000
param,364,1.0612,0.4471,0.9554,-0.0000
pos,365,-0.4724,-1.0977,1.2559,0.5291
input,365,-0.3587,-0.4825,-0.0049,0.0289
target,365,-2.0000,-1.0000,1.3000,0.5000
param,365,1.0612,0.4471,0.9554,-0.0000
pos,366,-0.4793,-1.1060,1.2568,0.5265
input,366,-0.3587,-0.4825,-0.0049,0.0289
target,366,-2.0000,-1.0000,1.3000,0.5000
param,366,1.0612,0.4471,0.9554,0.0000
pos,367,-0.4861,-1.1140,1.2576,0.5234
input,367,-0.3653,-0.4782,-0.0060,0.0285
target,367,-2.0000,-1.0000,1.3000,0.5000
param,367,1.0612,0.4471,0.9554,0.0000
pos,368,-0.4931,-1.1216,1.2583,0.5190
input,368,-0.3653,-0.4782,-0.0060,0.0285
target,368,-2.0000,-1.0000,1.3000,0.5000
param,368,1.0612,0.4471,0.9554,0.0000
pos,369,-0.5001,-1.1292,1.2589,0.5146
input,369,-0.3714,-0.4740,-0.0059,0.0282
target,369,-2.0000,-1.0000,1.3000,0.5000
param,369,1.0612,0.4471,0.9554,0.0000
pos,370,-0.5076,-1.1373,1.2595,0.5134
input,370,-0.3714,-0.4740,-0.0059,0.0282
target,370,-2.0000,-1.0000,1.3000,0.5000
param,370,1.0612,0.4471,0.9554,0.0000
pos,371,-0.5152,-1.1447,1.2601,0.5106
input,371,-0.3784,-0.4690,-0.0070,0.0278
target,371,-2.0000,-1.0000,1.3000,0.5000
param,371,1.0612,0.4471,0.9554,0.0000
pos,372,-0.5228,-1.1519,1.2606,0.5078
input,372,-0.3784,-0.4690,-0.0070,0.0278
target,372,-2.0000,-1.0000,1.3000,0.5000
param,372,1.0612,0.4471,0.9554,0.0000
pos,373,-0.5304,-1.1586,1.2610,0.5042
input,373,-0.3858,-0.4636,-0.0079,0.0274
target,373,-2.0000,-1.0000,1.3000,0.5000
param,373,1.0612,0.4471,0.9554,0.0000
pos,374,-0.5377,-1.1646,1.2613,0.4997
input,374,-0.3858,-0.4636,-0.0079,0.0274
target,374,-2.0000,-1.0000,1.3000,0.5000
param,374,1.0612,0.4471,0.9554,0.0000
pos,375,-0.5458,-1.1711,1.2617,0.4971
input,375,-0.3924,-0.4584,-0.0068,0.0272
target,375,-2.0000,-1.0000,1.3000,0.5000
param,375,1.0612,0.4471,0.9554,0.0000
pos,376,-0.5540,-1.1773,1.2620,0.4946
input,376,-0.3924,-0.4584,-0.0068,0.0272
target,376,-2.0000,-1.0000,1.3000,0.5000
param,376,1.0612,0.4471,0.9554,0.0000
pos,377,-0.5624,-1.1832,1.2623,0.4921
input,377,-0.4004,-0.4519,-0.0076,0.0267
target,377,-2.0000,-1.0000,1.3000,0.5000
param,377,1.0612,0.4471,0.9554,0.0000
pos,378,-0.5702,-1.1885,1.2625,0.4901
input,378,-0.4004,-0.4519,-0.0076,0.0267
target,378,-2.0000,-1.0000,1.3000,0.5000
param,378,1.0612,0.4471,0.9554,0.0000
pos,379,-0.5783,-1.1936,1.2627,0.4878
input,379,-0.4086,-0.4448,-0.0084,0.0262
target,379,-2.0000,-1.0000,1.3000,0.5000
param,379,1.0612,0.4471,0.9554,0.0000
pos,380,-0.5875,-1.1989,1.2629,0.4859
input,380,-0.4086,-0.4448,-0.0084,0.0262
target,380,-2.0000,-1.0000,1.3000,0.5000
param,380,1.0612,0.4471,0.9554,0.0000
pos,381,-0.5961,-1.2035,1.2630,0.4837
input,381,-0.4172,-0.4370,-0.0090,0.0257
target,381,-2.0000,-1.0000,1.3000,0.5000
param,381,1.0611,0.4471,0.9554,0.0000
pos,382,-0.6049,-1.2081,1.2630,0.4846
input,382,-0.4172,-0.4370,-0.0090,0.0257
target,382,-2.0000,-1.0000,1.3000,0.5000
param,382,1.0611,0.4471,0.9554,0.0000
pos,383,-0.6277,-1.2158,1.2627,0.4832
input,383,-0.4266,-0.4279,-0.0113,0.0251
target,383,-2.0000,-1.0000,1.3000,0.5000
param,383,1.0611,0.4471,0.9554,0.0000
pos,384,-0.6490,-1.2235,1.2626,0.4862
input,384,-0.4266,-0.4279,-0.0113,0.0251
target,384,-2.0000,-1.0000,1.3000,0.5000
param,384,1.0611,0.4471,0.9554,0.0000
pos,385,-0.6685,-1.2297,1.2626,0.4843
input,385,-0.4364,-0.4177,-0.0145,0.0243
target,385,-2.0000,-1.0000,1.3000,0.5000
param,385,1.0611,0.4471,0.9554,0.0000
pos,386,-0.6880,-1.2358,1.2623,0.4820
input,386,-0.4364,-0.4177,-0.0145,0.0243
target,386,-2.0000,-1.0000,1.3000,0.5000
param,386,1.0611,0.4471,0.9554,0.0000
pos,387,-0.7059,-1.2411,1.2621,0.4795
input,387,-0.4433,-0.4098,-0.0124,0.0238
target,387,-2.0000,-1.0000,1.3000,0.5000
param,387,1.0611,0.4471,0.9554,0.0000
pos,388,-0.7231,-1.2462,1.2618,0.4772
input,388,-0.4433,-0.4098,-0.0124,0.0238
target,388,-2.0000,-1.0000,1.3000,0.5000
param,388,1.0611,0.4471,0.9554,0.0000
pos,389,-0.7410,-1.2511,1.2615,0.4742
input,389,-0.4492,-0.4027,-0.0095,0.0235
target,389,-2.0000,-1.0000,1.3000,0.5000
param,389,1.0611,0.4471,0.9554,0.0000
pos,390,-0.7581,-1.2558,1.2614,0.4736
input,390,-0.4492,-0.4027,-0.0095,0.0235
target,390,-2.0000,-1.0000,1.3000,0.5000
param,390,1.0611,0.4471,0.9554,0.0000
pos,391,-0.7749,-1.2599,1.2612,0.4728
input,391,-0.4554,-0.3949,-0.0075,0.0230
target,391,-2.0000,-1.0000,1.3000,0.5000
param,391,1.0611,0.4471,0.9554,0.0000
pos,392,-0.7905,-1.2637,1.2609,0.4717
input,392,-0.4554,-0.3949,-0.0075,0.0230
target,392,-2.0000,-1.0000,1.3000,0.5000
param,392,1.0611,0.4471,0.9554,0.0000
pos,393,-0.8071,-1.2673,1.2605,0.4686
input,393,-0.4613,-0.3870,-0.0065,0.0226
target,393,-2.0000,-1.0000,1.3000,0.5000
param,393,1.0611,0.4471,0.9554,0.0000
pos,394,-0.8236,-1.2703,1.2601,0.4659
input,394,-0.4613,-0.3870,-0.0065,0.0226
target,394,-2.0000,-1.0000,1.3000,0.5000
param,394,1.0611,0.4471,0.9554,0.0000
pos,395,-0.8398,-1.2732,1.2597,0.4643
input,395,-0.4659,-0.3800,-0.0016,0.0225
target,395,-2.0000,-1.0000,1.3000,0.5000
param,395,1.0611,0.4471,0.9554,0.0000
pos,396,-0.8548,-1.2756,1.2593,0.4629
input,396,-0.4659,-0.3800,-0.0016,0.0225
target,396,-2.0000,-1.0000,1.3000,0.5000
param,396,1.0611,0.4471,0.9554,0.0000
pos,397,-0.8699,-1.2778,1.2589,0.4619
input,397,-0.4708,-0.3726,0.0009,0.0224
target,397,-2.0000,-1.0000,1.3000,0.5000
param,397,1.0611,0.4471,0.9554,0.0000
pos,398,-0.8862,-1.2797,1.2585,0.4602
input,398,-0.4708,-0.3726,0.0009,0.0224
target,398,-2.0000,-1.0000,1.3000,0.5000
param,398,1.0611,0.4471,0.9554,0.0000
pos,399,-0.9012,-1.2813,1.2582,0.4586
input,399,-0.4755,-0.3648,0.0035,0.0224
target,399,-2.0000,-1.0000,1.3000,0.5000
param,399,1.0611,0.4471,0.9554,0.0000
pos,400,-0.9164,-1.2829,1.2579,0.4580
input,400,-0.4755,-0.3648,0.0035,0.0224
target,400,-2.0000,-1.0000,1.3000,0.5000
param,400,1.0611,0.4471,0.9554,0.0000
pos,401,-0.9316,-1.2841,1.2575,0.4577
input,401,-0.4802,-0.3568,0.0057,0.0223
target,401,-2.0000,-1.0000,1.3000,0.5000
param,401,1.0611,0.4471,0.9554,0.0000
pos,402,-0.9470,-1.2852,1.2571,0.4567
input,402,-0.4802,-0.3568,0.0057,0.0223
target,402,-2.0000,-1.0000,1.3000,0.5000
param,402,1.0611,0.4471,0.9554,0.0000
pos,403,-0.9625,-1.2859,1.2567,0.4557
input,403,-0.4850,-0.3482,0.0074,0.0224
target,403,-2.0000,-1.0000,1.3000,0.5000
param,403,1.0611,0.4471,0.9554,0.0000
pos,404,-0.9793,-1.2861,1.2562,0.4542
input,404,-0.4850,-0.3482,0.0074,0.0224
target,404,-2.0000,-1.0000,1.3000,0.5000
param,404,1.0611,0.4471,0.9554,0.0000
pos,405,-0.9961,-1.2860,1.2558,0.4525
input,405,-0.4895,-0.3392,0.0107,0.0226
target,405,-2.0000,-1.0000,1.3000,0.5000
param,405,1.0611,0.4471,0.9554,0.0000
pos,406,-1.0128,-1.2857,1.2552,0.4507
input,406,-0.4895,-0.3392,0.0107,0.0226
target,406,-2.0000,-1.0000,1.3000,0.5000
param,406,1.0611,0.4471,0.9554,0.0000
pos,407,-1.0293,-1.2852,1.2547,0.4494
input,407,-0.4802,-0.3315,0.0151,0.0226
target,407,-2.0000,-1.0000,1.3000,0.5000
param,407,1.0611,0.4471,0.9554,0.0000
pos,408,-1.0293,-1.2852,1.2547,0.4494
input,408,-0.4843,-0.3223,0.0200,0.0232
target,408,-2.0000,-1.0000,1.3000,0.5000
param,408,1.0611,0.4471,0.9554,0.0000
pos,409,-1.0639,-1.2833,1.2536,0.4460
input,409,-0.4755,-0.3151,0.0242,0.0233
target,409,-2.0000,-1.0000,1.3000,0.5000
param,409,1.0611,0.4471,0.9554,0.0000
pos,410,-1.0805,-1.2819,1.2529,0.4447
input,410,-0.4755,-0.3151,0.0242,0.0233
target,410,-2.0000,-1.0000,1.3000,0.5000
param,410,1.0611,0.4471,0.9554,0.0000
pos,411,-1.0972,-1.2803,1.2523,0.4429
input,411,-0.4904,-0.3071,0.0267,0.0246
target,411,-2.0000,-1.0000,1.3000,0.5000
param,411,1.0611,0.4471,0.9554,0.0000
pos,412,-1.1128,-1.2787,1.2516,0.4412
input,412,-0.4904,-0.3071,0.0267,0.0246
target,412,-2.0000,-1.0000,1.3000,0.5000
param,412,1.0611,0.4471,0.9554,0.0000
pos,413,-1.1297,-1.2767,1.2508,0.4401
input,413,-0.5034,-0.3039,0.0285,0.0253
target,413,-2.0000,-1.0000,1.3000,0.5000
param,413,1.0611,0.4471,0.9554,0.0000
pos,414,-1.1467,-1.2743,1.2500,0.4382
input,414,-0.5069,-0.2924,0.0343,0.0268
target,414,-2.0000,-1.0000,1.3000,0.5000
param,414,1.0611,0.4471,0.9554,0.0000
pos,415,-1.1625,-1.2720,1.2492,0.4368
input,415,-0.5085,-0.2862,0.0390,0.0277
target,415,-2.0000,-1.0000,1.3000,0.5000
param,415,1.0611,0.4471,0.9554,0.0000
pos,416,-1.1797,-1.2693,1.2484,0.4354
input,416,-0.5101,-0.2800,0.0422,0.0287
target,416,-2.0000,-1.0000,1.3000,0.5000
param,416,1.0611,0.4471,0.9554,0.0000
pos,417,-1.1968,-1.2663,1.2475,0.4335
input,417,-0.5118,-0.2727,0.0456,0.0298
target,417,-2.0000,-1.0000,1.3000,0.5000
param,417,1.0611,0.4471,0.9554,-0.0000
pos,418,-1.2139,-1.2630,1.2466,0.4317
input,418,-0.5132,-0.2654,0.0502,0.0311
target,418,-2.0000,-1.0000,1.3000,0.5000
param,418,1.0611,0.4471,0.9554,-0.0000
pos,419,-1.2311,-1.2596,1.2456,0.4301
input,419,-0.5145,-0.2576,0.0548,0.0326
target,419,-2.0000,-1.0000,1.3000,0.5000
param,419,1.0611,0.4471,0.9554,-0.0000
pos,420,-1.2468,-1.2564,1.2445,0.4296
input,420,-0.5157,-0.2492,0.0594,0.0343
target,420,-2.0000,-1.0000,1.3000,0.5000
param,420,1.0611,0.4471,0.9554,-0.0000
pos,421,-1.2641,-1.2526,1.2435,0.4280
input,421,-0.5065,-0.2424,0.0631,0.0356
target,421,-2.0000,-1.0000,1.3000,0.5000
param,421,1.0611,0.4471,0.9554,-0.0000
pos,422,-1.2801,-1.2489,1.2425,0.4268
input,422,-0.5180,-0.2318,0.0675,0.0382
target,422,-2.0000,-1.0000,1.3000,0.5000
param,422,1.0611,0.4471,0.9554,-0.0000
pos,423,-1.2975,-1.2446,1.2414,0.4250
input,423,-0.5187,-0.2227,0.0722,0.0404
target,423,-2.0000,-1.0000,1.3000,0.5000
param,423,1.0611,0.4471,0.9554,-0.0000
pos,424,-1.3150,-1.2400,1.2404,0.4232
input,424,-0.5190,-0.2121,0.0785,0.0430
target,424,-2.0000,-1.0000,1.3000,0.5000
param,424,1.0611,0.4471,0.9554,-0.0000
pos,425,-1.3311,-1.2358,1.2393,0.4220
input,425,-0.5189,-0.2008,0.0855,0.0459
target,425,-2.0000,-1.0000,1.3000,0.5000
param,425,1.0611,0.4471,0.9554,-0.0000
pos,426,-1.3474,-1.2313,1.2381,0.4206
input,426,-0.5012,-0.1834,0.0881,0.0473
target,426,-2.0000,-1.0000,1.3000,0.5000
param,426,1.0611,0.4471,0.9554,-0.0000
pos,427,-1.3637,-1.2266,1.2370,0.4197
input,427,-0.4778,-0.1647,0.0912,0.0493
target,427,-2.0000,-1.0000,1.3000,0.5000
param,427,1.0611,0.4471,0.9554,-0.0000
pos,428,-1.3813,-1.2213,1.2359,0.4184
input,428,-0.4553,-0.1475,0.0934,0.0516
target,428,-2.0000,-1.0000,1.3000,0.5000
param,428,1.0611,0.4471,0.9554,-0.0000
pos,429,-1.3990,-1.2157,1.2347,0.4169
input,429,-0.4312,-0.1296,0.0958,0.0539
target,429,-2.0000,-1.0000,1.3000,0.5000
param,429,1.0611,0.4471,0.9554,-0.0000
pos,430,-1.4165,-1.2102,1.2336,0.4161
input,430,-0.4074,-0.1133,0.0986,0.0564
target,430,-2.0000,-1.0000,1.3000,0.5000
param,430,1.0611,0.4471,0.9554,-0.0000
pos,431,-1.4328,-1.2050,1.2326,0.4157
input,431,-0.3850,-0.0981,0.0995,0.0587
target,431,-2.0000,-1.0000,1.3000,0.5000
param,431,1.0611,0.4471,0.9554,-0.0000
pos,432,-1.4491,-1.1995,1.2316,0.4155
input,432,-0.3652,-0.0862,0.0993,0.0610
target,432,-2.0000,-1.0000,1.3000,0.5000
param,432,1.0611,0.4471,0.9554,-0.0000
pos,433,-1.4655,-1.1938,1.2304,0.4155
input,433,-0.3590,-0.0823,0.0994,0.0621
target,433,-2.0000,-1.0000,1.3000,0.5000
param,433,1.0611,0.4471,0.9554,-0.0000
pos,434,-1.4832,-1.1873,1.2291,0.4144
input,434,-0.3263,-0.0642,0.0964,0.0656
target,434,-2.0000,-1.0000,1.3000,0.5000
param,434,1.0611,0.4471,0.9554,-0.0000
pos,435,-1.5009,-1.1808,1.2280,0.4126
input,435,-0.3050,-0.0535,0.0969,0.0680
target,435,-2.0000,-1.0000,1.3000,0.5000
param,435,1.0611,0.4471,0.9554,-0.0000
pos,436,-1.5173,-1.1746,1.2269,0.4117
input,436,-0.2841,-0.0439,0.0985,0.0703
target,436,-2.0000,-1.0000,1.3000,0.5000
param,436,1.0611,0.4471,0.9554,-0.0000
pos,437,-1.5338,-1.1682,1.2258,0.4106
input,437,-0.2793,-0.0413,0.0978,0.0708
target,437,-2.0000,-1.0000,1.3000,0.5000
param,437,1.0611,0.4471,0.9554,-0.0000
pos,438,-1.5514,-1.1611,1.2246,0.4080
input,438,-0.2477,-0.0304,0.0980,0.0746
target,438,-2.0000,-1.0000,1.3000,0.5000
param,438,1.0611,0.4471,0.9554,-0.0001
pos,439,-1.5688,-1.1539,1.2234,0.4061
input,439,-0.2276,-0.0234,0.1007,0.0767
target,439,-2.0000,-1.0000,1.3000,0.5000
param,439,1.0611,0.4471,0.9554,-0.0001
pos,440,-1.5847,-1.1472,1.2223,0.4036
input,440,-0.2083,-0.0172,0.1023,0.0788
target,440,-2.0000,-1.0000,1.3000,0.5000
param,440,1.0611,0.4471,0.9554,-0.0001
pos,441,-1.6020,-1.1397,1.2212,0.4024
input,441,-0.1916,-0.0137,0.1049,0.0807
target,441,-2.0000,-1.0000,1.3000,0.5000
param,441,1.0611,0.4471,0.9554,-0.0001
pos,442,-1.6193,-1.1319,1.2202,0.4016
input,442,-0.1731,-0.0087,0.1044,0.0824
target,442,-2.0000,-1.0000,1.3000,0.5000
param,442,1.0611,0.4471,0.9554,-0.0001
pos,443,-1.6354,-1.1246,1.2192,0.4014
input,443,-0.1552,-0.0046,0.1034,0.0841
target,443,-2.0000,-1.0000,1.3000,0.5000
param,443,1.0611,0.4471,0.9554,-0.0001
pos,444,-1.6518,-1.1172,1.2182,0.4011
input,444,-0.1401,-0.0028,0.1012,0.0855
target,444,-2.0000,-1.0000,1.3000,0.5000
param,444,1.0611,0.4471,0.9554,-0.0001
pos,445,-1.6681,-1.1094,1.2172,0.4008
input,445,-0.1252,-0.0016,0.0991,0.0869
target,445,-2.0000,-1.0000,1.3000,0.5000
param,445,1.0611,0.4471,0.9554,-0.0001
pos,446,-1.6845,-1.1015,1.2163,0.4003
input,446,-0.1105,-0.0007,0.0972,0.0881
target,446,-2.0000,-1.0000,1.3000,0.5000
param,446,1.0611,0.4471,0.9554,-0.0001
pos,447,-1.7009,-1.0934,1.2153,0.4004
input,447,-0.0959,-0.0002,0.0960,0.0892
target,447,-2.0000,-1.0000,1.3000,0.5000
param,447,1.0611,0.4471,0.9554,-0.0001
pos,448,-1.7172,-1.0852,1.2143,0.4009
input,448,-0.0815,-0.0001,0.0937,0.0903
target,448,-2.0000,-1.0000,1.3000,0.5000
param,448,1.0611,0.4471,0.9554,-0.0001
pos,449,-1.7348,-1.0761,1.2134,0.4005
input,449,-0.0802,0.0005,0.0924,0.0895
target,449,-2.0000,-1.0000,1.3000,0.5000
param,449,1.0611,0.4471,0.9554,-0.0001
pos,450,-1.7521,-1.0670,1.2125,0.4016
input,450,-0.0509,0.0012,0.0900,0.0921
target,450,-2.0000,-1.0000,1.3000,0.5000
param,450,1.0611,0.4471,0.9554,-0.0001
pos,451,-1.7668,-1.0591,1.2116,0.4034
input,451,-0.0356,0.0016,0.0865,0.0930
target,451,-2.0000,-1.0000,1.3000,0.5000
param,451,1.0611,0.4471,0.9554,-0.0001
pos,452,-1.7838,-1.0497,1.2107,0.4047
input,452,-0.0252,-0.0018,0.0820,0.0936
target,452,-2.0000,-1.0000,1.3000,0.5000
param,452,1.0611,0.4471,0.9554,-0.0001
pos,453,-1.7997,-1.0408,1.2099,0.4064
input,453,-0.0101,-0.0019,0.0787,0.0943
target,453,-2.0000,-1.0000,1.3000,0.5000
param,453,1.0611,0.4471,0.9554,-0.0001
pos,454,-1.8167,-1.0311,1.2091,0.4077
input,454,0.0023,-0.0040,0.0749,0.0947
target,454,-2.0000,-1.0000,1.3000,0.5000
param,454,1.0611,0.4471,0.9554,-0.0001
pos,455,-1.8336,-1.0213,1.2084,0.4093
input,455,0.0167,-0.0048,0.0721,0.0952
target,455,-2.0000,-1.0000,1.3000,0.5000
param,455,1.0611,0.4471,0.9554,-0.0001
