pos,0,-2.0301,-1.1855,1.2507,0.2356
input,0,-0.1400,0.0925,-0.0362,0.0424
target,0,-2.0000,-1.0000,1.3000,0.2000
param,0,1.0611,0.4471,0.9554,-0.1000
pos,1,-2.0257,-1.1820,1.2506,0.2362
input,1,-0.1385,0.0877,-0.0347,0.0427
target,1,-0.5000,-1.0000,1.3000,0.2000
param,1,1.0611,0.4471,0.9554,-0.1000
pos,2,-2.0213,-1.1784,1.2506,0.2368
input,2,-0.1366,0.0869,-0.0357,0.0433
target,2,-0.5000,-1.0000,1.3000,0.2000
param,2,1.0611,0.4471,0.9554,-0.1000
pos,3,-2.0168,-1.1748,1.2505,0.2364
input,3,0.3190,0.4862,0.0219,0.0331
target,3,-0.5000,-1.0000,1.3000,0.2000
param,3,1.0611,0.4471,0.9554,-0.1000
pos,4,-2.0125,-1.1711,1.2504,0.2357
input,4,0.3190,0.4862,0.0219,0.0331
target,4,-0.5000,-1.0000,1.3000,0.2000
param,4,1.0611,0.4471,0.9554,-0.1000
pos,5,-2.0082,-1.1670,1.2506,0.2369
input,5,0.3190,0.4862,0.0219,0.0331
target,5,-0.5000,-1.0000,1.3000,0.2000
param,5,1.0611,0.4471,0.9554,-0.1000
pos,6,-2.0041,-1.1630,1.2508,0.2381
input,6,0.3190,0.4862,0.0219,0.0331
target,6,-0.5000,-1.0000,1.3000,0.2000
param,6,1.0611,0.4471,0.9554,-0.1000
pos,7,-2.0000,-1.1590,1.2510,0.2393
input,7,0.3190,0.4862,0.0219,0.0331
target,7,-0.5000,-1.0000,1.3000,0.2000
param,7,1.0611,0.4471,0.9554,-0.1000
pos,8,-1.9962,-1.1551,1.2512,0.2365
input,8,0.3190,0.4862,0.0219,0.0331
target,8,-0.5000,-1.0000,1.3000,0.2000
param,8,1.0611,0.4471,0.9554,-0.1000
pos,9,-1.9925,-1.1511,1.2515,0.2339
input,9,0.3190,0.4862,0.0219,0.0331
target,9,-0.5000,-1.0000,1.3000,0.2000
param,9,1.0611,0.4471,0.9554,-0.1000
pos,10,-1.9886,-1.1470,1.2516,0.2359
input,10,0.3190,0.4862,0.0219,0.0331
target,10,-0.5000,-1.0000,1.3000,0.2000
param,10,1.0611,0.4471,0.9554,-0.1000
pos,11,-1.9847,-1.1428,1.2518,0.2365
input,11,0.3190,0.4862,0.0219,0.0331
target,11,-0.5000,-1.0000,1.3000,0.2000
param,11,1.0611,0.4471,0.9554,-0.1000
pos,12,-1.9811,-1.1390,1.2521,0.2368
input,12,0.3190,0.4862,0.0219,0.0331
target,12,-0.5000,-1.0000,1.3000,0.2000
param,12,1.0611,0.4471,0.9554,-0.1000
pos,13,-1.9775,-1.1349,1.2523,0.2344
input,13,0.3190,0.4862,0.0219,0.0331
target,13,-0.5000,-1.0000,1.3000,0.2000
param,13,1.0611,0.4471,0.9554,-0.1000
pos,14,-1.9740,-1.1310,1.2524,0.2319
input,14,0.3190,0.4862,0.0219,0.0331
target,14,-0.5000,-1.0000,1.3000,0.2000
param,14,1.0611,0.4471,0.9554,-0.1000
pos,15,-1.9704,-1.1268,1.2526,0.2302
input,15,0.3190,0.4862,0.0219,0.0331
target,15,-0.5000,-1.0000,1.3000,0.2000
param,15,1.0611,0.4471,0.9554,-0.1000
pos,16,-1.9668,-1.1230,1.2526,0.2316
input,16,0.3190,0.4862,0.0219,0.0331
target,16,-0.5000,-1.0000,1.3000,0.2000
param,16,1.0611,0.4471,0.9554,-0.1000
pos,17,-1.9632,-1.1190,1.2527,0.2298
input,17,0.3190,0.4862,0.0219,0.0331
target,17,-0.5000,-1.0000,1.3000,0.2000
param,17,1.0611,0.4471,0.9554,-0.1000
pos,18,-1.9597,-1.1150,1.2529,0.2282
input,18,0.3190,0.4862,0.0219,0.0331
target,18,-0.5000,-1.0000,1.3000,0.2000
param,18,1.0611,0.4471,0.9554,-0.1000
pos,19,-1.9560,-1.1110,1.2531,0.2268
input,19,0.3190,0.4862,0.0219,0.0331
target,19,-0.5000,-1.0000,1.3000,0.2000
param,19,1.0611,0.4471,0.9554,-0.1000
pos,20,-1.9524,-1.1071,1.2532,0.2252
input,20,0.3190,0.4862,0.0219,0.0331
target,20,-0.5000,-1.0000,1.3000,0.2000
param,20,1.0611,0.4471,0.9554,-0.1000
pos,21,-1.9487,-1.1032,1.2534,0.2241
input,21,0.3190,0.4862,0.0219,0.0331
target,21,-0.5000,-1.0000,1.3000,0.2000
param,21,1.0611,0.4471,0.9554,-0.1000
pos,22,-1.9448,-1.0993,1.2536,0.2229
input,22,0.3190,0.4862,0.0219,0.0331
target,22,-0.5000,-1.0000,1.3000,0.2000
param,22,1.0611,0.4471,0.9554,-0.1000
pos,23,-1.9409,-1.0955,1.2538,0.2219
input,23,0.3190,0.4862,0.0219,0.0331
target,23,-0.5000,-1.0000,1.3000,0.2000
param,23,1.0611,0.4471,0.9554,-0.1000
pos,24,-1.9367,-1.0918,1.2540,0.2210
input,24,0.3190,0.4862,0.0219,0.0331
target,24,-0.5000,-1.0000,1.3000,0.2000
param,24,1.0611,0.4471,0.9554,-0.1000
pos,25,-1.9324,-1.0883,1.2541,0.2204
input,25,0.3126,0.4872,0.0204,0.0368
target,25,-0.5000,-1.0000,1.3000,0.2000
param,25,1.0611,0.4471,0.9554,-0.1000
pos,26,-1.9279,-1.0849,1.2542,0.2198
input,26,0.3126,0.4872,0.0204,0.0368
target,26,-0.5000,-1.0000,1.3000,0.2000
param,26,1.0611,0.4471,0.9554,-0.1000
pos,27,-1.9232,-1.0816,1.2543,0.2191
input,27,0.3126,0.4872,0.0204,0.0368
target,27,-0.5000,-1.0000,1.3000,0.2000
param,27,1.0611,0.4471,0.9554,-0.1000
pos,28,-1.9176,-1.0780,1.2543,0.2213
input,28,0.3051,0.4779,0.0162,0.0340
target,28,-0.5000,-1.0000,1.3000,0.2000
param,28,1.0611,0.4471,0.9554,-0.1000
pos,29,-1.9123,-1.0748,1.2543,0.2232
input,29,0.3051,0.4779,0.0162,0.0340
target,29,-0.5000,-1.0000,1.3000,0.2000
param,29,1.0611,0.4471,0.9554,-0.1000
pos,30,-1.9068,-1.0718,1.2542,0.2253
input,30,0.3126,0.4872,0.0204,0.0368
target,30,-0.5000,-1.0000,1.3000,0.2000
param,30,1.0611,0.4471,0.9554,-0.1000
pos,31,-1.9010,-1.0689,1.2541,0.2273
input,31,0.3126,0.4872,0.0204,0.0368
target,31,-0.5000,-1.0000,1.3000,0.2000
param,31,1.0611,0.4471,0.9554,-0.1000
pos,32,-1.8949,-1.0662,1.2540,0.2293
input,32,0.3092,0.4891,0.0095,0.0388
target,32,-0.5000,-1.0000,1.3000,0.2000
param,32,1.0611,0.4471,0.9554,-0.1000
pos,33,-1.8887,-1.0637,1.2540,0.2280
input,33,0.3092,0.4891,0.0095,0.0388
target,33,-0.5000,-1.0000,1.3000,0.2000
param,33,1.0611,0.4471,0.9554,-0.1000
pos,34,-1.8672,-1.0638,1.2540,0.2278
input,34,0.3092,0.4891,0.0095,0.0388
target,34,-0.5000,-1.0000,1.3000,0.2000
param,34,1.0611,0.4471,0.9554,-0.1000
pos,35,-1.8474,-1.0635,1.2539,0.2292
input,35,0.3092,0.4891,0.0095,0.0388
target,35,-0.5000,-1.0000,1.3000,0.2000
param,35,1.0611,0.4471,0.9554,-0.1000
pos,36,-1.8291,-1.0631,1.2537,0.2312
input,36,0.3092,0.4891,0.0095,0.0388
target,36,-0.5000,-1.0000,1.3000,0.2000
param,36,1.0611,0.4471,0.9554,-0.1000
pos,37,-1.8120,-1.0625,1.2535,0.2332
input,37,0.3092,0.4891,0.0095,0.0388
target,37,-0.5000,-1.0000,1.3000,0.2000
param,37,1.0611,0.4471,0.9554,-0.1000
pos,38,-1.7960,-1.0619,1.2532,0.2353
input,38,0.3042,0.4906,0.0022,0.0416
target,38,-0.5000,-1.0000,1.3000,0.2000
param,38,1.0611,0.4471,0.9554,-0.1000
pos,39,-1.7807,-1.0612,1.2528,0.2375
input,39,0.3042,0.4906,0.0022,0.0416
target,39,-0.5000,-1.0000,1.3000,0.2000
param,39,1.0611,0.4471,0.9554,-0.1000
pos,40,-1.7662,-1.0605,1.2524,0.2396
input,40,0.3042,0.4906,0.0022,0.0416
target,40,-0.5000,-1.0000,1.3000,0.2000
param,40,1.0611,0.4471,0.9554,-0.1000
pos,41,-1.7522,-1.0599,1.2518,0.2403
input,41,0.3042,0.4906,0.0022,0.0416
target,41,-0.5000,-1.0000,1.3000,0.2000
param,41,1.0611,0.4471,0.9554,-0.1000
pos,42,-1.7388,-1.0592,1.2512,0.2422
input,42,0.3042,0.4906,0.0022,0.0416
target,42,-0.5000,-1.0000,1.3000,0.2000
param,42,1.0610,0.4471,0.9554,-0.1000
pos,43,-1.7256,-1.0584,1.2506,0.2446
input,43,0.3042,0.4906,0.0022,0.0416
target,43,-0.5000,-1.0000,1.3000,0.2000
param,43,1.0610,0.4471,0.9554,-0.1000
pos,44,-1.7126,-1.0579,1.2498,0.2456
input,44,0.3021,0.4915,-0.0095,0.0447
target,44,-0.5000,-1.0000,1.3000,0.2000
param,44,1.0609,0.4471,0.9554,-0.1000
pos,45,-1.7000,-1.0573,1.2490,0.2471
input,45,0.3021,0.4915,-0.0095,0.0447
target,45,-0.5000,-1.0000,1.3000,0.2000
param,45,1.0609,0.4471,0.9554,-0.1000
pos,46,-1.6876,-1.0568,1.2483,0.2485
input,46,0.3021,0.4915,-0.0095,0.0447
target,46,-0.5000,-1.0000,1.3000,0.2000
param,46,1.0608,0.4471,0.9554,-0.1000
pos,47,-1.6752,-1.0564,1.2475,0.2492
input,47,0.3021,0.4915,-0.0095,0.0447
target,47,-0.5000,-1.0000,1.3000,0.2000
param,47,1.0607,0.4471,0.9554,-0.1000
pos,48,-1.6629,-1.0559,1.2464,0.2516
input,48,0.3021,0.4915,-0.0095,0.0447
target,48,-0.5000,-1.0000,1.3000,0.2000
param,48,1.0607,0.4471,0.9554,-0.1000
pos,49,-1.6505,-1.0554,1.2453,0.2550
input,49,0.3021,0.4915,-0.0095,0.0447
target,49,-0.5000,-1.0000,1.3000,0.2000
param,49,1.0606,0.4471,0.9554,-0.1000
pos,50,-1.6381,-1.0549,1.2442,0.2581
input,50,0.2984,0.4924,-0.0204,0.0499
target,50,-0.5000,-1.0000,1.3000,0.2000
param,50,1.0605,0.4471,0.9554,-0.1000
pos,51,-1.6257,-1.0544,1.2432,0.2613
input,51,0.2984,0.4924,-0.0204,0.0499
target,51,-0.5000,-1.0000,1.3000,0.2000
param,51,1.0604,0.4471,0.9554,-0.1000
pos,52,-1.6133,-1.0544,1.2423,0.2608
input,52,0.2984,0.4924,-0.0204,0.0499
target,52,-0.5000,-1.0000,1.3000,0.2000
param,52,1.0604,0.4471,0.9554,-0.1000
pos,53,-1.6009,-1.0541,1.2415,0.2620
input,53,0.2984,0.4924,-0.0204,0.0499
target,53,-0.5000,-1.0000,1.3000,0.2000
param,53,1.0603,0.4471,0.9554,-0.1000
pos,54,-1.5884,-1.0539,1.2406,0.2635
input,54,0.2949,0.4930,-0.0278,0.0540
target,54,-0.5000,-1.0000,1.3000,0.2000
param,54,1.0602,0.4471,0.9554,-0.1000
pos,55,-1.5759,-1.0539,1.2396,0.2648
input,55,0.2949,0.4930,-0.0278,0.0540
target,55,-0.5000,-1.0000,1.3000,0.2000
param,55,1.0601,0.4471,0.9554,-0.1000
pos,56,-1.5642,-1.0538,1.2386,0.2656
input,56,0.2949,0.4930,-0.0278,0.0540
target,56,-0.5000,-1.0000,1.3000,0.2000
param,56,1.0600,0.4471,0.9554,-0.1000
pos,57,-1.5513,-1.0534,1.2376,0.2710
input,57,0.2949,0.4930,-0.0278,0.0540
target,57,-0.5000,-1.0000,1.3000,0.2000
param,57,1.0599,0.4471,0.9554,-0.1000
pos,58,-1.5384,-1.0537,1.2366,0.2703
input,58,0.2908,0.4932,-0.0383,0.0587
target,58,-0.5000,-1.0000,1.3000,0.2000
param,58,1.0598,0.4471,0.9554,-0.1000
pos,59,-1.5256,-1.0538,1.2355,0.2704
input,59,0.2908,0.4932,-0.0383,0.0587
target,59,-0.5000,-1.0000,1.3000,0.2000
param,59,1.0597,0.4471,0.9554,-0.1000
pos,60,-1.5127,-1.0541,1.2345,0.2703
input,60,0.2908,0.4932,-0.0383,0.0587
target,60,-0.5000,-1.0000,1.3000,0.2000
param,60,1.0596,0.4471,0.9554,-0.1000
pos,61,-1.4993,-1.0544,1.2334,0.2703
input,61,0.2840,0.4941,-0.0366,0.0635
target,61,-0.5000,-1.0000,1.3000,0.2000
param,61,1.0595,0.4471,0.9554,-0.1000
pos,62,-1.4857,-1.0549,1.2323,0.2696
input,62,0.2840,0.4941,-0.0366,0.0635
target,62,-0.5000,-1.0000,1.3000,0.2000
param,62,1.0593,0.4471,0.9554,-0.1000
pos,63,-1.4720,-1.0555,1.2312,0.2686
input,63,0.2840,0.4941,-0.0366,0.0635
target,63,-0.5000,-1.0000,1.3000,0.2000
param,63,1.0593,0.4471,0.9554,-0.1000
pos,64,-1.4582,-1.0560,1.2302,0.2685
input,64,0.2752,0.4949,-0.0336,0.0690
target,64,-0.5000,-1.0000,1.3000,0.2000
param,64,1.0593,0.4471,0.9554,-0.1000
pos,65,-1.4442,-1.0566,1.2293,0.2681
input,65,0.2752,0.4949,-0.0336,0.0690
target,65,-0.5000,-1.0000,1.3000,0.2000
param,65,1.0592,0.4471,0.9554,-0.1000
pos,66,-1.4300,-1.0572,1.2284,0.2679
input,66,0.2688,0.4953,-0.0328,0.0726
target,66,-0.5000,-1.0000,1.3000,0.2000
param,66,1.0592,0.4471,0.9554,-0.1000
pos,67,-1.4156,-1.0579,1.2274,0.2678
input,67,0.2688,0.4953,-0.0328,0.0726
target,67,-0.5000,-1.0000,1.3000,0.2000
param,67,1.0592,0.4471,0.9554,-0.1000
pos,68,-1.4012,-1.0587,1.2266,0.2679
input,68,0.2614,0.4955,-0.0323,0.0767
target,68,-0.5000,-1.0000,1.3000,0.2000
param,68,1.0593,0.4471,0.9554,-0.1000
pos,69,-1.3866,-1.0594,1.2257,0.2678
input,69,0.2614,0.4955,-0.0323,0.0767
target,69,-0.5000,-1.0000,1.3000,0.2000
param,69,1.0593,0.4471,0.9554,-0.1000
pos,70,-1.3719,-1.0602,1.2249,0.2681
input,70,0.2531,0.4956,-0.0326,0.0811
target,70,-0.5000,-1.0000,1.3000,0.2000
param,70,1.0593,0.4471,0.9554,-0.1000
pos,71,-1.3571,-1.0611,1.2240,0.2677
input,71,0.2531,0.4956,-0.0326,0.0811
target,71,-0.5000,-1.0000,1.3000,0.2000
param,71,1.0593,0.4471,0.9554,-0.1000
pos,72,-1.3421,-1.0620,1.2232,0.2673
input,72,0.2436,0.4953,-0.0332,0.0859
target,72,-0.5000,-1.0000,1.3000,0.2000
param,72,1.0594,0.4471,0.9554,-0.1000
pos,73,-1.3270,-1.0630,1.2224,0.2671
input,73,0.2436,0.4953,-0.0332,0.0859
target,73,-0.5000,-1.0000,1.3000,0.2000
param,73,1.0594,0.4471,0.9554,-0.1000
pos,74,-1.3117,-1.0640,1.2216,0.2669
input,74,0.2323,0.4947,-0.0326,0.0913
target,74,-0.5000,-1.0000,1.3000,0.2000
param,74,1.0595,0.4471,0.9554,-0.1000
pos,75,-1.2963,-1.0651,1.2209,0.2666
input,75,0.2260,0.4942,-0.0328,0.0935
target,75,-0.5000,-1.0000,1.3000,0.2000
param,75,1.0595,0.4471,0.9554,-0.1000
pos,76,-1.2808,-1.0661,1.2201,0.2658
input,76,0.2194,0.4935,-0.0329,0.0964
target,76,-0.5000,-1.0000,1.3000,0.2000
param,76,1.0595,0.4471,0.9554,-0.1000
pos,77,-1.2653,-1.0672,1.2193,0.2650
input,77,0.2120,0.4927,-0.0323,0.0996
target,77,-0.5000,-1.0000,1.3000,0.2000
param,77,1.0596,0.4471,0.9554,-0.1000
pos,78,-1.2495,-1.0682,1.2186,0.2645
input,78,0.2040,0.4915,-0.0317,0.1029
target,78,-0.5000,-1.0000,1.3000,0.2000
param,78,1.0596,0.4471,0.9554,-0.1000
pos,79,-1.2336,-1.0693,1.2178,0.2641
input,79,0.1923,0.4818,-0.0312,0.1045
target,79,-0.5000,-1.0000,1.3000,0.2000
param,79,1.0597,0.4471,0.9554,-0.1000
pos,80,-1.2176,-1.0703,1.2171,0.2638
input,80,0.1760,0.4602,-0.0313,0.1031
target,80,-0.5000,-1.0000,1.3000,0.2000
param,80,1.0597,0.4471,0.9554,-0.1000
pos,81,-1.2016,-1.0714,1.2165,0.2633
input,81,0.1606,0.4396,-0.0330,0.1013
target,81,-0.5000,-1.0000,1.3000,0.2000
param,81,1.0598,0.4471,0.9554,-0.1000
pos,82,-1.1854,-1.0725,1.2158,0.2626
input,82,0.1459,0.4200,-0.0343,0.0998
target,82,-0.5000,-1.0000,1.3000,0.2000
param,82,1.0599,0.4471,0.9554,-0.1000
pos,83,-1.1691,-1.0737,1.2151,0.2616
input,83,0.1319,0.4012,-0.0351,0.0984
target,83,-0.5000,-1.0000,1.3000,0.2000
param,83,1.0599,0.4471,0.9554,-0.1000
pos,84,-1.1528,-1.0749,1.2144,0.2610
input,84,0.1184,0.3833,-0.0353,0.0972
target,84,-0.5000,-1.0000,1.3000,0.2000
param,84,1.0600,0.4471,0.9554,-0.1000
pos,85,-1.1364,-1.0761,1.2138,0.2600
input,85,0.1058,0.3663,-0.0359,0.0961
target,85,-0.5000,-1.0000,1.3000,0.2000
param,85,1.0600,0.4471,0.9554,-0.1000
pos,86,-1.1199,-1.0773,1.2132,0.2589
input,86,0.0937,0.3500,-0.0360,0.0952
target,86,-0.5000,-1.0000,1.3000,0.2000
param,86,1.0601,0.4471,0.9554,-0.1000
pos,87,-1.1033,-1.0786,1.2126,0.2579
input,87,0.0822,0.3344,-0.0357,0.0942
target,87,-0.5000,-1.0000,1.3000,0.2000
param,87,1.0601,0.4471,0.9554,-0.1000
pos,88,-1.0865,-1.0798,1.2121,0.2572
input,88,0.0713,0.3195,-0.0355,0.0935
target,88,-0.5000,-1.0000,1.3000,0.2000
param,88,1.0601,0.4471,0.9554,-0.1000
pos,89,-1.0699,-1.0811,1.2116,0.2565
input,89,0.0610,0.3052,-0.0358,0.0927
target,89,-0.5000,-1.0000,1.3000,0.2000
param,89,1.0602,0.4471,0.9554,-0.1000
pos,90,-1.0531,-1.0824,1.2111,0.2553
input,90,0.0514,0.2918,-0.0366,0.0920
target,90,-0.5000,-1.0000,1.3000,0.2000
param,90,1.0602,0.4471,0.9554,-0.1000
pos,91,-1.0362,-1.0838,1.2106,0.2543
input,91,0.0421,0.2788,-0.0360,0.0915
target,91,-0.5000,-1.0000,1.3000,0.2000
param,91,1.0603,0.4471,0.9554,-0.1000
pos,92,-1.0194,-1.0850,1.2101,0.2532
input,92,0.0333,0.2663,-0.0358,0.0910
target,92,-0.5000,-1.0000,1.3000,0.2000
param,92,1.0603,0.4471,0.9554,-0.1000
pos,93,-1.0023,-1.0862,1.2096,0.2540
input,93,0.0249,0.2544,-0.0353,0.0905
target,93,-0.5000,-1.0000,1.3000,0.2000
param,93,1.0604,0.4471,0.9554,-0.1000
pos,94,-0.9854,-1.0874,1.2092,0.2539
input,94,0.0175,0.2430,-0.0387,0.0903
target,94,-0.5000,-1.0000,1.3000,0.2000
param,94,1.0604,0.4471,0.9554,-0.1000
pos,95,-0.9685,-1.0886,1.2090,0.2535
input,95,0.0106,0.2322,-0.0399,0.0899
target,95,-0.5000,-1.0000,1.3000,0.2000
param,95,1.0604,0.4471,0.9554,-0.1000
pos,96,-0.9515,-1.0897,1.2086,0.2529
input,96,0.0038,0.2217,-0.0404,0.0895
target,96,-0.5000,-1.0000,1.3000,0.2000
param,96,1.0605,0.4471,0.9554,-0.1000
pos,97,-0.9347,-1.0907,1.2084,0.2530
input,97,-0.0027,0.2117,-0.0403,0.0892
target,97,-0.5000,-1.0000,1.3000,0.2000
param,97,1.0605,0.4471,0.9554,-0.1000
pos,98,-0.9178,-1.0918,1.2082,0.2535
input,98,-0.0085,0.2022,-0.0415,0.0889
target,98,-0.5000,-1.0000,1.3000,0.2000
param,98,1.0606,0.4471,0.9554,-0.1000
pos,99,-0.9010,-1.0929,1.2080,0.2530
input,99,-0.0138,0.1933,-0.0436,0.0886
target,99,-0.5000,-1.0000,1.3000,0.2000
param,99,1.0606,0.4471,0.9554,-0.1000
pos,100,-0.8842,-1.0938,1.2078,0.2527
input,100,-0.0192,0.1846,-0.0434,0.0884
target,100,-0.5000,-1.0000,1.3000,0.2000
param,100,1.0606,0.4471,0.9554,-0.1000
pos,101,-0.8676,-1.0946,1.2076,0.2526
input,101,-0.0241,0.1763,-0.0434,0.0882
target,101,-0.5000,-1.0000,1.3000,0.2000
param,101,1.0607,0.4471,0.9554,-0.1000
pos,102,-0.8509,-1.0954,1.2074,0.2529
input,102,-0.0285,0.1684,-0.0438,0.0881
target,102,-0.5000,-1.0000,1.3000,0.2000
param,102,1.0607,0.4471,0.9554,-0.1000
pos,103,-0.8345,-1.0961,1.2073,0.2529
input,103,-0.0324,0.1609,-0.0451,0.0880
target,103,-0.5000,-1.0000,1.3000,0.2000
param,103,1.0607,0.4471,0.9554,-0.1000
pos,104,-0.8180,-1.0967,1.2071,0.2526
input,104,-0.0361,0.1537,-0.0456,0.0880
target,104,-0.5000,-1.0000,1.3000,0.2000
param,104,1.0607,0.4471,0.9554,-0.1000
pos,105,-0.8019,-1.0972,1.2070,0.2527
input,105,-0.0396,0.1468,-0.0456,0.0880
target,105,-0.5000,-1.0000,1.3000,0.2000
param,105,1.0608,0.4471,0.9554,-0.1000
pos,106,-0.7859,-1.0976,1.2070,0.2528
input,106,-0.0426,0.1404,-0.0461,0.0880
target,106,-0.5000,-1.0000,1.3000,0.2000
param,106,1.0608,0.4471,0.9554,-0.1000
pos,107,-0.7700,-1.0979,1.2070,0.2534
input,107,-0.0452,0.1343,-0.0466,0.0880
target,107,-0.5000,-1.0000,1.3000,0.2000
param,107,1.0608,0.4471,0.9554,-0.1000
pos,108,-0.7543,-1.0980,1.2070,0.2532
input,108,-0.0476,0.1285,-0.0480,0.0881
target,108,-0.5000,-1.0000,1.3000,0.2000
param,108,1.0608,0.4471,0.9554,-0.1000
pos,109,-0.7389,-1.0981,1.2071,0.2540
input,109,-0.0497,0.1229,-0.0479,0.0881
target,109,-0.5000,-1.0000,1.3000,0.2000
param,109,1.0608,0.4471,0.9554,-0.1000
pos,110,-0.7238,-1.0981,1.2071,0.2538
input,110,-0.0515,0.1178,-0.0495,0.0881
target,110,-0.5000,-1.0000,1.3000,0.2000
param,110,1.0608,0.4471,0.9554,-0.1000
pos,111,-0.7095,-1.0980,1.2072,0.2548
input,111,-0.0531,0.1126,-0.0490,0.0882
target,111,-0.5000,-1.0000,1.3000,0.2000
param,111,1.0609,0.4471,0.9554,-0.1000
pos,112,-0.6958,-1.0978,1.2072,0.2561
input,112,-0.0546,0.1079,-0.0510,0.0884
target,112,-0.5000,-1.0000,1.3000,0.2000
param,112,1.0609,0.4471,0.9554,-0.1000
pos,113,-0.6826,-1.0975,1.2072,0.2572
input,113,-0.0560,0.1031,-0.0535,0.0884
target,113,-0.5000,-1.0000,1.3000,0.2000
param,113,1.0609,0.4471,0.9554,-0.1000
pos,114,-0.6699,-1.0972,1.2073,0.2584
input,114,-0.0574,0.0982,-0.0556,0.0885
target,114,-0.5000,-1.0000,1.3000,0.2000
param,114,1.0609,0.4471,0.9554,-0.1000
pos,115,-0.6576,-1.0966,1.2073,0.2585
input,115,-0.0590,0.0933,-0.0578,0.0886
target,115,-0.5000,-1.0000,1.3000,0.2000
param,115,1.0609,0.4471,0.9554,-0.1000
pos,116,-0.6457,-1.0960,1.2073,0.2595
input,116,-0.0606,0.0880,-0.0577,0.0887
target,116,-0.5000,-1.0000,1.3000,0.2000
param,116,1.0609,0.4471,0.9554,-0.1000
pos,117,-0.6341,-1.0954,1.2073,0.2605
input,117,-0.0622,0.0827,-0.0594,0.0888
target,117,-0.5000,-1.0000,1.3000,0.2000
param,117,1.0609,0.4471,0.9554,-0.1000
pos,118,-0.6228,-1.0946,1.2074,0.2608
input,118,-0.0640,0.0774,-0.0611,0.0888
target,118,-0.5000,0.5000,1.3000,0.2000
param,118,1.0610,0.4471,0.9554,-0.1000
pos,119,-0.6118,-1.0938,1.2074,0.2612
input,119,-0.3675,0.1655,0.0386,-0.0402
target,119,-0.5000,0.5000,1.3000,0.2000
param,119,1.0610,0.4471,0.9554,-0.1000
pos,120,-0.6011,-1.0929,1.2074,0.2612
input,120,-0.3675,0.1655,0.0386,-0.0402
target,120,-0.5000,0.5000,1.3000,0.2000
param,120,1.0610,0.4471,0.9554,-0.1000
pos,121,-0.5905,-1.0919,1.2075,0.2618
input,121,-0.3675,0.1655,0.0386,-0.0402
target,121,-0.5000,0.5000,1.3000,0.2000
param,121,1.0610,0.4471,0.9554,-0.1000
pos,122,-0.5802,-1.0909,1.2075,0.2623
input,122,-0.3675,0.1655,0.0386,-0.0402
target,122,-0.5000,0.5000,1.3000,0.2000
param,122,1.0610,0.4471,0.9554,-0.1000
pos,123,-0.5702,-1.0898,1.2075,0.2616
input,123,-0.3675,0.1655,0.0386,-0.0402
target,123,-0.5000,0.5000,1.3000,0.2000
param,123,1.0610,0.4471,0.9554,-0.1000
pos,124,-0.5603,-1.0885,1.2075,0.2610
input,124,-0.3675,0.1655,0.0386,-0.0402
target,124,-0.5000,0.5000,1.3000,0.2000
param,124,1.0611,0.4471,0.9554,-0.1000
pos,125,-0.5506,-1.0872,1.2076,0.2604
input,125,-0.3675,0.1655,0.0386,-0.0402
target,125,-0.5000,0.5000,1.3000,0.2000
param,125,1.0611,0.4471,0.9554,-0.1000
pos,126,-0.5411,-1.0861,1.2077,0.2599
input,126,-0.3731,0.1716,0.0354,-0.0376
target,126,-0.5000,0.5000,1.3000,0.2000
param,126,1.0611,0.4471,0.9554,-0.1000
pos,127,-0.5318,-1.0850,1.2078,0.2618
input,127,-0.3731,0.1716,0.0354,-0.0376
target,127,-0.5000,0.5000,1.3000,0.2000
param,127,1.0611,0.4471,0.9554,-0.1000
pos,128,-0.5227,-1.0837,1.2079,0.2615
input,128,-0.3731,0.1716,0.0354,-0.0376
target,128,-0.5000,0.5000,1.3000,0.2000
param,128,1.0611,0.4471,0.9554,-0.1000
pos,129,-0.5138,-1.0824,1.2079,0.2616
input,129,-0.3731,0.1716,0.0354,-0.0376
target,129,-0.5000,0.5000,1.3000,0.2000
param,129,1.0612,0.4471,0.9554,-0.1000
pos,130,-0.5050,-1.0811,1.2080,0.2611
input,130,-0.3731,0.1716,0.0354,-0.0376
target,130,-0.5000,0.5000,1.3000,0.2000
param,130,1.0612,0.4471,0.9554,-0.1000
pos,131,-0.4964,-1.0796,1.2080,0.2617
input,131,-0.3731,0.1716,0.0354,-0.0376
target,131,-0.5000,0.5000,1.3000,0.2000
param,131,1.0612,0.4471,0.9554,-0.1000
pos,132,-0.4880,-1.0781,1.2081,0.2626
input,132,-0.3731,0.1716,0.0354,-0.0376
target,132,-0.5000,0.5000,1.3000,0.2000
param,132,1.0612,0.4471,0.9554,-0.1000
pos,133,-0.4792,-1.0763,1.2081,0.2630
input,133,-0.3731,0.1716,0.0354,-0.0376
target,133,-0.5000,0.5000,1.3000,0.2000
param,133,1.0612,0.4471,0.9554,-0.1000
pos,134,-0.4713,-1.0746,1.2081,0.2626
input,134,-0.3820,0.1770,0.0310,-0.0349
target,134,-0.5000,0.5000,1.3000,0.2000
param,134,1.0612,0.4471,0.9554,-0.1000
pos,135,-0.4635,-1.0728,1.2082,0.2622
input,135,-0.3820,0.1770,0.0310,-0.0349
target,135,-0.5000,0.5000,1.3000,0.2000
param,135,1.0612,0.4471,0.9554,-0.1000
pos,136,-0.4559,-1.0708,1.2083,0.2611
input,136,-0.3820,0.1770,0.0310,-0.0349
target,136,-0.5000,0.5000,1.3000,0.2000
param,136,1.0613,0.4471,0.9554,-0.1000
pos,137,-0.4485,-1.0688,1.2083,0.2608
input,137,-0.3773,0.1769,0.0246,-0.0289
target,137,-0.5000,0.5000,1.3000,0.2000
param,137,1.0613,0.4471,0.9554,-0.1000
pos,138,-0.4412,-1.0666,1.2083,0.2606
input,138,-0.3773,0.1769,0.0246,-0.0289
target,138,-0.5000,0.5000,1.3000,0.2000
param,138,1.0613,0.4471,0.9554,-0.1000
pos,139,-0.4342,-1.0643,1.2083,0.2607
input,139,-0.3773,0.1769,0.0246,-0.0289
target,139,-0.5000,0.5000,1.3000,0.2000
param,139,1.0613,0.4471,0.9554,-0.1000
pos,140,-0.4272,-1.0617,1.2083,0.2607
input,140,-0.3820,0.1770,0.0310,-0.0349
target,140,-0.5000,0.5000,1.3000,0.2000
param,140,1.0613,0.4471,0.9554,-0.1000
pos,141,-0.4204,-1.0590,1.2082,0.2604
input,141,-0.3820,0.1770,0.0310,-0.0349
target,141,-0.5000,0.5000,1.3000,0.2000
param,141,1.0613,0.4471,0.9554,-0.1000
pos,142,-0.4137,-1.0561,1.2081,0.2606
input,142,-0.3905,0.1780,0.0276,-0.0322
target,142,-0.5000,0.5000,1.3000,0.2000
param,142,1.0613,0.4471,0.9554,-0.1000
pos,143,-0.4073,-1.0530,1.2080,0.2603
input,143,-0.3905,0.1780,0.0276,-0.0322
target,143,-0.5000,0.5000,1.3000,0.2000
param,143,1.0613,0.4471,0.9554,-0.1000
pos,144,-0.4009,-1.0497,1.2078,0.2599
input,144,-0.3905,0.1780,0.0276,-0.0322
target,144,-0.5000,0.5000,1.3000,0.2000
param,144,1.0613,0.4471,0.9554,-0.1000
pos,145,-0.3948,-1.0461,1.2077,0.2594
input,145,-0.3905,0.1780,0.0276,-0.0322
target,145,-0.5000,0.5000,1.3000,0.2000
param,145,1.0613,0.4471,0.9554,-0.1000
pos,146,-0.3889,-1.0423,1.2075,0.2592
input,146,-0.3905,0.1780,0.0276,-0.0322
target,146,-0.5000,0.5000,1.3000,0.2000
param,146,1.0613,0.4471,0.9554,-0.1000
pos,147,-0.3831,-1.0382,1.2073,0.2593
input,147,-0.3905,0.1780,0.0276,-0.0322
target,147,-0.5000,0.5000,1.3000,0.2000
param,147,1.0613,0.4471,0.9554,-0.1000
pos,148,-0.3776,-1.0340,1.2070,0.2592
input,148,-0.3905,0.1780,0.0276,-0.0322
target,148,-0.5000,0.5000,1.3000,0.2000
param,148,1.0613,0.4471,0.9554,-0.1000
pos,149,-0.3723,-1.0295,1.2067,0.2598
input,149,-0.3905,0.1780,0.0276,-0.0322
target,149,-0.5000,0.5000,1.3000,0.2000
param,149,1.0613,0.4471,0.9554,-0.1000
pos,150,-0.3707,-1.0225,1.2054,0.2611
input,150,-0.3996,0.1809,0.0208,-0.0283
target,150,-0.5000,0.5000,1.3000,0.2000
param,150,1.0613,0.4471,0.9554,-0.1000
pos,151,-0.3683,-1.0150,1.2040,0.2629
input,151,-0.3996,0.1809,0.0208,-0.0283
target,151,-0.5000,0.5000,1.3000,0.2000
param,151,1.0613,0.4471,0.9554,-0.1000
pos,152,-0.3657,-1.0076,1.2028,0.2641
input,152,-0.3996,0.1809,0.0208,-0.0283
target,152,-0.5000,0.5000,1.3000,0.2000
param,152,1.0613,0.4471,0.9554,-0.1000
pos,153,-0.3628,-1.0002,1.2015,0.2657
input,153,-0.3996,0.1809,0.0208,-0.0283
target,153,-0.5000,0.5000,1.3000,0.2000
param,153,1.0613,0.4471,0.9554,-0.1000
pos,154,-0.3597,-0.9929,1.2003,0.2670
input,154,-0.3996,0.1809,0.0208,-0.0283
target,154,-0.5000,0.5000,1.3000,0.2000
param,154,1.0612,0.4471,0.9554,-0.1000
pos,155,-0.3565,-0.9855,1.1992,0.2685
input,155,-0.3996,0.1809,0.0208,-0.0283
target,155,-0.5000,0.5000,1.3000,0.2000
param,155,1.0612,0.4471,0.9554,-0.1000
pos,156,-0.3533,-0.9781,1.1982,0.2700
input,156,-0.4070,0.1792,0.0169,-0.0256
target,156,-0.5000,0.5000,1.3000,0.2000
param,156,1.0612,0.4471,0.9554,-0.1000
pos,157,-0.3499,-0.9706,1.1972,0.2715
input,157,-0.4070,0.1792,0.0169,-0.0256
target,157,-0.5000,0.5000,1.3000,0.2000
param,157,1.0612,0.4471,0.9554,-0.1000
pos,158,-0.3465,-0.9629,1.1962,0.2725
input,158,-0.4070,0.1792,0.0169,-0.0256
target,158,-0.5000,0.5000,1.3000,0.2000
param,158,1.0612,0.4471,0.9554,-0.1000
pos,159,-0.3431,-0.9553,1.1952,0.2734
input,159,-0.4070,0.1792,0.0169,-0.0256
target,159,-0.5000,0.5000,1.3000,0.2000
param,159,1.0612,0.4471,0.9554,-0.1000
pos,160,-0.3397,-0.9475,1.1943,0.2749
input,160,-0.4070,0.1792,0.0169,-0.0256
target,160,-0.5000,0.5000,1.3000,0.2000
param,160,1.0611,0.4471,0.9554,-0.1000
pos,161,-0.3364,-0.9396,1.1934,0.2762
input,161,-0.4132,0.1759,0.0127,-0.0235
target,161,-0.5000,0.5000,1.3000,0.2000
param,161,1.0611,0.4471,0.9554,-0.1000
pos,162,-0.3330,-0.9316,1.1925,0.2769
input,162,-0.4132,0.1759,0.0127,-0.0235
target,162,-0.5000,0.5000,1.3000,0.2000
param,162,1.0611,0.4471,0.9554,-0.1000
pos,163,-0.3297,-0.9233,1.1916,0.2780
input,163,-0.4132,0.1759,0.0127,-0.0235
target,163,-0.5000,0.5000,1.3000,0.2000
param,163,1.0611,0.4471,0.9554,-0.1000
pos,164,-0.3266,-0.9150,1.1908,0.2795
input,164,-0.4132,0.1759,0.0127,-0.0235
target,164,-0.5000,0.5000,1.3000,0.2000
param,164,1.0611,0.4471,0.9554,-0.1000
pos,165,-0.3234,-0.9064,1.1900,0.2806
input,165,-0.4132,0.1759,0.0127,-0.0235
target,165,-0.5000,0.5000,1.3000,0.2000
param,165,1.0611,0.4471,0.9554,-0.1000
pos,166,-0.3204,-0.8977,1.1892,0.2820
input,166,-0.4187,0.1720,0.0084,-0.0213
target,166,-0.5000,0.5000,1.3000,0.2000
param,166,1.0611,0.4471,0.9554,-0.1000
pos,167,-0.3175,-0.8888,1.1884,0.2830
input,167,-0.4187,0.1720,0.0084,-0.0213
target,167,-0.5000,0.5000,1.3000,0.2000
param,167,1.0611,0.4471,0.9554,-0.1000
pos,168,-0.3145,-0.8798,1.1877,0.2840
input,168,-0.4187,0.1720,0.0084,-0.0213
target,168,-0.5000,0.5000,1.3000,0.2000
param,168,1.0610,0.4471,0.9554,-0.1000
pos,169,-0.3115,-0.8706,1.1869,0.2849
input,169,-0.4187,0.1720,0.0084,-0.0213
target,169,-0.5000,0.5000,1.3000,0.2000
param,169,1.0610,0.4471,0.9554,-0.1000
pos,170,-0.3087,-0.8613,1.1863,0.2862
input,170,-0.4187,0.1720,0.0084,-0.0213
target,170,-0.5000,0.5000,1.3000,0.2000
param,170,1.0610,0.4471,0.9554,-0.1000
pos,171,-0.3061,-0.8517,1.1855,0.2872
input,171,-0.4187,0.1720,0.0084,-0.0213
target,171,-0.5000,0.5000,1.3000,0.2000
param,171,1.0610,0.4471,0.9554,-0.1000
pos,172,-0.3036,-0.8420,1.1848,0.2883
input,172,-0.4245,0.1680,0.0026,-0.0182
target,172,-0.5000,0.5000,1.3000,0.2000
param,172,1.0610,0.4471,0.9554,-0.1000
pos,173,-0.3012,-0.8320,1.1841,0.2888
input,173,-0.4245,0.1680,0.0026,-0.0182
target,173,-0.5000,0.5000,1.3000,0.2000
param,173,1.0610,0.4471,0.9554,-0.1000
pos,174,-0.2989,-0.8220,1.1834,0.2899
input,174,-0.4245,0.1680,0.0026,-0.0182
target,174,-0.5000,0.5000,1.3000,0.2000
param,174,1.0610,0.4471,0.9554,-0.1000
pos,175,-0.2967,-0.8118,1.1826,0.2906
input,175,-0.4245,0.1680,0.0026,-0.0182
target,175,-0.5000,0.5000,1.3000,0.2000
param,175,1.0610,0.4471,0.9554,-0.1000
pos,176,-0.2945,-0.8014,1.1819,0.2913
input,176,-0.4245,0.1680,0.0026,-0.0182
target,176,-0.5000,0.5000,1.3000,0.2000
param,176,1.0610,0.4471,0.9554,-0.1000
pos,177,-0.2925,-0.7911,1.1812,0.2916
input,177,-0.4245,0.1680,0.0026,-0.0182
target,177,-0.5000,0.5000,1.3000,0.2000
param,177,1.0610,0.4471,0.9554,-0.1000
pos,178,-0.2904,-0.7805,1.1805,0.2923
input,178,-0.4290,0.1632,-0.0022,-0.0149
target,178,-0.5000,0.5000,1.3000,0.2000
param,178,1.0610,0.4471,0.9554,-0.1000
pos,179,-0.2885,-0.7698,1.1798,0.2929
input,179,-0.4290,0.1632,-0.0022,-0.0149
target,179,-0.5000,0.5000,1.3000,0.2000
param,179,1.0610,0.4471,0.9554,-0.1000
pos,180,-0.2865,-0.7590,1.1792,0.2936
input,180,-0.4290,0.1632,-0.0022,-0.0149
target,180,-0.5000,0.5000,1.3000,0.2000
param,180,1.0611,0.4471,0.9554,-0.1000
pos,181,-0.2848,-0.7480,1.1785,0.2938
input,181,-0.4290,0.1632,-0.0022,-0.0149
target,181,-0.5000,0.5000,1.3000,0.2000
param,181,1.0611,0.4471,0.9554,-0.1000
pos,182,-0.2831,-0.7369,1.1779,0.2939
input,182,-0.4290,0.1632,-0.0022,-0.0149
target,182,-0.5000,0.5000,1.3000,0.2000
param,182,1.0611,0.4471,0.9554,-0.1000
pos,183,-0.2815,-0.7258,1.1773,0.2940
input,183,-0.4290,0.1632,-0.0022,-0.0149
target,183,-0.5000,0.5000,1.3000,0.2000
param,183,1.0611,0.4471,0.9554,-0.1000
pos,184,-0.2799,-0.7145,1.1768,0.2948
input,184,-0.4325,0.1580,-0.0066,-0.0111
target,184,-0.5000,0.5000,1.3000,0.2000
param,184,1.0611,0.4471,0.9554,-0.1000
pos,185,-0.2783,-0.7032,1.1763,0.2955
input,185,-0.4325,0.1580,-0.0066,-0.0111
target,185,-0.5000,0.5000,1.3000,0.2000
param,185,1.0611,0.4471,0.9554,-0.1000
pos,186,-0.2768,-0.6917,1.1758,0.2962
input,186,-0.4325,0.1580,-0.0066,-0.0111
target,186,-0.5000,0.5000,1.3000,0.2000
param,186,1.0612,0.4471,0.9554,-0.1000
pos,187,-0.2755,-0.6800,1.1755,0.2968
input,187,-0.4325,0.1580,-0.0066,-0.0111
target,187,-0.5000,0.5000,1.3000,0.2000
param,187,1.0612,0.4471,0.9554,-0.1000
pos,188,-0.2743,-0.6691,1.1751,0.2968
input,188,-0.4325,0.1580,-0.0066,-0.0111
target,188,-0.5000,0.5000,1.3000,0.2000
param,188,1.0612,0.4471,0.9554,-0.1000
pos,189,-0.2731,-0.6572,1.1748,0.2974
input,189,-0.4325,0.1580,-0.0066,-0.0111
target,189,-0.5000,0.5000,1.3000,0.2000
param,189,1.0612,0.4471,0.9554,-0.1000
pos,190,-0.2719,-0.6451,1.1746,0.2976
input,190,-0.4325,0.1580,-0.0066,-0.0111
target,190,-0.5000,0.5000,1.3000,0.2000
param,190,1.0612,0.4471,0.9554,-0.1000
pos,191,-0.2707,-0.6332,1.1744,0.2988
input,191,-0.4325,0.1580,-0.0066,-0.0111
target,191,-0.5000,0.5000,1.3000,0.2000
param,191,1.0612,0.4471,0.9554,-0.1000
pos,192,-0.2697,-0.6209,1.1742,0.2991
input,192,-0.4356,0.1527,-0.0141,-0.0057
target,192,-0.5000,0.5000,1.3000,0.2000
param,192,1.0613,0.4471,0.9554,-0.1000
pos,193,-0.2687,-0.6087,1.1741,0.2996
input,193,-0.4356,0.1527,-0.0141,-0.0057
target,193,-0.5000,0.5000,1.3000,0.2000
param,193,1.0613,0.4471,0.9554,-0.1000
pos,194,-0.2677,-0.5963,1.1740,0.3002
input,194,-0.4356,0.1527,-0.0141,-0.0057
target,194,-0.5000,0.5000,1.3000,0.2000
param,194,1.0613,0.4471,0.9554,-0.1000
pos,195,-0.2668,-0.5838,1.1739,0.3001
input,195,-0.4356,0.1527,-0.0141,-0.0057
target,195,-0.5000,0.5000,1.3000,0.2000
param,195,1.0613,0.4471,0.9554,-0.1000
pos,196,-0.2659,-0.5713,1.1739,0.3004
input,196,-0.4356,0.1527,-0.0141,-0.0057
target,196,-0.5000,0.5000,1.3000,0.2000
param,196,1.0613,0.4471,0.9554,-0.1000
pos,197,-0.2651,-0.5586,1.1739,0.3003
input,197,-0.4356,0.1527,-0.0141,-0.0057
target,197,-0.5000,0.5000,1.3000,0.2000
param,197,1.0613,0.4471,0.9554,-0.1000
pos,198,-0.2644,-0.5460,1.1740,0.3002
input,198,-0.4356,0.1527,-0.0141,-0.0057
target,198,-0.5000,0.5000,1.3000,0.2000
param,198,1.0614,0.4471,0.9554,-0.1000
pos,199,-0.2636,-0.5332,1.1740,0.3004
input,199,-0.4368,0.1467,-0.0201,-0.0010
target,199,-0.5000,0.5000,1.3000,0.2000
param,199,1.0614,0.4471,0.9554,-0.1000
pos,200,-0.2628,-0.5204,1.1742,0.3009
input,200,-0.4368,0.1467,-0.0201,-0.0010
target,200,-0.5000,0.5000,1.3000,0.2000
param,200,1.0614,0.4471,0.9554,-0.1000
pos,201,-0.2620,-0.5075,1.1743,0.3009
input,201,-0.4368,0.1467,-0.0201,-0.0010
target,201,-0.5000,0.5000,1.3000,0.2000
param,201,1.0614,0.4471,0.9554,-0.1000
pos,202,-0.2612,-0.4944,1.1745,0.3011
input,202,-0.4368,0.1467,-0.0201,-0.0010
target,202,-0.5000,0.5000,1.3000,0.2000
param,202,1.0614,0.4471,0.9554,-0.1000
pos,203,-0.2607,-0.4813,1.1747,0.3011
input,203,-0.4368,0.1467,-0.0201,-0.0010
target,203,-0.5000,0.5000,1.3000,0.2000
param,203,1.0614,0.4471,0.9554,-0.1000
pos,204,-0.2601,-0.4680,1.1749,0.3011
input,204,-0.4368,0.1467,-0.0201,-0.0010
target,204,-0.5000,0.5000,1.3000,0.2000
param,204,1.0614,0.4471,0.9554,-0.1000
pos,205,-0.2595,-0.4548,1.1752,0.3013
input,205,-0.4368,0.1467,-0.0201,-0.0010
target,205,-0.5000,0.5000,1.3000,0.2000
param,205,1.0614,0.4471,0.9554,-0.1000
pos,206,-0.2590,-0.4414,1.1755,0.3015
input,206,-0.4372,0.1399,-0.0272,0.0043
target,206,-0.5000,0.5000,1.3000,0.2000
param,206,1.0615,0.4471,0.9554,-0.1000
pos,207,-0.2584,-0.4278,1.1759,0.3011
input,207,-0.4372,0.1399,-0.0272,0.0043
target,207,-0.5000,0.5000,1.3000,0.2000
param,207,1.0615,0.4471,0.9554,-0.1000
pos,208,-0.2579,-0.4142,1.1762,0.3010
input,208,-0.4372,0.1399,-0.0272,0.0043
target,208,-0.5000,0.5000,1.3000,0.2000
param,208,1.0615,0.4471,0.9554,-0.1000
pos,209,-0.2576,-0.4004,1.1766,0.3001
input,209,-0.4372,0.1399,-0.0272,0.0043
target,209,-0.5000,0.5000,1.3000,0.2000
param,209,1.0615,0.4471,0.9554,-0.1000
pos,210,-0.2573,-0.3867,1.1771,0.3006
input,210,-0.4372,0.1399,-0.0272,0.0043
target,210,-0.5000,0.5000,1.3000,0.2000
param,210,1.0615,0.4471,0.9554,-0.1000
pos,211,-0.2570,-0.3729,1.1775,0.3008
input,211,-0.4372,0.1399,-0.0272,0.0043
target,211,-0.5000,0.5000,1.3000,0.2000
param,211,1.0615,0.4471,0.9554,-0.1000
pos,212,-0.2566,-0.3590,1.1779,0.3010
input,212,-0.4366,0.1329,-0.0338,0.0093
target,212,-0.5000,0.5000,1.3000,0.2000
param,212,1.0615,0.4471,0.9554,-0.1000
pos,213,-0.2563,-0.3450,1.1783,0.3003
input,213,-0.4366,0.1329,-0.0338,0.0093
target,213,-0.5000,0.5000,1.3000,0.2000
param,213,1.0615,0.4471,0.9554,-0.1000
pos,214,-0.2560,-0.3309,1.1788,0.3000
input,214,-0.4366,0.1329,-0.0338,0.0093
target,214,-0.5000,0.5000,1.3000,0.2000
param,214,1.0615,0.4471,0.9554,-0.1000
pos,215,-0.2559,-0.3167,1.1793,0.2996
input,215,-0.4366,0.1329,-0.0338,0.0093
target,215,-0.5000,0.5000,1.3000,0.2000
param,215,1.0616,0.4471,0.9554,-0.1000
pos,216,-0.2558,-0.3024,1.1798,0.2993
input,216,-0.4366,0.1329,-0.0338,0.0093
target,216,-0.5000,0.5000,1.3000,0.2000
param,216,1.0616,0.4471,0.9554,-0.1000
pos,217,-0.2558,-0.2881,1.1803,0.2984
input,217,-0.4358,0.1259,-0.0397,0.0145
target,217,-0.5000,0.5000,1.3000,0.2000
param,217,1.0616,0.4471,0.9554,-0.1000
pos,218,-0.2557,-0.2738,1.1807,0.2979
input,218,-0.4358,0.1259,-0.0397,0.0145
target,218,-0.5000,0.5000,1.3000,0.2000
param,218,1.0616,0.4471,0.9554,-0.1000
pos,219,-0.2556,-0.2593,1.1812,0.2978
input,219,-0.4358,0.1259,-0.0397,0.0145
target,219,-0.5000,0.5000,1.3000,0.2000
param,219,1.0616,0.4471,0.9554,-0.1000
pos,220,-0.2555,-0.2450,1.1817,0.2987
input,220,-0.4358,0.1259,-0.0397,0.0145
target,220,-0.5000,0.5000,1.3000,0.2000
param,220,1.0616,0.4471,0.9554,-0.1000
pos,221,-0.2554,-0.2304,1.1822,0.2985
input,221,-0.4358,0.1259,-0.0397,0.0145
target,221,-0.5000,0.5000,1.3000,0.2000
param,221,1.0616,0.4471,0.9554,-0.1000
pos,222,-0.2554,-0.2158,1.1826,0.2984
input,222,-0.4346,0.1186,-0.0469,0.0210
target,222,-0.5000,0.5000,1.3000,0.2000
param,222,1.0616,0.4471,0.9554,-0.1000
pos,223,-0.2556,-0.2011,1.1832,0.2984
input,223,-0.4346,0.1186,-0.0469,0.0210
target,223,-0.5000,0.5000,1.3000,0.2000
param,223,1.0616,0.4471,0.9554,-0.1000
pos,224,-0.2557,-0.1863,1.1837,0.2980
input,224,-0.4346,0.1186,-0.0469,0.0210
target,224,-0.5000,0.5000,1.3000,0.2000
param,224,1.0616,0.4471,0.9554,-0.1000
pos,225,-0.2559,-0.1715,1.1842,0.2977
input,225,-0.4346,0.1186,-0.0469,0.0210
target,225,-0.5000,0.5000,1.3000,0.2000
param,225,1.0616,0.4471,0.9554,-0.1000
pos,226,-0.2561,-0.1568,1.1846,0.2984
input,226,-0.4332,0.1121,-0.0539,0.0274
target,226,-0.5000,0.5000,1.3000,0.2000
param,226,1.0617,0.4471,0.9554,-0.1000
pos,227,-0.2563,-0.1420,1.1851,0.2995
input,227,-0.4332,0.1121,-0.0539,0.0274
target,227,-0.5000,0.5000,1.3000,0.2000
param,227,1.0617,0.4471,0.9554,-0.1000
pos,228,-0.2565,-0.1272,1.1855,0.3006
input,228,-0.4332,0.1121,-0.0539,0.0274
target,228,-0.5000,0.5000,1.3000,0.2000
param,228,1.0617,0.4471,0.9554,-0.1001
pos,229,-0.2567,-0.1121,1.1859,0.3007
input,229,-0.4332,0.1121,-0.0539,0.0274
target,229,-0.5000,0.5000,1.3000,0.2000
param,229,1.0617,0.4471,0.9554,-0.1001
pos,230,-0.2571,-0.0971,1.1863,0.3015
input,230,-0.4313,0.1069,-0.0663,0.0356
target,230,-0.5000,0.5000,1.3000,0.2000
param,230,1.0617,0.4471,0.9554,-0.1001
pos,231,-0.2575,-0.0820,1.1867,0.3011
input,231,-0.4313,0.1069,-0.0663,0.0356
target,231,-0.5000,0.5000,1.3000,0.2000
param,231,1.0617,0.4471,0.9554,-0.1001
pos,232,-0.2579,-0.0667,1.1872,0.3004
input,232,-0.4313,0.1069,-0.0663,0.0356
target,232,-0.5000,0.5000,1.3000,0.2000
param,232,1.0617,0.4471,0.9554,-0.1001
pos,233,-0.2583,-0.0514,1.1875,0.3003
input,233,-0.4294,0.1009,-0.0735,0.0432
target,233,-0.5000,0.5000,1.3000,0.2000
param,233,1.0617,0.4471,0.9554,-0.1001
pos,234,-0.2587,-0.0371,1.1880,0.3001
input,234,-0.4294,0.1009,-0.0735,0.0432
target,234,-0.5000,0.5000,1.3000,0.2000
param,234,1.0617,0.4471,0.9554,-0.1001
pos,235,-0.2592,-0.0216,1.1883,0.3000
input,235,-0.4294,0.1009,-0.0735,0.0432
target,235,-0.5000,0.5000,1.3000,0.2000
param,235,1.0617,0.4471,0.9554,-0.1001
pos,236,-0.2595,-0.0082,1.1887,0.2996
input,236,-0.4269,0.0940,-0.0815,0.0522
target,236,-0.5000,0.5000,1.3000,0.2000
param,236,1.0617,0.4471,0.9554,-0.1001
pos,237,-0.2602,0.0076,1.1891,0.2999
input,237,-0.4269,0.0940,-0.0815,0.0522
target,237,-0.5000,0.5000,1.3000,0.2000
param,237,1.0617,0.4471,0.9554,-0.1001
pos,238,-0.2609,0.0234,1.1894,0.3004
input,238,-0.4269,0.0940,-0.0815,0.0522
target,238,-0.5000,0.5000,1.3000,0.2000
param,238,1.0618,0.4471,0.9554,-0.1001
pos,239,-0.2615,0.0392,1.1897,0.3006
input,239,-0.4235,0.0868,-0.0919,0.0633
target,239,-0.5000,0.5000,1.3000,0.2000
param,239,1.0618,0.4471,0.9554,-0.1001
pos,240,-0.2623,0.0552,1.1899,0.3000
input,240,-0.4235,0.0868,-0.0919,0.0633
target,240,-0.5000,0.5000,1.3000,0.2000
param,240,1.0618,0.4471,0.9554,-0.1001
pos,241,-0.2629,0.0710,1.1902,0.3002
input,241,-0.4204,0.0807,-0.0996,0.0731
target,241,-0.5000,0.5000,1.3000,0.2000
param,241,1.0618,0.4471,0.9554,-0.1001
pos,242,-0.2637,0.0871,1.1905,0.2988
input,242,-0.4204,0.0807,-0.0996,0.0731
target,242,-0.5000,0.5000,1.3000,0.2000
param,242,1.0618,0.4471,0.9554,-0.1001
pos,243,-0.2646,0.1029,1.1908,0.2988
input,243,-0.4155,0.0732,-0.1058,0.0841
target,243,-0.5000,0.5000,1.3000,0.2000
param,243,1.0618,0.4471,0.9554,-0.1001
pos,244,-0.2655,0.1187,1.1911,0.2989
input,244,-0.3930,0.0662,-0.1062,0.0864
target,244,-0.5000,0.5000,1.3000,0.2000
param,244,1.0618,0.4471,0.9554,-0.1001
pos,245,-0.2664,0.1347,1.1914,0.2983
input,245,-0.3711,0.0590,-0.1065,0.0905
target,245,-0.5000,0.5000,1.3000,0.2000
param,245,1.0618,0.4471,0.9554,-0.1001
pos,246,-0.2674,0.1506,1.1917,0.2980
input,246,-0.3497,0.0512,-0.1051,0.0940
target,246,-0.5000,0.5000,1.3000,0.2000
param,246,1.0618,0.4471,0.9554,-0.1001
pos,247,-0.2684,0.1666,1.1920,0.2971
input,247,-0.3289,0.0435,-0.1041,0.0972
target,247,-0.5000,0.5000,1.3000,0.2000
param,247,1.0618,0.4471,0.9554,-0.1001
pos,248,-0.2696,0.1826,1.1923,0.2960
input,248,-0.3086,0.0354,-0.1019,0.1000
target,248,-0.5000,0.5000,1.3000,0.2000
param,248,1.0618,0.4471,0.9554,-0.1001
pos,249,-0.2708,0.1985,1.1926,0.2957
input,249,-0.2889,0.0273,-0.0993,0.1025
target,249,-0.5000,0.5000,1.3000,0.2000
param,249,1.0619,0.4471,0.9554,-0.1001
pos,250,-0.2719,0.2145,1.1930,0.2944
input,250,-0.2698,0.0194,-0.0982,0.1046
target,250,-0.5000,0.5000,1.3000,0.2000
param,250,1.0619,0.4471,0.9554,-0.1001
pos,251,-0.2732,0.2305,1.1933,0.2934
input,251,-0.2511,0.0111,-0.0948,0.1063
target,251,-0.5000,0.5000,1.3000,0.2000
param,251,1.0619,0.4471,0.9554,-0.1001
pos,252,-0.2743,0.2465,1.1936,0.2922
input,252,-0.2329,0.0029,-0.0921,0.1077
target,252,-0.5000,0.5000,1.3000,0.2000
param,252,1.0619,0.4471,0.9554,-0.1001
pos,253,-0.2757,0.2625,1.1939,0.2906
input,253,-0.2154,-0.0054,-0.0890,0.1089
target,253,-0.5000,0.5000,1.3000,0.2000
param,253,1.0619,0.4471,0.9554,-0.1001
pos,254,-0.2771,0.2784,1.1942,0.2900
input,254,-0.1982,-0.0138,-0.0850,0.1098
target,254,-0.5000,0.5000,1.3000,0.2000
param,254,1.0619,0.4471,0.9554,-0.1001
pos,255,-0.2785,0.2945,1.1946,0.2883
input,255,-0.1815,-0.0217,-0.0832,0.1104
target,255,-0.5000,0.5000,1.3000,0.2000
param,255,1.0619,0.4471,0.9554,-0.1001
pos,256,-0.2800,0.3106,1.1950,0.2864
input,256,-0.1651,-0.0301,-0.0789,0.1107
target,256,-0.5000,0.5000,1.3000,0.2000
param,256,1.0619,0.4471,0.9554,-0.1001
pos,257,-0.2816,0.3265,1.1954,0.2859
input,257,-0.1491,-0.0382,-0.0743,0.1107
target,257,-0.5000,0.5000,1.3000,0.2000
param,257,1.0619,0.4471,0.9554,-0.1001
pos,258,-0.2834,0.3426,1.1959,0.2844
input,258,-0.1337,-0.0461,-0.0725,0.1105
target,258,-0.5000,0.5000,1.3000,0.2000
param,258,1.0619,0.4471,0.9554,-0.1001
pos,259,-0.2851,0.3585,1.1965,0.2826
input,259,-0.1183,-0.0540,-0.0687,0.1101
target,259,-0.5000,0.5000,1.3000,0.2000
param,259,1.0619,0.4471,0.9554,-0.1001
pos,260,-0.2868,0.3745,1.1970,0.2816
input,260,-0.1036,-0.0620,-0.0642,0.1093
target,260,-0.5000,0.5000,1.3000,0.2000
param,260,1.0619,0.4471,0.9554,-0.1001
pos,261,-0.2886,0.3904,1.1976,0.2795
input,261,-0.0892,-0.0698,-0.0614,0.1084
target,261,-0.5000,0.5000,1.3000,0.2000
param,261,1.0619,0.4471,0.9554,-0.1001
pos,262,-0.2905,0.4062,1.1984,0.2776
input,262,-0.0752,-0.0775,-0.0568,0.1072
target,262,-0.5000,0.5000,1.3000,0.2000
param,262,1.0620,0.4471,0.9554,-0.1001
pos,263,-0.2924,0.4220,1.1991,0.2757
input,263,-0.0616,-0.0852,-0.0525,0.1057
target,263,-0.5000,0.5000,1.3000,0.2000
param,263,1.0620,0.4471,0.9554,-0.1001
pos,264,-0.2944,0.4376,1.2000,0.2738
input,264,-0.0484,-0.0928,-0.0482,0.1041
target,264,-0.5000,0.5000,1.3000,0.2000
param,264,1.0620,0.4471,0.9554,-0.1001
pos,265,-0.2965,0.4531,1.2010,0.2718
input,265,-0.0357,-0.1002,-0.0442,0.1022
target,265,-0.5000,0.5000,1.3000,0.2000
param,265,1.0620,0.4471,0.9554,-0.1001
pos,266,-0.2984,0.4686,1.2019,0.2706
input,266,-0.0234,-0.1076,-0.0400,0.1002
target,266,-0.5000,0.5000,1.3000,0.2000
param,266,1.0620,0.4471,0.9554,-0.1001
pos,267,-0.3006,0.4839,1.2031,0.2681
input,267,-0.0115,-0.1151,-0.0373,0.0980
target,267,-0.5000,0.5000,1.3000,0.2000
param,267,1.0620,0.4471,0.9554,-0.1001
pos,268,-0.3027,0.4990,1.2041,0.2656
input,268,-0.0000,-0.1223,-0.0324,0.0955
target,268,-0.5000,0.5000,1.3000,0.2000
param,268,1.0620,0.4471,0.9554,-0.1001
pos,269,-0.3052,0.5141,1.2053,0.2638
input,269,0.0109,-0.1294,-0.0276,0.0930
target,269,-0.5000,0.5000,1.3000,0.2000
param,269,1.0620,0.4471,0.9554,-0.1001
pos,270,-0.3074,0.5288,1.2067,0.2622
input,270,0.0218,-0.1361,-0.0240,0.0904
target,270,-0.5000,0.5000,1.3000,0.2000
param,270,1.0620,0.4471,0.9554,-0.1001
pos,271,-0.3097,0.5436,1.2081,0.2589
input,271,0.0318,-0.1432,-0.0215,0.0875
target,271,-0.5000,0.5000,1.3000,0.2000
param,271,1.0620,0.4471,0.9554,-0.1001
pos,272,-0.3122,0.5580,1.2095,0.2565
input,272,0.0418,-0.1499,-0.0155,0.0846
target,272,-0.5000,0.5000,1.3000,0.2000
param,272,1.0620,0.4471,0.9554,-0.1001
pos,273,-0.3147,0.5723,1.2110,0.2539
input,273,0.0513,-0.1565,-0.0118,0.0816
target,273,-0.5000,0.5000,1.3000,0.2000
param,273,1.0620,0.4471,0.9554,-0.1001
pos,274,-0.3173,0.5864,1.2126,0.2512
input,274,0.0603,-0.1630,-0.0076,0.0786
target,274,-0.5000,0.5000,1.3000,0.2000
param,274,1.0620,0.4471,0.9554,-0.1001
pos,275,-0.3196,0.6001,1.2142,0.2482
input,275,0.0691,-0.1693,-0.0036,0.0755
target,275,-0.5000,0.5000,1.3000,0.2000
param,275,1.0619,0.4471,0.9554,-0.1001
pos,276,-0.3217,0.6133,1.2159,0.2454
input,276,0.0775,-0.1755,0.0010,0.0724
target,276,-0.5000,0.5000,1.3000,0.2000
param,276,1.0619,0.4471,0.9554,-0.1001
pos,277,-0.3237,0.6263,1.2176,0.2431
input,277,0.0856,-0.1816,0.0051,0.0692
target,277,-0.5000,0.5000,1.3000,0.2000
param,277,1.0619,0.4471,0.9554,-0.1001
pos,278,-0.3255,0.6389,1.2194,0.2404
input,278,0.0935,-0.1877,0.0080,0.0661
target,278,-0.5000,0.5000,1.3000,0.2000
param,278,1.0619,0.4471,0.9554,-0.1001
pos,279,-0.3273,0.6513,1.2212,0.2372
input,279,0.1012,-0.1934,0.0118,0.0629
target,279,-0.5000,0.5000,1.3000,0.2000
param,279,1.0619,0.4471,0.9554,-0.1001
pos,280,-0.3290,0.6633,1.2230,0.2346
input,280,0.1090,-0.1987,0.0167,0.0595
target,280,-0.5000,0.5000,1.3000,0.2000
param,280,1.0619,0.4471,0.9554,-0.1001
pos,281,-0.3304,0.6742,1.2248,0.2323
input,281,0.1166,-0.2039,0.0200,0.0563
target,281,-0.5000,0.5000,1.3000,0.2000
param,281,1.0619,0.4471,0.9554,-0.1001
pos,282,-0.3321,0.6857,1.2266,0.2301
input,282,0.1228,-0.2089,0.0227,0.0532
target,282,-0.5000,0.5000,1.3000,0.2000
param,282,1.0619,0.4471,0.9554,-0.1001
pos,283,-0.3338,0.6969,1.2285,0.2282
input,283,0.1305,-0.2137,0.0255,0.0501
target,283,-0.5000,0.5000,1.3000,0.2000
param,283,1.0619,0.4471,0.9554,-0.1001
pos,284,-0.3351,0.7064,1.2303,0.2264
input,284,0.1380,-0.2184,0.0275,0.0468
target,284,-0.5000,0.5000,1.3000,0.2000
param,284,1.0619,0.4471,0.9554,-0.1001
pos,285,-0.3368,0.7174,1.2322,0.2237
input,285,0.1380,-0.2184,0.0275,0.0468
target,285,-0.5000,0.5000,1.3000,0.2000
param,285,1.0618,0.4471,0.9554,-0.1001
pos,286,-0.3385,0.7280,1.2341,0.2219
input,286,0.1512,-0.2267,0.0319,0.0413
target,286,-0.5000,0.5000,1.3000,0.2000
param,286,1.0618,0.4471,0.9554,-0.1001
pos,287,-0.3402,0.7383,1.2359,0.2201
input,287,0.1587,-0.2307,0.0348,0.0373
target,287,-0.5000,0.5000,1.3000,0.2000
param,287,1.0618,0.4471,0.9554,-0.1001
pos,288,-0.3420,0.7485,1.2379,0.2175
input,288,0.1663,-0.2345,0.0369,0.0340
target,288,-0.5000,0.5000,1.3000,0.2000
param,288,1.0618,0.4471,0.9554,-0.1001
pos,289,-0.3438,0.7582,1.2396,0.2161
input,289,0.1737,-0.2377,0.0405,0.0306
target,289,-0.5000,0.5000,1.3000,0.2000
param,289,1.0618,0.4471,0.9554,-0.1001
pos,290,-0.3456,0.7678,1.2415,0.2139
input,290,0.1737,-0.2377,0.0405,0.0306
target,290,-0.5000,0.5000,1.3000,0.2000
param,290,1.0618,0.4471,0.9554,-0.1001
pos,291,-0.3474,0.7770,1.2433,0.2125
input,291,0.1884,-0.2442,0.0436,0.0253
target,291,-0.5000,0.5000,1.3000,0.2000
param,291,1.0618,0.4471,0.9554,-0.1001
pos,292,-0.3493,0.7861,1.2450,0.2107
input,292,0.1884,-0.2442,0.0436,0.0253
target,292,-0.5000,0.5000,1.3000,0.2000
param,292,1.0618,0.4471,0.9554,-0.1001
pos,293,-0.3513,0.7948,1.2467,0.2095
input,293,0.2025,-0.2499,0.0471,0.0190
target,293,-0.5000,0.5000,1.3000,0.2000
param,293,1.0617,0.4471,0.9554,-0.1001
pos,294,-0.3533,0.8033,1.2483,0.2084
input,294,0.2025,-0.2499,0.0471,0.0190
target,294,-0.5000,0.5000,1.3000,0.2000
param,294,1.0617,0.4471,0.9554,-0.1000
pos,295,-0.3553,0.8115,1.2499,0.2072
input,295,0.2163,-0.2554,0.0488,0.0132
target,295,-0.5000,0.5000,1.3000,0.2000
param,295,1.0617,0.4471,0.9554,-0.1000
pos,296,-0.3574,0.8196,1.2516,0.2059
input,296,0.2163,-0.2554,0.0488,0.0132
target,296,-0.5000,0.5000,1.3000,0.2000
param,296,1.0617,0.4471,0.9554,-0.1000
pos,297,-0.3595,0.8274,1.2532,0.2044
input,297,0.2295,-0.2601,0.0514,0.0073
target,297,-0.5000,0.5000,1.3000,0.2000
param,297,1.0617,0.4471,0.9554,-0.1000
pos,298,-0.3617,0.8349,1.2547,0.2037
input,298,0.2295,-0.2601,0.0514,0.0073
target,298,-0.5000,0.5000,1.3000,0.2000
param,298,1.0617,0.4471,0.9554,-0.1000
pos,299,-0.3641,0.8422,1.2561,0.2030
input,299,0.2415,-0.2632,0.0532,0.0017
target,299,-0.5000,0.5000,1.3000,0.2000
param,299,1.0616,0.4471,0.9554,-0.1000
pos,300,-0.3665,0.8492,1.2575,0.2025
input,300,0.2415,-0.2632,0.0532,0.0017
target,300,-0.5000,0.5000,1.3000,0.2000
param,300,1.0616,0.4471,0.9554,-0.1000
pos,301,-0.3690,0.8560,1.2588,0.2024
input,301,0.2415,-0.2632,0.0532,0.0017
target,301,-0.5000,0.5000,1.3000,0.2000
param,301,1.0616,0.4471,0.9554,-0.1000
pos,302,-0.3716,0.8625,1.2601,0.2022
input,302,0.2493,-0.2571,0.0493,-0.0042
target,302,-0.5000,0.5000,1.3000,0.2000
param,302,1.0616,0.4471,0.9554,-0.1000
pos,303,-0.3743,0.8690,1.2614,0.2008
input,303,0.2493,-0.2571,0.0493,-0.0042
target,303,-0.5000,0.5000,1.3000,0.2000
param,303,1.0615,0.4471,0.9554,-0.1000
pos,304,-0.3770,0.8752,1.2626,0.2002
input,304,0.2493,-0.2571,0.0493,-0.0042
target,304,-0.5000,0.5000,1.3000,0.2000
param,304,1.0615,0.4471,0.9554,-0.1000
pos,305,-0.3793,0.8804,1.2637,0.1996
input,305,0.2562,-0.2506,0.0462,-0.0087
target,305,-0.5000,0.5000,1.3000,0.2000
param,305,1.0615,0.4471,0.9554,-0.1000
pos,306,-0.3813,0.8848,1.2647,0.1993
input,306,0.2562,-0.2506,0.0462,-0.0087
target,306,-0.5000,0.5000,1.3000,0.2000
param,306,1.0614,0.4471,0.9554,-0.1000
pos,307,-0.3832,0.8888,1.2656,0.1993
input,307,0.2562,-0.2506,0.0462,-0.0087
target,307,-0.5000,0.5000,1.3000,0.2000
param,307,1.0614,0.4471,0.9554,-0.1000
pos,308,-0.3866,0.8944,1.2665,0.1990
input,308,0.2562,-0.2506,0.0462,-0.0087
target,308,-0.5000,0.5000,1.3000,0.2000
param,308,1.0614,0.4471,0.9554,-0.1000
pos,309,-0.3901,0.8997,1.2674,0.1987
input,309,0.2618,-0.2462,0.0411,-0.0121
target,309,-0.5000,0.5000,1.3000,0.2000
param,309,1.0614,0.4471,0.9554,-0.1000
pos,310,-0.3936,0.9046,1.2682,0.1988
input,310,0.2618,-0.2462,0.0411,-0.0121
target,310,-0.5000,0.5000,1.3000,0.2000
param,310,1.0614,0.4471,0.9554,-0.1000
pos,311,-0.3966,0.9088,1.2688,0.1992
input,311,0.2669,-0.2415,0.0386,-0.0139
target,311,-0.5000,0.5000,1.3000,0.2000
param,311,1.0613,0.4471,0.9554,-0.1000
pos,312,-0.3991,0.9124,1.2694,0.1996
input,312,0.2669,-0.2415,0.0386,-0.0139
target,312,-0.5000,0.5000,1.3000,0.2000
param,312,1.0613,0.4471,0.9554,-0.1000
pos,313,-0.4030,0.9166,1.2699,0.2004
input,313,0.2643,-0.2400,0.0293,-0.0094
target,313,-0.5000,0.5000,1.3000,0.2000
param,313,1.0613,0.4471,0.9554,-0.1000
pos,314,-0.4065,0.9203,1.2703,0.2010
input,314,0.2643,-0.2400,0.0293,-0.0094
target,314,-0.5000,0.5000,1.3000,0.2000
param,314,1.0613,0.4471,0.9554,-0.1000
pos,315,-0.4104,0.9238,1.2707,0.2017
input,315,0.2697,-0.2361,0.0246,-0.0105
target,315,-0.5000,0.5000,1.3000,0.2000
param,315,1.0613,0.4471,0.9554,-0.1000
pos,316,-0.4140,0.9270,1.2710,0.2023
input,316,0.2725,-0.2376,0.0337,-0.0151
target,316,-0.5000,0.5000,1.3000,0.2000
param,316,1.0612,0.4471,0.9554,-0.1000
pos,317,-0.4170,0.9296,1.2713,0.2031
input,317,0.2794,-0.2321,0.0297,-0.0159
target,317,-0.5000,0.5000,1.3000,0.2000
param,317,1.0612,0.4471,0.9554,-0.1000
pos,318,-0.4196,0.9318,1.2715,0.2039
input,318,0.2794,-0.2321,0.0297,-0.0159
target,318,-0.5000,0.5000,1.3000,0.2000
param,318,1.0612,0.4471,0.9554,-0.1000
pos,319,-0.4221,0.9338,1.2716,0.2047
input,319,0.2794,-0.2321,0.0297,-0.0159
target,319,-0.5000,0.5000,1.3000,0.2000
param,319,1.0612,0.4471,0.9554,-0.1000
pos,320,-0.4264,0.9359,1.2715,0.2057
input,320,0.2794,-0.2321,0.0297,-0.0159
target,320,-0.5000,0.5000,1.3000,0.2000
param,320,1.0612,0.4471,0.9554,-0.1000
pos,321,-0.4307,0.9378,1.2714,0.2065
input,321,0.2794,-0.2321,0.0297,-0.0159
target,321,-0.5000,0.5000,1.3000,0.2000
param,321,1.0612,0.4471,0.9554,-0.1000
pos,322,-0.4349,0.9393,1.2711,0.2075
input,322,0.2878,-0.2268,0.0225,-0.0150
target,322,-0.5000,0.5000,1.3000,0.2000
param,322,1.0612,0.4471,0.9554,-0.1000
pos,323,-0.4386,0.9406,1.2708,0.2085
input,323,0.2878,-0.2268,0.0225,-0.0150
target,323,-0.5000,0.5000,1.3000,0.2000
param,323,1.0612,0.4471,0.9554,-0.1000
pos,324,-0.4415,0.9415,1.2705,0.2096
input,324,0.2878,-0.2268,0.0225,-0.0150
target,324,-0.5000,0.5000,1.3000,0.2000
param,324,1.0612,0.4471,0.9554,-0.1000
pos,325,-0.4444,0.9424,1.2702,0.2106
input,325,0.2934,-0.2230,0.0179,-0.0141
target,325,-0.5000,0.5000,1.3000,0.2000
param,325,1.0611,0.4471,0.9554,-0.1000
pos,326,-0.4487,0.9426,1.2696,0.2117
input,326,0.2934,-0.2230,0.0179,-0.0141
target,326,-0.5000,0.5000,1.3000,0.2000
param,326,1.0611,0.4471,0.9554,-0.1000
pos,327,-0.4530,0.9426,1.2690,0.2126
input,327,0.2934,-0.2230,0.0179,-0.0141
target,327,-0.5000,0.5000,1.3000,0.2000
param,327,1.0611,0.4471,0.9554,-0.1000
pos,328,-0.4570,0.9424,1.2682,0.2137
input,328,0.2998,-0.2183,0.0140,-0.0119
target,328,-0.5000,0.5000,1.3000,0.2000
param,328,1.0611,0.4471,0.9554,-0.1000
pos,329,-0.4603,0.9422,1.2676,0.2149
input,329,0.2998,-0.2183,0.0140,-0.0119
target,329,-0.5000,0.5000,1.3000,0.2000
param,329,1.0611,0.4471,0.9554,-0.1000
pos,330,-0.4631,0.9419,1.2670,0.2159
input,330,0.2998,-0.2183,0.0140,-0.0119
target,330,-0.5000,0.5000,1.3000,0.2000
param,330,1.0611,0.4471,0.9554,-0.1000
pos,331,-0.4671,0.9408,1.2661,0.2166
input,331,0.2998,-0.2183,0.0140,-0.0119
target,331,-0.5000,0.5000,1.3000,0.2000
param,331,1.0611,0.4471,0.9554,-0.1000
pos,332,-0.4706,0.9399,1.2652,0.2172
input,332,0.3069,-0.2129,0.0097,-0.0081
target,332,-0.5000,0.5000,1.3000,0.2000
param,332,1.0611,0.4471,0.9554,-0.1000
pos,333,-0.4748,0.9383,1.2642,0.2177
input,333,0.3069,-0.2129,0.0097,-0.0081
target,333,-0.5000,0.5000,1.3000,0.2000
param,333,1.0611,0.4471,0.9554,-0.1000
pos,334,-0.4790,0.9366,1.2632,0.2184
input,334,0.3069,-0.2129,0.0097,-0.0081
target,334,-0.5000,0.5000,1.3000,0.2000
param,334,1.0611,0.4471,0.9554,-0.1000
pos,335,-0.4825,0.9350,1.2623,0.2189
input,335,0.3135,-0.2066,0.0078,-0.0046
target,335,-0.5000,0.5000,1.3000,0.2000
param,335,1.0611,0.4471,0.9554,-0.1000
pos,336,-0.4854,0.9337,1.2614,0.2194
input,336,0.3135,-0.2066,0.0078,-0.0046
target,336,-0.5000,0.5000,1.3000,0.2000
param,336,1.0611,0.4471,0.9554,-0.1000
pos,337,-0.4878,0.9325,1.2606,0.2197
input,337,0.3135,-0.2066,0.0078,-0.0046
target,337,-0.5000,0.5000,1.3000,0.2000
param,337,1.0611,0.4471,0.9554,-0.1000
pos,338,-0.4921,0.9295,1.2594,0.2204
input,338,0.3135,-0.2066,0.0078,-0.0046
target,338,-0.5000,0.5000,1.3000,0.2000
param,338,1.0611,0.4471,0.9554,-0.1000
pos,339,-0.4963,0.9263,1.2581,0.2213
input,339,0.3193,-0.2010,0.0056,0.0003
target,339,-0.5000,0.5000,1.3000,0.2000
param,339,1.0611,0.4471,0.9554,-0.1000
pos,340,-0.5000,0.9232,1.2569,0.2223
input,340,0.3193,-0.2010,0.0056,0.0003
target,340,-0.5000,0.5000,1.3000,0.2000
param,340,1.0611,0.4471,0.9554,-0.1000
pos,341,-0.5032,0.9206,1.2558,0.2233
input,341,0.3193,-0.2010,0.0056,0.0003
target,341,-0.5000,0.5000,1.3000,0.2000
param,341,1.0611,0.4471,0.9554,-0.1000
pos,342,-0.5058,0.9182,1.2548,0.2240
input,342,0.3250,-0.1960,0.0003,0.0056
target,342,-0.5000,0.5000,1.3000,0.2000
param,342,1.0611,0.4471,0.9554,-0.1000
pos,343,-0.5098,0.9140,1.2535,0.2248
input,343,0.3250,-0.1960,0.0003,0.0056
target,343,-0.5000,0.5000,1.3000,0.2000
param,343,1.0611,0.4471,0.9554,-0.1000
pos,344,-0.5139,0.9096,1.2522,0.2259
input,344,0.3250,-0.1960,0.0003,0.0056
target,344,-0.5000,0.5000,1.3000,0.2000
param,344,1.0611,0.4471,0.9554,-0.1000
pos,345,-0.5179,0.9049,1.2509,0.2273
input,345,0.3300,-0.1911,-0.0052,0.0115
target,345,-0.5000,0.5000,1.3000,0.2000
param,345,1.0611,0.4471,0.9554,-0.1000
pos,346,-0.5217,0.9002,1.2496,0.2282
input,346,0.3300,-0.1911,-0.0052,0.0115
target,346,-0.5000,0.5000,1.3000,0.2000
param,346,1.0611,0.4471,0.9554,-0.1000
pos,347,-0.5250,0.8961,1.2484,0.2290
input,347,0.3300,-0.1911,-0.0052,0.0115
target,347,-0.5000,0.5000,1.3000,0.2000
param,347,1.0611,0.4471,0.9554,-0.1000
pos,348,-0.5276,0.8925,1.2474,0.2296
input,348,0.3349,-0.1858,-0.0125,0.0186
target,348,-0.5000,0.5000,1.3000,0.2000
param,348,1.0611,0.4471,0.9554,-0.1000
pos,349,-0.5298,0.8895,1.2464,0.2300
input,349,0.3349,-0.1858,-0.0125,0.0186
target,349,-0.5000,0.5000,1.3000,0.2000
param,349,1.0611,0.4471,0.9554,-0.1000
pos,350,-0.5339,0.8835,1.2452,0.2312
input,350,0.3349,-0.1858,-0.0125,0.0186
target,350,-0.5000,0.5000,1.3000,0.2000
param,350,1.0611,0.4471,0.9554,-0.1000
pos,351,-0.5377,0.8776,1.2441,0.2315
input,351,0.3248,-0.1753,-0.0169,0.0240
target,351,-0.5000,0.5000,1.3000,0.2000
param,351,1.0611,0.4471,0.9554,-0.1000
pos,352,-0.5414,0.8720,1.2430,0.2325
input,352,0.3248,-0.1753,-0.0169,0.0240
target,352,-0.5000,0.5000,1.3000,0.2000
param,352,1.0611,0.4471,0.9554,-0.1000
pos,353,-0.5444,0.8671,1.2421,0.2332
input,353,0.3144,-0.1629,-0.0215,0.0300
target,353,-0.5000,0.5000,1.3000,0.2000
param,353,1.0611,0.4471,0.9554,-0.1000
pos,354,-0.5469,0.8630,1.2413,0.2337
input,354,0.3144,-0.1629,-0.0215,0.0300
target,354,-0.5000,0.5000,1.3000,0.2000
param,354,1.0611,0.4471,0.9554,-0.1000
pos,355,-0.5507,0.8563,1.2402,0.2344
input,355,0.3053,-0.1547,-0.0257,0.0345
target,355,-0.5000,0.5000,1.3000,0.2000
param,355,1.0611,0.4471,0.9554,-0.1000
pos,356,-0.5543,0.8495,1.2392,0.2353
input,356,0.2995,-0.1477,-0.0286,0.0379
target,356,-0.5000,0.5000,1.3000,0.2000
param,356,1.0611,0.4471,0.9554,-0.1000
pos,357,-0.5578,0.8428,1.2383,0.2353
input,357,0.2936,-0.1410,-0.0315,0.0407
target,357,-0.5000,0.5000,1.3000,0.2000
param,357,1.0611,0.4471,0.9554,-0.1000
pos,358,-0.5608,0.8370,1.2375,0.2351
input,358,0.2877,-0.1342,-0.0324,0.0432
target,358,-0.5000,0.5000,1.3000,0.2000
param,358,1.0611,0.4471,0.9554,-0.1000
pos,359,-0.5632,0.8320,1.2368,0.2346
input,359,0.2877,-0.1342,-0.0324,0.0432
target,359,-0.5000,0.5000,1.3000,0.2000
param,359,1.0611,0.4471,0.9554,-0.1000
pos,360,-0.5653,0.8277,1.2363,0.2341
input,360,0.2777,-0.1241,-0.0306,0.0462
target,360,-0.5000,0.5000,1.3000,0.2000
param,360,1.0611,0.4471,0.9554,-0.1000
pos,361,-0.5671,0.8240,1.2358,0.2334
input,361,0.2777,-0.1241,-0.0306,0.0462
target,361,-0.5000,0.5000,1.3000,0.2000
param,361,1.0611,0.4471,0.9554,-0.1000
pos,362,-0.5687,0.8208,1.2353,0.2327
input,362,0.2699,-0.1177,-0.0281,0.0485
target,362,-0.5000,0.5000,1.3000,0.2000
param,362,1.0611,0.4471,0.9554,-0.1000
pos,363,-0.5698,0.8181,1.2350,0.2319
input,363,0.2699,-0.1177,-0.0281,0.0485
target,363,-0.5000,0.5000,1.3000,0.2000
param,363,1.0611,0.4471,0.9554,-0.1000
pos,364,-0.5707,0.8157,1.2347,0.2310
input,364,0.2636,-0.1140,-0.0239,0.0497
target,364,-0.5000,0.5000,1.3000,0.2000
param,364,1.0611,0.4471,0.9554,-0.1000
pos,365,-0.5716,0.8136,1.2344,0.2300
input,365,0.2636,-0.1140,-0.0239,0.0497
target,365,-0.5000,0.5000,1.3000,0.2000
param,365,1.0611,0.4471,0.9554,-0.1000
pos,366,-0.5721,0.8118,1.2342,0.2290
input,366,0.2636,-0.1140,-0.0239,0.0497
target,366,-0.5000,0.5000,1.3000,0.2000
param,366,1.0611,0.4471,0.9554,-0.1000
pos,367,-0.5725,0.8103,1.2341,0.2281
input,367,0.2568,-0.1116,-0.0157,0.0498
target,367,-0.5000,0.5000,1.3000,0.2000
param,367,1.0611,0.4471,0.9554,-0.1000
pos,368,-0.5728,0.8090,1.2339,0.2271
input,368,0.2568,-0.1116,-0.0157,0.0498
target,368,-0.5000,0.5000,1.3000,0.2000
param,368,1.0611,0.4471,0.9554,-0.1000
pos,369,-0.5732,0.8078,1.2338,0.2261
input,369,0.2568,-0.1116,-0.0157,0.0498
target,369,-0.5000,0.5000,1.3000,0.2000
param,369,1.0610,0.4471,0.9554,-0.1000
pos,370,-0.5732,0.8068,1.2337,0.2251
input,370,0.2526,-0.1115,-0.0078,0.0492
target,370,-0.5000,0.5000,1.3000,0.2000
param,370,1.0610,0.4471,0.9554,-0.1000
pos,371,-0.5733,0.8060,1.2337,0.2241
input,371,0.2526,-0.1115,-0.0078,0.0492
target,371,-0.5000,0.5000,1.3000,0.2000
param,371,1.0610,0.4471,0.9554,-0.1000
pos,372,-0.5733,0.8052,1.2336,0.2232
input,372,0.2526,-0.1115,-0.0078,0.0492
target,372,-0.5000,0.5000,1.3000,0.2000
param,372,1.0610,0.4471,0.9554,-0.1000
pos,373,-0.5732,0.8046,1.2336,0.2221
input,373,0.2526,-0.1115,-0.0078,0.0492
target,373,-0.5000,0.5000,1.3000,0.2000
param,373,1.0610,0.4471,0.9554,-0.1000
pos,374,-0.5802,0.7867,1.2325,0.2252
input,374,0.2499,-0.1129,0.0021,0.0473
target,374,-0.5000,0.5000,1.3000,0.2000
param,374,1.0610,0.4471,0.9554,-0.1000
pos,375,-0.5865,0.7708,1.2315,0.2276
input,375,0.2375,-0.0947,-0.0058,0.0514
target,375,-0.5000,0.5000,1.3000,0.2000
param,375,1.0610,0.4471,0.9554,-0.1000
pos,376,-0.5918,0.7570,1.2308,0.2294
input,376,0.2261,-0.0789,-0.0156,0.0557
target,376,-0.5000,0.5000,1.3000,0.2000
param,376,1.0610,0.4471,0.9554,-0.1000
pos,377,-0.5963,0.7452,1.2302,0.2307
input,377,0.2164,-0.0655,-0.0229,0.0590
target,377,-0.5000,0.5000,1.3000,0.2000
param,377,1.0610,0.4471,0.9554,-0.1000
pos,378,-0.6002,0.7350,1.2297,0.2317
input,378,0.2082,-0.0540,-0.0280,0.0615
target,378,-0.5000,0.5000,1.3000,0.2000
param,378,1.0610,0.4471,0.9554,-0.1000
pos,379,-0.6033,0.7262,1.2294,0.2322
input,379,0.2014,-0.0444,-0.0314,0.0634
target,379,-0.5000,0.5000,1.3000,0.2000
param,379,1.0610,0.4471,0.9554,-0.1000
pos,380,-0.6060,0.7187,1.2291,0.2324
input,380,0.1957,-0.0364,-0.0335,0.0647
target,380,-0.5000,0.5000,1.3000,0.2000
param,380,1.0610,0.4471,0.9554,-0.1000
pos,381,-0.6084,0.7122,1.2290,0.2324
input,381,0.1910,-0.0298,-0.0346,0.0656
target,381,-0.5000,0.5000,1.3000,0.2000
param,381,1.0610,0.4471,0.9554,-0.1000
pos,382,-0.6104,0.7067,1.2289,0.2322
input,382,0.1872,-0.0244,-0.0349,0.0661
target,382,-0.5000,0.5000,1.3000,0.2000
param,382,1.0610,0.4471,0.9554,-0.1000
pos,383,-0.6121,0.7019,1.2288,0.2319
input,383,0.1841,-0.0200,-0.0346,0.0664
target,383,-0.5000,0.5000,1.3000,0.2000
param,383,1.0610,0.4471,0.9554,-0.1000
pos,384,-0.6135,0.6980,1.2289,0.2313
input,384,0.1841,-0.0200,-0.0346,0.0664
target,384,-0.5000,0.5000,1.3000,0.2000
param,384,1.0610,0.4471,0.9554,-0.1000
pos,385,-0.6148,0.6946,1.2289,0.2307
input,385,0.1797,-0.0136,-0.0324,0.0662
target,385,-0.5000,0.5000,1.3000,0.2000
param,385,1.0610,0.4471,0.9554,-0.1000
pos,386,-0.6158,0.6918,1.2290,0.2301
input,386,0.1797,-0.0136,-0.0324,0.0662
target,386,-0.5000,0.5000,1.3000,0.2000
param,386,1.0610,0.4471,0.9554,-0.1000
pos,387,-0.6167,0.6894,1.2292,0.2293
input,387,0.1772,-0.0099,-0.0300,0.0658
target,387,-0.5000,0.5000,1.3000,0.2000
param,387,1.0610,0.4471,0.9554,-0.1000
pos,388,-0.6174,0.6874,1.2293,0.2284
input,388,0.1772,-0.0099,-0.0300,0.0658
target,388,-0.5000,0.5000,1.3000,0.2000
param,388,1.0609,0.4471,0.9554,-0.1000
pos,389,-0.6180,0.6858,1.2295,0.2276
input,389,0.1772,-0.0099,-0.0300,0.0658
target,389,-0.5000,0.5000,1.3000,0.2000
param,389,1.0609,0.4471,0.9554,-0.1000
pos,390,-0.6186,0.6844,1.2296,0.2267
input,390,0.1755,-0.0074,-0.0256,0.0645
target,390,-0.5000,0.5000,1.3000,0.2000
param,390,1.0609,0.4471,0.9554,-0.1000
pos,391,-0.6240,0.6665,1.2294,0.2291
input,391,0.1755,-0.0074,-0.0256,0.0645
target,391,-0.5000,0.5000,1.3000,0.2000
param,391,1.0609,0.4471,0.9554,-0.1000
pos,392,-0.6289,0.6500,1.2293,0.2313
input,392,0.1609,0.0083,-0.0295,0.0660
target,392,-0.5000,0.5000,1.3000,0.2000
param,392,1.0610,0.4471,0.9554,-0.1000
pos,393,-0.6333,0.6353,1.2293,0.2313
input,393,0.1477,0.0223,-0.0353,0.0681
target,393,-0.5000,0.5000,1.3000,0.2000
param,393,1.0610,0.4471,0.9554,-0.1000
pos,394,-0.6373,0.6216,1.2293,0.2324
input,394,0.1360,0.0350,-0.0360,0.0695
target,394,-0.5000,0.5000,1.3000,0.2000
param,394,1.0610,0.4471,0.9554,-0.1000
pos,395,-0.6408,0.6098,1.2295,0.2332
input,395,0.1252,0.0464,-0.0382,0.0704
target,395,-2.0000,0.5000,1.3000,0.2000
param,395,1.0610,0.4471,0.9554,-0.1000
pos,396,-0.6439,0.5997,1.2296,0.2338
input,396,-0.3333,-0.4822,0.0166,0.0367
target,396,-2.0000,0.5000,1.3000,0.2000
param,396,1.0610,0.4471,0.9554,-0.1000
pos,397,-0.6465,0.5910,1.2299,0.2341
input,397,-0.3333,-0.4822,0.0166,0.0367
target,397,-2.0000,0.5000,1.3000,0.2000
param,397,1.0610,0.4471,0.9554,-0.1000
pos,398,-0.6496,0.5799,1.2299,0.2356
input,398,-0.3333,-0.4822,0.0166,0.0367
target,398,-2.0000,0.5000,1.3000,0.2000
param,398,1.0610,0.4471,0.9554,-0.1000
pos,399,-0.6524,0.5694,1.2298,0.2371
input,399,-0.3333,-0.4822,0.0166,0.0367
target,399,-2.0000,0.5000,1.3000,0.2000
param,399,1.0610,0.4471,0.9554,-0.1000
pos,400,-0.6550,0.5601,1.2299,0.2377
input,400,-0.3392,-0.4802,0.0101,0.0368
target,400,-2.0000,0.5000,1.3000,0.2000
param,400,1.0610,0.4471,0.9554,-0.1000
pos,401,-0.6572,0.5521,1.2300,0.2382
input,401,-0.3392,-0.4802,0.0101,0.0368
target,401,-2.0000,0.5000,1.3000,0.2000
param,401,1.0610,0.4471,0.9554,-0.1000
pos,402,-0.6592,0.5452,1.2301,0.2386
input,402,-0.3392,-0.4802,0.0101,0.0368
target,402,-2.0000,0.5000,1.3000,0.2000
param,402,1.0610,0.4471,0.9554,-0.1000
pos,403,-0.6613,0.5365,1.2299,0.2393
input,403,-0.3392,-0.4802,0.0101,0.0368
target,403,-2.0000,0.5000,1.3000,0.2000
param,403,1.0610,0.4471,0.9554,-0.1000
pos,404,-0.6634,0.5282,1.2295,0.2407
input,404,-0.3392,-0.4802,0.0101,0.0368
target,404,-2.0000,0.5000,1.3000,0.2000
param,404,1.0610,0.4471,0.9554,-0.1000
pos,405,-0.6654,0.5202,1.2291,0.2419
input,405,-0.3447,-0.4782,0.0038,0.0380
target,405,-2.0000,0.5000,1.3000,0.2000
param,405,1.0610,0.4471,0.9554,-0.1000
pos,406,-0.6672,0.5126,1.2284,0.2435
input,406,-0.3447,-0.4782,0.0038,0.0380
target,406,-2.0000,0.5000,1.3000,0.2000
param,406,1.0610,0.4471,0.9554,-0.1000
pos,407,-0.6687,0.5056,1.2278,0.2438
input,407,-0.3447,-0.4782,0.0038,0.0380
target,407,-2.0000,0.5000,1.3000,0.2000
param,407,1.0610,0.4471,0.9554,-0.1000
pos,408,-0.6702,0.4990,1.2270,0.2439
input,408,-0.3447,-0.4782,0.0038,0.0380
target,408,-2.0000,0.5000,1.3000,0.2000
param,408,1.0610,0.4471,0.9554,-0.1000
pos,409,-0.6716,0.4927,1.2261,0.2444
input,409,-0.3447,-0.4782,0.0038,0.0380
target,409,-2.0000,0.5000,1.3000,0.2000
param,409,1.0610,0.4471,0.9554,-0.1000
pos,410,-0.6728,0.4867,1.2249,0.2444
input,410,-0.3447,-0.4782,0.0038,0.0380
target,410,-2.0000,0.5000,1.3000,0.2000
param,410,1.0610,0.4471,0.9554,-0.1000
pos,411,-0.6741,0.4809,1.2237,0.2447
input,411,-0.3494,-0.4764,-0.0040,0.0415
target,411,-2.0000,0.5000,1.3000,0.2000
param,411,1.0610,0.4471,0.9554,-0.1000
pos,412,-0.6754,0.4754,1.2222,0.2440
input,412,-0.3494,-0.4764,-0.0040,0.0415
target,412,-2.0000,0.5000,1.3000,0.2000
param,412,1.0610,0.4471,0.9554,-0.1000
pos,413,-0.6767,0.4700,1.2205,0.2439
input,413,-0.3494,-0.4764,-0.0040,0.0415
target,413,-2.0000,0.5000,1.3000,0.2000
param,413,1.0610,0.4471,0.9554,-0.1000
pos,414,-0.6781,0.4649,1.2185,0.2433
input,414,-0.3494,-0.4764,-0.0040,0.0415
target,414,-2.0000,0.5000,1.3000,0.2000
param,414,1.0610,0.4471,0.9554,-0.1000
pos,415,-0.6796,0.4600,1.2163,0.2429
input,415,-0.3494,-0.4764,-0.0040,0.0415
target,415,-2.0000,0.5000,1.3000,0.2000
param,415,1.0610,0.4471,0.9554,-0.1000
pos,416,-0.6811,0.4552,1.2137,0.2432
input,416,-0.3494,-0.4764,-0.0040,0.0415
target,416,-2.0000,0.5000,1.3000,0.2000
param,416,1.0610,0.4471,0.9554,-0.1000
pos,417,-0.6829,0.4505,1.2109,0.2430
input,417,-0.3494,-0.4764,-0.0040,0.0415
target,417,-2.0000,0.5000,1.3000,0.2000
param,417,1.0610,0.4471,0.9554,-0.1000
pos,418,-0.6847,0.4461,1.2077,0.2428
input,418,-0.3496,-0.4762,-0.0103,0.0512
target,418,-2.0000,0.5000,1.3000,0.2000
param,418,1.0610,0.4471,0.9554,-0.1000
pos,419,-0.6867,0.4419,1.2043,0.2424
input,419,-0.3496,-0.4762,-0.0103,0.0512
target,419,-2.0000,0.5000,1.3000,0.2000
param,419,1.0609,0.4471,0.9554,-0.1000
pos,420,-0.6889,0.4380,1.2006,0.2421
input,420,-0.3496,-0.4762,-0.0103,0.0512
target,420,-2.0000,0.5000,1.3000,0.2000
param,420,1.0609,0.4471,0.9554,-0.1000
pos,421,-0.6913,0.4342,1.1965,0.2417
input,421,-0.3496,-0.4762,-0.0103,0.0512
target,421,-2.0000,0.5000,1.3000,0.2000
param,421,1.0609,0.4471,0.9554,-0.1000
pos,422,-0.6938,0.4307,1.1921,0.2412
input,422,-0.3458,-0.4772,-0.0127,0.0611
target,422,-2.0000,0.5000,1.3000,0.2000
param,422,1.0609,0.4470,0.9554,-0.1000
pos,423,-0.6964,0.4274,1.1874,0.2406
input,423,-0.3458,-0.4772,-0.0127,0.0611
target,423,-2.0000,0.5000,1.3000,0.2000
param,423,1.0609,0.4470,0.9554,-0.1000
pos,424,-0.6992,0.4245,1.1824,0.2404
input,424,-0.3458,-0.4772,-0.0127,0.0611
target,424,-2.0000,0.5000,1.3000,0.2000
param,424,1.0609,0.4470,0.9554,-0.1000
pos,425,-0.7022,0.4218,1.1770,0.2401
input,425,-0.3403,-0.4785,-0.0140,0.0714
target,425,-2.0000,0.5000,1.3000,0.2000
param,425,1.0608,0.4470,0.9554,-0.1000
pos,426,-0.7053,0.4194,1.1712,0.2394
input,426,-0.3403,-0.4785,-0.0140,0.0714
target,426,-2.0000,0.5000,1.3000,0.2000
param,426,1.0608,0.4470,0.9554,-0.1000
pos,427,-0.7254,0.4198,1.1649,0.2402
input,427,-0.3352,-0.4795,-0.0148,0.0799
target,427,-2.0000,0.5000,1.3000,0.2000
param,427,1.0608,0.4470,0.9554,-0.1000
pos,428,-0.7434,0.4201,1.1582,0.2410
input,428,-0.3352,-0.4795,-0.0148,0.0799
target,428,-2.0000,0.5000,1.3000,0.2000
param,428,1.0608,0.4470,0.9554,-0.1000
pos,429,-0.7596,0.4202,1.1511,0.2417
input,429,-0.3295,-0.4803,-0.0159,0.0892
target,429,-2.0000,0.5000,1.3000,0.2000
param,429,1.0608,0.4470,0.9554,-0.1000
pos,430,-0.7741,0.4203,1.1437,0.2425
input,430,-0.3295,-0.4803,-0.0159,0.0892
target,430,-2.0000,0.5000,1.3000,0.2000
param,430,1.0608,0.4470,0.9554,-0.1000
pos,431,-0.7874,0.4204,1.1359,0.2437
input,431,-0.3231,-0.4809,-0.0167,0.0991
target,431,-2.0000,0.5000,1.3000,0.2000
param,431,1.0608,0.4470,0.9554,-0.1000
pos,432,-0.7992,0.4204,1.1282,0.2454
input,432,-0.3231,-0.4809,-0.0167,0.0991
target,432,-2.0000,0.5000,1.3000,0.2000
param,432,1.0608,0.4470,0.9554,-0.1000
pos,433,-0.8105,0.4203,1.1195,0.2473
input,433,-0.3166,-0.4810,-0.0189,0.1093
target,433,-2.0000,0.5000,1.3000,0.2000
param,433,1.0607,0.4470,0.9554,-0.1000
pos,434,-0.8201,0.4203,1.1116,0.2493
input,434,-0.3166,-0.4810,-0.0189,0.1093
target,434,-2.0000,0.5000,1.3000,0.2000
param,434,1.0607,0.4470,0.9554,-0.1000
pos,435,-0.8300,0.4203,1.1021,0.2512
input,435,-0.3098,-0.4808,-0.0220,0.1197
target,435,-2.0000,0.5000,1.3000,0.2000
param,435,1.0606,0.4470,0.9554,-0.1000
pos,436,-0.8395,0.4206,1.0923,0.2523
input,436,-0.3098,-0.4808,-0.0220,0.1197
target,436,-2.0000,0.5000,1.3000,0.2000
param,436,1.0605,0.4470,0.9554,-0.1000
pos,437,-0.8395,0.4206,1.0923,0.2523
input,437,-0.3028,-0.4716,-0.0234,0.1164
target,437,-2.0000,0.5000,1.3000,0.2000
param,437,1.0605,0.4470,0.9554,-0.1000
pos,438,-0.8565,0.4211,1.0721,0.2557
input,438,-0.2963,-0.4630,-0.0248,0.1131
target,438,-2.0000,0.5000,1.3000,0.2000
param,438,1.0604,0.4469,0.9554,-0.1000
pos,439,-0.8643,0.4215,1.0619,0.2569
input,439,-0.2880,-0.4627,-0.0269,0.1248
target,439,-2.0000,0.5000,1.3000,0.2000
param,439,1.0603,0.4469,0.9554,-0.1000
pos,440,-0.8715,0.4219,1.0519,0.2585
input,440,-0.2852,-0.4704,-0.0277,0.1399
target,440,-2.0000,0.5000,1.3000,0.2000
param,440,1.0602,0.4469,0.9554,-0.1000
pos,441,-0.8790,0.4225,1.0410,0.2602
input,441,-0.2852,-0.4704,-0.0277,0.1399
target,441,-2.0000,0.5000,1.3000,0.2000
param,441,1.0601,0.4469,0.9554,-0.1000
pos,442,-0.8870,0.4234,1.0291,0.2610
input,442,-0.2759,-0.4692,-0.0292,0.1511
target,442,-2.0000,0.5000,1.3000,0.2000
param,442,1.0600,0.4469,0.9554,-0.1000
pos,443,-0.8942,0.4242,1.0176,0.2624
input,443,-0.2706,-0.4763,-0.0290,0.1668
target,443,-2.0000,0.5000,1.3000,0.2000
param,443,1.0599,0.4469,0.9554,-0.1000
pos,444,-0.9020,0.4253,1.0053,0.2632
input,444,-0.2650,-0.4751,-0.0298,0.1727
target,444,-2.0000,0.5000,1.3000,0.2000
param,444,1.0599,0.4469,0.9554,-0.1000
pos,445,-0.9087,0.4263,0.9940,0.2640
input,445,-0.2585,-0.4738,-0.0298,0.1791
target,445,-2.0000,0.5000,1.3000,0.2000
param,445,1.0598,0.4469,0.9554,-0.1000
pos,446,-0.9165,0.4277,0.9812,0.2648
input,446,-0.2528,-0.4725,-0.0300,0.1845
target,446,-2.0000,0.5000,1.3000,0.2000
param,446,1.0597,0.4469,0.9554,-0.1000
pos,447,-0.9242,0.4291,0.9683,0.2657
input,447,-0.2461,-0.4708,-0.0301,0.1909
target,447,-2.0000,0.5000,1.3000,0.2000
param,447,1.0596,0.4469,0.9554,-0.1000
pos,448,-0.9319,0.4305,0.9552,0.2667
input,448,-0.2393,-0.4690,-0.0303,0.1971
target,448,-2.0000,0.5000,1.3000,0.2000
param,448,1.0596,0.4469,0.9554,-0.1000
pos,449,-0.9396,0.4321,0.9420,0.2679
input,449,-0.2325,-0.4669,-0.0307,0.2031
target,449,-2.0000,0.5000,1.3000,0.2000
param,449,1.0595,0.4469,0.9554,-0.1000
pos,450,-0.9462,0.4335,0.9301,0.2691
input,450,-0.2258,-0.4646,-0.0313,0.2091
target,450,-2.0000,0.5000,1.3000,0.2000
param,450,1.0595,0.4469,0.9554,-0.1000
pos,451,-0.9541,0.4353,0.9167,0.2696
input,451,-0.2202,-0.4625,-0.0320,0.2140
target,451,-2.0000,0.5000,1.3000,0.2000
param,451,1.0595,0.4469,0.9554,-0.1000
pos,452,-0.9621,0.4372,0.9031,0.2704
input,452,-0.2132,-0.4600,-0.0318,0.2199
target,452,-2.0000,0.5000,1.3000,0.2000
param,452,1.0595,0.4469,0.9554,-0.1000
pos,453,-0.9700,0.4391,0.8897,0.2705
input,453,-0.2064,-0.4572,-0.0322,0.2255
target,453,-2.0000,0.5000,1.3000,0.2000
param,453,1.0595,0.4469,0.9554,-0.1000
pos,454,-0.9780,0.4412,0.8763,0.2701
input,454,-0.1994,-0.4545,-0.0318,0.2310
target,454,-2.0000,0.5000,1.3000,0.2000
param,454,1.0595,0.4469,0.9554,-0.1000
pos,455,-0.9860,0.4433,0.8629,0.2705
input,455,-0.1923,-0.4516,-0.0309,0.2363
target,455,-2.0000,0.5000,1.3000,0.2000
param,455,1.0595,0.4469,0.9554,-0.1000
pos,456,-0.9929,0.4450,0.8508,0.2712
input,456,-0.1857,-0.4484,-0.0309,0.2414
target,456,-2.0000,0.5000,1.3000,0.2000
param,456,1.0594,0.4469,0.9554,-0.1000
pos,457,-0.9993,0.4466,0.8392,0.2718
input,457,-0.1803,-0.4456,-0.0312,0.2456
target,457,-2.0000,0.5000,1.3000,0.2000
param,457,1.0594,0.4469,0.9554,-0.1000
pos,458,-1.0047,0.4479,0.8287,0.2725
input,458,-0.1755,-0.4429,-0.0314,0.2495
target,458,-2.0000,0.5000,1.3000,0.2000
param,458,1.0593,0.4469,0.9554,-0.1000
pos,459,-1.0094,0.4490,0.8193,0.2733
input,459,-0.1755,-0.4429,-0.0314,0.2495
target,459,-2.0000,0.5000,1.3000,0.2000
param,459,1.0592,0.4469,0.9554,-0.1000
pos,460,-1.0188,0.4513,0.8054,0.2735
input,460,-0.1687,-0.4384,-0.0322,0.2556
target,460,-2.0000,0.5000,1.3000,0.2000
param,460,1.0592,0.4469,0.9554,-0.1000
pos,461,-1.0282,0.4536,0.7917,0.2728
input,461,-0.1620,-0.4343,-0.0322,0.2607
target,461,-2.0000,0.5000,1.3000,0.2000
param,461,1.0593,0.4469,0.9554,-0.1000
pos,462,-1.0367,0.4557,0.7788,0.2724
input,462,-0.1553,-0.4303,-0.0313,0.2656
target,462,-2.0000,0.5000,1.3000,0.2000
param,462,1.0593,0.4468,0.9554,-0.1000
pos,463,-1.0441,0.4575,0.7671,0.2721
input,463,-0.1493,-0.4265,-0.0306,0.2698
target,463,-2.0000,0.5000,1.3000,0.2000
param,463,1.0593,0.4468,0.9554,-0.1000
pos,464,-1.0535,0.4596,0.7538,0.2717
input,464,-0.1446,-0.4232,-0.0303,0.2733
target,464,-2.0000,0.5000,1.3000,0.2000
param,464,1.0593,0.4468,0.9554,-0.1000
pos,465,-1.0617,0.4614,0.7418,0.2715
input,465,-0.1387,-0.4188,-0.0298,0.2778
target,465,-2.0000,0.5000,1.3000,0.2000
param,465,1.0593,0.4468,0.9554,-0.1000
pos,466,-1.0711,0.4633,0.7288,0.2711
input,466,-0.1340,-0.4150,-0.0295,0.2813
target,466,-2.0000,0.5000,1.3000,0.2000
param,466,1.0594,0.4468,0.9554,-0.1000
pos,467,-1.0806,0.4653,0.7160,0.2707
input,467,-0.1286,-0.4105,-0.0292,0.2855
target,467,-2.0000,0.5000,1.3000,0.2000
param,467,1.0595,0.4468,0.9554,-0.1000
pos,468,-1.0898,0.4672,0.7034,0.2697
input,468,-0.1234,-0.4060,-0.0289,0.2894
target,468,-2.0000,0.5000,1.3000,0.2000
param,468,1.0595,0.4468,0.9554,-0.1000
pos,469,-1.0989,0.4690,0.6909,0.2693
input,469,-0.1184,-0.4015,-0.0281,0.2932
target,469,-2.0000,0.5000,1.3000,0.2000
param,469,1.0596,0.4468,0.9554,-0.1000
pos,470,-1.1065,0.4704,0.6796,0.2691
input,470,-0.1139,-0.3969,-0.0279,0.2968
target,470,-2.0000,0.5000,1.3000,0.2000
param,470,1.0596,0.4467,0.9554,-0.1000
pos,471,-1.1132,0.4716,0.6696,0.2691
input,471,-0.1139,-0.3969,-0.0279,0.2968
target,471,-2.0000,0.5000,1.3000,0.2000
param,471,1.0596,0.4467,0.9554,-0.1000
pos,472,-1.1230,0.4732,0.6576,0.2686
input,472,-0.1118,-0.3902,-0.0288,0.2929
target,472,-2.0000,0.5000,1.3000,0.2000
param,472,1.0597,0.4467,0.9554,-0.1000
pos,473,-1.1312,0.4744,0.6468,0.2682
input,473,-0.1059,-0.3831,-0.0289,0.2984
target,473,-2.0000,0.5000,1.3000,0.2000
param,473,1.0597,0.4467,0.9554,-0.1000
pos,474,-1.1384,0.4754,0.6371,0.2680
input,474,-0.1036,-0.3847,-0.0279,0.3057
target,474,-2.0000,0.5000,1.3000,0.2000
param,474,1.0598,0.4467,0.9554,-0.1000
pos,475,-1.1458,0.4763,0.6274,0.2681
input,475,-0.0980,-0.3770,-0.0278,0.3109
target,475,-2.0000,0.5000,1.3000,0.2000
param,475,1.0598,0.4467,0.9554,-0.1000
pos,476,-1.1555,0.4774,0.6164,0.2675
input,476,-0.0980,-0.3770,-0.0278,0.3109
target,476,-2.0000,0.5000,1.3000,0.2000
param,476,1.0599,0.4466,0.9554,-0.1000
pos,477,-1.1650,0.4784,0.6055,0.2668
input,477,-0.0925,-0.3685,-0.0279,0.3163
target,477,-2.0000,0.5000,1.3000,0.2000
param,477,1.0599,0.4466,0.9554,-0.1000
pos,478,-1.1731,0.4792,0.5956,0.2663
input,478,-0.0893,-0.3637,-0.0277,0.3190
target,478,-2.0000,0.5000,1.3000,0.2000
param,478,1.0600,0.4466,0.9554,-0.1000
pos,479,-1.1832,0.4801,0.5844,0.2655
input,479,-0.0893,-0.3637,-0.0277,0.3190
target,479,-2.0000,0.5000,1.3000,0.2000
param,479,1.0601,0.4466,0.9554,-0.1000
pos,480,-1.1931,0.4810,0.5734,0.2649
input,480,-0.0836,-0.3544,-0.0271,0.3245
target,480,-2.0000,0.5000,1.3000,0.2000
param,480,1.0601,0.4466,0.9554,-0.1000
pos,481,-1.2016,0.4816,0.5635,0.2645
input,481,-0.0805,-0.3493,-0.0270,0.3272
target,481,-2.0000,0.5000,1.3000,0.2000
param,481,1.0602,0.4465,0.9554,-0.1000
pos,482,-1.2087,0.4821,0.5545,0.2642
input,482,-0.0805,-0.3493,-0.0270,0.3272
target,482,-2.0000,0.5000,1.3000,0.2000
param,482,1.0602,0.4465,0.9554,-0.1000
pos,483,-1.2148,0.4824,0.5464,0.2640
input,483,-0.0766,-0.3414,-0.0269,0.3314
target,483,-2.0000,0.5000,1.3000,0.2000
param,483,1.0603,0.4465,0.9554,-0.1000
pos,484,-1.2250,0.4831,0.5357,0.2635
input,484,-0.0766,-0.3414,-0.0269,0.3314
target,484,-2.0000,0.5000,1.3000,0.2000
param,484,1.0603,0.4465,0.9554,-0.1000
pos,485,-1.2350,0.4838,0.5251,0.2624
input,485,-0.0726,-0.3331,-0.0269,0.3356
target,485,-2.0000,0.5000,1.3000,0.2000
param,485,1.0604,0.4464,0.9554,-0.1000
pos,486,-1.2440,0.4842,0.5150,0.2619
input,486,-0.0697,-0.3279,-0.0264,0.3380
target,486,-2.0000,0.5000,1.3000,0.2000
param,486,1.0605,0.4464,0.9554,-0.1000
pos,487,-1.2524,0.4846,0.5055,0.2615
input,487,-0.0697,-0.3279,-0.0264,0.3380
target,487,-2.0000,0.5000,1.3000,0.2000
param,487,1.0605,0.4464,0.9554,-0.1000
pos,488,-1.2595,0.4849,0.4969,0.2612
input,488,-0.0654,-0.3187,-0.0260,0.3423
target,488,-2.0000,0.5000,1.3000,0.2000
param,488,1.0606,0.4464,0.9554,-0.1000
pos,489,-1.2655,0.4850,0.4892,0.2609
input,489,-0.0654,-0.3187,-0.0260,0.3423
target,489,-2.0000,0.5000,1.3000,0.2000
param,489,1.0606,0.4463,0.9554,-0.1000
pos,490,-1.2749,0.4856,0.4792,0.2597
input,490,-0.0645,-0.3135,-0.0262,0.3384
target,490,-2.0000,0.5000,1.3000,0.2000
param,490,1.0606,0.4463,0.9554,-0.1000
pos,491,-1.2840,0.4860,0.4693,0.2588
input,491,-0.0603,-0.3074,-0.0253,0.3472
target,491,-2.0000,0.5000,1.3000,0.2000
param,491,1.0607,0.4463,0.9554,-0.1000
pos,492,-1.2918,0.4863,0.4604,0.2580
input,492,-0.0603,-0.3074,-0.0253,0.3472
target,492,-2.0000,0.5000,1.3000,0.2000
param,492,1.0607,0.4463,0.9554,-0.1000
pos,493,-1.2983,0.4864,0.4523,0.2574
input,493,-0.0563,-0.2986,-0.0245,0.3509
target,493,-2.0000,0.5000,1.3000,0.2000
param,493,1.0607,0.4462,0.9554,-0.1000
pos,494,-1.3038,0.4865,0.4450,0.2568
input,494,-0.0563,-0.2986,-0.0245,0.3509
target,494,-2.0000,0.5000,1.3000,0.2000
param,494,1.0607,0.4462,0.9554,-0.1000
pos,495,-1.3137,0.4867,0.4348,0.2563
input,495,-0.0541,-0.2928,-0.0240,0.3531
target,495,-2.0000,0.5000,1.3000,0.2000
param,495,1.0608,0.4462,0.9554,-0.1000
pos,496,-1.3221,0.4869,0.4255,0.2559
input,496,-0.0518,-0.2875,-0.0238,0.3552
target,496,-2.0000,0.5000,1.3000,0.2000
param,496,1.0608,0.4462,0.9554,-0.1000
pos,497,-1.3315,0.4870,0.4154,0.2552
input,497,-0.0518,-0.2875,-0.0238,0.3552
target,497,-2.0000,0.5000,1.3000,0.2000
param,497,1.0609,0.4461,0.9554,-0.1000
pos,498,-1.3394,0.4871,0.4064,0.2547
input,498,-0.0480,-0.2779,-0.0233,0.3588
target,498,-2.0000,0.5000,1.3000,0.2000
param,498,1.0609,0.4461,0.9554,-0.1000
pos,499,-1.3462,0.4871,0.3981,0.2542
input,499,-0.0480,-0.2779,-0.0233,0.3588
target,499,-2.0000,0.5000,1.3000,0.2000
param,499,1.0609,0.4461,0.9554,-0.1000
pos,500,-1.3518,0.4870,0.3907,0.2538
input,500,-0.0451,-0.2703,-0.0229,0.3614
target,500,-2.0000,0.5000,1.3000,0.2000
param,500,1.0610,0.4460,0.9554,-0.1000
pos,501,-1.3566,0.4869,0.3840,0.2535
input,501,-0.0451,-0.2703,-0.0229,0.3614
target,501,-2.0000,0.5000,1.3000,0.2000
param,501,1.0610,0.4460,0.9554,-0.1000
pos,502,-1.3612,0.4867,0.3775,0.2532
input,502,-0.0451,-0.2703,-0.0229,0.3614
target,502,-2.0000,0.5000,1.3000,0.2000
param,502,1.0610,0.4460,0.9554,-0.1000
pos,503,-1.3651,0.4866,0.3716,0.2529
input,503,-0.0428,-0.2634,-0.0225,0.3637
target,503,-2.0000,0.5000,1.3000,0.2000
param,503,1.0610,0.4460,0.9554,-0.1000
pos,504,-1.3682,0.4864,0.3662,0.2527
input,504,-0.0428,-0.2634,-0.0225,0.3637
target,504,-2.0000,0.5000,1.3000,0.2000
param,504,1.0609,0.4460,0.9554,-0.1000
pos,505,-1.3709,0.4861,0.3614,0.2524
input,505,-0.0428,-0.2634,-0.0225,0.3637
target,505,-2.0000,0.5000,1.3000,0.2000
param,505,1.0609,0.4460,0.9554,-0.1000
pos,506,-1.3731,0.4859,0.3571,0.2522
input,506,-0.0428,-0.2634,-0.0225,0.3637
target,506,-2.0000,0.5000,1.3000,0.2000
param,506,1.0609,0.4460,0.9554,-0.1000
pos,507,-1.3750,0.4856,0.3533,0.2520
input,507,-0.0428,-0.2634,-0.0225,0.3637
target,507,-2.0000,0.5000,1.3000,0.2000
param,507,1.0609,0.4460,0.9554,-0.1000
pos,508,-1.3764,0.4854,0.3498,0.2518
input,508,-0.0428,-0.2634,-0.0225,0.3637
target,508,-2.0000,0.5000,1.3000,0.2000
param,508,1.0608,0.4460,0.9554,-0.1000
pos,509,-1.3892,0.4858,0.3375,0.2511
input,509,-0.0428,-0.2634,-0.0225,0.3637
target,509,-2.0000,0.5000,1.3000,0.2000
param,509,1.0609,0.4460,0.9554,-0.1000
pos,510,-1.4012,0.4860,0.3254,0.2511
input,510,-0.0390,-0.2514,-0.0216,0.3677
target,510,-2.0000,0.5000,1.3000,0.2000
param,510,1.0610,0.4459,0.9554,-0.1000
pos,511,-1.4113,0.4862,0.3145,0.2512
input,511,-0.0365,-0.2444,-0.0217,0.3697
target,511,-2.0000,0.5000,1.3000,0.2000
param,511,1.0610,0.4459,0.9554,-0.1000
pos,512,-1.4199,0.4863,0.3047,0.2514
input,512,-0.0345,-0.2386,-0.0219,0.3714
target,512,-2.0000,0.5000,1.3000,0.2000
param,512,1.0611,0.4459,0.9554,-0.1000
pos,513,-1.4278,0.4864,0.2953,0.2513
input,513,-0.0345,-0.2386,-0.0219,0.3714
target,513,-2.0000,0.5000,1.3000,0.2000
param,513,1.0611,0.4458,0.9554,-0.1000
pos,514,-1.4369,0.4862,0.2845,0.2527
input,514,-0.0314,-0.2294,-0.0220,0.3740
target,514,-2.0000,0.5000,1.3000,0.2000
param,514,1.0611,0.4458,0.9554,-0.1000
pos,515,-1.4454,0.4866,0.2742,0.2514
input,515,-0.0314,-0.2294,-0.0220,0.3740
target,515,-2.0000,0.5000,1.3000,0.2000
param,515,1.0612,0.4458,0.9554,-0.1000
pos,516,-1.4534,0.4868,0.2641,0.2499
input,516,-0.0281,-0.2193,-0.0220,0.3766
target,516,-2.0000,0.5000,1.3000,0.2000
param,516,1.0612,0.4457,0.9554,-0.1000
pos,517,-1.4602,0.4871,0.2550,0.2485
input,517,-0.0281,-0.2193,-0.0220,0.3766
target,517,-2.0000,0.5000,1.3000,0.2000
param,517,1.0612,0.4457,0.9554,-0.1000
pos,518,-1.4660,0.4873,0.2468,0.2473
input,518,-0.0247,-0.2113,-0.0203,0.3787
target,518,-2.0000,0.5000,1.3000,0.2000
param,518,1.0612,0.4457,0.9554,-0.1000
pos,519,-1.4709,0.4874,0.2394,0.2462
input,519,-0.0247,-0.2113,-0.0203,0.3787
target,519,-2.0000,0.5000,1.3000,0.2000
param,519,1.0612,0.4457,0.9554,-0.1000
pos,520,-1.4754,0.4874,0.2323,0.2449
input,520,-0.0224,-0.2059,-0.0189,0.3799
target,520,-2.0000,0.5000,1.3000,0.2000
param,520,1.0612,0.4457,0.9554,-0.1000
pos,521,-1.4836,0.4875,0.2219,0.2446
input,521,-0.0224,-0.2059,-0.0189,0.3799
target,521,-2.0000,0.5000,1.3000,0.2000
param,521,1.0612,0.4457,0.9554,-0.1000
pos,522,-1.4913,0.4875,0.2119,0.2444
input,522,-0.0202,-0.1993,-0.0180,0.3815
target,522,-2.0000,0.5000,1.3000,0.2000
param,522,1.0613,0.4456,0.9554,-0.1000
pos,523,-1.4987,0.4876,0.2021,0.2437
input,523,-0.0202,-0.1993,-0.0180,0.3815
target,523,-2.0000,0.5000,1.3000,0.2000
param,523,1.0613,0.4456,0.9554,-0.1000
pos,524,-1.5057,0.4878,0.1928,0.2426
input,524,-0.0178,-0.1911,-0.0175,0.3833
target,524,-2.0000,0.5000,1.3000,0.2000
param,524,1.0613,0.4456,0.9554,-0.1000
pos,525,-1.5121,0.4879,0.1840,0.2411
input,525,-0.0178,-0.1911,-0.0175,0.3833
target,525,-2.0000,0.5000,1.3000,0.2000
param,525,1.0613,0.4456,0.9554,-0.1000
pos,526,-1.5187,0.4881,0.1753,0.2396
input,526,-0.0154,-0.1841,-0.0160,0.3848
target,526,-2.0000,0.5000,1.3000,0.2000
param,526,1.0613,0.4455,0.9554,-0.1000
pos,527,-1.5248,0.4881,0.1669,0.2395
input,527,-0.0154,-0.1841,-0.0160,0.3848
target,527,-2.0000,0.5000,1.3000,0.2000
param,527,1.0614,0.4455,0.9554,-0.1000
pos,528,-1.5304,0.4881,0.1590,0.2397
input,528,-0.0135,-0.1777,-0.0152,0.3861
target,528,-2.0000,0.5000,1.3000,0.2000
param,528,1.0614,0.4455,0.9554,-0.1000
pos,529,-1.5363,0.4883,0.1512,0.2391
input,529,-0.0135,-0.1777,-0.0152,0.3861
target,529,-2.0000,0.5000,1.3000,0.2000
param,529,1.0614,0.4455,0.9554,-0.1000
pos,530,-1.5413,0.4884,0.1442,0.2386
input,530,-0.0121,-0.1721,-0.0151,0.3871
target,530,-2.0000,0.5000,1.3000,0.2000
param,530,1.0614,0.4455,0.9554,-0.1000
pos,531,-1.5456,0.4885,0.1378,0.2382
input,531,-0.0121,-0.1721,-0.0151,0.3871
target,531,-2.0000,0.5000,1.3000,0.2000
param,531,1.0614,0.4455,0.9554,-0.1000
pos,532,-1.5492,0.4886,0.1320,0.2377
input,532,-0.0121,-0.1721,-0.0151,0.3871
target,532,-2.0000,0.5000,1.3000,0.2000
param,532,1.0614,0.4455,0.9554,-0.1000
pos,533,-1.5524,0.4887,0.1267,0.2374
input,533,-0.0104,-0.1664,-0.0144,0.3882
target,533,-2.0000,0.5000,1.3000,0.2000
param,533,1.0614,0.4455,0.9554,-0.1000
pos,534,-1.5549,0.4888,0.1220,0.2371
input,534,-0.0104,-0.1664,-0.0144,0.3882
target,534,-2.0000,0.5000,1.3000,0.2000
param,534,1.0614,0.4455,0.9554,-0.1000
pos,535,-1.5607,0.4892,0.1172,0.2357
input,535,-0.0104,-0.1664,-0.0144,0.3882
target,535,-2.0000,0.5000,1.3000,0.2000
param,535,1.0614,0.4455,0.9554,-0.1000
pos,536,-1.5659,0.4896,0.1129,0.2341
input,536,-0.0104,-0.1664,-0.0144,0.3882
target,536,-2.0000,0.5000,1.3000,0.2000
param,536,1.0614,0.4455,0.9554,-0.1000
pos,537,-1.5705,0.4900,0.1089,0.2327
input,537,-0.0085,-0.1600,-0.0127,0.3894
target,537,-2.0000,0.5000,1.3000,0.2000
param,537,1.0614,0.4455,0.9554,-0.1000
pos,538,-1.5743,0.4904,0.1054,0.2314
input,538,-0.0085,-0.1600,-0.0127,0.3894
target,538,-2.0000,0.5000,1.3000,0.2000
param,538,1.0614,0.4456,0.9554,-0.1000
pos,539,-1.5794,0.4909,0.1022,0.2306
input,539,-0.0085,-0.1600,-0.0127,0.3894
target,539,-2.0000,0.5000,1.3000,0.2000
param,539,1.0614,0.4456,0.9554,-0.1000
pos,540,-1.5841,0.4909,0.0986,0.2300
input,540,-0.0085,-0.1600,-0.0127,0.3894
target,540,-2.0000,0.5000,1.3000,0.2000
param,540,1.0614,0.4456,0.9554,-0.1000
pos,541,-1.5889,0.4911,0.0957,0.2307
input,541,-0.0070,-0.1537,-0.0108,0.3906
target,541,-2.0000,0.5000,1.3000,0.2000
param,541,1.0614,0.4456,0.9554,-0.1000
pos,542,-1.5929,0.4913,0.0931,0.2315
input,542,-0.0070,-0.1537,-0.0108,0.3906
target,542,-2.0000,0.5000,1.3000,0.2000
param,542,1.0614,0.4457,0.9554,-0.1000
pos,543,-1.5967,0.4914,0.0903,0.2322
input,543,-0.0070,-0.1537,-0.0108,0.3906
target,543,-2.0000,0.5000,1.3000,0.2000
param,543,1.0613,0.4457,0.9554,-0.1000
pos,544,-1.6003,0.4916,0.0878,0.2330
input,544,-0.0070,-0.1537,-0.0108,0.3906
target,544,-2.0000,0.5000,1.3000,0.2000
param,544,1.0613,0.4457,0.9554,-0.1000
pos,545,-1.6032,0.4917,0.0856,0.2337
input,545,-0.0070,-0.1537,-0.0108,0.3906
target,545,-2.0000,0.5000,1.3000,0.2000
param,545,1.0613,0.4458,0.9554,-0.1000
pos,546,-1.6060,0.4919,0.0837,0.2344
input,546,-0.0070,-0.1473,-0.0133,0.3917
target,546,-2.0000,0.5000,1.3000,0.2000
param,546,1.0613,0.4458,0.9554,-0.1000
pos,547,-1.6082,0.4911,0.0814,0.2353
input,547,-0.0070,-0.1473,-0.0133,0.3917
target,547,-2.0000,0.5000,1.3000,0.2000
param,547,1.0613,0.4458,0.9554,-0.1000
pos,548,-1.6110,0.4912,0.0796,0.2359
input,548,-0.0070,-0.1473,-0.0133,0.3917
target,548,-2.0000,0.5000,1.3000,0.2000
param,548,1.0613,0.4459,0.9554,-0.1000
pos,549,-1.6133,0.4912,0.0779,0.2366
input,549,-0.0070,-0.1473,-0.0133,0.3917
target,549,-2.0000,0.5000,1.3000,0.2000
param,549,1.0613,0.4459,0.9554,-0.1000
pos,550,-1.6153,0.4912,0.0765,0.2372
input,550,-0.0070,-0.1473,-0.0133,0.3917
target,550,-2.0000,0.5000,1.3000,0.2000
param,550,1.0613,0.4459,0.9554,-0.1000
pos,551,-1.6174,0.4919,0.0759,0.2356
input,551,-0.0070,-0.1473,-0.0133,0.3917
target,551,-2.0000,0.5000,1.3000,0.2000
param,551,1.0612,0.4460,0.9554,-0.1000
pos,552,-1.6199,0.4931,0.0748,0.2340
input,552,-0.0070,-0.1473,-0.0133,0.3917
target,552,-2.0000,0.5000,1.3000,0.2000
param,552,1.0612,0.4460,0.9554,-0.1000
pos,553,-1.6217,0.4938,0.0743,0.2325
input,553,-0.0070,-0.1473,-0.0133,0.3917
target,553,-2.0000,0.5000,1.3000,0.2000
param,553,1.0612,0.4461,0.9554,-0.1000
pos,554,-1.6232,0.4944,0.0739,0.2312
input,554,-0.0070,-0.1473,-0.0133,0.3917
target,554,-2.0000,0.5000,1.3000,0.2000
param,554,1.0612,0.4461,0.9554,-0.1000
pos,555,-1.6244,0.4948,0.0735,0.2300
input,555,-0.0070,-0.1473,-0.0133,0.3917
target,555,-2.0000,0.5000,1.3000,0.2000
param,555,1.0612,0.4461,0.9554,-0.1000
pos,556,-1.6253,0.4952,0.0732,0.2288
input,556,-0.0051,-0.1421,-0.0118,0.3928
target,556,-2.0000,0.5000,1.3000,0.2000
param,556,1.0612,0.4462,0.9554,-0.1000
pos,557,-1.6261,0.4956,0.0729,0.2277
input,557,-0.0051,-0.1421,-0.0118,0.3928
target,557,-2.0000,0.5000,1.3000,0.2000
param,557,1.0612,0.4462,0.9554,-0.1000
pos,558,-1.6276,0.4957,0.0726,0.2278
input,558,-0.0051,-0.1421,-0.0118,0.3928
target,558,-2.0000,0.5000,1.3000,0.2000
param,558,1.0612,0.4462,0.9554,-0.1000
pos,559,-1.6286,0.4955,0.0723,0.2280
input,559,-0.0051,-0.1421,-0.0118,0.3928
target,559,-2.0000,0.5000,1.3000,0.2000
param,559,1.0612,0.4462,0.9554,-0.1000
pos,560,-1.6294,0.4952,0.0721,0.2283
input,560,-0.0051,-0.1421,-0.0118,0.3928
target,560,-2.0000,0.5000,1.3000,0.2000
param,560,1.0612,0.4463,0.9554,-0.1000
pos,561,-1.6300,0.4949,0.0718,0.2285
input,561,-0.0051,-0.1421,-0.0118,0.3928
target,561,-2.0000,0.5000,1.3000,0.2000
param,561,1.0611,0.4463,0.9554,-0.1000
pos,562,-1.6305,0.4947,0.0716,0.2287
input,562,-0.0051,-0.1421,-0.0118,0.3928
target,562,-2.0000,0.5000,1.3000,0.2000
param,562,1.0611,0.4463,0.9554,-0.1000
pos,563,-1.6309,0.4945,0.0714,0.2289
input,563,-0.0051,-0.1421,-0.0118,0.3928
target,563,-2.0000,0.5000,1.3000,0.2000
param,563,1.0611,0.4463,0.9554,-0.1000
pos,564,-1.6315,0.4949,0.0713,0.2289
input,564,-0.0051,-0.1421,-0.0118,0.3928
target,564,-2.0000,0.5000,1.3000,0.2000
param,564,1.0611,0.4463,0.9554,-0.1000
pos,565,-1.6319,0.4953,0.0709,0.2291
input,565,-0.0051,-0.1421,-0.0118,0.3928
target,565,-2.0000,0.5000,1.3000,0.2000
param,565,1.0611,0.4464,0.9554,-0.1000
pos,566,-1.6323,0.4956,0.0706,0.2292
input,566,-0.0051,-0.1421,-0.0118,0.3928
target,566,-2.0000,0.5000,1.3000,0.2000
param,566,1.0611,0.4464,0.9554,-0.1000
pos,567,-1.6326,0.4958,0.0703,0.2294
input,567,-0.0051,-0.1421,-0.0118,0.3928
target,567,-2.0000,0.5000,1.3000,0.2000
param,567,1.0611,0.4464,0.9554,-0.1000
pos,568,-1.6328,0.4960,0.0701,0.2296
input,568,-0.0051,-0.1421,-0.0118,0.3928
target,568,-2.0000,0.5000,1.3000,0.2000
param,568,1.0611,0.4464,0.9554,-0.1000
pos,569,-1.6327,0.4956,0.0696,0.2299
input,569,-0.0051,-0.1421,-0.0118,0.3928
target,569,-2.0000,0.5000,1.3000,0.2000
param,569,1.0611,0.4464,0.9554,-0.1000
pos,570,-1.6326,0.4956,0.0691,0.2301
input,570,-0.0051,-0.1421,-0.0118,0.3928
target,570,-2.0000,0.5000,1.3000,0.2000
param,570,1.0611,0.4464,0.9554,-0.1000
pos,571,-1.6327,0.4953,0.0687,0.2303
input,571,-0.0051,-0.1421,-0.0118,0.3928
target,571,-2.0000,0.5000,1.3000,0.2000
param,571,1.0611,0.4464,0.9554,-0.1000
pos,572,-1.6326,0.4951,0.0687,0.2305
input,572,-0.0051,-0.1421,-0.0118,0.3928
target,572,-2.0000,0.5000,1.3000,0.2000
param,572,1.0611,0.4464,0.9554,-0.1000
pos,573,-1.6326,0.4949,0.0688,0.2308
input,573,-0.0051,-0.1421,-0.0118,0.3928
target,573,-2.0000,0.5000,1.3000,0.2000
param,573,1.0611,0.4464,0.9554,-0.1000
pos,574,-1.6325,0.4948,0.0689,0.2310
input,574,-0.0051,-0.1421,-0.0118,0.3928
target,574,-2.0000,0.5000,1.3000,0.2000
param,574,1.0611,0.4465,0.9554,-0.1000
pos,575,-1.6325,0.4947,0.0689,0.2312
input,575,-0.0051,-0.1421,-0.0118,0.3928
target,575,-2.0000,0.5000,1.3000,0.2000
param,575,1.0610,0.4465,0.9554,-0.1000
pos,576,-1.6324,0.4946,0.0690,0.2314
input,576,-0.0051,-0.1421,-0.0118,0.3928
target,576,-2.0000,0.5000,1.3000,0.2000
param,576,1.0610,0.4465,0.9554,-0.1000
