pos,0,-2.1824,-1.0297,1.2249,0.0136
input,0,0.0357,0.1179,-0.0097,0.0748
target,0,-2.0000,-1.0000,1.3000,0.0000
param,0,1.0611,0.4471,0.9554,-0.0000
pos,1,-2.1816,-1.0296,1.2248,0.0139
input,1,0.0357,0.1179,-0.0097,0.0748
target,1,-2.0000,0.5000,1.3000,0.0000
param,1,1.0611,0.4471,0.9554,-0.0000
pos,2,-2.1810,-1.0295,1.2247,0.0142
input,2,-0.3296,-0.0069,-0.0036,-0.0400
target,2,-2.0000,0.5000,1.3000,0.0000
param,2,1.0611,0.4471,0.9554,-0.0000
pos,3,-2.1804,-1.0294,1.2247,0.0145
input,3,-0.3296,-0.0069,-0.0036,-0.0400
target,3,-2.0000,0.5000,1.3000,0.0000
param,3,1.0611,0.4471,0.9554,-0.0000
pos,4,-2.1799,-1.0293,1.2247,0.0150
input,4,-0.3296,-0.0069,-0.0036,-0.0400
target,4,-2.0000,0.5000,1.3000,0.0000
param,4,1.0611,0.4471,0.9554,-0.0000
pos,5,-2.1789,-1.0287,1.2247,0.0145
input,5,-0.3245,0.0045,-0.0032,-0.0398
target,5,-2.0000,0.5000,1.3000,0.0000
param,5,1.0611,0.4471,0.9554,-0.0000
pos,6,-2.1779,-1.0281,1.2246,0.0137
input,6,-0.3245,0.0045,-0.0032,-0.0398
target,6,-2.0000,0.5000,1.3000,0.0000
param,6,1.0611,0.4471,0.9554,-0.0000
pos,7,-2.1767,-1.0272,1.2246,0.0140
input,7,-0.3198,0.0063,-0.0029,-0.0340
target,7,-2.0000,0.5000,1.3000,0.0000
param,7,1.0611,0.4471,0.9554,-0.0000
pos,8,-2.1757,-1.0266,1.2246,0.0148
input,8,-0.3198,0.0063,-0.0029,-0.0340
target,8,-2.0000,0.5000,1.3000,0.0000
param,8,1.0611,0.4471,0.9554,-0.0000
pos,9,-2.1745,-1.0257,1.2246,0.0145
input,9,-0.3204,0.0126,0.0000,-0.0388
target,9,-2.0000,0.5000,1.3000,0.0000
param,9,1.0611,0.4471,0.9554,-0.0000
pos,10,-2.1734,-1.0249,1.2246,0.0148
input,10,-0.3204,0.0126,0.0000,-0.0388
target,10,-2.0000,0.5000,1.3000,0.0000
param,10,1.0611,0.4471,0.9554,-0.0000
pos,11,-2.1723,-1.0241,1.2246,0.0150
input,11,-0.3169,0.0218,0.0022,-0.0375
target,11,-2.0000,0.5000,1.3000,0.0000
param,11,1.0611,0.4471,0.9554,-0.0000
pos,12,-2.1713,-1.0233,1.2246,0.0152
input,12,-0.3169,0.0218,0.0022,-0.0375
target,12,-2.0000,0.5000,1.3000,0.0000
param,12,1.0611,0.4471,0.9554,-0.0000
pos,13,-2.1702,-1.0228,1.2245,0.0148
input,13,-0.3169,0.0218,0.0022,-0.0375
target,13,-2.0000,0.5000,1.3000,0.0000
param,13,1.0611,0.4471,0.9554,-0.0000
pos,14,-2.1691,-1.0217,1.2246,0.0146
input,14,-0.3133,0.0305,0.0050,-0.0364
target,14,-2.0000,0.5000,1.3000,0.0000
param,14,1.0611,0.4471,0.9554,-0.0000
pos,15,-2.1678,-1.0203,1.2246,0.0143
input,15,-0.3133,0.0305,0.0050,-0.0364
target,15,-2.0000,0.5000,1.3000,0.0000
param,15,1.0611,0.4471,0.9554,-0.0000
pos,16,-2.1665,-1.0191,1.2246,0.0127
input,16,-0.3133,0.0305,0.0050,-0.0364
target,16,-2.0000,0.5000,1.3000,0.0000
param,16,1.0611,0.4471,0.9554,-0.0000
pos,17,-2.1652,-1.0177,1.2246,0.0112
input,17,-0.3093,0.0374,0.0084,-0.0352
target,17,-2.0000,0.5000,1.3000,0.0000
param,17,1.0611,0.4471,0.9554,-0.0000
pos,18,-2.1640,-1.0161,1.2246,0.0105
input,18,-0.3093,0.0374,0.0084,-0.0352
target,18,-2.0000,0.5000,1.3000,0.0000
param,18,1.0611,0.4471,0.9554,-0.0000
pos,19,-2.1628,-1.0145,1.2247,0.0108
input,19,-0.3093,0.0374,0.0084,-0.0352
target,19,-2.0000,0.5000,1.3000,0.0000
param,19,1.0611,0.4471,0.9554,-0.0000
pos,20,-2.1616,-1.0128,1.2249,0.0112
input,20,-0.3053,0.0445,0.0111,-0.0339
target,20,-2.0000,0.5000,1.3000,0.0000
param,20,1.0611,0.4471,0.9554,-0.0000
pos,21,-2.1603,-1.0108,1.2250,0.0113
input,21,-0.3053,0.0445,0.0111,-0.0339
target,21,-2.0000,0.5000,1.3000,0.0000
param,21,1.0611,0.4471,0.9554,-0.0000
pos,22,-2.1593,-1.0091,1.2251,0.0114
input,22,-0.3053,0.0445,0.0111,-0.0339
target,22,-2.0000,0.5000,1.3000,0.0000
param,22,1.0611,0.4471,0.9554,-0.0000
pos,23,-2.1580,-1.0067,1.2252,0.0117
input,23,-0.3018,0.0533,0.0128,-0.0327
target,23,-2.0000,0.5000,1.3000,0.0000
param,23,1.0611,0.4471,0.9554,-0.0000
pos,24,-2.1568,-1.0042,1.2254,0.0116
input,24,-0.3018,0.0533,0.0128,-0.0327
target,24,-2.0000,0.5000,1.3000,0.0000
param,24,1.0611,0.4471,0.9554,0.0000
pos,25,-2.1554,-1.0010,1.2255,0.0106
input,25,-0.3018,0.0533,0.0128,-0.0327
target,25,-2.0000,0.5000,1.3000,0.0000
param,25,1.0611,0.4471,0.9554,0.0000
pos,26,-2.1541,-0.9978,1.2257,0.0097
input,26,-0.2980,0.0611,0.0156,-0.0315
target,26,-2.0000,0.5000,1.3000,0.0000
param,26,1.0611,0.4471,0.9554,0.0000
pos,27,-2.1528,-0.9948,1.2259,0.0101
input,27,-0.2980,0.0611,0.0156,-0.0315
target,27,-2.0000,0.5000,1.3000,0.0000
param,27,1.0611,0.4471,0.9554,0.0000
pos,28,-2.1518,-0.9923,1.2261,0.0104
input,28,-0.2980,0.0611,0.0156,-0.0315
target,28,-2.0000,0.5000,1.3000,0.0000
param,28,1.0611,0.4471,0.9554,0.0000
pos,29,-2.1507,-0.9887,1.2263,0.0109
input,29,-0.2942,0.0695,0.0177,-0.0302
target,29,-2.0000,0.5000,1.3000,0.0000
param,29,1.0611,0.4471,0.9554,0.0000
pos,30,-2.1495,-0.9850,1.2265,0.0112
input,30,-0.2942,0.0695,0.0177,-0.0302
target,30,-2.0000,0.5000,1.3000,0.0000
param,30,1.0611,0.4471,0.9554,0.0000
pos,31,-2.1484,-0.9810,1.2267,0.0118
input,31,-0.2942,0.0695,0.0177,-0.0302
target,31,-2.0000,0.5000,1.3000,0.0000
param,31,1.0611,0.4471,0.9554,0.0000
pos,32,-2.1475,-0.9775,1.2268,0.0122
input,32,-0.2907,0.0790,0.0193,-0.0289
target,32,-2.0000,0.5000,1.3000,0.0000
param,32,1.0611,0.4471,0.9554,0.0000
pos,33,-2.1553,-0.9724,1.2260,0.0125
input,33,-0.2907,0.0790,0.0193,-0.0289
target,33,-2.0000,0.5000,1.3000,0.0000
param,33,1.0611,0.4471,0.9554,0.0000
pos,34,-2.1620,-0.9679,1.2253,0.0128
input,34,-0.2907,0.0790,0.0193,-0.0289
target,34,-2.0000,0.5000,1.3000,0.0000
param,34,1.0611,0.4471,0.9554,0.0000
pos,35,-2.1677,-0.9641,1.2246,0.0130
input,35,-0.2880,0.0869,0.0213,-0.0277
target,35,-2.0000,0.5000,1.3000,0.0000
param,35,1.0611,0.4471,0.9554,0.0000
pos,36,-2.1717,-0.9567,1.2240,0.0133
input,36,-0.2880,0.0869,0.0213,-0.0277
target,36,-2.0000,0.5000,1.3000,0.0000
param,36,1.0611,0.4471,0.9554,0.0000
pos,37,-2.1751,-0.9499,1.2233,0.0135
input,37,-0.2880,0.0869,0.0213,-0.0277
target,37,-2.0000,0.5000,1.3000,0.0000
param,37,1.0611,0.4471,0.9554,0.0000
pos,38,-2.1776,-0.9426,1.2228,0.0124
input,38,-0.2880,0.0869,0.0213,-0.0277
target,38,-2.0000,0.5000,1.3000,0.0000
param,38,1.0611,0.4471,0.9554,0.0000
pos,39,-2.1798,-0.9362,1.2223,0.0113
input,39,-0.2880,0.0869,0.0213,-0.0277
target,39,-2.0000,0.5000,1.3000,0.0000
param,39,1.0611,0.4471,0.9554,0.0000
pos,40,-2.1816,-0.9308,1.2218,0.0102
input,40,-0.2880,0.0869,0.0213,-0.0277
target,40,-2.0000,0.5000,1.3000,0.0000
param,40,1.0611,0.4471,0.9554,0.0000
pos,41,-2.1829,-0.9232,1.2215,0.0105
input,41,-0.2880,0.0869,0.0213,-0.0277
target,41,-2.0000,0.5000,1.3000,0.0000
param,41,1.0611,0.4471,0.9554,-0.0000
pos,42,-2.1836,-0.9154,1.2212,0.0099
input,42,-0.2880,0.0869,0.0213,-0.0277
target,42,-2.0000,0.5000,1.3000,0.0000
param,42,1.0611,0.4471,0.9554,-0.0000
pos,43,-2.1842,-0.9082,1.2208,0.0104
input,43,-0.2880,0.0869,0.0213,-0.0277
target,43,-2.0000,0.5000,1.3000,0.0000
param,43,1.0611,0.4471,0.9554,-0.0000
pos,44,-2.1847,-0.9013,1.2204,0.0105
input,44,-0.2880,0.0869,0.0213,-0.0277
target,44,-2.0000,0.5000,1.3000,0.0000
param,44,1.0611,0.4471,0.9554,-0.0000
pos,45,-2.1848,-0.8950,1.2202,0.0116
input,45,-0.2880,0.0869,0.0213,-0.0277
target,45,-2.0000,0.5000,1.3000,0.0000
param,45,1.0611,0.4471,0.9554,-0.0000
pos,46,-2.1849,-0.8896,1.2200,0.0126
input,46,-0.2880,0.0869,0.0213,-0.0277
target,46,-2.0000,0.5000,1.3000,0.0000
param,46,1.0611,0.4471,0.9554,-0.0000
pos,47,-2.1847,-0.8813,1.2197,0.0112
input,47,-0.2880,0.0955,0.0215,-0.0246
target,47,-2.0000,0.5000,1.3000,0.0000
param,47,1.0611,0.4471,0.9554,-0.0000
pos,48,-2.1844,-0.8734,1.2195,0.0121
input,48,-0.2880,0.0955,0.0215,-0.0246
target,48,-2.0000,0.5000,1.3000,0.0000
param,48,1.0611,0.4471,0.9554,-0.0000
pos,49,-2.1841,-0.8666,1.2193,0.0130
input,49,-0.2880,0.0955,0.0215,-0.0246
target,49,-2.0000,0.5000,1.3000,0.0000
param,49,1.0611,0.4471,0.9554,-0.0000
pos,50,-2.1837,-0.8584,1.2191,0.0137
input,50,-0.2880,0.0955,0.0215,-0.0246
target,50,-2.0000,0.5000,1.3000,0.0000
param,50,1.0611,0.4471,0.9554,-0.0000
pos,51,-2.1831,-0.8499,1.2191,0.0140
input,51,-0.2880,0.0955,0.0215,-0.0246
target,51,-2.0000,0.5000,1.3000,0.0000
param,51,1.0611,0.4471,0.9554,-0.0000
pos,52,-2.1825,-0.8414,1.2190,0.0142
input,52,-0.2880,0.0955,0.0215,-0.0246
target,52,-2.0000,0.5000,1.3000,0.0000
param,52,1.0611,0.4471,0.9554,-0.0000
pos,53,-2.1819,-0.8334,1.2190,0.0141
input,53,-0.2880,0.0955,0.0215,-0.0246
target,53,-2.0000,0.5000,1.3000,0.0000
param,53,1.0611,0.4471,0.9554,-0.0000
pos,54,-2.1812,-0.8266,1.2190,0.0140
input,54,-0.2880,0.0955,0.0215,-0.0246
target,54,-2.0000,0.5000,1.3000,0.0000
param,54,1.0611,0.4471,0.9554,-0.0000
pos,55,-2.1804,-0.8184,1.2190,0.0142
input,55,-0.2880,0.0955,0.0215,-0.0246
target,55,-2.0000,0.5000,1.3000,0.0000
param,55,1.0611,0.4471,0.9554,-0.0000
pos,56,-2.1797,-0.8099,1.2189,0.0140
input,56,-0.2880,0.0955,0.0215,-0.0246
target,56,-2.0000,0.5000,1.3000,0.0000
param,56,1.0611,0.4471,0.9554,-0.0000
pos,57,-2.1789,-0.8025,1.2189,0.0138
input,57,-0.2880,0.0955,0.0215,-0.0246
target,57,-2.0000,0.5000,1.3000,0.0000
param,57,1.0611,0.4471,0.9554,-0.0000
pos,58,-2.1782,-0.7962,1.2189,0.0136
input,58,-0.2880,0.0955,0.0215,-0.0246
target,58,-2.0000,0.5000,1.3000,0.0000
param,58,1.0611,0.4471,0.9554,-0.0000
pos,59,-2.1775,-0.7902,1.2189,0.0132
input,59,-0.2880,0.0955,0.0215,-0.0246
target,59,-2.0000,0.5000,1.3000,0.0000
param,59,1.0611,0.4471,0.9554,-0.0000
pos,60,-2.1765,-0.7792,1.2186,0.0139
input,60,-0.2880,0.0955,0.0215,-0.0246
target,60,-2.0000,0.5000,1.3000,0.0000
param,60,1.0611,0.4471,0.9554,-0.0000
pos,61,-2.1754,-0.7690,1.2184,0.0138
input,61,-0.2880,0.0955,0.0215,-0.0246
target,61,-2.0000,0.5000,1.3000,0.0000
param,61,1.0611,0.4471,0.9554,-0.0000
pos,62,-2.1745,-0.7590,1.2181,0.0145
input,62,-0.2880,0.0955,0.0215,-0.0246
target,62,-2.0000,0.5000,1.3000,0.0000
param,62,1.0611,0.4471,0.9554,-0.0000
pos,63,-2.1734,-0.7490,1.2179,0.0146
input,63,-0.2880,0.0955,0.0215,-0.0246
target,63,-2.0000,0.5000,1.3000,0.0000
param,63,1.0611,0.4471,0.9554,-0.0000
pos,64,-2.1723,-0.7398,1.2178,0.0158
input,64,-0.2880,0.0955,0.0215,-0.0246
target,64,-2.0000,0.5000,1.3000,0.0000
param,64,1.0611,0.4471,0.9554,-0.0000
pos,65,-2.1714,-0.7298,1.2175,0.0167
input,65,-0.2880,0.0955,0.0215,-0.0246
target,65,-2.0000,0.5000,1.3000,0.0000
param,65,1.0611,0.4471,0.9554,-0.0000
pos,66,-2.1703,-0.7205,1.2174,0.0172
input,66,-0.2880,0.0955,0.0215,-0.0246
target,66,-2.0000,0.5000,1.3000,0.0000
param,66,1.0611,0.4471,0.9554,-0.0000
pos,67,-2.1692,-0.7098,1.2171,0.0186
input,67,-0.2880,0.0955,0.0215,-0.0246
target,67,-2.0000,0.5000,1.3000,0.0000
param,67,1.0611,0.4471,0.9554,-0.0000
pos,68,-2.1681,-0.6990,1.2168,0.0186
input,68,-0.2889,0.1043,0.0182,-0.0199
target,68,-2.0000,0.5000,1.3000,0.0000
param,68,1.0611,0.4471,0.9554,-0.0000
pos,69,-2.1672,-0.6898,1.2166,0.0185
input,69,-0.2889,0.1043,0.0182,-0.0199
target,69,-2.0000,0.5000,1.3000,0.0000
param,69,1.0611,0.4471,0.9554,-0.0000
pos,70,-2.1664,-0.6818,1.2164,0.0182
input,70,-0.2889,0.1043,0.0182,-0.0199
target,70,-2.0000,0.5000,1.3000,0.0000
param,70,1.0611,0.4471,0.9554,-0.0000
pos,71,-2.1657,-0.6750,1.2163,0.0178
input,71,-0.2889,0.1043,0.0182,-0.0199
target,71,-2.0000,0.5000,1.3000,0.0000
param,71,1.0611,0.4471,0.9554,-0.0000
pos,72,-2.1649,-0.6641,1.2159,0.0181
input,72,-0.2889,0.1043,0.0182,-0.0199
target,72,-2.0000,0.5000,1.3000,0.0000
param,72,1.0611,0.4471,0.9554,-0.0000
pos,73,-2.1640,-0.6542,1.2156,0.0192
input,73,-0.2889,0.1043,0.0182,-0.0199
target,73,-2.0000,0.5000,1.3000,0.0000
param,73,1.0611,0.4471,0.9554,-0.0000
pos,74,-2.1632,-0.6442,1.2153,0.0199
input,74,-0.2889,0.1043,0.0182,-0.0199
target,74,-2.0000,0.5000,1.3000,0.0000
param,74,1.0611,0.4471,0.9554,-0.0000
pos,75,-2.1623,-0.6335,1.2150,0.0210
input,75,-0.2889,0.1043,0.0182,-0.0199
target,75,-2.0000,0.5000,1.3000,0.0000
param,75,1.0611,0.4471,0.9554,-0.0000
pos,76,-2.1614,-0.6229,1.2147,0.0220
input,76,-0.2889,0.1043,0.0182,-0.0199
target,76,-2.0000,0.5000,1.3000,0.0000
param,76,1.0611,0.4471,0.9554,-0.0000
pos,77,-2.1605,-0.6124,1.2144,0.0231
input,77,-0.2889,0.1043,0.0182,-0.0199
target,77,-2.0000,0.5000,1.3000,0.0000
param,77,1.0611,0.4471,0.9554,-0.0000
pos,78,-2.1594,-0.6017,1.2141,0.0232
input,78,-0.2868,0.1123,0.0174,-0.0166
target,78,-2.0000,0.5000,1.3000,0.0000
param,78,1.0611,0.4471,0.9554,-0.0000
pos,79,-2.1583,-0.5912,1.2138,0.0239
input,79,-0.2868,0.1123,0.0174,-0.0166
target,79,-2.0000,0.5000,1.3000,0.0000
param,79,1.0611,0.4471,0.9554,-0.0000
pos,80,-2.1573,-0.5815,1.2135,0.0245
input,80,-0.2868,0.1123,0.0174,-0.0166
target,80,-2.0000,0.5000,1.3000,0.0000
param,80,1.0611,0.4471,0.9554,-0.0000
pos,81,-2.1563,-0.5709,1.2132,0.0254
input,81,-0.2868,0.1123,0.0174,-0.0166
target,81,-2.0000,0.5000,1.3000,0.0000
param,81,1.0611,0.4471,0.9554,-0.0000
pos,82,-2.1554,-0.5618,1.2130,0.0261
input,82,-0.2868,0.1123,0.0174,-0.0166
target,82,-2.0000,0.5000,1.3000,0.0000
param,82,1.0611,0.4471,0.9554,-0.0000
pos,83,-2.1546,-0.5540,1.2128,0.0267
input,83,-0.2868,0.1123,0.0174,-0.0166
target,83,-2.0000,0.5000,1.3000,0.0000
param,83,1.0611,0.4471,0.9554,-0.0000
pos,84,-2.1540,-0.5472,1.2127,0.0271
input,84,-0.2868,0.1123,0.0174,-0.0166
target,84,-2.0000,0.5000,1.3000,0.0000
param,84,1.0611,0.4471,0.9554,-0.0000
pos,85,-2.1527,-0.5349,1.2123,0.0283
input,85,-0.2868,0.1123,0.0174,-0.0166
target,85,-2.0000,0.5000,1.3000,0.0000
param,85,1.0611,0.4471,0.9554,-0.0000
pos,86,-2.1515,-0.5226,1.2118,0.0275
input,86,-0.2868,0.1123,0.0174,-0.0166
target,86,-2.0000,0.5000,1.3000,0.0000
param,86,1.0611,0.4471,0.9554,-0.0000
pos,87,-2.1503,-0.5107,1.2114,0.0284
input,87,-0.2845,0.1200,0.0159,-0.0123
target,87,-2.0000,0.5000,1.3000,0.0000
param,87,1.0611,0.4471,0.9554,-0.0000
pos,88,-2.1492,-0.4997,1.2110,0.0295
input,88,-0.2845,0.1200,0.0159,-0.0123
target,88,-2.0000,0.5000,1.3000,0.0000
param,88,1.0611,0.4471,0.9554,-0.0000
pos,89,-2.1482,-0.4903,1.2107,0.0305
input,89,-0.2845,0.1200,0.0159,-0.0123
target,89,-2.0000,0.5000,1.3000,0.0000
param,89,1.0611,0.4471,0.9554,-0.0000
pos,90,-2.1474,-0.4822,1.2104,0.0313
input,90,-0.2845,0.1200,0.0159,-0.0123
target,90,-2.0000,0.5000,1.3000,0.0000
param,90,1.0611,0.4471,0.9554,-0.0000
pos,91,-2.1467,-0.4753,1.2103,0.0319
input,91,-0.2845,0.1200,0.0159,-0.0123
target,91,-2.0000,0.5000,1.3000,0.0000
param,91,1.0611,0.4471,0.9554,-0.0000
pos,92,-2.1454,-0.4633,1.2099,0.0325
input,92,-0.2845,0.1200,0.0159,-0.0123
target,92,-2.0000,0.5000,1.3000,0.0000
param,92,1.0611,0.4471,0.9554,-0.0000
pos,93,-2.1442,-0.4521,1.2096,0.0323
input,93,-0.2845,0.1200,0.0159,-0.0123
target,93,-2.0000,0.5000,1.3000,0.0000
param,93,1.0611,0.4471,0.9554,-0.0000
pos,94,-2.1429,-0.4402,1.2093,0.0328
input,94,-0.2845,0.1200,0.0159,-0.0123
target,94,-2.0000,0.5000,1.3000,0.0000
param,94,1.0611,0.4471,0.9554,-0.0000
pos,95,-2.1418,-0.4300,1.2091,0.0332
input,95,-0.2825,0.1276,0.0132,-0.0076
target,95,-2.0000,0.5000,1.3000,0.0000
param,95,1.0611,0.4471,0.9554,-0.0000
pos,96,-2.1406,-0.4190,1.2088,0.0325
input,96,-0.2825,0.1276,0.0132,-0.0076
target,96,-2.0000,0.5000,1.3000,0.0000
param,96,1.0611,0.4471,0.9554,-0.0000
pos,97,-2.1394,-0.4072,1.2084,0.0331
input,97,-0.2825,0.1276,0.0132,-0.0076
target,97,-2.0000,0.5000,1.3000,0.0000
param,97,1.0611,0.4471,0.9554,-0.0000
pos,98,-2.1382,-0.3963,1.2082,0.0340
input,98,-0.2825,0.1276,0.0132,-0.0076
target,98,-2.0000,0.5000,1.3000,0.0000
param,98,1.0611,0.4471,0.9554,-0.0000
pos,99,-2.1368,-0.3846,1.2079,0.0354
input,99,-0.2825,0.1276,0.0132,-0.0076
target,99,-2.0000,0.5000,1.3000,0.0000
param,99,1.0611,0.4471,0.9554,-0.0000
pos,100,-2.1355,-0.3738,1.2076,0.0359
input,100,-0.2825,0.1276,0.0132,-0.0076
target,100,-2.0000,0.5000,1.3000,0.0000
param,100,1.0611,0.4471,0.9554,-0.0000
pos,101,-2.1340,-0.3614,1.2073,0.0373
input,101,-0.2825,0.1276,0.0132,-0.0076
target,101,-2.0000,0.5000,1.3000,0.0000
param,101,1.0611,0.4471,0.9554,-0.0000
pos,102,-2.1325,-0.3491,1.2070,0.0372
input,102,-0.2797,0.1344,0.0103,-0.0027
target,102,-2.0000,0.5000,1.3000,0.0000
param,102,1.0611,0.4471,0.9554,-0.0000
pos,103,-2.1311,-0.3370,1.2067,0.0378
input,103,-0.2797,0.1344,0.0103,-0.0027
target,103,-2.0000,0.5000,1.3000,0.0000
param,103,1.0611,0.4471,0.9554,-0.0000
pos,104,-2.1297,-0.3251,1.2064,0.0389
input,104,-0.2797,0.1344,0.0103,-0.0027
target,104,-2.0000,0.5000,1.3000,0.0000
param,104,1.0611,0.4471,0.9554,-0.0000
pos,105,-2.1282,-0.3132,1.2062,0.0391
input,105,-0.2797,0.1344,0.0103,-0.0027
target,105,-2.0000,0.5000,1.3000,0.0000
param,105,1.0611,0.4471,0.9554,-0.0000
pos,106,-2.1269,-0.3022,1.2059,0.0394
input,106,-0.2797,0.1344,0.0103,-0.0027
target,106,-2.0000,0.5000,1.3000,0.0000
param,106,1.0611,0.4471,0.9554,-0.0000
pos,107,-2.1256,-0.2912,1.2057,0.0399
input,107,-0.2797,0.1344,0.0103,-0.0027
target,107,-2.0000,0.5000,1.3000,0.0000
param,107,1.0611,0.4471,0.9554,-0.0000
pos,108,-2.1243,-0.2810,1.2055,0.0403
input,108,-0.2797,0.1344,0.0103,-0.0027
target,108,-2.0000,0.5000,1.3000,0.0000
param,108,1.0611,0.4471,0.9554,-0.0000
pos,109,-2.1228,-0.2698,1.2053,0.0406
input,109,-0.2760,0.1404,0.0071,0.0033
target,109,-2.0000,0.5000,1.3000,0.0000
param,109,1.0611,0.4471,0.9554,-0.0000
pos,110,-2.1214,-0.2594,1.2051,0.0411
input,110,-0.2760,0.1404,0.0071,0.0033
target,110,-2.0000,0.5000,1.3000,0.0000
param,110,1.0611,0.4471,0.9554,-0.0000
pos,111,-2.1199,-0.2482,1.2049,0.0414
input,111,-0.2760,0.1404,0.0071,0.0033
target,111,-2.0000,0.5000,1.3000,0.0000
param,111,1.0611,0.4471,0.9554,-0.0000
pos,112,-2.1184,-0.2369,1.2047,0.0425
input,112,-0.2760,0.1404,0.0071,0.0033
target,112,-2.0000,0.5000,1.3000,0.0000
param,112,1.0611,0.4471,0.9554,-0.0000
pos,113,-2.1168,-0.2250,1.2045,0.0432
input,113,-0.2760,0.1404,0.0071,0.0033
target,113,-2.0000,0.5000,1.3000,0.0000
param,113,1.0611,0.4471,0.9554,-0.0000
pos,114,-2.1153,-0.2138,1.2044,0.0432
input,114,-0.2760,0.1404,0.0071,0.0033
target,114,-2.0000,0.5000,1.3000,0.0000
param,114,1.0611,0.4471,0.9554,-0.0000
pos,115,-2.1140,-0.2042,1.2043,0.0430
input,115,-0.2760,0.1404,0.0071,0.0033
target,115,-2.0000,0.5000,1.3000,0.0000
param,115,1.0611,0.4471,0.9554,-0.0000
pos,116,-2.1124,-0.1921,1.2041,0.0435
input,116,-0.2714,0.1458,0.0032,0.0099
target,116,-2.0000,0.5000,1.3000,0.0000
param,116,1.0611,0.4471,0.9554,-0.0000
pos,117,-2.1110,-0.1809,1.2040,0.0438
input,117,-0.2714,0.1458,0.0032,0.0099
target,117,-2.0000,0.5000,1.3000,0.0000
param,117,1.0611,0.4471,0.9554,-0.0000
pos,118,-2.1093,-0.1697,1.2039,0.0439
input,118,-0.2714,0.1458,0.0032,0.0099
target,118,-2.0000,0.5000,1.3000,0.0000
param,118,1.0611,0.4471,0.9554,-0.0000
pos,119,-2.1076,-0.1585,1.2039,0.0441
input,119,-0.2714,0.1458,0.0032,0.0099
target,119,-2.0000,0.5000,1.3000,0.0000
param,119,1.0611,0.4471,0.9554,-0.0000
pos,120,-2.1059,-0.1465,1.2039,0.0447
input,120,-0.2714,0.1458,0.0032,0.0099
target,120,-2.0000,0.5000,1.3000,0.0000
param,120,1.0611,0.4471,0.9554,-0.0000
pos,121,-2.1043,-0.1354,1.2038,0.0452
input,121,-0.2714,0.1458,0.0032,0.0099
target,121,-2.0000,0.5000,1.3000,0.0000
param,121,1.0611,0.4471,0.9554,-0.0000
pos,122,-2.1027,-0.1243,1.2038,0.0455
input,122,-0.2660,0.1506,-0.0011,0.0168
target,122,-2.0000,0.5000,1.3000,0.0000
param,122,1.0611,0.4471,0.9554,-0.0000
pos,123,-2.1010,-0.1123,1.2038,0.0457
input,123,-0.2660,0.1506,-0.0011,0.0168
target,123,-2.0000,0.5000,1.3000,0.0000
param,123,1.0611,0.4471,0.9554,-0.0000
pos,124,-2.0995,-0.1013,1.2039,0.0458
input,124,-0.2660,0.1506,-0.0011,0.0168
target,124,-2.0000,0.5000,1.3000,0.0000
param,124,1.0611,0.4471,0.9554,-0.0000
pos,125,-2.0982,-0.0917,1.2039,0.0459
input,125,-0.2660,0.1506,-0.0011,0.0168
target,125,-2.0000,0.5000,1.3000,0.0000
param,125,1.0611,0.4471,0.9554,-0.0000
pos,126,-2.0964,-0.0804,1.2040,0.0461
input,126,-0.2660,0.1506,-0.0011,0.0168
target,126,-2.0000,0.5000,1.3000,0.0000
param,126,1.0611,0.4471,0.9554,-0.0000
pos,127,-2.0946,-0.0683,1.2041,0.0462
input,127,-0.2660,0.1506,-0.0011,0.0168
target,127,-2.0000,0.5000,1.3000,0.0000
param,127,1.0611,0.4471,0.9554,-0.0000
pos,128,-2.0929,-0.0572,1.2042,0.0465
input,128,-0.2593,0.1544,-0.0051,0.0245
target,128,-2.0000,0.5000,1.3000,0.0000
param,128,1.0611,0.4471,0.9554,-0.0000
pos,129,-2.0913,-0.0460,1.2043,0.0467
input,129,-0.2593,0.1544,-0.0051,0.0245
target,129,-2.0000,0.5000,1.3000,0.0000
param,129,1.0611,0.4471,0.9554,-0.0000
pos,130,-2.0897,-0.0348,1.2045,0.0468
input,130,-0.2560,0.1536,-0.0106,0.0288
target,130,-2.0000,0.5000,1.3000,0.0000
param,130,1.0611,0.4471,0.9554,-0.0000
pos,131,-2.0882,-0.0244,1.2046,0.0467
input,131,-0.2560,0.1536,-0.0106,0.0288
target,131,-2.0000,0.5000,1.3000,0.0000
param,131,1.0611,0.4471,0.9554,-0.0000
pos,132,-2.0868,-0.0154,1.2048,0.0464
input,132,-0.2593,0.1544,-0.0051,0.0245
target,132,-2.0000,0.5000,1.3000,0.0000
param,132,1.0611,0.4471,0.9554,-0.0000
pos,133,-2.0849,-0.0031,1.2050,0.0470
input,133,-0.2528,0.1567,-0.0079,0.0315
target,133,-2.0000,0.5000,1.3000,0.0000
param,133,1.0611,0.4471,0.9554,-0.0000
pos,134,-2.0833,0.0076,1.2052,0.0474
input,134,-0.2528,0.1567,-0.0079,0.0315
target,134,-2.0000,0.5000,1.3000,0.0000
param,134,1.0611,0.4471,0.9554,-0.0000
pos,135,-2.0819,0.0167,1.2054,0.0476
input,135,-0.2528,0.1567,-0.0079,0.0315
target,135,-2.0000,0.5000,1.3000,0.0000
param,135,1.0611,0.4471,0.9554,-0.0000
pos,136,-2.0806,0.0253,1.2056,0.0478
input,136,-0.2528,0.1567,-0.0079,0.0315
target,136,-2.0000,0.5000,1.3000,0.0000
param,136,1.0611,0.4471,0.9554,-0.0000
pos,137,-2.0787,0.0382,1.2057,0.0481
input,137,-0.2528,0.1567,-0.0079,0.0315
target,137,-2.0000,0.5000,1.3000,0.0000
param,137,1.0611,0.4471,0.9554,-0.0000
pos,138,-2.0771,0.0493,1.2059,0.0482
input,138,-0.2452,0.1608,-0.0147,0.0399
target,138,-2.0000,0.5000,1.3000,0.0000
param,138,1.0611,0.4471,0.9554,-0.0000
pos,139,-2.0753,0.0612,1.2060,0.0482
input,139,-0.2452,0.1608,-0.0147,0.0399
target,139,-2.0000,0.5000,1.3000,0.0000
param,139,1.0611,0.4471,0.9554,-0.0000
pos,140,-2.0735,0.0722,1.2062,0.0482
input,140,-0.2452,0.1608,-0.0147,0.0399
target,140,-2.0000,0.5000,1.3000,0.0000
param,140,1.0611,0.4471,0.9554,-0.0000
pos,141,-2.0718,0.0825,1.2064,0.0478
input,141,-0.2452,0.1608,-0.0147,0.0399
target,141,-2.0000,0.5000,1.3000,0.0000
param,141,1.0611,0.4471,0.9554,-0.0000
pos,142,-2.0704,0.0913,1.2067,0.0472
input,142,-0.2378,0.1631,-0.0180,0.0485
target,142,-2.0000,0.5000,1.3000,0.0000
param,142,1.0611,0.4471,0.9554,-0.0000
pos,143,-2.0686,0.1028,1.2068,0.0473
input,143,-0.2378,0.1631,-0.0180,0.0485
target,143,-2.0000,0.5000,1.3000,0.0000
param,143,1.0611,0.4471,0.9554,-0.0000
pos,144,-2.0670,0.1127,1.2070,0.0471
input,144,-0.2378,0.1631,-0.0180,0.0485
target,144,-2.0000,0.5000,1.3000,0.0000
param,144,1.0611,0.4471,0.9554,-0.0000
pos,145,-2.0656,0.1219,1.2072,0.0471
input,145,-0.2378,0.1631,-0.0180,0.0485
target,145,-2.0000,0.5000,1.3000,0.0000
param,145,1.0611,0.4471,0.9554,-0.0000
pos,146,-2.0644,0.1299,1.2074,0.0469
input,146,-0.2308,0.1641,-0.0209,0.0574
target,146,-2.0000,0.5000,1.3000,0.0000
param,146,1.0611,0.4471,0.9554,-0.0000
pos,147,-2.0631,0.1367,1.2076,0.0465
input,147,-0.2308,0.1641,-0.0209,0.0574
target,147,-2.0000,0.5000,1.3000,0.0000
param,147,1.0611,0.4471,0.9554,-0.0000
pos,148,-2.0616,0.1457,1.2078,0.0467
input,148,-0.2308,0.1641,-0.0209,0.0574
target,148,-2.0000,0.5000,1.3000,0.0000
param,148,1.0611,0.4471,0.9554,-0.0000
pos,149,-2.0603,0.1535,1.2080,0.0467
input,149,-0.2308,0.1641,-0.0209,0.0574
target,149,-2.0000,0.5000,1.3000,0.0000
param,149,1.0611,0.4471,0.9554,-0.0000
pos,150,-2.0585,0.1648,1.2081,0.0472
input,150,-0.2308,0.1641,-0.0209,0.0574
target,150,-2.0000,0.5000,1.3000,0.0000
param,150,1.0611,0.4471,0.9554,-0.0000
pos,151,-2.0562,0.1793,1.2081,0.0482
input,151,-0.2230,0.1646,-0.0269,0.0683
target,151,-2.0000,0.5000,1.3000,0.0000
param,151,1.0611,0.4471,0.9554,-0.0000
pos,152,-2.0541,0.1926,1.2081,0.0485
input,152,-0.2147,0.1637,-0.0311,0.0727
target,152,-2.0000,0.5000,1.3000,0.0000
param,152,1.0611,0.4471,0.9554,-0.0000
pos,153,-2.0520,0.2047,1.2082,0.0488
input,153,-0.2020,0.1580,-0.0333,0.0751
target,153,-2.0000,0.5000,1.3000,0.0000
param,153,1.0611,0.4471,0.9554,-0.0000
pos,154,-2.0497,0.2183,1.2083,0.0490
input,154,-0.1906,0.1522,-0.0365,0.0778
target,154,-2.0000,0.5000,1.3000,0.0000
param,154,1.0611,0.4471,0.9554,-0.0000
pos,155,-2.0477,0.2300,1.2084,0.0489
input,155,-0.1780,0.1461,-0.0395,0.0802
target,155,-2.0000,0.5000,1.3000,0.0000
param,155,1.0611,0.4471,0.9554,-0.0000
pos,156,-2.0459,0.2409,1.2085,0.0487
input,156,-0.1675,0.1401,-0.0415,0.0824
target,156,-2.0000,0.5000,1.3000,0.0000
param,156,1.0611,0.4471,0.9554,-0.0000
pos,157,-2.0438,0.2533,1.2086,0.0487
input,157,-0.1582,0.1341,-0.0428,0.0839
target,157,-2.0000,0.5000,1.3000,0.0000
param,157,1.0611,0.4471,0.9554,-0.0000
pos,158,-2.0418,0.2656,1.2086,0.0487
input,158,-0.1474,0.1278,-0.0444,0.0855
target,158,-2.0000,0.5000,1.3000,0.0000
param,158,1.0611,0.4471,0.9554,-0.0000
pos,159,-2.0395,0.2785,1.2087,0.0489
input,159,-0.1370,0.1215,-0.0460,0.0870
target,159,-2.0000,0.5000,1.3000,0.0000
param,159,1.0611,0.4471,0.9554,-0.0000
pos,160,-2.0375,0.2895,1.2089,0.0487
input,160,-0.1261,0.1152,-0.0477,0.0884
target,160,-2.0000,0.5000,1.3000,0.0000
param,160,1.0611,0.4471,0.9554,-0.0000
pos,161,-2.0357,0.2998,1.2091,0.0488
input,161,-0.1172,0.1091,-0.0485,0.0894
target,161,-2.0000,0.5000,1.3000,0.0000
param,161,1.0611,0.4471,0.9554,-0.0000
pos,162,-2.0342,0.3086,1.2093,0.0488
input,162,-0.1093,0.1034,-0.0496,0.0900
target,162,-2.0000,0.5000,1.3000,0.0000
param,162,1.0611,0.4471,0.9554,-0.0000
pos,163,-2.0323,0.3194,1.2094,0.0485
input,163,-0.1030,0.0979,-0.0500,0.0903
target,163,-2.0000,0.5000,1.3000,0.0000
param,163,1.0611,0.4471,0.9554,-0.0000
pos,164,-2.0301,0.3317,1.2095,0.0483
input,164,-0.0948,0.0920,-0.0498,0.0906
target,164,-2.0000,0.5000,1.3000,0.0000
param,164,1.0611,0.4471,0.9554,-0.0000
pos,165,-2.0277,0.3447,1.2095,0.0481
input,165,-0.0852,0.0857,-0.0500,0.0912
target,165,-0.5000,0.5000,1.3000,0.0000
param,165,1.0611,0.4471,0.9554,-0.0000
pos,166,-2.0255,0.3573,1.2095,0.0481
input,166,-0.0840,0.0845,-0.0508,0.0910
target,166,-0.5000,0.5000,1.3000,0.0000
param,166,1.0611,0.4471,0.9554,-0.0000
pos,167,-2.0233,0.3704,1.2095,0.0485
input,167,0.2697,0.4635,0.0540,0.0458
target,167,-0.5000,0.5000,1.3000,0.0000
param,167,1.0611,0.4471,0.9554,-0.0000
pos,168,-2.0213,0.3823,1.2095,0.0492
input,168,0.2697,0.4635,0.0540,0.0458
target,168,-0.5000,0.5000,1.3000,0.0000
param,168,1.0611,0.4471,0.9554,-0.0000
pos,169,-2.0190,0.3948,1.2096,0.0497
input,169,0.2759,0.4640,0.0500,0.0452
target,169,-0.5000,0.5000,1.3000,0.0000
param,169,1.0611,0.4471,0.9554,-0.0000
pos,170,-2.0170,0.4056,1.2096,0.0500
input,170,0.2759,0.4640,0.0500,0.0452
target,170,-0.5000,0.5000,1.3000,0.0000
param,170,1.0611,0.4471,0.9554,-0.0000
pos,171,-2.0151,0.4155,1.2097,0.0498
input,171,0.2759,0.4640,0.0500,0.0452
target,171,-0.5000,0.5000,1.3000,0.0000
param,171,1.0611,0.4471,0.9554,-0.0000
pos,172,-2.0131,0.4270,1.2098,0.0493
input,172,0.2759,0.4640,0.0500,0.0452
target,172,-0.5000,0.5000,1.3000,0.0000
param,172,1.0611,0.4471,0.9554,-0.0000
pos,173,-2.0111,0.4368,1.2099,0.0485
input,173,0.2828,0.4656,0.0443,0.0459
target,173,-0.5000,0.5000,1.3000,0.0000
param,173,1.0611,0.4471,0.9554,-0.0000
pos,174,-2.0091,0.4481,1.2099,0.0482
input,174,0.2828,0.4656,0.0443,0.0459
target,174,-0.5000,0.5000,1.3000,0.0000
param,174,1.0611,0.4471,0.9554,-0.0000
pos,175,-2.0071,0.4591,1.2100,0.0479
input,175,0.2828,0.4656,0.0443,0.0459
target,175,-0.5000,0.5000,1.3000,0.0000
param,175,1.0611,0.4471,0.9554,-0.0000
pos,176,-2.0053,0.4700,1.2100,0.0477
input,176,0.2828,0.4656,0.0443,0.0459
target,176,-0.5000,0.5000,1.3000,0.0000
param,176,1.0611,0.4471,0.9554,-0.0000
pos,177,-2.0035,0.4793,1.2101,0.0473
input,177,0.2899,0.4666,0.0391,0.0467
target,177,-0.5000,0.5000,1.3000,0.0000
param,177,1.0611,0.4471,0.9554,-0.0000
pos,178,-2.0020,0.4879,1.2103,0.0470
input,178,0.2899,0.4666,0.0391,0.0467
target,178,-0.5000,0.5000,1.3000,0.0000
param,178,1.0611,0.4471,0.9554,-0.0000
pos,179,-2.0003,0.4973,1.2103,0.0463
input,179,0.2899,0.4666,0.0391,0.0467
target,179,-0.5000,0.5000,1.3000,0.0000
param,179,1.0611,0.4471,0.9554,-0.0000
pos,180,-1.9985,0.5081,1.2103,0.0458
input,180,0.2899,0.4666,0.0391,0.0467
target,180,-0.5000,0.5000,1.3000,0.0000
param,180,1.0611,0.4471,0.9554,-0.0000
pos,181,-1.9969,0.5180,1.2103,0.0453
input,181,0.2963,0.4672,0.0340,0.0478
target,181,-0.5000,0.5000,1.3000,0.0000
param,181,1.0611,0.4471,0.9554,-0.0000
pos,182,-1.9953,0.5271,1.2104,0.0447
input,182,0.2963,0.4672,0.0340,0.0478
target,182,-0.5000,0.5000,1.3000,0.0000
param,182,1.0611,0.4471,0.9554,-0.0000
pos,183,-1.9934,0.5374,1.2105,0.0442
input,183,0.2963,0.4672,0.0340,0.0478
target,183,-0.5000,0.5000,1.3000,0.0000
param,183,1.0611,0.4471,0.9554,-0.0000
pos,184,-1.9916,0.5474,1.2106,0.0437
input,184,0.2963,0.4672,0.0340,0.0478
target,184,-0.5000,0.5000,1.3000,0.0000
param,184,1.0611,0.4471,0.9554,-0.0000
pos,185,-1.9898,0.5566,1.2107,0.0430
input,185,0.3036,0.4677,0.0282,0.0488
target,185,-0.5000,0.5000,1.3000,0.0000
param,185,1.0611,0.4471,0.9554,-0.0000
pos,186,-1.9878,0.5669,1.2108,0.0423
input,186,0.3036,0.4677,0.0282,0.0488
target,186,-0.5000,0.5000,1.3000,0.0000
param,186,1.0611,0.4471,0.9554,-0.0000
pos,187,-1.9860,0.5758,1.2109,0.0413
input,187,0.3036,0.4677,0.0282,0.0488
target,187,-0.5000,0.5000,1.3000,0.0000
param,187,1.0611,0.4471,0.9554,-0.0000
pos,188,-1.9842,0.5851,1.2110,0.0403
input,188,0.3036,0.4677,0.0282,0.0488
target,188,-0.5000,0.5000,1.3000,0.0000
param,188,1.0611,0.4471,0.9554,-0.0000
pos,189,-1.9824,0.5943,1.2112,0.0394
input,189,0.3116,0.4676,0.0222,0.0501
target,189,-0.5000,0.5000,1.3000,0.0000
param,189,1.0611,0.4471,0.9554,-0.0000
pos,190,-1.9807,0.6028,1.2113,0.0386
input,190,0.3116,0.4676,0.0222,0.0501
target,190,-0.5000,0.5000,1.3000,0.0000
param,190,1.0611,0.4471,0.9554,-0.0000
pos,191,-1.9792,0.6100,1.2115,0.0377
input,191,0.3116,0.4676,0.0222,0.0501
target,191,-0.5000,0.5000,1.3000,0.0000
param,191,1.0611,0.4471,0.9554,-0.0000
pos,192,-1.9774,0.6187,1.2116,0.0367
input,192,0.3116,0.4676,0.0222,0.0501
target,192,-0.5000,0.5000,1.3000,0.0000
param,192,1.0611,0.4471,0.9554,-0.0000
pos,193,-1.9757,0.6273,1.2117,0.0355
input,193,0.3194,0.4672,0.0161,0.0515
target,193,-0.5000,0.5000,1.3000,0.0000
param,193,1.0611,0.4471,0.9554,-0.0000
pos,194,-1.9740,0.6359,1.2118,0.0342
input,194,0.3194,0.4672,0.0161,0.0515
target,194,-0.5000,0.5000,1.3000,0.0000
param,194,1.0611,0.4471,0.9554,-0.0000
pos,195,-1.9726,0.6432,1.2120,0.0329
input,195,0.3194,0.4672,0.0161,0.0515
target,195,-0.5000,0.5000,1.3000,0.0000
param,195,1.0611,0.4471,0.9554,-0.0000
pos,196,-1.9712,0.6495,1.2121,0.0314
input,196,0.3257,0.4664,0.0118,0.0528
target,196,-0.5000,0.5000,1.3000,0.0000
param,196,1.0611,0.4471,0.9554,-0.0000
pos,197,-1.9701,0.6548,1.2123,0.0299
input,197,0.3257,0.4664,0.0118,0.0528
target,197,-0.5000,0.5000,1.3000,0.0000
param,197,1.0611,0.4471,0.9554,-0.0000
pos,198,-1.9553,0.6629,1.2121,0.0320
input,198,0.3257,0.4664,0.0118,0.0528
target,198,-0.5000,0.5000,1.3000,0.0000
param,198,1.0611,0.4471,0.9554,-0.0000
pos,199,-1.9423,0.6712,1.2121,0.0347
input,199,0.3319,0.4655,0.0069,0.0539
target,199,-0.5000,0.5000,1.3000,0.0000
param,199,1.0611,0.4471,0.9554,-0.0000
pos,200,-1.9307,0.6795,1.2121,0.0376
input,200,0.3319,0.4655,0.0069,0.0539
target,200,-0.5000,0.5000,1.3000,0.0000
param,200,1.0611,0.4471,0.9554,-0.0000
pos,201,-1.9206,0.6880,1.2121,0.0407
input,201,0.3389,0.4645,0.0000,0.0539
target,201,-0.5000,0.5000,1.3000,0.0000
param,201,1.0611,0.4471,0.9554,0.0000
pos,202,-1.9117,0.6966,1.2122,0.0438
input,202,0.3389,0.4645,0.0000,0.0539
target,202,-0.5000,0.5000,1.3000,0.0000
param,202,1.0611,0.4471,0.9554,0.0000
pos,203,-1.9038,0.7046,1.2124,0.0472
input,203,0.3461,0.4631,-0.0072,0.0535
target,203,-0.5000,0.5000,1.3000,0.0000
param,203,1.0611,0.4471,0.9554,0.0000
pos,204,-1.8968,0.7121,1.2125,0.0502
input,204,0.3461,0.4631,-0.0072,0.0535
target,204,-0.5000,0.5000,1.3000,0.0000
param,204,1.0611,0.4471,0.9554,0.0000
pos,205,-1.8905,0.7205,1.2127,0.0536
input,205,0.3527,0.4615,-0.0142,0.0530
target,205,-0.5000,0.5000,1.3000,0.0000
param,205,1.0611,0.4471,0.9554,0.0000
pos,206,-1.8847,0.7297,1.2129,0.0572
input,206,0.3527,0.4615,-0.0142,0.0530
target,206,-0.5000,0.5000,1.3000,0.0000
param,206,1.0611,0.4471,0.9554,0.0000
pos,207,-1.8795,0.7382,1.2131,0.0607
input,207,0.3599,0.4593,-0.0218,0.0521
target,207,-0.5000,0.5000,1.3000,0.0000
param,207,1.0611,0.4471,0.9554,0.0000
pos,208,-1.8749,0.7455,1.2133,0.0637
input,208,0.3599,0.4593,-0.0218,0.0521
target,208,-0.5000,0.5000,1.3000,0.0000
param,208,1.0611,0.4471,0.9554,0.0000
pos,209,-1.8704,0.7550,1.2136,0.0674
input,209,0.3664,0.4570,-0.0285,0.0513
target,209,-0.5000,0.5000,1.3000,0.0000
param,209,1.0611,0.4471,0.9554,0.0000
pos,210,-1.8662,0.7644,1.2138,0.0710
input,210,0.3664,0.4570,-0.0285,0.0513
target,210,-0.5000,0.5000,1.3000,0.0000
param,210,1.0611,0.4471,0.9554,0.0000
pos,211,-1.8625,0.7732,1.2141,0.0742
input,211,0.3738,0.4538,-0.0362,0.0499
target,211,-0.5000,0.5000,1.3000,0.0000
param,211,1.0611,0.4471,0.9554,0.0000
pos,212,-1.8588,0.7826,1.2144,0.0776
input,212,0.3738,0.4538,-0.0362,0.0499
target,212,-0.5000,0.5000,1.3000,0.0000
param,212,1.0610,0.4471,0.9554,0.0001
pos,213,-1.8552,0.7925,1.2146,0.0812
input,213,0.3807,0.4504,-0.0429,0.0486
target,213,-0.5000,0.5000,1.3000,0.0000
param,213,1.0610,0.4471,0.9554,0.0001
pos,214,-1.8520,0.8017,1.2149,0.0842
input,214,0.3807,0.4504,-0.0429,0.0486
target,214,-0.5000,0.5000,1.3000,0.0000
param,214,1.0610,0.4471,0.9554,0.0001
pos,215,-1.8488,0.8114,1.2152,0.0873
input,215,0.3876,0.4465,-0.0495,0.0471
target,215,-0.5000,0.5000,1.3000,0.0000
param,215,1.0610,0.4471,0.9554,0.0001
pos,216,-1.8459,0.8203,1.2155,0.0899
input,216,0.3876,0.4465,-0.0495,0.0471
target,216,-0.5000,0.5000,1.3000,0.0000
param,216,1.0610,0.4471,0.9554,0.0001
pos,217,-1.8431,0.8292,1.2158,0.0922
input,217,0.3940,0.4424,-0.0550,0.0455
target,217,-0.5000,0.5000,1.3000,0.0000
param,217,1.0610,0.4471,0.9554,0.0001
pos,218,-1.8406,0.8374,1.2160,0.0944
input,218,0.3940,0.4424,-0.0550,0.0455
target,218,-0.5000,0.5000,1.3000,0.0000
param,218,1.0610,0.4471,0.9554,0.0001
pos,219,-1.8381,0.8462,1.2163,0.0967
input,219,0.3940,0.4424,-0.0550,0.0455
target,219,-0.5000,0.5000,1.3000,0.0000
param,219,1.0610,0.4471,0.9554,0.0001
pos,220,-1.8357,0.8543,1.2165,0.0987
input,220,0.4023,0.4365,-0.0613,0.0433
target,220,-0.5000,0.5000,1.3000,0.0000
param,220,1.0610,0.4471,0.9554,0.0001
pos,221,-1.8332,0.8635,1.2168,0.1009
input,221,0.4023,0.4365,-0.0613,0.0433
target,221,-0.5000,0.5000,1.3000,0.0000
param,221,1.0610,0.4471,0.9554,0.0001
pos,222,-1.8309,0.8720,1.2170,0.1029
input,222,0.4023,0.4365,-0.0613,0.0433
target,222,-0.5000,0.5000,1.3000,0.0000
param,222,1.0610,0.4471,0.9554,0.0001
pos,223,-1.8288,0.8804,1.2173,0.1048
input,223,0.4099,0.4304,-0.0667,0.0411
target,223,-0.5000,0.5000,1.3000,0.0000
param,223,1.0609,0.4471,0.9554,0.0001
pos,224,-1.8266,0.8886,1.2175,0.1063
input,224,0.4099,0.4304,-0.0667,0.0411
target,224,-0.5000,0.5000,1.3000,0.0000
param,224,1.0609,0.4471,0.9554,0.0001
pos,225,-1.8245,0.8968,1.2177,0.1078
input,225,0.4099,0.4304,-0.0667,0.0411
target,225,-0.5000,0.5000,1.3000,0.0000
param,225,1.0609,0.4471,0.9554,0.0001
pos,226,-1.8225,0.9054,1.2179,0.1095
input,226,0.4166,0.4244,-0.0706,0.0390
target,226,-0.5000,0.5000,1.3000,0.0000
param,226,1.0609,0.4471,0.9554,0.0001
pos,227,-1.8204,0.9137,1.2181,0.1111
input,227,0.4166,0.4244,-0.0706,0.0390
target,227,-0.5000,0.5000,1.3000,0.0000
param,227,1.0609,0.4471,0.9554,0.0001
pos,228,-1.8186,0.9208,1.2183,0.1122
input,228,0.4166,0.4244,-0.0706,0.0390
target,228,-0.5000,0.5000,1.3000,0.0000
param,228,1.0609,0.4471,0.9554,0.0001
pos,229,-1.8170,0.9274,1.2184,0.1129
input,229,0.4226,0.4184,-0.0738,0.0371
target,229,-0.5000,0.5000,1.3000,0.0000
param,229,1.0609,0.4471,0.9554,0.0001
pos,230,-1.8155,0.9331,1.2185,0.1130
input,230,0.4226,0.4184,-0.0738,0.0371
target,230,-0.5000,0.5000,1.3000,0.0000
param,230,1.0609,0.4471,0.9554,0.0001
pos,231,-1.8137,0.9409,1.2187,0.1139
input,231,0.4226,0.4184,-0.0738,0.0371
target,231,-0.5000,0.5000,1.3000,0.0000
param,231,1.0609,0.4471,0.9554,0.0001
pos,232,-1.8120,0.9475,1.2189,0.1142
input,232,0.4226,0.4184,-0.0738,0.0371
target,232,-0.5000,0.5000,1.3000,0.0000
param,232,1.0609,0.4471,0.9554,0.0001
pos,233,-1.8103,0.9546,1.2191,0.1146
input,233,0.4283,0.4125,-0.0742,0.0351
target,233,-0.5000,0.5000,1.3000,0.0000
param,233,1.0609,0.4471,0.9554,0.0001
pos,234,-1.8087,0.9607,1.2192,0.1145
input,234,0.4283,0.4125,-0.0742,0.0351
target,234,-0.5000,0.5000,1.3000,0.0000
param,234,1.0609,0.4471,0.9554,0.0001
pos,235,-1.8073,0.9659,1.2193,0.1141
input,235,0.4283,0.4125,-0.0742,0.0351
target,235,-0.5000,0.5000,1.3000,0.0000
param,235,1.0609,0.4471,0.9554,0.0001
pos,236,-1.8059,0.9707,1.2194,0.1133
input,236,0.4283,0.4125,-0.0742,0.0351
target,236,-0.5000,0.5000,1.3000,0.0000
param,236,1.0609,0.4471,0.9554,0.0001
pos,237,-1.8039,0.9784,1.2196,0.1129
input,237,0.4283,0.4125,-0.0742,0.0351
target,237,-0.5000,0.5000,1.3000,0.0000
param,237,1.0609,0.4471,0.9554,0.0001
pos,238,-1.8021,0.9849,1.2197,0.1120
input,238,0.4338,0.4063,-0.0723,0.0328
target,238,-0.5000,0.5000,1.3000,0.0000
param,238,1.0609,0.4471,0.9554,0.0001
pos,239,-1.8004,0.9909,1.2198,0.1113
input,239,0.4338,0.4063,-0.0723,0.0328
target,239,-0.5000,0.5000,1.3000,0.0000
param,239,1.0609,0.4471,0.9554,0.0001
pos,240,-1.7989,0.9960,1.2199,0.1102
input,240,0.4338,0.4063,-0.0723,0.0328
target,240,-0.5000,0.5000,1.3000,0.0000
param,240,1.0609,0.4471,0.9554,0.0001
pos,241,-1.7976,1.0004,1.2199,0.1089
input,241,0.4338,0.4063,-0.0723,0.0328
target,241,-0.5000,0.5000,1.3000,0.0000
param,241,1.0609,0.4471,0.9554,0.0001
pos,242,-1.7951,1.0074,1.2200,0.1082
input,242,0.4338,0.4063,-0.0723,0.0328
target,242,-0.5000,0.5000,1.3000,0.0000
param,242,1.0608,0.4471,0.9554,0.0001
pos,243,-1.7926,1.0139,1.2202,0.1081
input,243,0.4382,0.4008,-0.0689,0.0309
target,243,-0.5000,0.5000,1.3000,0.0000
param,243,1.0608,0.4471,0.9554,0.0001
pos,244,-1.7901,1.0202,1.2203,0.1079
input,244,0.4382,0.4008,-0.0689,0.0309
target,244,-0.5000,0.5000,1.3000,0.0000
param,244,1.0608,0.4471,0.9554,0.0001
pos,245,-1.7876,1.0262,1.2204,0.1069
input,245,0.4382,0.4008,-0.0689,0.0309
target,245,-0.5000,0.5000,1.3000,0.0000
param,245,1.0608,0.4471,0.9554,0.0001
pos,246,-1.7849,1.0318,1.2206,0.1064
input,246,0.4382,0.4008,-0.0689,0.0309
target,246,-0.5000,0.5000,1.3000,0.0000
param,246,1.0608,0.4471,0.9554,0.0001
pos,247,-1.7822,1.0373,1.2208,0.1052
input,247,0.4423,0.3948,-0.0691,0.0288
target,247,-0.5000,0.5000,1.3000,0.0000
param,247,1.0608,0.4471,0.9554,0.0001
pos,248,-1.7795,1.0424,1.2208,0.1039
input,248,0.4423,0.3948,-0.0691,0.0288
target,248,-0.5000,0.5000,1.3000,0.0000
param,248,1.0608,0.4471,0.9554,0.0001
pos,249,-1.7768,1.0473,1.2208,0.1026
input,249,0.4423,0.3948,-0.0691,0.0288
target,249,-0.5000,0.5000,1.3000,0.0000
param,249,1.0608,0.4471,0.9554,0.0001
pos,250,-1.7739,1.0520,1.2208,0.1013
input,250,0.4423,0.3948,-0.0691,0.0288
target,250,-0.5000,0.5000,1.3000,0.0000
param,250,1.0608,0.4471,0.9554,0.0001
pos,251,-1.7710,1.0564,1.2208,0.1005
input,251,0.4423,0.3948,-0.0691,0.0288
target,251,-0.5000,0.5000,1.3000,0.0000
param,251,1.0608,0.4471,0.9554,0.0001
pos,252,-1.7679,1.0610,1.2207,0.0989
input,252,0.4458,0.3890,-0.0668,0.0271
target,252,-0.5000,0.5000,1.3000,0.0000
param,252,1.0608,0.4471,0.9554,0.0001
pos,253,-1.7649,1.0651,1.2206,0.0971
input,253,0.4458,0.3890,-0.0668,0.0271
target,253,-0.5000,0.5000,1.3000,0.0000
param,253,1.0608,0.4471,0.9554,0.0001
pos,254,-1.7617,1.0689,1.2204,0.0949
input,254,0.4458,0.3890,-0.0668,0.0271
target,254,-0.5000,0.5000,1.3000,0.0000
param,254,1.0608,0.4471,0.9554,0.0001
pos,255,-1.7585,1.0725,1.2202,0.0937
input,255,0.4458,0.3890,-0.0668,0.0271
target,255,-0.5000,0.5000,1.3000,0.0000
param,255,1.0608,0.4471,0.9554,0.0001
pos,256,-1.7552,1.0760,1.2200,0.0916
input,256,0.4458,0.3890,-0.0668,0.0271
target,256,-0.5000,0.5000,1.3000,0.0000
param,256,1.0608,0.4471,0.9554,0.0001
pos,257,-1.7516,1.0795,1.2197,0.0891
input,257,0.4458,0.3890,-0.0668,0.0271
target,257,-0.5000,0.5000,1.3000,0.0000
param,257,1.0608,0.4471,0.9554,0.0001
pos,258,-1.7481,1.0827,1.2192,0.0863
input,258,0.4483,0.3841,-0.0614,0.0262
target,258,-0.5000,0.5000,1.3000,0.0000
param,258,1.0608,0.4471,0.9554,0.0001
pos,259,-1.7444,1.0857,1.2185,0.0847
input,259,0.4483,0.3841,-0.0614,0.0262
target,259,-0.5000,0.5000,1.3000,0.0000
param,259,1.0608,0.4471,0.9554,0.0001
pos,260,-1.7409,1.0884,1.2178,0.0825
input,260,0.4483,0.3841,-0.0614,0.0262
target,260,-0.5000,0.5000,1.3000,0.0000
param,260,1.0608,0.4471,0.9554,0.0001
pos,261,-1.7372,1.0908,1.2170,0.0809
input,261,0.4483,0.3841,-0.0614,0.0262
target,261,-0.5000,0.5000,1.3000,0.0000
param,261,1.0608,0.4471,0.9554,0.0001
pos,262,-1.7335,1.0931,1.2161,0.0792
input,262,0.4483,0.3841,-0.0614,0.0262
target,262,-0.5000,0.5000,1.3000,0.0000
param,262,1.0608,0.4471,0.9554,0.0001
pos,263,-1.7299,1.0952,1.2150,0.0768
input,263,0.4483,0.3841,-0.0614,0.0262
target,263,-0.5000,0.5000,1.3000,0.0000
param,263,1.0608,0.4471,0.9554,0.0001
pos,264,-1.7260,1.0973,1.2137,0.0739
input,264,0.4483,0.3841,-0.0614,0.0262
target,264,-0.5000,0.5000,1.3000,0.0000
param,264,1.0608,0.4471,0.9554,0.0001
pos,265,-1.7220,1.0992,1.2121,0.0714
input,265,0.4497,0.3804,-0.0539,0.0284
target,265,-0.5000,0.5000,1.3000,0.0000
param,265,1.0608,0.4471,0.9554,0.0001
pos,266,-1.7180,1.1008,1.2103,0.0691
input,266,0.4497,0.3804,-0.0539,0.0284
target,266,-0.5000,0.5000,1.3000,0.0000
param,266,1.0608,0.4471,0.9554,0.0001
pos,267,-1.7139,1.1024,1.2083,0.0662
input,267,0.4497,0.3804,-0.0539,0.0284
target,267,-0.5000,0.5000,1.3000,0.0000
param,267,1.0608,0.4471,0.9554,0.0001
pos,268,-1.7097,1.1038,1.2062,0.0634
input,268,0.4497,0.3804,-0.0539,0.0284
target,268,-0.5000,0.5000,1.3000,0.0000
param,268,1.0608,0.4471,0.9554,0.0001
pos,269,-1.7055,1.1049,1.2038,0.0605
input,269,0.4497,0.3804,-0.0539,0.0284
target,269,-0.5000,0.5000,1.3000,0.0000
param,269,1.0608,0.4471,0.9554,0.0001
pos,270,-1.7011,1.1058,1.2012,0.0580
input,270,0.4496,0.3795,-0.0463,0.0335
target,270,-0.5000,0.5000,1.3000,0.0000
param,270,1.0608,0.4471,0.9554,0.0001
pos,271,-1.6967,1.1065,1.1984,0.0552
input,271,0.4496,0.3795,-0.0463,0.0335
target,271,-0.5000,0.5000,1.3000,0.0000
param,271,1.0608,0.4471,0.9554,0.0001
pos,272,-1.6923,1.1071,1.1954,0.0526
input,272,0.4496,0.3795,-0.0463,0.0335
target,272,-0.5000,0.5000,1.3000,0.0000
param,272,1.0608,0.4471,0.9554,0.0001
pos,273,-1.6874,1.1073,1.1918,0.0509
input,273,0.4496,0.3795,-0.0463,0.0335
target,273,-0.5000,0.5000,1.3000,0.0000
param,273,1.0608,0.4471,0.9554,0.0001
pos,274,-1.6825,1.1073,1.1880,0.0483
input,274,0.4496,0.3795,-0.0463,0.0335
target,274,-0.5000,0.5000,1.3000,0.0000
param,274,1.0608,0.4471,0.9554,0.0001
pos,275,-1.6774,1.1071,1.1839,0.0462
input,275,0.4489,0.3791,-0.0393,0.0424
target,275,-0.5000,0.5000,1.3000,0.0000
param,275,1.0608,0.4471,0.9554,0.0001
pos,276,-1.6724,1.1067,1.1795,0.0441
input,276,0.4489,0.3791,-0.0393,0.0424
target,276,-0.5000,0.5000,1.3000,0.0000
param,276,1.0609,0.4471,0.9554,0.0001
pos,277,-1.6674,1.1062,1.1748,0.0416
input,277,0.4489,0.3791,-0.0393,0.0424
target,277,-0.5000,0.5000,1.3000,0.0000
param,277,1.0609,0.4471,0.9554,0.0001
pos,278,-1.6627,1.1057,1.1702,0.0388
input,278,0.4489,0.3791,-0.0393,0.0424
target,278,-0.5000,0.5000,1.3000,0.0000
param,278,1.0609,0.4471,0.9554,0.0000
pos,279,-1.6584,1.1050,1.1657,0.0366
input,279,0.4473,0.3795,-0.0333,0.0529
target,279,-0.5000,0.5000,1.3000,0.0000
param,279,1.0609,0.4471,0.9554,0.0000
pos,280,-1.6535,1.1040,1.1605,0.0342
input,280,0.4473,0.3795,-0.0333,0.0529
target,280,-0.5000,0.5000,1.3000,0.0000
param,280,1.0609,0.4471,0.9554,0.0000
pos,281,-1.6485,1.1028,1.1549,0.0319
input,281,0.4473,0.3795,-0.0333,0.0529
target,281,-0.5000,0.5000,1.3000,0.0000
param,281,1.0609,0.4471,0.9554,0.0000
pos,282,-1.6431,1.1011,1.1486,0.0300
input,282,0.4473,0.3795,-0.0333,0.0529
target,282,-0.5000,0.5000,1.3000,0.0000
param,282,1.0609,0.4471,0.9554,0.0000
pos,283,-1.6380,1.0995,1.1423,0.0277
input,283,0.4446,0.3803,-0.0275,0.0660
target,283,-0.5000,0.5000,1.3000,0.0000
param,283,1.0609,0.4470,0.9554,0.0000
pos,284,-1.6330,1.0976,1.1358,0.0268
input,284,0.4446,0.3803,-0.0275,0.0660
target,284,-0.5000,0.5000,1.3000,0.0000
param,284,1.0609,0.4470,0.9554,0.0000
pos,285,-1.6282,1.0957,1.1295,0.0250
input,285,0.4446,0.3803,-0.0275,0.0660
target,285,-0.5000,0.5000,1.3000,0.0000
param,285,1.0609,0.4470,0.9554,0.0000
pos,286,-1.6229,1.0935,1.1223,0.0230
input,286,0.4416,0.3809,-0.0242,0.0778
target,286,-0.5000,0.5000,1.3000,0.0000
param,286,1.0609,0.4470,0.9554,0.0000
pos,287,-1.6172,1.0909,1.1142,0.0210
input,287,0.4416,0.3809,-0.0242,0.0778
target,287,-0.5000,0.5000,1.3000,0.0000
param,287,1.0609,0.4470,0.9554,0.0000
pos,288,-1.6122,1.0886,1.1068,0.0191
input,288,0.4386,0.3815,-0.0212,0.0874
target,288,-0.5000,0.5000,1.3000,0.0000
param,288,1.0609,0.4470,0.9554,0.0000
pos,289,-1.6068,1.0857,1.0985,0.0177
input,289,0.4386,0.3815,-0.0212,0.0874
target,289,-0.5000,0.5000,1.3000,0.0000
param,289,1.0609,0.4470,0.9554,0.0000
pos,290,-1.6014,1.0827,1.0899,0.0161
input,290,0.4351,0.3821,-0.0187,0.0972
target,290,-0.5000,0.5000,1.3000,0.0000
param,290,1.0609,0.4470,0.9554,0.0000
pos,291,-1.5959,1.0796,1.0809,0.0146
input,291,0.4351,0.3821,-0.0187,0.0972
target,291,-0.5000,0.5000,1.3000,0.0000
param,291,1.0609,0.4470,0.9554,0.0000
pos,292,-1.5900,1.0761,1.0709,0.0129
input,292,0.4305,0.3827,-0.0161,0.1083
target,292,-0.5000,0.5000,1.3000,0.0000
param,292,1.0609,0.4470,0.9554,0.0000
pos,293,-1.5845,1.0727,1.0612,0.0115
input,293,0.4305,0.3827,-0.0161,0.1083
target,293,-0.5000,0.5000,1.3000,0.0000
param,293,1.0609,0.4470,0.9554,0.0000
pos,294,-1.5794,1.0694,1.0519,0.0101
input,294,0.4246,0.3834,-0.0133,0.1206
target,294,-0.5000,0.5000,1.3000,0.0000
param,294,1.0609,0.4470,0.9554,0.0000
pos,295,-1.5734,1.0654,1.0410,0.0085
input,295,0.4246,0.3834,-0.0133,0.1206
target,295,-0.5000,0.5000,1.3000,0.0000
param,295,1.0609,0.4470,0.9554,0.0000
pos,296,-1.5674,1.0612,1.0300,0.0072
input,296,0.4178,0.3839,-0.0105,0.1332
target,296,-0.5000,0.5000,1.3000,0.0000
param,296,1.0609,0.4470,0.9554,0.0000
pos,297,-1.5619,1.0573,1.0193,0.0059
input,297,0.4091,0.3755,-0.0080,0.1316
target,297,-0.5000,0.5000,1.3000,0.0000
param,297,1.0609,0.4470,0.9554,0.0000
pos,298,-1.5563,1.0532,1.0085,0.0049
input,298,0.4091,0.3755,-0.0080,0.1316
target,298,-0.5000,0.5000,1.3000,0.0000
param,298,1.0609,0.4470,0.9554,-0.0000
pos,299,-1.5502,1.0486,0.9968,0.0026
input,299,0.4011,0.3760,-0.0056,0.1447
target,299,-0.5000,0.5000,1.3000,0.0000
param,299,1.0609,0.4470,0.9554,-0.0000
pos,300,-1.5446,1.0444,0.9856,0.0015
input,300,0.4011,0.3760,-0.0056,0.1447
target,300,-0.5000,0.5000,1.3000,0.0000
param,300,1.0609,0.4470,0.9554,-0.0000
pos,301,-1.5390,1.0400,0.9742,0.0010
input,301,0.3949,0.3846,-0.0034,0.1669
target,301,-0.5000,0.5000,1.3000,0.0000
param,301,1.0609,0.4470,0.9554,-0.0000
pos,302,-1.5333,1.0355,0.9627,-0.0003
input,302,0.3897,0.3845,-0.0028,0.1735
target,302,-0.5000,0.5000,1.3000,0.0000
param,302,1.0609,0.4470,0.9554,-0.0000
pos,303,-1.5272,1.0305,0.9504,-0.0006
input,303,0.3842,0.3843,-0.0014,0.1800
target,303,-0.5000,0.5000,1.3000,0.0000
param,303,1.0609,0.4470,0.9554,-0.0000
pos,304,-1.5211,1.0255,0.9381,-0.0019
input,304,0.3782,0.3839,-0.0008,0.1870
target,304,-0.5000,0.5000,1.3000,0.0000
param,304,1.0609,0.4470,0.9554,-0.0000
pos,305,-1.5150,1.0205,0.9257,-0.0029
input,305,0.3718,0.3836,0.0006,0.1938
target,305,-0.5000,0.5000,1.3000,0.0000
param,305,1.0609,0.4470,0.9554,-0.0000
pos,306,-1.5089,1.0154,0.9134,-0.0035
input,306,0.3652,0.3831,0.0017,0.2005
target,306,-0.5000,0.5000,1.3000,0.0000
param,306,1.0609,0.4470,0.9554,-0.0000
pos,307,-1.5033,1.0107,0.9016,-0.0039
input,307,0.3586,0.3824,0.0024,0.2071
target,307,-0.5000,0.5000,1.3000,0.0000
param,307,1.0609,0.4470,0.9554,-0.0000
pos,308,-1.4976,1.0058,0.8898,-0.0039
input,308,0.3523,0.3818,0.0030,0.2130
target,308,-0.5000,0.5000,1.3000,0.0000
param,308,1.0609,0.4470,0.9554,-0.0000
pos,309,-1.4919,1.0009,0.8778,-0.0052
input,309,0.3459,0.3810,0.0032,0.2188
target,309,-0.5000,0.5000,1.3000,0.0000
param,309,1.0609,0.4470,0.9554,-0.0000
pos,310,-1.4863,0.9959,0.8659,-0.0052
input,310,0.3390,0.3803,0.0044,0.2246
target,310,-0.5000,0.5000,1.3000,0.0000
param,310,1.0609,0.4470,0.9554,-0.0000
pos,311,-1.4806,0.9909,0.8540,-0.0060
input,311,0.3323,0.3794,0.0047,0.2301
target,311,-0.5000,0.5000,1.3000,0.0000
param,311,1.0609,0.4470,0.9554,-0.0000
pos,312,-1.4742,0.9847,0.8413,-0.0063
input,312,0.3254,0.3784,0.0055,0.2355
target,312,-0.5000,0.5000,1.3000,0.0000
param,312,1.0609,0.4470,0.9554,-0.0000
pos,313,-1.4685,0.9795,0.8296,-0.0077
input,313,0.3177,0.3773,0.0060,0.2413
target,313,-0.5000,0.5000,1.3000,0.0000
param,313,1.0609,0.4470,0.9554,-0.0000
pos,314,-1.4625,0.9741,0.8173,-0.0077
input,314,0.3105,0.3764,0.0074,0.2463
target,314,-0.5000,0.5000,1.3000,0.0000
param,314,1.0609,0.4469,0.9554,-0.0000
pos,315,-1.4569,0.9691,0.8057,-0.0072
input,315,0.3034,0.3751,0.0075,0.2514
target,315,-0.5000,0.5000,1.3000,0.0000
param,315,1.0609,0.4469,0.9554,-0.0000
pos,316,-1.4510,0.9637,0.7935,-0.0067
input,316,0.2968,0.3738,0.0071,0.2558
target,316,-0.5000,0.5000,1.3000,0.0000
param,316,1.0609,0.4469,0.9554,-0.0000
pos,317,-1.4455,0.9587,0.7820,-0.0062
input,317,0.2899,0.3723,0.0067,0.2605
target,317,-0.5000,0.5000,1.3000,0.0000
param,317,1.0609,0.4469,0.9554,-0.0000
pos,318,-1.4400,0.9537,0.7706,-0.0056
input,318,0.2835,0.3710,0.0064,0.2646
target,318,-0.5000,0.5000,1.3000,0.0000
param,318,1.0609,0.4469,0.9554,-0.0000
pos,319,-1.4346,0.9487,0.7593,-0.0052
input,319,0.2771,0.3696,0.0058,0.2685
target,319,-0.5000,0.5000,1.3000,0.0000
param,319,1.0609,0.4469,0.9554,-0.0000
pos,320,-1.4292,0.9437,0.7481,-0.0058
input,320,0.2709,0.3682,0.0055,0.2722
target,320,-0.5000,0.5000,1.3000,0.0000
param,320,1.0609,0.4469,0.9554,-0.0000
pos,321,-1.4238,0.9388,0.7371,-0.0067
input,321,0.2645,0.3669,0.0061,0.2759
target,321,-0.5000,0.5000,1.3000,0.0000
param,321,1.0609,0.4469,0.9554,-0.0000
pos,322,-1.4191,0.9345,0.7271,-0.0073
input,322,0.2582,0.3655,0.0069,0.2793
target,322,-0.5000,0.5000,1.3000,0.0000
param,322,1.0609,0.4469,0.9554,-0.0000
pos,323,-1.4137,0.9294,0.7161,-0.0077
input,323,0.2582,0.3655,0.0069,0.2793
target,323,-0.5000,0.5000,1.3000,0.0000
param,323,1.0609,0.4469,0.9554,-0.0000
pos,324,-1.4087,0.9246,0.7056,-0.0079
input,324,0.2467,0.3629,0.0077,0.2856
target,324,-0.5000,0.5000,1.3000,0.0000
param,324,1.0609,0.4469,0.9554,-0.0000
pos,325,-1.4037,0.9199,0.6953,-0.0076
input,325,0.2412,0.3616,0.0078,0.2881
target,325,-0.5000,0.5000,1.3000,0.0000
param,325,1.0609,0.4469,0.9554,-0.0000
pos,326,-1.3990,0.9154,0.6854,-0.0076
input,326,0.2358,0.3602,0.0075,0.2908
target,326,-0.5000,0.5000,1.3000,0.0000
param,326,1.0609,0.4468,0.9554,-0.0000
pos,327,-1.3944,0.9110,0.6755,-0.0078
input,327,0.2358,0.3602,0.0075,0.2908
target,327,-0.5000,0.5000,1.3000,0.0000
param,327,1.0609,0.4468,0.9554,-0.0000
pos,328,-1.3891,0.9061,0.6647,-0.0080
input,328,0.2259,0.3576,0.0076,0.2958
target,328,-0.5000,0.5000,1.3000,0.0000
param,328,1.0609,0.4468,0.9554,-0.0000
pos,329,-1.3839,0.9011,0.6541,-0.0082
input,329,0.2202,0.3559,0.0077,0.2984
target,329,-0.5000,0.5000,1.3000,0.0000
param,329,1.0609,0.4468,0.9554,-0.0000
pos,330,-1.3787,0.8962,0.6436,-0.0074
input,330,0.2148,0.3542,0.0078,0.3009
target,330,-0.5000,0.5000,1.3000,0.0000
param,330,1.0609,0.4468,0.9554,-0.0000
pos,331,-1.3735,0.8914,0.6332,-0.0071
input,331,0.2148,0.3542,0.0078,0.3009
target,331,-0.5000,0.5000,1.3000,0.0000
param,331,1.0609,0.4468,0.9554,-0.0000
pos,332,-1.3683,0.8868,0.6232,-0.0069
input,332,0.2047,0.3507,0.0069,0.3060
target,332,-0.5000,0.5000,1.3000,0.0000
param,332,1.0609,0.4467,0.9554,-0.0000
pos,333,-1.3634,0.8826,0.6137,-0.0068
input,333,0.2047,0.3507,0.0069,0.3060
target,333,-0.5000,0.5000,1.3000,0.0000
param,333,1.0609,0.4467,0.9554,-0.0000
pos,334,-1.3589,0.8787,0.6047,-0.0064
input,334,0.1956,0.3474,0.0066,0.3101
target,334,-0.5000,0.5000,1.3000,0.0000
param,334,1.0609,0.4467,0.9554,-0.0000
pos,335,-1.3537,0.8742,0.5949,-0.0064
input,335,0.1956,0.3474,0.0066,0.3101
target,335,-0.5000,0.5000,1.3000,0.0000
param,335,1.0609,0.4467,0.9554,-0.0000
pos,336,-1.3486,0.8700,0.5851,-0.0067
input,336,0.1873,0.3441,0.0062,0.3138
target,336,-0.5000,0.5000,1.3000,0.0000
param,336,1.0610,0.4467,0.9554,-0.0000
pos,337,-1.3438,0.8662,0.5760,-0.0066
input,337,0.1873,0.3441,0.0062,0.3138
target,337,-0.5000,0.5000,1.3000,0.0000
param,337,1.0610,0.4466,0.9554,-0.0000
pos,338,-1.3388,0.8621,0.5665,-0.0067
input,338,0.1791,0.3407,0.0063,0.3175
target,338,-0.5000,0.5000,1.3000,0.0000
param,338,1.0610,0.4466,0.9554,-0.0000
pos,339,-1.3337,0.8582,0.5571,-0.0069
input,339,0.1791,0.3407,0.0063,0.3175
target,339,-0.5000,0.5000,1.3000,0.0000
param,339,1.0610,0.4466,0.9554,-0.0000
pos,340,-1.3295,0.8548,0.5486,-0.0068
input,340,0.1710,0.3369,0.0065,0.3210
target,340,-0.5000,0.5000,1.3000,0.0000
param,340,1.0610,0.4466,0.9554,-0.0000
pos,341,-1.3250,0.8513,0.5396,-0.0066
input,341,0.1710,0.3369,0.0065,0.3210
target,341,-0.5000,0.5000,1.3000,0.0000
param,341,1.0610,0.4466,0.9554,-0.0000
pos,342,-1.3200,0.8476,0.5304,-0.0063
input,342,0.1643,0.3338,0.0061,0.3239
target,342,-0.5000,0.5000,1.3000,0.0000
param,342,1.0610,0.4465,0.9554,-0.0000
pos,343,-1.3157,0.8445,0.5220,-0.0058
input,343,0.1643,0.3338,0.0061,0.3239
target,343,-0.5000,0.5000,1.3000,0.0000
param,343,1.0610,0.4465,0.9554,-0.0000
pos,344,-1.3112,0.8415,0.5134,-0.0073
input,344,0.1579,0.3302,0.0054,0.3268
target,344,-0.5000,0.5000,1.3000,0.0000
param,344,1.0610,0.4465,0.9554,-0.0000
pos,345,-1.3072,0.8388,0.5054,-0.0089
input,345,0.1579,0.3302,0.0054,0.3268
target,345,-0.5000,0.5000,1.3000,0.0000
param,345,1.0610,0.4465,0.9554,-0.0000
pos,346,-1.3038,0.8366,0.4982,-0.0103
input,346,0.1514,0.3270,0.0076,0.3294
target,346,-0.5000,0.5000,1.3000,0.0000
param,346,1.0610,0.4464,0.9554,-0.0000
pos,347,-1.3010,0.8348,0.4916,-0.0116
input,347,0.1514,0.3270,0.0076,0.3294
target,347,-0.5000,0.5000,1.3000,0.0000
param,347,1.0610,0.4464,0.9554,-0.0000
pos,348,-1.2983,0.8331,0.4854,-0.0126
input,348,0.1514,0.3270,0.0076,0.3294
target,348,-0.5000,0.5000,1.3000,0.0000
param,348,1.0610,0.4464,0.9554,-0.0000
pos,349,-1.2934,0.8301,0.4766,-0.0124
input,349,0.1451,0.3240,0.0099,0.3318
target,349,-0.5000,0.5000,1.3000,0.0000
param,349,1.0610,0.4464,0.9554,-0.0000
pos,350,-1.2876,0.8266,0.4672,-0.0126
input,350,0.1451,0.3240,0.0099,0.3318
target,350,-0.5000,0.5000,1.3000,0.0000
param,350,1.0610,0.4463,0.9554,-0.0000
pos,351,-1.2826,0.8236,0.4587,-0.0127
input,351,0.1385,0.3192,0.0096,0.3350
target,351,-0.5000,0.5000,1.3000,0.0000
param,351,1.0610,0.4463,0.9554,-0.0000
pos,352,-1.2785,0.8212,0.4510,-0.0126
input,352,0.1385,0.3192,0.0096,0.3350
target,352,-0.5000,0.5000,1.3000,0.0000
param,352,1.0610,0.4463,0.9554,-0.0000
pos,353,-1.2732,0.8183,0.4421,-0.0128
input,353,0.1332,0.3153,0.0093,0.3374
target,353,-0.5000,0.5000,1.3000,0.0000
param,353,1.0610,0.4463,0.9554,-0.0000
pos,354,-1.2677,0.8155,0.4328,-0.0126
input,354,0.1332,0.3153,0.0093,0.3374
target,354,-0.5000,0.5000,1.3000,0.0000
param,354,1.0610,0.4462,0.9554,-0.0000
pos,355,-1.2623,0.8130,0.4237,-0.0126
input,355,0.1272,0.3102,0.0089,0.3404
target,355,-0.5000,0.5000,1.3000,0.0000
param,355,1.0610,0.4462,0.9554,-0.0000
pos,356,-1.2569,0.8098,0.4147,-0.0091
input,356,0.1272,0.3102,0.0089,0.3404
target,356,-0.5000,0.5000,1.3000,0.0000
param,356,1.0610,0.4462,0.9554,-0.0000
pos,357,-1.2521,0.8077,0.4062,-0.0094
input,357,0.1221,0.3051,0.0062,0.3432
target,357,-0.5000,0.5000,1.3000,0.0000
param,357,1.0610,0.4461,0.9554,-0.0000
pos,358,-1.2479,0.8058,0.3984,-0.0096
input,358,0.1221,0.3051,0.0062,0.3432
target,358,-0.5000,0.5000,1.3000,0.0000
param,358,1.0610,0.4461,0.9554,-0.0000
pos,359,-1.2430,0.8038,0.3899,-0.0101
input,359,0.1177,0.3010,0.0062,0.3454
target,359,-0.5000,0.5000,1.3000,0.0000
param,359,1.0610,0.4461,0.9554,-0.0000
pos,360,-1.2389,0.8022,0.3822,-0.0106
input,360,0.1177,0.3010,0.0062,0.3454
target,360,-0.5000,0.5000,1.3000,0.0000
param,360,1.0610,0.4461,0.9554,-0.0000
pos,361,-1.2354,0.8008,0.3753,-0.0109
input,361,0.1133,0.2968,0.0066,0.3475
target,361,-0.5000,0.5000,1.3000,0.0000
param,361,1.0610,0.4460,0.9554,-0.0000
pos,362,-1.2325,0.7997,0.3689,-0.0111
input,362,0.1133,0.2968,0.0066,0.3475
target,362,-0.5000,0.5000,1.3000,0.0000
param,362,1.0610,0.4460,0.9554,-0.0000
pos,363,-1.2281,0.7986,0.3609,-0.0120
input,363,0.1133,0.2968,0.0066,0.3475
target,363,-0.5000,0.5000,1.3000,0.0000
param,363,1.0610,0.4460,0.9554,-0.0000
pos,364,-1.2223,0.7972,0.3515,-0.0136
input,364,0.1086,0.2920,0.0071,0.3499
target,364,-0.5000,0.5000,1.3000,0.0000
param,364,1.0610,0.4460,0.9554,-0.0000
pos,365,-1.2170,0.7961,0.3425,-0.0149
input,365,0.1086,0.2920,0.0071,0.3499
target,365,-0.5000,0.5000,1.3000,0.0000
param,365,1.0610,0.4459,0.9554,-0.0000
pos,366,-1.2119,0.7950,0.3337,-0.0169
input,366,0.1040,0.2865,0.0085,0.3524
target,366,-0.5000,0.5000,1.3000,0.0000
param,366,1.0610,0.4459,0.9554,-0.0000
pos,367,-1.2067,0.7938,0.3249,-0.0165
input,367,0.1040,0.2865,0.0085,0.3524
target,367,-0.5000,0.5000,1.3000,0.0000
param,367,1.0610,0.4459,0.9554,-0.0000
pos,368,-1.2016,0.7927,0.3162,-0.0163
input,368,0.1002,0.2814,0.0090,0.3546
target,368,-0.5000,0.5000,1.3000,0.0000
param,368,1.0610,0.4459,0.9554,0.0000
pos,369,-1.1969,0.7918,0.3080,-0.0159
input,369,0.1002,0.2814,0.0090,0.3546
target,369,-0.5000,0.5000,1.3000,0.0000
param,369,1.0610,0.4459,0.9554,0.0000
pos,370,-1.1919,0.7909,0.2994,-0.0156
input,370,0.0972,0.2766,0.0082,0.3565
target,370,-0.5000,0.5000,1.3000,0.0000
param,370,1.0610,0.4458,0.9554,0.0000
pos,371,-1.1871,0.7901,0.2908,-0.0145
input,371,0.0972,0.2766,0.0082,0.3565
target,371,-0.5000,0.5000,1.3000,0.0000
param,371,1.0610,0.4458,0.9554,0.0000
pos,372,-1.1825,0.7895,0.2827,-0.0141
input,372,0.0946,0.2718,0.0069,0.3584
target,372,-0.5000,0.5000,1.3000,0.0000
param,372,1.0610,0.4458,0.9554,0.0000
pos,373,-1.1778,0.7888,0.2742,-0.0121
input,373,0.0946,0.2718,0.0069,0.3584
target,373,-0.5000,0.5000,1.3000,0.0000
param,373,1.0610,0.4458,0.9554,0.0000
pos,374,-1.1730,0.7884,0.2657,-0.0125
input,374,0.0946,0.2718,0.0069,0.3584
target,374,-0.5000,0.5000,1.3000,0.0000
param,374,1.0610,0.4458,0.9554,0.0000
pos,375,-1.1684,0.7881,0.2574,-0.0126
input,375,0.0911,0.2650,0.0050,0.3611
target,375,-0.5000,0.5000,1.3000,0.0000
param,375,1.0610,0.4457,0.9554,0.0000
pos,376,-1.1638,0.7878,0.2491,-0.0125
input,376,0.0911,0.2650,0.0050,0.3611
target,376,-0.5000,0.5000,1.3000,0.0000
param,376,1.0610,0.4457,0.9554,0.0000
pos,377,-1.1592,0.7876,0.2408,-0.0122
input,377,0.0911,0.2650,0.0050,0.3611
target,377,-0.5000,0.5000,1.3000,0.0000
param,377,1.0610,0.4457,0.9554,0.0000
pos,378,-1.1553,0.7875,0.2334,-0.0119
input,378,0.0879,0.2583,0.0043,0.3635
target,378,-0.5000,0.5000,1.3000,0.0000
param,378,1.0610,0.4457,0.9554,0.0000
pos,379,-1.1520,0.7873,0.2266,-0.0116
input,379,0.0879,0.2583,0.0043,0.3635
target,379,-0.5000,0.5000,1.3000,0.0000
param,379,1.0610,0.4457,0.9554,0.0000
pos,380,-1.1466,0.7872,0.2184,-0.0118
input,380,0.0879,0.2583,0.0043,0.3635
target,380,-0.5000,0.5000,1.3000,0.0000
param,380,1.0610,0.4457,0.9554,0.0000
pos,381,-1.1418,0.7871,0.2107,-0.0114
input,381,0.0854,0.2526,0.0037,0.3654
target,381,-0.5000,0.5000,1.3000,0.0000
param,381,1.0610,0.4457,0.9554,0.0000
pos,382,-1.1370,0.7872,0.2031,-0.0115
input,382,0.0854,0.2526,0.0037,0.3654
target,382,-0.5000,0.5000,1.3000,0.0000
param,382,1.0610,0.4457,0.9554,0.0000
pos,383,-1.1326,0.7872,0.1960,-0.0116
input,383,0.0854,0.2526,0.0037,0.3654
target,383,-0.5000,0.5000,1.3000,0.0000
param,383,1.0610,0.4457,0.9554,0.0000
pos,384,-1.1290,0.7873,0.1895,-0.0117
input,384,0.0832,0.2463,0.0034,0.3675
target,384,-0.5000,0.5000,1.3000,0.0000
param,384,1.0610,0.4457,0.9554,0.0000
pos,385,-1.1258,0.7874,0.1836,-0.0119
input,385,0.0832,0.2463,0.0034,0.3675
target,385,-0.5000,0.5000,1.3000,0.0000
param,385,1.0610,0.4457,0.9554,0.0000
pos,386,-1.1232,0.7876,0.1784,-0.0121
input,386,0.0832,0.2463,0.0034,0.3675
target,386,-0.5000,0.5000,1.3000,0.0000
param,386,1.0610,0.4457,0.9554,0.0000
pos,387,-1.1210,0.7878,0.1736,-0.0122
input,387,0.0832,0.2463,0.0034,0.3675
target,387,-0.5000,0.5000,1.3000,0.0000
param,387,1.0610,0.4457,0.9554,0.0000
pos,388,-1.1162,0.7881,0.1666,-0.0125
input,388,0.0832,0.2463,0.0034,0.3675
target,388,-0.5000,0.5000,1.3000,0.0000
param,388,1.0610,0.4457,0.9554,0.0000
pos,389,-1.1112,0.7884,0.1597,-0.0128
input,389,0.0807,0.2397,0.0036,0.3697
target,389,-0.5000,0.5000,1.3000,0.0000
param,389,1.0610,0.4457,0.9554,0.0000
pos,390,-1.1066,0.7891,0.1531,-0.0139
input,390,0.0807,0.2397,0.0036,0.3697
target,390,-0.5000,0.5000,1.3000,0.0000
param,390,1.0611,0.4457,0.9554,0.0000
pos,391,-1.1020,0.7896,0.1466,-0.0141
input,391,0.0807,0.2397,0.0036,0.3697
target,391,-0.5000,0.5000,1.3000,0.0000
param,391,1.0611,0.4457,0.9554,0.0000
pos,392,-1.0981,0.7905,0.1405,-0.0143
input,392,0.0794,0.2336,0.0041,0.3714
target,392,-0.5000,0.5000,1.3000,0.0000
param,392,1.0611,0.4457,0.9554,0.0000
pos,393,-1.0939,0.7914,0.1346,-0.0143
input,393,0.0794,0.2336,0.0041,0.3714
target,393,-0.5000,0.5000,1.3000,0.0000
param,393,1.0611,0.4457,0.9554,0.0000
pos,394,-1.0903,0.7922,0.1291,-0.0143
input,394,0.0794,0.2336,0.0041,0.3714
target,394,-0.5000,0.5000,1.3000,0.0000
param,394,1.0611,0.4457,0.9554,0.0000
pos,395,-1.0861,0.7935,0.1235,-0.0142
input,395,0.0794,0.2336,0.0041,0.3714
target,395,-0.5000,0.5000,1.3000,0.0000
param,395,1.0611,0.4457,0.9554,0.0000
pos,396,-1.0821,0.7947,0.1182,-0.0139
input,396,0.0793,0.2272,0.0037,0.3731
target,396,-0.5000,0.5000,1.3000,0.0000
param,396,1.0611,0.4457,0.9554,0.0000
pos,397,-1.0784,0.7961,0.1135,-0.0133
input,397,0.0793,0.2272,0.0037,0.3731
target,397,-0.5000,0.5000,1.3000,0.0000
param,397,1.0611,0.4457,0.9554,0.0000
pos,398,-1.0747,0.7973,0.1094,-0.0132
input,398,0.0793,0.2272,0.0037,0.3731
target,398,-0.5000,0.5000,1.3000,0.0000
param,398,1.0611,0.4457,0.9554,0.0000
pos,399,-1.0713,0.7986,0.1058,-0.0131
input,399,0.0793,0.2272,0.0037,0.3731
target,399,-0.5000,0.5000,1.3000,0.0000
param,399,1.0611,0.4458,0.9554,0.0000
pos,400,-1.0680,0.7995,0.1026,-0.0136
input,400,0.0793,0.2272,0.0037,0.3731
target,400,-0.5000,0.5000,1.3000,0.0000
param,400,1.0611,0.4458,0.9554,0.0000
pos,401,-1.0649,0.8005,0.0999,-0.0138
input,401,0.0809,0.2207,0.0031,0.3747
target,401,-0.5000,0.5000,1.3000,0.0000
param,401,1.0611,0.4458,0.9554,0.0000
pos,402,-1.0622,0.8019,0.0974,-0.0142
input,402,0.0809,0.2207,0.0031,0.3747
target,402,-0.5000,0.5000,1.3000,0.0000
param,402,1.0611,0.4458,0.9554,0.0000
pos,403,-1.0594,0.8035,0.0951,-0.0140
input,403,0.0809,0.2207,0.0031,0.3747
target,403,-0.5000,0.5000,1.3000,0.0000
param,403,1.0611,0.4459,0.9554,0.0000
pos,404,-1.0566,0.8051,0.0929,-0.0145
input,404,0.0809,0.2207,0.0031,0.3747
target,404,-0.5000,0.5000,1.3000,0.0000
param,404,1.0611,0.4459,0.9554,0.0000
pos,405,-1.0539,0.8068,0.0908,-0.0158
input,405,0.0809,0.2207,0.0031,0.3747
target,405,-0.5000,0.5000,1.3000,0.0000
param,405,1.0611,0.4459,0.9554,0.0000
pos,406,-1.0517,0.8084,0.0889,-0.0173
input,406,0.0809,0.2207,0.0031,0.3747
target,406,-0.5000,0.5000,1.3000,0.0000
param,406,1.0611,0.4459,0.9554,0.0000
pos,407,-1.0497,0.8097,0.0872,-0.0187
input,407,0.0809,0.2207,0.0031,0.3747
target,407,-0.5000,0.5000,1.3000,0.0000
param,407,1.0611,0.4460,0.9554,0.0000
pos,408,-1.0481,0.8109,0.0857,-0.0202
input,408,0.0844,0.2157,0.0054,0.3758
target,408,-0.5000,0.5000,1.3000,0.0000
param,408,1.0611,0.4460,0.9554,0.0000
pos,409,-1.0451,0.8122,0.0839,-0.0155
input,409,0.0844,0.2157,0.0054,0.3758
target,409,-0.5000,0.5000,1.3000,0.0000
param,409,1.0611,0.4460,0.9554,0.0000
pos,410,-1.0424,0.8139,0.0826,-0.0149
input,410,0.0844,0.2157,0.0054,0.3758
target,410,-0.5000,0.5000,1.3000,0.0000
param,410,1.0611,0.4461,0.9554,0.0000
pos,411,-1.0399,0.8156,0.0815,-0.0145
input,411,0.0844,0.2157,0.0054,0.3758
target,411,-0.5000,0.5000,1.3000,0.0000
param,411,1.0611,0.4461,0.9554,0.0000
pos,412,-1.0379,0.8170,0.0804,-0.0142
input,412,0.0844,0.2157,0.0054,0.3758
target,412,-0.5000,0.5000,1.3000,0.0000
param,412,1.0611,0.4461,0.9554,0.0000
pos,413,-1.0361,0.8183,0.0794,-0.0140
input,413,0.0844,0.2157,0.0054,0.3758
target,413,-0.5000,0.5000,1.3000,0.0000
param,413,1.0611,0.4461,0.9554,0.0000
pos,414,-1.0336,0.8199,0.0784,-0.0135
input,414,0.0891,0.2121,0.0025,0.3765
target,414,-0.5000,0.5000,1.3000,0.0000
param,414,1.0611,0.4462,0.9554,0.0000
pos,415,-1.0315,0.8213,0.0775,-0.0131
input,415,0.0891,0.2121,0.0025,0.3765
target,415,-0.5000,0.5000,1.3000,0.0000
param,415,1.0611,0.4462,0.9554,0.0000
pos,416,-1.0294,0.8228,0.0766,-0.0125
input,416,0.0891,0.2121,0.0025,0.3765
target,416,-0.5000,0.5000,1.3000,0.0000
param,416,1.0611,0.4462,0.9554,0.0000
pos,417,-1.0274,0.8242,0.0759,-0.0118
input,417,0.0891,0.2121,0.0025,0.3765
target,417,-0.5000,0.5000,1.3000,0.0000
param,417,1.0611,0.4462,0.9554,0.0000
pos,418,-1.0256,0.8254,0.0752,-0.0110
input,418,0.0891,0.2121,0.0025,0.3765
target,418,-0.5000,0.5000,1.3000,0.0000
param,418,1.0611,0.4463,0.9554,0.0000
pos,419,-1.0241,0.8265,0.0746,-0.0102
input,419,0.0891,0.2121,0.0025,0.3765
target,419,-0.5000,0.5000,1.3000,0.0000
param,419,1.0611,0.4463,0.9554,0.0000
pos,420,-1.0229,0.8275,0.0741,-0.0096
input,420,0.0891,0.2121,0.0025,0.3765
target,420,-0.5000,0.5000,1.3000,0.0000
param,420,1.0611,0.4463,0.9554,0.0000
pos,421,-1.0219,0.8283,0.0736,-0.0086
input,421,0.0939,0.2085,-0.0001,0.3770
target,421,-0.5000,0.5000,1.3000,0.0000
param,421,1.0611,0.4463,0.9554,0.0000
pos,422,-1.0208,0.8293,0.0731,-0.0070
input,422,0.0939,0.2085,-0.0001,0.3770
target,422,-0.5000,0.5000,1.3000,0.0000
param,422,1.0611,0.4463,0.9554,0.0000
pos,423,-1.0199,0.8301,0.0727,-0.0057
input,423,0.0939,0.2085,-0.0001,0.3770
target,423,-0.5000,0.5000,1.3000,0.0000
param,423,1.0611,0.4464,0.9554,0.0000
pos,424,-1.0192,0.8309,0.0724,-0.0046
input,424,0.0939,0.2085,-0.0001,0.3770
target,424,-0.5000,0.5000,1.3000,0.0000
param,424,1.0611,0.4464,0.9554,0.0000
pos,425