pos,0,-2.1509,-2.8804,1.0162,0.0175
input,0,0.0805,0.0631,-0.0133,-0.0144
target,0,-2.0000,-3.0000,1.0000,0.0000
param,0,1.0611,0.4471,0.9554,-0.1673
pos,1,-2.1527,-2.8906,1.0169,0.0176
input,1,0.0742,0.0668,-0.0134,-0.0154
target,1,-0.5000,-3.0000,1.0000,0.0000
param,1,1.0611,0.4471,0.9554,-0.1673
pos,2,-2.1545,-2.9000,1.0176,0.0172
input,2,0.0682,0.0703,-0.0136,-0.0164
target,2,-0.5000,-3.0000,1.0000,0.0000
param,2,1.0611,0.4471,0.9554,-0.1673
pos,3,-2.1564,-2.9097,1.0182,0.0164
input,3,0.2269,0.5061,0.0836,0.0285
target,3,-0.5000,-3.0000,1.0000,0.0000
param,3,1.0611,0.4471,0.9554,-0.1673
pos,4,-2.1582,-2.9192,1.0190,0.0165
input,4,0.2318,0.5137,0.0962,0.0326
target,4,-0.5000,-3.0000,1.0000,0.0000
param,4,1.0611,0.4471,0.9554,-0.1673
pos,5,-2.1599,-2.9284,1.0196,0.0161
input,5,0.2318,0.5137,0.0962,0.0326
target,5,-0.5000,-3.0000,1.0000,0.0000
param,5,1.0611,0.4471,0.9554,-0.1673
pos,6,-2.1617,-2.9373,1.0202,0.0153
input,6,0.2222,0.5116,0.0968,0.0319
target,6,-0.5000,-3.0000,1.0000,0.0000
param,6,1.0611,0.4471,0.9554,-0.1673
pos,7,-2.1633,-2.9449,1.0208,0.0144
input,7,0.2222,0.5116,0.0968,0.0319
target,7,-0.5000,-3.0000,1.0000,0.0000
param,7,1.0611,0.4471,0.9554,-0.1673
pos,8,-2.1647,-2.9512,1.0214,0.0136
input,8,0.2222,0.5116,0.0968,0.0319
target,8,-0.5000,-3.0000,1.0000,0.0000
param,8,1.0611,0.4471,0.9554,-0.1673
pos,9,-2.1661,-2.9566,1.0220,0.0127
input,9,0.2222,0.5116,0.0968,0.0319
target,9,-0.5000,-3.0000,1.0000,0.0000
param,9,1.0611,0.4471,0.9554,-0.1673
pos,10,-2.1673,-2.9611,1.0225,0.0118
input,10,0.2137,0.5104,0.0970,0.0293
target,10,-0.5000,-3.0000,1.0000,0.0000
param,10,1.0611,0.4471,0.9554,-0.1673
pos,11,-2.1685,-2.9649,1.0231,0.0109
input,11,0.2137,0.5104,0.0970,0.0293
target,11,-0.5000,-3.0000,1.0000,0.0000
param,11,1.0611,0.4471,0.9554,-0.1673
pos,12,-2.1695,-2.9680,1.0236,0.0101
input,12,0.2137,0.5104,0.0970,0.0293
target,12,-0.5000,-3.0000,1.0000,0.0000
param,12,1.0611,0.4471,0.9554,-0.1673
pos,13,-2.1705,-2.9706,1.0241,0.0092
input,13,0.2137,0.5104,0.0970,0.0293
target,13,-0.5000,-3.0000,1.0000,0.0000
param,13,1.0611,0.4471,0.9554,-0.1673
pos,14,-2.1714,-2.9728,1.0246,0.0084
input,14,0.2137,0.5104,0.0970,0.0293
target,14,-0.5000,-3.0000,1.0000,0.0000
param,14,1.0611,0.4471,0.9554,-0.1673
pos,15,-2.1723,-2.9745,1.0250,0.0077
input,15,0.2137,0.5104,0.0970,0.0293
target,15,-0.5000,-3.0000,1.0000,0.0000
param,15,1.0611,0.4471,0.9554,-0.1673
pos,16,-2.1731,-2.9759,1.0254,0.0070
input,16,0.2137,0.5104,0.0970,0.0293
target,16,-0.5000,-3.0000,1.0000,0.0000
param,16,1.0611,0.4471,0.9554,-0.1673
pos,17,-2.1738,-2.9769,1.0258,0.0064
input,17,0.2055,0.5099,0.0930,0.0258
target,17,-0.5000,-3.0000,1.0000,0.0000
param,17,1.0611,0.4471,0.9554,-0.1673
pos,18,-2.1745,-2.9778,1.0262,0.0058
input,18,0.2055,0.5099,0.0930,0.0258
target,18,-0.5000,-3.0000,1.0000,0.0000
param,18,1.0611,0.4471,0.9554,-0.1673
pos,19,-2.1762,-2.9909,1.0257,0.0053
input,19,0.2055,0.5099,0.0930,0.0258
target,19,-0.5000,-3.0000,1.0000,0.0000
param,19,1.0611,0.4471,0.9554,-0.1673
pos,20,-2.1778,-3.0029,1.0253,0.0056
input,20,0.2055,0.5099,0.0930,0.0258
target,20,-0.5000,-3.0000,1.0000,0.0000
param,20,1.0611,0.4471,0.9554,-0.1673
pos,21,-2.1793,-3.0136,1.0249,0.0055
input,21,0.1932,0.5089,0.0922,0.0244
target,21,-0.5000,-3.0000,1.0000,0.0000
param,21,1.0611,0.4471,0.9554,-0.1673
pos,22,-2.1805,-3.0238,1.0243,0.0051
input,22,0.1932,0.5089,0.0922,0.0244
target,22,-0.5000,-3.0000,1.0000,0.0000
param,22,1.0611,0.4471,0.9554,-0.1673
pos,23,-2.1816,-3.0332,1.0236,0.0041
input,23,0.1837,0.5079,0.0925,0.0227
target,23,-0.5000,-3.0000,1.0000,0.0000
param,23,1.0611,0.4471,0.9554,-0.1672
pos,24,-2.1825,-3.0416,1.0230,0.0028
input,24,0.1837,0.5079,0.0925,0.0227
target,24,-0.5000,-3.0000,1.0000,0.0000
param,24,1.0611,0.4471,0.9554,-0.1672
pos,25,-2.1835,-3.0494,1.0224,0.0033
input,25,0.1746,0.5064,0.0938,0.0216
target,25,-0.5000,-3.0000,1.0000,0.0000
param,25,1.0611,0.4471,0.9554,-0.1672
pos,26,-2.1844,-3.0571,1.0217,0.0036
input,26,0.1746,0.5064,0.0938,0.0216
target,26,-0.5000,-3.0000,1.0000,0.0000
param,26,1.0611,0.4471,0.9554,-0.1672
pos,27,-2.1853,-3.0639,1.0209,0.0037
input,27,0.1746,0.5064,0.0938,0.0216
target,27,-0.5000,-3.0000,1.0000,0.0000
param,27,1.0611,0.4471,0.9554,-0.1672
pos,28,-2.1860,-3.0703,1.0201,0.0035
input,28,0.1624,0.5057,0.0915,0.0207
target,28,-0.5000,-3.0000,1.0000,0.0000
param,28,1.0611,0.4471,0.9554,-0.1672
pos,29,-2.1868,-3.0767,1.0191,0.0027
input,29,0.1624,0.5057,0.0915,0.0207
target,29,-0.5000,-3.0000,1.0000,0.0000
param,29,1.0611,0.4471,0.9554,-0.1672
pos,30,-2.1875,-3.0828,1.0181,0.0022
input,30,0.1624,0.5057,0.0915,0.0207
target,30,-0.5000,-3.0000,1.0000,0.0000
param,30,1.0611,0.4471,0.9554,-0.1672
pos,31,-2.1881,-3.0882,1.0171,0.0017
input,31,0.1504,0.5043,0.0911,0.0194
target,31,-0.5000,-3.0000,1.0000,0.0000
param,31,1.0611,0.4471,0.9554,-0.1672
pos,32,-2.1886,-3.0927,1.0161,0.0013
input,32,0.1504,0.5043,0.0911,0.0194
target,32,-0.5000,-3.0000,1.0000,0.0000
param,32,1.0611,0.4471,0.9554,-0.1672
pos,33,-2.1893,-3.0980,1.0150,0.0016
input,33,0.1504,0.5043,0.0911,0.0194
target,33,-0.5000,-3.0000,1.0000,0.0000
param,33,1.0611,0.4471,0.9554,-0.1672
pos,34,-2.1798,-3.1063,1.0142,0.0034
input,34,0.1392,0.5034,0.0893,0.0182
target,34,-0.5000,-3.0000,1.0000,0.0000
param,34,1.0611,0.4471,0.9554,-0.1672
pos,35,-2.1716,-3.1138,1.0135,0.0055
input,35,0.1392,0.5034,0.0893,0.0182
target,35,-0.5000,-3.0000,1.0000,0.0000
param,35,1.0611,0.4471,0.9554,-0.1672
pos,36,-2.1646,-3.1211,1.0124,0.0065
input,36,0.1392,0.5034,0.0893,0.0182
target,36,-0.5000,-3.0000,1.0000,0.0000
param,36,1.0611,0.4471,0.9554,-0.1672
pos,37,-2.1587,-3.1275,1.0114,0.0075
input,37,0.1292,0.5028,0.0875,0.0174
target,37,-0.5000,-3.0000,1.0000,0.0000
param,37,1.0611,0.4471,0.9554,-0.1672
pos,38,-2.1536,-3.1330,1.0105,0.0086
input,38,0.1292,0.5028,0.0875,0.0174
target,38,-0.5000,-3.0000,1.0000,0.0000
param,38,1.0611,0.4471,0.9554,-0.1672
pos,39,-2.1492,-3.1378,1.0097,0.0097
input,39,0.1292,0.5028,0.0875,0.0174
target,39,-0.5000,-3.0000,1.0000,0.0000
param,39,1.0611,0.4471,0.9554,-0.1672
pos,40,-2.1457,-3.1437,1.0084,0.0108
input,40,0.1292,0.5028,0.0875,0.0174
target,40,-0.5000,-3.0000,1.0000,0.0000
param,40,1.0611,0.4471,0.9554,-0.1672
pos,41,-2.1428,-3.1487,1.0073,0.0121
input,41,0.1195,0.5024,0.0866,0.0176
target,41,-0.5000,-3.0000,1.0000,0.0000
param,41,1.0611,0.4471,0.9554,-0.1672
pos,42,-2.1403,-3.1539,1.0057,0.0128
input,42,0.1195,0.5024,0.0866,0.0176
target,42,-0.5000,-3.0000,1.0000,0.0000
param,42,1.0611,0.4471,0.9554,-0.1672
pos,43,-2.1383,-3.1588,1.0042,0.0133
input,43,0.1195,0.5024,0.0866,0.0176
target,43,-0.5000,-3.0000,1.0000,0.0000
param,43,1.0611,0.4471,0.9554,-0.1672
pos,44,-2.1365,-3.1632,1.0027,0.0143
input,44,0.1195,0.5024,0.0866,0.0176
target,44,-0.5000,-3.0000,1.0000,0.0000
param,44,1.0611,0.4471,0.9554,-0.1672
pos,45,-2.1350,-3.1677,1.0011,0.0148
input,45,0.1195,0.5024,0.0866,0.0176
target,45,-0.5000,-3.0000,1.0000,0.0000
param,45,1.0611,0.4471,0.9554,-0.1672
pos,46,-2.1337,-3.1720,0.9993,0.0151
input,46,0.1087,0.5024,0.0861,0.0193
target,46,-0.5000,-3.0000,1.0000,0.0000
param,46,1.0611,0.4471,0.9554,-0.1672
pos,47,-2.1327,-3.1758,0.9976,0.0159
input,47,0.1087,0.5024,0.0861,0.0193
target,47,-0.5000,-3.0000,1.0000,0.0000
param,47,1.0610,0.4471,0.9554,-0.1672
pos,48,-2.1321,-3.1795,0.9958,0.0170
input,48,0.1087,0.5024,0.0861,0.0193
target,48,-0.5000,-3.0000,1.0000,0.0000
param,48,1.0610,0.4471,0.9554,-0.1672
pos,49,-2.1316,-3.1829,0.9939,0.0181
input,49,0.1087,0.5024,0.0861,0.0193
target,49,-0.5000,-3.0000,1.0000,0.0000
param,49,1.0610,0.4471,0.9554,-0.1672
pos,50,-2.1311,-3.1861,0.9922,0.0191
input,50,0.1087,0.5024,0.0861,0.0193
target,50,-0.5000,-3.0000,1.0000,0.0000
param,50,1.0610,0.4471,0.9554,-0.1672
pos,51,-2.1307,-3.1888,0.9906,0.0203
input,51,0.1087,0.5024,0.0861,0.0193
target,51,-0.5000,-3.0000,1.0000,0.0000
param,51,1.0610,0.4471,0.9554,-0.1672
pos,52,-2.1305,-3.1909,0.9892,0.0216
input,52,0.0992,0.5043,0.0836,0.0218
target,52,-0.5000,-3.0000,1.0000,0.0000
param,52,1.0610,0.4471,0.9554,-0.1672
pos,53,-2.1303,-3.1927,0.9879,0.0230
input,53,0.0992,0.5043,0.0836,0.0218
target,53,-0.5000,-3.0000,1.0000,0.0000
param,53,1.0610,0.4471,0.9554,-0.1672
pos,54,-2.1303,-3.1942,0.9867,0.0244
input,54,0.0992,0.5043,0.0836,0.0218
target,54,-0.5000,-3.0000,1.0000,0.0000
param,54,1.0610,0.4471,0.9554,-0.1672
pos,55,-2.1303,-3.1954,0.9857,0.0258
input,55,0.0992,0.5043,0.0836,0.0218
target,55,-0.5000,-3.0000,1.0000,0.0000
param,55,1.0610,0.4471,0.9554,-0.1672
pos,56,-2.1305,-3.1964,0.9847,0.0272
input,56,0.0992,0.5043,0.0836,0.0218
target,56,-0.5000,-3.0000,1.0000,0.0000
param,56,1.0610,0.4471,0.9554,-0.1672
pos,57,-2.1306,-3.1971,0.9838,0.0286
input,57,0.0992,0.5043,0.0836,0.0218
target,57,-0.5000,-3.0000,1.0000,0.0000
param,57,1.0610,0.4471,0.9554,-0.1673
pos,58,-2.1308,-3.1978,0.9831,0.0299
input,58,0.0992,0.5043,0.0836,0.0218
target,58,-0.5000,-3.0000,1.0000,0.0000
param,58,1.0610,0.4471,0.9554,-0.1673
pos,59,-2.1310,-3.1982,0.9824,0.0312
input,59,0.0992,0.5043,0.0836,0.0218
target,59,-0.5000,-3.0000,1.0000,0.0000
param,59,1.0610,0.4471,0.9554,-0.1673
pos,60,-2.1313,-3.1986,0.9817,0.0324
input,60,0.0992,0.5043,0.0836,0.0218
target,60,-0.5000,-3.0000,1.0000,0.0000
param,60,1.0609,0.4471,0.9554,-0.1673
pos,61,-2.1315,-3.1989,0.9811,0.0336
input,61,0.0992,0.5043,0.0836,0.0218
target,61,-0.5000,-3.0000,1.0000,0.0000
param,61,1.0609,0.4471,0.9554,-0.1673
pos,62,-2.1319,-3.1990,0.9806,0.0347
input,62,0.0992,0.5043,0.0836,0.0218
target,62,-0.5000,-3.0000,1.0000,0.0000
param,62,1.0609,0.4471,0.9554,-0.1673
pos,63,-2.1322,-3.1990,0.9802,0.0358
input,63,0.0992,0.5043,0.0836,0.0218
target,63,-0.5000,-3.0000,1.0000,0.0000
param,63,1.0609,0.4471,0.9554,-0.1673
pos,64,-2.1321,-3.2032,0.9743,0.0350
input,64,0.0992,0.5043,0.0836,0.0218
target,64,-0.5000,-3.0000,1.0000,0.0000
param,64,1.0609,0.4471,0.9554,-0.1673
pos,65,-2.1325,-3.2072,0.9686,0.0341
input,65,0.0937,0.5112,0.0731,0.0267
target,65,-0.5000,-3.0000,1.0000,0.0000
param,65,1.0609,0.4471,0.9554,-0.1673
pos,66,-2.1329,-3.2107,0.9633,0.0334
input,66,0.0937,0.5112,0.0731,0.0267
target,66,-0.5000,-3.0000,1.0000,0.0000
param,66,1.0609,0.4471,0.9554,-0.1673
pos,67,-2.1331,-3.2140,0.9578,0.0334
input,67,0.0937,0.5112,0.0731,0.0267
target,67,-0.5000,-3.0000,1.0000,0.0000
param,67,1.0609,0.4471,0.9554,-0.1673
pos,68,-2.1331,-3.2169,0.9525,0.0341
input,68,0.0818,0.5117,0.0779,0.0325
target,68,-0.5000,-3.0000,1.0000,0.0000
param,68,1.0609,0.4471,0.9554,-0.1673
pos,69,-2.1332,-3.2197,0.9471,0.0341
input,69,0.0818,0.5117,0.0779,0.0325
target,69,-0.5000,-3.0000,1.0000,0.0000
param,69,1.0609,0.4471,0.9554,-0.1673
pos,70,-2.1331,-3.2224,0.9418,0.0342
input,70,0.0818,0.5117,0.0779,0.0325
target,70,-0.5000,-3.0000,1.0000,0.0000
param,70,1.0609,0.4471,0.9554,-0.1673
pos,71,-2.1329,-3.2250,0.9366,0.0336
input,71,0.0713,0.5130,0.0780,0.0367
target,71,-0.5000,-3.0000,1.0000,0.0000
param,71,1.0609,0.4471,0.9554,-0.1673
pos,72,-2.1324,-3.2273,0.9314,0.0340
input,72,0.0713,0.5130,0.0780,0.0367
target,72,-0.5000,-3.0000,1.0000,0.0000
param,72,1.0609,0.4471,0.9554,-0.1673
pos,73,-2.1319,-3.2296,0.9262,0.0352
input,73,0.0713,0.5130,0.0780,0.0367
target,73,-0.5000,-3.0000,1.0000,0.0000
param,73,1.0609,0.4471,0.9554,-0.1673
pos,74,-2.1310,-3.2317,0.9208,0.0364
input,74,0.0616,0.5143,0.0781,0.0409
target,74,-0.5000,-3.0000,1.0000,0.0000
param,74,1.0609,0.4471,0.9554,-0.1673
pos,75,-2.1300,-3.2339,0.9155,0.0380
input,75,0.0616,0.5143,0.0781,0.0409
target,75,-0.5000,-3.0000,1.0000,0.0000
param,75,1.0609,0.4471,0.9554,-0.1673
pos,76,-2.1289,-3.2361,0.9101,0.0390
input,76,0.0616,0.5143,0.0781,0.0409
target,76,-0.5000,-3.0000,1.0000,0.0000
param,76,1.0609,0.4471,0.9554,-0.1673
pos,77,-2.1276,-3.2381,0.9047,0.0400
input,77,0.0616,0.5143,0.0781,0.0409
target,77,-0.5000,-3.0000,1.0000,0.0000
param,77,1.0609,0.4471,0.9554,-0.1673
pos,78,-2.1260,-3.2401,0.8992,0.0413
input,78,0.0492,0.5172,0.0747,0.0476
target,78,-0.5000,-3.0000,1.0000,0.0000
param,78,1.0609,0.4471,0.9554,-0.1673
pos,79,-2.1241,-3.2421,0.8936,0.0425
input,79,0.0492,0.5172,0.0747,0.0476
target,79,-0.5000,-3.0000,1.0000,0.0000
param,79,1.0609,0.4471,0.9554,-0.1673
pos,80,-2.1226,-3.2438,0.8886,0.0438
input,80,0.0492,0.5172,0.0747,0.0476
target,80,-0.5000,-3.0000,1.0000,0.0000
param,80,1.0609,0.4471,0.9554,-0.1673
pos,81,-2.1200,-3.2458,0.8829,0.0453
input,81,0.0492,0.5172,0.0747,0.0476
target,81,-0.5000,-3.0000,1.0000,0.0000
param,81,1.0609,0.4471,0.9554,-0.1673
pos,82,-2.1172,-3.2477,0.8771,0.0468
input,82,0.0372,0.5200,0.0712,0.0538
target,82,-0.5000,-3.0000,1.0000,0.0000
param,82,1.0609,0.4471,0.9554,-0.1673
pos,83,-2.1142,-3.2496,0.8713,0.0484
input,83,0.0372,0.5200,0.0712,0.0538
target,83,-0.5000,-3.0000,1.0000,0.0000
param,83,1.0609,0.4471,0.9554,-0.1672
pos,84,-2.1112,-3.2513,0.8657,0.0501
input,84,0.0372,0.5200,0.0712,0.0538
target,84,-0.5000,-3.0000,1.0000,0.0000
param,84,1.0610,0.4471,0.9554,-0.1672
pos,85,-2.1074,-3.2531,0.8596,0.0522
input,85,0.0278,0.5221,0.0679,0.0584
target,85,-0.5000,-3.0000,1.0000,0.0000
param,85,1.0610,0.4471,0.9554,-0.1672
pos,86,-2.1039,-3.2548,0.8539,0.0540
input,86,0.0278,0.5221,0.0679,0.0584
target,86,-0.5000,-3.0000,1.0000,0.0000
param,86,1.0610,0.4471,0.9554,-0.1672
pos,87,-2.1008,-3.2562,0.8486,0.0559
input,87,0.0278,0.5221,0.0679,0.0584
target,87,-0.5000,-3.0000,1.0000,0.0000
param,87,1.0610,0.4471,0.9554,-0.1672
pos,88,-2.0960,-3.2581,0.8422,0.0578
input,88,0.0278,0.5221,0.0679,0.0584
target,88,-0.5000,-3.0000,1.0000,0.0000
param,88,1.0610,0.4471,0.9554,-0.1672
pos,89,-2.0914,-3.2597,0.8360,0.0596
input,89,0.0156,0.5250,0.0617,0.0663
target,89,-0.5000,-3.0000,1.0000,0.0000
param,89,1.0610,0.4471,0.9554,-0.1672
pos,90,-2.0861,-3.2616,0.8293,0.0609
input,90,0.0156,0.5250,0.0617,0.0663
target,90,-0.5000,-3.0000,1.0000,0.0000
param,90,1.0610,0.4471,0.9554,-0.1672
pos,91,-2.0805,-3.2634,0.8225,0.0636
input,91,0.0156,0.5250,0.0617,0.0663
target,91,-0.5000,-3.0000,1.0000,0.0000
param,91,1.0610,0.4471,0.9554,-0.1672
pos,92,-2.0752,-3.2651,0.8160,0.0660
input,92,0.0054,0.5268,0.0575,0.0722
target,92,-0.5000,-3.0000,1.0000,0.0000
param,92,1.0610,0.4471,0.9554,-0.1672
pos,93,-2.0691,-3.2667,0.8090,0.0680
input,93,0.0054,0.5268,0.0575,0.0722
target,93,-0.5000,-3.0000,1.0000,0.0000
param,93,1.0610,0.4471,0.9554,-0.1672
pos,94,-2.0632,-3.2682,0.8021,0.0700
input,94,0.0054,0.5268,0.0575,0.0722
target,94,-0.5000,-3.0000,1.0000,0.0000
param,94,1.0610,0.4471,0.9554,-0.1672
pos,95,-2.0565,-3.2698,0.7948,0.0718
input,95,-0.0046,0.5284,0.0522,0.0790
target,95,-0.5000,-3.0000,1.0000,0.0000
param,95,1.0610,0.4471,0.9554,-0.1672
pos,96,-2.0507,-3.2711,0.7882,0.0733
input,96,-0.0046,0.5284,0.0522,0.0790
target,96,-0.5000,-3.0000,1.0000,0.0000
param,96,1.0610,0.4470,0.9554,-0.1672
pos,97,-2.0457,-3.2723,0.7822,0.0749
input,97,-0.0046,0.5284,0.0522,0.0790
target,97,-0.5000,-3.0000,1.0000,0.0000
param,97,1.0610,0.4470,0.9554,-0.1672
pos,98,-2.0375,-3.2739,0.7739,0.0766
input,98,-0.0140,0.5296,0.0479,0.0858
target,98,-0.5000,-3.0000,1.0000,0.0000
param,98,1.0610,0.4470,0.9554,-0.1672
pos,99,-2.0300,-3.2752,0.7660,0.0786
input,99,-0.0140,0.5296,0.0479,0.0858
target,99,-0.5000,-3.0000,1.0000,0.0000
param,99,1.0610,0.4470,0.9554,-0.1672
pos,100,-2.0224,-3.2765,0.7580,0.0803
input,100,-0.0140,0.5296,0.0479,0.0858
target,100,-0.5000,-3.0000,1.0000,0.0000
param,100,1.0610,0.4470,0.9554,-0.1672
pos,101,-2.0146,-3.2777,0.7498,0.0818
input,101,-0.0259,0.5301,0.0427,0.0951
target,101,-0.5000,-3.0000,1.0000,0.0000
param,101,1.0610,0.4470,0.9554,-0.1672
pos,102,-2.0067,-3.2788,0.7416,0.0839
input,102,-0.0259,0.5301,0.0427,0.0951
target,102,-0.5000,-3.0000,1.0000,0.0000
param,102,1.0610,0.4470,0.9554,-0.1672
pos,103,-1.9989,-3.2799,0.7332,0.0853
input,103,-0.0259,0.5301,0.0427,0.0951
target,103,-0.5000,-3.0000,1.0000,0.0000
param,103,1.0610,0.4470,0.9554,-0.1672
pos,104,-1.9921,-3.2808,0.7255,0.0866
input,104,-0.0376,0.5301,0.0378,0.1045
target,104,-0.5000,-3.0000,1.0000,0.0000
param,104,1.0610,0.4470,0.9554,-0.1672
pos,105,-1.9856,-3.2815,0.7182,0.0881
input,105,-0.0376,0.5301,0.0378,0.1045
target,105,-0.5000,-3.0000,1.0000,0.0000
param,105,1.0610,0.4470,0.9554,-0.1672
pos,106,-1.9728,-3.2798,0.7095,0.0909
input,106,-0.0376,0.5301,0.0378,0.1045
target,106,-0.5000,-3.0000,1.0000,0.0000
param,106,1.0610,0.4470,0.9554,-0.1672
pos,107,-1.9611,-3.2783,0.7011,0.0935
input,107,-0.0470,0.5300,0.0318,0.1140
target,107,-0.5000,-3.0000,1.0000,0.0000
param,107,1.0610,0.4470,0.9554,-0.1672
pos,108,-1.9511,-3.2770,0.6934,0.0958
input,108,-0.0470,0.5300,0.0318,0.1140
target,108,-0.5000,-3.0000,1.0000,0.0000
param,108,1.0610,0.4470,0.9554,-0.1672
pos,109,-1.9419,-3.2758,0.6861,0.0978
input,109,-0.0470,0.5300,0.0318,0.1140
target,109,-0.5000,-3.0000,1.0000,0.0000
param,109,1.0610,0.4470,0.9554,-0.1672
pos,110,-1.9346,-3.2780,0.6764,0.0981
input,110,-0.0544,0.5298,0.0239,0.1247
target,110,-0.5000,-3.0000,1.0000,0.0000
param,110,1.0610,0.4470,0.9554,-0.1672
pos,111,-1.9271,-3.2801,0.6665,0.0985
input,111,-0.0544,0.5298,0.0239,0.1247
target,111,-0.5000,-3.0000,1.0000,0.0000
param,111,1.0610,0.4470,0.9554,-0.1672
pos,112,-1.9192,-3.2819,0.6567,0.0994
input,112,-0.0644,0.5276,0.0234,0.1327
target,112,-0.5000,-3.0000,1.0000,0.0000
param,112,1.0610,0.4470,0.9554,-0.1672
pos,113,-1.9112,-3.2835,0.6467,0.0998
input,113,-0.0644,0.5276,0.0234,0.1327
target,113,-0.5000,-3.0000,1.0000,0.0000
param,113,1.0610,0.4470,0.9554,-0.1672
pos,114,-1.9030,-3.2849,0.6365,0.1007
input,114,-0.0739,0.5252,0.0214,0.1406
target,114,-0.5000,-3.0000,1.0000,0.0000
param,114,1.0610,0.4470,0.9554,-0.1672
pos,115,-1.8945,-3.2863,0.6263,0.1014
input,115,-0.0739,0.5252,0.0214,0.1406
target,115,-0.5000,-3.0000,1.0000,0.0000
param,115,1.0610,0.4470,0.9554,-0.1672
pos,116,-1.8872,-3.2874,0.6171,0.1022
input,116,-0.0830,0.5226,0.0191,0.1490
target,116,-0.5000,-3.0000,1.0000,0.0000
param,116,1.0610,0.4470,0.9554,-0.1672
pos,117,-1.8809,-3.2883,0.6087,0.1029
input,117,-0.0830,0.5226,0.0191,0.1490
target,117,-0.5000,-3.0000,1.0000,0.0000
param,117,1.0610,0.4470,0.9554,-0.1672
pos,118,-1.8756,-3.2891,0.6011,0.1037
input,118,-0.0830,0.5226,0.0191,0.1490
target,118,-0.5000,-3.0000,1.0000,0.0000
param,118,1.0610,0.4470,0.9554,-0.1672
pos,119,-1.8709,-3.2897,0.5943,0.1044
input,119,-0.0925,0.5194,0.0163,0.1595
target,119,-0.5000,-3.0000,1.0000,0.0000
param,119,1.0610,0.4470,0.9554,-0.1672
pos,120,-1.8670,-3.2901,0.5882,0.1050
input,120,-0.0925,0.5194,0.0163,0.1595
target,120,-0.5000,-3.0000,1.0000,0.0000
param,120,1.0610,0.4470,0.9554,-0.1672
pos,121,-1.8550,-3.2911,0.5765,0.1038
input,121,-0.0925,0.5194,0.0163,0.1595
target,121,-0.5000,-3.0000,1.0000,0.0000
param,121,1.0610,0.4470,0.9554,-0.1672
pos,122,-1.8447,-3.2920,0.5658,0.1025
input,122,-0.1019,0.5152,0.0152,0.1701
target,122,-0.5000,-3.0000,1.0000,0.0000
param,122,1.0610,0.4469,0.9554,-0.1672
pos,123,-1.8334,-3.2928,0.5543,0.1022
input,123,-0.1019,0.5152,0.0152,0.1701
target,123,-0.5000,-3.0000,1.0000,0.0000
param,123,1.0611,0.4469,0.9554,-0.1672
pos,124,-1.8213,-3.2936,0.5422,0.1020
input,124,-0.1116,0.5100,0.0148,0.1804
target,124,-0.5000,-3.0000,1.0000,0.0000
param,124,1.0611,0.4469,0.9554,-0.1672
pos,125,-1.8093,-3.2944,0.5301,0.1012
input,125,-0.1116,0.5100,0.0148,0.1804
target,125,-0.5000,-3.0000,1.0000,0.0000
param,125,1.0611,0.4469,0.9554,-0.1672
pos,126,-1.7975,-3.2950,0.5182,0.1004
input,126,-0.1218,0.5039,0.0133,0.1920
target,126,-0.5000,-3.0000,1.0000,0.0000
param,126,1.0611,0.4469,0.9554,-0.1672
pos,127,-1.7864,-3.2956,0.5068,0.0997
input,127,-0.1218,0.5039,0.0133,0.1920
target,127,-0.5000,-3.0000,1.0000,0.0000
param,127,1.0611,0.4469,0.9554,-0.1672
pos,128,-1.7745,-3.2963,0.4948,0.0991
input,128,-0.1310,0.4975,0.0121,0.2031
target,128,-0.5000,-3.0000,1.0000,0.0000
param,128,1.0611,0.4469,0.9554,-0.1672
pos,129,-1.7626,-3.2969,0.4829,0.0987
input,129,-0.1310,0.4975,0.0121,0.2031
target,129,-0.5000,-3.0000,1.0000,0.0000
param,129,1.0611,0.4469,0.9554,-0.1672
pos,130,-1.7515,-3.2974,0.4715,0.0983
input,130,-0.1399,0.4905,0.0103,0.2149
target,130,-0.5000,-3.0000,1.0000,0.0000
param,130,1.0611,0.4469,0.9554,-0.1672
pos,131,-1.7395,-3.2980,0.4596,0.0976
input,131,-0.1399,0.4905,0.0103,0.2149
target,131,-0.5000,-3.0000,1.0000,0.0000
param,131,1.0611,0.4469,0.9554,-0.1672
pos,132,-1.7283,-3.2983,0.4484,0.0971
input,132,-0.1477,0.4833,0.0085,0.2264
target,132,-0.5000,-3.0000,1.0000,0.0000
param,132,1.0611,0.4468,0.9554,-0.1672
pos,133,-1.7169,-3.2986,0.4370,0.0981
input,133,-0.1477,0.4833,0.0085,0.2264
target,133,-0.5000,-3.0000,1.0000,0.0000
param,133,1.0611,0.4468,0.9554,-0.1672
pos,134,-1.7054,-3.2989,0.4256,0.0991
input,134,-0.1542,0.4762,0.0051,0.2379
target,134,-0.5000,-3.0000,1.0000,0.0000
param,134,1.0611,0.4468,0.9554,-0.1672
pos,135,-1.6956,-3.2990,0.4153,0.0999
input,135,-0.1542,0.4762,0.0051,0.2379
target,135,-0.5000,-3.0000,1.0000,0.0000
param,135,1.0611,0.4468,0.9554,-0.1672
pos,136,-1.6862,-3.2991,0.4056,0.1007
input,136,-0.1591,0.4694,0.0006,0.2490
target,136,-0.5000,-3.0000,1.0000,0.0000
param,136,1.0611,0.4468,0.9554,-0.1672
pos,137,-1.6739,-3.2993,0.3941,0.1016
input,137,-0.1591,0.4694,0.0006,0.2490
target,137,-0.5000,-3.0000,1.0000,0.0000
param,137,1.0611,0.4468,0.9554,-0.1672
pos,138,-1.6625,-3.2993,0.3832,0.1027
input,138,-0.1636,0.4623,-0.0034,0.2602
target,138,-0.5000,-3.0000,1.0000,0.0000
param,138,1.0611,0.4468,0.9554,-0.1672
pos,139,-1.6502,-3.2995,0.3720,0.1024
input,139,-0.1636,0.4623,-0.0034,0.2602
target,139,-0.5000,-3.0000,1.0000,0.0000
param,139,1.0611,0.4468,0.9554,-0.1672
pos,140,-1.6370,-3.2996,0.3603,0.1021
input,140,-0.1683,0.4538,-0.0069,0.2722
target,140,-0.5000,-3.0000,1.0000,0.0000
param,140,1.0611,0.4467,0.9554,-0.1672
pos,141,-1.6257,-3.2996,0.3497,0.1015
input,141,-0.1683,0.4538,-0.0069,0.2722
target,141,-0.5000,-3.0000,1.0000,0.0000
param,141,1.0611,0.4467,0.9554,-0.1672
pos,142,-1.6160,-3.2997,0.3402,0.1009
input,142,-0.1730,0.4443,-0.0090,0.2844
target,142,-0.5000,-3.0000,1.0000,0.0000
param,142,1.0611,0.4467,0.9554,-0.1672
pos,143,-1.6076,-3.2995,0.3317,0.1003
input,143,-0.1730,0.4443,-0.0090,0.2844
target,143,-0.5000,-3.0000,1.0000,0.0000
param,143,1.0611,0.4467,0.9554,-0.1672
pos,144,-1.6005,-3.2994,0.3240,0.0996
input,144,-0.1757,0.4371,-0.0104,0.2934
target,144,-0.5000,-3.0000,1.0000,0.0000
param,144,1.0611,0.4467,0.9554,-0.1672
pos,145,-1.5943,-3.2991,0.3170,0.0989
input,145,-0.1757,0.4371,-0.0104,0.2934
target,145,-0.5000,-3.0000,1.0000,0.0000
param,145,1.0611,0.4467,0.9554,-0.1672
pos,146,-1.5891,-3.2988,0.3108,0.0981
input,146,-0.1757,0.4371,-0.0104,0.2934
target,146,-0.5000,-3.0000,1.0000,0.0000
param,146,1.0611,0.4467,0.9554,-0.1672
pos,147,-1.5846,-3.2985,0.3051,0.0973
input,147,-0.1774,0.4298,-0.0102,0.3029
target,147,-0.5000,-3.0000,1.0000,0.0000
param,147,1.0611,0.4467,0.9554,-0.1672
pos,148,-1.5807,-3.2982,0.3001,0.0965
input,148,-0.1774,0.4298,-0.0102,0.3029
target,148,-0.5000,-3.0000,1.0000,0.0000
param,148,1.0611,0.4467,0.9554,-0.1672
pos,149,-1.5634,-3.2983,0.2868,0.0936
input,149,-0.1743,0.4242,-0.0177,0.3022
target,149,-0.5000,-3.0000,1.0000,0.0000
param,149,1.0611,0.4467,0.9554,-0.1672
pos,150,-1.5486,-3.2983,0.2748,0.0906
input,150,-0.1743,0.4242,-0.0177,0.3022
target,150,-0.5000,-3.0000,1.0000,0.0000
param,150,1.0611,0.4466,0.9554,-0.1672
pos,151,-1.5358,-3.2983,0.2640,0.0878
input,151,-0.1778,0.4134,-0.0154,0.3145
target,151,-0.5000,-3.0000,1.0000,0.0000
param,151,1.0611,0.4466,0.9554,-0.1672
pos,152,-1.5248,-3.2984,0.2543,0.0849
input,152,-0.1746,0.4080,-0.0225,0.3136
target,152,-0.5000,-3.0000,1.0000,0.0000
param,152,1.0611,0.4466,0.9554,-0.1672
pos,153,-1.5083,-3.2982,0.2412,0.0847
input,153,-0.1774,0.4010,-0.0217,0.3202
target,153,-0.5000,-3.0000,1.0000,0.0000
param,153,1.0611,0.4466,0.9554,-0.1672
pos,154,-1.4927,-3.2980,0.2285,0.0845
input,154,-0.1848,0.3945,-0.0114,0.3322
target,154,-0.5000,-3.0000,1.0000,0.0000
param,154,1.0611,0.4466,0.9554,-0.1672
pos,155,-1.4778,-3.2977,0.2163,0.0842
input,155,-0.1914,0.3842,-0.0087,0.3479
target,155,-0.5000,-3.0000,1.0000,0.0000
param,155,1.0611,0.4465,0.9554,-0.1672
pos,156,-1.4650,-3.2974,0.2053,0.0838
input,156,-0.1925,0.3770,-0.0103,0.3547
target,156,-0.5000,-3.0000,1.0000,0.0000
param,156,1.0611,0.4465,0.9554,-0.1672
pos,157,-1.4541,-3.2970,0.1954,0.0833
input,157,-0.1925,0.3770,-0.0103,0.3547
target,157,-0.5000,-3.0000,1.0000,0.0000
param,157,1.0611,0.4465,0.9554,-0.1672
pos,158,-1.4447,-3.2966,0.1865,0.0826
input,158,-0.1935,0.3653,-0.0115,0.3655
target,158,-0.5000,-3.0000,1.0000,0.0000
param,158,1.0611,0.4465,0.9554,-0.1672
pos,159,-1.4367,-3.2961,0.1785,0.0819
input,159,-0.1935,0.3653,-0.0115,0.3655
target,159,-0.5000,-3.0000,1.0000,0.0000
param,159,1.0611,0.4465,0.9554,-0.1672
pos,160,-1.4235,-3.2959,0.1680,0.0806
input,160,-0.1938,0.3569,-0.0125,0.3732
target,160,-0.5000,-3.0000,1.0000,0.0000
param,160,1.0611,0.4465,0.9554,-0.1672
pos,161,-1.4122,-3.2956,0.1587,0.0793
input,161,-0.1938,0.3569,-0.0125,0.3732
target,161,-0.5000,-3.0000,1.0000,0.0000
param,161,1.0611,0.4464,0.9554,-0.1672
pos,162,-1.4025,-3.2953,0.1502,0.0778
input,162,-0.1949,0.3443,-0.0121,0.3835
target,162,-0.5000,-3.0000,1.0000,0.0000
param,162,1.0611,0.4464,0.9554,-0.1672
pos,163,-1.3943,-3.2949,0.1427,0.0763
input,163,-0.1949,0.3443,-0.0121,0.3835
target,163,-0.5000,-3.0000,1.0000,0.0000
param,163,1.0611,0.4464,0.9554,-0.1672
pos,164,-1.3871,-3.2946,0.1358,0.0748
input,164,-0.1953,0.3352,-0.0115,0.3906
target,164,-0.5000,-3.0000,1.0000,0.0000
param,164,1.0611,0.4464,0.9554,-0.1672
pos,165,-1.3811,-3.2942,0.1298,0.0732
input,165,-0.1953,0.3352,-0.0115,0.3906
target,165,-0.5000,-3.0000,1.0000,0.0000
param,165,1.0611,0.4464,0.9554,-0.1672
pos,166,-1.3759,-3.2939,0.1243,0.0716
input,166,-0.1953,0.3352,-0.0115,0.3906
target,166,-0.5000,-3.0000,1.0000,0.0000
param,166,1.0611,0.4464,0.9554,-0.1672
pos,167,-1.3715,-3.2935,0.1195,0.0699
input,167,-0.1954,0.3265,-0.0088,0.3974
target,167,-0.5000,-3.0000,1.0000,0.0000
param,167,1.0611,0.4464,0.9554,-0.1672
pos,168,-1.3678,-3.2932,0.1151,0.0683
input,168,-0.1954,0.3265,-0.0088,0.3974
target,168,-0.5000,-3.0000,1.0000,0.0000
param,168,1.0611,0.4464,0.9554,-0.1672
pos,169,-1.3647,-3.2929,0.1112,0.0667
input,169,-0.1954,0.3265,-0.0088,0.3974
target,169,-0.5000,-3.0000,1.0000,0.0000
param,169,1.0611,0.4464,0.9554,-0.1672
pos,170,-1.3620,-3.2926,0.1077,0.0650
input,170,-0.1954,0.3265,-0.0088,0.3974
target,170,-0.5000,-3.0000,1.0000,0.0000
param,170,1.0611,0.4464,0.9554,-0.1672
pos,171,-1.3598,-3.2923,0.1047,0.0633
input,171,-0.1954,0.3265,-0.0088,0.3974
target,171,-0.5000,-3.0000,1.0000,0.0000
param,171,1.0611,0.4464,0.9554,-0.1672
pos,172,-1.3442,-3.2909,0.1001,0.0637
input,172,-0.1954,0.3265,-0.0088,0.3974
target,172,-0.5000,-3.0000,1.0000,0.0000
param,172,1.0611,0.4464,0.9554,-0.1672
pos,173,-1.3299,-3.2895,0.0959,0.0640
input,173,-0.1938,0.3151,-0.0043,0.4064
target,173,-0.5000,-3.0000,1.0000,0.0000
param,173,1.0611,0.4464,0.9554,-0.1672
pos,174,-1.3174,-3.2880,0.0924,0.0638
input,174,-0.1938,0.3151,-0.0043,0.4064
target,174,-0.5000,-3.0000,1.0000,0.0000
param,174,1.0611,0.4464,0.9554,-0.1672
pos,175,-1.3053,-3.2865,0.0891,0.0622
input,175,-0.1913,0.3053,-0.0072,0.4140
target,175,-0.5000,-3.0000,1.0000,0.0000
param,175,1.0611,0.4464,0.9554,-0.1672
pos,176,-1.2944,-3.2852,0.0860,0.0610
input,176,-0.1913,0.3053,-0.0072,0.4140
target,176,-0.5000,-3.0000,1.0000,0.0000
param,176,1.0611,0.4464,0.9554,-0.1672
pos,177,-1.2844,-3.2839,0.0834,0.0590
input,177,-0.1893,0.2969,-0.0072,0.4202
target,177,-0.5000,-3.0000,1.0000,0.0000
param,177,1.0611,0.4464,0.9554,-0.1672
pos,178,-1.2759,-3.2828,0.0811,0.0570
input,178,-0.1893,0.2969,-0.0072,0.4202
target,178,-0.5000,-3.0000,1.0000,0.0000
param,178,1.0611,0.4464,0.9554,-0.1672
pos,179,-1.2686,-3.2819,0.0791,0.0549
input,179,-0.1893,0.2969,-0.0072,0.4202
target,179,-0.5000,-3.0000,1.0000,0.0000
param,179,1.0611,0.4464,0.9554,-0.1672
pos,180,-1.2625,-3.2811,0.0773,0.0528
input,180,-0.1874,0.2881,-0.0042,0.4261
target,180,-0.5000,-3.0000,1.0000,0.0000
param,180,1.0611,0.4464,0.9554,-0.1672
pos,181,-1.2571,-3.2805,0.0757,0.0506
input,181,-0.1874,0.2881,-0.0042,0.4261
target,181,-0.5000,-3.0000,1.0000,0.0000
param,181,1.0611,0.4464,0.9554,-0.1672
pos,182,-1.2528,-3.2799,0.0743,0.0484
input,182,-0.1874,0.2881,-0.0042,0.4261
target,182,-0.5000,-3.0000,1.0000,0.0000
param,182,1.0611,0.4464,0.9554,-0.1672
pos,183,-1.2491,-3.2794,0.0731,0.0462
input,183,-0.1874,0.2881,-0.0042,0.4261
target,183,-0.5000,-3.0000,1.0000,0.0000
param,183,1.0611,0.4464,0.9554,-0.1672
pos,184,-1.2461,-3.2790,0.0721,0.0440
input,184,-0.1874,0.2881,-0.0042,0.4261
target,184,-0.5000,-3.0000,1.0000,0.0000
param,184,1.0611,0.4464,0.9554,-0.1672
pos,185,-1.2435,-3.2785,0.0713,0.0421
input,185,-0.1874,0.2881,-0.0042,0.4261
target,185,-0.5000,-3.0000,1.0000,0.0000
param,185,1.0611,0.4465,0.9554,-0.1672
pos,186,-1.2415,-3.2779,0.0707,0.0402
input,186,-0.1858,0.2826,0.0037,0.4298
target,186,-0.5000,-3.0000,1.0000,0.0000
param,186,1.0611,0.4465,0.9554,-0.1672
pos,187,-1.2400,-3.2774,0.0702,0.0384
input,187,-0.1858,0.2826,0.0037,0.4298
target,187,-0.5000,-3.0000,1.0000,0.0000
param,187,1.0611,0.4465,0.9554,-0.1672
pos,188,-1.2386,-3.2769,0.0697,0.0366
input,188,-0.1858,0.2826,0.0037,0.4298
target,188,-0.5000,-3.0000,1.0000,0.0000
param,188,1.0611,0.4465,0.9554,-0.1672
pos,189,-1.2376,-3.2765,0.0694,0.0349
input,189,-0.1858,0.2826,0.0037,0.4298
target,189,-0.5000,-3.0000,1.0000,0.0000
param,189,1.0611,0.4465,0.9554,-0.1672
pos,190,-1.2368,-3.2761,0.0692,0.0333
input,190,-0.1858,0.2826,0.0037,0.4298
target,190,-0.5000,-3.0000,1.0000,0.0000
param,190,1.0611,0.4465,0.9554,-0.1672
pos,191,-1.2228,-3.2740,0.0682,0.0346
input,191,-0.1858,0.2826,0.0037,0.4298
target,191,-0.5000,-3.0000,1.0000,0.0000
param,191,1.0611,0.4465,0.9554,-0.1672
pos,192,-1.2107,-3.2721,0.0673,0.0358
input,192,-0.1858,0.2826,0.0037,0.4298
target,192,-0.5000,-3.0000,1.0000,0.0000
param,192,1.0611,0.4465,0.9554,-0.1672
pos,193,-1.2006,-3.2704,0.0667,0.0367
input,193,-0.1819,0.2743,0.0057,0.4356
target,193,-0.5000,-3.0000,1.0000,0.0000
param,193,1.0611,0.4465,0.9554,-0.1672
pos,194,-1.1893,-3.2686,0.0660,0.0397
input,194,-0.1819,0.2743,0.0057,0.4356
target,194,-0.5000,-3.0000,1.0000,0.0000
param,194,1.0611,0.4465,0.9554,-0.1672
pos,195,-1.1797,-3.2670,0.0655,0.0425
input,195,-0.1781,0.2670,-0.0002,0.4412
target,195,-0.5000,-3.0000,1.0000,0.0000
param,195,1.0611,0.4465,0.9554,-0.1672
pos,196,-1.1715,-3.2656,0.0651,0.0450
input,196,-0.1781,0.2670,-0.0002,0.4412
target,196,-0.5000,-3.0000,1.0000,0.0000
param,196,1.0611,0.4465,0.9554,-0.1672
pos,197,-1.1644,-3.2644,0.0648,0.0473
input,197,-0.1745,0.2614,-0.0068,0.4456
target,197,-0.5000,-3.0000,1.0000,0.0000
param,197,1.0611,0.4465,0.9554,-0.1672
pos,198,-1.1584,-3.2633,0.0645,0.0494
input,198,-0.1745,0.2614,-0.0068,0.4456
target,198,-0.5000,-3.0000,1.0000,0.0000
param,198,1.0611,0.4465,0.9554,-0.1672
pos,199,-1.1533,-3.2624,0.0643,0.0514
input,199,-0.1745,0.2614,-0.0068,0.4456
target,199,-0.5000,-3.0000,1.0000,0.0000
param,199,1.0611,0.4465,0.9554,-0.1672
pos,200,-1.1488,-3.2616,0.0641,0.0532
input,200,-0.1709,0.2564,-0.0139,0.4496
target,200,-0.5000,-3.0000,1.0000,0.0000
param,200,1.0611,0.4465,0.9554,-0.1672
pos,201,-1.1451,-3.2609,0.0640,0.0550
input,201,-0.1683,0.2525,-0.0137,0.4428
target,201,-1.1451,-3.2609,0.0640,0.0550
param,201,1.0611,0.4465,0.9554,-0.1672
pos,202,-1.1418,-3.2603,0.0639,0.0566
input,202,-0.1658,0.2487,-0.0135,0.4362
target,202,-1.1418,-3.2603,0.0639,0.0566
param,202,1.0611,0.4465,0.9554,-0.1672
pos,203,-1.1390,-3.2598,0.0637,0.0581
input,203,-0.1633,0.2450,-0.0133,0.4296
target,203,-1.1390,-3.2598,0.0637,0.0581
param,203,1.0611,0.4465,0.9554,-0.1672
pos,204,-1.1368,-3.2593,0.0637,0.0596
input,204,-0.1609,0.2413,-0.0131,0.4232
target,204,-1.1368,-3.2593,0.0637,0.0596
param,204,1.0611,0.4465,0.9554,-0.1672
pos,205,-1.1349,-3.2589,0.0637,0.0611
input,205,-0.1585,0.2377,-0.0129,0.4168
target,205,-1.1349,-3.2589,0.0637,0.0611
param,205,1.0611,0.4465,0.9554,-0.1672
pos,206,-1.1335,-3.2586,0.0638,0.0625
input,206,-0.1561,0.2341,-0.0127,0.4106
target,206,-1.1335,-3.2586,0.0638,0.0625
param,206,1.0611,0.4465,0.9554,-0.1672
pos,207,-1.1323,-3.2583,0.0639,0.0638
input,207,-0.1538,0.2306,-0.0125,0.4044
target,207,-1.1323,-3.2583,0.0639,0.0638
param,207,1.0611,0.4465,0.9554,-0.1672
pos,208,-1.1201,-3.2556,0.0645,0.0615
input,208,-0.1514,0.2272,-0.0123,0.3984
target,208,-1.1201,-3.2556,0.0645,0.0615
param,208,1.0611,0.4465,0.9554,-0.1672
pos,209,-1.1095,-3.2533,0.0651,0.0591
input,209,-0.1492,0.2238,-0.0122,0.3924
target,209,-1.1095,-3.2533,0.0651,0.0591
param,209,1.0611,0.4465,0.9554,-0.1672
pos,210,-1.1004,-3.2514,0.0656,0.0567
input,210,-0.1469,0.2204,-0.0120,0.3865
target,210,-1.1004,-3.2514,0.0656,0.0567
param,210,1.0611,0.4465,0.9554,-0.1672
pos,211,-1.0928,-3.2497,0.0662,0.0543
input,211,-0.1447,0.2171,-0.0118,0.3807
target,211,-1.0928,-3.2497,0.0662,0.0543
param,211,1.0611,0.4465,0.9554,-0.1672
pos,212,-1.0862,-3.2483,0.0668,0.0520
input,212,-0.1426,0.2138,-0.0116,0.3750
target,212,-1.0862,-3.2483,0.0668,0.0520
param,212,1.0611,0.4465,0.9554,-0.1672
pos,213,-1.0805,-3.2471,0.0673,0.0496
input,213,-0.1404,0.2106,-0.0114,0.3694
target,213,-1.0805,-3.2471,0.0673,0.0496
param,213,1.0611,0.4465,0.9554,-0.1672
