pos,0,-1.8339,-3.0689,0.9519,0.0106
input,0,-0.0283,-0.0439,-0.0305,0.0499
target,0,-2.0000,-3.0000,1.0000,0.0000
param,0,1.0611,0.4471,0.9554,-0.1672
pos,1,-1.8457,-3.0647,0.9511,0.0114
input,1,-0.0265,-0.0384,-0.0353,0.0509
target,1,-2.0000,-1.5000,1.0000,0.0000
param,1,1.0611,0.4471,0.9554,-0.1672
pos,2,-1.8553,-3.0612,0.9503,0.0124
input,2,-0.0259,-0.0377,-0.0346,0.0504
target,2,-2.0000,-1.5000,1.0000,0.0000
param,2,1.0611,0.4471,0.9554,-0.1672
pos,3,-1.8631,-3.0584,0.9495,0.0136
input,3,-0.6270,-0.2478,-0.1166,-0.0457
target,3,-2.0000,-1.5000,1.0000,0.0000
param,3,1.0611,0.4471,0.9554,-0.1672
pos,4,-1.8756,-3.0541,0.9495,0.0145
input,4,-0.6270,-0.2478,-0.1166,-0.0457
target,4,-2.0000,-1.5000,1.0000,0.0000
param,4,1.0611,0.4471,0.9554,-0.1672
pos,5,-1.8880,-3.0500,0.9500,0.0125
input,5,-0.6166,-0.2417,-0.1010,-0.0394
target,5,-2.0000,-1.5000,1.0000,0.0000
param,5,1.0611,0.4471,0.9554,-0.1672
pos,6,-1.8999,-3.0459,0.9505,0.0107
input,6,-0.6265,-0.2333,-0.1200,-0.0467
target,6,-2.0000,-1.5000,1.0000,0.0000
param,6,1.0611,0.4471,0.9554,-0.1672
pos,7,-1.9116,-3.0420,0.9510,0.0087
input,7,-0.6164,-0.2286,-0.1040,-0.0402
target,7,-2.0000,-1.5000,1.0000,0.0000
param,7,1.0611,0.4471,0.9554,-0.1672
pos,8,-1.9216,-3.0387,0.9514,0.0084
input,8,-0.6242,-0.2220,-0.1128,-0.0496
target,8,-2.0000,-1.5000,1.0000,0.0000
param,8,1.0611,0.4471,0.9554,-0.1672
pos,9,-1.9322,-3.0350,0.9517,0.0068
input,9,-0.6142,-0.2175,-0.0973,-0.0427
target,9,-2.0000,-1.5000,1.0000,0.0000
param,9,1.0611,0.4471,0.9554,-0.1672
pos,10,-1.9426,-3.0312,0.9520,0.0059
input,10,-0.6218,-0.2105,-0.1056,-0.0521
target,10,-2.0000,-1.5000,1.0000,0.0000
param,10,1.0611,0.4471,0.9554,-0.1672
pos,11,-1.9520,-3.0278,0.9522,0.0046
input,11,-0.6119,-0.2062,-0.0906,-0.0449
target,11,-2.0000,-1.5000,1.0000,0.0000
param,11,1.0611,0.4471,0.9554,-0.1672
pos,12,-1.9622,-3.0239,0.9524,0.0035
input,12,-0.6187,-0.1988,-0.0968,-0.0545
target,12,-2.0000,-1.5000,1.0000,0.0000
param,12,1.0611,0.4471,0.9554,-0.1672
pos,13,-1.9719,-3.0203,0.9526,0.0032
input,13,-0.6090,-0.1946,-0.0824,-0.0470
target,13,-2.0000,-1.5000,1.0000,0.0000
param,13,1.0611,0.4471,0.9554,-0.1672
pos,14,-1.9813,-3.0168,0.9528,0.0042
input,14,-0.6153,-0.1872,-0.0873,-0.0567
target,14,-2.0000,-1.5000,1.0000,0.0000
param,14,1.0611,0.4471,0.9554,-0.1672
pos,15,-1.9897,-3.0137,0.9530,0.0053
input,15,-0.6056,-0.1831,-0.0735,-0.0489
target,15,-2.0000,-1.5000,1.0000,0.0000
param,15,1.0611,0.4471,0.9554,-0.1672
pos,16,-1.9968,-3.0111,0.9532,0.0064
input,16,-0.6121,-0.1733,-0.0798,-0.0588
target,16,-2.0000,-1.5000,1.0000,0.0000
param,16,1.0611,0.4471,0.9554,-0.1672
pos,17,-2.0062,-3.0070,0.9531,0.0057
input,17,-0.6089,-0.1593,-0.0720,-0.0606
target,17,-2.0000,-1.5000,1.0000,0.0000
param,17,1.0611,0.4471,0.9554,-0.1672
pos,18,-2.0154,-3.0030,0.9531,0.0048
input,18,-0.6089,-0.1593,-0.0720,-0.0606
target,18,-2.0000,-1.5000,1.0000,0.0000
param,18,1.0611,0.4471,0.9554,-0.1672
pos,19,-2.0231,-2.9996,0.9531,0.0040
input,19,-0.5995,-0.1554,-0.0597,-0.0522
target,19,-2.0000,-1.5000,1.0000,0.0000
param,19,1.0611,0.4471,0.9554,-0.1672
pos,20,-2.0294,-2.9967,0.9531,0.0032
input,20,-0.6044,-0.1455,-0.0610,-0.0625
target,20,-2.0000,-1.5000,1.0000,0.0000
param,20,1.0611,0.4471,0.9554,-0.1672
pos,21,-2.0374,-2.9929,0.9532,0.0011
input,21,-0.5952,-0.1417,-0.0496,-0.0538
target,21,-2.0000,-1.5000,1.0000,0.0000
param,21,1.0611,0.4471,0.9554,-0.1672
pos,22,-2.0457,-2.9892,0.9536,0.0005
input,22,-0.5999,-0.1330,-0.0501,-0.0637
target,22,-2.0000,-1.5000,1.0000,0.0000
param,22,1.0611,0.4471,0.9554,-0.1672
pos,23,-2.0539,-2.9851,0.9538,-0.0016
input,23,-0.5909,-0.1293,-0.0396,-0.0548
target,23,-2.0000,-1.5000,1.0000,0.0000
param,23,1.0611,0.4471,0.9554,-0.1672
pos,24,-2.0625,-2.9797,0.9523,-0.0038
input,24,-0.5915,-0.1118,-0.0291,-0.0659
target,24,-2.0000,-1.5000,1.0000,0.0000
param,24,1.0611,0.4471,0.9554,-0.1672
pos,25,-2.0713,-2.9740,0.9509,-0.0061
input,25,-0.5915,-0.1118,-0.0291,-0.0659
target,25,-2.0000,-1.5000,1.0000,0.0000
param,25,1.0611,0.4471,0.9554,-0.1672
pos,26,-2.0797,-2.9685,0.9497,-0.0085
input,26,-0.5827,-0.1081,-0.0205,-0.0566
target,26,-2.0000,-1.5000,1.0000,0.0000
param,26,1.0611,0.4471,0.9554,-0.1672
pos,27,-2.0872,-2.9634,0.9486,-0.0109
input,27,-0.5834,-0.0888,-0.0093,-0.0654
target,27,-2.0000,-1.5000,1.0000,0.0000
param,27,1.0611,0.4471,0.9554,-0.1672
pos,28,-2.0936,-2.9593,0.9495,-0.0141
input,28,-0.5749,-0.0851,-0.0024,-0.0559
target,28,-2.0000,-1.5000,1.0000,0.0000
param,28,1.0611,0.4471,0.9554,-0.1672
pos,29,-2.1012,-2.9535,0.9485,-0.0174
input,29,-0.5808,-0.0812,-0.0026,-0.0652
target,29,-2.0000,-1.5000,1.0000,0.0000
param,29,1.0611,0.4471,0.9554,-0.1672
pos,30,-2.1085,-2.9476,0.9476,-0.0206
input,30,-0.5723,-0.0774,0.0036,-0.0556
target,30,-2.0000,-1.5000,1.0000,0.0000
param,30,1.0611,0.4471,0.9554,-0.1672
pos,31,-2.1155,-2.9416,0.9469,-0.0238
input,31,-0.5654,-0.0629,0.0126,-0.0566
target,31,-2.0000,-1.5000,1.0000,0.0000
param,31,1.0611,0.4471,0.9554,-0.1672
pos,32,-2.1219,-2.9360,0.9462,-0.0269
input,32,-0.5621,-0.0551,0.0225,-0.0558
target,32,-2.0000,-1.5000,1.0000,0.0000
param,32,1.0611,0.4471,0.9554,-0.1672
pos,33,-2.1288,-2.9292,0.9456,-0.0300
input,33,-0.5542,-0.0516,0.0265,-0.0462
target,33,-2.0000,-1.5000,1.0000,0.0000
param,33,1.0611,0.4471,0.9554,-0.1672
pos,34,-2.1468,-2.9140,0.9442,-0.0344
input,34,-0.5466,-0.0484,0.0303,-0.0368
target,34,-2.0000,-1.5000,1.0000,0.0000
param,34,1.0611,0.4471,0.9554,-0.1672
pos,35,-2.1632,-2.8992,0.9430,-0.0387
input,35,-0.5435,-0.0405,0.0354,-0.0364
target,35,-2.0000,-1.5000,1.0000,0.0000
param,35,1.0611,0.4471,0.9554,-0.1672
pos,36,-2.1775,-2.8859,0.9419,-0.0425
input,36,-0.5485,-0.0237,0.0386,-0.0558
target,36,-2.0000,-1.5000,1.0000,0.0000
param,36,1.0611,0.4471,0.9554,-0.1672
pos,37,-2.1905,-2.8732,0.9409,-0.0465
input,37,-0.5456,-0.0171,0.0527,-0.0543
target,37,-2.0000,-1.5000,1.0000,0.0000
param,37,1.0611,0.4471,0.9554,-0.1672
pos,38,-2.2009,-2.8621,0.9404,-0.0450
input,38,-0.5456,-0.0171,0.0527,-0.0543
target,38,-2.0000,-1.5000,1.0000,0.0000
param,38,1.0611,0.4471,0.9554,-0.1672
pos,39,-2.2101,-2.8518,0.9398,-0.0435
input,39,-0.5488,-0.0100,0.0584,-0.0640
target,39,-2.0000,-1.5000,1.0000,0.0000
param,39,1.0611,0.4471,0.9554,-0.1672
pos,40,-2.2183,-2.8424,0.9393,-0.0419
input,40,-0.5481,0.0040,0.0578,-0.0629
target,40,-2.0000,-1.5000,1.0000,0.0000
param,40,1.0611,0.4471,0.9554,-0.1672
pos,41,-2.2252,-2.8342,0.9388,-0.0403
input,41,-0.5481,0.0040,0.0578,-0.0629
target,41,-2.0000,-1.5000,1.0000,0.0000
param,41,1.0611,0.4471,0.9554,-0.1672
pos,42,-2.2325,-2.8237,0.9384,-0.0403
input,42,-0.5485,0.0153,0.0586,-0.0622
target,42,-2.0000,-1.5000,1.0000,0.0000
param,42,1.0611,0.4471,0.9554,-0.1672
pos,43,-2.2389,-2.8139,0.9379,-0.0403
input,43,-0.5485,0.0153,0.0586,-0.0622
target,43,-2.0000,-1.5000,1.0000,0.0000
param,43,1.0611,0.4471,0.9554,-0.1672
pos,44,-2.2443,-2.8055,0.9375,-0.0399
input,44,-0.5485,0.0153,0.0586,-0.0622
target,44,-2.0000,-1.5000,1.0000,0.0000
param,44,1.0611,0.4471,0.9554,-0.1672
pos,45,-2.2489,-2.7983,0.9371,-0.0394
input,45,-0.5410,0.0186,0.0571,-0.0520
target,45,-2.0000,-1.5000,1.0000,0.0000
param,45,1.0611,0.4471,0.9554,-0.1672
pos,46,-2.2526,-2.7922,0.9368,-0.0384
input,46,-0.5480,0.0282,0.0578,-0.0613
target,46,-2.0000,-1.5000,1.0000,0.0000
param,46,1.0611,0.4471,0.9554,-0.1672
pos,47,-2.2584,-2.7792,0.9363,-0.0375
input,47,-0.5480,0.0282,0.0578,-0.0613
target,47,-2.0000,-1.5000,1.0000,0.0000
param,47,1.0611,0.4471,0.9554,-0.1672
pos,48,-2.2635,-2.7663,0.9359,-0.0364
input,48,-0.5486,0.0397,0.0566,-0.0601
target,48,-2.0000,-1.5000,1.0000,0.0000
param,48,1.0611,0.4471,0.9554,-0.1672
pos,49,-2.2684,-2.7535,0.9354,-0.0351
input,49,-0.5486,0.0397,0.0566,-0.0601
target,49,-2.0000,-1.5000,1.0000,0.0000
param,49,1.0611,0.4471,0.9554,-0.1672
pos,50,-2.2728,-2.7408,0.9351,-0.0340
input,50,-0.5476,0.0505,0.0570,-0.0595
target,50,-2.0000,-1.5000,1.0000,0.0000
param,50,1.0611,0.4471,0.9554,-0.1672
pos,51,-2.2768,-2.7281,0.9346,-0.0340
input,51,-0.5476,0.0505,0.0570,-0.0595
target,51,-2.0000,-1.5000,1.0000,0.0000
param,51,1.0611,0.4471,0.9554,-0.1672
pos,52,-2.2800,-2.7172,0.9342,-0.0334
input,52,-0.5476,0.0505,0.0570,-0.0595
target,52,-2.0000,-1.5000,1.0000,0.0000
param,52,1.0611,0.4471,0.9554,-0.1672
pos,53,-2.2836,-2.7044,0.9338,-0.0317
input,53,-0.5462,0.0633,0.0560,-0.0581
target,53,-2.0000,-1.5000,1.0000,0.0000
param,53,1.0611,0.4471,0.9554,-0.1672
pos,54,-2.2867,-2.6914,0.9335,-0.0314
input,54,-0.5462,0.0633,0.0560,-0.0581
target,54,-2.0000,-1.5000,1.0000,0.0000
param,54,1.0611,0.4471,0.9554,-0.1672
pos,55,-2.2893,-2.6795,0.9331,-0.0305
input,55,-0.5462,0.0633,0.0560,-0.0581
target,55,-2.0000,-1.5000,1.0000,0.0000
param,55,1.0611,0.4471,0.9554,-0.1672
pos,56,-2.2919,-2.6663,0.9326,-0.0301
input,56,-0.5445,0.0764,0.0557,-0.0566
target,56,-2.0000,-1.5000,1.0000,0.0000
param,56,1.0611,0.4471,0.9554,-0.1672
pos,57,-2.2942,-2.6542,0.9323,-0.0289
input,57,-0.5445,0.0764,0.0557,-0.0566
target,57,-2.0000,-1.5000,1.0000,0.0000
param,57,1.0611,0.4471,0.9554,-0.1672
pos,58,-2.2963,-2.6420,0.9319,-0.0262
input,58,-0.5445,0.0764,0.0557,-0.0566
target,58,-2.0000,-1.5000,1.0000,0.0000
param,58,1.0611,0.4471,0.9554,-0.1672
pos,59,-2.2983,-2.6287,0.9315,-0.0238
input,59,-0.5427,0.0894,0.0548,-0.0548
target,59,-2.0000,-1.5000,1.0000,0.0000
param,59,1.0610,0.4471,0.9554,-0.1672
pos,60,-2.3000,-2.6172,0.9312,-0.0214
input,60,-0.5427,0.0894,0.0548,-0.0548
target,60,-2.0000,-1.5000,1.0000,0.0000
param,60,1.0610,0.4471,0.9554,-0.1672
pos,61,-2.3016,-2.6044,0.9309,-0.0201
input,61,-0.5427,0.0894,0.0548,-0.0548
target,61,-2.0000,-1.5000,1.0000,0.0000
param,61,1.0610,0.4471,0.9554,-0.1672
pos,62,-2.3029,-2.5915,0.9304,-0.0189
input,62,-0.5406,0.1031,0.0526,-0.0529
target,62,-2.0000,-1.5000,1.0000,0.0000
param,62,1.0610,0.4471,0.9554,-0.1672
pos,63,-2.3041,-2.5785,0.9300,-0.0159
input,63,-0.5406,0.1031,0.0526,-0.0529
target,63,-2.0000,-1.5000,1.0000,0.0000
param,63,1.0610,0.4471,0.9554,-0.1673
pos,64,-2.3051,-2.5675,0.9298,-0.0127
input,64,-0.5406,0.1031,0.0526,-0.0529
target,64,-2.0000,-1.5000,1.0000,0.0000
param,64,1.0610,0.4471,0.9554,-0.1673
pos,65,-2.3062,-2.5530,0.9295,-0.0097
input,65,-0.5383,0.1171,0.0500,-0.0507
target,65,-2.0000,-1.5000,1.0000,0.0000
param,65,1.0610,0.4471,0.9554,-0.1673
pos,66,-2.3072,-2.5385,0.9292,-0.0069
input,66,-0.5383,0.1171,0.0500,-0.0507
target,66,-2.0000,-1.5000,1.0000,0.0000
param,66,1.0610,0.4471,0.9554,-0.1673
pos,67,-2.3080,-2.5240,0.9286,-0.0040
input,67,-0.5355,0.1288,0.0502,-0.0489
target,67,-2.0000,-1.5000,1.0000,0.0000
param,67,1.0610,0.4471,0.9554,-0.1673
pos,68,-2.3085,-2.5115,0.9283,-0.0009
input,68,-0.5355,0.1288,0.0502,-0.0489
target,68,-2.0000,-1.5000,1.0000,0.0000
param,68,1.0610,0.4471,0.9554,-0.1673
pos,69,-2.3091,-2.4996,0.9280,0.0017
input,69,-0.5327,0.1395,0.0490,-0.0469
target,69,-2.0000,-1.5000,1.0000,0.0000
param,69,1.0610,0.4471,0.9554,-0.1673
pos,70,-2.3097,-2.4840,0.9273,0.0027
input,70,-0.5327,0.1395,0.0490,-0.0469
target,70,-2.0000,-1.5000,1.0000,0.0000
param,70,1.0611,0.4471,0.9554,-0.1673
pos,71,-2.3102,-2.4685,0.9267,0.0052
input,71,-0.5293,0.1488,0.0504,-0.0450
target,71,-2.0000,-1.5000,1.0000,0.0000
param,71,1.0611,0.4471,0.9554,-0.1673
pos,72,-2.3108,-2.4531,0.9261,0.0076
input,72,-0.5293,0.1488,0.0504,-0.0450
target,72,-2.0000,-1.5000,1.0000,0.0000
param,72,1.0611,0.4471,0.9554,-0.1673
pos,73,-2.3111,-2.4387,0.9256,0.0102
input,73,-0.5250,0.1606,0.0487,-0.0427
target,73,-2.0000,-1.5000,1.0000,0.0000
param,73,1.0611,0.4471,0.9554,-0.1673
pos,74,-2.3115,-2.4230,0.9250,0.0127
input,74,-0.5250,0.1606,0.0487,-0.0427
target,74,-2.0000,-1.5000,1.0000,0.0000
param,74,1.0611,0.4471,0.9554,-0.1673
pos,75,-2.3119,-2.4085,0.9245,0.0157
input,75,-0.5204,0.1723,0.0481,-0.0401
target,75,-2.0000,-1.5000,1.0000,0.0000
param,75,1.0611,0.4471,0.9554,-0.1673
pos,76,-2.3121,-2.3927,0.9240,0.0179
input,76,-0.5204,0.1723,0.0481,-0.0401
target,76,-2.0000,-1.5000,1.0000,0.0000
param,76,1.0611,0.4471,0.9554,-0.1673
pos,77,-2.3123,-2.3791,0.9236,0.0201
input,77,-0.5154,0.1845,0.0466,-0.0374
target,77,-2.0000,-1.5000,1.0000,0.0000
param,77,1.0611,0.4471,0.9554,-0.1673
pos,78,-2.3124,-2.3663,0.9232,0.0225
input,78,-0.5154,0.1845,0.0466,-0.0374
target,78,-2.0000,-1.5000,1.0000,0.0000
param,78,1.0611,0.4471,0.9554,-0.1673
pos,79,-2.3123,-2.3531,0.9228,0.0241
input,79,-0.5112,0.1943,0.0461,-0.0347
target,79,-2.0000,-1.5000,1.0000,0.0000
param,79,1.0611,0.4471,0.9554,-0.1673
pos,80,-2.3122,-2.3361,0.9222,0.0259
input,80,-0.5112,0.1943,0.0461,-0.0347
target,80,-2.0000,-1.5000,1.0000,0.0000
param,80,1.0611,0.4471,0.9554,-0.1673
pos,81,-2.3119,-2.3205,0.9217,0.0282
input,81,-0.5055,0.2053,0.0449,-0.0319
target,81,-2.0000,-1.5000,1.0000,0.0000
param,81,1.0611,0.4471,0.9554,-0.1673
pos,82,-2.3117,-2.3070,0.9214,0.0304
input,82,-0.5055,0.2053,0.0449,-0.0319
target,82,-2.0000,-1.5000,1.0000,0.0000
param,82,1.0611,0.4471,0.9554,-0.1673
pos,83,-2.3113,-2.2897,0.9208,0.0310
input,83,-0.4997,0.2167,0.0425,-0.0287
target,83,-2.0000,-1.5000,1.0000,0.0000
param,83,1.0611,0.4471,0.9554,-0.1673
pos,84,-2.3107,-2.2726,0.9203,0.0319
input,84,-0.4997,0.2167,0.0425,-0.0287
target,84,-2.0000,-1.5000,1.0000,0.0000
param,84,1.0611,0.4471,0.9554,-0.1673
pos,85,-2.3100,-2.2556,0.9199,0.0326
input,85,-0.4916,0.2289,0.0438,-0.0251
target,85,-2.0000,-1.5000,1.0000,0.0000
param,85,1.0611,0.4471,0.9554,-0.1673
pos,86,-2.3094,-2.2389,0.9195,0.0348
input,86,-0.4916,0.2289,0.0438,-0.0251
target,86,-2.0000,-1.5000,1.0000,0.0000
param,86,1.0611,0.4471,0.9554,-0.1673
pos,87,-2.3087,-2.2234,0.9193,0.0366
input,87,-0.4831,0.2419,0.0426,-0.0209
target,87,-2.0000,-1.5000,1.0000,0.0000
param,87,1.0611,0.4471,0.9554,-0.1673
pos,88,-2.3079,-2.2090,0.9190,0.0389
input,88,-0.4831,0.2419,0.0426,-0.0209
target,88,-2.0000,-1.5000,1.0000,0.0000
param,88,1.0611,0.4471,0.9554,-0.1673
pos,89,-2.3071,-2.1954,0.9188,0.0388
input,89,-0.4755,0.2538,0.0399,-0.0169
target,89,-2.0000,-1.5000,1.0000,0.0000
param,89,1.0611,0.4471,0.9554,-0.1673
pos,90,-2.3062,-2.1793,0.9187,0.0390
input,90,-0.4755,0.2538,0.0399,-0.0169
target,90,-2.0000,-1.5000,1.0000,0.0000
param,90,1.0611,0.4471,0.9554,-0.1673
pos,91,-2.3052,-2.1633,0.9188,0.0395
input,91,-0.4674,0.2631,0.0428,-0.0131
target,91,-2.0000,-1.5000,1.0000,0.0000
param,91,1.0611,0.4471,0.9554,-0.1673
pos,92,-2.3039,-2.1460,0.9187,0.0414
input,92,-0.4674,0.2631,0.0428,-0.0131
target,92,-2.0000,-1.5000,1.0000,0.0000
param,92,1.0611,0.4471,0.9554,-0.1673
pos,93,-2.3025,-2.1300,0.9187,0.0429
input,93,-0.4569,0.2763,0.0385,-0.0088
target,93,-2.0000,-1.5000,1.0000,0.0000
param,93,1.0611,0.4471,0.9554,-0.1673
pos,94,-2.3009,-2.1130,0.9188,0.0449
input,94,-0.4569,0.2763,0.0385,-0.0088
target,94,-2.0000,-1.5000,1.0000,0.0000
param,94,1.0611,0.4471,0.9554,-0.1673
pos,95,-2.2994,-2.0972,0.9189,0.0467
input,95,-0.4456,0.2903,0.0336,-0.0039
target,95,-2.0000,-1.5000,1.0000,0.0000
param,95,1.0611,0.4471,0.9554,-0.1673
pos,96,-2.2976,-2.0814,0.9191,0.0480
input,96,-0.4456,0.2903,0.0336,-0.0039
target,96,-2.0000,-1.5000,1.0000,0.0000
param,96,1.0611,0.4471,0.9554,-0.1673
pos,97,-2.2959,-2.0656,0.9194,0.0496
input,97,-0.4343,0.3032,0.0289,0.0011
target,97,-2.0000,-1.5000,1.0000,0.0000
param,97,1.0611,0.4471,0.9554,-0.1673
pos,98,-2.2939,-2.0491,0.9197,0.0512
input,98,-0.4343,0.3032,0.0289,0.0011
target,98,-2.0000,-1.5000,1.0000,0.0000
param,98,1.0611,0.4471,0.9554,-0.1673
pos,99,-2.2918,-2.0324,0.9201,0.0509
input,99,-0.4215,0.3168,0.0218,0.0064
target,99,-2.0000,-1.5000,1.0000,0.0000
param,99,1.0611,0.4471,0.9554,-0.1673
pos,100,-2.2894,-2.0158,0.9205,0.0511
input,100,-0.4215,0.3168,0.0218,0.0064
target,100,-2.0000,-1.5000,1.0000,0.0000
param,100,1.0611,0.4471,0.9554,-0.1673
pos,101,-2.2867,-1.9990,0.9203,0.0549
input,101,-0.4072,0.3293,0.0212,0.0120
target,101,-2.0000,-1.5000,1.0000,0.0000
param,101,1.0611,0.4471,0.9554,-0.1673
pos,102,-2.2841,-1.9845,0.9203,0.0583
input,102,-0.3996,0.3375,0.0138,0.0177
target,102,-2.0000,-1.5000,1.0000,0.0000
param,102,1.0611,0.4471,0.9554,-0.1673
pos,103,-2.2819,-1.9721,0.9203,0.0613
input,103,-0.3934,0.3439,0.0054,0.0217
target,103,-2.0000,-1.5000,1.0000,0.0000
param,103,1.0611,0.4471,0.9554,-0.1673
pos,104,-2.2788,-1.9558,0.9204,0.0593
input,104,-0.3934,0.3439,0.0054,0.0217
target,104,-2.0000,-1.5000,1.0000,0.0000
param,104,1.0611,0.4471,0.9554,-0.1673
pos,105,-2.2756,-1.9386,0.9205,0.0589
input,105,-0.3812,0.3528,-0.0035,0.0278
target,105,-2.0000,-1.5000,1.0000,0.0000
param,105,1.0611,0.4471,0.9554,-0.1673
pos,106,-2.2720,-1.9216,0.9209,0.0584
input,106,-0.3722,0.3593,-0.0037,0.0330
target,106,-2.0000,-1.5000,1.0000,0.0000
param,106,1.0611,0.4471,0.9554,-0.1673
pos,107,-2.2686,-1.9048,0.9213,0.0577
input,107,-0.3552,0.3576,-0.0053,0.0369
target,107,-2.0000,-1.5000,1.0000,0.0000
param,107,1.0611,0.4471,0.9554,-0.1673
pos,108,-2.2648,-1.8882,0.9219,0.0576
input,108,-0.3325,0.3490,-0.0105,0.0414
target,108,-2.0000,-1.5000,1.0000,0.0000
param,108,1.0611,0.4471,0.9554,-0.1673
pos,109,-2.2613,-1.8728,0.9224,0.0572
input,109,-0.3103,0.3404,-0.0209,0.0465
target,109,-2.0000,-1.5000,1.0000,0.0000
param,109,1.0611,0.4471,0.9554,-0.1673
pos,110,-2.2572,-1.8563,0.9230,0.0573
input,110,-0.2906,0.3309,-0.0284,0.0509
target,110,-2.0000,-1.5000,1.0000,0.0000
param,110,1.0611,0.4471,0.9554,-0.1673
pos,111,-2.2533,-1.8401,0.9237,0.0571
input,111,-0.2695,0.3216,-0.0377,0.0548
target,111,-2.0000,-1.5000,1.0000,0.0000
param,111,1.0611,0.4471,0.9554,-0.1673
pos,112,-2.2494,-1.8253,0.9246,0.0568
input,112,-0.2494,0.3118,-0.0448,0.0582
target,112,-2.0000,-1.5000,1.0000,0.0000
param,112,1.0611,0.4471,0.9554,-0.1673
pos,113,-2.2451,-1.8093,0.9254,0.0567
input,113,-0.2319,0.3016,-0.0505,0.0609
target,113,-2.0000,-1.5000,1.0000,0.0000
param,113,1.0611,0.4471,0.9554,-0.1673
pos,114,-2.2406,-1.7936,0.9264,0.0566
input,114,-0.2130,0.2914,-0.0567,0.0630
target,114,-2.0000,-1.5000,1.0000,0.0000
param,114,1.0611,0.4471,0.9554,-0.1673
pos,115,-2.2361,-1.7781,0.9273,0.0563
input,115,-0.1948,0.2810,-0.0620,0.0650
target,115,-2.0000,-1.5000,1.0000,0.0000
param,115,1.0611,0.4471,0.9554,-0.1673
pos,116,-2.2319,-1.7649,0.9284,0.0555
input,116,-0.1775,0.2702,-0.0656,0.0664
target,116,-2.0000,-1.5000,1.0000,0.0000
param,116,1.0611,0.4471,0.9554,-0.1673
pos,117,-2.2270,-1.7497,0.9294,0.0597
input,117,-0.1643,0.2590,-0.0668,0.0673
target,117,-2.0000,-1.5000,1.0000,0.0000
param,117,1.0611,0.4471,0.9554,-0.1673
pos,118,-2.2218,-1.7347,0.9306,0.0639
input,118,-0.1470,0.2499,-0.0823,0.0677
target,118,-2.0000,-1.5000,1.0000,0.0000
param,118,1.0611,0.4471,0.9554,-0.1673
pos,119,-2.2164,-1.7198,0.9314,0.0680
input,119,-0.1299,0.2407,-0.0959,0.0683
target,119,-2.0000,-1.5000,1.0000,0.0000
param,119,1.0611,0.4471,0.9554,-0.1673
pos,120,-2.2107,-1.7052,0.9323,0.0718
input,120,-0.1136,0.2306,-0.1081,0.0689
target,120,-2.0000,-1.5000,1.0000,0.0000
param,120,1.0611,0.4471,0.9554,-0.1673
pos,121,-2.2053,-1.6905,0.9335,0.0752
input,121,-0.0979,0.2202,-0.1188,0.0693
target,121,-2.0000,-1.5000,1.0000,0.0000
param,121,1.0611,0.4471,0.9554,-0.1673
pos,122,-2.1997,-1.6764,0.9346,0.0730
input,122,-0.0827,0.2100,-0.1270,0.0688
target,122,-2.0000,-1.5000,1.0000,0.0000
param,122,1.0611,0.4471,0.9554,-0.1673
pos,123,-2.1942,-1.6619,0.9359,0.0719
input,123,-0.0704,0.1977,-0.1185,0.0683
target,123,-2.0000,-1.5000,1.0000,0.0000
param,123,1.0611,0.4471,0.9554,-0.1673
pos,124,-2.1883,-1.6476,0.9372,0.0709
input,124,-0.0574,0.1861,-0.1136,0.0670
target,124,-2.0000,-1.5000,1.0000,0.0000
param,124,1.0611,0.4471,0.9554,-0.1673
pos,125,-2.1825,-1.6337,0.9386,0.0744
input,125,-0.0447,0.1749,-0.1089,0.0657
target,125,-2.0000,-1.5000,1.0000,0.0000
param,125,1.0611,0.4471,0.9554,-0.1673
pos,126,-2.1758,-1.6191,0.9399,0.0780
input,126,-0.0318,0.1649,-0.1161,0.0642
target,126,-2.0000,-1.5000,1.0000,0.0000
param,126,1.0611,0.4471,0.9554,-0.1673
pos,127,-2.1701,-1.6066,0.9413,0.0809
input,127,-0.0177,0.1547,-0.1230,0.0626
target,127,-2.0000,-1.5000,1.0000,0.0000
param,127,1.0611,0.4471,0.9554,-0.1673
pos,128,-2.1635,-1.5930,0.9425,0.0781
input,128,-0.0075,0.1446,-0.1268,0.0610
target,128,-2.0000,-1.5000,1.0000,0.0000
param,128,1.0611,0.4471,0.9554,-0.1673
pos,129,-2.1570,-1.5797,0.9437,0.0752
input,129,0.0028,0.1334,-0.1149,0.0592
target,129,-2.0000,-1.5000,1.0000,0.0000
param,129,1.0611,0.4471,0.9554,-0.1673
pos,130,-2.1502,-1.5666,0.9450,0.0737
input,130,0.0124,0.1224,-0.1031,0.0574
target,130,-0.5000,-1.5000,1.0000,0.0000
param,130,1.0611,0.4471,0.9554,-0.1673
pos,131,-2.1440,-1.5546,0.9462,0.0723
input,131,0.0118,0.1203,-0.1026,0.0568
target,131,-0.5000,-1.5000,1.0000,0.0000
param,131,1.0611,0.4471,0.9554,-0.1673
pos,132,-2.1368,-1.5418,0.9475,0.0708
input,132,0.0276,0.5913,0.2393,0.0173
target,132,-0.5000,-1.5000,1.0000,0.0000
param,132,1.0611,0.4471,0.9554,-0.1672
pos,133,-2.1301,-1.5304,0.9490,0.0717
input,133,0.0276,0.5913,0.2393,0.0173
target,133,-0.5000,-1.5000,1.0000,0.0000
param,133,1.0611,0.4471,0.9554,-0.1672
pos,134,-2.1225,-1.5183,0.9501,0.0703
input,134,0.0346,0.5913,0.2311,0.0162
target,134,-0.5000,-1.5000,1.0000,0.0000
param,134,1.0611,0.4471,0.9554,-0.1672
pos,135,-2.1151,-1.5058,0.9513,0.0693
input,135,0.0346,0.5913,0.2311,0.0162
target,135,-0.5000,-1.5000,1.0000,0.0000
param,135,1.0611,0.4471,0.9554,-0.1672
pos,136,-2.1084,-1.4953,0.9525,0.0676
input,136,0.0346,0.5913,0.2311,0.0162
target,136,-0.5000,-1.5000,1.0000,0.0000
param,136,1.0611,0.4471,0.9554,-0.1672
pos,137,-2.1024,-1.4863,0.9538,0.0655
input,137,0.0427,0.5965,0.2216,0.0167
target,137,-0.5000,-1.5000,1.0000,0.0000
param,137,1.0611,0.4471,0.9554,-0.1672
pos,138,-2.0971,-1.4789,0.9550,0.0631
input,138,0.0427,0.5965,0.2216,0.0167
target,138,-0.5000,-1.5000,1.0000,0.0000
param,138,1.0611,0.4471,0.9554,-0.1672
pos,139,-2.0884,-1.4666,0.9562,0.0615
input,139,0.0427,0.5965,0.2216,0.0167
target,139,-0.5000,-1.5000,1.0000,0.0000
param,139,1.0611,0.4471,0.9554,-0.1672
pos,140,-2.0808,-1.4563,0.9574,0.0593
input,140,0.0427,0.5965,0.2216,0.0167
target,140,-0.5000,-1.5000,1.0000,0.0000
param,140,1.0611,0.4471,0.9554,-0.1672
pos,141,-2.0722,-1.4449,0.9585,0.0562
input,141,0.0514,0.6015,0.2087,0.0173
target,141,-0.5000,-1.5000,1.0000,0.0000
param,141,1.0611,0.4471,0.9554,-0.1672
pos,142,-2.0647,-1.4355,0.9597,0.0525
input,142,0.0514,0.6015,0.2087,0.0173
target,142,-0.5000,-1.5000,1.0000,0.0000
param,142,1.0611,0.4471,0.9554,-0.1672
pos,143,-2.0582,-1.4276,0.9608,0.0483
input,143,0.0514,0.6015,0.2087,0.0173
target,143,-0.5000,-1.5000,1.0000,0.0000
param,143,1.0611,0.4471,0.9554,-0.1672
pos,144,-2.0525,-1.4211,0.9619,0.0438
input,144,0.0514,0.6015,0.2087,0.0173
target,144,-0.5000,-1.5000,1.0000,0.0000
param,144,1.0611,0.4471,0.9554,-0.1672
pos,145,-2.0471,-1.4149,0.9630,0.0396
input,145,0.0602,0.6045,0.2012,0.0182
target,145,-0.5000,-1.5000,1.0000,0.0000
param,145,1.0611,0.4471,0.9554,-0.1672
pos,146,-2.0393,-1.4056,0.9642,0.0365
input,146,0.0602,0.6045,0.2012,0.0182
target,146,-0.5000,-1.5000,1.0000,0.0000
param,146,1.0611,0.4471,0.9554,-0.1672
pos,147,-2.0312,-1.3961,0.9654,0.0379
input,147,0.0602,0.6045,0.2012,0.0182
target,147,-0.5000,-1.5000,1.0000,0.0000
param,147,1.0611,0.4471,0.9554,-0.1672
pos,148,-2.0230,-1.3871,0.9666,0.0342
input,148,0.0686,0.6095,0.1857,0.0192
target,148,-0.5000,-1.5000,1.0000,0.0000
param,148,1.0611,0.4471,0.9554,-0.1672
pos,149,-2.0139,-1.3768,0.9677,0.0312
input,149,0.0686,0.6095,0.1857,0.0192
target,149,-0.5000,-1.5000,1.0000,0.0000
param,149,1.0611,0.4471,0.9554,-0.1672
pos,150,-2.0048,-1.3669,0.9687,0.0280
input,150,0.0686,0.6095,0.1857,0.0192
target,150,-0.5000,-1.5000,1.0000,0.0000
param,150,1.0611,0.4471,0.9554,-0.1672
pos,151,-1.9965,-1.3582,0.9697,0.0251
input,151,0.0804,0.6140,0.1731,0.0202
target,151,-0.5000,-1.5000,1.0000,0.0000
param,151,1.0611,0.4471,0.9554,-0.1672
pos,152,-1.9893,-1.3508,0.9706,0.0217
input,152,0.0804,0.6140,0.1731,0.0202
target,152,-0.5000,-1.5000,1.0000,0.0000
param,152,1.0611,0.4471,0.9554,-0.1672
pos,153,-1.9825,-1.3440,0.9714,0.0174
input,153,0.0804,0.6140,0.1731,0.0202
target,153,-0.5000,-1.5000,1.0000,0.0000
param,153,1.0611,0.4471,0.9554,-0.1672
pos,154,-1.9745,-1.3362,0.9730,0.0179
input,154,0.0905,0.6181,0.1591,0.0220
target,154,-0.5000,-1.5000,1.0000,0.0000
param,154,1.0611,0.4471,0.9554,-0.1672
pos,155,-1.9653,-1.3275,0.9744,0.0196
input,155,0.0905,0.6181,0.1591,0.0220
target,155,-0.5000,-1.5000,1.0000,0.0000
param,155,1.0611,0.4471,0.9554,-0.1672
pos,156,-1.9563,-1.3191,0.9756,0.0207
input,156,0.1015,0.6238,0.1363,0.0229
target,156,-0.5000,-1.5000,1.0000,0.0000
param,156,1.0611,0.4471,0.9554,-0.1672
pos,157,-1.9478,-1.3114,0.9768,0.0219
input,157,0.1015,0.6238,0.1363,0.0229
target,157,-0.5000,-1.5000,1.0000,0.0000
param,157,1.0611,0.4471,0.9554,-0.1672
pos,158,-1.9385,-1.3036,0.9780,0.0232
input,158,0.1132,0.6291,0.1136,0.0241
target,158,-0.5000,-1.5000,1.0000,0.0000
param,158,1.0611,0.4471,0.9554,-0.1672
pos,159,-1.9292,-1.2960,0.9791,0.0245
input,159,0.1132,0.6291,0.1136,0.0241
target,159,-0.5000,-1.5000,1.0000,0.0000
param,159,1.0611,0.4471,0.9554,-0.1672
pos,160,-1.9198,-1.2885,0.9801,0.0255
input,160,0.1090,0.6208,0.0844,0.0221
target,160,-0.5000,-1.5000,1.0000,0.0000
param,160,1.0611,0.4471,0.9554,-0.1672
pos,161,-1.9103,-1.2814,0.9810,0.0268
input,161,0.1261,0.6337,0.0885,0.0253
target,161,-0.5000,-1.5000,1.0000,0.0000
param,161,1.0611,0.4471,0.9554,-0.1672
pos,162,-1.9023,-1.2752,0.9819,0.0279
input,162,0.1394,0.6374,0.0644,0.0267
target,162,-0.5000,-1.5000,1.0000,0.0000
param,162,1.0611,0.4471,0.9554,-0.1672
pos,163,-1.8866,-1.2712,0.9824,0.0355
input,163,0.1394,0.6374,0.0644,0.0267
target,163,-0.5000,-1.5000,1.0000,0.0000
param,163,1.0611,0.4471,0.9554,-0.1672
pos,164,-1.8678,-1.2646,0.9829,0.0431
input,164,0.1510,0.6399,0.0417,0.0281
target,164,-0.5000,-1.5000,1.0000,0.0000
param,164,1.0611,0.4471,0.9554,-0.1672
pos,165,-1.8515,-1.2589,0.9834,0.0502
input,165,0.1587,0.6411,0.0296,0.0296
target,165,-0.5000,-1.5000,1.0000,0.0000
param,165,1.0611,0.4471,0.9554,-0.1672
pos,166,-1.8374,-1.2539,0.9839,0.0570
input,166,0.1587,0.6411,0.0296,0.0296
target,166,-0.5000,-1.5000,1.0000,0.0000
param,166,1.0611,0.4471,0.9554,-0.1672
pos,167,-1.8253,-1.2496,0.9843,0.0632
input,167,0.1717,0.6423,0.0076,0.0299
target,167,-0.5000,-1.5000,1.0000,0.0000
param,167,1.0611,0.4471,0.9554,-0.1672
pos,168,-1.8139,-1.2455,0.9846,0.0691
input,168,0.1717,0.6423,0.0076,0.0299
target,168,-0.5000,-1.5000,1.0000,0.0000
param,168,1.0611,0.4471,0.9554,-0.1672
pos,169,-1.7975,-1.2387,0.9852,0.0782
input,169,0.1822,0.6428,-0.0087,0.0311
target,169,-0.5000,-1.5000,1.0000,0.0000
param,169,1.0611,0.4471,0.9554,-0.1672
pos,170,-1.7825,-1.2324,0.9857,0.0864
input,170,0.1911,0.6431,-0.0244,0.0320
target,170,-0.5000,-1.5000,1.0000,0.0000
param,170,1.0611,0.4471,0.9554,-0.1672
pos,171,-1.7669,-1.2258,0.9862,0.0955
input,171,0.1992,0.6431,-0.0379,0.0327
target,171,-0.5000,-1.5000,1.0000,0.0000
param,171,1.0611,0.4471,0.9554,-0.1672
pos,172,-1.7523,-1.2199,0.9865,0.1027
input,172,0.2080,0.6429,-0.0535,0.0332
target,172,-0.5000,-1.5000,1.0000,0.0000
param,172,1.0611,0.4471,0.9554,-0.1672
pos,173,-1.7371,-1.2137,0.9869,0.1106
input,173,0.2158,0.6424,-0.0654,0.0338
target,173,-0.5000,-1.5000,1.0000,0.0000
param,173,1.0611,0.4471,0.9554,-0.1672
pos,174,-1.7222,-1.2076,0.9873,0.1177
input,174,0.2243,0.6416,-0.0791,0.0342
target,174,-0.5000,-1.5000,1.0000,0.0000
param,174,1.0611,0.4471,0.9554,-0.1672
pos,175,-1.7093,-1.2024,0.9875,0.1239
input,175,0.2324,0.6406,-0.0909,0.0347
target,175,-0.5000,-1.5000,1.0000,0.0000
param,175,1.0611,0.4471,0.9554,-0.1672
pos,176,-1.6971,-1.1976,0.9879,0.1296
input,176,0.2324,0.6406,-0.0909,0.0347
target,176,-0.5000,-1.5000,1.0000,0.0000
param,176,1.0611,0.4471,0.9554,-0.1672
pos,177,-1.6866,-1.1935,0.9881,0.1348
input,177,0.2456,0.6383,-0.1085,0.0346
target,177,-0.5000,-1.5000,1.0000,0.0000
param,177,1.0611,0.4471,0.9554,-0.1672
pos,178,-1.6709,-1.1880,0.9883,0.1410
input,178,0.2456,0.6383,-0.1085,0.0346
target,178,-0.5000,-1.5000,1.0000,0.0000
param,178,1.0611,0.4471,0.9554,-0.1672
pos,179,-1.6561,-1.1830,0.9886,0.1460
input,179,0.2591,0.6356,-0.1256,0.0351
target,179,-0.5000,-1.5000,1.0000,0.0000
param,179,1.0611,0.4471,0.9554,-0.1672
pos,180,-1.6413,-1.1781,0.9887,0.1507
input,180,0.2591,0.6356,-0.1256,0.0351
target,180,-0.5000,-1.5000,1.0000,0.0000
param,180,1.0611,0.4471,0.9554,-0.1672
pos,181,-1.6287,-1.1740,0.9888,0.1547
input,181,0.2736,0.6321,-0.1422,0.0356
target,181,-0.5000,-1.5000,1.0000,0.0000
param,181,1.0611,0.4471,0.9554,-0.1671
pos,182,-1.6124,-1.1693,0.9889,0.1588
input,182,0.2736,0.6321,-0.1422,0.0356
target,182,-0.5000,-1.5000,1.0000,0.0000
param,182,1.0611,0.4471,0.9554,-0.1671
pos,183,-1.5974,-1.1651,0.9890,0.1627
input,183,0.2873,0.6285,-0.1556,0.0362
target,183,-0.5000,-1.5000,1.0000,0.0000
param,183,1.0611,0.4471,0.9554,-0.1671
pos,184,-1.5845,-1.1615,0.9890,0.1660
input,184,0.2873,0.6285,-0.1556,0.0362
target,184,-0.5000,-1.5000,1.0000,0.0000
param,184,1.0611,0.4471,0.9554,-0.1671
pos,185,-1.5668,-1.1575,0.9891,0.1689
input,185,0.3002,0.6248,-0.1667,0.0368
target,185,-0.5000,-1.5000,1.0000,0.0000
param,185,1.0611,0.4471,0.9554,-0.1671
pos,186,-1.5493,-1.1537,0.9891,0.1712
input,186,0.3002,0.6248,-0.1667,0.0368
target,186,-0.5000,-1.5000,1.0000,0.0000
param,186,1.0611,0.4471,0.9554,-0.1671
pos,187,-1.5330,-1.1505,0.9890,0.1725
input,187,0.3159,0.6199,-0.1793,0.0369
target,187,-0.5000,-1.5000,1.0000,0.0000
param,187,1.0611,0.4471,0.9554,-0.1671
pos,188,-1.5168,-1.1474,0.9890,0.1734
input,188,0.3159,0.6199,-0.1793,0.0369
target,188,-0.5000,-1.5000,1.0000,0.0000
param,188,1.0611,0.4471,0.9554,-0.1671
pos,189,-1.5003,-1.1448,0.9889,0.1740
input,189,0.3297,0.6156,-0.1850,0.0375
target,189,-0.5000,-1.5000,1.0000,0.0000
param,189,1.0611,0.4471,0.9554,-0.1671
pos,190,-1.4862,-1.1425,0.9889,0.1743
input,190,0.3297,0.6156,-0.1850,0.0375
target,190,-0.5000,-1.5000,1.0000,0.0000
param,190,1.0611,0.4471,0.9554,-0.1671
pos,191,-1.4742,-1.1405,0.9888,0.1739
input,191,0.3426,0.6116,-0.1881,0.0379
target,191,-0.5000,-1.5000,1.0000,0.0000
param,191,1.0611,0.4471,0.9554,-0.1671
pos,192,-1.4623,-1.1388,0.9887,0.1735
input,192,0.3426,0.6116,-0.1881,0.0379
target,192,-0.5000,-1.5000,1.0000,0.0000
param,192,1.0611,0.4471,0.9554,-0.1671
pos,193,-1.4472,-1.1374,0.9887,0.1719
input,193,0.3521,0.6090,-0.1838,0.0386
target,193,-0.5000,-1.5000,1.0000,0.0000
param,193,1.0611,0.4471,0.9554,-0.1671
pos,194,-1.4309,-1.1359,0.9886,0.1710
input,194,0.3521,0.6090,-0.1838,0.0386
target,194,-0.5000,-1.5000,1.0000,0.0000
param,194,1.0611,0.4471,0.9554,-0.1671
pos,195,-1.4119,-1.1348,0.9885,0.1692
input,195,0.3653,0.6050,-0.1826,0.0383
target,195,-0.5000,-1.5000,1.0000,0.0000
param,195,1.0611,0.4471,0.9554,-0.1671
pos,196,-1.3942,-1.1339,0.9884,0.1664
input,196,0.3739,0.6019,-0.1849,0.0387
target,196,-0.5000,-1.5000,1.0000,0.0000
param,196,1.0611,0.4471,0.9554,-0.1671
pos,197,-1.3778,-1.1332,0.9883,0.1641
input,197,0.3739,0.6019,-0.1849,0.0387
target,197,-0.5000,-1.5000,1.0000,0.0000
param,197,1.0611,0.4471,0.9554,-0.1671
pos,198,-1.3588,-1.1329,0.9882,0.1614
input,198,0.3898,0.5969,-0.1820,0.0380
target,198,-0.5000,-1.5000,1.0000,0.0000
param,198,1.0611,0.4471,0.9554,-0.1671
pos,199,-1.3411,-1.1326,0.9880,0.1583
input,199,0.3932,0.5838,-0.1806,0.0377
target,199,-0.5000,-1.5000,1.0000,0.0000
param,199,1.0611,0.4471,0.9554,-0.1671
pos,200,-1.3222,-1.1327,0.9878,0.1549
input,200,0.3850,0.5731,-0.1824,0.0337
target,200,-0.5000,-1.5000,1.0000,0.0000
param,200,1.0611,0.4471,0.9554,-0.1672
pos,201,-1.3033,-1.1331,0.9876,0.1514
input,201,0.3772,0.5629,-0.1844,0.0299
target,201,-0.5000,-1.5000,1.0000,0.0000
param,201,1.0611,0.4471,0.9554,-0.1672
pos,202,-1.2844,-1.1337,0.9875,0.1478
input,202,0.3666,0.5314,-0.1732,0.0279
target,202,-0.5000,-1.5000,1.0000,0.0000
param,202,1.0611,0.4471,0.9554,-0.1672
pos,203,-1.2656,-1.1347,0.9873,0.1437
input,203,0.3521,0.4760,-0.1515,0.0257
target,203,-0.5000,-1.5000,1.0000,0.0000
param,203,1.0611,0.4471,0.9554,-0.1672
pos,204,-1.2468,-1.1358,0.9871,0.1396
input,204,0.3413,0.4456,-0.1429,0.0223
target,204,-0.5000,-1.5000,1.0000,0.0000
param,204,1.0611,0.4471,0.9554,-0.1672
pos,205,-1.2280,-1.1371,0.9868,0.1350
input,205,0.3312,0.4177,-0.1324,0.0199
target,205,-0.5000,-1.5000,1.0000,0.0000
param,205,1.0611,0.4471,0.9554,-0.1672
pos,206,-1.2092,-1.1387,0.9866,0.1297
input,206,0.3215,0.3915,-0.1222,0.0179
target,206,-0.5000,-1.5000,1.0000,0.0000
param,206,1.0611,0.4471,0.9554,-0.1672
pos,207,-1.1905,-1.1405,0.9863,0.1247
input,207,0.3119,0.3667,-0.1110,0.0162
target,207,-0.5000,-1.5000,1.0000,0.0000
param,207,1.0611,0.4471,0.9554,-0.1672
pos,208,-1.1717,-1.1425,0.9857,0.1202
input,208,0.3024,0.3432,-0.0985,0.0148
target,208,-0.5000,-1.5000,1.0000,0.0000
param,208,1.0611,0.4471,0.9554,-0.1672
pos,209,-1.1542,-1.1444,0.9852,0.1160
input,209,0.2932,0.3210,-0.0865,0.0137
target,209,-0.5000,-1.5000,1.0000,0.0000
param,209,1.0611,0.4471,0.9554,-0.1672
pos,210,-1.1352,-1.1469,0.9847,0.1112
input,210,0.2850,0.3000,-0.0772,0.0130
target,210,-0.5000,-1.5000,1.0000,0.0000
param,210,1.0611,0.4471,0.9554,-0.1672
pos,211,-1.1188,-1.1490,0.9841,0.1066
input,211,0.2778,0.2822,-0.0688,0.0126
target,211,-0.5000,-1.5000,1.0000,0.0000
param,211,1.0611,0.4471,0.9554,-0.1672
pos,212,-1.0994,-1.1520,0.9836,0.1017
input,212,0.2700,0.2631,-0.0598,0.0123
target,212,-0.5000,-1.5000,1.0000,0.0000
param,212,1.0611,0.4471,0.9554,-0.1672
pos,213,-1.0801,-1.1551,0.9830,0.0969
input,213,0.2614,0.2356,-0.0465,0.0125
target,213,-0.5000,-1.5000,1.0000,0.0000
param,213,1.0611,0.4471,0.9554,-0.1672
pos,214,-1.0608,-1.1586,0.9825,0.0918
input,214,0.2544,0.2188,-0.0388,0.0124
target,214,-0.5000,-1.5000,1.0000,0.0000
param,214,1.0611,0.4471,0.9554,-0.1672
pos,215,-1.0404,-1.1625,0.9820,0.0859
input,215,0.2477,0.2029,-0.0315,0.0124
target,215,-0.5000,-1.5000,1.0000,0.0000
param,215,1.0611,0.4471,0.9554,-0.1672
pos,216,-1.0226,-1.1662,0.9816,0.0802
input,216,0.2400,0.1858,-0.0220,0.0123
target,216,-0.5000,-1.5000,1.0000,0.0000
param,216,1.0611,0.4471,0.9554,-0.1672
pos,217,-1.0034,-1.1703,0.9812,0.0745
input,217,0.2342,0.1739,-0.0133,0.0126
target,217,-0.5000,-1.5000,1.0000,0.0000
param,217,1.0611,0.4471,0.9554,-0.1672
pos,218,-0.9842,-1.1747,0.9806,0.0697
input,218,0.2278,0.1602,-0.0057,0.0127
target,218,-0.5000,-1.5000,1.0000,0.0000
param,218,1.0611,0.4471,0.9554,-0.1672
pos,219,-0.9662,-1.1789,0.9800,0.0655
input,219,0.2237,0.1569,-0.0034,0.0129
target,219,-0.5000,-1.5000,1.0000,0.0000
param,219,1.0611,0.4471,0.9554,-0.1672
pos,220,-0.9507,-1.1828,0.9794,0.0616
input,220,0.2183,0.1441,0.0009,0.0134
target,220,-0.5000,-1.5000,1.0000,0.0000
param,220,1.0611,0.4471,0.9554,-0.1672
pos,221,-0.9309,-1.1880,0.9788,0.0570
input,221,0.2149,0.1305,0.0035,0.0146
target,221,-0.5000,-1.5000,1.0000,0.0000
param,221,1.0611,0.4471,0.9554,-0.1672
pos,222,-0.9124,-1.1932,0.9782,0.0532
input,222,0.2094,0.1180,0.0062,0.0151
target,222,-0.5000,-1.5000,1.0000,0.0000
param,222,1.0611,0.4471,0.9554,-0.1672
pos,223,-0.8927,-1.1990,0.9777,0.0487
input,223,0.2052,0.1082,0.0076,0.0158
target,223,-0.5000,-1.5000,1.0000,0.0000
param,223,1.0611,0.4471,0.9554,-0.1672
pos,224,-0.8732,-1.2052,0.9773,0.0429
input,224,0.1999,0.0968,0.0102,0.0164
target,224,-0.5000,-1.5000,1.0000,0.0000
param,224,1.0611,0.4471,0.9554,-0.1672
pos,225,-0.8540,-1.2114,0.9770,0.0368
input,225,0.1941,0.0864,0.0170,0.0168
target,225,-0.5000,-1.5000,1.0000,0.0000
param,225,1.0611,0.4471,0.9554,-0.1672
pos,226,-0.8349,-1.2181,0.9766,0.0315
input,226,0.1883,0.0768,0.0245,0.0173
target,226,-0.5000,-1.5000,1.0000,0.0000
param,226,1.0611,0.4471,0.9554,-0.1672
pos,227,-0.8159,-1.2250,0.9763,0.0262
input,227,0.1830,0.0678,0.0291,0.0178
target,227,-0.5000,-1.5000,1.0000,0.0000
param,227,1.0611,0.4471,0.9554,-0.1672
pos,228,-0.7972,-1.2319,0.9759,0.0213
input,228,0.1779,0.0596,0.0335,0.0185
target,228,-0.5000,-1.5000,1.0000,0.0000
param,228,1.0611,0.4471,0.9554,-0.1672
pos,229,-0.7786,-1.2392,0.9755,0.0166
input,229,0.1731,0.0520,0.0368,0.0192
target,229,-0.5000,-1.5000,1.0000,0.0000
param,229,1.0611,0.4471,0.9554,-0.1672
pos,230,-0.7604,-1.2466,0.9751,0.0118
input,230,0.1686,0.0451,0.0392,0.0199
target,230,-0.5000,-1.5000,1.0000,0.0000
param,230,1.0611,0.4471,0.9554,-0.1672
pos,231,-0.7440,-1.2534,0.9746,0.0078
input,231,0.1642,0.0389,0.0417,0.0207
target,231,-0.5000,-1.5000,1.0000,0.0000
param,231,1.0611,0.4471,0.9554,-0.1672
pos,232,-0.7268,-1.2608,0.9742,0.0032
input,232,0.1615,0.0374,0.0417,0.0211
target,232,-0.5000,-1.5000,1.0000,0.0000
param,232,1.0611,0.4471,0.9554,-0.1672
pos,233,-0.7105,-1.2680,0.9738,-0.0005
input,233,0.1567,0.0296,0.0432,0.0223
target,233,-0.5000,-1.5000,1.0000,0.0000
param,233,1.0611,0.4471,0.9554,-0.1672
pos,234,-0.6954,-1.2750,0.9733,-0.0039
input,234,0.1527,0.0244,0.0428,0.0230
target,234,-0.5000,-1.5000,1.0000,0.0000
param,234,1.0611,0.4471,0.9554,-0.1672
pos,235,-0.6811,-1.2819,0.9729,-0.0071
input,235,0.1486,0.0192,0.0428,0.0237
target,235,-0.5000,-1.5000,1.0000,0.0000
param,235,1.0611,0.4471,0.9554,-0.1672
pos,236,-0.6674,-1.2887,0.9725,-0.0098
input,236,0.1444,0.0141,0.0425,0.0243
target,236,-0.5000,-1.5000,1.0000,0.0000
param,236,1.0611,0.4471,0.9554,-0.1672
pos,237,-0.6542,-1.2954,0.9721,-0.0126
input,237,0.1401,0.0090,0.0416,0.0250
target,237,-0.5000,-1.5000,1.0000,0.0000
param,237,1.0611,0.4471,0.9554,-0.1672
pos,238,-0.6414,-1.3020,0.9717,-0.0149
input,238,0.1358,0.0038,0.0414,0.0255
target,238,-0.5000,-1.5000,1.0000,0.0000
param,238,1.0611,0.4471,0.9554,-0.1672
pos,239,-0.6281,-1.3092,0.9715,-0.0172
input,239,0.1337,0.0029,0.0408,0.0258
target,239,-0.5000,-1.5000,1.0000,0.0000
param,239,1.0611,0.4471,0.9554,-0.1672
pos,240,-0.6163,-1.3157,0.9712,-0.0188
input,240,0.1296,-0.0023,0.0398,0.0263
target,240,-0.5000,-1.5000,1.0000,0.0000
param,240,1.0611,0.4471,0.9554,-0.1672
pos,241,-0.6049,-1.3219,0.9711,-0.0197
input,241,0.1241,-0.0094,0.0395,0.0266
target,241,-0.5000,-1.5000,1.0000,0.0000
param,241,1.0611,0.4471,0.9554,-0.1672
pos,242,-0.5936,-1.3283,0.9709,-0.0194
input,242,0.1172,-0.0197,0.0363,0.0267
target,242,-0.5000,-1.5000,1.0000,0.0000
param,242,1.0611,0.4471,0.9554,-0.1672
pos,243,-0.5826,-1.3346,0.9709,-0.0195
input,243,0.1155,-0.0201,0.0354,0.0269
target,243,-0.5000,-3.0000,1.0000,0.0000
param,243,1.0611,0.4471,0.9554,-0.1672
pos,244,-0.5720,-1.3407,0.9708,-0.0186
input,244,0.1113,-0.0258,0.0300,0.0271
target,244,-0.5000,-3.0000,1.0000,0.0000
param,244,1.0611,0.4471,0.9554,-0.1672
pos,245,-0.5617,-1.3467,0.9709,-0.0176
input,245,0.6070,0.2267,-0.0820,-0.0510
target,245,-0.5000,-3.0000,1.0000,0.0000
param,245,1.0611,0.4471,0.9554,-0.1672
pos,246,-0.5526,-1.3524,0.9710,-0.0181
input,246,0.6172,0.2333,-0.0971,-0.0581
target,246,-0.5000,-3.0000,1.0000,0.0000
param,246,1.0611,0.4471,0.9554,-0.1672
pos,247,-0.5451,-1.3571,0.9711,-0.0183
input,247,0.6148,0.2179,-0.1003,-0.0603
target,247,-0.5000,-3.0000,1.0000,0.0000
param,247,1.0611,0.4471,0.9554,-0.1672
pos,248,-0.5381,-1.3616,0.9712,-0.0179
input,248,0.6148,0.2179,-0.1003,-0.0603
target,248,-0.5000,-3.0000,1.0000,0.0000
param,248,1.0611,0.4471,0.9554,-0.1672
pos,249,-0.5279,-1.3678,0.9712,-0.0158
input,249,0.6130,0.2086,-0.0950,-0.0618
target,249,-0.5000,-3.0000,1.0000,0.0000
param,249,1.0611,0.4471,0.9554,-0.1672
pos,250,-0.5178,-1.3740,0.9714,-0.0133
input,250,0.6130,0.2086,-0.0950,-0.0618
target,250,-0.5000,-3.0000,1.0000,0.0000
param,250,1.0611,0.4471,0.9554,-0.1672
pos,251,-0.5080,-1.3802,0.9715,-0.0103
input,251,0.6116,0.1940,-0.0934,-0.0638
target,251,-0.5000,-3.0000,1.0000,0.0000
param,251,1.0611,0.4471,0.9554,-0.1672
pos,252,-0.4985,-1.3862,0.9717,-0.0068
input,252,0.6116,0.1940,-0.0934,-0.0638
target,252,-0.5000,-3.0000,1.0000,0.0000
param,252,1.0611,0.4471,0.9554,-0.1672
pos,253,-0.4897,-1.3918,0.9727,-0.0079
input,253,0.6102,0.1781,-0.0901,-0.0658
target,253,-0.5000,-3.0000,1.0000,0.0000
param,253,1.0611,0.4471,0.9554,-0.1672
pos,254,-0.4808,-1.3973,0.9736,-0.0127
input,254,0.6102,0.1781,-0.0901,-0.0658
target,254,-0.5000,-3.0000,1.0000,0.0000
param,254,1.0611,0.4471,0.9554,-0.1672
pos,255,-0.4723,-1.4033,0.9739,-0.0174
input,255,0.6051,0.1693,-0.0765,-0.0687
target,255,-0.5000,-3.0000,1.0000,0.0000
param,255,1.0611,0.4471,0.9554,-0.1672
pos,256,-0.4639,-1.4090,0.9741,-0.0144
input,256,0.6051,0.1693,-0.0765,-0.0687
target,256,-0.5000,-3.0000,1.0000,0.0000
param,256,1.0611,0.4471,0.9554,-0.1672
pos,257,-0.4564,-1.4143,0.9745,-0.0116
input,257,0.6012,0.1578,-0.0695,-0.0703
target,257,-0.5000,-3.0000,1.0000,0.0000
param,257,1.0611,0.4471,0.9554,-0.1672
pos,258,-0.4485,-1.4199,0.9748,-0.0086
input,258,0.6012,0.1578,-0.0695,-0.0703
target,258,-0.5000,-3.0000,1.0000,0.0000
param,258,1.0611,0.4471,0.9554,-0.1672
pos,259,-0.4408,-1.4254,0.9752,-0.0056
input,259,0.5920,0.1538,-0.0573,-0.0616
target,259,-0.5000,-3.0000,1.0000,0.0000
param,259,1.0611,0.4471,0.9554,-0.1672
pos,260,-0.4334,-1.4309,0.9757,-0.0036
input,260,0.5986,0.1419,-0.0660,-0.0719
target,260,-0.5000,-3.0000,1.0000,0.0000
param,260,1.0611,0.4471,0.9554,-0.1672
pos,261,-0.4263,-1.4364,0.9763,-0.0017
input,261,0.5952,0.1258,-0.0594,-0.0738
target,261,-0.5000,-3.0000,1.0000,0.0000
param,261,1.0611,0.4471,0.9554,-0.1672
pos,262,-0.4192,-1.4420,0.9768,0.0002
input,262,0.5952,0.1258,-0.0594,-0.0738
target,262,-0.5000,-3.0000,1.0000,0.0000
param,262,1.0611,0.4471,0.9554,-0.1672
pos,263,-0.4129,-1.4472,0.9774,0.0029
input,263,0.5863,0.1223,-0.0488,-0.0646
target,263,-0.5000,-3.0000,1.0000,0.0000
param,263,1.0611,0.4471,0.9554,-0.1672
pos,264,-0.4070,-1.4521,0.9780,0.0046
input,264,0.5911,0.1105,-0.0516,-0.0756
target,264,-0.5000,-3.0000,1.0000,0.0000
param,264,1.0611,0.4471,0.9554,-0.1672
pos,265,-0.4002,-1.4581,0.9786,0.0058
input,265,0.5824,0.1071,-0.0421,-0.0662
target,265,-0.5000,-3.0000,1.0000,0.0000
param,265,1.0611,0.4471,0.9554,-0.1672
pos,266,-0.3935,-1.4641,0.9792,0.0081
input,266,0.5871,0.0953,-0.0443,-0.0771
target,266,-0.5000,-3.0000,1.0000,0.0000
param,266,1.0611,0.4471,0.9554,-0.1672
pos,267,-0.3870,-1.4703,0.9797,0.0102
input,267,0.5821,0.0792,-0.0364,-0.0787
target,267,-0.5000,-3.0000,1.0000,0.0000
param,267,1.0611,0.4471,0.9554,-0.1672
pos,268,-0.3807,-1.4767,0.9804,0.0130
input,268,0.5797,0.0710,-0.0277,-0.0790
target,268,-0.5000,-3.0000,1.0000,0.0000
param,268,1.0611,0.4471,0.9554,-0.1672
pos,269,-0.3746,-1.4832,0.9812,0.0140
input,269,0.5774,0.0621,-0.0241,-0.0796
target,269,-0.5000,-3.0000,1.0000,0.0000
param,269,1.0611,0.4471,0.9554,-0.1672
pos,270,-0.3684,-1.4899,0.9819,0.0153
input,270,0.5774,0.0621,-0.0241,-0.0796
target,270,-0.5000,-3.0000,1.0000,0.0000
param,270,1.0611,0.4471,0.9554,-0.1672
pos,271,-0.3625,-1.4967,0.9825,0.0167
input,271,0.5715,0.0460,-0.0189,-0.0814
target,271,-0.5000,-3.0000,1.0000,0.0000
param,271,1.0611,0.4471,0.9554,-0.1672
pos,272,-0.3568,-1.5037,0.9832,0.0182
input,272,0.5686,0.0378,-0.0097,-0.0814
target,272,-0.5000,-3.0000,1.0000,0.0000
param,272,1.0611,0.4471,0.9554,-0.1672
pos,273,-0.3513,-1.5109,0.9839,0.0206
input,273,0.5656,0.0294,-0.0051,-0.0819
target,273,-0.5000,-3.0000,1.0000,0.0000
param,273,1.0611,0.4471,0.9554,-0.1672
pos,274,-0.3466,-1.5172,0.9845,0.0230
input,274,0.5627,0.0201,-0.0011,-0.0823
target,274,-0.5000,-3.0000,1.0000,0.0000
param,274,1.0611,0.4471,0.9554,-0.1672
pos,275,-0.3415,-1.5250,0.9856,0.0226
input,275,0.5600,0.0113,0.0032,-0.0825
target,275,-0.5000,-3.0000,1.0000,0.0000
param,275,1.0611,0.4471,0.9554,-0.1672
pos,276,-0.3260,-1.5386,0.9859,0.0199
input,276,0.5523,0.0085,0.0045,-0.0722
target,276,-0.5000,-3.0000,1.0000,0.0000
param,276,1.0611,0.4471,0.9554,-0.1672
pos,277,-0.3117,-1.5509,0.9861,0.0150
input,277,0.5562,0.0036,0.0094,-0.0832
target,277,-0.5000,-3.0000,1.0000,0.0000
param,277,1.0611,0.4471,0.9554,-0.1672
pos,278,-0.2998,-1.5615,0.9862,0.0102
input,278,0.5496,-0.0064,0.0176,-0.0843
target,278,-0.5000,-3.0000,1.0000,0.0000
param,278,1.0611,0.4471,0.9554,-0.1672
pos,279,-0.2895,-1.5706,0.9863,0.0058
input,279,0.5496,-0.0064,0.0176,-0.0843
target,279,-0.5000,-3.0000,1.0000,0.0000
param,279,1.0611,0.4471,0.9554,-0.1672
pos,280,-0.2809,-1.5784,0.9863,0.0018
input,280,0.5496,-0.0064,0.0176,-0.0843
target,280,-0.5000,-3.0000,1.0000,0.0000
param,280,1.0611,0.4471,0.9554,-0.1672
pos,281,-0.2734,-1.5851,0.9864,-0.0019
input,281,0.5433,-0.0127,0.0297,-0.0844
target,281,-0.5000,-3.0000,1.0000,0.0000
param,281,1.0611,0.4471,0.9554,-0.1672
pos,282,-0.2673,-1.5909,0.9864,-0.0052
input,282,0.5433,-0.0127,0.0297,-0.0844
target,282,-0.5000,-3.0000,1.0000,0.0000
param,282,1.0611,0.4471,0.9554,-0.1672
pos,283,-0.2620,-1.5958,0.9864,-0.0081
input,283,0.5433,-0.0127,0.0297,-0.0844
target,283,-0.5000,-3.0000,1.0000,0.0000
param,283,1.0611,0.4471,0.9554,-0.1672
pos,284,-0.2578,-1.6000,0.9863,-0.0108
input,284,0.5433,-0.0127,0.0297,-0.0844
target,284,-0.5000,-3.0000,1.0000,0.0000
param,284,1.0611,0.4471,0.9554,-0.1672
pos,285,-0.2541,-1.6036,0.9863,-0.0133
input,285,0.5433,-0.0127,0.0297,-0.0844
target,285,-0.5000,-3.0000,1.0000,0.0000
param,285,1.0611,0.4471,0.9554,-0.1672
pos,286,-0.2512,-1.6067,0.9863,-0.0155
input,286,0.5433,-0.0127,0.0297,-0.0844
target,286,-0.5000,-3.0000,1.0000,0.0000
param,286,1.0611,0.4471,0.9554,-0.1672
pos,287,-0.2487,-1.6093,0.9862,-0.0175
input,287,0.5433,-0.0127,0.0297,-0.0844
target,287,-0.5000,-3.0000,1.0000,0.0000
param,287,1.0611,0.4471,0.9554,-0.1672
pos,288,-0.2388,-1.6311,0.9861,-0.0199
input,288,0.5433,-0.0127,0.0297,-0.0844
target,288,-0.5000,-3.0000,1.0000,0.0000
param,288,1.0611,0.4471,0.9554,-0.1672
pos,289,-0.2297,-1.6517,0.9859,-0.0223
input,289,0.5388,-0.0190,0.0381,-0.0833
target,289,-0.5000,-3.0000,1.0000,0.0000
param,289,1.0611,0.4471,0.9554,-0.1672
pos,290,-0.2213,-1.6711,0.9858,-0.0232
input,290,0.5388,-0.0190,0.0381,-0.0833
target,290,-0.5000,-3.0000,1.0000,0.0000
param,290,1.0611,0.4471,0.9554,-0.1672
pos,291,-0.2139,-1.6896,0.9856,-0.0239
input,291,0.5332,-0.0316,0.0427,-0.0832
target,291,-0.5000,-3.0000,1.0000,0.0000
param,291,1.0611,0.4471,0.9554,-0.1672
pos,292,-0.2072,-1.7073,0.9853,-0.0241
input,292,0.5332,-0.0316,0.0427,-0.0832
target,292,-0.5000,-3.0000,1.0000,0.0000
param,292,1.0611,0.4471,0.9554,-0.1672
pos,293,-0.2011,-1.7245,0.9851,-0.0246
input,293,0.5289,-0.0441,0.0487,-0.0826
target,293,-0.5000,-3.0000,1.0000,0.0000
param,293,1.0611,0.4471,0.9554,-0.1673
pos,294,-0.1954,-1.7421,0.9850,-0.0261
input,294,0.5289,-0.0441,0.0487,-0.0826
target,294,-0.5000,-3.0000,1.0000,0.0000
param,294,1.0611,0.4471,0.9554,-0.1673
pos,295,-0.1900,-1.7590,0.9848,-0.0263
input,295,0.5220,-0.0467,0.0453,-0.0720
target,295,-0.5000,-3.0000,1.0000,0.0000
param,295,1.0611,0.4471,0.9554,-0.1673
pos,296,-0.1856,-1.7735,0.9847,-0.0259
input,296,0.5247,-0.0549,0.0555,-0.0821
target,296,-0.5000,-3.0000,1.0000,0.0000
param,296,1.0611,0.4471,0.9554,-0.1673
pos,297,-0.1813,-1.7890,0.9845,-0.0257
input,297,0.5214,-0.0657,0.0593,-0.0815
target,297,-0.5000,-3.0000,1.0000,0.0000
param,297,1.0611,0.4471,0.9554,-0.1673
pos,298,-0.1776,-1.8042,0.9843,-0.0250
input,298,0.5214,-0.0657,0.0593,-0.0815
target,298,-0.5000,-3.0000,1.0000,0.0000
param,298,1.0611,0.4471,0.9554,-0.1673
pos,299,-0.1740,-1.8194,0.9841,-0.0244
input,299,0.5184,-0.0765,0.0623,-0.0809
target,299,-0.5000,-3.0000,1.0000,0.0000
param,299,1.0611,0.4471,0.9554,-0.1673
pos,300,-0.1709,-1.8344,0.9839,-0.0235
input,300,0.5184,-0.0765,0.0623,-0.0809
target,300,-0.5000,-3.0000,1.0000,0.0000
param,300,1.0611,0.4471,0.9554,-0.1673
pos,301,-0.1679,-1.8494,0.9837,-0.0229
input,301,0.5154,-0.0873,0.0647,-0.0803
target,301,-0.5000,-3.0000,1.0000,0.0000
param,301,1.0611,0.4471,0.9554,-0.1673
pos,302,-0.1653,-1.8644,0.9836,-0.0222
input,302,0.5154,-0.0873,0.0647,-0.0803
target,302,-0.5000,-3.0000,1.0000,0.0000
param,302,1.0611,0.4471,0.9554,-0.1673
pos,303,-0.1629,-1.8793,0.9834,-0.0215
input,303,0.5123,-0.0978,0.0672,-0.0797
target,303,-0.5000,-3.0000,1.0000,0.0000
param,303,1.0611,0.4471,0.9554,-0.1673
pos,304,-0.1607,-1.8943,0.9832,-0.0204
input,304,0.5123,-0.0978,0.0672,-0.0797
target,304,-0.5000,-3.0000,1.0000,0.0000
param,304,1.0611,0.4471,0.9554,-0.1673
pos,305,-0.1587,-1.9095,0.9831,-0.0193
input,305,0.5090,-0.1085,0.0691,-0.0791
target,305,-0.5000,-3.0000,1.0000,0.0000
param,305,1.0611,0.4471,0.9554,-0.1673
pos,306,-0.1568,-1.9247,0.9830,-0.0174
input,306,0.5090,-0.1085,0.0691,-0.0791
target,306,-0.5000,-3.0000,1.0000,0.0000
param,306,1.0611,0.4471,0.9554,-0.1673
pos,307,-0.1551,-1.9399,0.9831,-0.0160
input,307,0.5054,-0.1203,0.0699,-0.0784
target,307,-0.5000,-3.0000,1.0000,0.0000
param,307,1.0611,0.4471,0.9554,-0.1673
pos,308,-0.1534,-1.9541,0.9830,-0.0143
input,308,0.5054,-0.1203,0.0699,-0.0784
target,308,-0.5000,-3.0000,1.0000,0.0000
param,308,1.0611,0.4471,0.9554,-0.1673
pos,309,-0.1520,-1.9685,0.9828,-0.0122
input,309,0.5017,-0.1318,0.0712,-0.0777
target,309,-0.5000,-3.0000,1.0000,0.0000
param,309,1.0611,0.4471,0.9554,-0.1674
pos,310,-0.1508,-1.9809,0.9828,-0.0101
input,310,0.5017,-0.1318,0.0712,-0.0777
target,310,-0.5000,-3.0000,1.0000,0.0000
param,310,1.0611,0.4471,0.9554,-0.1674
pos,311,-0.1498,-1.9986,0.9833,-0.0059
input,311,0.4985,-0.1430,0.0710,-0.0768
target,311,-0.5000,-3.0000,1.0000,0.0000
param,311,1.0611,0.4471,0.9554,-0.1674
pos,312,-0.1483,-2.0150,0.9833,-0.0042
input,312,0.4985,-0.1430,0.0710,-0.0768
target,312,-0.5000,-3.0000,1.0000,0.0000
param,312,1.0611,0.4471,0.9554,-0.1674
pos,313,-0.1469,-2.0315,0.9833,-0.0019
input,313,0.4932,-0.1579,0.0686,-0.0765
target,313,-0.5000,-3.0000,1.0000,0.0000
param,313,1.0611,0.4471,0.9554,-0.1674
pos,314,-0.1454,-2.0480,0.9833,0.0003
input,314,0.4932,-0.1579,0.0686,-0.0765
target,314,-0.5000,-3.0000,1.0000,0.0000
param,314,1.0611,0.4471,0.9554,-0.1674
pos,315,-0.1442,-2.0647,0.9836,-0.0005
input,315,0.4876,-0.1718,0.0698,-0.0754
target,315,-0.5000,-3.0000,1.0000,0.0000
param,315,1.0611,0.4471,0.9554,-0.1674
pos,316,-0.1429,-2.0814,0.9839,0.0009
input,316,0.4876,-0.1718,0.0698,-0.0754
target,316,-0.5000,-3.0000,1.0000,0.0000
param,316,1.0611,0.4471,0.9554,-0.1674
pos,317,-0.1416,-2.0982,0.9840,0.0031
input,317,0.4809,-0.1830,0.0746,-0.0748
target,317,-0.5000,-3.0000,1.0000,0.0000
param,317,1.0611,0.4471,0.9554,-0.1674
pos,318,-0.1403,-2.1151,0.9842,0.0050
input,318,0.4809,-0.1830,0.0746,-0.0748
target,318,-0.5000,-3.0000,1.0000,0.0000
param,318,1.0611,0.4471,0.9554,-0.1674
pos,319,-0.1393,-2.1320,0.9845,0.0063
input,319,0.4746,-0.1966,0.0728,-0.0736
target,319,-0.5000,-3.0000,1.0000,0.0000
param,319,1.0611,0.4471,0.9554,-0.1674
pos,320,-0.1385,-2.1490,0.9850,0.0083
input,320,0.4746,-0.1966,0.0728,-0.0736
target,320,-0.5000,-3.0000,1.0000,0.0000
param,320,1.0611,0.4471,0.9554,-0.1674
pos,321,-0.1378,-2.1661,0.9857,0.0094
input,321,0.4675,-0.2099,0.0735,-0.0728
target,321,-0.5000,-3.0000,1.0000,0.0000
param,321,1.0611,0.4471,0.9554,-0.1674
pos,322,-0.1374,-2.1831,0.9864,0.0106
input,322,0.4675,-0.2099,0.0735,-0.0728
target,322,-0.5000,-3.0000,1.0000,0.0000
param,322,1.0611,0.4471,0.9554,-0.1674
pos,323,-0.1372,-2.1978,0.9872,0.0118
input,323,0.4597,-0.2222,0.0746,-0.0723
target,323,-0.5000,-3.0000,1.0000,0.0000
param,323,1.0611,0.4471,0.9554,-0.1674
pos,324,-0.1372,-2.2103,0.9879,0.0130
input,324,0.4597,-0.2222,0.0746,-0.0723
target,324,-0.5000,-3.0000,1.0000,0.0000
param,324,1.0611,0.4471,0.9554,-0.1673
pos,325,-0.1373,-2.2283,0.9886,0.0154
input,325,0.4540,-0.2311,0.0752,-0.0716
target,325,-0.5000,-3.0000,1.0000,0.0000
param,325,1.0611,0.4471,0.9554,-0.1673
pos,326,-0.1378,-2.2473,0.9895,0.0147
input,326,0.4540,-0.2311,0.0752,-0.0716
target,326,-0.5000,-3.0000,1.0000,0.0000
param,326,1.0611,0.4471,0.9554,-0.1673
pos,327,-0.1381,-2.2649,0.9905,0.0160
input,327,0.4443,-0.2446,0.0734,-0.0714
target,327,-0.5000,-3.0000,1.0000,0.0000
param,327,1.0611,0.4470,0.9554,-0.1673
pos,328,-0.1387,-2.2823,0.9915,0.0178
input,328,0.4443,-0.2446,0.0734,-0.0714
target,328,-0.5000,-3.0000,1.0000,0.0000
param,328,1.0611,0.4470,0.9554,-0.1673
pos,329,-0.1393,-2.2997,0.9924,0.0194
input,329,0.4344,-0.2580,0.0728,-0.0707
target,329,-0.5000,-3.0000,1.0000,0.0000
param,329,1.0611,0.4470,0.9554,-0.1673
pos,330,-0.1402,-2.3170,0.9934,0.0215
input,330,0.4344,-0.2580,0.0728,-0.0707
target,330,-0.5000,-3.0000,1.0000,0.0000
param,330,1.0611,0.4470,0.9554,-0.1673
pos,331,-0.1410,-2.3331,0.9945,0.0231
input,331,0.4242,-0.2718,0.0701,-0.0700
target,331,-0.5000,-3.0000,1.0000,0.0000
param,331,1.0611,0.4470,0.9554,-0.1673
pos,332,-0.1420,-2.3469,0.9955,0.0247
input,332,0.4242,-0.2718,0.0701,-0.0700
target,332,-0.5000,-3.0000,1.0000,0.0000
param,332,1.0611,0.4470,0.9554,-0.1673
pos,333,-0.1434,-2.3645,0.9966,0.0245
input,333,0.4156,-0.2825,0.0685,-0.0693
target,333,-0.5000,-3.0000,1.0000,0.0000
param,333,1.0611,0.4470,0.9554,-0.1673
pos,334,-0.1448,-2.3808,0.9977,0.0271
input,334,0.4156,-0.2825,0.0685,-0.0693
target,334,-0.5000,-3.0000,1.0000,0.0000
param,334,1.0611,0.4470,0.9554,-0.1673
pos,335,-0.1461,-2.3973,0.9988,0.0294
input,335,0.4046,-0.2950,0.0649,-0.0691
target,335,-0.5000,-3.0000,1.0000,0.0000
param,335,1.0611,0.4470,0.9554,-0.1673
pos,336,-0.1475,-2.4136,0.9997,0.0320
input,336,0.4046,-0.2950,0.0649,-0.0691
target,336,-0.5000,-3.0000,1.0000,0.0000
param,336,1.0611,0.4470,0.9554,-0.1673
pos,337,-0.1492,-2.4300,1.0008,0.0346
input,337,0.3934,-0.3088,0.0572,-0.0682
target,337,-0.5000,-3.0000,1.0000,0.0000
param,337,1.0611,0.4470,0.9554,-0.1673
pos,338,-0.1512,-2.4475,1.0019,0.0364
input,338,0.3934,-0.3088,0.0572,-0.0682
target,338,-0.5000,-3.0000,1.0000,0.0000
param,338,1.0611,0.4470,0.9554,-0.1673
pos,339,-0.1530,-2.4638,1.0030,0.0384
input,339,0.3806,-0.3230,0.0499,-0.0675
target,339,-0.5000,-3.0000,1.0000,0.0000
param,339,1.0611,0.4470,0.9554,-0.1673
pos,340,-0.1549,-2.4790,1.0042,0.0406
input,340,0.3806,-0.3230,0.0499,-0.0675
target,340,-0.5000,-3.0000,1.0000,0.0000
param,340,1.0611,0.4470,0.9554,-0.1673
pos,341,-0.1574,-2.4963,1.0052,0.0406
input,341,0.3685,-0.3355,0.0423,-0.0667
target,341,-0.5000,-3.0000,1.0000,0.0000
param,341,1.0611,0.4470,0.9554,-0.1673
pos,342,-0.1598,-2.5112,1.0062,0.0403
input,342,0.3685,-0.3355,0.0423,-0.0667
target,342,-0.5000,-3.0000,1.0000,0.0000
param,342,1.0611,0.4470,0.9554,-0.1673
pos,343,-0.1625,-2.5286,1.0072,0.0406
input,343,0.3560,-0.3452,0.0424,-0.0660
target,343,-0.5000,-3.0000,1.0000,0.0000
param,343,1.0611,0.4470,0.9554,-0.1673
pos,344,-0.1655,-2.5456,1.0081,0.0405
input,344,0.3486,-0.3512,0.0426,-0.0643
target,344,-0.5000,-3.0000,1.0000,0.0000
param,344,1.0611,0.4470,0.9554,-0.1673
pos,345,-0.1681,-2.5603,1.0091,0.0401
input,345,0.3412,-0.3570,0.0412,-0.0636
target,345,-0.5000,-3.0000,1.0000,0.0000
param,345,1.0611,0.4470,0.9554,-0.1673
pos,346,-0.1707,-2.5729,1.0100,0.0395
input,346,0.3412,-0.3570,0.0412,-0.0636
target,346,-0.5000,-3.0000,1.0000,0.0000
param,346,1.0611,0.4470,0.9554,-0.1673
pos,347,-0.1739,-2.5892,1.0109,0.0395
input,347,0.3313,-0.3631,0.0385,-0.0641
target,347,-0.5000,-3.0000,1.0000,0.0000
param,347,1.0611,0.4470,0.9554,-0.1673
pos,348,-0.1775,-2.6064,1.0117,0.0402
input,348,0.3236,-0.3688,0.0365,-0.0630
target,348,-0.5000,-3.0000,1.0000,0.0000
param,348,1.0611,0.4470,0.9554,-0.1673
pos,349,-0.1811,-2.6234,1.0125,0.0411
input,349,0.3146,-0.3759,0.0316,-0.0622
target,349,-0.5000,-3.0000,1.0000,0.0000
param,349,1.0611,0.4470,0.9554,-0.1673
pos,350,-0.1845,-2.6379,1.0134,0.0417
input,350,0.3053,-0.3830,0.0267,-0.0612
target,350,-0.5000,-3.0000,1.0000,0.0000
param,350,1.0611,0.4470,0.9554,-0.1673
pos,351,-0.1884,-2.6547,1.0141,0.0425
input,351,0.2893,-0.3763,0.0226,-0.0585
target,351,-0.5000,-3.0000,1.0000,0.0000
param,351,1.0611,0.4470,0.9554,-0.1673
pos,352,-0.1925,-2.6712,1.0149,0.0431
input,352,0.2683,-0.3676,0.0081,-0.0538
target,352,-0.5000,-3.0000,1.0000,0.0000
param,352,1.0611,0.4470,0.9554,-0.1673
pos,353,-0.1963,-2.6864,1.0156,0.0434
input,353,0.2481,-0.3584,-0.0048,-0.0484
target,353,-0.5000,-3.0000,1.0000,0.0000
param,353,1.0611,0.4470,0.9554,-0.1673
pos,354,-0.1999,-2.6994,1.0164,0.0433
input,354,0.2303,-0.3484,-0.0155,-0.0438
target,354,-0.5000,-3.0000,1.0000,0.0000
param,354,1.0611,0.4470,0.9554,-0.1673
pos,355,-0.2043,-2.7158,1.0171,0.0438
input,355,0.2162,-0.3376,-0.0234,-0.0402
target,355,-0.5000,-3.0000,1.0000,0.0000
param,355,1.0611,0.4470,0.9554,-0.1673
pos,356,-0.2089,-2.7319,1.0178,0.0447
input,356,0.1971,-0.3275,-0.0340,-0.0371
target,356,-0.5000,-3.0000,1.0000,0.0000
param,356,1.0611,0.4470,0.9554,-0.1673
pos,357,-0.2132,-2.7469,1.0184,0.0454
input,357,0.1786,-0.3174,-0.0438,-0.0334
target,357,-0.5000,-3.0000,1.0000,0.0000
param,357,1.0611,0.4470,0.9554,-0.1673
pos,358,-0.2181,-2.7625,1.0190,0.0456
input,358,0.1624,-0.3069,-0.0517,-0.0303
target,358,-0.5000,-3.0000,1.0000,0.0000
param,358,1.0611,0.4470,0.9554,-0.1673
pos,359,-0.2224,-2.7760,1.0197,0.0454
input,359,0.1616,-0.3026,-0.0672,-0.0272
target,359,-0.5000,-3.0000,1.0000,0.0000
param,359,1.0611,0.4470,0.9554,-0.1673
pos,360,-0.2274,-2.7905,1.0203,0.0459
input,360,0.1448,-0.2917,-0.0718,-0.0250
target,360,-0.5000,-3.0000,1.0000,0.0000
param,360,1.0611,0.4470,0.9554,-0.1673
pos,361,-0.2328,-2.8060,1.0209,0.0467
input,361,0.1441,-0.2874,-0.0854,-0.0224
target,361,-0.5000,-3.0000,1.0000,0.0000
param,361,1.0611,0.4470,0.9554,-0.1673
pos,362,-0.2378,-2.8191,1.0215,0.0470
input,362,0.1308,-0.2764,-0.0854,-0.0210
target,362,-0.5000,-3.0000,1.0000,0.0000
param,362,1.0611,0.4470,0.9554,-0.1673
pos,363,-0.2421,-2.8304,1.0222,0.0469
input,363,0.1000,-0.2595,-0.0762,-0.0223
target,363,-0.5000,-3.0000,1.0000,0.0000
param,363,1.0611,0.4470,0.9554,-0.1673
pos,364,-0.2480,-2.8447,1.0228,0.0477
input,364,0.0873,-0.2490,-0.0797,-0.0195
target,364,-0.5000,-3.0000,1.0000,0.0000
param,364,1.0611,0.4470,0.9554,-0.1673
pos,365,-0.2538,-2.8591,1.0234,0.0484
input,365,0.0781,-0.2381,-0.0783,-0.0192
target,365,-0.5000,-3.0000,1.0000,0.0000
param,365,1.0611,0.4470,0.9554,-0.1673
pos,366,-0.2604,-2.8740,1.0240,0.0491
input,366,0.0642,-0.2276,-0.0804,-0.0190
target,366,-0.5000,-3.0000,1.0000,0.0000
param,366,1.0611,0.4470,0.9554,-0.1673
pos,367,-0.2670,-2.8886,1.0247,0.0498
input,367,0.0504,-0.2174,-0.0818,-0.0187
target,367,-0.5000,-3.0000,1.0000,0.0000
param,367,1.0611,0.4470,0.9554,-0.1673
pos,368,-0.2739,-2.9028,1.0254,0.0502
input,368,0.0360,-0.2069,-0.0827,-0.0185
target,368,-0.5000,-3.0000,1.0000,0.0000
param,368,1.0611,0.4470,0.9554,-0.1673
pos,369,-0.2807,-2.9167,1.0261,0.0506
input,369,0.0223,-0.1965,-0.0834,-0.0185
target,369,-0.5000,-3.0000,1.0000,0.0000
param,369,1.0611,0.4470,0.9554,-0.1673
pos,370,-0.2879,-2.9302,1.0268,0.0509
input,370,0.0094,-0.1860,-0.0830,-0.0188
target,370,-0.5000,-3.0000,1.0000,0.0000
param,370,1.0611,0.4470,0.9554,-0.1673
pos,371,-0.2950,-2.9434,1.0275,0.0509
input,371,-0.0028,-0.1756,-0.0819,-0.0194
target,371,-0.5000,-3.0000,1.0000,0.0000
param,371,1.0611,0.4470,0.9554,-0.1673
pos,372,-0.3024,-2.9563,1.0282,0.0510
input,372,-0.0144,-0.1652,-0.0806,-0.0202
target,372,-0.5000,-3.0000,1.0000,0.0000
param,372,1.0611,0.4470,0.9554,-0.1673
pos,373,-0.3098,-2.9689,1.0289,0.0510
input,373,-0.0369,-0.1472,-0.0754,-0.0224
target,373,-0.5000,-3.0000,1.0000,0.0000
param,373,1.0611,0.4470,0.9554,-0.1673
pos,374,-0.3165,-2.9796,1.0297,0.0505
input,374,-0.0467,-0.1369,-0.0733,-0.0237
target,374,-0.5000,-3.0000,1.0000,0.0000
param,374,1.0611,0.4470,0.9554,-0.1673
pos,375,-0.3234,-2.9895,1.0306,0.0546
input,375,-0.0535,-0.1272,-0.0691,-0.0251
target,375,-2.0000,-3.0000,1.0000,0.0000
param,375,1.0611,0.4470,0.9554,-0.1673
pos,376,-0.3319,-3.0018,1.0317,0.0590
input,376,-0.0521,-0.1249,-0.0688,-0.0250
target,376,-2.0000,-3.0000,1.0000,0.0000
param,376,1.0611,0.4470,0.9554,-0.1673
pos,377,-0.3402,-3.0138,1.0327,0.0629
input,377,-0.0749,-0.5776,0.2434,0.0049
target,377,-2.0000,-3.0000,1.0000,0.0000
param,377,1.0611,0.4470,0.9554,-0.1673
pos,378,-0.3487,-3.0255,1.0337,0.0664
input,378,-0.0711,-0.5693,0.2063,0.0035
target,378,-2.0000,-3.0000,1.0000,0.0000
param,378,1.0611,0.4470,0.9554,-0.1673
pos,379,-0.3570,-3.0368,1.0346,0.0696
input,379,-0.0804,-0.5804,0.2286,0.0040
target,379,-2.0000,-3.0000,1.0000,0.0000
param,379,1.0611,0.4470,0.9554,-0.1673
pos,380,-0.3645,-3.0470,1.0350,0.0712
input,380,-0.0874,-0.5874,0.2163,0.0035
target,380,-2.0000,-3.0000,1.0000,0.0000
param,380,1.0611,0.4470,0.9554,-0.1672
pos,381,-0.3717,-3.0565,1.0354,0.0729
input,381,-0.0874,-0.5874,0.2163,0.0035
target,381,-2.0000,-3.0000,1.0000,0.0000
param,381,1.0611,0.4471,0.9554,-0.1672
pos,382,-0.3795,-3.0664,1.0357,0.0740
input,382,-0.0874,-0.5874,0.2163,0.0035
target,382,-2.0000,-3.0000,1.0000,0.0000
param,382,1.0611,0.4471,0.9554,-0.1672
pos,383,-0.3879,-3.0766,1.0361,0.0756
input,383,-0.0952,-0.5949,0.1980,0.0032
target,383,-2.0000,-3.0000,1.0000,0.0000
param,383,1.0611,0.4471,0.9554,-0.1672
pos,384,-0.3952,-3.0852,1.0366,0.0765
input,384,-0.0952,-0.5949,0.1980,0.0032
target,384,-2.0000,-3.0000,1.0000,0.0000
param,384,1.0611,0.4471,0.9554,-0.1672
pos,385,-0.4035,-3.0948,1.0371,0.0771
input,385,-0.0952,-0.5949,0.1980,0.0032
target,385,-2.0000,-3.0000,1.0000,0.0000
param,385,1.0611,0.4471,0.9554,-0.1672
pos,386,-0.4118,-3.1039,1.0375,0.0776
input,386,-0.1042,-0.6021,0.1788,0.0029
target,386,-2.0000,-3.0000,1.0000,0.0000
param,386,1.0611,0.4471,0.9554,-0.1672
pos,387,-0.4189,-3.1116,1.0379,0.0773
input,387,-0.1042,-0.6021,0.1788,0.0029
target,387,-2.0000,-3.0000,1.0000,0.0000
param,387,1.0611,0.4471,0.9554,-0.1672
pos,388,-0.4272,-3.1202,1.0384,0.0776
input,388,-0.1042,-0.6021,0.1788,0.0029
target,388,-2.0000,-3.0000,1.0000,0.0000
param,388,1.0611,0.4471,0.9554,-0.1672
pos,389,-0.4353,-3.1284,1.0387,0.0779
input,389,-0.1131,-0.6082,0.1603,0.0029
target,389,-2.0000,-3.0000,1.0000,0.0000
param,389,1.0611,0.4471,0.9554,-0.1672
pos,390,-0.4428,-3.1359,1.0391,0.0777
input,390,-0.1131,-0.6082,0.1603,0.0029
target,390,-2.0000,-3.0000,1.0000,0.0000
param,390,1.0611,0.4471,0.9554,-0.1672
pos,391,-0.4493,-3.1422,1.0395,0.0771
input,391,-0.1193,-0.6122,0.1474,0.0034
target,391,-2.0000,-3.0000,1.0000,0.0000
param,391,1.0611,0.4471,0.9554,-0.1672
pos,392,-0.4574,-3.1500,1.0398,0.0770
input,392,-0.1193,-0.6122,0.1474,0.0034
target,392,-2.0000,-3.0000,1.0000,0.0000
param,392,1.0611,0.4471,0.9554,-0.1672
pos,393,-0.4654,-3.1573,1.0400,0.0772
input,393,-0.1193,-0.6122,0.1474,0.0034
target,393,-2.0000,-3.0000,1.0000,0.0000
param,393,1.0611,0.4471,0.9554,-0.1672
pos,394,-0.4736,-3.1641,1.0402,0.0776
input,394,-0.1282,-0.6174,0.1253,0.0028
target,394,-2.0000,-3.0000,1.0000,0.0000
param,394,1.0611,0.4471,0.9554,-0.1672
pos,395,-0.4811,-3.1702,1.0403,0.0779
input,395,-0.1282,-0.6174,0.1253,0.0028
target,395,-2.0000,-3.0000,1.0000,0.0000
param,395,1.0611,0.4471,0.9554,-0.1672
pos,396,-0.4875,-3.1754,1.0405,0.0779
input,396,-0.1346,-0.6210,0.1104,0.0034
target,396,-2.0000,-3.0000,1.0000,0.0000
param,396,1.0611,0.4471,0.9554,-0.1672
pos,397,-0.4954,-3.1811,1.0405,0.0781
input,397,-0.1346,-0.6210,0.1104,0.0034
target,397,-2.0000,-3.0000,1.0000,0.0000
param,397,1.0611,0.4471,0.9554,-0.1672
pos,398,-0.5040,-3.1868,1.0404,0.0787
input,398,-0.1403,-0.6239,0.0955,0.0035
target,398,-2.0000,-3.0000,1.0000,0.0000
param,398,1.0611,0.4471,0.9554,-0.1672
pos,399,-0.5120,-3.1919,1.0402,0.0792
input,399,-0.1403,-0.6239,0.0955,0.0035
target,399,-2.0000,-3.0000,1.0000,0.0000
param,399,1.0611,0.4471,0.9554,-0.1672
pos,400,-0.5195,-3.1964,1.0401,0.0794
input,400,-0.1468,-0.6267,0.0784,0.0035
target,400,-2.0000,-3.0000,1.0000,0.0000
param,400,1.0611,0.4471,0.9554,-0.1672
pos,401,-0.5286,-3.2012,1.0398,0.0799
input,401,-0.1468,-0.6267,0.0784,0.0035
target,401,-2.0000,-3.0000,1.0000,0.0000
param,401,1.0611,0.4471,0.9554,-0.1672
pos,402,-0.5371,-3.2054,1.0394,0.0806
input,402,-0.1532,-0.6291,0.0618,0.0037
target,402,-2.0000,-3.0000,1.0000,0.0000
param,402,1.0611,0.4471,0.9554,-0.1672
pos,403,-0.5444,-3.2090,1.0391,0.0810
input,403,-0.1532,-0.6291,0.0618,0.0037
target,403,-2.0000,-3.0000,1.0000,0.0000
param,403,1.0611,0.4471,0.9554,-0.1672
pos,404,-0.5506,-3.2118,1.0389,0.0812
input,404,-0.1594,-0.6311,0.0447,0.0039
target,404,-2.0000,-3.0000,1.0000,0.0000
param,404,1.0611,0.4471,0.9554,-0.1672
pos,405,-0.5560,-3.2141,1.0386,0.0814
input,405,-0.1594,-0.6311,0.0447,0.0039
target,405,-2.0000,-3.0000,1.0000,0.0000
param,405,1.0611,0.4471,0.9554,-0.1672
pos,406,-0.5612,-3.2162,1.0383,0.0816
input,406,-0.1594,-0.6311,0.0447,0.0039
target,406,-2.0000,-3.0000,1.0000,0.0000
param,406,1.0611,0.4471,0.9554,-0.1672
pos,407,-0.5724,-3.2197,1.0379,0.0790
input,407,-0.1668,-0.6328,0.0224,0.0037
target,407,-2.0000,-3.0000,1.0000,0.0000
param,407,1.0611,0.4471,0.9554,-0.1672
pos,408,-0.5927,-3.2222,1.0372,0.0858
input,408,-0.1668,-0.6328,0.0224,0.0037
target,408,-2.0000,-3.0000,1.0000,0.0000
param,408,1.0611,0.4471,0.9554,-0.1672
pos,409,-0.6116,-3.2248,1.0365,0.0921
input,409,-0.1737,-0.6335,0.0083,0.0041
target,409,-2.0000,-3.0000,1.0000,0.0000
param,409,1.0611,0.4471,0.9554,-0.1672
pos,410,-0.6299,-3.2271,1.0357,0.0937
input,410,-0.1737,-0.6335,0.0083,0.0041
target,410,-2.0000,-3.0000,1.0000,0.0000
param,410,1.0611,0.4471,0.9554,-0.1672
pos,411,-0.6474,-3.2293,1.0349,0.1003
input,411,-0.1737,-0.6335,0.0083,0.0041
target,411,-2.0000,-3.0000,1.0000,0.0000
param,411,1.0611,0.4471,0.9554,-0.1672
pos,412,-0.6625,-3.2313,1.0340,0.1067
input,412,-0.1834,-0.6341,-0.0143,0.0047
target,412,-2.0000,-3.0000,1.0000,0.0000
param,412,1.0611,0.4471,0.9554,-0.1672
pos,413,-0.6772,-3.2332,1.0332,0.1127
input,413,-0.1834,-0.6341,-0.0143,0.0047
target,413,-2.0000,-3.0000,1.0000,0.0000
param,413,1.0611,0.4471,0.9554,-0.1672
pos,414,-0.6901,-3.2348,1.0323,0.1181
input,414,-0.1899,-0.6347,-0.0315,0.0062
target,414,-2.0000,-3.0000,1.0000,0.0000
param,414,1.0611,0.4471,0.9554,-0.1672
pos,415,-0.7012,-3.2363,1.0316,0.1231
input,415,-0.1899,-0.6347,-0.0315,0.0062
target,415,-2.0000,-3.0000,1.0000,0.0000
param,415,1.0611,0.4471,0.9554,-0.1672
pos,416,-0.7117,-3.2376,1.0308,0.1280
input,416,-0.1899,-0.6347,-0.0315,0.0062
target,416,-2.0000,-3.0000,1.0000,0.0000
param,416,1.0611,0.4471,0.9554,-0.1672
pos,417,-0.7270,-3.2391,1.0296,0.1325
input,417,-0.1971,-0.6348,-0.0497,0.0073
target,417,-2.0000,-3.0000,1.0000,0.0000
param,417,1.0611,0.4471,0.9554,-0.1672
pos,418,-0.7440,-3.2404,1.0281,0.1370
input,418,-0.1971,-0.6348,-0.0497,0.0073
target,418,-2.0000,-3.0000,1.0000,0.0000
param,418,1.0611,0.4471,0.9554,-0.1672
pos,419,-0.7595,-3.2416,1.0266,0.1411
input,419,-0.1971,-0.6348,-0.0497,0.0073
target,419,-2.0000,-3.0000,1.0000,0.0000
param,419,1.0611,0.4471,0.9554,-0.1672
pos,420,-0.7759,-3.2425,1.0249,0.1446
input,420,-0.2050,-0.6343,-0.0705,0.0094
target,420,-2.0000,-3.0000,1.0000,0.0000
param,420,1.0611,0.4471,0.9554,-0.1672
pos,421,-0.7920,-3.2433,1.0232,0.1480
input,421,-0.2050,-0.6343,-0.0705,0.0094
target,421,-2.0000,-3.0000,1.0000,0.0000
param,421,1.0611,0.4471,0.9554,-0.1672
pos,422,-0.8080,-3.2438,1.0214,0.1510
input,422,-0.2050,-0.6343,-0.0705,0.0094
target,422,-2.0000,-3.0000,1.0000,0.0000
param,422,1.0611,0.4471,0.9554,-0.1672
pos,423,-0.8237,-3.2441,1.0196,0.1538
input,423,-0.2113,-0.6334,-0.0875,0.0125
target,423,-2.0000,-3.0000,1.0000,0.0000
param,423,1.0611,0.4471,0.9554,-0.1672
pos,424,-0.8392,-3.2443,1.0178,0.1562
input,424,-0.2113,-0.6334,-0.0875,0.0125
target,424,-2.0000,-3.0000,1.0000,0.0000
param,424,1.0611,0.4471,0.9554,-0.1672
pos,425,-0.8548,-3.2442,1.0159,0.1580
input,425,-0.2113,-0.6334,-0.0875,0.0125
target,425,-2.0000,-3.0000,1.0000,0.0000
param,425,1.0611,0.4471,0.9554,-0.1672
pos,426,-0.8693,-3.2440,1.0140,0.1598
input,426,-0.2113,-0.6334,-0.0875,0.0125
target,426,-2.0000,-3.0000,1.0000,0.0000
param,426,1.0611,0.4471,0.9554,-0.1672
pos,427,-0.8850,-3.2435,1.0120,0.1609
input,427,-0.2166,-0.6318,-0.1023,0.0172
target,427,-2.0000,-3.0000,1.0000,0.0000
param,427,1.0611,0.4471,0.9554,-0.1672
pos,428,-0.9007,-3.2429,1.0100,0.1622
input,428,-0.2166,-0.6318,-0.1023,0.0172
target,428,-2.0000,-3.0000,1.0000,0.0000
param,428,1.0611,0.4471,0.9554,-0.1672
pos,429,-0.9143,-3.2423,1.0081,0.1633
input,429,-0.2166,-0.6318,-0.1023,0.0172
target,429,-2.0000,-3.0000,1.0000,0.0000
param,429,1.0611,0.4471,0.9554,-0.1672
pos,430,-0.9303,-3.2414,1.0062,0.1637
input,430,-0.2166,-0.6318,-0.1023,0.0172
target,430,-2.0000,-3.0000,1.0000,0.0000
param,430,1.0611,0.4471,0.9554,-0.1672
pos,431,-0.9442,-3.2405,1.0044,0.1638
input,431,-0.2166,-0.6318,-0.1023,0.0172
target,431,-2.0000,-3.0000,1.0000,0.0000
param,431,1.0611,0.4471,0.9554,-0.1672
pos,432,-0.9562,-3.2398,1.0027,0.1640
input,432,-0.2166,-0.6318,-0.1023,0.0172
target,432,-2.0000,-3.0000,1.0000,0.0000
param,432,1.0611,0.4471,0.9554,-0.1672
pos,433,-0.9732,-3.2381,1.0005,0.1637
input,433,-0.2166,-0.6318,-0.1023,0.0172
target,433,-2.0000,-3.0000,1.0000,0.0000
param,433,1.0611,0.4471,0.9554,-0.1672
pos,434,-0.9878,-3.2367,0.9984,0.1636
input,434,-0.2196,-0.6286,-0.1134,0.0276
target,434,-2.0000,-3.0000,1.0000,0.0000
param,434,1.0611,0.4471,0.9554,-0.1671
pos,435,-1.0050,-3.2347,0.9960,0.1630
input,435,-0.2196,-0.6286,-0.1134,0.0276
target,435,-2.0000,-3.0000,1.0000,0.0000
param,435,1.0611,0.4471,0.9554,-0.1671
pos,436,-1.0210,-3.2328,0.9938,0.1620
input,436,-0.2196,-0.6286,-0.1134,0.0276
target,436,-2.0000,-3.0000,1.0000,0.0000
param,436,1.0611,0.4471,0.9554,-0.1671
pos,437,-1.0381,-3.2304,0.9914,0.1598
input,437,-0.2196,-0.6286,-0.1134,0.0276
target,437,-2.0000,-3.0000,1.0000,0.0000
param,437,1.0611,0.4471,0.9554,-0.1671
pos,438,-1.0552,-3.2278,0.9890,0.1573
input,438,-0.2196,-0.6286,-0.1134,0.0276
target,438,-2.0000,-3.0000,1.0000,0.0000
param,438,1.0611,0.4471,0.9554,-0.1671
pos,439,-1.0723,-3.2251,0.9866,0.1547
input,439,-0.2196,-0.6286,-0.1134,0.0276
target,439,-2.0000,-3.0000,1.0000,0.0000
param,439,1.0611,0.4471,0.9554,-0.1671
pos,440,-1.0896,-3.2223,0.9845,0.1523
input,440,-0.2139,-0.6254,-0.1085,0.0430
target,440,-2.0000,-3.0000,1.0000,0.0000
param,440,1.0611,0.4471,0.9554,-0.1671
pos,441,-1.1045,-3.2199,0.9825,0.1502
input,441,-0.2139,-0.6254,-0.1085,0.0430
target,441,-2.0000,-3.0000,1.0000,0.0000
param,441,1.0611,0.4471,0.9554,-0.1671
pos,442,-1.1185,-3.2177,0.9804,0.1494
input,442,-0.2139,-0.6254,-0.1085,0.0430
target,442,-2.0000,-3.0000,1.0000,0.0000
param,442,1.0611,0.4471,0.9554,-0.1672
pos,443,-1.1331,-3.2158,0.9786,0.1484
input,443,-0.2074,-0.6161,-0.1056,0.0504
target,443,-2.0000,-3.0000,1.0000,0.0000
param,443,1.0611,0.4471,0.9554,-0.1672
pos,444,-1.1486,-3.2113,0.9753,0.1452
input,444,-0.1997,-0.5920,-0.1070,0.0503
target,444,-2.0000,-3.0000,1.0000,0.0000
param,444,1.0611,0.4471,0.9554,-0.1672
pos,445,-1.1621,-3.2074,0.9724,0.1421
input,445,-0.1860,-0.5659,-0.1028,0.0522
target,445,-2.0000,-3.0000,1.0000,0.0000
param,445,1.0611,0.4471,0.9554,-0.1672
pos,446,-1.1737,-3.2041,0.9697,0.1394
input,446,-0.1744,-0.5446,-0.0994,0.0531
target,446,-2.0000,-3.0000,1.0000,0.0000
param,446,1.0611,0.4471,0.9554,-0.1672
pos,447,-1.1836,-3.2011,0.9673,0.1371
input,447,-0.1647,-0.5277,-0.0953,0.0541
target,447,-2.0000,-3.0000,1.0000,0.0000
param,447,1.0611,0.4471,0.9554,-0.1672
pos,448,-1.1935,-3.1982,0.9650,0.1345
input,448,-0.1567,-0.5145,-0.0908,0.0553
target,448,-2.0000,-3.0000,1.0000,0.0000
param,448,1.0611,0.4471,0.9554,-0.1672
pos,449,-1.2020,-3.1957,0.9628,0.1322
input,449,-0.1493,-0.5024,-0.0855,0.0565
target,449,-2.0000,-3.0000,1.0000,0.0000
param,449,1.0611,0.4471,0.9554,-0.1672
pos,450,-1.2260,-3.1912,0.9610,0.1301
input,450,-0.1433,-0.4933,-0.0807,0.0577
target,450,-2.0000,-3.0000,1.0000,0.0000
param,450,1.0611,0.4471,0.9554,-0.1672
pos,451,-1.2481,-3.1868,0.9591,0.1275
input,451,-0.1336,-0.4601,-0.0833,0.0577
target,451,-2.0000,-3.0000,1.0000,0.0000
param,451,1.0611,0.4471,0.9554,-0.1672
pos,452,-1.2672,-3.1830,0.9574,0.1253
input,452,-0.1246,-0.4315,-0.0888,0.0576
target,452,-2.0000,-3.0000,1.0000,0.0000
param,452,1.0611,0.4471,0.9554,-0.1672
pos,453,-1.2900,-3.1781,0.9554,0.1227
input,453,-0.1177,-0.4092,-0.0922,0.0578
target,453,-2.0000,-3.0000,1.0000,0.0000
param,453,1.0611,0.4471,0.9554,-0.1672
pos,454,-1.3097,-3.1738,0.9536,0.1202
input,454,-0.1088,-0.3816,-0.0935,0.0584
target,454,-2.0000,-3.0000,1.0000,0.0000
param,454,1.0611,0.4471,0.9554,-0.1672
pos,455,-1.3267,-3.1701,0.9519,0.1182
input,455,-0.1020,-0.3604,-0.0954,0.0590
target,455,-2.0000,-3.0000,1.0000,0.0000
param,455,1.0611,0.4471,0.9554,-0.1672
pos,456,-1.3413,-3.1669,0.9503,0.1165
input,456,-0.0969,-0.3448,-0.0958,0.0597
target,456,-2.0000,-3.0000,1.0000,0.0000
param,456,1.0611,0.4471,0.9554,-0.1672
pos,457,-1.3539,-3.1641,0.9489,0.1151
input,457,-0.0934,-0.3337,-0.0952,0.0605
target,457,-2.0000,-3.0000,1.0000,0.0000
param,457,1.0611,0.4471,0.9554,-0.1672
pos,458,-1.3647,-3.1617,0.9476,0.1137
input,458,-0.0910,-0.3265,-0.0940,0.0614
target,458,-2.0000,-3.0000,1.0000,0.0000
param,458,1.0611,0.4471,0.9554,-0.1672
pos,459,-1.3741,-3.1595,0.9464,0.1125
input,459,-0.0898,-0.3225,-0.0924,0.0623
target,459,-2.0000,-3.0000,1.0000,0.0000
param,459,1.0611,0.4471,0.9554,-0.1672
pos,460,-1.3821,-3.1577,0.9453,0.1116
input,460,-0.0898,-0.3225,-0.0924,0.0623
target,460,-2.0000,-3.0000,1.0000,0.0000
param,460,1.0611,0.4471,0.9554,-0.1672
pos,461,-1.3890,-3.1562,0.9443,0.1108
input,461,-0.0898,-0.3225,-0.0924,0.0623
target,461,-2.0000,-3.0000,1.0000,0.0000
param,461,1.0611,0.4471,0.9554,-0.1672
pos,462,-1.4184,-3.1508,0.9438,0.1084
input,462,-0.0898,-0.3225,-0.0924,0.0623
target,462,-2.0000,-3.0000,1.0000,0.0000
param,462,1.0611,0.4471,0.9554,-0.1672
pos,463,-1.4451,-3.1458,0.9432,0.1063
input,463,-0.0838,-0.2912,-0.0865,0.0645
target,463,-2.0000,-3.0000,1.0000,0.0000
param,463,1.0611,0.4471,0.9554,-0.1672
pos,464,-1.4722,-3.1403,0.9424,0.1040
input,464,-0.0779,-0.2631,-0.0908,0.0637
target,464,-2.0000,-3.0000,1.0000,0.0000
param,464,1.0611,0.4471,0.9554,-0.1672
pos,465,-1.4968,-3.1352,0.9416,0.1018
input,465,-0.0716,-0.2355,-0.0928,0.0632
target,465,-2.0000,-3.0000,1.0000,0.0000
param,465,1.0611,0.4471,0.9554,-0.1672
pos,466,-1.5221,-3.1296,0.9407,0.0994
input,466,-0.0666,-0.2129,-0.0940,0.0631
target,466,-2.0000,-3.0000,1.0000,0.0000
param,466,1.0611,0.4471,0.9554,-0.1672
pos,467,-1.5465,-3.1240,0.9397,0.0972
input,467,-0.0609,-0.1901,-0.0936,0.0632
target,467,-2.0000,-3.0000,1.0000,0.0000
param,467,1.0611,0.4471,0.9554,-0.1672
pos,468,-1.5688,-3.1188,0.9387,0.0953
input,468,-0.0557,-0.1695,-0.0928,0.0635
target,468,-2.0000,-3.0000,1.0000,0.0000
param,468,1.0611,0.4471,0.9554,-0.1672
pos,469,-1.5928,-3.1102,0.9361,0.0912
input,469,-0.0516,-0.1531,-0.0917,0.0640
target,469,-2.0000,-3.0000,1.0000,0.0000
param,469,1.0611,0.4471,0.9554,-0.1672
pos,470,-1.6163,-3.1020,0.9336,0.0876
input,470,-0.0411,-0.1328,-0.0839,0.0668
target,470,-2.0000,-3.0000,1.0000,0.0000
param,470,1.0611,0.4471,0.9554,-0.1672
pos,471,-1.6391,-3.0941,0.9312,0.0837
input,471,-0.0319,-0.1145,-0.0777,0.0692
target,471,-2.0000,-3.0000,1.0000,0.0000
param,471,1.0611,0.4471,0.9554,-0.1672
pos,472,-1.6614,-3.0865,0.9289,0.0799
input,472,-0.0235,-0.0981,-0.0703,0.0718
target,472,-2.0000,-3.0000,1.0000,0.0000
param,472,1.0612,0.4471,0.9554,-0.1672
pos,473,-1.6834,-3.0791,0.9267,0.0766
input,473,-0.0160,-0.0832,-0.0636,0.0742
target,473,-2.0000,-3.0000,1.0000,0.0000
param,473,1.0612,0.4471,0.9554,-0.1672
pos,474,-1.7049,-3.0719,0.9246,0.0733
input,474,-0.0096,-0.0699,-0.0580,0.0766
target,474,-2.0000,-3.0000,1.0000,0.0000
param,474,1.0612,0.4471,0.9554,-0.1672
pos,475,-1.7255,-3.0650,0.9226,0.0694
input,475,-0.0037,-0.0576,-0.0523,0.0789
target,475,-2.0000,-3.0000,1.0000,0.0000
param,475,1.0612,0.4471,0.9554,-0.1672
pos,476,-1.7440,-3.0589,0.9207,0.0660
input,476,0.0018,-0.0463,-0.0453,0.0812
target,476,-2.0000,-3.0000,1.0000,0.0000
param,476,1.0612,0.4471,0.9554,-0.1672
pos,477,-1.7634,-3.0526,0.9189,0.0624
input,477,0.0060,-0.0378,-0.0399,0.0833
target,477,-2.0000,-3.0000,1.0000,0.0000
param,477,1.0612,0.4471,0.9554,-0.1672
pos,478,-1.7824,-3.0465,0.9171,0.0597
input,478,0.0108,-0.0272,-0.0336,0.0853
target,478,-2.0000,-3.0000,1.0000,0.0000
param,478,1.0612,0.4471,0.9554,-0.1672
pos,479,-1.8010,-3.0405,0.9155,0.0571
input,479,0.0148,-0.0172,-0.0299,0.0873
target,479,-2.0000,-3.0000,1.0000,0.0000
param,479,1.0612,0.4471,0.9554,-0.1672
pos,480,-1.8193,-3.0347,0.9139,0.0546
input,480,0.0187,-0.0077,-0.0264,0.0891
target,480,-2.0000,-3.0000,1.0000,0.0000
param,480,1.0612,0.4471,0.9554,-0.1672
