pos,0,-2.0324,-2.9963,1.1442,0.1174
input,0,0.0122,0.0249,-0.0977,0.1498
target,0,-2.0000,-3.0000,1.3000,0.0000
param,0,1.0611,0.4471,0.9554,-0.1672
pos,1,-2.0318,-2.9953,1.1451,0.1156
input,1,0.0122,0.0193,-0.0937,0.1470
target,1,-2.0000,-1.5000,1.3000,0.0000
param,1,1.0611,0.4471,0.9554,-0.1672
pos,2,-2.0311,-2.9943,1.1460,0.1139
input,2,0.0118,0.0188,-0.0923,0.1455
target,2,-2.0000,-1.5000,1.3000,0.0000
param,2,1.0611,0.4470,0.9554,-0.1672
pos,3,-2.0302,-2.9933,1.1471,0.1122
input,3,-0.6414,-0.1151,-0.0509,-0.0542
target,3,-2.0000,-1.5000,1.3000,0.0000
param,3,1.0611,0.4470,0.9554,-0.1672
pos,4,-2.0295,-2.9924,1.1481,0.1106
input,4,-0.6414,-0.1151,-0.0509,-0.0542
target,4,-2.0000,-1.5000,1.3000,0.0000
param,4,1.0611,0.4470,0.9554,-0.1672
pos,5,-2.0286,-2.9914,1.1491,0.1093
input,5,-0.6365,-0.1008,-0.0492,-0.0555
target,5,-2.0000,-1.5000,1.3000,0.0000
param,5,1.0611,0.4470,0.9554,-0.1672
pos,6,-2.0263,-2.9911,1.1501,0.1070
input,6,-0.6365,-0.1008,-0.0492,-0.0555
target,6,-2.0000,-1.5000,1.3000,0.0000
param,6,1.0611,0.4470,0.9554,-0.1672
pos,7,-2.0243,-2.9908,1.1510,0.1046
input,7,-0.6339,-0.0891,-0.0461,-0.0555
target,7,-2.0000,-1.5000,1.3000,0.0000
param,7,1.0611,0.4470,0.9554,-0.1672
pos,8,-2.0224,-2.9903,1.1521,0.1019
input,8,-0.6339,-0.0891,-0.0461,-0.0555
target,8,-2.0000,-1.5000,1.3000,0.0000
param,8,1.0611,0.4470,0.9554,-0.1672
pos,9,-2.0207,-2.9899,1.1531,0.0996
input,9,-0.6307,-0.0791,-0.0420,-0.0554
target,9,-2.0000,-1.5000,1.3000,0.0000
param,9,1.0611,0.4470,0.9554,-0.1672
pos,10,-2.0192,-2.9895,1.1540,0.0974
input,10,-0.6307,-0.0791,-0.0420,-0.0554
target,10,-2.0000,-1.5000,1.3000,0.0000
param,10,1.0611,0.4470,0.9554,-0.1672
pos,11,-2.0179,-2.9891,1.1549,0.0951
input,11,-0.6277,-0.0681,-0.0388,-0.0552
target,11,-2.0000,-1.5000,1.3000,0.0000
param,11,1.0611,0.4470,0.9554,-0.1672
pos,12,-2.0169,-2.9888,1.1556,0.0929
input,12,-0.6277,-0.0681,-0.0388,-0.0552
target,12,-2.0000,-1.5000,1.3000,0.0000
param,12,1.0611,0.4470,0.9554,-0.1672
pos,13,-2.0176,-2.9878,1.1563,0.0908
input,13,-0.6246,-0.0567,-0.0352,-0.0548
target,13,-2.0000,-1.5000,1.3000,0.0000
param,13,1.0611,0.4470,0.9554,-0.1672
pos,14,-2.0182,-2.9870,1.1569,0.0889
input,14,-0.6246,-0.0567,-0.0352,-0.0548
target,14,-2.0000,-1.5000,1.3000,0.0000
param,14,1.0611,0.4470,0.9554,-0.1672
pos,15,-2.0188,-2.9862,1.1575,0.0870
input,15,-0.6211,-0.0431,-0.0318,-0.0545
target,15,-2.0000,-1.5000,1.3000,0.0000
param,15,1.0611,0.4470,0.9554,-0.1672
pos,16,-2.0193,-2.9856,1.1580,0.0853
input,16,-0.6211,-0.0431,-0.0318,-0.0545
target,16,-2.0000,-1.5000,1.3000,0.0000
param,16,1.0611,0.4470,0.9554,-0.1672
pos,17,-2.0179,-2.9852,1.1589,0.0880
input,17,-0.6179,-0.0293,-0.0278,-0.0540
target,17,-2.0000,-1.5000,1.3000,0.0000
param,17,1.0611,0.4470,0.9554,-0.1672
pos,18,-2.0182,-2.9840,1.1596,0.0907
input,18,-0.6179,-0.0293,-0.0278,-0.0540
target,18,-2.0000,-1.5000,1.3000,0.0000
param,18,1.0611,0.4470,0.9554,-0.1672
pos,19,-2.0183,-2.9829,1.1602,0.0934
input,19,-0.6180,-0.0092,-0.0281,-0.0532
target,19,-2.0000,-1.5000,1.3000,0.0000
param,19,1.0611,0.4470,0.9554,-0.1672
pos,20,-2.0183,-2.9818,1.1609,0.0960
input,20,-0.6179,0.0012,-0.0240,-0.0532
target,20,-2.0000,-1.5000,1.3000,0.0000
param,20,1.0611,0.4470,0.9554,-0.1672
pos,21,-2.0167,-2.9812,1.1616,0.0993
input,21,-0.6177,0.0113,-0.0231,-0.0530
target,21,-2.0000,-1.5000,1.3000,0.0000
param,21,1.0611,0.4470,0.9554,-0.1672
pos,22,-2.0169,-2.9797,1.1622,0.1024
input,22,-0.6177,0.0113,-0.0231,-0.0530
target,22,-2.0000,-1.5000,1.3000,0.0000
param,22,1.0611,0.4470,0.9554,-0.1672
pos,23,-2.0170,-2.9782,1.1627,0.1055
input,23,-0.6178,0.0320,-0.0250,-0.0523
target,23,-2.0000,-1.5000,1.3000,0.0000
param,23,1.0611,0.4470,0.9554,-0.1672
pos,24,-2.0171,-2.9765,1.1632,0.1085
input,24,-0.6175,0.0426,-0.0210,-0.0521
target,24,-2.0000,-1.5000,1.3000,0.0000
param,24,1.0611,0.4470,0.9554,-0.1672
pos,25,-2.0172,-2.9746,1.1635,0.1114
input,25,-0.6173,0.0529,-0.0202,-0.0516
target,25,-2.0000,-1.5000,1.3000,0.0000
param,25,1.0611,0.4470,0.9554,-0.1672
pos,26,-2.0172,-2.9727,1.1637,0.1141
input,26,-0.6171,0.0632,-0.0193,-0.0511
target,26,-2.0000,-1.5000,1.3000,0.0000
param,26,1.0611,0.4470,0.9554,-0.1672
pos,27,-2.0172,-2.9711,1.1640,0.1168
input,27,-0.6167,0.0733,-0.0185,-0.0506
target,27,-2.0000,-1.5000,1.3000,0.0000
param,27,1.0611,0.4470,0.9554,-0.1672
pos,28,-2.0172,-2.9697,1.1642,0.1194
input,28,-0.6167,0.0733,-0.0185,-0.0506
target,28,-2.0000,-1.5000,1.3000,0.0000
param,28,1.0611,0.4470,0.9554,-0.1672
pos,29,-2.0172,-2.9685,1.1643,0.1219
input,29,-0.6159,0.0931,-0.0200,-0.0494
target,29,-2.0000,-1.5000,1.3000,0.0000
param,29,1.0611,0.4470,0.9554,-0.1672
pos,30,-2.0162,-2.9660,1.1648,0.1198
input,30,-0.6159,0.0931,-0.0200,-0.0494
target,30,-2.0000,-1.5000,1.3000,0.0000
param,30,1.0611,0.4470,0.9554,-0.1672
pos,31,-2.0153,-2.9625,1.1651,0.1175
input,31,-0.6059,0.0959,-0.0225,-0.0389
target,31,-2.0000,-1.5000,1.3000,0.0000
param,31,1.0611,0.4470,0.9554,-0.1672
pos,32,-2.0147,-2.9581,1.1653,0.1152
input,32,-0.6132,0.1079,-0.0159,-0.0483
target,32,-2.0000,-1.5000,1.3000,0.0000
param,32,1.0611,0.4470,0.9554,-0.1672
pos,33,-2.0142,-2.9539,1.1653,0.1131
input,33,-0.6088,0.1186,-0.0109,-0.0469
target,33,-2.0000,-1.5000,1.3000,0.0000
param,33,1.0611,0.4470,0.9554,-0.1672
pos,34,-2.0264,-2.9420,1.1637,0.1121
input,34,-0.6088,0.1186,-0.0109,-0.0469
target,34,-2.0000,-1.5000,1.3000,0.0000
param,34,1.0611,0.4470,0.9554,-0.1672
pos,35,-2.0369,-2.9313,1.1621,0.1112
input,35,-0.6052,0.1292,-0.0076,-0.0449
target,35,-2.0000,-1.5000,1.3000,0.0000
param,35,1.0611,0.4470,0.9554,-0.1672
pos,36,-2.0457,-2.9204,1.1605,0.1107
input,36,-0.6052,0.1292,-0.0076,-0.0449
target,36,-2.0000,-1.5000,1.3000,0.0000
param,36,1.0611,0.4470,0.9554,-0.1672
pos,37,-2.0534,-2.9103,1.1590,0.1098
input,37,-0.6052,0.1292,-0.0076,-0.0449
target,37,-2.0000,-1.5000,1.3000,0.0000
param,37,1.0611,0.4470,0.9554,-0.1672
pos,38,-2.0597,-2.9004,1.1576,0.1090
input,38,-0.6029,0.1396,-0.0052,-0.0418
target,38,-2.0000,-1.5000,1.3000,0.0000
param,38,1.0611,0.4470,0.9554,-0.1672
pos,39,-2.0654,-2.8907,1.1564,0.1091
input,39,-0.6029,0.1396,-0.0052,-0.0418
target,39,-2.0000,-1.5000,1.3000,0.0000
param,39,1.0611,0.4470,0.9554,-0.1672
pos,40,-2.0701,-2.8802,1.1551,0.1080
input,40,-0.6029,0.1396,-0.0052,-0.0418
target,40,-2.0000,-1.5000,1.3000,0.0000
param,40,1.0611,0.4470,0.9554,-0.1672
pos,41,-2.0742,-2.8697,1.1538,0.1069
input,41,-0.6029,0.1396,-0.0052,-0.0418
target,41,-2.0000,-1.5000,1.3000,0.0000
param,41,1.0611,0.4470,0.9554,-0.1672
pos,42,-2.0775,-2.8607,1.1527,0.1061
input,42,-0.6029,0.1396,-0.0052,-0.0418
target,42,-2.0000,-1.5000,1.3000,0.0000
param,42,1.0611,0.4470,0.9554,-0.1672
pos,43,-2.0805,-2.8507,1.1515,0.1063
input,43,-0.6029,0.1396,-0.0052,-0.0418
target,43,-2.0000,-1.5000,1.3000,0.0000
param,43,1.0611,0.4470,0.9554,-0.1672
pos,44,-2.0829,-2.8397,1.1502,0.1064
input,44,-0.6029,0.1396,-0.0052,-0.0418
target,44,-2.0000,-1.5000,1.3000,0.0000
param,44,1.0611,0.4471,0.9554,-0.1672
pos,45,-2.0850,-2.8285,1.1489,0.1063
input,45,-0.6036,0.1495,-0.0057,-0.0346
target,45,-2.0000,-1.5000,1.3000,0.0000
param,45,1.0611,0.4471,0.9554,-0.1672
pos,46,-2.0865,-2.8180,1.1477,0.1064
input,46,-0.6036,0.1495,-0.0057,-0.0346
target,46,-2.0000,-1.5000,1.3000,0.0000
param,46,1.0611,0.4471,0.9554,-0.1672
pos,47,-2.0879,-2.8081,1.1465,0.1067
input,47,-0.6036,0.1495,-0.0057,-0.0346
target,47,-2.0000,-1.5000,1.3000,0.0000
param,47,1.0611,0.4471,0.9554,-0.1672
pos,48,-2.0900,-2.7953,1.1446,0.1070
input,48,-0.6036,0.1495,-0.0057,-0.0346
target,48,-2.0000,-1.5000,1.3000,0.0000
param,48,1.0611,0.4471,0.9554,-0.1672
pos,49,-2.0919,-2.7833,1.1429,0.1073
input,49,-0.6036,0.1495,-0.0057,-0.0346
target,49,-2.0000,-1.5000,1.3000,0.0000
param,49,1.0611,0.4471,0.9554,-0.1672
pos,50,-2.0932,-2.7702,1.1410,0.1076
input,50,-0.6036,0.1495,-0.0057,-0.0346
target,50,-2.0000,-1.5000,1.3000,0.0000
param,50,1.0611,0.4471,0.9554,-0.1672
pos,51,-2.0941,-2.7588,1.1395,0.1080
input,51,-0.6036,0.1495,-0.0057,-0.0346
target,51,-2.0000,-1.5000,1.3000,0.0000
param,51,1.0611,0.4471,0.9554,-0.1672
pos,52,-2.0935,-2.7459,1.1379,0.1088
input,52,-0.6036,0.1495,-0.0057,-0.0346
target,52,-2.0000,-1.5000,1.3000,0.0000
param,52,1.0611,0.4471,0.9554,-0.1673
pos,53,-2.0929,-2.7328,1.1363,0.1092
input,53,-0.6080,0.1598,-0.0116,-0.0231
target,53,-2.0000,-1.5000,1.3000,0.0000
param,53,1.0611,0.4471,0.9554,-0.1673
pos,54,-2.0920,-2.7193,1.1346,0.1085
input,54,-0.6080,0.1598,-0.0116,-0.0231
target,54,-2.0000,-1.5000,1.3000,0.0000
param,54,1.0611,0.4471,0.9554,-0.1673
pos,55,-2.0909,-2.7068,1.1331,0.1079
input,55,-0.5985,0.1616,-0.0171,-0.0131
target,55,-2.0000,-1.5000,1.3000,0.0000
param,55,1.0611,0.4471,0.9554,-0.1673
pos,56,-2.0898,-2.6928,1.1313,0.1073
input,56,-0.5985,0.1616,-0.0171,-0.0131
target,56,-2.0000,-1.5000,1.3000,0.0000
param,56,1.0610,0.4471,0.9554,-0.1673
pos,57,-2.0886,-2.6797,1.1296,0.1068
input,57,-0.5985,0.1616,-0.0171,-0.0131
target,57,-2.0000,-1.5000,1.3000,0.0000
param,57,1.0610,0.4471,0.9554,-0.1673
pos,58,-2.0874,-2.6652,1.1278,0.1067
input,58,-0.5985,0.1616,-0.0171,-0.0131
target,58,-2.0000,-1.5000,1.3000,0.0000
param,58,1.0610,0.4471,0.9554,-0.1673
pos,59,-2.0862,-2.6505,1.1259,0.1065
input,59,-0.5985,0.1616,-0.0171,-0.0131
target,59,-2.0000,-1.5000,1.3000,0.0000
param,59,1.0610,0.4471,0.9554,-0.1673
pos,60,-2.0848,-2.6367,1.1242,0.1065
input,60,-0.5985,0.1616,-0.0171,-0.0131
target,60,-2.0000,-1.5000,1.3000,0.0000
param,60,1.0610,0.4471,0.9554,-0.1673
pos,61,-2.0835,-2.6226,1.1224,0.1061
input,61,-0.6080,0.1598,-0.0116,-0.0231
target,61,-2.0000,-1.5000,1.3000,0.0000
param,61,1.0610,0.4471,0.9554,-0.1673
pos,62,-2.0822,-2.6072,1.1206,0.1071
input,62,-0.5985,0.1616,-0.0171,-0.0131
target,62,-2.0000,-1.5000,1.3000,0.0000
param,62,1.0610,0.4471,0.9554,-0.1673
pos,63,-2.0807,-2.5914,1.1186,0.1074
input,63,-0.6091,0.1643,-0.0162,-0.0065
target,63,-2.0000,-1.5000,1.3000,0.0000
param,63,1.0610,0.4471,0.9554,-0.1673
pos,64,-2.0792,-2.5756,1.1167,0.1087
input,64,-0.6091,0.1643,-0.0162,-0.0065
target,64,-2.0000,-1.5000,1.3000,0.0000
param,64,1.0610,0.4471,0.9554,-0.1673
pos,65,-2.0778,-2.5620,1.1150,0.1097
input,65,-0.6091,0.1643,-0.0162,-0.0065
target,65,-2.0000,-1.5000,1.3000,0.0000
param,65,1.0610,0.4471,0.9554,-0.1673
pos,66,-2.0760,-2.5455,1.1128,0.1100
input,66,-0.6075,0.1741,-0.0229,0.0032
target,66,-2.0000,-1.5000,1.3000,0.0000
param,66,1.0610,0.4471,0.9554,-0.1673
pos,67,-2.0744,-2.5288,1.1107,0.1115
input,67,-0.6075,0.1741,-0.0229,0.0032
target,67,-2.0000,-1.5000,1.3000,0.0000
param,67,1.0610,0.4471,0.9554,-0.1673
pos,68,-2.0730,-2.5133,1.1087,0.1132
input,68,-0.6075,0.1741,-0.0229,0.0032
target,68,-2.0000,-1.5000,1.3000,0.0000
param,68,1.0611,0.4471,0.9554,-0.1673
pos,69,-2.0712,-2.4962,1.1065,0.1135
input,69,-0.5978,0.1752,-0.0286,0.0127
target,69,-2.0000,-1.5000,1.3000,0.0000
param,69,1.0611,0.4471,0.9554,-0.1673
pos,70,-2.0695,-2.4790,1.1043,0.1151
input,70,-0.6047,0.1831,-0.0269,0.0123
target,70,-2.0000,-1.5000,1.3000,0.0000
param,70,1.0611,0.4471,0.9554,-0.1673
pos,71,-2.0678,-2.4616,1.1021,0.1155
input,71,-0.6047,0.1831,-0.0269,0.0123
target,71,-2.0000,-1.5000,1.3000,0.0000
param,71,1.0611,0.4471,0.9554,-0.1673
pos,72,-2.0662,-2.4442,1.0998,0.1175
input,72,-0.5950,0.1839,-0.0328,0.0217
target,72,-2.0000,-1.5000,1.3000,0.0000
param,72,1.0611,0.4471,0.9554,-0.1673
pos,73,-2.0648,-2.4279,1.0979,0.1186
input,73,-0.6000,0.1922,-0.0310,0.0229
target,73,-2.0000,-1.5000,1.3000,0.0000
param,73,1.0611,0.4471,0.9554,-0.1673
pos,74,-2.0632,-2.4100,1.0956,0.1199
input,74,-0.5964,0.1994,-0.0344,0.0308
target,74,-2.0000,-1.5000,1.3000,0.0000
param,74,1.0611,0.4471,0.9554,-0.1673
pos,75,-2.0616,-2.3921,1.0934,0.1216
input,75,-0.5964,0.1994,-0.0344,0.0308
target,75,-2.0000,-1.5000,1.3000,0.0000
param,75,1.0611,0.4471,0.9554,-0.1673
pos,76,-2.0599,-2.3741,1.0912,0.1234
input,76,-0.5916,0.2069,-0.0390,0.0395
target,76,-2.0000,-1.5000,1.3000,0.0000
param,76,1.0611,0.4471,0.9554,-0.1673
pos,77,-2.0583,-2.3572,1.0892,0.1248
input,77,-0.5916,0.2069,-0.0390,0.0395
target,77,-2.0000,-1.5000,1.3000,0.0000
param,77,1.0611,0.4471,0.9554,-0.1673
pos,78,-2.0566,-2.3388,1.0870,0.1264
input,78,-0.5862,0.2143,-0.0439,0.0487
target,78,-2.0000,-1.5000,1.3000,0.0000
param,78,1.0611,0.4471,0.9554,-0.1673
pos,79,-2.0547,-2.3204,1.0847,0.1263
input,79,-0.5862,0.2143,-0.0439,0.0487
target,79,-2.0000,-1.5000,1.3000,0.0000
param,79,1.0611,0.4471,0.9554,-0.1673
pos,80,-2.0530,-2.3019,1.0824,0.1266
input,80,-0.5792,0.2206,-0.0480,0.0591
target,80,-2.0000,-1.5000,1.3000,0.0000
param,80,1.0611,0.4471,0.9554,-0.1673
pos,81,-2.0511,-2.2834,1.0801,0.1278
input,81,-0.5792,0.2206,-0.0480,0.0591
target,81,-2.0000,-1.5000,1.3000,0.0000
param,81,1.0611,0.4471,0.9554,-0.1673
pos,82,-2.0493,-2.2648,1.0778,0.1283
input,82,-0.5712,0.2266,-0.0529,0.0708
target,82,-2.0000,-1.5000,1.3000,0.0000
param,82,1.0611,0.4471,0.9554,-0.1673
pos,83,-2.0475,-2.2475,1.0757,0.1292
input,83,-0.5712,0.2266,-0.0529,0.0708
target,83,-2.0000,-1.5000,1.3000,0.0000
param,83,1.0611,0.4471,0.9554,-0.1673
pos,84,-2.0455,-2.2286,1.0735,0.1299
input,84,-0.5623,0.2320,-0.0580,0.0830
target,84,-2.0000,-1.5000,1.3000,0.0000
param,84,1.0611,0.4471,0.9554,-0.1673
pos,85,-2.0435,-2.2097,1.0714,0.1304
input,85,-0.5623,0.2320,-0.0580,0.0830
target,85,-2.0000,-1.5000,1.3000,0.0000
param,85,1.0611,0.4471,0.9554,-0.1673
pos,86,-2.0413,-2.1909,1.0694,0.1309
input,86,-0.5530,0.2307,-0.0650,0.0908
target,86,-2.0000,-1.5000,1.3000,0.0000
param,86,1.0611,0.4471,0.9554,-0.1673
pos,87,-2.0388,-2.1731,1.0674,0.1347
input,87,-0.5514,0.2375,-0.0643,0.0970
target,87,-2.0000,-1.5000,1.3000,0.0000
param,87,1.0611,0.4471,0.9554,-0.1673
pos,88,-2.0365,-2.1551,1.0652,0.1379
input,88,-0.5391,0.2442,-0.0751,0.1122
target,88,-2.0000,-1.5000,1.3000,0.0000
param,88,1.0611,0.4471,0.9554,-0.1673
pos,89,-2.0345,-2.1386,1.0634,0.1387
input,89,-0.5324,0.2477,-0.0811,0.1213
target,89,-2.0000,-1.5000,1.3000,0.0000
param,89,1.0611,0.4471,0.9554,-0.1673
pos,90,-2.0326,-2.1216,1.0616,0.1394
input,90,-0.5324,0.2477,-0.0811,0.1213
target,90,-2.0000,-1.5000,1.3000,0.0000
param,90,1.0611,0.4471,0.9554,-0.1673
pos,91,-2.0305,-2.1044,1.0599,0.1393
input,91,-0.5187,0.2502,-0.0892,0.1361
target,91,-2.0000,-1.5000,1.3000,0.0000
param,91,1.0611,0.4471,0.9554,-0.1673
pos,92,-2.0289,-2.0895,1.0584,0.1388
input,92,-0.5112,0.2506,-0.0919,0.1454
target,92,-2.0000,-1.5000,1.3000,0.0000
param,92,1.0611,0.4471,0.9554,-0.1673
pos,93,-2.0263,-2.0686,1.0562,0.1397
input,93,-0.5112,0.2506,-0.0919,0.1454
target,93,-2.0000,-1.5000,1.3000,0.0000
param,93,1.0611,0.4471,0.9554,-0.1673
pos,94,-2.0242,-2.0505,1.0545,0.1401
input,94,-0.4936,0.2512,-0.1003,0.1629
target,94,-2.0000,-1.5000,1.3000,0.0000
param,94,1.0611,0.4471,0.9554,-0.1673
pos,95,-2.0216,-2.0306,1.0526,0.1417
input,95,-0.4839,0.2511,-0.1049,0.1743
target,95,-2.0000,-1.5000,1.3000,0.0000
param,95,1.0611,0.4471,0.9554,-0.1673
pos,96,-2.0191,-2.0109,1.0506,0.1420
input,96,-0.4719,0.2514,-0.1126,0.1860
target,96,-2.0000,-1.5000,1.3000,0.0000
param,96,1.0611,0.4471,0.9554,-0.1673
pos,97,-2.0165,-1.9928,1.0489,0.1407
input,97,-0.4593,0.2506,-0.1180,0.1983
target,97,-2.0000,-1.5000,1.3000,0.0000
param,97,1.0611,0.4471,0.9554,-0.1673
pos,98,-2.0134,-1.9731,1.0467,0.1413
input,98,-0.4476,0.2476,-0.1206,0.2105
target,98,-2.0000,-1.5000,1.3000,0.0000
param,98,1.0611,0.4471,0.9554,-0.1673
pos,99,-2.0100,-1.9520,1.0443,0.1421
input,99,-0.4332,0.2448,-0.1279,0.2244
target,99,-2.0000,-1.5000,1.3000,0.0000
param,99,1.0611,0.4471,0.9554,-0.1673
pos,100,-2.0065,-1.9313,1.0421,0.1424
input,100,-0.4157,0.2417,-0.1360,0.2401
target,100,-2.0000,-1.5000,1.3000,0.0000
param,100,1.0611,0.4471,0.9554,-0.1673
pos,101,-2.0032,-1.9120,1.0401,0.1424
input,101,-0.3970,0.2374,-0.1438,0.2566
target,101,-2.0000,-1.5000,1.3000,0.0000
param,101,1.0611,0.4471,0.9554,-0.1673
pos,102,-2.0001,-1.8928,1.0382,0.1402
input,102,-0.3686,0.2250,-0.1460,0.2649
target,102,-2.0000,-1.5000,1.3000,0.0000
param,102,1.0611,0.4471,0.9554,-0.1673
pos,103,-1.9966,-1.8722,1.0366,0.1391
input,103,-0.3371,0.2086,-0.1435,0.2708
target,103,-2.0000,-1.5000,1.3000,0.0000
param,103,1.0611,0.4471,0.9554,-0.1673
pos,104,-1.9933,-1.8532,1.0352,0.1385
input,104,-0.3034,0.1929,-0.1440,0.2763
target,104,-2.0000,-1.5000,1.3000,0.0000
param,104,1.0611,0.4471,0.9554,-0.1673
pos,105,-1.9893,-1.8327,1.0334,0.1350
input,105,-0.2740,0.1773,-0.1442,0.2808
target,105,-2.0000,-1.5000,1.3000,0.0000
param,105,1.0611,0.4471,0.9554,-0.1673
pos,106,-1.9853,-1.8125,1.0315,0.1310
input,106,-0.2685,0.1741,-0.1459,0.2807
target,106,-2.0000,-1.5000,1.3000,0.0000
param,106,1.0611,0.4471,0.9554,-0.1673
pos,107,-1.9815,-1.7939,1.0302,0.1300
input,107,-0.2131,0.1420,-0.1318,0.2893
target,107,-2.0000,-1.5000,1.3000,0.0000
param,107,1.0611,0.4471,0.9554,-0.1673
pos,108,-1.9780,-1.7765,1.0291,0.1282
input,108,-0.1873,0.1262,-0.1307,0.2919
target,108,-2.0000,-1.5000,1.3000,0.0000
param,108,1.0611,0.4471,0.9554,-0.1673
pos,109,-1.9732,-1.7564,1.0273,0.1284
input,109,-0.1649,0.1105,-0.1272,0.2933
target,109,-2.0000,-1.5000,1.3000,0.0000
param,109,1.0611,0.4471,0.9554,-0.1673
pos,110,-1.9688,-1.7378,1.0257,0.1281
input,110,-0.1616,0.1086,-0.1269,0.2914
target,110,-2.0000,-1.5000,1.3000,0.0000
param,110,1.0611,0.4471,0.9554,-0.1673
pos,111,-1.9639,-1.7181,1.0240,0.1286
input,111,-0.1128,0.0779,-0.1272,0.2972
target,111,-2.0000,-1.5000,1.3000,0.0000
param,111,1.0611,0.4471,0.9554,-0.1673
pos,112,-1.9596,-1.7011,1.0227,0.1286
input,112,-0.0871,0.0614,-0.1277,0.2985
target,112,-2.0000,-1.5000,1.3000,0.0000
param,112,1.0611,0.4471,0.9554,-0.1673
pos,113,-1.9552,-1.6827,1.0217,0.1270
input,113,-0.0677,0.0456,-0.1263,0.2989
target,113,-2.0000,-1.5000,1.3000,0.0000
param,113,1.0611,0.4471,0.9554,-0.1673
pos,114,-1.9506,-1.6645,1.0206,0.1238
input,114,-0.0463,0.0303,-0.1217,0.2984
target,114,-2.0000,-1.5000,1.3000,0.0000
param,114,1.0611,0.4471,0.9554,-0.1673
pos,115,-1.9454,-1.6449,1.0196,0.1197
input,115,-0.0262,0.0146,-0.1136,0.2978
target,115,-2.0000,-1.5000,1.3000,0.0000
param,115,1.0611,0.4471,0.9554,-0.1673
pos,116,-1.9404,-1.6271,1.0183,0.1138
input,116,-0.0041,-0.0010,-0.1040,0.2970
target,116,-2.0000,-1.5000,1.3000,0.0000
param,116,1.0611,0.4471,0.9554,-0.1673
pos,117,-1.9351,-1.6082,1.0170,0.1068
input,117,0.0134,-0.0164,-0.0906,0.2961
target,117,-2.0000,-1.5000,1.3000,0.0000
param,117,1.0611,0.4471,0.9554,-0.1673
pos,118,-1.9303,-1.5920,1.0161,0.0995
input,118,0.0327,-0.0314,-0.0752,0.2952
target,118,-2.0000,-1.5000,1.3000,0.0000
param,118,1.0611,0.4471,0.9554,-0.1673
pos,119,-1.9244,-1.5738,1.0147,0.0880
input,119,0.0463,-0.0450,-0.0595,0.2936
target,119,-2.0000,-1.5000,1.3000,0.0000
param,119,1.0611,0.4471,0.9554,-0.1673
pos,120,-1.9188,-1.5558,1.0140,0.0770
input,120,0.0453,-0.0443,-0.0588,0.2907
target,120,-2.0000,-1.5000,1.3000,0.0000
param,120,1.0611,0.4471,0.9554,-0.1673
pos,121,-1.9136,-1.5392,1.0132,0.0661
input,121,0.0793,-0.0701,-0.0137,0.2906
target,121,-2.0000,-1.5000,1.3000,0.0000
param,121,1.0611,0.4471,0.9554,-0.1673
pos,122,-1.9081,-1.5217,1.0126,0.0639
input,122,0.0922,-0.0809,0.0070,0.2886
target,122,-2.0000,-1.5000,1.3000,0.0000
param,122,1.0611,0.4471,0.9554,-0.1673
pos,123,-1.9029,-1.5059,1.0122,0.0607
input,123,0.1096,-0.0927,0.0097,0.2863
target,123,-2.0000,-1.5000,1.3000,0.0000
param,123,1.0611,0.4471,0.9554,-0.1673
pos,124,-1.8977,-1.4893,1.0118,0.0593
input,124,0.1227,-0.1043,0.0145,0.2836
target,124,-2.0000,-1.5000,1.3000,0.0000
param,124,1.0611,0.4471,0.9554,-0.1673
pos,125,-1.8923,-1.4732,1.0116,0.0592
input,125,0.1202,-0.1034,0.0132,0.2813
target,125,-2.0000,-1.5000,1.3000,0.0000
param,125,1.0611,0.4471,0.9554,-0.1673
pos,126,-1.8870,-1.4576,1.0116,0.0589
input,126,0.1527,-0.1281,0.0146,0.2779
target,126,-2.0000,-1.5000,1.3000,0.0000
param,126,1.0611,0.4471,0.9554,-0.1673
pos,127,-1.8816,-1.4424,1.0117,0.0583
input,127,0.1661,-0.1402,0.0137,0.2748
target,127,-2.0000,-1.5000,1.3000,0.0000
param,127,1.0611,0.4471,0.9554,-0.1673
pos,128,-1.8761,-1.4275,1.0116,0.0569
input,128,0.1788,-0.1522,0.0134,0.2716
target,128,-2.0000,-1.5000,1.3000,0.0000
param,128,1.0611,0.4471,0.9554,-0.1673
pos,129,-1.8714,-1.4150,1.0118,0.0549
input,129,0.1907,-0.1638,0.0148,0.2688
target,129,-2.0000,-1.5000,1.3000,0.0000
param,129,1.0611,0.4471,0.9554,-0.1673
pos,130,-1.8659,-1.4014,1.0117,0.0490
input,130,0.1870,-0.1625,0.0118,0.2676
target,130,-2.0000,-1.5000,1.3000,0.0000
param,130,1.0611,0.4471,0.9554,-0.1673
pos,131,-1.8606,-1.3876,1.0119,0.0469
input,131,0.1946,-0.1730,0.0134,0.2650
target,131,-2.0000,-1.5000,1.3000,0.0000
param,131,1.0611,0.4470,0.9554,-0.1673
pos,132,-1.8557,-1.3760,1.0123,0.0443
input,132,0.2037,-0.1823,0.0230,0.2630
target,132,-2.0000,-1.5000,1.3000,0.0000
param,132,1.0611,0.4470,0.9554,-0.1673
pos,133,-1.8510,-1.3647,1.0128,0.0423
input,133,0.2263,-0.2030,0.0313,0.2586
target,133,-2.0000,-1.5000,1.3000,0.0000
param,133,1.0611,0.4470,0.9554,-0.1673
pos,134,-1.8459,-1.3530,1.0132,0.0401
input,134,0.2219,-0.2016,0.0265,0.2583
target,134,-2.0000,-1.5000,1.3000,0.0000
param,134,1.0611,0.4470,0.9554,-0.1673
pos,135,-1.8406,-1.3410,1.0134,0.0392
input,135,0.2290,-0.2108,0.0267,0.2562
target,135,-2.0000,-1.5000,1.3000,0.0000
param,135,1.0611,0.4470,0.9554,-0.1673
pos,136,-1.8354,-1.3296,1.0137,0.0377
input,136,0.2526,-0.2308,0.0326,0.2522
target,136,-2.0000,-1.5000,1.3000,0.0000
param,136,1.0611,0.4470,0.9554,-0.1673
pos,137,-1.8306,-1.3185,1.0139,0.0358
input,137,0.2620,-0.2398,0.0327,0.2500
target,137,-2.0000,-1.5000,1.3000,0.0000
param,137,1.0611,0.4470,0.9554,-0.1673
pos,138,-1.8258,-1.3083,1.0141,0.0347
input,138,0.2709,-0.2480,0.0336,0.2479
target,138,-2.0000,-1.5000,1.3000,0.0000
param,138,1.0611,0.4470,0.9554,-0.1673
pos,139,-1.8214,-1.2991,1.0144,0.0334
input,139,0.2795,-0.2561,0.0331,0.2460
target,139,-2.0000,-1.5000,1.3000,0.0000
param,139,1.0611,0.4470,0.9554,-0.1673
pos,140,-1.8169,-1.2895,1.0144,0.0309
input,140,0.2795,-0.2561,0.0331,0.2460
target,140,-2.0000,-1.5000,1.3000,0.0000
param,140,1.0611,0.4470,0.9554,-0.1673
pos,141,-1.8126,-1.2802,1.0145,0.0298
input,141,0.2949,-0.2700,0.0334,0.2439
target,141,-2.0000,-1.5000,1.3000,0.0000
param,141,1.0611,0.4470,0.9554,-0.1672
pos,142,-1.8086,-1.2715,1.0146,0.0286
input,142,0.2949,-0.2700,0.0334,0.2439
target,142,-2.0000,-1.5000,1.3000,0.0000
param,142,1.0611,0.4470,0.9554,-0.1672
pos,143,-1.8046,-1.2633,1.0146,0.0266
input,143,0.3104,-0.2834,0.0321,0.2411
target,143,-2.0000,-1.5000,1.3000,0.0000
param,143,1.0611,0.4469,0.9554,-0.1672
pos,144,-1.8011,-1.2558,1.0147,0.0244
input,144,0.3104,-0.2834,0.0321,0.2411
target,144,-2.0000,-1.5000,1.3000,0.0000
param,144,1.0611,0.4469,0.9554,-0.1672
pos,145,-1.7979,-1.2492,1.0148,0.0235
input,145,0.3236,-0.2940,0.0346,0.2388
target,145,-2.0000,-1.5000,1.3000,0.0000
param,145,1.0611,0.4469,0.9554,-0.1672
pos,146,-1.7952,-1.2437,1.0149,0.0226
input,146,0.3236,-0.2940,0.0346,0.2388
target,146,-2.0000,-1.5000,1.3000,0.0000
param,146,1.0611,0.4469,0.9554,-0.1672
pos,147,-1.7929,-1.2392,1.0150,0.0218
input,147,0.3317,-0.3038,0.0310,0.2371
target,147,-2.0000,-1.5000,1.3000,0.0000
param,147,1.0611,0.4469,0.9554,-0.1672
pos,148,-1.7899,-1.2320,1.0148,0.0195
input,148,0.3317,-0.3038,0.0310,0.2371
target,148,-2.0000,-1.5000,1.3000,0.0000
param,148,1.0611,0.4469,0.9554,-0.1672
pos,149,-1.7872,-1.2256,1.0145,0.0168
input,149,0.3317,-0.3038,0.0310,0.2371
target,149,-2.0000,-1.5000,1.3000,0.0000
param,149,1.0611,0.4469,0.9554,-0.1672
pos,150,-1.7847,-1.2192,1.0141,0.0160
input,150,0.3317,-0.3038,0.0310,0.2371
target,150,-2.0000,-1.5000,1.3000,0.0000
param,150,1.0611,0.4469,0.9554,-0.1672
pos,151,-1.7825,-1.2134,1.0137,0.0146
input,151,0.3450,-0.3084,0.0326,0.2320
target,151,-2.0000,-1.5000,1.3000,0.0000
param,151,1.0611,0.4469,0.9554,-0.1672
pos,152,-1.7804,-1.2077,1.0134,0.0142
input,152,0.3450,-0.3084,0.0326,0.2320
target,152,-2.0000,-1.5000,1.3000,0.0000
param,152,1.0611,0.4468,0.9554,-0.1672
pos,153,-1.7785,-1.2023,1.0130,0.0141
input,153,0.3450,-0.3084,0.0326,0.2320
target,153,-2.0000,-1.5000,1.3000,0.0000
param,153,1.0611,0.4468,0.9554,-0.1672
pos,154,-1.7770,-1.1976,1.0127,0.0154
input,154,0.3450,-0.3084,0.0326,0.2320
target,154,-2.0000,-1.5000,1.3000,0.0000
param,154,1.0611,0.4468,0.9554,-0.1672
pos,155,-1.7756,-1.1935,1.0122,0.0167
input,155,0.3549,-0.3082,0.0300,0.2264
target,155,-2.0000,-1.5000,1.3000,0.0000
param,155,1.0611,0.4468,0.9554,-0.1672
pos,156,-1.7745,-1.1893,1.0115,0.0161
input,156,0.3549,-0.3082,0.0300,0.2264
target,156,-2.0000,-1.5000,1.3000,0.0000
param,156,1.0611,0.4468,0.9554,-0.1672
pos,157,-1.7736,-1.1858,1.0109,0.0170
input,157,0.3549,-0.3082,0.0300,0.2264
target,157,-2.0000,-1.5000,1.3000,0.0000
param,157,1.0611,0.4468,0.9554,-0.1672
pos,158,-1.7729,-1.1825,1.0102,0.0165
input,158,0.3549,-0.3082,0.0300,0.2264
target,158,-2.0000,-1.5000,1.3000,0.0000
param,158,1.0611,0.4468,0.9554,-0.1672
pos,159,-1.7723,-1.1797,1.0095,0.0162
input,159,0.3549,-0.3082,0.0300,0.2264
target,159,-2.0000,-1.5000,1.3000,0.0000
param,159,1.0611,0.4468,0.9554,-0.1672
pos,160,-1.7722,-1.1771,1.0087,0.0165
input,160,0.3549,-0.3082,0.0300,0.2264
target,160,-2.0000,-1.5000,1.3000,0.0000
param,160,1.0611,0.4468,0.9554,-0.1672
pos,161,-1.7722,-1.1747,1.0078,0.0163
input,161,0.3628,-0.3054,0.0250,0.2277
target,161,-2.0000,-1.5000,1.3000,0.0000
param,161,1.0611,0.4468,0.9554,-0.1672
pos,162,-1.7724,-1.1726,1.0069,0.0150
input,162,0.3628,-0.3054,0.0250,0.2277
target,162,-2.0000,-1.5000,1.3000,0.0000
param,162,1.0611,0.4467,0.9554,-0.1672
pos,163,-1.7730,-1.1709,1.0060,0.0150
input,163,0.3628,-0.3054,0.0250,0.2277
target,163,-2.0000,-1.5000,1.3000,0.0000
param,163,1.0611,0.4467,0.9554,-0.1672
pos,164,-1.7736,-1.1696,1.0051,0.0153
input,164,0.3628,-0.3054,0.0250,0.2277
target,164,-2.0000,-1.5000,1.3000,0.0000
param,164,1.0611,0.4467,0.9554,-0.1672
pos,165,-1.7746,-1.1684,1.0042,0.0146
input,165,0.3628,-0.3054,0.0250,0.2277
target,165,-2.0000,-1.5000,1.3000,0.0000
param,165,1.0611,0.4467,0.9554,-0.1672
pos,166,-1.7757,-1.1675,1.0034,0.0144
input,166,0.3628,-0.3054,0.0250,0.2277
target,166,-2.0000,-1.5000,1.3000,0.0000
param,166,1.0611,0.4467,0.9554,-0.1672
pos,167,-1.7772,-1.1673,1.0024,0.0147
input,167,0.3640,-0.2977,0.0260,0.2359
target,167,-2.0000,-1.5000,1.3000,0.0000
param,167,1.0611,0.4467,0.9554,-0.1672
pos,168,-1.7790,-1.1674,1.0014,0.0149
input,168,0.3640,-0.2977,0.0260,0.2359
target,168,-2.0000,-1.5000,1.3000,0.0000
param,168,1.0611,0.4467,0.9554,-0.1672
pos,169,-1.7809,-1.1677,1.0004,0.0151
input,169,0.3640,-0.2977,0.0260,0.2359
target,169,-2.0000,-1.5000,1.3000,0.0000
param,169,1.0611,0.4467,0.9554,-0.1672
pos,170,-1.7828,-1.1682,0.9994,0.0153
input,170,0.3640,-0.2977,0.0260,0.2359
target,170,-2.0000,-1.5000,1.3000,0.0000
param,170,1.0611,0.4467,0.9554,-0.1672
pos,171,-1.7851,-1.1690,0.9985,0.0150
input,171,0.3640,-0.2977,0.0260,0.2359
target,171,-2.0000,-1.5000,1.3000,0.0000
param,171,1.0611,0.4467,0.9554,-0.1672
pos,172,-1.7877,-1.1701,0.9976,0.0153
input,172,0.3594,-0.2907,0.0207,0.2484
target,172,-2.0000,-1.5000,1.3000,0.0000
param,172,1.0611,0.4467,0.9554,-0.1672
pos,173,-1.7900,-1.1712,0.9964,0.0125
input,173,0.3594,-0.2907,0.0207,0.2484
target,173,-2.0000,-1.5000,1.3000,0.0000
param,173,1.0611,0.4467,0.9554,-0.1672
pos,174,-1.7926,-1.1726,0.9949,0.0059
input,174,0.3594,-0.2907,0.0207,0.2484
target,174,-2.0000,-1.5000,1.3000,0.0000
param,174,1.0611,0.4467,0.9554,-0.1672
pos,175,-1.7954,-1.1741,0.9941,-0.0004
input,175,0.3558,-0.2787,0.0358,0.2576
target,175,-2.0000,-1.5000,1.3000,0.0000
param,175,1.0611,0.4467,0.9554,-0.1672
pos,176,-1.7984,-1.1761,0.9934,0.0006
input,176,0.3558,-0.2787,0.0358,0.2576
target,176,-2.0000,-1.5000,1.3000,0.0000
param,176,1.0611,0.4467,0.9554,-0.1672
pos,177,-1.8016,-1.1785,0.9923,0.0010
input,177,0.3558,-0.2787,0.0358,0.2576
target,177,-2.0000,-1.5000,1.3000,0.0000
param,177,1.0611,0.4467,0.9554,-0.1672
pos,178,-1.8055,-1.1814,0.9914,0.0029
input,178,0.3506,-0.2694,0.0397,0.2672
target,178,-2.0000,-1.5000,1.3000,0.0000
param,178,1.0611,0.4467,0.9554,-0.1672
pos,179,-1.8094,-1.1846,0.9903,0.0040
input,179,0.3506,-0.2694,0.0397,0.2672
target,179,-2.0000,-1.5000,1.3000,0.0000
param,179,1.0611,0.4467,0.9554,-0.1672
pos,180,-1.8135,-1.1878,0.9894,0.0056
input,180,0.3446,-0.2668,0.0290,0.2764
target,180,-2.0000,-1.5000,1.3000,0.0000
param,180,1.0611,0.4467,0.9554,-0.1672
pos,181,-1.8177,-1.1912,0.9885,0.0071
input,181,0.3446,-0.2668,0.0290,0.2764
target,181,-2.0000,-1.5000,1.3000,0.0000
param,181,1.0611,0.4467,0.9554,-0.1672
pos,182,-1.8217,-1.1947,0.9876,0.0086
input,182,0.3367,-0.2635,0.0200,0.2855
target,182,-2.0000,-1.5000,1.3000,0.0000
param,182,1.0611,0.4467,0.9554,-0.1672
pos,183,-1.8261,-1.1987,0.9866,0.0109
input,183,0.3367,-0.2635,0.0200,0.2855
target,183,-2.0000,-1.5000,1.3000,0.0000
param,183,1.0611,0.4468,0.9554,-0.1672
pos,184,-1.8305,-1.2027,0.9856,0.0117
input,184,0.3220,-0.2548,0.0091,0.2899
target,184,-2.0000,-1.5000,1.3000,0.0000
param,184,1.0611,0.4468,0.9554,-0.1672
pos,185,-1.8352,-1.2068,0.9847,0.0129
input,185,0.3220,-0.2548,0.0091,0.2899
target,185,-2.0000,-1.5000,1.3000,0.0000
param,185,1.0611,0.4468,0.9554,-0.1672
pos,186,-1.8394,-1.2109,0.9838,0.0143
input,186,0.3070,-0.2431,0.0014,0.2949
target,186,-2.0000,-1.5000,1.3000,0.0000
param,186,1.0611,0.4468,0.9554,-0.1672
pos,187,-1.8442,-1.2155,0.9828,0.0157
input,187,0.3070,-0.2431,0.0014,0.2949
target,187,-2.0000,-1.5000,1.3000,0.0000
param,187,1.0611,0.4468,0.9554,-0.1672
pos,188,-1.8491,-1.2203,0.9818,0.0171
input,188,0.2921,-0.2309,-0.0077,0.2996
target,188,-2.0000,-1.5000,1.3000,0.0000
param,188,1.0611,0.4468,0.9554,-0.1672
pos,189,-1.8538,-1.2248,0.9809,0.0184
input,189,0.2840,-0.2241,-0.0133,0.3027
target,189,-2.0000,-1.5000,1.3000,0.0000
param,189,1.0611,0.4468,0.9554,-0.1672
pos,190,-1.8590,-1.2301,0.9798,0.0205
input,190,0.2840,-0.2241,-0.0133,0.3027
target,190,-2.0000,-1.5000,1.3000,0.0000
param,190,1.0611,0.4468,0.9554,-0.1672
pos,191,-1.8640,-1.2352,0.9788,0.0226
input,191,0.2677,-0.2104,-0.0212,0.3063
target,191,-2.0000,-1.5000,1.3000,0.0000
param,191,1.0611,0.4468,0.9554,-0.1672
pos,192,-1.8689,-1.2404,0.9778,0.0248
input,192,0.2595,-0.2037,-0.0275,0.3093
target,192,-2.0000,-1.5000,1.3000,0.0000
param,192,1.0611,0.4468,0.9554,-0.1672
pos,193,-1.8735,-1.2454,0.9769,0.0270
input,193,0.2512,-0.1968,-0.0327,0.3114
target,193,-2.0000,-1.5000,1.3000,0.0000
param,193,1.0611,0.4468,0.9554,-0.1672
pos,194,-1.8792,-1.2516,0.9759,0.0302
input,194,0.2437,-0.1901,-0.0373,0.3131
target,194,-2.0000,-1.5000,1.3000,0.0000
param,194,1.0611,0.4468,0.9554,-0.1672
pos,195,-1.8849,-1.2578,0.9747,0.0329
input,195,0.2339,-0.1821,-0.0440,0.3152
target,195,-2.0000,-1.5000,1.3000,0.0000
param,195,1.0611,0.4468,0.9554,-0.1672
pos,196,-1.8907,-1.2641,0.9734,0.0350
input,196,0.2244,-0.1737,-0.0496,0.3175
target,196,-2.0000,-1.5000,1.3000,0.0000
param,196,1.0611,0.4468,0.9554,-0.1672
pos,197,-1.8960,-1.2699,0.9723,0.0372
input,197,0.2152,-0.1650,-0.0536,0.3198
target,197,-2.0000,-1.5000,1.3000,0.0000
param,197,1.0611,0.4468,0.9554,-0.1672
pos,198,-1.9010,-1.2755,0.9712,0.0394
input,198,0.2070,-0.1568,-0.0573,0.3218
target,198,-2.0000,-1.5000,1.3000,0.0000
param,198,1.0611,0.4468,0.9554,-0.1672
pos,199,-1.9069,-1.2822,0.9697,0.0421
input,199,0.1996,-0.1491,-0.0607,0.3235
target,199,-2.0000,-1.5000,1.3000,0.0000
param,199,1.0611,0.4468,0.9554,-0.1672
pos,200,-1.9128,-1.2888,0.9683,0.0447
input,200,0.1902,-0.1398,-0.0651,0.3258
target,200,-2.0000,-1.5000,1.3000,0.0000
param,200,1.0611,0.4468,0.9554,-0.1672
pos,201,-1.9187,-1.2955,0.9665,0.0463
input,201,0.1812,-0.1306,-0.0691,0.3281
target,201,-2.0000,-1.5000,1.3000,0.0000
param,201,1.0611,0.4468,0.9554,-0.1672
pos,202,-1.9241,-1.3019,0.9646,0.0467
input,202,0.1724,-0.1210,-0.0707,0.3307
target,202,-2.0000,-1.5000,1.3000,0.0000
param,202,1.0611,0.4468,0.9554,-0.1672
pos,203,-1.9300,-1.3088,0.9625,0.0477
input,203,0.1687,-0.1195,-0.0714,0.3284
target,203,-2.0000,-1.5000,1.3000,0.0000
param,203,1.0611,0.4468,0.9554,-0.1672
pos,204,-1.9359,-1.3159,0.9603,0.0495
input,204,0.1558,-0.1023,-0.0700,0.3361
target,204,-2.0000,-1.5000,1.3000,0.0000
param,204,1.0611,0.4468,0.9554,-0.1672
pos,205,-1.9418,-1.3228,0.9580,0.0506
input,205,0.1468,-0.0930,-0.0718,0.3391
target,205,-2.0000,-1.5000,1.3000,0.0000
param,205,1.0611,0.4468,0.9554,-0.1672
pos,206,-1.9476,-1.3298,0.9556,0.0522
input,206,0.1383,-0.0836,-0.0720,0.3422
target,206,-2.0000,-1.5000,1.3000,0.0000
param,206,1.0611,0.4468,0.9554,-0.1672
pos,207,-1.9533,-1.3368,0.9528,0.0540
input,207,0.1299,-0.0743,-0.0725,0.3453
target,207,-2.0000,-1.5000,1.3000,0.0000
param,207,1.0611,0.4468,0.9554,-0.1672
pos,208,-1.9592,-1.3439,0.9499,0.0564
input,208,0.1215,-0.0651,-0.0732,0.3487
target,208,-2.0000,-1.5000,1.3000,0.0000
param,208,1.0611,0.4467,0.9554,-0.1672
pos,209,-1.9645,-1.3504,0.9471,0.0583
input,209,0.1131,-0.0558,-0.0749,0.3523
target,209,-2.0000,-1.5000,1.3000,0.0000
param,209,1.0611,0.4467,0.9554,-0.1672
pos,210,-1.9703,-1.3575,0.9437,0.0599
input,210,0.1059,-0.0475,-0.0753,0.3557
target,210,-2.0000,-1.5000,1.3000,0.0000
param,210,1.0611,0.4467,0.9554,-0.1672
pos,211,-1.9756,-1.3638,0.9405,0.0601
input,211,0.0979,-0.0382,-0.0750,0.3599
target,211,-2.0000,-1.5000,1.3000,0.0000
param,211,1.0611,0.4467,0.9554,-0.1672
pos,212,-1.9814,-1.3708,0.9368,0.0608
input,212,0.0915,-0.0298,-0.0722,0.3637
target,212,-2.0000,-1.5000,1.3000,0.0000
param,212,1.0611,0.4467,0.9554,-0.1672
pos,213,-1.9873,-1.3779,0.9329,0.0629
input,213,0.0838,-0.0208,-0.0704,0.3681
target,213,-2.0000,-1.5000,1.3000,0.0000
param,213,1.0611,0.4467,0.9554,-0.1672
pos,214,-1.9930,-1.3851,0.9287,0.0646
input,214,0.0756,-0.0120,-0.0716,0.3728
target,214,-2.0000,-1.5000,1.3000,0.0000
param,214,1.0611,0.4467,0.9554,-0.1672
pos,215,-1.9985,-1.3916,0.9248,0.0673
input,215,0.0674,-0.0036,-0.0718,0.3777
target,215,-2.0000,-1.5000,1.3000,0.0000
param,215,1.0611,0.4466,0.9554,-0.1672
pos,216,-2.0039,-1.3982,0.9200,0.0655
input,216,0.0603,0.0040,-0.0744,0.3823
target,216,-2.0000,-1.5000,1.3000,0.0000
param,216,1.0611,0.4466,0.9554,-0.1672
pos,217,-2.0092,-1.4051,0.9150,0.0648
input,217,0.0535,0.0119,-0.0679,0.3878
target,217,-2.0000,-1.5000,1.3000,0.0000
param,217,1.0611,0.4466,0.9554,-0.1672
pos,218,-2.0146,-1.4114,0.9100,0.0646
input,218,0.0458,0.0192,-0.0639,0.3937
target,218,-2.0000,-1.5000,1.3000,0.0000
param,218,1.0611,0.4466,0.9554,-0.1672
pos,219,-2.0200,-1.4175,0.9048,0.0647
input,219,0.0393,0.0267,-0.0610,0.3994
target,219,-2.0000,-1.5000,1.3000,0.0000
param,219,1.0611,0.4465,0.9554,-0.1672
pos,220,-2.0252,-1.4240,0.8996,0.0658
input,220,0.0328,0.0340,-0.0592,0.4053
target,220,-2.0000,-1.5000,1.3000,0.0000
param,220,1.0611,0.4465,0.9554,-0.1672
pos,221,-2.0301,-1.4300,0.8945,0.0677
input,221,0.0253,0.0409,-0.0595,0.4112
target,221,-2.0000,-1.5000,1.3000,0.0000
param,221,1.0611,0.4465,0.9554,-0.1672
pos,222,-2.0346,-1.4360,0.8890,0.0635
input,222,0.0189,0.0470,-0.0613,0.4167
target,222,-2.0000,-1.5000,1.3000,0.0000
param,222,1.0611,0.4465,0.9554,-0.1672
pos,223,-2.0392,-1.4419,0.8835,0.0627
input,223,0.0128,0.0523,-0.0511,0.4228
target,223,-2.0000,-1.5000,1.3000,0.0000
param,223,1.0611,0.4464,0.9554,-0.1672
pos,224,-2.0442,-1.4483,0.8776,0.0639
input,224,0.0064,0.0578,-0.0484,0.4288
target,224,-2.0000,-1.5000,1.3000,0.0000
param,224,1.0611,0.4464,0.9554,-0.1672
pos,225,-2.0489,-1.4546,0.8716,0.0653
input,225,-0.0013,0.0638,-0.0499,0.4353
target,225,-2.0000,-1.5000,1.3000,0.0000
param,225,1.0611,0.4464,0.9554,-0.1672
pos,226,-2.0530,-1.4607,0.8655,0.0619
input,226,-0.0088,0.0695,-0.0517,0.4418
target,226,-2.0000,-1.5000,1.3000,0.0000
param,226,1.0611,0.4464,0.9554,-0.1672
pos,227,-2.0570,-1.4665,0.8597,0.0585
input,227,-0.0157,0.0735,-0.0444,0.4482
target,227,-2.0000,-1.5000,1.3000,0.0000
param,227,1.0611,0.4463,0.9554,-0.1672
pos,228,-2.0610,-1.4727,0.8528,0.0523
input,228,-0.0221,0.0777,-0.0373,0.4544
target,228,-2.0000,-1.5000,1.3000,0.0000
param,228,1.0611,0.4463,0.9554,-0.1672
pos,229,-2.0644,-1.4780,0.8465,0.0461
input,229,-0.0216,0.0763,-0.0371,0.4498
target,229,-2.0000,-1.5000,1.3000,0.0000
param,229,1.0611,0.4463,0.9554,-0.1672
pos,230,-2.0687,-1.4839,0.8399,0.0402
input,230,-0.0289,0.0800,-0.0252,0.4573
target,230,-2.0000,-1.5000,1.3000,0.0000
param,230,1.0611,0.4462,0.9554,-0.1672
pos,231,-2.0727,-1.4895,0.8332,0.0415
input,231,-0.0342,0.0824,-0.0134,0.4617
target,231,-2.0000,-1.5000,1.3000,0.0000
param,231,1.0611,0.4462,0.9554,-0.1672
pos,232,-2.0762,-1.4942,0.8272,0.0427
input,232,-0.0414,0.0865,-0.0025,0.4658
target,232,-2.0000,-1.5000,1.3000,0.0000
param,232,1.0611,0.4462,0.9554,-0.1672
pos,233,-2.0796,-1.5001,0.8199,0.0390
input,233,-0.0511,0.0924,-0.0109,0.4645
target,233,-2.0000,-1.5000,1.3000,0.0000
param,233,1.0611,0.4461,0.9554,-0.1672
pos,234,-2.0828,-1.5055,0.8129,0.0356
input,234,-0.0511,0.0924,-0.0109,0.4645
target,234,-2.0000,-1.5000,1.3000,0.0000
param,234,1.0611,0.4461,0.9554,-0.1672
pos,235,-2.0860,-1.5112,0.8062,0.0374
input,235,-0.0622,0.0949,-0.0009,0.4633
target,235,-2.0000,-1.5000,1.3000,0.0000
param,235,1.0611,0.4461,0.9554,-0.1672
pos,236,-2.0888,-1.5160,0.8002,0.0390
input,236,-0.0622,0.0949,-0.0009,0.4633
target,236,-2.0000,-1.5000,1.3000,0.0000
param,236,1.0611,0.4461,0.9554,-0.1672
pos,237,-2.0921,-1.5219,0.7930,0.0419
input,237,-0.0608,0.0936,-0.0014,0.4587
target,237,-2.0000,-1.5000,1.3000,0.0000
param,237,1.0611,0.4460,0.9554,-0.1672
pos,238,-2.0952,-1.5276,0.7857,0.0440
input,238,-0.0696,0.0972,-0.0114,0.4574
target,238,-2.0000,-1.5000,1.3000,0.0000
param,238,1.0611,0.4460,0.9554,-0.1672
pos,239,-2.0980,-1.5328,0.7788,0.0472
input,239,-0.0696,0.0972,-0.0114,0.4574
target,239,-2.0000,-1.5000,1.3000,0.0000
param,239,1.0611,0.4460,0.9554,-0.1672
pos,240,-2.1008,-1.5378,0.7718,0.0504
input,240,-0.0681,0.0959,-0.0119,0.4529
target,240,-2.0000,-1.5000,1.3000,0.0000
param,240,1.0611,0.4459,0.9554,-0.1672
pos,241,-2.1034,-1.5431,0.7645,0.0534
input,241,-0.0785,0.1000,-0.0235,0.4514
target,241,-2.0000,-1.5000,1.3000,0.0000
param,241,1.0611,0.4459,0.9554,-0.1672
pos,242,-2.1060,-1.5481,0.7571,0.0556
input,242,-0.0880,0.1048,-0.0361,0.4542
target,242,-2.0000,-1.5000,1.3000,0.0000
param,242,1.0611,0.4459,0.9554,-0.1672
pos,243,-2.1082,-1.5528,0.7505,0.0639
input,243,-0.0880,0.1048,-0.0361,0.4542
target,243,-2.0000,-1.5000,1.3000,0.0000
param,243,1.0611,0.4459,0.9554,-0.1672
pos,244,-2.1101,-1.5571,0.7441,0.0732
input,244,-0.0950,0.1077,-0.0454,0.4528
target,244,-2.0000,-1.5000,1.3000,0.0000
param,244,1.0611,0.4458,0.9554,-0.1672
pos,245,-2.1122,-1.5613,0.7365,0.0762
input,245,-0.0973,0.1096,-0.0585,0.4516
target,245,-2.0000,-1.5000,1.3000,0.0000
param,245,1.0611,0.4458,0.9554,-0.1672
pos,246,-2.1141,-1.5651,0.7294,0.0794
input,246,-0.1007,0.1130,-0.0725,0.4548
target,246,-2.0000,-1.5000,1.3000,0.0000
param,246,1.0611,0.4458,0.9554,-0.1672
pos,247,-2.1160,-1.5691,0.7217,0.0825
input,247,-0.1007,0.1130,-0.0725,0.4548
target,247,-2.0000,-1.5000,1.3000,0.0000
param,247,1.0611,0.4458,0.9554,-0.1672
pos,248,-2.1176,-1.5730,0.7139,0.0852
input,248,-0.1044,0.1155,-0.0830,0.4537
target,248,-2.0000,-1.5000,1.3000,0.0000
param,248,1.0611,0.4457,0.9554,-0.1672
pos,249,-2.1192,-1.5768,0.7061,0.0889
input,249,-0.1044,0.1155,-0.0830,0.4537
target,249,-2.0000,-1.5000,1.3000,0.0000
param,249,1.0611,0.4457,0.9554,-0.1672
pos,250,-2.1206,-1.5805,0.6981,0.0921
input,250,-0.1044,0.1155,-0.0830,0.4537
target,250,-2.0000,-1.5000,1.3000,0.0000
param,250,1.0611,0.4457,0.9554,-0.1672
pos,251,-2.1218,-1.5839,0.6905,0.0959
input,251,-0.1044,0.1155,-0.0830,0.4537
target,251,-2.0000,-1.5000,1.3000,0.0000
param,251,1.0611,0.4457,0.9554,-0.1672
pos,252,-2.1233,-1.5880,0.6825,0.1005
input,252,-0.1078,0.1156,-0.0940,0.4527
target,252,-2.0000,-1.5000,1.3000,0.0000
param,252,1.0611,0.4456,0.9554,-0.1672
pos,253,-2.1246,-1.5920,0.6743,0.1045
input,253,-0.1078,0.1156,-0.0940,0.4527
target,253,-2.0000,-1.5000,1.3000,0.0000
param,253,1.0611,0.4456,0.9554,-0.1672
pos,254,-2.1258,-1.5956,0.6663,0.1084
input,254,-0.1078,0.1156,-0.0940,0.4527
target,254,-2.0000,-1.5000,1.3000,0.0000
param,254,1.0611,0.4456,0.9554,-0.1672
pos,255,-2.1269,-1.5990,0.6580,0.1115
input,255,-0.1115,0.1151,-0.1031,0.4518
target,255,-2.0000,-1.5000,1.3000,0.0000
param,255,1.0611,0.4455,0.9554,-0.1672
pos,256,-2.1279,-1.6025,0.6496,0.1156
input,256,-0.1115,0.1151,-0.1031,0.4518
target,256,-2.0000,-1.5000,1.3000,0.0000
param,256,1.0611,0.4455,0.9554,-0.1672
pos,257,-2.1288,-1.6054,0.6420,0.1195
input,257,-0.1115,0.1151,-0.1031,0.4518
target,257,-2.0000,-1.5000,1.3000,0.0000
param,257,1.0611,0.4455,0.9554,-0.1672
pos,258,-2.1297,-1.6087,0.6331,0.1205
input,258,-0.1115,0.1151,-0.1031,0.4518
target,258,-2.0000,-1.5000,1.3000,0.0000
param,258,1.0611,0.4454,0.9554,-0.1672
pos,259,-2.1305,-1.6123,0.6233,0.1229
input,259,-0.1115,0.1151,-0.1031,0.4518
target,259,-2.0000,-1.5000,1.3000,0.0000
param,259,1.0611,0.4454,0.9554,-0.1672
pos,260,-2.1313,-1.6156,0.6132,0.1230
input,260,-0.1153,0.1104,-0.1061,0.4520
target,260,-2.0000,-1.5000,1.3000,0.0000
param,260,1.0611,0.4453,0.9554,-0.1672
pos,261,-2.1320,-1.6184,0.6041,0.1232
input,261,-0.1153,0.1104,-0.1061,0.4520
target,261,-2.0000,-1.5000,1.3000,0.0000
param,261,1.0611,0.4453,0.9554,-0.1672
pos,262,-2.1326,-1.6216,0.5942,0.1255
input,262,-0.1153,0.1104,-0.1061,0.4520
target,262,-2.0000,-1.5000,1.3000,0.0000
param,262,1.0611,0.4452,0.9554,-0.1672
pos,263,-2.1329,-1.6250,0.5832,0.1287
input,263,-0.1176,0.1053,-0.0989,0.4532
target,263,-2.0000,-1.5000,1.3000,0.0000
param,263,1.0611,0.4452,0.9554,-0.1672
pos,264,-2.1332,-1.6277,0.5732,0.1315
input,264,-0.1176,0.1053,-0.0989,0.4532
target,264,-2.0000,-1.5000,1.3000,0.0000
param,264,1.0611,0.4451,0.9554,-0.1672
pos,265,-2.1289,-1.6277,0.5615,0.1344
input,265,-0.1176,0.1053,-0.0989,0.4532
target,265,-2.0000,-1.5000,1.3000,0.0000
param,265,1.0611,0.4450,0.9554,-0.1672
pos,266,-2.1297,-1.6310,0.5499,0.1368
input,266,-0.1143,0.0935,-0.0984,0.4548
target,266,-2.0000,-1.5000,1.3000,0.0000
param,266,1.0611,0.4450,0.9554,-0.1672
pos,267,-2.1302,-1.6343,0.5382,0.1394
input,267,-0.1143,0.0935,-0.0984,0.4548
target,267,-2.0000,-1.5000,1.3000,0.0000
param,267,1.0611,0.4449,0.9554,-0.1672
pos,268,-2.1307,-1.6376,0.5262,0.1438
input,268,-0.1143,0.0935,-0.0984,0.4548
target,268,-2.0000,-1.5000,1.3000,0.0000
param,268,1.0611,0.4449,0.9554,-0.1672
pos,269,-2.1311,-1.6406,0.5142,0.1466
input,269,-0.1175,0.0879,-0.0975,0.4554
target,269,-2.0000,-1.5000,1.3000,0.0000
param,269,1.0611,0.4448,0.9554,-0.1672
pos,270,-2.1315,-1.6431,0.5033,0.1494
input,270,-0.1175,0.0879,-0.0975,0.4554
target,270,-2.0000,-1.5000,1.3000,0.0000
param,270,1.0611,0.4447,0.9554,-0.1672
pos,271,-2.1318,-1.6453,0.4934,0.1521
input,271,-0.1175,0.0879,-0.0975,0.4554
target,271,-2.0000,-1.5000,1.3000,0.0000
param,271,1.0611,0.4447,0.9554,-0.1672
pos,272,-2.1321,-1.6470,0.4844,0.1543
input,272,-0.1175,0.0879,-0.0975,0.4554
target,272,-2.0000,-1.5000,1.3000,0.0000
param,272,1.0611,0.4447,0.9554,-0.1672
pos,273,-2.1312,-1.6497,0.4703,0.1560
input,273,-0.1175,0.0879,-0.0975,0.4554
target,273,-2.0000,-1.5000,1.3000,0.0000
param,273,1.0611,0.4446,0.9554,-0.1672
pos,274,-2.1314,-1.6522,0.4574,0.1547
input,274,-0.1182,0.0778,-0.0948,0.4565
target,274,-2.0000,-1.5000,1.3000,0.0000
param,274,1.0611,0.4445,0.9554,-0.1672
pos,275,-2.1315,-1.6546,0.4442,0.1530
input,275,-0.1182,0.0778,-0.0948,0.4565
target,275,-2.0000,-1.5000,1.3000,0.0000
param,275,1.0611,0.4445,0.9554,-0.1672
pos,276,-2.1314,-1.6567,0.4317,0.1524
input,276,-0.1194,0.0730,-0.0872,0.4574
target,276,-2.0000,-1.5000,1.3000,0.0000
param,276,1.0611,0.4444,0.9554,-0.1672
pos,277,-2.1313,-1.6588,0.4191,0.1521
input,277,-0.1194,0.0730,-0.0872,0.4574
target,277,-2.0000,-1.5000,1.3000,0.0000
param,277,1.0611,0.4443,0.9554,-0.1672
pos,278,-2.1310,-1.6609,0.4060,0.1496
input,278,-0.1194,0.0730,-0.0872,0.4574
target,278,-2.0000,-1.5000,1.3000,0.0000
param,278,1.0611,0.4443,0.9554,-0.1672
pos,279,-2.1257,-1.6600,0.3907,0.1474
input,279,-0.1201,0.0661,-0.0793,0.4585
target,279,-2.0000,-1.5000,1.3000,0.0000
param,279,1.0611,0.4442,0.9554,-0.1672
pos,280,-2.1257,-1.6626,0.3766,0.1471
input,280,-0.1157,0.0591,-0.0763,0.4595
target,280,-2.0000,-1.5000,1.3000,0.0000
param,280,1.0611,0.4442,0.9554,-0.1672
pos,281,-2.1256,-1.6651,0.3623,0.1464
input,281,-0.1157,0.0591,-0.0763,0.4595
target,281,-2.0000,-1.5000,1.3000,0.0000
param,281,1.0611,0.4441,0.9554,-0.1672
pos,282,-2.1202,-1.6667,0.3472,0.1458
input,282,-0.1157,0.0591,-0.0763,0.4595
target,282,-2.0000,-1.5000,1.3000,0.0000
param,282,1.0611,0.4440,0.9554,-0.1672
pos,283,-2.1202,-1.6690,0.3324,0.1471
input,283,-0.1149,0.0481,-0.0718,0.4606
target,283,-2.0000,-1.5000,1.3000,0.0000
param,283,1.0611,0.4440,0.9554,-0.1672
pos,284,-2.1201,-1.6711,0.3191,0.1484
input,284,-0.1149,0.0481,-0.0718,0.4606
target,284,-2.0000,-1.5000,1.3000,0.0000
param,284,1.0611,0.4439,0.9554,-0.1672
pos,285,-2.1204,-1.6732,0.3053,0.1479
input,285,-0.1149,0.0481,-0.0718,0.4606
target,285,-2.0000,-1.5000,1.3000,0.0000
param,285,1.0611,0.4439,0.9554,-0.1672
pos,286,-2.1205,-1.6752,0.2907,0.1470
input,286,-0.1149,0.0481,-0.0718,0.4606
target,286,-2.0000,-1.5000,1.3000,0.0000
param,286,1.0611,0.4439,0.9554,-0.1672
pos,287,-2.1205,-1.6770,0.2766,0.1468
input,287,-0.1149,0.0481,-0.0718,0.4606
target,287,-2.0000,-1.5000,1.3000,0.0000
param,287,1.0611,0.4438,0.9554,-0.1672
pos,288,-2.1203,-1.6788,0.2617,0.1452
input,288,-0.1158,0.0410,-0.0691,0.4611
target,288,-2.0000,-1.5000,1.3000,0.0000
param,288,1.0611,0.4438,0.9554,-0.1672
pos,289,-2.1201,-1.6805,0.2469,0.1449
input,289,-0.1158,0.0410,-0.0691,0.4611
target,289,-2.0000,-1.5000,1.3000,0.0000
param,289,1.0611,0.4438,0.9554,-0.1672
pos,290,-2.1198,-1.6821,0.2335,0.1446
input,290,-0.1158,0.0410,-0.0691,0.4611
target,290,-2.0000,-1.5000,1.3000,0.0000
param,290,1.0611,0.4437,0.9554,-0.1672
pos,291,-2.1195,-1.6834,0.2197,0.1386
input,291,-0.1158,0.0410,-0.0691,0.4611
target,291,-2.0000,-1.5000,1.3000,0.0000
param,291,1.0611,0.4437,0.9554,-0.1672
pos,292,-2.1190,-1.6850,0.2060,0.1362
input,292,-0.1152,0.0346,-0.0614,0.4619
target,292,-2.0000,-1.5000,1.3000,0.0000
param,292,1.0611,0.4437,0.9554,-0.1672
pos,293,-2.1188,-1.6865,0.1942,0.1349
input,293,-0.1152,0.0346,-0.0614,0.4619
target,293,-2.0000,-1.5000,1.3000,0.0000
param,293,1.0611,0.4437,0.9554,-0.1672
pos,294,-2.1186,-1.6878,0.1836,0.1347
input,294,-0.1152,0.0346,-0.0614,0.4619
target,294,-2.0000,-1.5000,1.3000,0.0000
param,294,1.0611,0.4437,0.9554,-0.1672
pos,295,-2.1184,-1.6891,0.1749,0.1340
input,295,-0.1152,0.0346,-0.0614,0.4619
target,295,-2.0000,-1.5000,1.3000,0.0000
param,295,1.0611,0.4438,0.9554,-0.1672
pos,296,-2.1182,-1.6902,0.1676,0.1333
input,296,-0.1152,0.0346,-0.0614,0.4619
target,296,-2.0000,-1.5000,1.3000,0.0000
param,296,1.0611,0.4438,0.9554,-0.1672
pos,297,-2.1180,-1.6914,0.1611,0.1301
input,297,-0.1152,0.0346,-0.0614,0.4619
target,297,-2.0000,-1.5000,1.3000,0.0000
param,297,1.0611,0.4439,0.9554,-0.1672
pos,298,-2.1177,-1.6926,0.1552,0.1285
input,298,-0.1152,0.0346,-0.0614,0.4619
target,298,-2.0000,-1.5000,1.3000,0.0000
param,298,1.0611,0.4439,0.9554,-0.1672
pos,299,-2.1174,-1.6937,0.1496,0.1270
input,299,-0.1170,0.0289,-0.0545,0.4627
target,299,-2.0000,-1.5000,1.3000,0.0000
param,299,1.0611,0.4440,0.9554,-0.1672
pos,300,-2.1172,-1.6946,0.1446,0.1262
input,300,-0.1170,0.0289,-0.0545,0.4627
target,300,-2.0000,-1.5000,1.3000,0.0000
param,300,1.0611,0.4440,0.9554,-0.1672
pos,301,-2.1168,-1.6955,0.1389,0.1256
input,301,-0.1170,0.0289,-0.0545,0.4627
target,301,-2.0000,-1.5000,1.3000,0.0000
param,301,1.0611,0.4441,0.9554,-0.1672
pos,302,-2.1164,-1.6963,0.1338,0.1250
input,302,-0.1170,0.0289,-0.0545,0.4627
target,302,-2.0000,-1.5000,1.3000,0.0000
param,302,1.0611,0.4442,0.9554,-0.1672
pos,303,-2.1165,-1.6973,0.1282,0.1239
input,303,-0.1170,0.0289,-0.0545,0.4627
target,303,-2.0000,-1.5000,1.3000,0.0000
param,303,1.0611,0.4442,0.9554,-0.1672
pos,304,-2.1166,-1.6984,0.1231,0.1228
input,304,-0.1170,0.0289,-0.0545,0.4627
target,304,-2.0000,-1.5000,1.3000,0.0000
param,304,1.0611,0.4443,0.9554,-0.1672
pos,305,-2.1170,-1.6993,0.1185,0.1193
input,305,-0.1170,0.0289,-0.0545,0.4627
target,305,-2.0000,-1.5000,1.3000,0.0000
param,305,1.0611,0.4444,0.9554,-0.1672
pos,306,-2.1175,-1.6999,0.1144,0.1144
input,306,-0.1170,0.0289,-0.0545,0.4627
target,306,-2.0000,-1.5000,1.3000,0.0000
param,306,1.0611,0.4445,0.9554,-0.1672
pos,307,-2.1179,-1.7005,0.1107,0.1098
input,307,-0.1170,0.0289,-0.0545,0.4627
target,307,-2.0000,-1.5000,1.3000,0.0000
param,307,1.0611,0.4445,0.9554,-0.1672
pos,308,-2.1184,-1.7010,0.1074,0.1058
input,308,-0.1209,0.0277,-0.0449,0.4634
target,308,-2.0000,-1.5000,1.3000,0.0000
param,308,1.0611,0.4446,0.9554,-0.1672
pos,309,-2.1185,-1.7014,0.1043,0.1028
input,309,-0.1209,0.0277,-0.0449,0.4634
target,309,-2.0000,-1.5000,1.3000,0.0000
param,309,1.0611,0.4447,0.9554,-0.1672
pos,310,-2.1189,-1.7018,0.1014,0.1008
input,310,-0.1209,0.0277,-0.0449,0.4634
target,310,-2.0000,-1.5000,1.3000,0.0000
param,310,1.0611,0.4448,0.9554,-0.1672
pos,311,-2.1195,-1.7021,0.0992,0.0996
input,311,-0.1209,0.0277,-0.0449,0.4634
target,311,-2.0000,-1.5000,1.3000,0.0000
param,311,1.0611,0.4449,0.9554,-0.1672
pos,312,-2.1200,-1.7024,0.0971,0.0985
input,312,-0.1209,0.0277,-0.0449,0.4634
target,312,-2.0000,-1.5000,1.3000,0.0000
param,312,1.0611,0.4450,0.9554,-0.1672
pos,313,-2.1203,-1.7026,0.0950,0.0983
input,313,-0.1209,0.0277,-0.0449,0.4634
target,313,-2.0000,-1.5000,1.3000,0.0000
param,313,1.0611,0.4450,0.9554,-0.1672
pos,314,-2.1207,-1.7029,0.0931,0.0963
input,314,-0.1209,0.0277,-0.0449,0.4634
target,314,-2.0000,-1.5000,1.3000,0.0000
param,314,1.0611,0.4451,0.9554,-0.1672
pos,315,-2.1210,-1.7030,0.0915,0.0923
input,315,-0.1209,0.0277,-0.0449,0.4634
target,315,-2.0000,-1.5000,1.3000,0.0000
param,315,1.0611,0.4452,0.9554,-0.1672
pos,316,-2.1213,-1.7032,0.0899,0.0905
input,316,-0.1209,0.0277,-0.0449,0.4634
target,316,-2.0000,-1.5000,1.3000,0.0000
param,316,1.0611,0.4453,0.9554,-0.1672
pos,317,-2.1216,-1.7033,0.0886,0.0879
input,317,-0.1185,0.0273,-0.0443,0.4587
target,317,-2.0000,-1.5000,1.3000,0.0000
param,317,1.0611,0.4454,0.9554,-0.1672
pos,318,-2.1219,-1.7035,0.0873,0.0866
input,318,-0.1230,0.0302,-0.0354,0.4641
target,318,-2.0000,-1.5000,1.3000,0.0000
param,318,1.0611,0.4454,0.9554,-0.1672
pos,319,-2.1224,-1.7036,0.0862,0.0837
input,319,-0.1230,0.0302,-0.0354,0.4641
target,319,-2.0000,-1.5000,1.3000,0.0000
param,319,1.0611,0.4455,0.9554,-0.1672
pos,320,-2.1227,-1.7038,0.0852,0.0821
input,320,-0.1230,0.0302,-0.0354,0.4641
target,320,-2.0000,-1.5000,1.3000,0.0000
param,320,1.0611,0.4455,0.9554,-0.1672
pos,321,-2.1230,-1.7039,0.0844,0.0799
input,321,-0.1230,0.0302,-0.0354,0.4641
target,321,-2.0000,-1.5000,1.3000,0.0000
param,321,1.0611,0.4456,0.9554,-0.1672
pos,322,-2.1232,-1.7040,0.0835,0.0791
input,322,-0.1230,0.0302,-0.0354,0.4641
target,322,-2.0000,-1.5000,1.3000,0.0000
param,322,1.0611,0.4457,0.9554,-0.1672
pos,323,-2.1235,-1.7040,0.0828,0.0766
input,323,-0.1230,0.0302,-0.0354,0.4641
target,323,-2.0000,-1.5000,1.3000,0.0000
param,323,1.0611,0.4457,0.9554,-0.1672
pos,324,-2.1237,-1.7040,0.0821,0.0757
input,324,-0.1230,0.0302,-0.0354,0.4641
target,324,-2.0000,-1.5000,1.3000,0.0000
param,324,1.0611,0.4457,0.9554,-0.1672
pos,325,-2.1239,-1.7041,0.0813,0.0748
input,325,-0.1230,0.0302,-0.0354,0.4641
target,325,-2.0000,-1.5000,1.3000,0.0000
param,325,1.0611,0.4458,0.9554,-0.1672
pos,326,-2.1241,-1.7041,0.0808,0.0733
input,326,-0.1230,0.0302,-0.0354,0.4641
target,326,-2.0000,-1.5000,1.3000,0.0000
param,326,1.0611,0.4458,0.9554,-0.1672
pos,327,-2.1242,-1.7041,0.0802,0.0719
input,327,-0.1230,0.0302,-0.0354,0.4641
target,327,-2.0000,-1.5000,1.3000,0.0000
param,327,1.0611,0.4458,0.9554,-0.1672
pos,328,-2.1243,-1.7042,0.0797,0.0719
input,328,-0.1230,0.0302,-0.0354,0.4641
target,328,-2.0000,-1.5000,1.3000,0.0000
param,328,1.0611,0.4459,0.9554,-0.1672
pos,329,-2.1243,-1.7042,0.0785,0.0727
input,329,-0.1230,0.0302,-0.0354,0.4641
target,329,-2.0000,-1.5000,1.3000,0.0000
param,329,1.0611,0.4459,0.9554,-0.1672
pos,330,-2.1247,-1.7042,0.0783,0.0708
input,330,-0.1230,0.0302,-0.0354,0.4641
target,330,-2.0000,-1.5000,1.3000,0.0000
param,330,1.0611,0.4459,0.9554,-0.1672
pos,331,-2.1249,-1.7042,0.0780,0.0689
input,331,-0.1230,0.0302,-0.0354,0.4641
target,331,-2.0000,-1.5000,1.3000,0.0000
param,331,1.0611,0.4460,0.9554,-0.1672
pos,332,-2.1251,-1.7042,0.0778,0.0675
input,332,-0.1230,0.0302,-0.0354,0.4641
target,332,-2.0000,-1.5000,1.3000,0.0000
param,332,1.0611,0.4460,0.9554,-0.1672
pos,333,-2.1253,-1.7042,0.0776,0.0661
input,333,-0.1230,0.0302,-0.0354,0.4641
target,333,-2.0000,-1.5000,1.3000,0.0000
param,333,1.0611,0.4460,0.9554,-0.1672
pos,334,-2.1254,-1.7042,0.0775,0.0648
input,334,-0.1230,0.0323,-0.0251,0.4649
target,334,-2.0000,-1.5000,1.3000,0.0000
param,334,1.0611,0.4460,0.9554,-0.1672
pos,335,-2.1255,-1.7042,0.0773,0.0636
input,335,-0.1230,0.0323,-0.0251,0.4649
target,335,-2.0000,-1.5000,1.3000,0.0000
param,335,1.0611,0.4461,0.9554,-0.1672
pos,336,-2.1255,-1.7042,0.0771,0.0635
input,336,-0.1230,0.0323,-0.0251,0.4649
target,336,-2.0000,-1.5000,1.3000,0.0000
param,336,1.0611,0.4461,0.9554,-0.1672
pos,337,-2.1255,-1.7041,0.0762,0.0651
input,337,-0.1230,0.0323,-0.0251,0.4649
target,337,-2.0000,-1.5000,1.3000,0.0000
param,337,1.0611,0.4461,0.9554,-0.1672
pos,338,-2.1254,-1.7041,0.0754,0.0667
input,338,-0.1230,0.0323,-0.0251,0.4649
target,338,-2.0000,-1.5000,1.3000,0.0000
param,338,1.0611,0.4461,0.9554,-0.1672
pos,339,-2.1254,-1.7041,0.0747,0.0683
input,339,-0.1230,0.0323,-0.0251,0.4649
target,339,-2.0000,-1.5000,1.3000,0.0000
param,339,1.0611,0.4461,0.9554,-0.1672
pos,340,-2.1255,-1.7040,0.0748,0.0673
input,340,-0.1230,0.0323,-0.0251,0.4649
target,340,-2.0000,-1.5000,1.3000,0.0000
param,340,1.0611,0.4461,0.9554,-0.1672
pos,341,-2.1256,-1.7040,0.0749,0.0663
input,341,-0.1230,0.0323,-0.0251,0.4649
target,341,-2.0000,-1.5000,1.3000,0.0000
param,341,1.0611,0.4461,0.9554,-0.1672
pos,342,-2.1258,-1.7039,0.0751,0.0670
input,342,-0.1230,0.0323,-0.0251,0.4649
target,342,-2.0000,-1.5000,1.3000,0.0000
param,342,1.0611,0.4461,0.9554,-0.1672
pos,343,-2.1259,-1.7038,0.0753,0.0680
input,343,-0.1230,0.0323,-0.0251,0.4649
target,343,-2.0000,-1.5000,1.3000,0.0000
param,343,1.0611,0.4462,0.9554,-0.1672
pos,344,-2.1260,-1.7037,0.0755,0.0691
input,344,-0.1230,0.0323,-0.0251,0.4649
target,344,-2.0000,-1.5000,1.3000,0.0000
param,344,1.0611,0.4462,0.9554,-0.1672
pos,345,-2.1261,-1.7037,0.0757,0.0700
input,345,-0.1230,0.0323,-0.0251,0.4649
target,345,-2.0000,-1.5000,1.3000,0.0000
param,345,1.0611,0.4462,0.9554,-0.1672
pos,346,-2.1261,-1.7036,0.0757,0.0713
input,346,-0.1230,0.0323,-0.0251,0.4649
target,346,-2.0000,-1.5000,1.3000,0.0000
param,346,1.0611,0.4462,0.9554,-0.1672
pos,347,-2.1259,-1.7035,0.0756,0.0704
input,347,-0.1230,0.0323,-0.0251,0.4649
target,347,-2.0000,-1.5000,1.3000,0.0000
param,347,1.0611,0.4462,0.9554,-0.1672
pos,348,-2.1259,-1.7036,0.0754,0.0707
input,348,-0.1230,0.0323,-0.0251,0.4649
target,348,-2.0000,-1.5000,1.3000,0.0000
param,348,1.0611,0.4462,0.9554,-0.1672
pos,349,-2.1259,-1.7036,0.0753,0.0712
input,349,-0.1230,0.0323,-0.0251,0.4649
target,349,-2.0000,-1.5000,1.3000,0.0000
param,349,1.0611,0.4462,0.9554,-0.1672
pos,350,-2.1258,-1.7036,0.0753,0.0709
input,350,-0.1230,0.0323,-0.0251,0.4649
target,350,-2.0000,-1.5000,1.3000,0.0000
param,350,1.0611,0.4462,0.9554,-0.1672
pos,351,-2.1257,-1.7036,0.0752,0.0711
input,351,-0.1230,0.0323,-0.0251,0.4649
target,351,-2.0000,-1.5000,1.3000,0.0000
param,351,1.0611,0.4462,0.9554,-0.1672
pos,352,-2.1257,-1.7035,0.0752,0.0714
input,352,-0.1230,0.0323,-0.0251,0.4649
target,352,-2.0000,-1.5000,1.3000,0.0000
param,352,1.0611,0.4462,0.9554,-0.1672
pos,353,-2.1256,-1.7035,0.0751,0.0713
input,353,-0.1230,0.0323,-0.0251,0.4649
target,353,-2.0000,-1.5000,1.3000,0.0000
param,353,1.0611,0.4462,0.9554,-0.1672
pos,354,-2.1256,-1.7035,0.0750,0.0711
input,354,-0.1230,0.0323,-0.0251,0.4649
target,354,-2.0000,-1.5000,1.3000,0.0000
param,354,1.0611,0.4462,0.9554,-0.1672
pos,355,-2.1256,-1.7035,0.0749,0.0707
input,355,-0.1230,0.0323,-0.0251,0.4649
target,355,-2.0000,-1.5000,1.3000,0.0000
param,355,1.0611,0.4462,0.9554,-0.1672
pos,356,-2.1255,-1.7034,0.0749,0.0697
input,356,-0.1230,0.0323,-0.0251,0.4649
target,356,-2.0000,-1.5000,1.3000,0.0000
param,356,1.0611,0.4462,0.9554,-0.1672
pos,357,-2.1255,-1.7032,0.0751,0.0668
input,357,-0.1230,0.0323,-0.0251,0.4649
target,357,-2.0000,-1.5000,1.3000,0.0000
param,357,1.0611,0.4462,0.9554,-0.1672
pos,358,-2.1255,-1.7033,0.0750,0.0669
input,358,-0.1230,0.0323,-0.0251,0.4649
target,358,-2.0000,-1.5000,1.3000,0.0000
param,358,1.0611,0.4462,0.9554,-0.1672
pos,359,-2.1255,-1.7033,0.0749,0.0673
input,359,-0.1230,0.0323,-0.0251,0.4649
target,359,-2.0000,-1.5000,1.3000,0.0000
param,359,1.0611,0.4462,0.9554,-0.1672
pos,360,-2.1255,-1.7033,0.0749,0.0677
input,360,-0.1230,0.0323,-0.0251,0.4649
target,360,-2.0000,-1.5000,1.3000,0.0000
param,360,1.0611,0.4463,0.9554,-0.1672
pos,361,-2.1254,-1.7033,0.0749,0.0681
input,361,-0.1230,0.0323,-0.0251,0.4649
target,361,-2.0000,-1.5000,1.3000,0.0000
param,361,1.0611,0.4463,0.9554,-0.1672
pos,362,-2.1255,-1.7033,0.0749,0.0673
input,362,-0.1230,0.0323,-0.0251,0.4649
target,362,-2.0000,-1.5000,1.3000,0.0000
param,362,1.0611,0.4463,0.9554,-0.1672
pos,363,-2.1256,-1.7033,0.0750,0.0665
input,363,-0.1230,0.0323,-0.0251,0.4649
target,363,-2.0000,-1.5000,1.3000,0.0000
param,363,1.0611,0.4463,0.9554,-0.1672
pos,364,-2.1257,-1.7033,0.0750,0.0650
input,364,-0.1230,0.0323,-0.0251,0.4649
target,364,-2.0000,-1.5000,1.3000,0.0000
param,364,1.0611,0.4463,0.9554,-0.1672
pos,365,-2.1256,-1.7033,0.0751,0.0650
input,365,-0.1230,0.0323,-0.0251,0.4649
target,365,-2.0000,-1.5000,1.3000,0.0000
param,365,1.0611,0.4463,0.9554,-0.1672
pos,366,-2.1257,-1.7034,0.0752,0.0645
input,366,-0.1230,0.0323,-0.0251,0.4649
target,366,-2.0000,-1.5000,1.3000,0.0000
param,366,1.0611,0.4463,0.9554,-0.1672
pos,367,-2.1256,-1.7034,0.0752,0.0639
input,367,-0.1230,0.0323,-0.0251,0.4649
target,367,-2.0000,-1.5000,1.3000,0.0000
param,367,1.0611,0.4463,0.9554,-0.1672
pos,368,-2.1256,-1.7034,0.0752,0.0646
input,368,-0.1230,0.0323,-0.0251,0.4649
target,368,-2.0000,-1.5000,1.3000,0.0000
param,368,1.0611,0.4463,0.9554,-0.1672
pos,369,-2.1256,-1.7034,0.0752,0.0642
input,369,-0.1230,0.0323,-0.0251,0.4649
target,369,-2.0000,-1.5000,1.3000,0.0000
param,369,1.0611,0.4463,0.9554,-0.1672
pos,370,-2.1256,-1.7034,0.0753,0.0665
input,370,-0.1230,0.0323,-0.0251,0.4649
target,370,-2.0000,-1.5000,1.3000,0.0000
param,370,1.0611,0.4463,0.9554,-0.1672
pos,371,-2.1256,-1.7032,0.0755,0.0674
input,371,-0.1230,0.0323,-0.0251,0.4649
target,371,-2.0000,-1.5000,1.3000,0.0000
param,371,1.0611,0.4463,0.9554,-0.1672
pos,372,-2.1256,-1.7032,0.0757,0.0685
input,372,-0.1230,0.0323,-0.0251,0.4649
target,372,-2.0000,-1.5000,1.3000,0.0000
param,372,1.0611,0.4463,0.9554,-0.1672
pos,373,-2.1257,-1.7032,0.0758,0.0694
input,373,-0.1230,0.0323,-0.0251,0.4649
target,373,-2.0000,-1.5000,1.3000,0.0000
param,373,1.0611,0.4463,0.9554,-0.1672
pos,374,-2.1257,-1.7031,0.0760,0.0702
input,374,-0.1230,0.0323,-0.0251,0.4649
target,374,-2.0000,-1.5000,1.3000,0.0000
param,374,1.0611,0.4463,0.9554,-0.1672
pos,375,-2.1256,-1.7031,0.0758,0.0705
input,375,-0.1230,0.0323,-0.0251,0.4649
target,375,-2.0000,-1.5000,1.3000,0.0000
param,375,1.0611,0.4463,0.9554,-0.1672
pos,376,-2.1256,-1.7031,0.0759,0.0720
input,376,-0.1230,0.0323,-0.0251,0.4649
target,376,-2.0000,-1.5000,1.3000,0.0000
param,376,1.0611,0.4463,0.9554,-0.1672
pos,377,-2.1255,-1.7030,0.0759,0.0735
input,377,-0.1204,0.0324,-0.0349,0.4650
target,377,-2.0000,-1.5000,1.3000,0.0000
param,377,1.0611,0.4463,0.9554,-0.1672
pos,378,-2.1255,-1.7030,0.0758,0.0733
input,378,-0.1204,0.0324,-0.0349,0.4650
target,378,-2.0000,-1.5000,1.3000,0.0000
param,378,1.0611,0.4463,0.9554,-0.1672
pos,379,-2.1254,-1.7031,0.0757,0.0736
input,379,-0.1204,0.0324,-0.0349,0.4650
target,379,-2.0000,-1.5000,1.3000,0.0000
param,379,1.0611,0.4463,0.9554,-0.1672
pos,380,-2.1253,-1.7031,0.0756,0.0736
input,380,-0.1204,0.0324,-0.0349,0.4650
target,380,-2.0000,-1.5000,1.3000,0.0000
param,380,1.0611,0.4463,0.9554,-0.1672
pos,381,-2.1253,-1.7032,0.0756,0.0744
input,381,-0.1204,0.0324,-0.0349,0.4650
target,381,-2.0000,-1.5000,1.3000,0.0000
param,381,1.0611,0.4463,0.9554,-0.1672
pos,382,-2.1252,-1.7032,0.0755,0.0745
input,382,-0.1204,0.0324,-0.0349,0.4650
target,382,-2.0000,-1.5000,1.3000,0.0000
param,382,1.0611,0.4463,0.9554,-0.1672
pos,383,-2.1252,-1.7032,0.0754,0.0749
input,383,-0.1204,0.0324,-0.0349,0.4650
target,383,-2.0000,-1.5000,1.3000,0.0000
param,383,1.0611,0.4463,0.9554,-0.1672
pos,384,-2.1252,-1.7033,0.0754,0.0744
input,384,-0.1204,0.0324,-0.0349,0.4650
target,384,-2.0000,-1.5000,1.3000,0.0000
param,384,1.0611,0.4463,0.9554,-0.1672
pos,385,-2.1252,-1.7031,0.0755,0.0720
input,385,-0.1204,0.0324,-0.0349,0.4650
target,385,-2.0000,-1.5000,1.3000,0.0000
param,385,1.0611,0.4463,0.9554,-0.1672
pos,386,-2.1252,-1.7032,0.0754,0.0722
input,386,-0.1204,0.0324,-0.0349,0.4650
target,386,-2.0000,-1.5000,1.3000,0.0000
param,386,1.0611,0.4463,0.9554,-0.1672
pos,387,-2.1253,-1.7031,0.0756,0.0731
input,387,-0.1204,0.0324,-0.0349,0.4650
target,387,-2.0000,-1.5000,1.3000,0.0000
param,387,1.0611,0.4463,0.9554,-0.1672
pos,388,-2.1254,-1.7031,0.0758,0.0738
input,388,-0.1204,0.0324,-0.0349,0.4650
target,388,-2.0000,-1.5000,1.3000,0.0000
param,388,1.0611,0.4463,0.9554,-0.1672
pos,389,-2.1255,-1.7031,0.0759,0.0743
input,389,-0.1204,0.0324,-0.0349,0.4650
target,389,-2.0000,-1.5000,1.3000,0.0000
param,389,1.0611,0.4463,0.9554,-0.1672
pos,390,-2.1256,-1.7030,0.0761,0.0750
input,390,-0.1204,0.0324,-0.0349,0.4650
target,390,-2.0000,-1.5000,1.3000,0.0000
param,390,1.0611,0.4463,0.9554,-0.1672
pos,391,-2.1257,-1.7030,0.0762,0.0759
input,391,-0.1204,0.0324,-0.0349,0.4650
target,391,-2.0000,-1.5000,1.3000,0.0000
param,391,1.0611,0.4463,0.9554,-0.1672
pos,392,-2.1257,-1.7030,0.0763,0.0765
input,392,-0.1204,0.0324,-0.0349,0.4650
target,392,-2.0000,-1.5000,1.3000,0.0000
param,392,1.0611,0.4463,0.9554,-0.1672
pos,393,-2.1257,-1.7030,0.0763,0.0769
input,393,-0.1204,0.0324,-0.0349,0.4650
target,393,-2.0000,-1.5000,1.3000,0.0000
param,393,1.0611,0.4463,0.9554,-0.1672
pos,394,-2.1258,-1.7029,0.0764,0.0775
input,394,-0.1204,0.0324,-0.0349,0.4650
target,394,-2.0000,-1.5000,1.3000,0.0000
param,394,1.0611,0.4463,0.9554,-0.1672
pos,395,-2.1258,-1.7029,0.0765,0.0780
input,395,-0.1204,0.0324,-0.0349,0.4650
target,395,-2.0000,-1.5000,1.3000,0.0000
param,395,1.0611,0.4463,0.9554,-0.1672
pos,396,-2.1258,-1.7029,0.0766,0.0788
input,396,-0.1204,0.0324,-0.0349,0.4650
target,396,-2.0000,-1.5000,1.3000,0.0000
param,396,1.0611,0.4463,0.9554,-0.1672
pos,397,-2.1259,-1.7028,0.0766,0.0791
input,397,-0.1204,0.0324,-0.0349,0.4650
target,397,-2.0000,-1.5000,1.3000,0.0000
param,397,1.0611,0.4463,0.9554,-0.1672
pos,398,-2.1259,-1.7029,0.0767,0.0801
input,398,-0.1204,0.0324,-0.0349,0.4650
target,398,-2.0000,-1.5000,1.3000,0.0000
param,398,1.0611,0.4463,0.9554,-0.1672
pos,399,-2.1260,-1.7029,0.0767,0.0810
input,399,-0.1204,0.0324,-0.0349,0.4650
target,399,-2.0000,-1.5000,1.3000,0.0000
param,399,1.0611,0.4463,0.9554,-0.1672
pos,400,-2.1260,-1.7029,0.0768,0.0814
input,400,-0.1204,0.0324,-0.0349,0.4650
target,400,-2.0000,-1.5000,1.3000,0.0000
param,400,1.0611,0.4463,0.9554,-0.1672
pos,401,-2.1260,-1.7029,0.0768,0.0816
input,401,-0.1204,0.0324,-0.0349,0.4650
target,401,-2.0000,-1.5000,1.3000,0.0000
param,401,1.0611,0.4463,0.9554,-0.1672
pos,402,-2.1260,-1.7028,0.0769,0.0821
input,402,-0.1204,0.0324,-0.0349,0.4650
target,402,-2.0000,-1.5000,1.3000,0.0000
param,402,1.0611,0.4463,0.9554,-0.1672
pos,403,-2.1260,-1.7028,0.0769,0.0819
input,403,-0.1180,0.0319,-0.0345,0.4604
target,403,-2.0000,-1.5000,1.3000,0.0000
param,403,1.0611,0.4463,0.9554,-0.1672
pos,404,-2.1260,-1.7028,0.0769,0.0820
input,404,-0.1180,0.0319,-0.0345,0.4604
target,404,-2.0000,-1.5000,1.3000,0.0000
param,404,1.0611,0.4463,0.9554,-0.1672
pos,405,-2.1260,-1.7028,0.0769,0.0829
input,405,-0.1180,0.0319,-0.0345,0.4604
target,405,-2.0000,-1.5000,1.3000,0.0000
param,405,1.0611,0.4463,0.9554,-0.1672
pos,406,-2.1260,-1.7028,0.0769,0.0830
input,406,-0.1204,0.0324,-0.0349,0.4650
target,406,-2.0000,-1.5000,1.3000,0.0000
param,406,1.0611,0.4463,0.9554,-0.1672
pos,407,-2.1260,-1.7028,0.0769,0.0833
input,407,-0.1204,0.0324,-0.0349,0.4650
target,407,-2.0000,-1.5000,1.3000,0.0000
param,407,1.0611,0.4463,0.9554,-0.1672
pos,408,-2.1260,-1.7028,0.0769,0.0834
input,408,-0.1204,0.0324,-0.0349,0.4650
target,408,-2.0000,-1.5000,1.3000,0.0000
param,408,1.0611,0.4463,0.9554,-0.1672
pos,409,-2.1260,-1.7029,0.0770,0.0834
input,409,-0.1204,0.0324,-0.0349,0.4650
target,409,-2.0000,-1.5000,1.3000,0.0000
param,409,1.0611,0.4463,0.9554,-0.1672
pos,410,-2.1260,-1.7029,0.0770,0.0835
input,410,-0.1204,0.0324,-0.0349,0.4650
target,410,-2.0000,-1.5000,1.3000,0.0000
param,410,1.0611,0.4463,0.9554,-0.1672
pos,411,-2.1260,-1.7029,0.0770,0.0835
input,411,-0.1204,0.0324,-0.0349,0.4650
target,411,-2.0000,-1.5000,1.3000,0.0000
param,411,1.0611,0.4463,0.9554,-0.1672
pos,412,-2.1260,-1.7030,0.0770,0.0835
input,412,-0.1204,0.0324,-0.0349,0.4650
target,412,-2.0000,-1.5000,1.3000,0.0000
param,412,1.0611,0.4463,0.9554,-0.1672
pos,413,-2.1260,-1.7030,0.0770,0.0835
input,413,-0.1204,0.0324,-0.0349,0.4650
target,413,-2.0000,-1.5000,1.3000,0.0000
param,413,1.0611,0.4463,0.9554,-0.1672
pos,414,-2.1260,-1.7030,0.0770,0.0837
input,414,-0.1204,0.0324,-0.0349,0.4650
target,414,-2.0000,-1.5000,1.3000,0.0000
param,414,1.0611,0.4463,0.9554,-0.1672
pos,415,-2.1260,-1.7030,0.0770,0.0838
input,415,-0.1204,0.0324,-0.0349,0.4650
target,415,-2.0000,-1.5000,1.3000,0.0000
param,415,1.0611,0.4463,0.9554,-0.1672
pos,416,-2.1260,-1.7030,0.0770,0.0838
input,416,-0.1204,0.0324,-0.0349,0.4650
target,416,-2.0000,-1.5000,1.3000,0.0000
param,416,1.0611,0.4463,0.9554,-0.1672
pos,417,-2.1260,-1.7030,0.0770,0.0839
input,417,-0.1204,0.0324,-0.0349,0.4650
target,417,-2.0000,-1.5000,1.3000,0.0000
param,417,1.0611,0.4463,0.9554,-0.1672
pos,418,-2.1260,-1.7031,0.0770,0.0839
input,418,-0.1204,0.0324,-0.0349,0.4650
target,418,-2.0000,-1.5000,1.3000,0.0000
param,418,1.0611,0.4463,0.9554,-0.1672
pos,419,-2.1260,-1.7031,0.0771,0.0840
input,419,-0.1204,0.0324,-0.0349,0.4650
target,419,-2.0000,-1.5000,1.3000,0.0000
param,419,1.0611,0.4463,0.9554,-0.1672
pos,420,-2.1260,-1.7031,0.0771,0.0841
input,420,-0.1204,0.0324,-0.0349,0.4650
target,420,-2.0000,-1.5000,1.3000,0.0000
param,420,1.0611,0.4463,0.9554,-0.1672
pos,421,-2.1260,-1.7031,0.0771,0.0841
input,421,-0.1204,0.0324,-0.0349,0.4650
target,421,-2.0000,-1.5000,1.3000,0.0000
param,421,1.0611,0.4463,0.9554,-0.1672
pos,422,-2.1260,-1.7031,0.0771,0.0842
input,422,-0.1204,0.0324,-0.0349,0.4650
target,422,-2.0000,-1.5000,1.3000,0.0000
param,422,1.0611,0.4463,0.9554,-0.1672
pos,423,-2.1260,-1.7031,0.0771,0.0842
input,423,-0.1204,0.0324,-0.0349,0.4650
target,423,-2.0000,-1.5000,1.3000,0.0000
param,423,1.0611,0.4463,0.9554,-0.1672
pos,424,-2.1260,-1.7031,0.0771,0.0843
input,424,-0.1204,0.0324,-0.0349,0.4650
target,424,-2.0000,-1.5000,1.3000,0.0000
param,424,1.0611,0.4463,0.9554,-0.1672
pos,425,-2.1260,-1.7031,0.0771,0.0843
input,425,-0.1204,0.0324,-0.0349,0.4650
target,425,-2.0000,-1.5000,1.3000,0.0000
param,425,1.0611,0.4463,0.9554,-0.1672
pos,426,-2.1260,-1.7031,0.0771,0.0842
input,426,-0.1204,0.0324,-0.0349,0.4650
target,426,-2.0000,-1.5000,1.3000,0.0000
param,426,1.0611,0.4463,0.9554,-0.1672
pos,427,-2.1260,-1.7031,0.0771,0.0843
input,427,-0.1204,0.0324,-0.0349,0.4650
target,427,-2.0000,-1.5000,1.3000,0.0000
param,427,1.0611,0.4463,0.9554,-0.1672
pos,428,-2.1260,-1.7031,0.0771,0.0843
input,428,-0.1204,0.0324,-0.0349,0.4650
target,428,-2.0000,-1.5000,1.3000,0.0000
param,428,1.0611,0.4463,0.9554,-0.1672
pos,429,-2.1260,-1.7031,0.0771,0.0843
input,429,-0.1204,0.0324,-0.0349,0.4650
target,429,-2.0000,-1.5000,1.3000,0.0000
param,429,1.0611,0.4463,0.9554,-0.1672
pos,430,-2.1260,-1.7031,0.0771,0.0844
input,430,-0.1204,0.0324,-0.0349,0.4650
target,430,-2.0000,-1.5000,1.3000,0.0000
param,430,1.0611,0.4463,0.9554,-0.1672
pos,431,-2.1260,-1.7031,0.0771,0.0844
input,431,-0.1204,0.0324,-0.0349,0.4650
target,431,-2.0000,-1.5000,1.3000,0.0000
param,431,1.0611,0.4463,0.9554,-0.1672
pos,432,-2.1260,-1.7031,0.0771,0.0844
input,432,-0.1204,0.0324,-0.0349,0.4650
target,432,-2.0000,-1.5000,1.3000,0.0000
param,432,1.0611,0.4463,0.9554,-0.1672
pos,433,-2.1260,-1.7031,0.0771,0.0844
input,433,-0.1204,0.0324,-0.0349,0.4650
target,433,-2.0000,-1.5000,1.3000,0.0000
param,433,1.0611,0.4463,0.9554,-0.1672
pos,434,-2.1260,-1.7031,0.0771,0.0845
input,434,-0.1204,0.0324,-0.0349,0.4650
target,434,-2.0000,-1.5000,1.3000,0.0000
param,434,1.0611,0.4463,0.9554,-0.1672
pos,435,-2.1260,-1.7032,0.0770,0.0844
input,435,-0.1204,0.0324,-0.0349,0.4650
target,435,-2.0000,-1.5000,1.3000,0.0000
param,435,1.0611,0.4463,0.9554,-0.1672
pos,436,-2.1260,-1.7032,0.0770,0.0845
input,436,-0.1204,0.0324,-0.0349,0.4650
target,436,-2.0000,-1.5000,1.3000,0.0000
param,436,1.0611,0.4463,0.9554,-0.1672
pos,437,-2.1260,-1.7032,0.0770,0.0845
input,437,-0.1204,0.0324,-0.0349,0.4650
target,437,-2.0000,-1.5000,1.3000,0.0000
param,437,1.0611,0.4463,0.9554,-0.1672
pos,438,-2.1260,-1.7032,0.0770,0.0845
input,438,-0.1204,0.0324,-0.0349,0.4650
target,438,-2.0000,-1.5000,1.3000,0.0000
param,438,1.0611,0.4463,0.9554,-0.1672
pos,439,-2.1260,-1.7032,0.0770,0.0845
input,439,-0.1204,0.0324,-0.0349,0.4650
target,439,-2.0000,-1.5000,1.3000,0.0000
param,439,1.0611,0.4463,0.9554,-0.1672
pos,440,-2.1260,-1.7032,0.0770,0.0845
input,440,-0.1204,0.0324,-0.0349,0.4650
target,440,-2.0000,-1.5000,1.3000,0.0000
param,440,1.0611,0.4463,0.9554,-0.1672
pos,441,-2.1260,-1.7032,0.0770,0.0846
input,441,-0.1204,0.0324,-0.0349,0.4650
target,441,-2.0000,-1.5000,1.3000,0.0000
param,441,1.0611,0.4463,0.9554,-0.1672
pos,442,-2.1260,-1.7031,0.0770,0.0846
input,442,-0.1204,0.0324,-0.0349,0.4650
target,442,-2.0000,-1.5000,1.3000,0.0000
param,442,1.0611,0.4463,0.9554,-0.1672
pos,443,-2.1260,-1.7031,0.0770,0.0846
input,443,-0.1204,0.0324,-0.0349,0.4650
target,443,-2.0000,-1.5000,1.3000,0.0000
param,443,1.0611,0.4463,0.9554,-0.1672
pos,444,-2.1260,-1.7031,0.0770,0.0847
input,444,-0.1204,0.0324,-0.0349,0.4650
target,444,-2.0000,-1.5000,1.3000,0.0000
param,444,1.0611,0.4463,0.9554,-0.1672
pos,445,-2.1260,-1.7031,0.0770,0.0846
input,445,-0.1204,0.0324,-0.0349,0.4650
target,445,-2.0000,-1.5000,1.3000,0.0000
param,445,1.0611,0.4463,0.9554,-0.1672
pos,446,-2.1260,-1.7031,0.0771,0.0846
input,446,-0.1204,0.0324,-0.0349,0.4650
target,446,-2.0000,-1.5000,1.3000,0.0000
param,446,1.0611,0.4463,0.9554,-0.1672
pos,447,-2.1260,-1.7031,0.0771,0.0846
input,447,-0.1204,0.0324,-0.0349,0.4650
target,447,-2.0000,-1.5000,1.3000,0.0000
param,447,1.0611,0.4463,0.9554,-0.1672
pos,448,-2.1260,-1.7031,0.0771,0.0847
input,448,-0.1204,0.0324,-0.0349,0.4650
target,448,-2.0000,-1.5000,1.3000,0.0000
param,448,1.0611,0.4463,0.9554,-0.1672
pos,449,-2.1260,-1.7031,0.0771,0.0847
input,449,-0.1204,0.0324,-0.0349,0.4650
target,449,-2.0000,-1.5000,1.3000,0.0000
param,449,1.0611,0.4463,0.9554,-0.1672
pos,450,-2.1260,-1.7031,0.0771,0.0848
input,450,-0.1204,0.0324,-0.0349,0.4650
target,450,-2.0000,-1.5000,1.3000,0.0000
param,450,1.0611,0.4463,0.9554,-0.1672
pos,451,-2.1260,-1.7031,0.0771,0.0846
input,451,-0.1204,0.0324,-0.0349,0.4650
target,451,-2.0000,-1.5000,1.3000,0.0000
param,451,1.0611,0.4463,0.9554,-0.1672
pos,452,-2.1260,-1.7031,0.0771,0.0846
input,452,-0.1204,0.0324,-0.0349,0.4650
target,452,-2.0000,-1.5000,1.3000,0.0000
param,452,1.0611,0.4463,0.9554,-0.1672
pos,453,-2.1260,-1.7031,0.0771,0.0846
input,453,-0.1204,0.0324,-0.0349,0.4650
target,453,-2.0000,-1.5000,1.3000,0.0000
param,453,1.0611,0.4463,0.9554,-0.1672
pos,454,-2.1260,-1.7031,0.0771,0.0847
input,454,-0.1204,0.0324,-0.0349,0.4650
target,454,-2.0000,-1.5000,1.3000,0.0000
param,454,1.0611,0.4463,0.9554,-0.1672
pos,455,-2.1260,-1.7031,0.0771,0.0847
input,455,-0.1204,0.0324,-0.0349,0.4650
target,455,-2.0000,-1.5000,1.3000,0.0000
param,455,1.0611,0.4463,0.9554,-0.1672
pos,456,-2.1260,-1.7031,0.0771,0.0847
input,456,-0.1204,0.0324,-0.0349,0.4650
target,456,-2.0000,-1.5000,1.3000,0.0000
param,456,1.0611,0.4463,0.9554,-0.1672
pos,457,-2.1260,-1.7031,0.0771,0.0846
input,457,-0.1204,0.0324,-0.0349,0.4650
target,457,-2.0000,-1.5000,1.3000,0.0000
param,457,1.0611,0.4463,0.9554,-0.1672
pos,458,-2.1260,-1.7031,0.0771,0.0846
input,458,-0.1204,0.0324,-0.0349,0.4650
target,458,-2.0000,-1.5000,1.3000,0.0000
param,458,1.0611,0.4463,0.9554,-0.1672
pos,459,-2.1260,-1.7031,0.0771,0.0846
input,459,-0.1204,0.0324,-0.0349,0.4650
target,459,-2.0000,-1.5000,1.3000,0.0000
param,459,1.0611,0.4463,0.9554,-0.1672
pos,460,-2.1260,-1.7031,0.0771,0.0847
input,460,-0.1204,0.0324,-0.0349,0.4650
target,460,-2.0000,-1.5000,1.3000,0.0000
param,460,1.0611,0.4463,0.9554,-0.1672
pos,461,-2.1260,-1.7031,0.0771,0.0847
input,461,-0.1204,0.0324,-0.0349,0.4650
target,461,-2.0000,-1.5000,1.3000,0.0000
param,461,1.0611,0.4463,0.9554,-0.1672
pos,462,-2.1260,-1.7031,0.0771,0.0848
input,462,-0.1204,0.0324,-0.0349,0.4650
target,462,-2.0000,-1.5000,1.3000,0.0000
param,462,1.0611,0.4463,0.9554,-0.1672
pos,463,-2.1260,-1.7031,0.0771,0.0848
input,463,-0.1204,0.0324,-0.0349,0.4650
target,463,-2.0000,-1.5000,1.3000,0.0000
param,463,1.0611,0.4463,0.9554,-0.1672
pos,464,-2.1260,-1.7031,0.0771,0.0848
input,464,-0.1204,0.0324,-0.0349,0.4650
target,464,-2.0000,-1.5000,1.3000,0.0000
param,464,1.0611,0.4463,0.9554,-0.1672
pos,465,-2.1260,-1.7031,0.0771,0.0848
input,465,-0.1204,0.0324,-0.0349,0.4650
target,465,-2.0000,-1.5000,1.3000,0.0000
param,465,1.0611,0.4463,0.9554,-0.1672
pos,466,-2.1260,-1.7031,0.0771,0.0848
input,466,-0.1204,0.0324,-0.0349,0.4650
target,466,-2.0000,-1.5000,1.3000,0.0000
param,466,1.0611,0.4463,0.9554,-0.1672
pos,467,-2.1260,-1.7031,0.0771,0.0848
input,467,-0.1204,0.0324,-0.0349,0.4650
target,467,-2.0000,-1.5000,1.3000,0.0000
param,467,1.0611,0.4463,0.9554,-0.1672
pos,468,-2.1260,-1.7031,0.0771,0.0849
input,468,-0.1204,0.0324,-0.0349,0.4650
target,468,-2.0000,-1.5000,1.3000,0.0000
param,468,1.0611,0.4463,0.9554,-0.1672
pos,469,-2.1260,-1.7031,0.0771,0.0849
input,469,-0.1204,0.0324,-0.0349,0.4650
target,469,-2.0000,-1.5000,1.3000,0.0000
param,469,1.0611,0.4463,0.9554,-0.1672
pos,470,-2.1260,-1.7031,0.0771,0.0849
input,470,-0.1204,0.0324,-0.0349,0.4650
target,470,-2.0000,-1.5000,1.3000,0.0000
param,470,1.0611,0.4463,0.9554,-0.1672
pos,471,-2.1260,-1.7031,0.0771,0.0849
input,471,-0.1204,0.0324,-0.0349,0.4650
target,471,-2.0000,-1.5000,1.3000,0.0000
param,471,1.0611,0.4463,0.9554,-0.1672
pos,472,-2.1260,-1.7031,0.0771,0.0849
input,472,-0.1204,0.0324,-0.0349,0.4650
target,472,-2.0000,-1.5000,1.3000,0.0000
param,472,1.0611,0.4463,0.9554,-0.1672
pos,473,-2.1260,-1.7031,0.0771,0.0849
input,473,-0.1204,0.0324,-0.0349,0.4650
target,473,-2.0000,-1.5000,1.3000,0.0000
param,473,1.0611,0.4463,0.9554,-0.1672
pos,474,-2.1260,-1.7031,0.0771,0.0849
input,474,-0.1204,0.0324,-0.0349,0.4650
target,474,-2.0000,-1.5000,1.3000,0.0000
param,474,1.0611,0.4463,0.9554,-0.1672
pos,475,-2.1260,-1.7031,0.0771,0.0850
input,475,-0.1204,0.0324,-0.0349,0.4650
target,475,-2.0000,-1.5000,1.3000,0.0000
param,475,1.0611,0.4463,0.9554,-0.1672
pos,476,-2.1260,-1.7031,0.0771,0.0849
input,476,-0.1204,0.0324,-0.0349,0.4650
target,476,-2.0000,-1.5000,1.3000,0.0000
param,476,1.0611,0.4463,0.9554,-0.1672
pos,477,-2.1260,-1.7031,0.0771,0.0849
input,477,-0.1204,0.0324,-0.0349,0.4650
target,477,-2.0000,-1.5000,1.3000,0.0000
param,477,1.0611,0.4463,0.9554,-0.1672
pos,478,-2.1260,-1.7031,0.0771,0.0849
input,478,-0.1204,0.0324,-0.0349,0.4650
target,478,-2.0000,-1.5000,1.3000,0.0000
param,478,1.0611,0.4463,0.9554,-0.1672
pos,479,-2.1260,-1.7031,0.0771,0.0849
input,479,-0.1204,0.0324,-0.0349,0.4650
target,479,-2.0000,-1.5000,1.3000,0.0000
param,479,1.0611,0.4463,0.9554,-0.1672
pos,480,-2.1260,-1.7031,0.0771,0.0849
input,480,-0.1204,0.0324,-0.0349,0.4650
target,480,-2.0000,-1.5000,1.3000,0.0000
param,480,1.0611,0.4463,0.9554,-0.1672
pos,481,-2.1260,-1.7031,0.0771,0.0849
input,481,-0.1204,0.0324,-0.0349,0.4650
target,481,-2.0000,-1.5000,1.3000,0.0000
param,481,1.0611,0.4463,0.9554,-0.1672
pos,482,-2.1260,-1.7031,0.0771,0.0849
input,482,-0.1204,0.0324,-0.0349,0.4650
target,482,-2.0000,-1.5000,1.3000,0.0000
param,482,1.0611,0.4463,0.9554,-0.1672
pos,483,-2.1260,-1.7031,0.0771,0.0849
input,483,-0.1204,0.0324,-0.0349,0.4650
target,483,-2.0000,-1.5000,1.3000,0.0000
param,483,1.0611,0.4463,0.9554,-0.1672
pos,484,-2.1260,-1.7031,0.0771,0.0850
input,484,-0.1204,0.0324,-0.0349,0.4650
target,484,-2.0000,-1.5000,1.3000,0.0000
param,484,1.0611,0.4463,0.9554,-0.1672
pos,485,-2.1260,-1.7031,0.0771,0.0850
input,485,-0.1204,0.0324,-0.0349,0.4650
target,485,-2.0000,-1.5000,1.3000,0.0000
param,485,1.0611,0.4463,0.9554,-0.1672
pos,486,-2.1260,-1.7031,0.0771,0.0849
input,486,-0.1204,0.0324,-0.0349,0.4650
target,486,-2.0000,-1.5000,1.3000,0.0000
param,486,1.0611,0.4463,0.9554,-0.1672
pos,487,-2.1260,-1.7031,0.0771,0.0849
input,487,-0.1204,0.0324,-0.0349,0.4650
target,487,-2.0000,-1.5000,1.3000,0.0000
param,487,1.0611,0.4463,0.9554,-0.1672
pos,488,-2.1260,-1.7031,0.0771,0.0850
input,488,-0.1204,0.0324,-0.0349,0.4650
target,488,-2.0000,-1.5000,1.3000,0.0000
param,488,1.0611,0.4463,0.9554,-0.1672
pos,489,-2.1260,-1.7031,0.0771,0.0850
input,489,-0.1204,0.0324,-0.0349,0.4650
target,489,-2.0000,-1.5000,1.3000,0.0000
param,489,1.0611,0.4463,0.9554,-0.1672
pos,490,-2.1260,-1.7031,0.0771,0.0849
input,490,-0.1204,0.0324,-0.0349,0.4650
target,490,-2.0000,-1.5000,1.3000,0.0000
param,490,1.0611,0.4463,0.9554,-0.1672
pos,491,-2.1260,-1.7031,0.0771,0.0850
input,491,-0.1204,0.0324,-0.0349,0.4650
target,491,-2.0000,-1.5000,1.3000,0.0000
param,491,1.0611,0.4463,0.9554,-0.1672
pos,492,-2.1260,-1.7031,0.0771,0.0850
input,492,-0.1204,0.0324,-0.0349,0.4650
target,492,-2.0000,-1.5000,1.3000,0.0000
param,492,1.0611,0.4463,0.9554,-0.1672
pos,493,-2.1260,-1.7031,0.0771,0.0850
input,493,-0.1204,0.0324,-0.0349,0.4650
target,493,-2.0000,-1.5000,1.3000,0.0000
param,493,1.0611,0.4463,0.9554,-0.1672
pos,494,-2.1260,-1.7031,0.0771,0.0850
input,494,-0.1204,0.0324,-0.0349,0.4650
target,494,-2.0000,-1.5000,1.3000,0.0000
param,494,1.0611,0.4463,0.9554,-0.1672
pos,495,-2.1260,-1.7031,0.0771,0.0850
input,495,-0.1204,0.0324,-0.0349,0.4650
target,495,-2.0000,-1.5000,1.3000,0.0000
param,495,1.0611,0.4463,0.9554,-0.1672
pos,496,-2.1260,-1.7031,0.0771,0.0850
input,496,-0.1204,0.0324,-0.0349,0.4650
target,496,-2.0000,-1.5000,1.3000,0.0000
param,496,1.0611,0.4463,0.9554,-0.1672
pos,497,-2.1260,-1.7031,0.0771,0.0850
input,497,-0.1204,0.0324,-0.0349,0.4650
target,497,-2.0000,-1.5000,1.3000,0.0000
param,497,1.0611,0.4463,0.9554,-0.1672
pos,498,-2.1260,-1.7031,0.0771,0.0850
input,498,-0.1204,0.0324,-0.0349,0.4650
target,498,-2.0000,-1.5000,1.3000,0.0000
param,498,1.0611,0.4463,0.9554,-0.1672
pos,499,-2.1260,-1.7031,0.0771,0.0850
input,499,-0.1204,0.0324,-0.0349,0.4650
target,499,-2.0000,-1.5000,1.3000,0.0000
param,499,1.0611,0.4463,0.9554,-0.1672
pos,500,-2.1260,-1.7031,0.0771,0.0849
input,500,-0.1204,0.0324,-0.0349,0.4650
target,500,-2.0000,-1.5000,1.3000,0.0000
param,500,1.0611,0.4463,0.9554,-0.1672
pos,501,-2.1260,-1.7031,0.0771,0.0849
input,501,-0.1204,0.0324,-0.0349,0.4650
target,501,-2.0000,-1.5000,1.3000,0.0000
param,501,1.0611,0.4463,0.9554,-0.1672
pos,502,-2.1260,-1.7031,0.0771,0.0849
input,502,-0.1204,0.0324,-0.0349,0.4650
target,502,-2.0000,-1.5000,1.3000,0.0000
param,502,1.0611,0.4463,0.9554,-0.1672
pos,503,-2.1260,-1.7031,0.0771,0.0848
input,503,-0.1204,0.0324,-0.0349,0.4650
target,503,-2.0000,-1.5000,1.3000,0.0000
param,503,1.0611,0.4463,0.9554,-0.1672
pos,504,-2.1260,-1.7031,0.0771,0.0848
input,504,-0.1204,0.0324,-0.0349,0.4650
target,504,-2.0000,-1.5000,1.3000,0.0000
param,504,1.0611,0.4463,0.9554,-0.1672
pos,505,-2.1260,-1.7031,0.0771,0.0848
input,505,-0.1204,0.0324,-0.0349,0.4650
target,505,-2.0000,-1.5000,1.3000,0.0000
param,505,1.0611,0.4463,0.9554,-0.1672
pos,506,-2.1260,-1.7031,0.0771,0.0849
input,506,-0.1204,0.0324,-0.0349,0.4650
target,506,-2.0000,-1.5000,1.3000,0.0000
param,506,1.0611,0.4463,0.9554,-0.1672
pos,507,-2.1260,-1.7031,0.0771,0.0849
input,507,-0.1204,0.0324,-0.0349,0.4650
target,507,-2.0000,-1.5000,1.3000,0.0000
param,507,1.0611,0.4463,0.9554,-0.1672
pos,508,-2.1260,-1.7031,0.0771,0.0849
input,508,-0.1204,0.0324,-0.0349,0.4650
target,508,-2.0000,-1.5000,1.3000,0.0000
param,508,1.0611,0.4463,0.9554,-0.1672
pos,509,-2.1260,-1.7031,0.0771,0.0850
input,509,-0.1204,0.0324,-0.0349,0.4650
target,509,-2.0000,-1.5000,1.3000,0.0000
param,509,1.0611,0.4463,0.9554,-0.1672
pos,510,-2.1260,-1.7031,0.0771,0.0850
input,510,-0.1204,0.0324,-0.0349,0.4650
target,510,-2.0000,-1.5000,1.3000,0.0000
param,510,1.0611,0.4463,0.9554,-0.1672
pos,511,-2.1260,-1.7031,0.0771,0.0850
input,511,-0.1204,0.0324,-0.0349,0.4650
target,511,-2.0000,-1.5000,1.3000,0.0000
param,511,1.0611,0.4463,0.9554,-0.1672
pos,512,-2.1260,-1.7031,0.0771,0.0851
input,512,-0.1204,0.0324,-0.0349,0.4650
target,512,-2.0000,-1.5000,1.3000,0.0000
param,512,1.0611,0.4463,0.9554,-0.1672
pos,513,-2.1260,-1.7031,0.0771,0.0852
input,513,-0.1204,0.0324,-0.0349,0.4650
target,513,-2.0000,-1.5000,1.3000,0.0000
param,513,1.0611,0.4463,0.9554,-0.1672
pos,514,-2.1260,-1.7031,0.0771,0.0852
input,514,-0.1204,0.0324,-0.0349,0.4650
target,514,-2.0000,-1.5000,1.3000,0.0000
param,514,1.0611,0.4463,0.9554,-0.1672
pos,515,-2.1260,-1.7031,0.0771,0.0851
input,515,-0.1204,0.0324,-0.0349,0.4650
target,515,-2.0000,-1.5000,1.3000,0.0000
param,515,1.0611,0.4463,0.9554,-0.1672
pos,516,-2.1260,-1.7031,0.0771,0.0851
input,516,-0.1204,0.0324,-0.0349,0.4650
target,516,-2.0000,-1.5000,1.3000,0.0000
param,516,1.0611,0.4463,0.9554,-0.1672
pos,517,-2.1260,-1.7031,0.0771,0.0851
input,517,-0.1204,0.0324,-0.0349,0.4650
target,517,-2.0000,-1.5000,1.3000,0.0000
param,517,1.0611,0.4463,0.9554,-0.1672
pos,518,-2.1260,-1.7031,0.0771,0.0852
input,518,-0.1204,0.0324,-0.0349,0.4650
target,518,-2.0000,-1.5000,1.3000,0.0000
param,518,1.0611,0.4463,0.9554,-0.1672
pos,519,-2.1260,-1.7031,0.0771,0.0852
input,519,-0.1204,0.0324,-0.0349,0.4650
target,519,-2.0000,-1.5000,1.3000,0.0000
param,519,1.0611,0.4463,0.9554,-0.1672
pos,520,-2.1260,-1.7031,0.0771,0.0852
input,520,-0.1204,0.0324,-0.0349,0.4650
target,520,-2.0000,-1.5000,1.3000,0.0000
param,520,1.0611,0.4463,0.9554,-0.1672
pos,521,-2.1260,-1.7031,0.0771,0.0852
input,521,-0.1204,0.0324,-0.0349,0.4650
target,521,-2.0000,-1.5000,1.3000,0.0000
param,521,1.0611,0.4463,0.9554,-0.1672
pos,522,-2.1260,-1.7031,0.0771,0.0852
input,522,-0.1204,0.0324,-0.0349,0.4650
target,522,-2.0000,-1.5000,1.3000,0.0000
param,522,1.0611,0.4463,0.9554,-0.1672
pos,523,-2.1260,-1.7031,0.0771,0.0852
input,523,-0.1204,0.0324,-0.0349,0.4650
target,523,-2.0000,-1.5000,1.3000,0.0000
param,523,1.0611,0.4463,0.9554,-0.1672
pos,524,-2.1260,-1.7031,0.0771,0.0851
input,524,-0.1204,0.0324,-0.0349,0.4650
target,524,-2.0000,-1.5000,1.3000,0.0000
param,524,1.0611,0.4463,0.9554,-0.1672
pos,525,-2.1260,-1.7031,0.0771,0.0851
input,525,-0.1204,0.0324,-0.0349,0.4650
target,525,-2.0000,-1.5000,1.3000,0.0000
param,525,1.0611,0.4463,0.9554,-0.1672
pos,526,-2.1260,-1.7031,0.0771,0.0851
input,526,-0.1204,0.0324,-0.0349,0.4650
target,526,-2.0000,-1.5000,1.3000,0.0000
param,526,1.0611,0.4463,0.9554,-0.1672
pos,527,-2.1260,-1.7031,0.0771,0.0851
input,527,-0.1204,0.0324,-0.0349,0.4650
target,527,-2.0000,-1.5000,1.3000,0.0000
param,527,1.0611,0.4463,0.9554,-0.1672
pos,528,-2.1260,-1.7031,0.0771,0.0851
input,528,-0.1204,0.0324,-0.0349,0.4650
target,528,-2.0000,-1.5000,1.3000,0.0000
param,528,1.0611,0.4463,0.9554,-0.1672
pos,529,-2.1260,-1.7031,0.0771,0.0851
input,529,-0.1204,0.0324,-0.0349,0.4650
target,529,-2.0000,-1.5000,1.3000,0.0000
param,529,1.0611,0.4463,0.9554,-0.1672
pos,530,-2.1260,-1.7031,0.0771,0.0851
input,530,-0.1204,0.0324,-0.0349,0.4650
target,530,-2.0000,-1.5000,1.3000,0.0000
param,530,1.0611,0.4463,0.9554,-0.1672
pos,531,-2.1260,-1.7031,0.0771,0.0851
input,531,-0.1204,0.0324,-0.0349,0.4650
target,531,-2.0000,-1.5000,1.3000,0.0000
param,531,1.0611,0.4463,0.9554,-0.1672
pos,532,-2.1260,-1.7031,0.0771,0.0851
input,532,-0.1204,0.0324,-0.0349,0.4650
target,532,-2.0000,-1.5000,1.3000,0.0000
param,532,1.0611,0.4463,0.9554,-0.1672
pos,533,-2.1260,-1.7031,0.0771,0.0851
input,533,-0.1204,0.0324,-0.0349,0.4650
target,533,-2.0000,-1.5000,1.3000,0.0000
param,533,1.0611,0.4463,0.9554,-0.1672
pos,534,-2.1260,-1.7031,0.0771,0.0851
input,534,-0.1204,0.0324,-0.0349,0.4650
target,534,-2.0000,-1.5000,1.3000,0.0000
param,534,1.0611,0.4463,0.9554,-0.1672
pos,535,-2.1260,-1.7031,0.0771,0.0852
input,535,-0.1204,0.0324,-0.0349,0.4650
target,535,-2.0000,-1.5000,1.3000,0.0000
param,535,1.0611,0.4463,0.9554,-0.1672
pos,536,-2.1260,-1.7031,0.0771,0.0852
input,536,-0.1204,0.0324,-0.0349,0.4650
target,536,-2.0000,-1.5000,1.3000,0.0000
param,536,1.0611,0.4463,0.9554,-0.1672
pos,537,-2.1260,-1.7031,0.0771,0.0852
input,537,-0.1204,0.0324,-0.0349,0.4650
target,537,-2.0000,-1.5000,1.3000,0.0000
param,537,1.0611,0.4463,0.9554,-0.1672
pos,538,-2.1260,-1.7031,0.0771,0.0852
input,538,-0.1204,0.0324,-0.0349,0.4650
target,538,-2.0000,-1.5000,1.3000,0.0000
param,538,1.0611,0.4463,0.9554,-0.1672
pos,539,-2.1260,-1.7031,0.0771,0.0852
input,539,-0.1204,0.0324,-0.0349,0.4650
target,539,-2.0000,-1.5000,1.3000,0.0000
param,539,1.0611,0.4463,0.9554,-0.1672
pos,540,-2.1260,-1.7031,0.0771,0.0852
input,540,-0.1204,0.0324,-0.0349,0.4650
target,540,-2.0000,-1.5000,1.3000,0.0000
param,540,1.0611,0.4463,0.9554,-0.1672
pos,541,-2.1260,-1.7031,0.0771,0.0853
input,541,-0.1204,0.0324,-0.0349,0.4650
target,541,-2.0000,-1.5000,1.3000,0.0000
param,541,1.0611,0.4463,0.9554,-0.1672
pos,542,-2.1260,-1.7031,0.0771,0.0853
input,542,-0.1204,0.0324,-0.0349,0.4650
target,542,-2.0000,-1.5000,1.3000,0.0000
param,542,1.0611,0.4463,0.9554,-0.1672
pos,543,-2.1260,-1.7031,0.0771,0.0853
input,543,-0.1204,0.0324,-0.0349,0.4650
target,543,-2.0000,-1.5000,1.3000,0.0000
param,543,1.0611,0.4463,0.9554,-0.1672
pos,544,-2.1260,-1.7031,0.0771,0.0853
input,544,-0.1204,0.0324,-0.0349,0.4650
target,544,-2.0000,-1.5000,1.3000,0.0000
param,544,1.0611,0.4463,0.9554,-0.1672
pos,545,-2.1260,-1.7031,0.0771,0.0854
input,545,-0.1204,0.0324,-0.0349,0.4650
target,545,-2.0000,-1.5000,1.3000,0.0000
param,545,1.0611,0.4463,0.9554,-0.1672
pos,546,-2.1260,-1.7031,0.0771,0.0853
input,546,-0.1204,0.0324,-0.0349,0.4650
target,546,-2.0000,-1.5000,1.3000,0.0000
param,546,1.0611,0.4463,0.9554,-0.1672
pos,547,-2.1260,-1.7031,0.0771,0.0853
input,547,-0.1204,0.0324,-0.0349,0.4650
target,547,-2.0000,-1.5000,1.3000,0.0000
param,547,1.0611,0.4463,0.9554,-0.1672
pos,548,-2.1260,-1.7031,0.0771,0.0853
input,548,-0.1204,0.0324,-0.0349,0.4650
target,548,-2.0000,-1.5000,1.3000,0.0000
param,548,1.0611,0.4463,0.9554,-0.1672
pos,549,-2.1260,-1.7031,0.0771,0.0853
input,549,-0.1204,0.0324,-0.0349,0.4650
target,549,-2.0000,-1.5000,1.3000,0.0000
param,549,1.0611,0.4463,0.9554,-0.1672
pos,550,-2.1260,-1.7031,0.0771,0.0852
input,550,-0.1204,0.0324,-0.0349,0.4650
target,550,-2.0000,-1.5000,1.3000,0.0000
param,550,1.0611,0.4463,0.9554,-0.1672
pos,551,-2.1260,-1.7031,0.0771,0.0852
input,551,-0.1204,0.0324,-0.0349,0.4650
target,551,-2.0000,-1.5000,1.3000,0.0000
param,551,1.0611,0.4463,0.9554,-0.1672
pos,552,-2.1260,-1.7031,0.0771,0.0853
input,552,-0.1204,0.0324,-0.0349,0.4650
target,552,-2.0000,-1.5000,1.3000,0.0000
param,552,1.0611,0.4463,0.9554,-0.1672
pos,553,-2.1260,-1.7031,0.0771,0.0853
input,553,-0.1204,0.0324,-0.0349,0.4650
target,553,-2.0000,-1.5000,1.3000,0.0000
param,553,1.0611,0.4463,0.9554,-0.1672
pos,554,-2.1260,-1.7031,0.0771,0.0853
input,554,-0.1204,0.0324,-0.0349,0.4650
target,554,-2.0000,-1.5000,1.3000,0.0000
param,554,1.0611,0.4463,0.9554,-0.1672
pos,555,-2.1260,-1.7031,0.0771,0.0853
input,555,-0.1204,0.0324,-0.0349,0.4650
target,555,-2.0000,-1.5000,1.3000,0.0000
param,555,1.0611,0.4463,0.9554,-0.1672
pos,556,-2.1260,-1.7031,0.0771,0.0853
input,556,-0.1204,0.0324,-0.0349,0.4650
target,556,-2.0000,-1.5000,1.3000,0.0000
param,556,1.0611,0.4463,0.9554,-0.1672
pos,557,-2.1260,-1.7031,0.0771,0.0853
input,557,-0.1204,0.0324,-0.0349,0.4650
target,557,-2.0000,-1.5000,1.3000,0.0000
param,557,1.0611,0.4463,0.9554,-0.1672
pos,558,-2.1260,-1.7031,0.0771,0.0853
input,558,-0.1204,0.0324,-0.0349,0.4650
target,558,-2.0000,-1.5000,1.3000,0.0000
param,558,1.0611,0.4463,0.9554,-0.1672
pos,559,-2.1260,-1.7031,0.0771,0.0853
input,559,-0.1204,0.0324,-0.0349,0.4650
target,559,-2.0000,-1.5000,1.3000,0.0000
param,559,1.0611,0.4463,0.9554,-0.1672
pos,560,-2.1260,-1.7031,0.0771,0.0853
input,560,-0.1204,0.0324,-0.0349,0.4650
target,560,-2.0000,-1.5000,1.3000,0.0000
param,560,1.0611,0.4463,0.9554,-0.1672
pos,561,-2.1260,-1.7031,0.0771,0.0853
input,561,-0.1204,0.0324,-0.0349,0.4650
target,561,-2.0000,-1.5000,1.3000,0.0000
param,561,1.0611,0.4463,0.9554,-0.1672
pos,562,-2.1260,-1.7031,0.0771,0.0853
input,562,-0.1204,0.0324,-0.0349,0.4650
target,562,-2.0000,-1.5000,1.3000,0.0000
param,562,1.0611,0.4463,0.9554,-0.1672
pos,563,-2.1260,-1.7031,0.0771,0.0854
input,563,-0.1204,0.0324,-0.0349,0.4650
target,563,-2.0000,-1.5000,1.3000,0.0000
param,563,1.0611,0.4463,0.9554,-0.1672
pos,564,-2.1260,-1.7031,0.0771,0.0854
input,564,-0.1204,0.0324,-0.0349,0.4650
target,564,-2.0000,-1.5000,1.3000,0.0000
param,564,1.0611,0.4463,0.9554,-0.1672
pos,565,-2.1260,-1.7031,0.0771,0.0854
input,565,-0.1204,0.0324,-0.0349,0.4650
target,565,-2.0000,-1.5000,1.3000,0.0000
param,565,1.0611,0.4463,0.9554,-0.1672
pos,566,-2.1260,-1.7031,0.0771,0.0854
input,566,-0.1204,0.0324,-0.0349,0.4650
target,566,-2.0000,-1.5000,1.3000,0.0000
param,566,1.0611,0.4463,0.9554,-0.1672
pos,567,-2.1260,-1.7031,0.0771,0.0855
input,567,-0.1204,0.0324,-0.0349,0.4650
target,567,-2.0000,-1.5000,1.3000,0.0000
param,567,1.0611,0.4463,0.9554,-0.1672
pos,568,-2.1260,-1.7031,0.0771,0.0854
input,568,-0.1204,0.0324,-0.0349,0.4650
target,568,-2.0000,-1.5000,1.3000,0.0000
param,568,1.0611,0.4463,0.9554,-0.1672
pos,569,-2.1260,-1.7031,0.0771,0.0854
input,569,-0.1204,0.0324,-0.0349,0.4650
target,569,-2.0000,-1.5000,1.3000,0.0000
param,569,1.0611,0.4463,0.9554,-0.1672
pos,570,-2.1260,-1.7031,0.0771,0.0854
input,570,-0.1204,0.0324,-0.0349,0.4650
target,570,-2.0000,-1.5000,1.3000,0.0000
param,570,1.0611,0.4463,0.9554,-0.1672
pos,571,-2.1260,-1.7031,0.0771,0.0854
input,571,-0.1204,0.0324,-0.0349,0.4650
target,571,-2.0000,-1.5000,1.3000,0.0000
param,571,1.0611,0.4463,0.9554,-0.1672
pos,572,-2.1260,-1.7031,0.0771,0.0854
input,572,-0.1204,0.0324,-0.0349,0.4650
target,572,-2.0000,-1.5000,1.3000,0.0000
param,572,1.0611,0.4463,0.9554,-0.1672
pos,573,-2.1260,-1.7031