pos,0,-2.0503,-3.0961,1.1461,0.0613
input,0,-0.0501,0.0404,-0.0425,0.1470
target,0,-2.0000,-3.0000,1.3000,0.0000
param,0,1.0611,0.4470,0.9554,-0.1672
pos,1,-2.0486,-3.0949,1.1471,0.0624
input,1,-0.0481,0.0375,-0.0433,0.1447
target,1,-2.0000,-1.5000,1.3000,0.0000
param,1,1.0611,0.4470,0.9554,-0.1672
pos,2,-2.0469,-3.0935,1.1479,0.0622
input,2,-0.0474,0.0370,-0.0430,0.1435
target,2,-2.0000,-1.5000,1.3000,0.0000
param,2,1.0611,0.4470,0.9554,-0.1672
pos,3,-2.0451,-3.0922,1.1486,0.0616
input,3,-0.4357,-0.0681,-0.0282,-0.0568
target,3,-2.0000,-1.5000,1.3000,0.0000
param,3,1.0611,0.4470,0.9554,-0.1672
pos,4,-2.0435,-3.0909,1.1494,0.0608
input,4,-0.4357,-0.0681,-0.0282,-0.0568
target,4,-2.0000,-1.5000,1.3000,0.0000
param,4,1.0611,0.4470,0.9554,-0.1672
pos,5,-2.0420,-3.0896,1.1502,0.0607
input,5,-0.4357,-0.0681,-0.0282,-0.0568
target,5,-2.0000,-1.5000,1.3000,0.0000
param,5,1.0611,0.4470,0.9554,-0.1672
pos,6,-2.0407,-3.0884,1.1509,0.0604
input,6,-0.4357,-0.0681,-0.0282,-0.0568
target,6,-2.0000,-1.5000,1.3000,0.0000
param,6,1.0611,0.4470,0.9554,-0.1672
pos,7,-2.0392,-3.0872,1.1516,0.0610
input,7,-0.4293,-0.0569,-0.0268,-0.0563
target,7,-2.0000,-1.5000,1.3000,0.0000
param,7,1.0611,0.4470,0.9554,-0.1672
pos,8,-2.0379,-3.0860,1.1523,0.0614
input,8,-0.4293,-0.0569,-0.0268,-0.0563
target,8,-2.0000,-1.5000,1.3000,0.0000
param,8,1.0611,0.4470,0.9554,-0.1672
pos,9,-2.0364,-3.0849,1.1529,0.0608
input,9,-0.4293,-0.0569,-0.0268,-0.0563
target,9,-2.0000,-1.5000,1.3000,0.0000
param,9,1.0611,0.4470,0.9554,-0.1672
pos,10,-2.0351,-3.0838,1.1535,0.0603
input,10,-0.4260,-0.0472,-0.0249,-0.0541
target,10,-2.0000,-1.5000,1.3000,0.0000
param,10,1.0611,0.4470,0.9554,-0.1672
pos,11,-2.0339,-3.0826,1.1541,0.0607
input,11,-0.4260,-0.0472,-0.0249,-0.0541
target,11,-2.0000,-1.5000,1.3000,0.0000
param,11,1.0611,0.4470,0.9554,-0.1672
pos,12,-2.0327,-3.0814,1.1547,0.0610
input,12,-0.4260,-0.0472,-0.0249,-0.0541
target,12,-2.0000,-1.5000,1.3000,0.0000
param,12,1.0611,0.4470,0.9554,-0.1672
pos,13,-2.0314,-3.0803,1.1554,0.0614
input,13,-0.4227,-0.0374,-0.0231,-0.0520
target,13,-2.0000,-1.5000,1.3000,0.0000
param,13,1.0611,0.4470,0.9554,-0.1672
pos,14,-2.0304,-3.0792,1.1559,0.0620
input,14,-0.4227,-0.0374,-0.0231,-0.0520
target,14,-2.0000,-1.5000,1.3000,0.0000
param,14,1.0611,0.4470,0.9554,-0.1672
pos,15,-2.0292,-3.0780,1.1563,0.0608
input,15,-0.4227,-0.0374,-0.0231,-0.0520
target,15,-2.0000,-1.5000,1.3000,0.0000
param,15,1.0611,0.4470,0.9554,-0.1672
pos,16,-2.0281,-3.0767,1.1568,0.0610
input,16,-0.4195,-0.0278,-0.0211,-0.0497
target,16,-2.0000,-1.5000,1.3000,0.0000
param,16,1.0611,0.4470,0.9554,-0.1672
pos,17,-2.0271,-3.0754,1.1573,0.0610
input,17,-0.4195,-0.0278,-0.0211,-0.0497
target,17,-2.0000,-1.5000,1.3000,0.0000
param,17,1.0611,0.4470,0.9554,-0.1672
pos,18,-2.0261,-3.0742,1.1577,0.0602
input,18,-0.4195,-0.0278,-0.0211,-0.0497
target,18,-2.0000,-1.5000,1.3000,0.0000
param,18,1.0611,0.4470,0.9554,-0.1672
pos,19,-2.0251,-3.0726,1.1581,0.0590
input,19,-0.4162,-0.0183,-0.0192,-0.0474
target,19,-2.0000,-1.5000,1.3000,0.0000
param,19,1.0611,0.4470,0.9554,-0.1672
pos,20,-2.0243,-3.0710,1.1584,0.0592
input,20,-0.4162,-0.0183,-0.0192,-0.0474
target,20,-2.0000,-1.5000,1.3000,0.0000
param,20,1.0611,0.4470,0.9554,-0.1672
pos,21,-2.0234,-3.0692,1.1588,0.0584
input,21,-0.4162,-0.0183,-0.0192,-0.0474
target,21,-2.0000,-1.5000,1.3000,0.0000
param,21,1.0611,0.4470,0.9554,-0.1672
pos,22,-2.0225,-3.0673,1.1591,0.0575
input,22,-0.4162,-0.0183,-0.0192,-0.0474
target,22,-2.0000,-1.5000,1.3000,0.0000
param,22,1.0611,0.4470,0.9554,-0.1672
pos,23,-2.0218,-3.0652,1.1593,0.0563
input,23,-0.4116,-0.0068,-0.0167,-0.0442
target,23,-2.0000,-1.5000,1.3000,0.0000
param,23,1.0611,0.4470,0.9554,-0.1672
pos,24,-2.0211,-3.0632,1.1596,0.0551
input,24,-0.4116,-0.0068,-0.0167,-0.0442
target,24,-2.0000,-1.5000,1.3000,0.0000
param,24,1.0611,0.4470,0.9554,-0.1672
pos,25,-2.0205,-3.0607,1.1599,0.0545
input,25,-0.4116,-0.0068,-0.0167,-0.0442
target,25,-2.0000,-1.5000,1.3000,0.0000
param,25,1.0611,0.4470,0.9554,-0.1672
pos,26,-2.0199,-3.0581,1.1602,0.0537
input,26,-0.4116,-0.0068,-0.0167,-0.0442
target,26,-2.0000,-1.5000,1.3000,0.0000
param,26,1.0611,0.4470,0.9554,-0.1672
pos,27,-2.0195,-3.0556,1.1605,0.0536
input,27,-0.4065,0.0042,-0.0136,-0.0406
target,27,-2.0000,-1.5000,1.3000,0.0000
param,27,1.0611,0.4470,0.9554,-0.1672
pos,28,-2.0190,-3.0526,1.1609,0.0534
input,28,-0.4065,0.0042,-0.0136,-0.0406
target,28,-2.0000,-1.5000,1.3000,0.0000
param,28,1.0611,0.4470,0.9554,-0.1672
pos,29,-2.0187,-3.0493,1.1613,0.0538
input,29,-0.4065,0.0042,-0.0136,-0.0406
target,29,-2.0000,-1.5000,1.3000,0.0000
param,29,1.0611,0.4470,0.9554,-0.1672
pos,30,-2.0184,-3.0458,1.1617,0.0544
input,30,-0.4030,0.0148,-0.0117,-0.0375
target,30,-2.0000,-1.5000,1.3000,0.0000
param,30,1.0611,0.4470,0.9554,-0.1672
pos,31,-2.0181,-3.0421,1.1621,0.0548
input,31,-0.4030,0.0148,-0.0117,-0.0375
target,31,-2.0000,-1.5000,1.3000,0.0000
param,31,1.0611,0.4470,0.9554,-0.1672
pos,32,-2.0179,-3.0385,1.1625,0.0553
input,32,-0.4030,0.0148,-0.0117,-0.0375
target,32,-2.0000,-1.5000,1.3000,0.0000
param,32,1.0611,0.4470,0.9554,-0.1672
pos,33,-2.0176,-3.0346,1.1628,0.0543
input,33,-0.3995,0.0265,-0.0105,-0.0347
target,33,-2.0000,-1.5000,1.3000,0.0000
param,33,1.0611,0.4470,0.9554,-0.1672
pos,34,-2.0252,-3.0264,1.1615,0.0537
input,34,-0.3995,0.0265,-0.0105,-0.0347
target,34,-2.0000,-1.5000,1.3000,0.0000
param,34,1.0611,0.4470,0.9554,-0.1672
pos,35,-2.0318,-3.0181,1.1605,0.0535
input,35,-0.3995,0.0265,-0.0105,-0.0347
target,35,-2.0000,-1.5000,1.3000,0.0000
param,35,1.0611,0.4470,0.9554,-0.1672
pos,36,-2.0375,-3.0106,1.1596,0.0540
input,36,-0.3995,0.0265,-0.0105,-0.0347
target,36,-2.0000,-1.5000,1.3000,0.0000
param,36,1.0611,0.4470,0.9554,-0.1672
pos,37,-2.0425,-3.0027,1.1589,0.0545
input,37,-0.3951,0.0365,-0.0081,-0.0314
target,37,-2.0000,-1.5000,1.3000,0.0000
param,37,1.0611,0.4470,0.9554,-0.1672
pos,38,-2.0464,-2.9955,1.1583,0.0550
input,38,-0.3951,0.0365,-0.0081,-0.0314
target,38,-2.0000,-1.5000,1.3000,0.0000
param,38,1.0611,0.4470,0.9554,-0.1672
pos,39,-2.0499,-2.9880,1.1578,0.0554
input,39,-0.3951,0.0365,-0.0081,-0.0314
target,39,-2.0000,-1.5000,1.3000,0.0000
param,39,1.0611,0.4470,0.9554,-0.1672
pos,40,-2.0528,-2.9805,1.1575,0.0558
input,40,-0.3951,0.0365,-0.0081,-0.0314
target,40,-2.0000,-1.5000,1.3000,0.0000
param,40,1.0611,0.4470,0.9554,-0.1672
pos,41,-2.0552,-2.9730,1.1573,0.0560
input,41,-0.3951,0.0365,-0.0081,-0.0314
target,41,-2.0000,-1.5000,1.3000,0.0000
param,41,1.0611,0.4471,0.9554,-0.1672
pos,42,-2.0572,-2.9655,1.1571,0.0554
input,42,-0.3951,0.0365,-0.0081,-0.0314
target,42,-2.0000,-1.5000,1.3000,0.0000
param,42,1.0611,0.4471,0.9554,-0.1672
pos,43,-2.0590,-2.9586,1.1570,0.0548
input,43,-0.3951,0.0365,-0.0081,-0.0314
target,43,-2.0000,-1.5000,1.3000,0.0000
param,43,1.0611,0.4471,0.9554,-0.1672
pos,44,-2.0603,-2.9510,1.1571,0.0551
input,44,-0.3951,0.0365,-0.0081,-0.0314
target,44,-2.0000,-1.5000,1.3000,0.0000
param,44,1.0611,0.4471,0.9554,-0.1672
pos,45,-2.0615,-2.9439,1.1572,0.0554
input,45,-0.3951,0.0365,-0.0081,-0.0314
target,45,-2.0000,-1.5000,1.3000,0.0000
param,45,1.0611,0.4471,0.9554,-0.1672
pos,46,-2.0626,-2.9362,1.1574,0.0558
input,46,-0.3951,0.0365,-0.0081,-0.0314
target,46,-2.0000,-1.5000,1.3000,0.0000
param,46,1.0611,0.4471,0.9554,-0.1672
pos,47,-2.0633,-2.9288,1.1575,0.0548
input,47,-0.3914,0.0462,-0.0084,-0.0273
target,47,-2.0000,-1.5000,1.3000,0.0000
param,47,1.0611,0.4471,0.9554,-0.1672
pos,48,-2.0640,-2.9209,1.1579,0.0554
input,48,-0.3914,0.0462,-0.0084,-0.0273
target,48,-2.0000,-1.5000,1.3000,0.0000
param,48,1.0611,0.4471,0.9554,-0.1672
pos,49,-2.0646,-2.9127,1.1582,0.0544
input,49,-0.3914,0.0462,-0.0084,-0.0273
target,49,-2.0000,-1.5000,1.3000,0.0000
param,49,1.0611,0.4471,0.9554,-0.1672
pos,50,-2.0650,-2.9047,1.1587,0.0548
input,50,-0.3914,0.0462,-0.0084,-0.0273
target,50,-2.0000,-1.5000,1.3000,0.0000
param,50,1.0611,0.4471,0.9554,-0.1672
pos,51,-2.0654,-2.8971,1.1592,0.0553
input,51,-0.3914,0.0462,-0.0084,-0.0273
target,51,-2.0000,-1.5000,1.3000,0.0000
param,51,1.0611,0.4471,0.9554,-0.1672
pos,52,-2.0657,-2.8893,1.1597,0.0546
input,52,-0.3914,0.0462,-0.0084,-0.0273
target,52,-2.0000,-1.5000,1.3000,0.0000
param,52,1.0611,0.4471,0.9554,-0.1672
pos,53,-2.0661,-2.8807,1.1604,0.0550
input,53,-0.3914,0.0462,-0.0084,-0.0273
target,53,-2.0000,-1.5000,1.3000,0.0000
param,53,1.0611,0.4471,0.9554,-0.1672
pos,54,-2.0661,-2.8721,1.1609,0.0541
input,54,-0.3914,0.0462,-0.0084,-0.0273
target,54,-2.0000,-1.5000,1.3000,0.0000
param,54,1.0611,0.4471,0.9554,-0.1672
pos,55,-2.0662,-2.8633,1.1616,0.0532
input,55,-0.3914,0.0462,-0.0084,-0.0273
target,55,-2.0000,-1.5000,1.3000,0.0000
param,55,1.0611,0.4471,0.9554,-0.1672
pos,56,-2.0664,-2.8546,1.1623,0.0536
input,56,-0.3914,0.0462,-0.0084,-0.0273
target,56,-2.0000,-1.5000,1.3000,0.0000
param,56,1.0611,0.4471,0.9554,-0.1672
pos,57,-2.0667,-2.8457,1.1631,0.0541
input,57,-0.3914,0.0462,-0.0084,-0.0273
target,57,-2.0000,-1.5000,1.3000,0.0000
param,57,1.0611,0.4471,0.9554,-0.1672
pos,58,-2.0667,-2.8368,1.1639,0.0548
input,58,-0.3914,0.0462,-0.0084,-0.0273
target,58,-2.0000,-1.5000,1.3000,0.0000
param,58,1.0611,0.4471,0.9554,-0.1672
pos,59,-2.0667,-2.8285,1.1648,0.0555
input,59,-0.3914,0.0462,-0.0084,-0.0273
target,59,-2.0000,-1.5000,1.3000,0.0000
param,59,1.0611,0.4471,0.9554,-0.1672
pos,60,-2.0667,-2.8193,1.1656,0.0560
input,60,-0.3914,0.0462,-0.0084,-0.0273
target,60,-2.0000,-1.5000,1.3000,0.0000
param,60,1.0611,0.4471,0.9554,-0.1672
pos,61,-2.0664,-2.8099,1.1663,0.0552
input,61,-0.3914,0.0462,-0.0084,-0.0273
target,61,-2.0000,-1.5000,1.3000,0.0000
param,61,1.0611,0.4471,0.9554,-0.1672
pos,62,-2.0663,-2.8012,1.1672,0.0549
input,62,-0.3914,0.0462,-0.0084,-0.0273
target,62,-2.0000,-1.5000,1.3000,0.0000
param,62,1.0611,0.4471,0.9554,-0.1672
pos,63,-2.0661,-2.7938,1.1680,0.0546
input,63,-0.3815,0.0495,-0.0087,-0.0263
target,63,-2.0000,-1.5000,1.3000,0.0000
param,63,1.0611,0.4471,0.9554,-0.1672
pos,64,-2.0657,-2.7874,1.1688,0.0544
input,64,-0.3815,0.0495,-0.0087,-0.0263
target,64,-2.0000,-1.5000,1.3000,0.0000
param,64,1.0611,0.4471,0.9554,-0.1672
pos,65,-2.0654,-2.7819,1.1696,0.0541
input,65,-0.3815,0.0495,-0.0087,-0.0263
target,65,-2.0000,-1.5000,1.3000,0.0000
param,65,1.0611,0.4471,0.9554,-0.1672
pos,66,-2.0651,-2.7772,1.1703,0.0539
input,66,-0.3815,0.0495,-0.0087,-0.0263
target,66,-2.0000,-1.5000,1.3000,0.0000
param,66,1.0611,0.4471,0.9554,-0.1672
pos,67,-2.0649,-2.7731,1.1710,0.0536
input,67,-0.3815,0.0495,-0.0087,-0.0263
target,67,-2.0000,-1.5000,1.3000,0.0000
param,67,1.0611,0.4471,0.9554,-0.1672
pos,68,-2.0644,-2.7697,1.1716,0.0534
input,68,-0.3815,0.0495,-0.0087,-0.0263
target,68,-2.0000,-1.5000,1.3000,0.0000
param,68,1.0611,0.4471,0.9554,-0.1672
pos,69,-2.0640,-2.7667,1.1722,0.0532
input,69,-0.3815,0.0495,-0.0087,-0.0263
target,69,-2.0000,-1.5000,1.3000,0.0000
param,69,1.0611,0.4471,0.9554,-0.1672
pos,70,-2.0637,-2.7642,1.1728,0.0529
input,70,-0.3815,0.0495,-0.0087,-0.0263
target,70,-2.0000,-1.5000,1.3000,0.0000
param,70,1.0611,0.4471,0.9554,-0.1672
pos,71,-2.0634,-2.7620,1.1733,0.0527
input,71,-0.3815,0.0495,-0.0087,-0.0263
target,71,-2.0000,-1.5000,1.3000,0.0000
param,71,1.0611,0.4471,0.9554,-0.1672
pos,72,-2.0632,-2.7601,1.1738,0.0525
input,72,-0.3815,0.0495,-0.0087,-0.0263
target,72,-2.0000,-1.5000,1.3000,0.0000
param,72,1.0611,0.4471,0.9554,-0.1672
pos,73,-2.0630,-2.7585,1.1743,0.0522
input,73,-0.3815,0.0495,-0.0087,-0.0263
target,73,-2.0000,-1.5000,1.3000,0.0000
param,73,1.0611,0.4471,0.9554,-0.1672
pos,74,-2.0630,-2.7395,1.1751,0.0538
input,74,-0.3815,0.0495,-0.0087,-0.0263
target,74,-2.0000,-1.5000,1.3000,0.0000
param,74,1.0611,0.4471,0.9554,-0.1672
pos,75,-2.0629,-2.7214,1.1759,0.0539
input,75,-0.3815,0.0495,-0.0087,-0.0263
target,75,-2.0000,-1.5000,1.3000,0.0000
param,75,1.0611,0.4471,0.9554,-0.1672
pos,76,-2.0629,-2.7035,1.1768,0.0541
input,76,-0.3815,0.0495,-0.0087,-0.0263
target,76,-2.0000,-1.5000,1.3000,0.0000
param,76,1.0611,0.4471,0.9554,-0.1672
pos,77,-2.0629,-2.6865,1.1777,0.0554
input,77,-0.3713,0.0523,-0.0093,-0.0245
target,77,-2.0000,-1.5000,1.3000,0.0000
param,77,1.0611,0.4471,0.9554,-0.1672
pos,78,-2.0626,-2.6703,1.1785,0.0551
input,78,-0.3713,0.0523,-0.0093,-0.0245
target,78,-2.0000,-1.5000,1.3000,0.0000
param,78,1.0611,0.4471,0.9554,-0.1672
pos,79,-2.0623,-2.6548,1.1795,0.0552
input,79,-0.3713,0.0523,-0.0093,-0.0245
target,79,-2.0000,-1.5000,1.3000,0.0000
param,79,1.0611,0.4471,0.9554,-0.1672
pos,80,-2.0621,-2.6399,1.1804,0.0550
input,80,-0.3713,0.0523,-0.0093,-0.0245
target,80,-2.0000,-1.5000,1.3000,0.0000
param,80,1.0611,0.4471,0.9554,-0.1672
pos,81,-2.0620,-2.6256,1.1815,0.0563
input,81,-0.3713,0.0523,-0.0093,-0.0245
target,81,-2.0000,-1.5000,1.3000,0.0000
param,81,1.0611,0.4471,0.9554,-0.1672
pos,82,-2.0619,-2.6115,1.1825,0.0563
input,82,-0.3626,0.0608,-0.0113,-0.0205
target,82,-2.0000,-1.5000,1.3000,0.0000
param,82,1.0611,0.4471,0.9554,-0.1672
pos,83,-2.0618,-2.5978,1.1836,0.0566
input,83,-0.3626,0.0608,-0.0113,-0.0205
target,83,-2.0000,-1.5000,1.3000,0.0000
param,83,1.0611,0.4471,0.9554,-0.1672
pos,84,-2.0616,-2.5844,1.1846,0.0564
input,84,-0.3626,0.0608,-0.0113,-0.0205
target,84,-2.0000,-1.5000,1.3000,0.0000
param,84,1.0611,0.4471,0.9554,-0.1672
pos,85,-2.0617,-2.5714,1.1856,0.0575
input,85,-0.3626,0.0608,-0.0113,-0.0205
target,85,-2.0000,-1.5000,1.3000,0.0000
param,85,1.0611,0.4471,0.9554,-0.1672
pos,86,-2.0616,-2.5584,1.1866,0.0572
input,86,-0.3626,0.0608,-0.0113,-0.0205
target,86,-2.0000,-1.5000,1.3000,0.0000
param,86,1.0611,0.4471,0.9554,-0.1672
pos,87,-2.0614,-2.5456,1.1874,0.0566
input,87,-0.3540,0.0671,-0.0112,-0.0176
target,87,-2.0000,-1.5000,1.3000,0.0000
param,87,1.0611,0.4471,0.9554,-0.1672
pos,88,-2.0613,-2.5337,1.1883,0.0559
input,88,-0.3540,0.0671,-0.0112,-0.0176
target,88,-2.0000,-1.5000,1.3000,0.0000
param,88,1.0611,0.4471,0.9554,-0.1672
pos,89,-2.0612,-2.5211,1.1891,0.0565
input,89,-0.3540,0.0671,-0.0112,-0.0176
target,89,-2.0000,-1.5000,1.3000,0.0000
param,89,1.0611,0.4471,0.9554,-0.1673
pos,90,-2.0611,-2.5086,1.1901,0.0582
input,90,-0.3540,0.0671,-0.0112,-0.0176
target,90,-2.0000,-1.5000,1.3000,0.0000
param,90,1.0611,0.4471,0.9554,-0.1673
pos,91,-2.0609,-2.4961,1.1909,0.0587
input,91,-0.3540,0.0671,-0.0112,-0.0176
target,91,-2.0000,-1.5000,1.3000,0.0000
param,91,1.0611,0.4471,0.9554,-0.1673
pos,92,-2.0608,-2.4838,1.1918,0.0594
input,92,-0.3540,0.0671,-0.0112,-0.0176
target,92,-2.0000,-1.5000,1.3000,0.0000
param,92,1.0611,0.4471,0.9554,-0.1673
pos,93,-2.0606,-2.4732,1.1927,0.0599
input,93,-0.3451,0.0744,-0.0128,-0.0141
target,93,-2.0000,-1.5000,1.3000,0.0000
param,93,1.0611,0.4471,0.9554,-0.1673
pos,94,-2.0603,-2.4641,1.1935,0.0604
input,94,-0.3451,0.0744,-0.0128,-0.0141
target,94,-2.0000,-1.5000,1.3000,0.0000
param,94,1.0611,0.4471,0.9554,-0.1673
pos,95,-2.0600,-2.4563,1.1943,0.0608
input,95,-0.3451,0.0744,-0.0128,-0.0141
target,95,-2.0000,-1.5000,1.3000,0.0000
param,95,1.0611,0.4471,0.9554,-0.1673
pos,96,-2.0598,-2.4496,1.1951,0.0611
input,96,-0.3451,0.0744,-0.0128,-0.0141
target,96,-2.0000,-1.5000,1.3000,0.0000
param,96,1.0611,0.4471,0.9554,-0.1673
pos,97,-2.0596,-2.4439,1.1958,0.0614
input,97,-0.3451,0.0744,-0.0128,-0.0141
target,97,-2.0000,-1.5000,1.3000,0.0000
param,97,1.0611,0.4471,0.9554,-0.1673
pos,98,-2.0594,-2.4389,1.1965,0.0616
input,98,-0.3451,0.0744,-0.0128,-0.0141
target,98,-2.0000,-1.5000,1.3000,0.0000
param,98,1.0611,0.4471,0.9554,-0.1673
pos,99,-2.0593,-2.4346,1.1972,0.0617
input,99,-0.3451,0.0744,-0.0128,-0.0141
target,99,-2.0000,-1.5000,1.3000,0.0000
param,99,1.0611,0.4471,0.9554,-0.1673
pos,100,-2.0592,-2.4309,1.1978,0.0619
input,100,-0.3451,0.0744,-0.0128,-0.0141
target,100,-2.0000,-1.5000,1.3000,0.0000
param,100,1.0611,0.4471,0.9554,-0.1673
pos,101,-2.0591,-2.4277,1.1984,0.0619
input,101,-0.3451,0.0744,-0.0128,-0.0141
target,101,-2.0000,-1.5000,1.3000,0.0000
param,101,1.0611,0.4471,0.9554,-0.1672
pos,102,-2.0590,-2.4250,1.1990,0.0620
input,102,-0.3451,0.0744,-0.0128,-0.0141
target,102,-2.0000,-1.5000,1.3000,0.0000
param,102,1.0611,0.4471,0.9554,-0.1672
pos,103,-2.0589,-2.4227,1.1995,0.0620
input,103,-0.3451,0.0744,-0.0128,-0.0141
target,103,-2.0000,-1.5000,1.3000,0.0000
param,103,1.0611,0.4471,0.9554,-0.1672
pos,104,-2.0584,-2.4016,1.2009,0.0624
input,104,-0.3451,0.0744,-0.0128,-0.0141
target,104,-2.0000,-1.5000,1.3000,0.0000
param,104,1.0611,0.4471,0.9554,-0.1672
pos,105,-2.0579,-2.3808,1.2025,0.0631
input,105,-0.3451,0.0744,-0.0128,-0.0141
target,105,-2.0000,-1.5000,1.3000,0.0000
param,105,1.0611,0.4471,0.9554,-0.1672
pos,106,-2.0574,-2.3614,1.2041,0.0637
input,106,-0.3330,0.0801,-0.0163,-0.0126
target,106,-2.0000,-1.5000,1.3000,0.0000
param,106,1.0611,0.4471,0.9554,-0.1672
pos,107,-2.0569,-2.3429,1.2058,0.0642
input,107,-0.3330,0.0801,-0.0163,-0.0126
target,107,-2.0000,-1.5000,1.3000,0.0000
param,107,1.0611,0.4471,0.9554,-0.1672
pos,108,-2.0561,-2.3254,1.2076,0.0651
input,108,-0.3330,0.0801,-0.0163,-0.0126
target,108,-2.0000,-1.5000,1.3000,0.0000
param,108,1.0611,0.4471,0.9554,-0.1672
pos,109,-2.0553,-2.3087,1.2094,0.0654
input,109,-0.3240,0.0870,-0.0185,-0.0091
target,109,-2.0000,-1.5000,1.3000,0.0000
param,109,1.0611,0.4471,0.9554,-0.1673
pos,110,-2.0545,-2.2927,1.2113,0.0659
input,110,-0.3240,0.0870,-0.0185,-0.0091
target,110,-2.0000,-1.5000,1.3000,0.0000
param,110,1.0611,0.4471,0.9554,-0.1673
pos,111,-2.0538,-2.2780,1.2133,0.0659
input,111,-0.3240,0.0870,-0.0185,-0.0091
target,111,-2.0000,-1.5000,1.3000,0.0000
param,111,1.0611,0.4471,0.9554,-0.1673
pos,112,-2.0528,-2.2629,1.2152,0.0644
input,112,-0.3240,0.0870,-0.0185,-0.0091
target,112,-2.0000,-1.5000,1.3000,0.0000
param,112,1.0611,0.4471,0.9554,-0.1673
pos,113,-2.0517,-2.2483,1.2174,0.0644
input,113,-0.3129,0.0913,-0.0192,-0.0080
target,113,-2.0000,-1.5000,1.3000,0.0000
param,113,1.0611,0.4471,0.9554,-0.1673
pos,114,-2.0505,-2.2340,1.2196,0.0632
input,114,-0.3129,0.0913,-0.0192,-0.0080
target,114,-2.0000,-1.5000,1.3000,0.0000
param,114,1.0611,0.4471,0.9554,-0.1673
pos,115,-2.0494,-2.2202,1.2215,0.0639
input,115,-0.3129,0.0913,-0.0192,-0.0080
target,115,-2.0000,-1.5000,1.3000,0.0000
param,115,1.0611,0.4471,0.9554,-0.1673
pos,116,-2.0483,-2.2066,1.2236,0.0645
input,116,-0.3129,0.0913,-0.0192,-0.0080
target,116,-2.0000,-1.5000,1.3000,0.0000
param,116,1.0611,0.4471,0.9554,-0.1673
pos,117,-2.0472,-2.1933,1.2256,0.0648
input,117,-0.3025,0.0947,-0.0212,-0.0075
target,117,-2.0000,-1.5000,1.3000,0.0000
param,117,1.0611,0.4471,0.9554,-0.1673
pos,118,-2.0458,-2.1802,1.2278,0.0648
input,118,-0.3025,0.0947,-0.0212,-0.0075
target,118,-2.0000,-1.5000,1.3000,0.0000
param,118,1.0611,0.4471,0.9554,-0.1673
pos,119,-2.0444,-2.1674,1.2300,0.0653
input,119,-0.3025,0.0947,-0.0212,-0.0075
target,119,-2.0000,-1.5000,1.3000,0.0000
param,119,1.0611,0.4471,0.9554,-0.1673
pos,120,-2.0431,-2.1547,1.2322,0.0657
input,120,-0.3025,0.0947,-0.0212,-0.0075
target,120,-2.0000,-1.5000,1.3000,0.0000
param,120,1.0611,0.4471,0.9554,-0.1673
pos,121,-2.0418,-2.1423,1.2345,0.0664
input,121,-0.3025,0.0947,-0.0212,-0.0075
target,121,-2.0000,-1.5000,1.3000,0.0000
param,121,1.0611,0.4471,0.9554,-0.1673
pos,122,-2.0405,-2.1308,1.2367,0.0660
input,122,-0.2906,0.0984,-0.0259,-0.0094
target,122,-2.0000,-1.5000,1.3000,0.0000
param,122,1.0611,0.4471,0.9554,-0.1673
pos,123,-2.0392,-2.1185,1.2391,0.0665
input,123,-0.2906,0.0984,-0.0259,-0.0094
target,123,-2.0000,-1.5000,1.3000,0.0000
param,123,1.0611,0.4471,0.9554,-0.1673
pos,124,-2.0375,-2.1064,1.2416,0.0665
input,124,-0.2906,0.0984,-0.0259,-0.0094
target,124,-2.0000,-1.5000,1.3000,0.0000
param,124,1.0611,0.4471,0.9554,-0.1673
pos,125,-2.0360,-2.0946,1.2441,0.0662
input,125,-0.2906,0.0984,-0.0259,-0.0094
target,125,-2.0000,-1.5000,1.3000,0.0000
param,125,1.0611,0.4471,0.9554,-0.1673
pos,126,-2.0345,-2.0836,1.2466,0.0661
input,126,-0.2906,0.0984,-0.0259,-0.0094
target,126,-2.0000,-1.5000,1.3000,0.0000
param,126,1.0611,0.4471,0.9554,-0.1673
pos,127,-2.0330,-2.0717,1.2493,0.0661
input,127,-0.2790,0.0985,-0.0287,-0.0136
target,127,-2.0000,-1.5000,1.3000,0.0000
param,127,1.0611,0.4471,0.9554,-0.1673
pos,128,-2.0314,-2.0598,1.2520,0.0658
input,128,-0.2790,0.0985,-0.0287,-0.0136
target,128,-2.0000,-1.5000,1.3000,0.0000
param,128,1.0611,0.4471,0.9554,-0.1673
pos,129,-2.0298,-2.0481,1.2547,0.0656
input,129,-0.2790,0.0985,-0.0287,-0.0136
target,129,-2.0000,-1.5000,1.3000,0.0000
param,129,1.0611,0.4471,0.9554,-0.1673
pos,130,-2.0281,-2.0364,1.2573,0.0642
input,130,-0.2790,0.0985,-0.0287,-0.0136
target,130,-2.0000,-1.5000,1.3000,0.0000
param,130,1.0611,0.4471,0.9554,-0.1673
pos,131,-2.0266,-2.0257,1.2599,0.0629
input,131,-0.2790,0.0985,-0.0287,-0.0136
target,131,-2.0000,-1.5000,1.3000,0.0000
param,131,1.0611,0.4471,0.9554,-0.1673
pos,132,-2.0247,-2.0139,1.2621,0.0641
input,132,-0.2670,0.0951,-0.0299,-0.0208
target,132,-2.0000,-1.5000,1.3000,0.0000
param,132,1.0611,0.4471,0.9554,-0.1673
pos,133,-2.0231,-2.0026,1.2647,0.0642
input,133,-0.2670,0.0951,-0.0299,-0.0208
target,133,-2.0000,-1.5000,1.3000,0.0000
param,133,1.0611,0.4471,0.9554,-0.1673
pos,134,-2.0215,-1.9914,1.2674,0.0645
input,134,-0.2670,0.0951,-0.0299,-0.0208
target,134,-2.0000,-1.5000,1.3000,0.0000
param,134,1.0611,0.4471,0.9554,-0.1673
pos,135,-2.0200,-1.9810,1.2700,0.0645
input,135,-0.2528,0.0914,-0.0344,-0.0230
target,135,-2.0000,-1.5000,1.3000,0.0000
param,135,1.0611,0.4471,0.9554,-0.1673
pos,136,-2.0184,-1.9698,1.2727,0.0646
input,136,-0.2528,0.0914,-0.0344,-0.0230
target,136,-2.0000,-1.5000,1.3000,0.0000
param,136,1.0611,0.4471,0.9554,-0.1673
pos,137,-2.0165,-1.9587,1.2754,0.0647
input,137,-0.2500,0.0906,-0.0365,-0.0158
target,137,-2.0000,-1.5000,1.3000,0.0000
param,137,1.0611,0.4471,0.9554,-0.1673
pos,138,-2.0147,-1.9485,1.2780,0.0646
input,138,-0.2352,0.0847,-0.0375,-0.0167
target,138,-2.0000,-1.5000,1.3000,0.0000
param,138,1.0611,0.4471,0.9554,-0.1673
pos,139,-2.0128,-1.9382,1.2806,0.0633
input,139,-0.2326,0.0838,-0.0393,-0.0103
target,139,-2.0000,-1.5000,1.3000,0.0000
param,139,1.0611,0.4471,0.9554,-0.1673
pos,140,-2.0128,-1.9382,1.2806,0.0633
input,140,-0.2326,0.0838,-0.0393,-0.0103
target,140,-2.0000,-1.5000,1.3000,0.0000
param,140,1.0611,0.4471,0.9554,-0.1673
pos,141,-2.0084,-1.9170,1.2858,0.0615
input,141,-0.2169,0.0749,-0.0357,-0.0259
target,141,-2.0000,-1.5000,1.3000,0.0000
param,141,1.0611,0.4471,0.9554,-0.1673
pos,142,-2.0064,-1.9068,1.2883,0.0602
input,142,-0.2145,0.0743,-0.0372,-0.0201
target,142,-2.0000,-1.5000,1.3000,0.0000
param,142,1.0611,0.4471,0.9554,-0.1672
pos,143,-2.0044,-1.8961,1.2910,0.0602
input,143,-0.2035,0.0674,-0.0360,-0.0251
target,143,-2.0000,-1.5000,1.3000,0.0000
param,143,1.0611,0.4471,0.9554,-0.1672
pos,144,-2.0019,-1.8853,1.2935,0.0629
input,144,-0.2013,0.0668,-0.0371,-0.0201
target,144,-2.0000,-1.5000,1.3000,0.0000
param,144,1.0611,0.4471,0.9554,-0.1672
pos,145,-1.9997,-1.8749,1.2961,0.0630
input,145,-0.1910,0.0603,-0.0359,-0.0264
target,145,-2.0000,-1.5000,1.3000,0.0000
param,145,1.0611,0.4471,0.9554,-0.1672
pos,146,-1.9977,-1.8652,1.2987,0.0631
input,146,-0.1792,0.0556,-0.0404,-0.0280
target,146,-2.0000,-1.5000,1.3000,0.0000
param,146,1.0611,0.4471,0.9554,-0.1672
pos,147,-1.9956,-1.8556,1.3012,0.0624
input,147,-0.1792,0.0556,-0.0404,-0.0280
target,147,-2.0000,-1.5000,1.3000,0.0000
param,147,1.0611,0.4471,0.9554,-0.1672
pos,148,-1.9933,-1.8452,1.3041,0.0627
input,148,-0.1689,0.0488,-0.0403,-0.0300
target,148,-2.0000,-1.5000,1.3000,0.0000
param,148,1.0611,0.4471,0.9554,-0.1672
pos,149,-1.9911,-1.8349,1.3069,0.0625
input,149,-0.1689,0.0488,-0.0403,-0.0300
target,149,-2.0000,-1.5000,1.3000,0.0000
param,149,1.0611,0.4471,0.9554,-0.1672
pos,150,-1.9890,-1.8248,1.3097,0.0626
input,150,-0.1575,0.0428,-0.0413,-0.0331
target,150,-2.0000,-1.5000,1.3000,0.0000
param,150,1.0611,0.4471,0.9554,-0.1672
pos,151,-1.9869,-1.8147,1.3124,0.0627
input,151,-0.1575,0.0428,-0.0413,-0.0331
target,151,-2.0000,-1.5000,1.3000,0.0000
param,151,1.0611,0.4471,0.9554,-0.1672
pos,152,-1.9850,-1.8054,1.3150,0.0631
input,152,-0.1470,0.0370,-0.0421,-0.0361
target,152,-2.0000,-1.5000,1.3000,0.0000
param,152,1.0611,0.4471,0.9554,-0.1672
pos,153,-1.9829,-1.7963,1.3176,0.0626
input,153,-0.1470,0.0370,-0.0421,-0.0361
target,153,-2.0000,-1.5000,1.3000,0.0000
param,153,1.0611,0.4471,0.9554,-0.1672
pos,154,-1.9808,-1.7863,1.3207,0.0633
input,154,-0.1381,0.0312,-0.0424,-0.0392
target,154,-2.0000,-1.5000,1.3000,0.0000
param,154,1.0611,0.4471,0.9554,-0.1672
pos,155,-1.9787,-1.7763,1.3236,0.0622
input,155,-0.1381,0.0312,-0.0424,-0.0392
target,155,-2.0000,-1.5000,1.3000,0.0000
param,155,1.0611,0.4471,0.9554,-0.1672
pos,156,-1.9768,-1.7672,1.3265,0.0617
input,156,-0.1280,0.0257,-0.0424,-0.0435
target,156,-2.0000,-1.5000,1.3000,0.0000
param,156,1.0611,0.4471,0.9554,-0.1672
pos,157,-1.9751,-1.7581,1.3294,0.0622
input,157,-0.1280,0.0257,-0.0424,-0.0435
target,157,-2.0000,-1.5000,1.3000,0.0000
param,157,1.0611,0.4471,0.9554,-0.1672
pos,158,-1.9732,-1.7491,1.3322,0.0625
input,158,-0.1194,0.0206,-0.0427,-0.0477
target,158,-2.0000,-1.5000,1.3000,0.0000
param,158,1.0611,0.4471,0.9554,-0.1672
pos,159,-1.9714,-1.7402,1.3351,0.0627
input,159,-0.1194,0.0206,-0.0427,-0.0477
target,159,-2.0000,-1.5000,1.3000,0.0000
param,159,1.0611,0.4471,0.9554,-0.1672
pos,160,-1.9698,-1.7312,1.3379,0.0630
input,160,-0.1111,0.0161,-0.0435,-0.0522
target,160,-2.0000,-1.5000,1.3000,0.0000
param,160,1.0611,0.4471,0.9554,-0.1672
pos,161,-1.9681,-1.7223,1.3408,0.0630
input,161,-0.1111,0.0161,-0.0435,-0.0522
target,161,-2.0000,-1.5000,1.3000,0.0000
param,161,1.0611,0.4471,0.9554,-0.1672
pos,162,-1.9666,-1.7135,1.3436,0.0620
input,162,-0.1030,0.0118,-0.0438,-0.0568
target,162,-2.0000,-1.5000,1.3000,0.0000
param,162,1.0611,0.4471,0.9554,-0.1672
pos,163,-1.9648,-1.7049,1.3463,0.0622
input,163,-0.1030,0.0118,-0.0438,-0.0568
target,163,-2.0000,-1.5000,1.3000,0.0000
param,163,1.0611,0.4471,0.9554,-0.1672
pos,164,-1.9632,-1.6956,1.3492,0.0622
input,164,-0.0954,0.0071,-0.0428,-0.0613
target,164,-2.0000,-1.5000,1.3000,0.0000
param,164,1.0611,0.4471,0.9554,-0.1672
pos,165,-1.9616,-1.6865,1.3522,0.0621
input,165,-0.0954,0.0071,-0.0428,-0.0613
target,165,-2.0000,-1.5000,1.3000,0.0000
param,165,1.0611,0.4471,0.9554,-0.1672
pos,166,-1.9599,-1.6777,1.3551,0.0622
input,166,-0.0873,0.0031,-0.0426,-0.0665
target,166,-2.0000,-1.5000,1.3000,0.0000
param,166,1.0611,0.4471,0.9554,-0.1672
pos,167,-1.9585,-1.6696,1.3579,0.0621
input,167,-0.0835,0.0013,-0.0429,-0.0687
target,167,-2.0000,-1.5000,1.3000,0.0000
param,167,1.0611,0.4471,0.9554,-0.1672
pos,168,-1.9571,-1.6617,1.3608,0.0625
input,168,-0.0835,0.0013,-0.0429,-0.0687
target,168,-0.5000,-1.5000,1.3000,0.0000
param,168,1.0611,0.4471,0.9554,-0.1672
pos,169,-1.9556,-1.6533,1.3637,0.0629
input,169,-0.0826,0.0013,-0.0425,-0.0673
target,169,-0.5000,-1.5000,1.3000,0.0000
param,169,1.0611,0.4471,0.9554,-0.1672
pos,170,-1.9542,-1.6452,1.3666,0.0630
input,170,0.3737,0.5122,0.0483,0.0407
target,170,-0.5000,-1.5000,1.3000,0.0000
param,170,1.0611,0.4471,0.9554,-0.1672
pos,171,-1.9528,-1.6371,1.3693,0.0621
input,171,0.3737,0.5122,0.0483,0.0407
target,171,-0.5000,-1.5000,1.3000,0.0000
param,171,1.0611,0.4471,0.9554,-0.1672
pos,172,-1.9515,-1.6298,1.3718,0.0615
input,172,0.3737,0.5122,0.0483,0.0407
target,172,-0.5000,-1.5000,1.3000,0.0000
param,172,1.0611,0.4471,0.9554,-0.1672
pos,173,-1.9502,-1.6219,1.3745,0.0615
input,173,0.3737,0.5122,0.0483,0.0407
target,173,-0.5000,-1.5000,1.3000,0.0000
param,173,1.0611,0.4471,0.9554,-0.1672
pos,174,-1.9490,-1.6144,1.3771,0.0616
input,174,0.3808,0.5108,0.0440,0.0315
target,174,-0.5000,-1.5000,1.3000,0.0000
param,174,1.0611,0.4471,0.9554,-0.1672
pos,175,-1.9478,-1.6070,1.3796,0.0621
input,175,0.3808,0.5108,0.0440,0.0315
target,175,-0.5000,-1.5000,1.3000,0.0000
param,175,1.0611,0.4471,0.9554,-0.1672
pos,176,-1.9466,-1.5998,1.3820,0.0621
input,176,0.3808,0.5108,0.0440,0.0315
target,176,-0.5000,-1.5000,1.3000,0.0000
param,176,1.0611,0.4471,0.9554,-0.1672
pos,177,-1.9452,-1.5928,1.3841,0.0631
input,177,0.3808,0.5108,0.0440,0.0315
target,177,-0.5000,-1.5000,1.3000,0.0000
param,177,1.0611,0.4471,0.9554,-0.1672
pos,178,-1.9436,-1.5860,1.3857,0.0640
input,178,0.3808,0.5108,0.0440,0.0315
target,178,-0.5000,-1.5000,1.3000,0.0000
param,178,1.0611,0.4471,0.9554,-0.1672
pos,179,-1.9422,-1.5789,1.3876,0.0574
input,179,0.3808,0.5108,0.0440,0.0315
target,179,-0.5000,-1.5000,1.3000,0.0000
param,179,1.0611,0.4471,0.9554,-0.1672
pos,180,-1.9413,-1.5725,1.3897,0.0509
input,180,0.3808,0.5108,0.0440,0.0315
target,180,-0.5000,-1.5000,1.3000,0.0000
param,180,1.0611,0.4471,0.9554,-0.1672
pos,181,-1.9402,-1.5660,1.3917,0.0521
input,181,0.3808,0.5108,0.0440,0.0315
target,181,-0.5000,-1.5000,1.3000,0.0000
param,181,1.0611,0.4471,0.9554,-0.1672
pos,182,-1.9392,-1.5604,1.3936,0.0534
input,182,0.3890,0.5073,0.0399,0.0175
target,182,-0.5000,-1.5000,1.3000,0.0000
param,182,1.0611,0.4471,0.9554,-0.1672
pos,183,-1.9383,-1.5556,1.3953,0.0546
input,183,0.3890,0.5073,0.0399,0.0175
target,183,-0.5000,-1.5000,1.3000,0.0000
param,183,1.0611,0.4471,0.9554,-0.1672
pos,184,-1.9374,-1.5489,1.3973,0.0572
input,184,0.3890,0.5073,0.0399,0.0175
target,184,-0.5000,-1.5000,1.3000,0.0000
param,184,1.0611,0.4471,0.9554,-0.1672
pos,185,-1.9366,-1.5424,1.3993,0.0594
input,185,0.3890,0.5073,0.0399,0.0175
target,185,-0.5000,-1.5000,1.3000,0.0000
param,185,1.0611,0.4471,0.9554,-0.1672
pos,186,-1.9358,-1.5361,1.4013,0.0615
input,186,0.3890,0.5073,0.0399,0.0175
target,186,-0.5000,-1.5000,1.3000,0.0000
param,186,1.0611,0.4471,0.9554,-0.1672
pos,187,-1.9350,-1.5300,1.4032,0.0638
input,187,0.3920,0.5097,0.0282,0.0073
target,187,-0.5000,-1.5000,1.3000,0.0000
param,187,1.0611,0.4471,0.9554,-0.1672
pos,188,-1.9342,-1.5239,1.4051,0.0659
input,188,0.3920,0.5097,0.0282,0.0073
target,188,-0.5000,-1.5000,1.3000,0.0000
param,188,1.0611,0.4471,0.9554,-0.1672
pos,189,-1.9335,-1.5185,1.4073,0.0646
input,189,0.3920,0.5097,0.0282,0.0073
target,189,-0.5000,-1.5000,1.3000,0.0000
param,189,1.0611,0.4471,0.9554,-0.1672
pos,190,-1.9327,-1.5130,1.4095,0.0613
input,190,0.3920,0.5097,0.0282,0.0073
target,190,-0.5000,-1.5000,1.3000,0.0000
param,190,1.0611,0.4471,0.9554,-0.1672
pos,191,-1.9318,-1.5078,1.4115,0.0578
input,191,0.3920,0.5097,0.0282,0.0073
target,191,-0.5000,-1.5000,1.3000,0.0000
param,191,1.0611,0.4471,0.9554,-0.1672
pos,192,-1.9309,-1.5028,1.4135,0.0555
input,192,0.3920,0.5097,0.0282,0.0073
target,192,-0.5000,-1.5000,1.3000,0.0000
param,192,1.0611,0.4471,0.9554,-0.1672
pos,193,-1.9297,-1.4978,1.4152,0.0570
input,193,0.3961,0.5061,0.0237,-0.0084
target,193,-0.5000,-1.5000,1.3000,0.0000
param,193,1.0611,0.4471,0.9554,-0.1672
pos,194,-1.9286,-1.4932,1.4169,0.0578
input,194,0.3961,0.5061,0.0237,-0.0084
target,194,-0.5000,-1.5000,1.3000,0.0000
param,194,1.0611,0.4471,0.9554,-0.1672
pos,195,-1.9272,-1.4889,1.4187,0.0578
input,195,0.3961,0.5061,0.0237,-0.0084
target,195,-0.5000,-1.5000,1.3000,0.0000
param,195,1.0611,0.4471,0.9554,-0.1672
pos,196,-1.9257,-1.4849,1.4204,0.0577
input,196,0.3961,0.5061,0.0237,-0.0084
target,196,-0.5000,-1.5000,1.3000,0.0000
param,196,1.0611,0.4471,0.9554,-0.1672
pos,197,-1.9242,-1.4812,1.4224,0.0557
input,197,0.3961,0.5061,0.0237,-0.0084
target,197,-0.5000,-1.5000,1.3000,0.0000
param,197,1.0611,0.4471,0.9554,-0.1672
pos,198,-1.9223,-1.4778,1.4241,0.0518
input,198,0.3966,0.5034,0.0156,-0.0234
target,198,-0.5000,-1.5000,1.3000,0.0000
param,198,1.0611,0.4471,0.9554,-0.1672
pos,199,-1.9200,-1.4743,1.4257,0.0539
input,199,0.3966,0.5034,0.0156,-0.0234
target,199,-0.5000,-1.5000,1.3000,0.0000
param,199,1.0611,0.4471,0.9554,-0.1672
pos,200,-1.9177,-1.4711,1.4273,0.0549
input,200,0.3966,0.5034,0.0156,-0.0234
target,200,-0.5000,-1.5000,1.3000,0.0000
param,200,1.0611,0.4471,0.9554,-0.1672
pos,201,-1.8978,-1.4718,1.4297,0.0577
input,201,0.3966,0.5034,0.0156,-0.0234
target,201,-0.5000,-1.5000,1.3000,0.0000
param,201,1.0611,0.4471,0.9554,-0.1672
pos,202,-1.8803,-1.4725,1.4326,0.0577
input,202,0.3947,0.5001,0.0086,-0.0374
target,202,-0.5000,-1.5000,1.3000,0.0000
param,202,1.0611,0.4471,0.9554,-0.1672
pos,203,-1.8647,-1.4730,1.4354,0.0581
input,203,0.3947,0.5001,0.0086,-0.0374
target,203,-0.5000,-1.5000,1.3000,0.0000
param,203,1.0611,0.4471,0.9554,-0.1672
pos,204,-1.8506,-1.4733,1.4381,0.0588
input,204,0.3947,0.5001,0.0086,-0.0374
target,204,-0.5000,-1.5000,1.3000,0.0000
param,204,1.0611,0.4471,0.9554,-0.1672
pos,205,-1.8377,-1.4737,1.4407,0.0590
input,205,0.3947,0.5001,0.0086,-0.0374
target,205,-0.5000,-1.5000,1.3000,0.0000
param,205,1.0611,0.4471,0.9554,-0.1672
pos,206,-1.8258,-1.4740,1.4432,0.0596
input,206,0.3947,0.5001,0.0086,-0.0374
target,206,-0.5000,-1.5000,1.3000,0.0000
param,206,1.0611,0.4471,0.9554,-0.1672
pos,207,-1.8148,-1.4743,1.4456,0.0603
input,207,0.3939,0.4940,0.0057,-0.0546
target,207,-0.5000,-1.5000,1.3000,0.0000
param,207,1.0611,0.4471,0.9554,-0.1672
pos,208,-1.8045,-1.4747,1.4480,0.0610
input,208,0.3939,0.4940,0.0057,-0.0546
target,208,-0.5000,-1.5000,1.3000,0.0000
param,208,1.0611,0.4471,0.9554,-0.1672
pos,209,-1.7948,-1.4753,1.4502,0.0608
input,209,0.3939,0.4940,0.0057,-0.0546
target,209,-0.5000,-1.5000,1.3000,0.0000
param,209,1.0611,0.4471,0.9554,-0.1672
pos,210,-1.7855,-1.4755,1.4524,0.0569
input,210,0.3939,0.4940,0.0057,-0.0546
target,210,-0.5000,-1.5000,1.3000,0.0000
param,210,1.0611,0.4471,0.9554,-0.1672
pos,211,-1.7765,-1.4765,1.4543,0.0527
input,211,0.3939,0.4940,0.0057,-0.0546
target,211,-0.5000,-1.5000,1.3000,0.0000
param,211,1.0611,0.4471,0.9554,-0.1672
pos,212,-1.7679,-1.4777,1.4565,0.0522
input,212,0.3923,0.4858,0.0112,-0.0674
target,212,-0.5000,-1.5000,1.3000,0.0000
param,212,1.0611,0.4471,0.9554,-0.1672
pos,213,-1.7600,-1.4789,1.4584,0.0516
input,213,0.3923,0.4858,0.0112,-0.0674
target,213,-0.5000,-1.5000,1.3000,0.0000
param,213,1.0611,0.4471,0.9554,-0.1672
pos,214,-1.7516,-1.4799,1.4603,0.0476
input,214,0.3923,0.4858,0.0112,-0.0674
target,214,-0.5000,-1.5000,1.3000,0.0000
param,214,1.0610,0.4471,0.9554,-0.1672
pos,215,-1.7434,-1.4818,1.4620,0.0432
input,215,0.3923,0.4858,0.0112,-0.0674
target,215,-0.5000,-1.5000,1.3000,0.0000
param,215,1.0610,0.4471,0.9554,-0.1672
pos,216,-1.7353,-1.4838,1.4641,0.0431
input,216,0.3890,0.4772,0.0194,-0.0756
target,216,-0.5000,-1.5000,1.3000,0.0000
param,216,1.0610,0.4471,0.9554,-0.1672
pos,217,-1.7273,-1.4861,1.4661,0.0431
input,217,0.3890,0.4772,0.0194,-0.0756
target,217,-0.5000,-1.5000,1.3000,0.0000
param,217,1.0610,0.4471,0.9554,-0.1672
pos,218,-1.7192,-1.4886,1.4680,0.0426
input,218,0.3890,0.4772,0.0194,-0.0756
target,218,-0.5000,-1.5000,1.3000,0.0000
param,218,1.0610,0.4471,0.9554,-0.1672
pos,219,-1.7108,-1.4909,1.4696,0.0446
input,219,0.3890,0.4772,0.0194,-0.0756
target,219,-0.5000,-1.5000,1.3000,0.0000
param,219,1.0610,0.4471,0.9554,-0.1672
pos,220,-1.7030,-1.4933,1.4710,0.0466
input,220,0.3834,0.4713,0.0181,-0.0845
target,220,-0.5000,-1.5000,1.3000,0.0000
param,220,1.0610,0.4471,0.9554,-0.1672
pos,221,-1.6945,-1.4968,1.4726,0.0426
input,221,0.3834,0.4713,0.0181,-0.0845
target,221,-0.5000,-1.5000,1.3000,0.0000
param,221,1.0610,0.4471,0.9554,-0.1672
pos,222,-1.6860,-1.5003,1.4744,0.0410
input,222,0.3834,0.4713,0.0181,-0.0845
target,222,-0.5000,-1.5000,1.3000,0.0000
param,222,1.0610,0.4471,0.9554,-0.1672
pos,223,-1.6774,-1.5041,1.4763,0.0399
input,223,0.3771,0.4643,0.0218,-0.0904
target,223,-0.5000,-1.5000,1.3000,0.0000
param,223,1.0610,0.4471,0.9554,-0.1672
pos,224,-1.6687,-1.5081,1.4780,0.0382
input,224,0.3771,0.4643,0.0218,-0.0904
target,224,-0.5000,-1.5000,1.3000,0.0000
param,224,1.0610,0.4471,0.9554,-0.1672
pos,225,-1.6599,-1.5123,1.4796,0.0372
input,225,0.3720,0.4586,0.0242,-0.0950
target,225,-0.5000,-1.5000,1.3000,0.0000
param,225,1.0610,0.4471,0.9554,-0.1672
pos,226,-1.6509,-1.5167,1.4813,0.0362
input,226,0.3720,0.4586,0.0242,-0.0950
target,226,-0.5000,-1.5000,1.3000,0.0000
param,226,1.0609,0.4471,0.9554,-0.1672
pos,227,-1.6418,-1.5214,1.4828,0.0349
input,227,0.3660,0.4526,0.0261,-0.0993
target,227,-0.5000,-1.5000,1.3000,0.0000
param,227,1.0609,0.4471,0.9554,-0.1672
pos,228,-1.6324,-1.5264,1.4844,0.0334
input,228,0.3660,0.4526,0.0261,-0.0993
target,228,-0.5000,-1.5000,1.3000,0.0000
param,228,1.0609,0.4471,0.9554,-0.1672
pos,229,-1.6230,-1.5316,1.4858,0.0318
input,229,0.3589,0.4456,0.0290,-0.1034
target,229,-0.5000,-1.5000,1.3000,0.0000
param,229,1.0609,0.4471,0.9554,-0.1672
pos,230,-1.6131,-1.5367,1.4868,0.0333
input,230,0.3589,0.4456,0.0290,-0.1034
target,230,-0.5000,-1.5000,1.3000,0.0000
param,230,1.0609,0.4471,0.9554,-0.1672
pos,231,-1.6031,-1.5422,1.4878,0.0343
input,231,0.3508,0.4395,0.0287,-0.1074
target,231,-0.5000,-1.5000,1.3000,0.0000
param,231,1.0609,0.4471,0.9554,-0.1672
pos,232,-1.5929,-1.5481,1.4889,0.0339
input,232,0.3508,0.4395,0.0287,-0.1074
target,232,-0.5000,-1.5000,1.3000,0.0000
param,232,1.0609,0.4471,0.9554,-0.1672
pos,233,-1.5826,-1.5542,1.4899,0.0332
input,233,0.3414,0.4329,0.0281,-0.1114
target,233,-0.5000,-1.5000,1.3000,0.0000
param,233,1.0609,0.4471,0.9554,-0.1672
pos,234,-1.5720,-1.5606,1.4908,0.0324
input,234,0.3414,0.4329,0.0281,-0.1114
target,234,-0.5000,-1.5000,1.3000,0.0000
param,234,1.0609,0.4471,0.9554,-0.1673
pos,235,-1.5615,-1.5672,1.4919,0.0314
input,235,0.3307,0.4243,0.0294,-0.1153
target,235,-0.5000,-1.5000,1.3000,0.0000
param,235,1.0609,0.4471,0.9554,-0.1673
pos,236,-1.5506,-1.5740,1.4930,0.0301
input,236,0.3307,0.4243,0.0294,-0.1153
target,236,-0.5000,-1.5000,1.3000,0.0000
param,236,1.0609,0.4471,0.9554,-0.1673
pos,237,-1.5396,-1.5811,1.4941,0.0290
input,237,0.3190,0.4143,0.0313,-0.1196
target,237,-0.5000,-1.5000,1.3000,0.0000
param,237,1.0609,0.4471,0.9554,-0.1673
pos,238,-1.5285,-1.5885,1.4950,0.0277
input,238,0.3190,0.4143,0.0313,-0.1196
target,238,-0.5000,-1.5000,1.3000,0.0000
param,238,1.0609,0.4471,0.9554,-0.1673
pos,239,-1.5171,-1.5961,1.4960,0.0263
input,239,0.3059,0.4031,0.0330,-0.1238
target,239,-0.5000,-1.5000,1.3000,0.0000
param,239,1.0609,0.4471,0.9554,-0.1673
pos,240,-1.5055,-1.6042,1.4971,0.0240
input,240,0.2989,0.3970,0.0330,-0.1273
target,240,-0.5000,-1.5000,1.3000,0.0000
param,240,1.0609,0.4471,0.9554,-0.1673
pos,241,-1.4947,-1.6118,1.4980,0.0213
input,241,0.2916,0.3899,0.0349,-0.1295
target,241,-0.5000,-1.5000,1.3000,0.0000
param,241,1.0609,0.4471,0.9554,-0.1673
pos,242,-1.4826,-1.6203,1.4990,0.0195
input,242,0.2847,0.3830,0.0368,-0.1315
target,242,-0.5000,-1.5000,1.3000,0.0000
param,242,1.0609,0.4471,0.9554,-0.1673
pos,243,-1.4713,-1.6283,1.4997,0.0182
input,243,0.2767,0.3757,0.0378,-0.1334
target,243,-0.5000,-1.5000,1.3000,0.0000
param,243,1.0609,0.4471,0.9554,-0.1673
pos,244,-1.4588,-1.6373,1.5006,0.0167
input,244,0.2692,0.3690,0.0384,-0.1355
target,244,-0.5000,-1.5000,1.3000,0.0000
param,244,1.0609,0.4471,0.9554,-0.1673
pos,245,-1.4460,-1.6466,1.5015,0.0151
input,245,0.2605,0.3611,0.0392,-0.1375
target,245,-0.5000,-1.5000,1.3000,0.0000
param,245,1.0609,0.4471,0.9554,-0.1673
pos,246,-1.4330,-1.6561,1.5023,0.0139
input,246,0.2516,0.3529,0.0399,-0.1397
target,246,-0.5000,-1.5000,1.3000,0.0000
param,246,1.0609,0.4471,0.9554,-0.1673
pos,247,-1.4199,-1.6658,1.5029,0.0132
input,247,0.2424,0.3447,0.0401,-0.1419
target,247,-0.5000,-1.5000,1.3000,0.0000
param,247,1.0609,0.4471,0.9554,-0.1673
pos,248,-1.4077,-1.6748,1.5036,0.0130
input,248,0.2328,0.3366,0.0398,-0.1440
target,248,-0.5000,-1.5000,1.3000,0.0000
param,248,1.0609,0.4471,0.9554,-0.1673
pos,249,-1.3941,-1.6850,1.5044,0.0119
input,249,0.2243,0.3295,0.0389,-0.1460
target,249,-0.5000,-1.5000,1.3000,0.0000
param,249,1.0610,0.4471,0.9554,-0.1673
pos,250,-1.3803,-1.6954,1.5051,0.0111
input,250,0.2144,0.3205,0.0393,-0.1478
target,250,-0.5000,-1.5000,1.3000,0.0000
param,250,1.0610,0.4471,0.9554,-0.1673
pos,251,-1.3677,-1.7052,1.5058,0.0105
input,251,0.2043,0.3115,0.0389,-0.1498
target,251,-0.5000,-1.5000,1.3000,0.0000
param,251,1.0610,0.4471,0.9554,-0.1673
pos,252,-1.3547,-1.7153,1.5068,0.0090
input,252,0.1954,0.3036,0.0382,-0.1518
target,252,-0.5000,-1.5000,1.3000,0.0000
param,252,1.0610,0.4471,0.9554,-0.1673
pos,253,-1.3415,-1.7257,1.5077,0.0072
input,253,0.1865,0.2948,0.0385,-0.1535
target,253,-0.5000,-1.5000,1.3000,0.0000
param,253,1.0610,0.4471,0.9554,-0.1673
pos,254,-1.3281,-1.7362,1.5085,0.0061
input,254,0.1774,0.2855,0.0389,-0.1552
target,254,-0.5000,-1.5000,1.3000,0.0000
param,254,1.0610,0.4471,0.9554,-0.1673
pos,255,-1.3133,-1.7480,1.5093,0.0049
input,255,0.1680,0.2766,0.0385,-0.1567
target,255,-0.5000,-1.5000,1.3000,0.0000
param,255,1.0610,0.4471,0.9554,-0.1673
pos,256,-1.2985,-1.7599,1.5101,0.0032
input,256,0.1573,0.2662,0.0383,-0.1583
target,256,-0.5000,-1.5000,1.3000,0.0000
param,256,1.0610,0.4471,0.9554,-0.1673
pos,257,-1.2836,-1.7718,1.5109,0.0022
input,257,0.1468,0.2555,0.0382,-0.1601
target,257,-0.5000,-1.5000,1.3000,0.0000
param,257,1.0610,0.4471,0.9554,-0.1673
pos,258,-1.2687,-1.7839,1.5118,0.0008
input,258,0.1364,0.2454,0.0373,-0.1618
target,258,-0.5000,-1.5000,1.3000,0.0000
param,258,1.0610,0.4471,0.9554,-0.1673
pos,259,-1.2547,-1.7952,1.5126,0.0001
input,259,0.1263,0.2350,0.0369,-0.1634
target,259,-0.5000,-1.5000,1.3000,0.0000
param,259,1.0610,0.4471,0.9554,-0.1673
pos,260,-1.2396,-1.8077,1.5134,-0.0011
input,260,0.1176,0.2264,0.0356,-0.1649
target,260,-0.5000,-1.5000,1.3000,0.0000
param,260,1.0610,0.4471,0.9554,-0.1673
pos,261,-1.2244,-1.8203,1.5146,-0.0030
input,261,0.1076,0.2161,0.0353,-0.1659
target,261,-0.5000,-1.5000,1.3000,0.0000
param,261,1.0610,0.4471,0.9554,-0.1673
pos,262,-1.2093,-1.8330,1.5158,-0.0056
input,262,0.0983,0.2054,0.0351,-0.1675
target,262,-0.5000,-1.5000,1.3000,0.0000
param,262,1.0610,0.4470,0.9554,-0.1673
pos,263,-1.1952,-1.8449,1.5170,-0.0077
input,263,0.0894,0.1943,0.0354,-0.1688
target,263,-0.5000,-1.5000,1.3000,0.0000
param,263,1.0610,0.4470,0.9554,-0.1674
pos,264,-1.1797,-1.8579,1.5179,-0.0089
input,264,0.0820,0.1850,0.0351,-0.1700
target,264,-0.5000,-1.5000,1.3000,0.0000
param,264,1.0610,0.4470,0.9554,-0.1674
pos,265,-1.1641,-1.8708,1.5188,-0.0098
input,265,0.0730,0.1753,0.0342,-0.1705
target,265,-0.5000,-1.5000,1.3000,0.0000
param,265,1.0610,0.4470,0.9554,-0.1674
pos,266,-1.1487,-1.8838,1.5198,-0.0103
input,266,0.0643,0.1660,0.0330,-0.1714
target,266,-0.5000,-1.5000,1.3000,0.0000
param,266,1.0610,0.4470,0.9554,-0.1674
pos,267,-1.1333,-1.8969,1.5210,-0.0120
input,267,0.0559,0.1572,0.0315,-0.1724
target,267,-0.5000,-1.5000,1.3000,0.0000
param,267,1.0610,0.4470,0.9554,-0.1674
pos,268,-1.1181,-1.9100,1.5222,-0.0139
input,268,0.0483,0.1478,0.0310,-0.1733
target,268,-0.5000,-1.5000,1.3000,0.0000
param,268,1.0610,0.4470,0.9554,-0.1674
pos,269,-1.1027,-1.9231,1.5232,-0.0141
input,269,0.0409,0.1383,0.0306,-0.1740
target,269,-0.5000,-1.5000,1.3000,0.0000
param,269,1.0610,0.4470,0.9554,-0.1674
pos,270,-1.0876,-1.9360,1.5243,-0.0138
input,270,0.0335,0.1305,0.0287,-0.1745
target,270,-0.5000,-1.5000,1.3000,0.0000
param,270,1.0611,0.4470,0.9554,-0.1674
pos,271,-1.0726,-1.9490,1.5253,-0.0137
input,271,0.0310,0.1292,0.0247,-0.1739
target,271,-0.5000,-1.5000,1.3000,0.0000
param,271,1.0611,0.4470,0.9554,-0.1674
pos,272,-1.0578,-1.9619,1.5266,-0.0139
input,272,0.0193,0.1158,0.0251,-0.1757
target,272,-0.5000,-1.5000,1.3000,0.0000
param,272,1.0611,0.4470,0.9554,-0.1674
pos,273,-1.0432,-1.9748,1.5279,-0.0154
input,273,0.0193,0.1158,0.0251,-0.1757
target,273,-0.5000,-1.5000,1.3000,0.0000
param,273,1.0611,0.4470,0.9554,-0.1674
pos,274,-1.0289,-1.9876,1.5294,-0.0164
input,274,0.0073,0.1002,0.0254,-0.1752
target,274,-0.5000,-1.5000,1.3000,0.0000
param,274,1.0611,0.4470,0.9554,-0.1674
pos,275,-1.0157,-1.9993,1.5307,-0.0168
input,275,0.0073,0.1002,0.0254,-0.1752
target,275,-0.5000,-1.5000,1.3000,0.0000
param,275,1.0611,0.4470,0.9554,-0.1674
pos,276,-1.0014,-2.0119,1.5319,-0.0162
input,276,-0.0023,0.0870,0.0231,-0.1764
target,276,-0.5000,-1.5000,1.3000,0.0000
param,276,1.0611,0.4470,0.9554,-0.1674
pos,277,-0.9876,-2.0244,1.5334,-0.0166
input,277,-0.0023,0.0870,0.0231,-0.1764
target,277,-0.5000,-1.5000,1.3000,0.0000
param,277,1.0611,0.4470,0.9554,-0.1674
pos,278,-0.9739,-2.0367,1.5348,-0.0171
input,278,-0.0042,0.0864,0.0202,-0.1747
target,278,-0.5000,-1.5000,1.3000,0.0000
param,278,1.0611,0.4470,0.9554,-0.1674
pos,279,-0.9605,-2.0491,1.5367,-0.0152
input,279,-0.0126,0.0746,0.0203,-0.1768
target,279,-0.5000,-1.5000,1.3000,0.0000
param,279,1.0611,0.4470,0.9554,-0.1674
pos,280,-0.9474,-2.0610,1.5382,-0.0157
input,280,-0.0143,0.0741,0.0177,-0.1749
target,280,-0.5000,-1.5000,1.3000,0.0000
param,280,1.0611,0.4470,0.9554,-0.1674
pos,281,-0.9346,-2.0728,1.5395,-0.0151
input,281,-0.0218,0.0634,0.0167,-0.1782
target,281,-0.5000,-1.5000,1.3000,0.0000
param,281,1.0611,0.4470,0.9554,-0.1674
pos,282,-0.9230,-2.0836,1.5410,-0.0153
input,282,-0.0298,0.0525,0.0145,-0.1789
target,282,-0.5000,-1.5000,1.3000,0.0000
param,282,1.0611,0.4470,0.9554,-0.1674
pos,283,-0.9115,-2.0943,1.5425,-0.0154
input,283,-0.0298,0.0525,0.0145,-0.1789
target,283,-0.5000,-1.5000,1.3000,0.0000
param,283,1.0611,0.4470,0.9554,-0.1674
pos,284,-0.8993,-2.1057,1.5440,-0.0156
input,284,-0.0349,0.0438,0.0126,-0.1797
target,284,-0.5000,-1.5000,1.3000,0.0000
param,284,1.0611,0.4470,0.9554,-0.1674
pos,285,-0.8874,-2.1169,1.5456,-0.0155
input,285,-0.0349,0.0438,0.0126,-0.1797
target,285,-0.5000,-1.5000,1.3000,0.0000
param,285,1.0611,0.4470,0.9554,-0.1674
pos,286,-0.8759,-2.1278,1.5472,-0.0155
input,286,-0.0411,0.0337,0.0112,-0.1798
target,286,-0.5000,-1.5000,1.3000,0.0000
param,286,1.0611,0.4470,0.9554,-0.1674
pos,287,-0.8647,-2.1385,1.5489,-0.0154
input,287,-0.0411,0.0337,0.0112,-0.1798
target,287,-0.5000,-1.5000,1.3000,0.0000
param,287,1.0611,0.4470,0.9554,-0.1674
pos,288,-0.8547,-2.1484,1.5505,-0.0150
input,288,-0.0463,0.0247,0.0093,-0.1804
target,288,-0.5000,-1.5000,1.3000,0.0000
param,288,1.0611,0.4469,0.9554,-0.1673
pos,289,-0.8441,-2.1587,1.5521,-0.0144
input,289,-0.0463,0.0247,0.0093,-0.1804
target,289,-0.5000,-1.5000,1.3000,0.0000
param,289,1.0611,0.4469,0.9554,-0.1673
pos,290,-0.8339,-2.1688,1.5538,-0.0139
input,290,-0.0463,0.0247,0.0093,-0.1804
target,290,-0.5000,-1.5000,1.3000,0.0000
param,290,1.0611,0.4469,0.9554,-0.1673
pos,291,-0.8240,-2.1786,1.5555,-0.0133
input,291,-0.0529,0.0136,0.0070,-0.1806
target,291,-0.5000,-1.5000,1.3000,0.0000
param,291,1.0611,0.4469,0.9554,-0.1673
pos,292,-0.8144,-2.1883,1.5572,-0.0127
input,292,-0.0529,0.0136,0.0070,-0.1806
target,292,-0.5000,-1.5000,1.3000,0.0000
param,292,1.0611,0.4469,0.9554,-0.1673
pos,293,-0.8050,-2.1978,1.5586,-0.0107
input,293,-0.0529,0.0136,0.0070,-0.1806
target,293,-0.5000,-1.5000,1.3000,0.0000
param,293,1.0611,0.4469,0.9554,-0.1673
pos,294,-0.7960,-2.2070,1.5601,-0.0086
input,294,-0.0594,0.0040,0.0031,-0.1813
target,294,-0.5000,-1.5000,1.3000,0.0000
param,294,1.0611,0.4469,0.9554,-0.1673
pos,295,-0.7872,-2.2159,1.5617,-0.0066
input,295,-0.0594,0.0040,0.0031,-0.1813
target,295,-0.5000,-1.5000,1.3000,0.0000
param,295,1.0611,0.4469,0.9554,-0.1673
pos,296,-0.7787,-2.2247,1.5632,-0.0043
input,296,-0.0594,0.0040,0.0031,-0.1813
target,296,-0.5000,-1.5000,1.3000,0.0000
param,296,1.0611,0.4469,0.9554,-0.1673
pos,297,-0.7711,-2.2328,1.5647,-0.0022
input,297,-0.0594,0.0040,0.0031,-0.1813
target,297,-0.5000,-1.5000,1.3000,0.0000
param,297,1.0611,0.4469,0.9554,-0.1673
pos,298,-0.7637,-2.2407,1.5662,-0.0004
input,298,-0.0677,-0.0038,-0.0033,-0.1820
target,298,-0.5000,-1.5000,1.3000,0.0000
param,298,1.0611,0.4469,0.9554,-0.1673
pos,299,-0.7559,-2.2489,1.5678,-0.0002
input,299,-0.0677,-0.0038,-0.0033,-0.1820
target,299,-0.5000,-1.5000,1.3000,0.0000
param,299,1.0611,0.4469,0.9554,-0.1673
pos,300,-0.7489,-2.2565,1.5694,0.0016
input,300,-0.0677,-0.0038,-0.0033,-0.1820
target,300,-0.5000,-1.5000,1.3000,0.0000
param,300,1.0611,0.4469,0.9554,-0.1673
pos,301,-0.7415,-2.2645,1.5711,0.0040
input,301,-0.0677,-0.0038,-0.0033,-0.1820
target,301,-0.5000,-1.5000,1.3000,0.0000
param,301,1.0611,0.4469,0.9554,-0.1673
pos,302,-0.7341,-2.2723,1.5727,0.0055
input,302,-0.0739,-0.0126,-0.0074,-0.1839
target,302,-0.5000,-1.5000,1.3000,0.0000
param,302,1.0611,0.4469,0.9554,-0.1673
pos,303,-0.7278,-2.2795,1.5743,0.0076
input,303,-0.0739,-0.0126,-0.0074,-0.1839
target,303,-0.5000,-1.5000,1.3000,0.0000
param,303,1.0611,0.4469,0.9554,-0.1673
pos,304,-0.7208,-2.2869,1.5760,0.0104
input,304,-0.0739,-0.0126,-0.0074,-0.1839
target,304,-0.5000,-1.5000,1.3000,0.0000
param,304,1.0611,0.4469,0.9554,-0.1673
pos,305,-0.7143,-2.2942,1.5777,0.0127
input,305,-0.0739,-0.0126,-0.0074,-0.1839
target,305,-0.5000,-1.5000,1.3000,0.0000
param,305,1.0611,0.4469,0.9554,-0.1673
pos,306,-0.7082,-2.3009,1.5793,0.0144
input,306,-0.0803,-0.0192,-0.0133,-0.1855
target,306,-0.5000,-1.5000,1.3000,0.0000
param,306,1.0611,0.4469,0.9554,-0.1673
pos,307,-0.7024,-2.3075,1.5809,0.0134
input,307,-0.0803,-0.0192,-0.0133,-0.1855
target,307,-0.5000,-1.5000,1.3000,0.0000
param,307,1.0611,0.4469,0.9554,-0.1673
pos,308,-0.6962,-2.3144,1.5825,0.0160
input,308,-0.0803,-0.0192,-0.0133,-0.1855
target,308,-0.5000,-1.5000,1.3000,0.0000
param,308,1.0611,0.4469,0.9554,-0.1673
pos,309,-0.6900,-2.3211,1.5841,0.0181
input,309,-0.0803,-0.0192,-0.0133,-0.1855
target,309,-0.5000,-1.5000,1.3000,0.0000
param,309,1.0611,0.4469,0.9554,-0.1673
pos,310,-0.6842,-2.3276,1.5858,0.0201
input,310,-0.0803,-0.0192,-0.0133,-0.1855
target,310,-0.5000,-1.5000,1.3000,0.0000
param,310,1.0611,0.4469,0.9554,-0.1673
pos,311,-0.6783,-2.3340,1.5874,0.0223
input,311,-0.0863,-0.0290,-0.0170,-0.1875
target,311,-0.5000,-1.5000,1.3000,0.0000
param,311,1.0611,0.4469,0.9554,-0.1673
pos,312,-0.6729,-2.3401,1.5890,0.0247
input,312,-0.0863,-0.0290,-0.0170,-0.1875
target,312,-0.5000,-1.5000,1.3000,0.0000
param,312,1.0611,0.4469,0.9554,-0.1673
pos,313,-0.6678,-2.3461,1.5905,0.0264
input,313,-0.0863,-0.0290,-0.0170,-0.1875
target,313,-0.5000,-1.5000,1.3000,0.0000
param,313,1.0611,0.4469,0.9554,-0.1672
pos,314,-0.6626,-2.3518,1.5919,0.0290
input,314,-0.0863,-0.0290,-0.0170,-0.1875
target,314,-0.5000,-1.5000,1.3000,0.0000
param,314,1.0611,0.4469,0.9554,-0.1672
pos,315,-0.6580,-2.3571,1.5933,0.0309
input,315,-0.0866,-0.0284,-0.0163,-0.1833
target,315,-0.5000,-1.5000,1.3000,0.0000
param,315,1.0611,0.4469,0.9554,-0.1672
pos,316,-0.6533,-2.3623,1.5946,0.0332
input,316,-0.0866,-0.0284,-0.0163,-0.1833
target,316,-0.5000,-1.5000,1.3000,0.0000
param,316,1.0611,0.4469,0.9554,-0.1672
pos,317,-0.6495,-2.3668,1.5958,0.0354
input,317,-0.0866,-0.0284,-0.0163,-0.1833
target,317,-0.5000,-1.5000,1.3000,0.0000
param,317,1.0611,0.4469,0.9554,-0.1672
pos,318,-0.6451,-2.3720,1.5972,0.0355
input,318,-0.0940,-0.0349,-0.0235,-0.1850
target,318,-0.5000,-1.5000,1.3000,0.0000
param,318,1.0611,0.4469,0.9554,-0.1672
pos,319,-0.6416,-2.3764,1.5984,0.0356
input,319,-0.0940,-0.0349,-0.0235,-0.1850
target,319,-0.5000,-1.5000,1.3000,0.0000
param,319,1.0611,0.4469,0.9554,-0.1672
pos,320,-0.6385,-2.3803,1.5995,0.0358
input,320,-0.0940,-0.0349,-0.0235,-0.1850
target,320,-0.5000,-1.5000,1.3000,0.0000
param,320,1.0611,0.4469,0.9554,-0.1672
pos,321,-0.6359,-2.3836,1.6005,0.0360
input,321,-0.0937,-0.0355,-0.0245,-0.1894
target,321,-0.5000,-1.5000,1.3000,0.0000
param,321,1.0611,0.4469,0.9554,-0.1672
pos,322,-0.6340,-2.3864,1.6014,0.0362
input,322,-0.0937,-0.0355,-0.0245,-0.1894
target,322,-0.5000,-1.5000,1.3000,0.0000
param,322,1.0611,0.4469,0.9554,-0.1672
pos,323,-0.6323,-2.3888,1.6022,0.0364
input,323,-0.0937,-0.0355,-0.0245,-0.1894
target,323,-0.5000,-1.5000,1.3000,0.0000
param,323,1.0611,0.4469,0.9554,-0.1672
pos,324,-0.6309,-2.3909,1.6030,0.0366
input,324,-0.0937,-0.0355,-0.0245,-0.1894
target,324,-0.5000,-1.5000,1.3000,0.0000
param,324,1.0611,0.4469,0.9554,-0.1672
pos,325,-0.6299,-2.3926,1.6036,0.0368
input,325,-0.0937,-0.0355,-0.0245,-0.1894
target,325,-0.5000,-1.5000,1.3000,0.0000
param,325,1.0611,0.4469,0.9554,-0.1672
pos,326,-0.6291,-2.3941,1.6042,0.0370
input,326,-0.0937,-0.0355,-0.0245,-0.1894
target,326,-0.5000,-1.5000,1.3000,0.0000
param,326,1.0611,0.4469,0.9554,-0.1672
pos,327,-0.6284,-2.3954,1.6048,0.0372
input,327,-0.0937,-0.0355,-0.0245,-0.1894
target,327,-0.5000,-1.5000,1.3000,0.0000
param,327,1.0611,0.4469,0.9554,-0.1672
pos,328,-0.6278,-2.3965,1.6053,0.0374
input,328,-0.0937,-0.0355,-0.0245,-0.1894
target,328,-0.5000,-1.5000,1.3000,0.0000
param,328,1.0611,0.4469,0.9554,-0.1672
pos,329,-0.6276,-2.3974,1.6057,0.0375
input,329,-0.0937,-0.0355,-0.0245,-0.1894
target,329,-0.5000,-1.5000,1.3000,0.0000
param,329,1.0611,0.4469,0.9554,-0.1672
pos,330,-0.6198,-2.4048,1.6060,0.0398
input,330,-0.0937,-0.0355,-0.0245,-0.1894
target,330,-0.5000,-1.5000,1.3000,0.0000
param,330,1.0611,0.4469,0.9554,-0.1672
pos,331,-0.6125,-2.4116,1.6063,0.0416
input,331,-0.0941,-0.0478,-0.0249,-0.1917
target,331,-0.5000,-1.5000,1.3000,0.0000
param,331,1.0611,0.4469,0.9554,-0.1672
pos,332,-0.6058,-2.4178,1.6065,0.0436
input,332,-0.0941,-0.0478,-0.0249,-0.1917
target,332,-0.5000,-1.5000,1.3000,0.0000
param,332,1.0611,0.4469,0.9554,-0.1672
pos,333,-0.5999,-2.4236,1.6066,0.0453
input,333,-0.0941,-0.0478,-0.0249,-0.1917
target,333,-0.5000,-1.5000,1.3000,0.0000
param,333,1.0611,0.4469,0.9554,-0.1672
pos,334,-0.5943,-2.4290,1.6066,0.0470
input,334,-0.1052,-0.0550,-0.0302,-0.1894
target,334,-0.5000,-1.5000,1.3000,0.0000
param,334,1.0611,0.4469,0.9554,-0.1672
pos,335,-0.5893,-2.4338,1.6066,0.0486
input,335,-0.1052,-0.0550,-0.0302,-0.1894
target,335,-0.5000,-1.5000,1.3000,0.0000
param,335,1.0611,0.4469,0.9554,-0.1672
pos,336,-0.5843,-2.4386,1.6065,0.0503
input,336,-0.1052,-0.0550,-0.0302,-0.1894
target,336,-0.5000,-1.5000,1.3000,0.0000
param,336,1.0611,0.4469,0.9554,-0.1672
pos,337,-0.5800,-2.4429,1.6063,0.0514
input,337,-0.1052,-0.0550,-0.0302,-0.1894
target,337,-0.5000,-1.5000,1.3000,0.0000
param,337,1.0611,0.4469,0.9554,-0.1672
pos,338,-0.5757,-2.4471,1.6061,0.0529
input,338,-0.1156,-0.0605,-0.0340,-0.1897
target,338,-0.5000,-1.5000,1.3000,0.0000
param,338,1.0611,0.4469,0.9554,-0.1672
pos,339,-0.5716,-2.4512,1.6058,0.0537
input,339,-0.1156,-0.0605,-0.0340,-0.1897
target,339,-0.5000,-1.5000,1.3000,0.0000
param,339,1.0611,0.4469,0.9554,-0.1672
pos,340,-0.5681,-2.4547,1.6055,0.0544
input,340,-0.1156,-0.0605,-0.0340,-0.1897
target,340,-0.5000,-1.5000,1.3000,0.0000
param,340,1.0611,0.4469,0.9554,-0.1672
pos,341,-0.5645,-2.4582,1.6052,0.0553
input,341,-0.1156,-0.0605,-0.0340,-0.1897
target,341,-0.5000,-1.5000,1.3000,0.0000
param,341,1.0611,0.4469,0.9554,-0.1672
pos,342,-0.5611,-2.4616,1.6046,0.0567
input,342,-0.1156,-0.0605,-0.0340,-0.1897
target,342,-0.5000,-1.5000,1.3000,0.0000
param,342,1.0611,0.4469,0.9554,-0.1672
pos,343,-0.5578,-2.4649,1.6041,0.0578
input,343,-0.1251,-0.0648,-0.0369,-0.1890
target,343,-0.5000,-1.5000,1.3000,0.0000
param,343,1.0611,0.4470,0.9554,-0.1672
pos,344,-0.5546,-2.4680,1.6035,0.0590
input,344,-0.1251,-0.0648,-0.0369,-0.1890
target,344,-0.5000,-1.5000,1.3000,0.0000
param,344,1.0611,0.4470,0.9554,-0.1672
pos,345,-0.5515,-2.4709,1.6028,0.0598
input,345,-0.1251,-0.0648,-0.0369,-0.1890
target,345,-0.5000,-1.5000,1.3000,0.0000
param,345,1.0611,0.4470,0.9554,-0.1672
pos,346,-0.5485,-2.4737,1.6022,0.0606
input,346,-0.1251,-0.0648,-0.0369,-0.1890
target,346,-0.5000,-1.5000,1.3000,0.0000
param,346,1.0611,0.4470,0.9554,-0.1672
pos,347,-0.5458,-2.4763,1.6015,0.0616
input,347,-0.1251,-0.0648,-0.0369,-0.1890
target,347,-0.5000,-1.5000,1.3000,0.0000
param,347,1.0611,0.4470,0.9554,-0.1672
pos,348,-0.5431,-2.4788,1.6008,0.0626
input,348,-0.1251,-0.0648,-0.0369,-0.1890
target,348,-0.5000,-1.5000,1.3000,0.0000
param,348,1.0611,0.4470,0.9554,-0.1672
pos,349,-0.5408,-2.4812,1.6001,0.0633
input,349,-0.1251,-0.0648,-0.0369,-0.1890
target,349,-0.5000,-1.5000,1.3000,0.0000
param,349,1.0611,0.4470,0.9554,-0.1672
pos,350,-0.5388,-2.4832,1.5995,0.0639
input,350,-0.1360,-0.0670,-0.0398,-0.1866
target,350,-0.5000,-1.5000,1.3000,0.0000
param,350,1.0611,0.4470,0.9554,-0.1672
pos,351,-0.5370,-2.4849,1.5989,0.0645
input,351,-0.1360,-0.0670,-0.0398,-0.1866
target,351,-0.5000,-1.5000,1.3000,0.0000
param,351,1.0611,0.4470,0.9554,-0.1672
pos,352,-0.5356,-2.4864,1.5984,0.0651
input,352,-0.1360,-0.0670,-0.0398,-0.1866
target,352,-0.5000,-1.5000,1.3000,0.0000
param,352,1.0611,0.4470,0.9554,-0.1672
pos,353,-0.5343,-2.4877,1.5979,0.0656
input,353,-0.1360,-0.0670,-0.0398,-0.1866
target,353,-0.5000,-1.5000,1.3000,0.0000
param,353,1.0611,0.4470,0.9554,-0.1672
pos,354,-0.5332,-2.4889,1.5974,0.0661
input,354,-0.1360,-0.0670,-0.0398,-0.1866
target,354,-0.5000,-1.5000,1.3000,0.0000
param,354,1.0611,0.4470,0.9554,-0.1672
pos,355,-0.5322,-2.4898,1.5970,0.0666
input,355,-0.1360,-0.0670,-0.0398,-0.1866
target,355,-0.5000,-1.5000,1.3000,0.0000
param,355,1.0611,0.4470,0.9554,-0.1672
pos,356,-0.5314,-2.4907,1.5966,0.0671
input,356,-0.1360,-0.0670,-0.0398,-0.1866
target,356,-0.5000,-1.5000,1.3000,0.0000
param,356,1.0611,0.4470,0.9554,-0.1672
pos,357,-0.5307,-2.4914,1.5962,0.0675
input,357,-0.1360,-0.0670,-0.0398,-0.1866
target,357,-0.5000,-1.5000,1.3000,0.0000
param,357,1.0611,0.4470,0.9554,-0.1672
pos,358,-0.5301,-2.4920,1.5959,0.0680
input,358,-0.1339,-0.0660,-0.0392,-0.1838
target,358,-0.5301,-2.4920,1.5959,0.0680
param,358,1.0611,0.4470,0.9554,-0.1672
pos,359,-0.5296,-2.4925,1.5956,0.0683
input,359,-0.1319,-0.0650,-0.0386,-0.1810
target,359,-0.5296,-2.4925,1.5956,0.0683
param,359,1.0611,0.4470,0.9554,-0.1672
pos,360,-0.5291,-2.4930,1.5954,0.0687
input,360,-0.1299,-0.0640,-0.0380,-0.1783
target,360,-0.5291,-2.4930,1.5954,0.0687
param,360,1.0611,0.4470,0.9554,-0.1672
pos,361,-0.5287,-2.4933,1.5952,0.0690
input,361,-0.1280,-0.0631,-0.0375,-0.1756
target,361,-0.5287,-2.4933,1.5952,0.0690
param,361,1.0611,0.4470,0.9554,-0.1672
pos,362,-0.5287,-2.4936,1.5949,0.0694
input,362,-0.1261,-0.0621,-0.0369,-0.1730
target,362,-0.5287,-2.4936,1.5949,0.0694
param,362,1.0611,0.4470,0.9554,-0.1672
pos,363,-0.5286,-2.4939,1.5947,0.0697
input,363,-0.1242,-0.0612,-0.0363,-0.1704
target,363,-0.5286,-2.4939,1.5947,0.0697
param,363,1.0611,0.4470,0.9554,-0.1672
pos,364,-0.5285,-2.4941,1.5945,0.0700
input,364,-0.1223,-0.0603,-0.0358,-0.1678
target,364,-0.5285,-2.4941,1.5945,0.0700
param,364,1.0611,0.4470,0.9554,-0.1672
pos,365,-0.5288,-2.4943,1.5944,0.0701
input,365,-0.1205,-0.0594,-0.0353,-0.1653
target,365,-0.5288,-2.4943,1.5944,0.0701
param,365,1.0611,0.4470,0.9554,-0.1672
pos,366,-0.5290,-2.4944,1.5942,0.0703
input,366,-0.1187,-0.0585,-0.0347,-0.1628
target,366,-0.5290,-2.4944,1.5942,0.0703
param,366,1.0611,0.4470,0.9554,-0.1672
pos,367,-0.5292,-2.4945,1.5941,0.0705
input,367,-0.1169,-0.0576,-0.0342,-0.1604
target,367,-0.5292,-2.4945,1.5941,0.0705
param,367,1.0611,0.4470,0.9554,-0.1672
pos,368,-0.5294,-2.4946,1.5940,0.0707
input,368,-0.1151,-0.0567,-0.0337,-0.1580
target,368,-0.5294,-2.4946,1.5940,0.0707
param,368,1.0611,0.4470,0.9554,-0.1672
pos,369,-0.5298,-2.4947,1.5939,0.0708
input,369,-0.1134,-0.0559,-0.0332,-0.1556
target,369,-0.5298,-2.4947,1.5939,0.0708
param,369,1.0611,0.4470,0.9554,-0.1672
