pos,0,-2.1527,-2.8843,1.2492,0.0028
input,0,0.1038,0.0947,0.0047,0.0521
target,0,-2.0000,-3.0000,1.3000,0.0000
param,0,1.0611,0.4471,0.9554,-0.4000
pos,1,-2.1538,-2.8877,1.2488,0.0018
input,1,0.1008,0.0953,0.0069,0.0525
target,1,-2.0000,-1.5000,1.3000,0.0000
param,1,1.0611,0.4471,0.9554,-0.4000
pos,2,-2.1548,-2.8912,1.2483,0.0004
input,2,0.0970,0.0986,0.0110,0.0543
target,2,-2.0000,-1.5000,1.3000,0.0000
param,2,1.0611,0.4471,0.9554,-0.4000
pos,3,-2.1557,-2.8946,1.2477,-0.0012
input,3,0.0949,0.0966,0.0109,0.0537
target,3,-2.0000,-1.5000,1.3000,0.0000
param,3,1.0611,0.4471,0.9554,-0.4000
pos,4,-2.1565,-2.8978,1.2472,-0.0026
input,4,-0.4016,-0.1593,-0.0374,-0.0418
target,4,-2.0000,-1.5000,1.3000,0.0000
param,4,1.0611,0.4471,0.9554,-0.4000
pos,5,-2.1573,-2.9012,1.2468,-0.0030
input,5,-0.4016,-0.1593,-0.0374,-0.0418
target,5,-2.0000,-1.5000,1.3000,0.0000
param,5,1.0611,0.4471,0.9554,-0.4000
pos,6,-2.1580,-2.9048,1.2463,-0.0026
input,6,-0.3960,-0.1501,-0.0363,-0.0419
target,6,-2.0000,-1.5000,1.3000,0.0000
param,6,1.0611,0.4471,0.9554,-0.4000
pos,7,-2.1586,-2.9082,1.2458,-0.0036
input,7,-0.3960,-0.1501,-0.0363,-0.0419
target,7,-2.0000,-1.5000,1.3000,0.0000
param,7,1.0611,0.4471,0.9554,-0.4000
pos,8,-2.1590,-2.9116,1.2452,-0.0047
input,8,-0.3926,-0.1417,-0.0349,-0.0415
target,8,-2.0000,-1.5000,1.3000,0.0000
param,8,1.0611,0.4471,0.9554,-0.4000
pos,9,-2.1595,-2.9151,1.2447,-0.0046
input,9,-0.3926,-0.1417,-0.0349,-0.0415
target,9,-2.0000,-1.5000,1.3000,0.0000
param,9,1.0611,0.4471,0.9554,-0.4000
pos,10,-2.1599,-2.9188,1.2442,-0.0056
input,10,-0.3890,-0.1336,-0.0326,-0.0411
target,10,-2.0000,-1.5000,1.3000,0.0000
param,10,1.0611,0.4471,0.9554,-0.4000
pos,11,-2.1601,-2.9221,1.2436,-0.0068
input,11,-0.3890,-0.1336,-0.0326,-0.0411
target,11,-2.0000,-1.5000,1.3000,0.0000
param,11,1.0611,0.4471,0.9554,-0.4000
pos,12,-2.1603,-2.9254,1.2430,-0.0084
input,12,-0.3853,-0.1262,-0.0298,-0.0406
target,12,-2.0000,-1.5000,1.3000,0.0000
param,12,1.0611,0.4471,0.9554,-0.4000
pos,13,-2.1605,-2.9288,1.2426,-0.0088
input,13,-0.3853,-0.1262,-0.0298,-0.0406
target,13,-2.0000,-1.5000,1.3000,0.0000
param,13,1.0611,0.4471,0.9554,-0.4000
pos,14,-2.1606,-2.9321,1.2420,-0.0095
input,14,-0.3815,-0.1189,-0.0271,-0.0400
target,14,-2.0000,-1.5000,1.3000,0.0000
param,14,1.0611,0.4471,0.9554,-0.4000
pos,15,-2.1607,-2.9354,1.2415,-0.0098
input,15,-0.3815,-0.1189,-0.0271,-0.0400
target,15,-2.0000,-1.5000,1.3000,0.0000
param,15,1.0611,0.4471,0.9554,-0.4000
pos,16,-2.1607,-2.9387,1.2410,-0.0102
input,16,-0.3780,-0.1112,-0.0247,-0.0394
target,16,-2.0000,-1.5000,1.3000,0.0000
param,16,1.0611,0.4471,0.9554,-0.4000
pos,17,-2.1606,-2.9419,1.2405,-0.0106
input,17,-0.3780,-0.1112,-0.0247,-0.0394
target,17,-2.0000,-1.5000,1.3000,0.0000
param,17,1.0611,0.4471,0.9554,-0.4000
pos,18,-2.1606,-2.9448,1.2400,-0.0111
input,18,-0.3744,-0.1036,-0.0222,-0.0388
target,18,-2.0000,-1.5000,1.3000,0.0000
param,18,1.0611,0.4471,0.9554,-0.4000
pos,19,-2.1606,-2.9480,1.2397,-0.0104
input,19,-0.3744,-0.1036,-0.0222,-0.0388
target,19,-2.0000,-1.5000,1.3000,0.0000
param,19,1.0611,0.4471,0.9554,-0.4000
pos,20,-2.1605,-2.9508,1.2393,-0.0101
input,20,-0.3710,-0.0955,-0.0200,-0.0381
target,20,-2.0000,-1.5000,1.3000,0.0000
param,20,1.0611,0.4471,0.9554,-0.4000
pos,21,-2.1603,-2.9538,1.2389,-0.0091
input,21,-0.3710,-0.0955,-0.0200,-0.0381
target,21,-2.0000,-1.5000,1.3000,0.0000
param,21,1.0611,0.4471,0.9554,-0.4000
pos,22,-2.1601,-2.9566,1.2385,-0.0093
input,22,-0.3678,-0.0870,-0.0181,-0.0375
target,22,-2.0000,-1.5000,1.3000,0.0000
param,22,1.0611,0.4471,0.9554,-0.4000
pos,23,-2.1599,-2.9593,1.2381,-0.0095
input,23,-0.3678,-0.0870,-0.0181,-0.0375
target,23,-2.0000,-1.5000,1.3000,0.0000
param,23,1.0611,0.4471,0.9554,-0.4000
pos,24,-2.1598,-2.9618,1.2378,-0.0084
input,24,-0.3642,-0.0796,-0.0152,-0.0368
target,24,-2.0000,-1.5000,1.3000,0.0000
param,24,1.0611,0.4471,0.9554,-0.4000
pos,25,-2.1597,-2.9640,1.2375,-0.0085
input,25,-0.3642,-0.0796,-0.0152,-0.0368
target,25,-2.0000,-1.5000,1.3000,0.0000
param,25,1.0611,0.4471,0.9554,-0.4000
pos,26,-2.1595,-2.9661,1.2372,-0.0087
input,26,-0.3583,-0.0764,-0.0120,-0.0308
target,26,-2.0000,-1.5000,1.3000,0.0000
param,26,1.0611,0.4471,0.9554,-0.4000
pos,27,-2.1594,-2.9679,1.2368,-0.0090
input,27,-0.3608,-0.0714,-0.0132,-0.0361
target,27,-2.0000,-1.5000,1.3000,0.0000
param,27,1.0611,0.4471,0.9554,-0.4000
pos,28,-2.1594,-2.9696,1.2366,-0.0076
input,28,-0.3550,-0.0683,-0.0103,-0.0301
target,28,-2.0000,-1.5000,1.3000,0.0000
param,28,1.0611,0.4471,0.9554,-0.4000
pos,29,-2.1594,-2.9711,1.2364,-0.0064
input,29,-0.3569,-0.0643,-0.0103,-0.0354
target,29,-2.0000,-1.5000,1.3000,0.0000
param,29,1.0611,0.4471,0.9554,-0.4000
pos,30,-2.1704,-2.9643,1.2355,-0.0063
input,30,-0.3538,-0.0552,-0.0090,-0.0346
target,30,-2.0000,-1.5000,1.3000,0.0000
param,30,1.0611,0.4471,0.9554,-0.4000
pos,31,-2.1797,-2.9585,1.2347,-0.0068
input,31,-0.3538,-0.0552,-0.0090,-0.0346
target,31,-2.0000,-1.5000,1.3000,0.0000
param,31,1.0611,0.4471,0.9554,-0.4000
pos,32,-2.1876,-2.9534,1.2340,-0.0063
input,32,-0.3538,-0.0552,-0.0090,-0.0346
target,32,-2.0000,-1.5000,1.3000,0.0000
param,32,1.0611,0.4471,0.9554,-0.4000
pos,33,-2.1943,-2.9488,1.2334,-0.0071
input,33,-0.3506,-0.0460,-0.0069,-0.0338
target,33,-2.0000,-1.5000,1.3000,0.0000
param,33,1.0611,0.4471,0.9554,-0.4000
pos,34,-2.1998,-2.9447,1.2327,-0.0079
input,34,-0.3506,-0.0460,-0.0069,-0.0338
target,34,-2.0000,-1.5000,1.3000,0.0000
param,34,1.0611,0.4471,0.9554,-0.4000
pos,35,-2.2047,-2.9410,1.2323,-0.0073
input,35,-0.3506,-0.0460,-0.0069,-0.0338
target,35,-2.0000,-1.5000,1.3000,0.0000
param,35,1.0611,0.4471,0.9554,-0.4000
pos,36,-2.2086,-2.9375,1.2318,-0.0082
input,36,-0.3506,-0.0460,-0.0069,-0.0338
target,36,-2.0000,-1.5000,1.3000,0.0000
param,36,1.0611,0.4471,0.9554,-0.4000
pos,37,-2.2119,-2.9342,1.2313,-0.0092
input,37,-0.3506,-0.0460,-0.0069,-0.0338
target,37,-2.0000,-1.5000,1.3000,0.0000
param,37,1.0611,0.4471,0.9554,-0.4000
pos,38,-2.2147,-2.9311,1.2311,-0.0094
input,38,-0.3506,-0.0460,-0.0069,-0.0338
target,38,-2.0000,-1.5000,1.3000,0.0000
param,38,1.0611,0.4471,0.9554,-0.4000
pos,39,-2.2171,-2.9280,1.2308,-0.0085
input,39,-0.3506,-0.0460,-0.0069,-0.0338
target,39,-2.0000,-1.5000,1.3000,0.0000
param,39,1.0611,0.4471,0.9554,-0.4000
pos,40,-2.2189,-2.9248,1.2307,-0.0074
input,40,-0.3506,-0.0460,-0.0069,-0.0338
target,40,-2.0000,-1.5000,1.3000,0.0000
param,40,1.0611,0.4471,0.9554,-0.4000
pos,41,-2.2206,-2.9218,1.2305,-0.0068
input,41,-0.3491,-0.0378,-0.0053,-0.0326
target,41,-2.0000,-1.5000,1.3000,0.0000
param,41,1.0611,0.4471,0.9554,-0.4000
pos,42,-2.2218,-2.9187,1.2304,-0.0060
input,42,-0.3491,-0.0378,-0.0053,-0.0326
target,42,-2.0000,-1.5000,1.3000,0.0000
param,42,1.0611,0.4471,0.9554,-0.4000
pos,43,-2.2227,-2.9155,1.2303,-0.0067
input,43,-0.3491,-0.0378,-0.0053,-0.0326
target,43,-2.0000,-1.5000,1.3000,0.0000
param,43,1.0611,0.4471,0.9554,-0.4000
pos,44,-2.2233,-2.9121,1.2302,-0.0077
input,44,-0.3491,-0.0378,-0.0053,-0.0326
target,44,-2.0000,-1.5000,1.3000,0.0000
param,44,1.0611,0.4471,0.9554,-0.4000
pos,45,-2.2239,-2.9087,1.2302,-0.0080
input,45,-0.3491,-0.0378,-0.0053,-0.0326
target,45,-2.0000,-1.5000,1.3000,0.0000
param,45,1.0611,0.4471,0.9554,-0.4000
pos,46,-2.2242,-2.9052,1.2303,-0.0082
input,46,-0.3491,-0.0378,-0.0053,-0.0326
target,46,-2.0000,-1.5000,1.3000,0.0000
param,46,1.0611,0.4471,0.9554,-0.4000
pos,47,-2.2245,-2.9014,1.2305,-0.0086
input,47,-0.3491,-0.0378,-0.0053,-0.0326
target,47,-2.0000,-1.5000,1.3000,0.0000
param,47,1.0611,0.4471,0.9554,-0.4000
pos,48,-2.2245,-2.8976,1.2306,-0.0090
input,48,-0.3491,-0.0378,-0.0053,-0.0326
target,48,-2.0000,-1.5000,1.3000,0.0000
param,48,1.0611,0.4471,0.9554,-0.4000
pos,49,-2.2245,-2.8935,1.2308,-0.0095
input,49,-0.3491,-0.0378,-0.0053,-0.0326
target,49,-2.0000,-1.5000,1.3000,0.0000
param,49,1.0611,0.4471,0.9554,-0.4000
pos,50,-2.2244,-2.8898,1.2310,-0.0098
input,50,-0.3491,-0.0378,-0.0053,-0.0326
target,50,-2.0000,-1.5000,1.3000,0.0000
param,50,1.0611,0.4471,0.9554,-0.4000
pos,51,-2.2242,-2.8853,1.2312,-0.0106
input,51,-0.3491,-0.0378,-0.0053,-0.0326
target,51,-2.0000,-1.5000,1.3000,0.0000
param,51,1.0611,0.4471,0.9554,-0.4000
pos,52,-2.2240,-2.8808,1.2315,-0.0105
input,52,-0.3491,-0.0378,-0.0053,-0.0326
target,52,-2.0000,-1.5000,1.3000,0.0000
param,52,1.0611,0.4471,0.9554,-0.4000
pos,53,-2.2237,-2.8764,1.2318,-0.0105
input,53,-0.3491,-0.0378,-0.0053,-0.0326
target,53,-2.0000,-1.5000,1.3000,0.0000
param,53,1.0611,0.4471,0.9554,-0.4000
pos,54,-2.2234,-2.8715,1.2323,-0.0096
input,54,-0.3491,-0.0378,-0.0053,-0.0326
target,54,-2.0000,-1.5000,1.3000,0.0000
param,54,1.0611,0.4471,0.9554,-0.4000
pos,55,-2.2230,-2.8659,1.2326,-0.0100
input,55,-0.3491,-0.0378,-0.0053,-0.0326
target,55,-2.0000,-1.5000,1.3000,0.0000
param,55,1.0611,0.4471,0.9554,-0.4000
pos,56,-2.2225,-2.8603,1.2331,-0.0085
input,56,-0.3491,-0.0378,-0.0053,-0.0326
target,56,-2.0000,-1.5000,1.3000,0.0000
param,56,1.0611,0.4471,0.9554,-0.4000
pos,57,-2.2221,-2.8550,1.2335,-0.0071
input,57,-0.3491,-0.0378,-0.0053,-0.0326
target,57,-2.0000,-1.5000,1.3000,0.0000
param,57,1.0611,0.4471,0.9554,-0.4000
pos,58,-2.2217,-2.8494,1.2339,-0.0057
input,58,-0.3491,-0.0378,-0.0053,-0.0326
target,58,-2.0000,-1.5000,1.3000,0.0000
param,58,1.0610,0.4471,0.9554,-0.4000
pos,59,-2.2210,-2.8437,1.2343,-0.0055
input,59,-0.3491,-0.0378,-0.0053,-0.0326
target,59,-2.0000,-1.5000,1.3000,0.0000
param,59,1.0610,0.4471,0.9554,-0.4000
pos,60,-2.2205,-2.8377,1.2347,-0.0054
input,60,-0.3491,-0.0378,-0.0053,-0.0326
target,60,-2.0000,-1.5000,1.3000,0.0000
param,60,1.0610,0.4471,0.9554,-0.4000
pos,61,-2.2199,-2.8315,1.2351,-0.0055
input,61,-0.3491,-0.0378,-0.0053,-0.0326
target,61,-2.0000,-1.5000,1.3000,0.0000
param,61,1.0610,0.4471,0.9554,-0.4000
pos,62,-2.2194,-2.8251,1.2356,-0.0058
input,62,-0.3491,-0.0378,-0.0053,-0.0326
target,62,-2.0000,-1.5000,1.3000,0.0000
param,62,1.0610,0.4471,0.9554,-0.4000
pos,63,-2.2190,-2.8185,1.2361,-0.0058
input,63,-0.3491,-0.0378,-0.0053,-0.0326
target,63,-2.0000,-1.5000,1.3000,0.0000
param,63,1.0610,0.4471,0.9554,-0.4000
pos,64,-2.2186,-2.8120,1.2366,-0.0063
input,64,-0.3491,-0.0378,-0.0053,-0.0326
target,64,-2.0000,-1.5000,1.3000,0.0000
param,64,1.0610,0.4471,0.9554,-0.4000
pos,65,-2.2182,-2.8052,1.2372,-0.0071
input,65,-0.3445,-0.0322,-0.0048,-0.0331
target,65,-2.0000,-1.5000,1.3000,0.0000
param,65,1.0611,0.4471,0.9554,-0.4000
pos,66,-2.2179,-2.7985,1.2378,-0.0065
input,66,-0.3445,-0.0322,-0.0048,-0.0331
target,66,-2.0000,-1.5000,1.3000,0.0000
param,66,1.0611,0.4471,0.9554,-0.4000
pos,67,-2.2173,-2.7915,1.2385,-0.0070
input,67,-0.3445,-0.0322,-0.0048,-0.0331
target,67,-2.0000,-1.5000,1.3000,0.0000
param,67,1.0611,0.4471,0.9554,-0.4000
pos,68,-2.2168,-2.7850,1.2390,-0.0076
input,68,-0.3445,-0.0322,-0.0048,-0.0331
target,68,-2.0000,-1.5000,1.3000,0.0000
param,68,1.0611,0.4471,0.9554,-0.4000
pos,69,-2.2162,-2.7777,1.2397,-0.0078
input,69,-0.3445,-0.0322,-0.0048,-0.0331
target,69,-2.0000,-1.5000,1.3000,0.0000
param,69,1.0611,0.4471,0.9554,-0.4000
