pos,0,-2.1724,-2.9763,1.2225,-0.0565
input,0,0.0474,0.0956,0.0481,0.0744
target,0,-2.0000,-3.0000,1.3000,0.0000
param,0,1.0611,0.4471,0.9554,-0.1670
pos,1,-2.1729,-2.9793,1.2227,-0.0549
input,1,0.0456,0.0968,0.0458,0.0744
target,1,-2.0000,-1.5000,1.3000,0.0000
param,1,1.0611,0.4471,0.9554,-0.1670
pos,2,-2.1733,-2.9821,1.2230,-0.0533
input,2,0.0444,0.0951,0.0446,0.0735
target,2,-2.0000,-1.5000,1.3000,0.0000
param,2,1.0611,0.4471,0.9554,-0.1670
pos,3,-2.1701,-2.9832,1.2228,-0.0517
input,3,-0.3437,-0.0596,-0.0071,-0.0403
target,3,-2.0000,-1.5000,1.3000,0.0000
param,3,1.0611,0.4471,0.9554,-0.1670
pos,4,-2.1674,-2.9843,1.2227,-0.0502
input,4,-0.3437,-0.0596,-0.0071,-0.0403
target,4,-2.0000,-1.5000,1.3000,0.0000
param,4,1.0611,0.4471,0.9554,-0.1670
pos,5,-2.1683,-2.9877,1.2228,-0.0489
input,5,-0.3437,-0.0596,-0.0071,-0.0403
target,5,-2.0000,-1.5000,1.3000,0.0000
param,5,1.0611,0.4471,0.9554,-0.1670
pos,6,-2.1688,-2.9906,1.2227,-0.0477
input,6,-0.3389,-0.0481,-0.0078,-0.0399
target,6,-2.0000,-1.5000,1.3000,0.0000
param,6,1.0611,0.4471,0.9554,-0.1670
pos,7,-2.1682,-2.9946,1.2232,-0.0437
input,7,-0.3389,-0.0481,-0.0078,-0.0399
target,7,-2.0000,-1.5000,1.3000,0.0000
param,7,1.0611,0.4471,0.9554,-0.1670
pos,8,-2.1677,-2.9984,1.2237,-0.0398
input,8,-0.3363,-0.0397,-0.0061,-0.0393
target,8,-2.0000,-1.5000,1.3000,0.0000
param,8,1.0611,0.4471,0.9554,-0.1670
pos,9,-2.1669,-3.0022,1.2241,-0.0377
input,9,-0.3363,-0.0397,-0.0061,-0.0393
target,9,-2.0000,-1.5000,1.3000,0.0000
param,9,1.0611,0.4471,0.9554,-0.1670
pos,10,-2.1662,-3.0058,1.2244,-0.0341
input,10,-0.3340,-0.0313,-0.0048,-0.0389
target,10,-2.0000,-1.5000,1.3000,0.0000
param,10,1.0611,0.4471,0.9554,-0.1670
pos,11,-2.1654,-3.0092,1.2247,-0.0322
input,11,-0.3340,-0.0313,-0.0048,-0.0389
target,11,-2.0000,-1.5000,1.3000,0.0000
param,11,1.0611,0.4471,0.9554,-0.1670
pos,12,-2.1646,-3.0124,1.2249,-0.0299
input,12,-0.3318,-0.0232,-0.0033,-0.0384
target,12,-2.0000,-1.5000,1.3000,0.0000
param,12,1.0611,0.4471,0.9554,-0.1670
pos,13,-2.1638,-3.0155,1.2251,-0.0280
input,13,-0.3318,-0.0232,-0.0033,-0.0384
target,13,-2.0000,-1.5000,1.3000,0.0000
param,13,1.0611,0.4471,0.9554,-0.1670
pos,14,-2.1630,-3.0184,1.2252,-0.0265
input,14,-0.3294,-0.0160,-0.0015,-0.0378
target,14,-2.0000,-1.5000,1.3000,0.0000
param,14,1.0611,0.4471,0.9554,-0.1670
pos,15,-2.1621,-3.0212,1.2254,-0.0249
input,15,-0.3294,-0.0160,-0.0015,-0.0378
target,15,-2.0000,-1.5000,1.3000,0.0000
param,15,1.0611,0.4471,0.9554,-0.1670
pos,16,-2.1613,-3.0238,1.2255,-0.0236
input,16,-0.3294,-0.0160,-0.0015,-0.0378
target,16,-2.0000,-1.5000,1.3000,0.0000
param,16,1.0611,0.4471,0.9554,-0.1670
pos,17,-2.1605,-3.0261,1.2256,-0.0222
input,17,-0.3245,-0.0138,-0.0006,-0.0320
target,17,-2.0000,-1.5000,1.3000,0.0000
param,17,1.0611,0.4471,0.9554,-0.1670
pos,18,-2.1598,-3.0285,1.2257,-0.0194
input,18,-0.3255,-0.0064,0.0005,-0.0370
target,18,-2.0000,-1.5000,1.3000,0.0000
param,18,1.0611,0.4471,0.9554,-0.1670
pos,19,-2.1590,-3.0307,1.2258,-0.0167
input,19,-0.3207,-0.0043,0.0010,-0.0312
target,19,-2.0000,-1.5000,1.3000,0.0000
param,19,1.0611,0.4471,0.9554,-0.1670
pos,20,-2.1581,-3.0326,1.2258,-0.0156
input,20,-0.3185,0.0028,0.0029,-0.0303
target,20,-2.0000,-1.5000,1.3000,0.0000
param,20,1.0611,0.4471,0.9554,-0.1670
pos,21,-2.1572,-3.0343,1.2258,-0.0145
input,21,-0.3140,0.0046,0.0030,-0.0247
target,21,-2.0000,-1.5000,1.3000,0.0000
param,21,1.0611,0.4471,0.9554,-0.1670
pos,22,-2.1565,-3.0359,1.2259,-0.0123
input,22,-0.3185,0.0028,0.0029,-0.0303
target,22,-2.0000,-1.5000,1.3000,0.0000
param,22,1.0611,0.4471,0.9554,-0.1670
pos,23,-2.1557,-3.0373,1.2259,-0.0097
input,23,-0.3152,0.0122,0.0043,-0.0295
target,23,-2.0000,-1.5000,1.3000,0.0000
param,23,1.0611,0.4471,0.9554,-0.1670
pos,24,-2.1548,-3.0383,1.2258,-0.0089
input,24,-0.3152,0.0122,0.0043,-0.0295
target,24,-2.0000,-1.5000,1.3000,0.0000
param,24,1.0611,0.4471,0.9554,-0.1670
pos,25,-2.1539,-3.0392,1.2256,-0.0080
input,25,-0.3180,0.0179,0.0065,-0.0343
target,25,-2.0000,-1.5000,1.3000,0.0000
param,25,1.0611,0.4471,0.9554,-0.1670
pos,26,-2.1531,-3.0398,1.2255,-0.0071
input,26,-0.3180,0.0179,0.0065,-0.0343
target,26,-2.0000,-1.5000,1.3000,0.0000
param,26,1.0611,0.4471,0.9554,-0.1670
pos,27,-2.1522,-3.0402,1.2254,-0.0061
input,27,-0.3144,0.0262,0.0090,-0.0333
target,27,-2.0000,-1.5000,1.3000,0.0000
param,27,1.0611,0.4471,0.9554,-0.1670
pos,28,-2.1514,-3.0403,1.2253,-0.0052
input,28,-0.3144,0.0262,0.0090,-0.0333
target,28,-2.0000,-1.5000,1.3000,0.0000
param,28,1.0611,0.4471,0.9554,-0.1670
pos,29,-2.1506,-3.0403,1.2251,-0.0029
input,29,-0.3144,0.0262,0.0090,-0.0333
target,29,-2.0000,-1.5000,1.3000,0.0000
param,29,1.0611,0.4471,0.9554,-0.1670
pos,30,-2.1499,-3.0399,1.2249,-0.0011
input,30,-0.3099,0.0279,0.0082,-0.0276
target,30,-2.0000,-1.5000,1.3000,0.0000
param,30,1.0611,0.4471,0.9554,-0.1670
pos,31,-2.1492,-3.0393,1.2247,0.0009
input,31,-0.3113,0.0356,0.0110,-0.0319
target,31,-2.0000,-1.5000,1.3000,0.0000
param,31,1.0611,0.4471,0.9554,-0.1670
pos,32,-2.1484,-3.0384,1.2244,0.0013
input,32,-0.3113,0.0356,0.0110,-0.0319
target,32,-2.0000,-1.5000,1.3000,0.0000
param,32,1.0611,0.4471,0.9554,-0.1670
pos,33,-2.1476,-3.0372,1.2241,0.0016
input,33,-0.3070,0.0372,0.0098,-0.0263
target,33,-2.0000,-1.5000,1.3000,0.0000
param,33,1.0611,0.4471,0.9554,-0.1670
pos,34,-2.1558,-3.0320,1.2229,0.0007
input,34,-0.3085,0.0452,0.0133,-0.0306
target,34,-2.0000,-1.5000,1.3000,0.0000
param,34,1.0611,0.4471,0.9554,-0.1670
pos,35,-2.1627,-3.0270,1.2218,-0.0001
input,35,-0.3085,0.0452,0.0133,-0.0306
target,35,-2.0000,-1.5000,1.3000,0.0000
param,35,1.0611,0.4471,0.9554,-0.1670
pos,36,-2.1684,-3.0221,1.2207,-0.0009
input,36,-0.3085,0.0452,0.0133,-0.0306
target,36,-2.0000,-1.5000,1.3000,0.0000
param,36,1.0611,0.4471,0.9554,-0.1670
pos,37,-2.1730,-3.0176,1.2197,-0.0002
input,37,-0.3054,0.0519,0.0171,-0.0289
target,37,-2.0000,-1.5000,1.3000,0.0000
param,37,1.0611,0.4471,0.9554,-0.1670
pos,38,-2.1768,-3.0133,1.2188,0.0005
input,38,-0.3054,0.0519,0.0171,-0.0289
target,38,-2.0000,-1.5000,1.3000,0.0000
param,38,1.0611,0.4471,0.9554,-0.1670
pos,39,-2.1796,-3.0089,1.2179,-0.0003
input,39,-0.3054,0.0519,0.0171,-0.0289
target,39,-2.0000,-1.5000,1.3000,0.0000
param,39,1.0611,0.4471,0.9554,-0.1670
pos,40,-2.1819,-3.0047,1.2170,-0.0009
input,40,-0.3054,0.0519,0.0171,-0.0289
target,40,-2.0000,-1.5000,1.3000,0.0000
param,40,1.0611,0.4471,0.9554,-0.1670
pos,41,-2.1835,-3.0004,1.2161,-0.0019
input,41,-0.3054,0.0519,0.0171,-0.0289
target,41,-2.0000,-1.5000,1.3000,0.0000
param,41,1.0611,0.4471,0.9554,-0.1670
pos,42,-2.1848,-2.9962,1.2154,-0.0012
input,42,-0.3054,0.0519,0.0171,-0.0289
target,42,-2.0000,-1.5000,1.3000,0.0000
param,42,1.0611,0.4471,0.9554,-0.1670
pos,43,-2.1855,-2.9919,1.2146,-0.0020
input,43,-0.3054,0.0519,0.0171,-0.0289
target,43,-2.0000,-1.5000,1.3000,0.0000
param,43,1.0611,0.4471,0.9554,-0.1670
pos,44,-2.1861,-2.9879,1.2139,-0.0025
input,44,-0.3054,0.0519,0.0171,-0.0289
target,44,-2.0000,-1.5000,1.3000,0.0000
param,44,1.0611,0.4471,0.9554,-0.1670
pos,45,-2.1862,-2.9834,1.2132,-0.0032
input,45,-0.3054,0.0519,0.0171,-0.0289
target,45,-2.0000,-1.5000,1.3000,0.0000
param,45,1.0611,0.4471,0.9554,-0.1670
pos,46,-2.1861,-2.9789,1.2124,-0.0041
input,46,-0.3054,0.0519,0.0171,-0.0289
target,46,-2.0000,-1.5000,1.3000,0.0000
param,46,1.0611,0.4471,0.9554,-0.1670
pos,47,-2.1859,-2.9742,1.2117,-0.0048
input,47,-0.3054,0.0519,0.0171,-0.0289
target,47,-2.0000,-1.5000,1.3000,0.0000
param,47,1.0611,0.4471,0.9554,-0.1670
pos,48,-2.1856,-2.9699,1.2111,-0.0054
input,48,-0.3054,0.0519,0.0171,-0.0289
target,48,-2.0000,-1.5000,1.3000,0.0000
param,48,1.0611,0.4471,0.9554,-0.1670
pos,49,-2.1849,-2.9651,1.2104,-0.0060
input,49,-0.3054,0.0519,0.0171,-0.0289
target,49,-2.0000,-1.5000,1.3000,0.0000
param,49,1.0611,0.4471,0.9554,-0.1670
pos,50,-2.1841,-2.9602,1.2099,-0.0065
input,50,-0.3054,0.0519,0.0171,-0.0289
target,50,-2.0000,-1.5000,1.3000,0.0000
param,50,1.0611,0.4471,0.9554,-0.1670
pos,51,-2.1832,-2.9553,1.2093,-0.0072
input,51,-0.3054,0.0519,0.0171,-0.0289
target,51,-2.0000,-1.5000,1.3000,0.0000
param,51,1.0611,0.4471,0.9554,-0.1670
pos,52,-2.1821,-2.9503,1.2088,-0.0078
input,52,-0.3054,0.0519,0.0171,-0.0289
target,52,-2.0000,-1.5000,1.3000,0.0000
param,52,1.0611,0.4471,0.9554,-0.1670
pos,53,-2.1823,-2.9444,1.2080,-0.0082
input,53,-0.3054,0.0519,0.0171,-0.0289
target,53,-2.0000,-1.5000,1.3000,0.0000
param,53,1.0611,0.4471,0.9554,-0.1670
pos,54,-2.1823,-2.9393,1.2073,-0.0086
input,54,-0.3054,0.0519,0.0171,-0.0289
target,54,-2.0000,-1.5000,1.3000,0.0000
param,54,1.0611,0.4471,0.9554,-0.1670
pos,55,-2.1809,-2.9353,1.2084,-0.0114
input,55,-0.3054,0.0519,0.0171,-0.0289
target,55,-2.0000,-1.5000,1.3000,0.0000
param,55,1.0611,0.4471,0.9554,-0.1670
pos,56,-2.1794,-2.9310,1.2094,-0.0145
input,56,-0.3054,0.0519,0.0171,-0.0289
target,56,-2.0000,-1.5000,1.3000,0.0000
param,56,1.0611,0.4471,0.9554,-0.1670
pos,57,-2.1781,-2.9263,1.2102,-0.0166
input,57,-0.3110,0.0477,0.0221,-0.0235
target,57,-2.0000,-1.5000,1.3000,0.0000
param,57,1.0611,0.4471,0.9554,-0.1670
pos,58,-2.1767,-2.9214,1.2108,-0.0182
input,58,-0.3110,0.0477,0.0221,-0.0235
target,58,-2.0000,-1.5000,1.3000,0.0000
param,58,1.0611,0.4471,0.9554,-0.1670
pos,59,-2.1751,-2.9167,1.2117,-0.0218
input,59,-0.3110,0.0477,0.0221,-0.0235
target,59,-2.0000,-1.5000,1.3000,0.0000
param,59,1.0611,0.4471,0.9554,-0.1670
pos,60,-2.1738,-2.9118,1.2123,-0.0243
input,60,-0.3110,0.0477,0.0221,-0.0235
target,60,-2.0000,-1.5000,1.3000,0.0000
param,60,1.0611,0.4471,0.9554,-0.1670
pos,61,-2.1723,-2.9070,1.2130,-0.0257
input,61,-0.3110,0.0477,0.0221,-0.0235
target,61,-2.0000,-1.5000,1.3000,0.0000
param,61,1.0611,0.4471,0.9554,-0.1670
pos,62,-2.1707,-2.9022,1.2136,-0.0256
input,62,-0.3110,0.0477,0.0221,-0.0235
target,62,-2.0000,-1.5000,1.3000,0.0000
param,62,1.0611,0.4471,0.9554,-0.1670
pos,63,-2.1693,-2.8969,1.2140,-0.0281
input,63,-0.3110,0.0477,0.0221,-0.0235
target,63,-2.0000,-1.5000,1.3000,0.0000
param,63,1.0611,0.4471,0.9554,-0.1670
pos,64,-2.1682,-2.8902,1.2130,-0.0305
input,64,-0.3061,0.0369,0.0262,-0.0254
target,64,-2.0000,-1.5000,1.3000,0.0000
param,64,1.0611,0.4471,0.9554,-0.1670
pos,65,-2.1670,-2.8842,1.2121,-0.0327
input,65,-0.3061,0.0369,0.0262,-0.0254
target,65,-2.0000,-1.5000,1.3000,0.0000
param,65,1.0611,0.4471,0.9554,-0.1670
pos,66,-2.1655,-2.8789,1.2127,-0.0352
input,66,-0.3061,0.0369,0.0262,-0.0254
target,66,-2.0000,-1.5000,1.3000,0.0000
param,66,1.0611,0.4471,0.9554,-0.1670
pos,67,-2.1641,-2.8739,1.2133,-0.0372
input,67,-0.3061,0.0369,0.0262,-0.0254
target,67,-2.0000,-1.5000,1.3000,0.0000
param,67,1.0611,0.4471,0.9554,-0.1670
pos,68,-2.1625,-2.8684,1.2139,-0.0378
input,68,-0.3061,0.0369,0.0262,-0.0254
target,68,-2.0000,-1.5000,1.3000,0.0000
param,68,1.0611,0.4471,0.9554,-0.1670
pos,69,-2.1611,-2.8632,1.2144,-0.0397
input,69,-0.3061,0.0369,0.0262,-0.0254
target,69,-2.0000,-1.5000,1.3000,0.0000
param,69,1.0611,0.4471,0.9554,-0.1670
pos,70,-2.1597,-2.8572,1.2148,-0.0412
input,70,-0.3061,0.0369,0.0262,-0.0254
target,70,-2.0000,-1.5000,1.3000,0.0000
param,70,1.0611,0.4471,0.9554,-0.1670
pos,71,-2.1582,-2.8513,1.2153,-0.0423
input,71,-0.3061,0.0369,0.0262,-0.0254
target,71,-2.0000,-1.5000,1.3000,0.0000
param,71,1.0611,0.4471,0.9554,-0.1670
pos,72,-2.1569,-2.8451,1.2157,-0.0437
input,72,-0.3061,0.0369,0.0262,-0.0254
target,72,-2.0000,-1.5000,1.3000,0.0000
param,72,1.0611,0.4471,0.9554,-0.1670
pos,73,-2.1568,-2.8369,1.2142,-0.0450
input,73,-0.3005,0.0279,0.0295,-0.0243
target,73,-2.0000,-1.5000,1.3000,0.0000
param,73,1.0611,0.4471,0.9554,-0.1670
pos,74,-2.1565,-2.8290,1.2130,-0.0462
input,74,-0.3005,0.0279,0.0295,-0.0243
target,74,-2.0000,-1.5000,1.3000,0.0000
param,74,1.0611,0.4471,0.9554,-0.1670
pos,75,-2.1563,-2.8216,1.2118,-0.0474
input,75,-0.3005,0.0279,0.0295,-0.0243
target,75,-2.0000,-1.5000,1.3000,0.0000
param,75,1.0611,0.4471,0.9554,-0.1670
pos,76,-2.1561,-2.8152,1.2108,-0.0486
input,76,-0.3005,0.0279,0.0295,-0.0243
target,76,-2.0000,-1.5000,1.3000,0.0000
param,76,1.0611,0.4471,0.9554,-0.1670
pos,77,-2.1542,-2.8081,1.2100,-0.0438
input,77,-0.3005,0.0279,0.0295,-0.0243
target,77,-2.0000,-1.5000,1.3000,0.0000
param,77,1.0611,0.4471,0.9554,-0.1670
pos,78,-2.1535,-2.8002,1.2092,-0.0390
input,78,-0.3005,0.0279,0.0295,-0.0243
target,78,-2.0000,-1.5000,1.3000,0.0000
param,78,1.0611,0.4471,0.9554,-0.1670
pos,79,-2.1515,-2.7934,1.2085,-0.0344
input,79,-0.3035,0.0367,0.0242,-0.0200
target,79,-2.0000,-1.5000,1.3000,0.0000
param,79,1.0611,0.4471,0.9554,-0.1670
pos,80,-2.1497,-2.7863,1.2079,-0.0399
input,80,-0.3035,0.0367,0.0242,-0.0200
target,80,-2.0000,-1.5000,1.3000,0.0000
param,80,1.0611,0.4471,0.9554,-0.1670
pos,81,-2.1492,-2.7784,1.2075,-0.0454
input,81,-0.3035,0.0367,0.0242,-0.0200
target,81,-2.0000,-1.5000,1.3000,0.0000
param,81,1.0611,0.4471,0.9554,-0.1670
pos,82,-2.1473,-2.7716,1.2071,-0.0490
input,82,-0.3035,0.0367,0.0242,-0.0200
target,82,-2.0000,-1.5000,1.3000,0.0000
param,82,1.0611,0.4471,0.9554,-0.1670
pos,83,-2.1453,-2.7650,1.2068,-0.0516
input,83,-0.3035,0.0367,0.0242,-0.0200
target,83,-2.0000,-1.5000,1.3000,0.0000
param,83,1.0611,0.4471,0.9554,-0.1670
pos,84,-2.1435,-2.7578,1.2069,-0.0499
input,84,-0.3035,0.0367,0.0242,-0.0200
target,84,-2.0000,-1.5000,1.3000,0.0000
param,84,1.0611,0.4471,0.9554,-0.1670
pos,85,-2.1419,-2.7507,1.2071,-0.0466
input,85,-0.3035,0.0367,0.0242,-0.0200
target,85,-2.0000,-1.5000,1.3000,0.0000
param,85,1.0611,0.4471,0.9554,-0.1670
pos,86,-2.1402,-2.7435,1.2074,-0.0439
input,86,-0.3035,0.0367,0.0242,-0.0200
target,86,-2.0000,-1.5000,1.3000,0.0000
param,86,1.0611,0.4471,0.9554,-0.1670
pos,87,-2.1384,-2.7361,1.2075,-0.0435
input,87,-0.3035,0.0367,0.0242,-0.0200
target,87,-2.0000,-1.5000,1.3000,0.0000
param,87,1.0611,0.4471,0.9554,-0.1670
pos,88,-2.1368,-2.7286,1.2076,-0.0426
input,88,-0.3035,0.0367,0.0242,-0.0200
target,88,-2.0000,-1.5000,1.3000,0.0000
param,88,1.0611,0.4471,0.9554,-0.1670
pos,89,-2.1352,-2.7211,1.2079,-0.0416
input,89,-0.3035,0.0367,0.0242,-0.0200
target,89,-2.0000,-1.5000,1.3000,0.0000
param,89,1.0611,0.4471,0.9554,-0.1670
pos,90,-2.1336,-2.7136,1.2081,-0.0409
input,90,-0.3035,0.0367,0.0242,-0.0200
target,90,-2.0000,-1.5000,1.3000,0.0000
param,90,1.0611,0.4471,0.9554,-0.1670
pos,91,-2.1321,-2.7061,1.2084,-0.0391
input,91,-0.3035,0.0367,0.0242,-0.0200
target,91,-2.0000,-1.5000,1.3000,0.0000
param,91,1.0611,0.4471,0.9554,-0.1670
pos,92,-2.1306,-2.6986,1.2087,-0.0375
input,92,-0.3035,0.0367,0.0242,-0.0200
target,92,-2.0000,-1.5000,1.3000,0.0000
param,92,1.0611,0.4471,0.9554,-0.1670
pos,93,-2.1290,-2.6911,1.2091,-0.0351
input,93,-0.3035,0.0367,0.0242,-0.0200
target,93,-2.0000,-1.5000,1.3000,0.0000
param,93,1.0611,0.4471,0.9554,-0.1670
pos,94,-2.1275,-2.6835,1.2095,-0.0322
input,94,-0.3035,0.0367,0.0242,-0.0200
target,94,-2.0000,-1.5000,1.3000,0.0000
param,94,1.0611,0.4471,0.9554,-0.1670
pos,95,-2.1261,-2.6760,1.2099,-0.0290
input,95,-0.3035,0.0367,0.0242,-0.0200
target,95,-2.0000,-1.5000,1.3000,0.0000
param,95,1.0611,0.4471,0.9554,-0.1670
pos,96,-2.1246,-2.6684,1.2102,-0.0277
input,96,-0.3033,0.0467,0.0225,-0.0176
target,96,-2.0000,-1.5000,1.3000,0.0000
param,96,1.0611,0.4471,0.9554,-0.1670
pos,97,-2.1232,-2.6612,1.2104,-0.0267
input,97,-0.3033,0.0467,0.0225,-0.0176
target,97,-2.0000,-1.5000,1.3000,0.0000
param,97,1.0611,0.4471,0.9554,-0.1670
pos,98,-2.1216,-2.6535,1.2108,-0.0254
input,98,-0.3033,0.0467,0.0225,-0.0176
target,98,-2.0000,-1.5000,1.3000,0.0000
param,98,1.0611,0.4471,0.9554,-0.1670
pos,99,-2.1202,-2.6463,1.2112,-0.0242
input,99,-0.3033,0.0467,0.0225,-0.0176
target,99,-2.0000,-1.5000,1.3000,0.0000
param,99,1.0611,0.4471,0.9554,-0.1670
pos,100,-2.1187,-2.6389,1.2116,-0.0231
input,100,-0.3033,0.0467,0.0225,-0.0176
target,100,-2.0000,-1.5000,1.3000,0.0000
param,100,1.0611,0.4471,0.9554,-0.1670
pos,101,-2.1172,-2.6311,1.2120,-0.0203
input,101,-0.3033,0.0467,0.0225,-0.0176
target,101,-2.0000,-1.5000,1.3000,0.0000
param,101,1.0611,0.4471,0.9554,-0.1670
pos,102,-2.1155,-2.6232,1.2124,-0.0192
input,102,-0.3033,0.0467,0.0225,-0.0176
target,102,-2.0000,-1.5000,1.3000,0.0000
param,102,1.0611,0.4471,0.9554,-0.1670
pos,103,-2.1139,-2.6153,1.2128,-0.0180
input,103,-0.3033,0.0467,0.0225,-0.0176
target,103,-2.0000,-1.5000,1.3000,0.0000
param,103,1.0611,0.4471,0.9554,-0.1670
pos,104,-2.1123,-2.6075,1.2133,-0.0167
input,104,-0.3033,0.0467,0.0225,-0.0176
target,104,-2.0000,-1.5000,1.3000,0.0000
param,104,1.0611,0.4471,0.9554,-0.1670
pos,105,-2.1109,-2.6003,1.2137,-0.0145
input,105,-0.3033,0.0467,0.0225,-0.0176
target,105,-2.0000,-1.5000,1.3000,0.0000
param,105,1.0611,0.4471,0.9554,-0.1670
pos,106,-2.1094,-2.5925,1.2142,-0.0126
input,106,-0.3037,0.0556,0.0184,-0.0168
target,106,-2.0000,-1.5000,1.3000,0.0000
param,106,1.0611,0.4471,0.9554,-0.1670
pos,107,-2.1078,-2.5847,1.2146,-0.0117
input,107,-0.3037,0.0556,0.0184,-0.0168
target,107,-2.0000,-1.5000,1.3000,0.0000
param,107,1.0611,0.4471,0.9554,-0.1670
pos,108,-2.1062,-2.5769,1.2151,-0.0101
input,108,-0.3037,0.0556,0.0184,-0.0168
target,108,-2.0000,-1.5000,1.3000,0.0000
param,108,1.0611,0.4471,0.9554,-0.1670
pos,109,-2.1046,-2.5691,1.2155,-0.0095
input,109,-0.3037,0.0556,0.0184,-0.0168
target,109,-2.0000,-1.5000,1.3000,0.0000
param,109,1.0611,0.4471,0.9554,-0.1670
pos,110,-2.1028,-2.5614,1.2159,-0.0087
input,110,-0.3037,0.0556,0.0184,-0.0168
target,110,-2.0000,-1.5000,1.3000,0.0000
param,110,1.0611,0.4471,0.9554,-0.1670
pos,111,-2.1012,-2.5538,1.2165,-0.0069
input,111,-0.3037,0.0556,0.0184,-0.0168
target,111,-2.0000,-1.5000,1.3000,0.0000
param,111,1.0611,0.4471,0.9554,-0.1670
pos,112,-2.0996,-2.5461,1.2170,-0.0054
input,112,-0.3037,0.0556,0.0184,-0.0168
target,112,-2.0000,-1.5000,1.3000,0.0000
param,112,1.0611,0.4471,0.9554,-0.1670
pos,113,-2.0979,-2.5384,1.2174,-0.0049
input,113,-0.3037,0.0556,0.0184,-0.0168
target,113,-2.0000,-1.5000,1.3000,0.0000
param,113,1.0611,0.4471,0.9554,-0.1670
pos,114,-2.0963,-2.5307,1.2179,-0.0036
input,114,-0.3037,0.0556,0.0184,-0.0168
target,114,-2.0000,-1.5000,1.3000,0.0000
param,114,1.0611,0.4471,0.9554,-0.1670
pos,115,-2.0946,-2.5231,1.2185,-0.0022
input,115,-0.3037,0.0556,0.0184,-0.0168
target,115,-2.0000,-1.5000,1.3000,0.0000
param,115,1.0611,0.4471,0.9554,-0.1670
pos,116,-2.0930,-2.5154,1.2190,-0.0007
input,116,-0.3037,0.0556,0.0184,-0.0168
target,116,-2.0000,-1.5000,1.3000,0.0000
param,116,1.0611,0.4471,0.9554,-0.1670
pos,117,-2.0913,-2.5077,1.2194,0.0003
input,117,-0.3037,0.0556,0.0184,-0.0168
target,117,-2.0000,-1.5000,1.3000,0.0000
param,117,1.0611,0.4471,0.9554,-0.1670
pos,118,-2.0897,-2.5000,1.2199,0.0016
input,118,-0.3037,0.0556,0.0184,-0.0168
target,118,-2.0000,-1.5000,1.3000,0.0000
param,118,1.0611,0.4471,0.9554,-0.1670
pos,119,-2.0880,-2.4921,1.2202,0.0019
input,119,-0.3034,0.0634,0.0122,-0.0158
target,119,-2.0000,-1.5000,1.3000,0.0000
param,119,1.0611,0.4471,0.9554,-0.1670
pos,120,-2.0863,-2.4842,1.2206,0.0025
input,120,-0.3034,0.0634,0.0122,-0.0158
target,120,-2.0000,-1.5000,1.3000,0.0000
param,120,1.0611,0.4471,0.9554,-0.1670
pos,121,-2.0847,-2.4764,1.2209,0.0037
input,121,-0.3034,0.0634,0.0122,-0.0158
target,121,-2.0000,-1.5000,1.3000,0.0000
param,121,1.0611,0.4471,0.9554,-0.1670
pos,122,-2.0830,-2.4686,1.2212,0.0048
input,122,-0.3034,0.0634,0.0122,-0.0158
target,122,-2.0000,-1.5000,1.3000,0.0000
param,122,1.0611,0.4471,0.9554,-0.1670
pos,123,-2.0813,-2.4607,1.2216,0.0059
input,123,-0.3034,0.0634,0.0122,-0.0158
target,123,-2.0000,-1.5000,1.3000,0.0000
param,123,1.0611,0.4471,0.9554,-0.1670
pos,124,-2.0797,-2.4528,1.2219,0.0069
input,124,-0.3034,0.0634,0.0122,-0.0158
target,124,-2.0000,-1.5000,1.3000,0.0000
param,124,1.0611,0.4471,0.9554,-0.1670
pos,125,-2.0780,-2.4449,1.2222,0.0081
input,125,-0.3034,0.0634,0.0122,-0.0158
target,125,-2.0000,-1.5000,1.3000,0.0000
param,125,1.0611,0.4471,0.9554,-0.1670
pos,126,-2.0763,-2.4369,1.2224,0.0092
input,126,-0.3034,0.0634,0.0122,-0.0158
target,126,-2.0000,-1.5000,1.3000,0.0000
param,126,1.0611,0.4471,0.9554,-0.1670
pos,127,-2.0745,-2.4295,1.2226,0.0098
input,127,-0.3034,0.0634,0.0122,-0.0158
target,127,-2.0000,-1.5000,1.3000,0.0000
param,127,1.0611,0.4471,0.9554,-0.1670
pos,128,-2.0726,-2.4213,1.2229,0.0109
input,128,-0.3034,0.0634,0.0122,-0.0158
target,128,-2.0000,-1.5000,1.3000,0.0000
param,128,1.0611,0.4471,0.9554,-0.1670
pos,129,-2.0706,-2.4132,1.2232,0.0118
input,129,-0.3034,0.0634,0.0122,-0.0158
target,129,-2.0000,-1.5000,1.3000,0.0000
param,129,1.0611,0.4471,0.9554,-0.1670
pos,130,-2.0687,-2.4051,1.2234,0.0126
input,130,-0.3034,0.0634,0.0122,-0.0158
target,130,-2.0000,-1.5000,1.3000,0.0000
param,130,1.0611,0.4471,0.9554,-0.1670
pos,131,-2.0669,-2.3976,1.2236,0.0134
input,131,-0.3034,0.0634,0.0122,-0.0158
target,131,-2.0000,-1.5000,1.3000,0.0000
param,131,1.0611,0.4471,0.9554,-0.1670
pos,132,-2.0649,-2.3892,1.2238,0.0141
input,132,-0.3034,0.0634,0.0122,-0.0158
target,132,-2.0000,-1.5000,1.3000,0.0000
param,132,1.0611,0.4471,0.9554,-0.1670
pos,133,-2.0629,-2.3809,1.2239,0.0145
input,133,-0.3034,0.0634,0.0122,-0.0158
target,133,-2.0000,-1.5000,1.3000,0.0000
param,133,1.0611,0.4471,0.9554,-0.1670
pos,134,-2.0605,-2.3726,1.2233,0.0186
input,134,-0.3034,0.0634,0.0122,-0.0158
target,134,-2.0000,-1.5000,1.3000,0.0000
param,134,1.0611,0.4471,0.9554,-0.1670
pos,135,-2.0586,-2.3643,1.2235,0.0196
input,135,-0.3034,0.0634,0.0122,-0.0158
target,135,-2.0000,-1.5000,1.3000,0.0000
param,135,1.0611,0.4471,0.9554,-0.1670
pos,136,-2.0566,-2.3559,1.2236,0.0199
input,136,-0.3058,0.0700,0.0022,-0.0113
target,136,-2.0000,-1.5000,1.3000,0.0000
param,136,1.0611,0.4471,0.9554,-0.1670
pos,137,-2.0545,-2.3476,1.2236,0.0205
input,137,-0.3058,0.0700,0.0022,-0.0113
target,137,-2.0000,-1.5000,1.3000,0.0000
param,137,1.0611,0.4471,0.9554,-0.1670
pos,138,-2.0523,-2.3392,1.2236,0.0208
input,138,-0.3058,0.0700,0.0022,-0.0113
target,138,-2.0000,-1.5000,1.3000,0.0000
param,138,1.0611,0.4471,0.9554,-0.1670
pos,139,-2.0502,-2.3308,1.2236,0.0214
input,139,-0.3058,0.0700,0.0022,-0.0113
target,139,-2.0000,-1.5000,1.3000,0.0000
param,139,1.0611,0.4471,0.9554,-0.1670
pos,140,-2.0481,-2.3224,1.2235,0.0220
input,140,-0.3058,0.0700,0.0022,-0.0113
target,140,-2.0000,-1.5000,1.3000,0.0000
param,140,1.0611,0.4471,0.9554,-0.1670
pos,141,-2.0460,-2.3140,1.2235,0.0224
input,141,-0.3058,0.0700,0.0022,-0.0113
target,141,-2.0000,-1.5000,1.3000,0.0000
param,141,1.0611,0.4471,0.9554,-0.1670
pos,142,-2.0437,-2.3057,1.2233,0.0229
input,142,-0.3058,0.0700,0.0022,-0.0113
target,142,-2.0000,-1.5000,1.3000,0.0000
param,142,1.0611,0.4471,0.9554,-0.1670
pos,143,-2.0416,-2.2973,1.2231,0.0236
input,143,-0.3058,0.0700,0.0022,-0.0113
target,143,-2.0000,-1.5000,1.3000,0.0000
param,143,1.0611,0.4471,0.9554,-0.1670
pos,144,-2.0394,-2.2888,1.2228,0.0239
input,144,-0.3058,0.0700,0.0022,-0.0113
target,144,-2.0000,-1.5000,1.3000,0.0000
param,144,1.0611,0.4471,0.9554,-0.1670
pos,145,-2.0373,-2.2804,1.2229,0.0239
input,145,-0.3058,0.0700,0.0022,-0.0113
target,145,-2.0000,-1.5000,1.3000,0.0000
param,145,1.0611,0.4471,0.9554,-0.1670
pos,146,-2.0352,-2.2720,1.2229,0.0239
input,146,-0.3058,0.0700,0.0022,-0.0113
target,146,-2.0000,-1.5000,1.3000,0.0000
param,146,1.0611,0.4471,0.9554,-0.1670
pos,147,-2.0331,-2.2635,1.2228,0.0243
input,147,-0.3058,0.0700,0.0022,-0.0113
target,147,-2.0000,-1.5000,1.3000,0.0000
param,147,1.0611,0.4471,0.9554,-0.1670
pos,148,-2.0310,-2.2551,1.2227,0.0247
input,148,-0.3058,0.0700,0.0022,-0.0113
target,148,-2.0000,-1.5000,1.3000,0.0000
param,148,1.0611,0.4471,0.9554,-0.1670
pos,149,-2.0289,-2.2467,1.2226,0.0254
input,149,-0.3058,0.0700,0.0022,-0.0113
target,149,-2.0000,-1.5000,1.3000,0.0000
param,149,1.0611,0.4471,0.9554,-0.1670
pos,150,-2.0267,-2.2383,1.2225,0.0250
input,150,-0.3058,0.0700,0.0022,-0.0113
target,150,-2.0000,-1.5000,1.3000,0.0000
param,150,1.0611,0.4471,0.9554,-0.1670
pos,151,-2.0246,-2.2304,1.2224,0.0239
input,151,-0.3058,0.0700,0.0022,-0.0113
target,151,-2.0000,-1.5000,1.3000,0.0000
param,151,1.0611,0.4471,0.9554,-0.1670
pos,152,-2.0224,-2.2220,1.2224,0.0233
input,152,-0.3058,0.0700,0.0022,-0.0113
target,152,-2.0000,-1.5000,1.3000,0.0000
param,152,1.0611,0.4471,0.9554,-0.1670
pos,153,-2.0202,-2.2136,1.2222,0.0235
input,153,-0.3058,0.0700,0.0022,-0.0113
target,153,-2.0000,-1.5000,1.3000,0.0000
param,153,1.0611,0.4471,0.9554,-0.1670
pos,154,-2.0182,-2.2053,1.2221,0.0236
input,154,-0.3058,0.0700,0.0022,-0.0113
target,154,-2.0000,-1.5000,1.3000,0.0000
param,154,1.0611,0.4471,0.9554,-0.1670
pos,155,-2.0161,-2.1971,1.2220,0.0237
input,155,-0.3072,0.0658,-0.0003,-0.0005
target,155,-2.0000,-1.5000,1.3000,0.0000
param,155,1.0611,0.4471,0.9554,-0.1670
pos,156,-2.0141,-2.1894,1.2219,0.0234
input,156,-0.3072,0.0658,-0.0003,-0.0005
target,156,-2.0000,-1.5000,1.3000,0.0000
param,156,1.0611,0.4471,0.9554,-0.1670
pos,157,-2.0121,-2.1812,1.2217,0.0236
input,157,-0.3072,0.0658,-0.0003,-0.0005
target,157,-2.0000,-1.5000,1.3000,0.0000
param,157,1.0611,0.4471,0.9554,-0.1670
pos,158,-2.0102,-2.1736,1.2215,0.0227
input,158,-0.3072,0.0658,-0.0003,-0.0005
target,158,-2.0000,-1.5000,1.3000,0.0000
param,158,1.0611,0.4471,0.9554,-0.1670
pos,159,-2.0077,-2.1659,1.2204,0.0155
input,159,-0.3072,0.0658,-0.0003,-0.0005
target,159,-2.0000,-1.5000,1.3000,0.0000
param,159,1.0611,0.4471,0.9554,-0.1670
pos,160,-2.0057,-2.1578,1.2202,0.0085
input,160,-0.3072,0.0658,-0.0003,-0.0005
target,160,-2.0000,-1.5000,1.3000,0.0000
param,160,1.0611,0.4471,0.9554,-0.1670
pos,161,-2.0039,-2.1502,1.2201,0.0090
input,161,-0.3038,0.0543,0.0128,0.0042
target,161,-2.0000,-1.5000,1.3000,0.0000
param,161,1.0611,0.4471,0.9554,-0.1670
pos,162,-2.0019,-2.1421,1.2199,0.0099
input,162,-0.3038,0.0543,0.0128,0.0042
target,162,-2.0000,-1.5000,1.3000,0.0000
param,162,1.0611,0.4471,0.9554,-0.1670
pos,163,-2.0000,-2.1341,1.2198,0.0108
input,163,-0.3038,0.0543,0.0128,0.0042
target,163,-2.0000,-1.5000,1.3000,0.0000
param,163,1.0611,0.4471,0.9554,-0.1670
pos,164,-1.9981,-2.1260,1.2197,0.0111
input,164,-0.3038,0.0543,0.0128,0.0042
target,164,-2.0000,-1.5000,1.3000,0.0000
param,164,1.0611,0.4471,0.9554,-0.1670
pos,165,-1.9962,-2.1180,1.2194,0.0118
input,165,-0.3038,0.0543,0.0128,0.0042
target,165,-2.0000,-1.5000,1.3000,0.0000
param,165,1.0611,0.4471,0.9554,-0.1670
pos,166,-1.9943,-2.1100,1.2193,0.0118
input,166,-0.3038,0.0543,0.0128,0.0042
target,166,-2.0000,-1.5000,1.3000,0.0000
param,166,1.0611,0.4471,0.9554,-0.1670
pos,167,-1.9923,-2.1020,1.2191,0.0120
input,167,-0.3038,0.0543,0.0128,0.0042
target,167,-2.0000,-1.5000,1.3000,0.0000
param,167,1.0611,0.4471,0.9554,-0.1670
pos,168,-1.9903,-2.0940,1.2189,0.0121
input,168,-0.3038,0.0543,0.0128,0.0042
target,168,-2.0000,-1.5000,1.3000,0.0000
param,168,1.0611,0.4471,0.9554,-0.1670
pos,169,-1.9884,-2.0866,1.2187,0.0125
input,169,-0.3038,0.0543,0.0128,0.0042
target,169,-2.0000,-1.5000,1.3000,0.0000
param,169,1.0611,0.4471,0.9554,-0.1670
pos,170,-1.9865,-2.0786,1.2185,0.0131
input,170,-0.3032,0.0584,0.0020,0.0132
target,170,-2.0000,-1.5000,1.3000,0.0000
param,170,1.0611,0.4471,0.9554,-0.1670
pos,171,-1.9845,-2.0707,1.2183,0.0138
input,171,-0.3032,0.0584,0.0020,0.0132
target,171,-2.0000,-1.5000,1.3000,0.0000
param,171,1.0611,0.4471,0.9554,-0.1670
pos,172,-1.9825,-2.0628,1.2181,0.0141
input,172,-0.3032,0.0584,0.0020,0.0132
target,172,-2.0000,-1.5000,1.3000,0.0000
param,172,1.0611,0.4471,0.9554,-0.1670
pos,173,-1.9805,-2.0548,1.2177,0.0144
input,173,-0.3032,0.0584,0.0020,0.0132
target,173,-2.0000,-1.5000,1.3000,0.0000
param,173,1.0611,0.4471,0.9554,-0.1670
pos,174,-1.9785,-2.0469,1.2174,0.0147
input,174,-0.3032,0.0584,0.0020,0.0132
target,174,-2.0000,-1.5000,1.3000,0.0000
param,174,1.0611,0.4471,0.9554,-0.1670
