pos,0,-1.9978,-3.1081,1.3246,0.1664
input,0,-0.1781,0.2444,-0.1126,-0.1399
target,0,-2.0000,-3.0000,1.3000,0.0000
param,0,1.0611,0.4470,0.9554,-0.2001
pos,1,-1.9847,-3.0975,1.3258,0.1608
input,1,-0.0014,0.0435,-0.0624,-0.1581
target,1,-2.0000,-1.5000,1.3000,0.0000
param,1,1.0611,0.4470,0.9554,-0.2001
pos,2,-1.9657,-3.0815,1.3264,0.1588
input,2,0.1534,-0.1609,-0.0023,-0.1805
target,2,-2.0000,-1.5000,1.3000,0.0000
param,2,1.0611,0.4470,0.9554,-0.2001
pos,3,-1.9481,-3.0668,1.3270,0.1563
input,3,-0.7869,0.4840,0.1513,-0.2221
target,3,-2.0000,-1.5000,1.3000,0.0000
param,3,1.0611,0.4470,0.9554,-0.2001
pos,4,-1.9316,-3.0531,1.3278,0.1528
input,4,-0.8000,0.6889,0.1919,-0.2237
target,4,-2.0000,-1.5000,1.3000,0.0000
param,4,1.0611,0.4470,0.9554,-0.2001
pos,5,-1.9136,-3.0380,1.3285,0.1500
input,5,-0.8000,0.8000,0.1966,-0.2099
target,5,-2.0000,-1.5000,1.3000,0.0000
param,5,1.0611,0.4470,0.9554,-0.2001
pos,6,-1.8927,-3.0205,1.3286,0.1438
input,6,-0.8000,0.8000,0.1730,-0.1843
target,6,-2.0000,-1.5000,1.3000,0.0000
param,6,1.0611,0.4470,0.9554,-0.2001
pos,7,-1.8747,-3.0057,1.3289,0.1366
input,7,-0.8000,0.8000,0.1639,-0.1764
target,7,-2.0000,-1.5000,1.3000,0.0000
param,7,1.0612,0.4470,0.9554,-0.2001
pos,8,-1.8593,-2.9932,1.3296,0.1274
input,8,-0.8000,0.8000,0.1806,-0.1729
target,8,-2.0000,-1.5000,1.3000,0.0000
param,8,1.0612,0.4470,0.9554,-0.2001
pos,9,-1.8460,-2.9826,1.3304,0.1171
input,9,-0.8000,0.8000,0.1613,-0.1556
target,9,-2.0000,-1.5000,1.3000,0.0000
param,9,1.0612,0.4470,0.9554,-0.2001
pos,10,-1.8346,-2.9738,1.3313,0.1066
input,10,-0.8000,0.8000,0.1298,-0.1329
target,10,-2.0000,-1.5000,1.3000,0.0000
param,10,1.0612,0.4470,0.9554,-0.2001
pos,11,-1.8113,-2.9538,1.3310,0.1046
input,11,-0.8000,0.8000,0.0895,-0.1066
target,11,-2.0000,-1.5000,1.3000,0.0000
param,11,1.0612,0.4471,0.9554,-0.2001
pos,12,-1.7912,-2.9369,1.3310,0.0995
input,12,-0.8000,0.8000,0.0895,-0.1066
target,12,-2.0000,-1.5000,1.3000,0.0000
param,12,1.0612,0.4471,0.9554,-0.2001
pos,13,-1.7711,-2.9199,1.3311,0.0948
input,13,-0.8000,0.8000,0.0438,-0.0783
target,13,-2.0000,-1.5000,1.3000,0.0000
param,13,1.0612,0.4471,0.9554,-0.2001
pos,14,-1.7485,-2.9001,1.3310,0.0949
input,14,-0.8000,0.8000,-0.0042,-0.0496
target,14,-2.0000,-1.5000,1.3000,0.0000
param,14,1.0612,0.4471,0.9554,-0.2001
pos,15,-1.7277,-2.8821,1.3311,0.0934
input,15,-0.8000,0.8000,0.1298,-0.1329
target,15,-2.0000,-1.5000,1.3000,0.0000
param,15,1.0612,0.4471,0.9554,-0.2001
pos,16,-1.7097,-2.8668,1.3315,0.0899
input,16,-0.8000,0.8000,0.1806,-0.1729
target,16,-2.0000,-1.5000,1.3000,0.0000
param,16,1.0612,0.4471,0.9554,-0.2001
pos,17,-1.6887,-2.8482,1.3313,0.0884
input,17,-0.8000,0.8000,0.1613,-0.1556
target,17,-2.0000,-1.5000,1.3000,0.0000
param,17,1.0612,0.4471,0.9554,-0.2001
pos,18,-1.6676,-2.8301,1.3311,0.0836
input,18,-0.8000,0.8000,0.1298,-0.1329
target,18,-2.0000,-1.5000,1.3000,0.0000
param,18,1.0612,0.4471,0.9554,-0.2001
pos,19,-1.6494,-2.8147,1.3314,0.0767
input,19,-0.8000,0.8000,0.1298,-0.1329
target,19,-2.0000,-1.5000,1.3000,0.0000
param,19,1.0612,0.4471,0.9554,-0.2001
pos,20,-1.6323,-2.8004,1.3314,0.0692
input,20,-0.8000,0.8000,0.0895,-0.1066
target,20,-2.0000,-1.5000,1.3000,0.0000
param,20,1.0612,0.4471,0.9554,-0.2001
pos,21,-1.6177,-2.7882,1.3317,0.0602
input,21,-0.8000,0.8000,0.0438,-0.0783
target,21,-2.0000,-1.5000,1.3000,0.0000
param,21,1.0612,0.4471,0.9554,-0.2001
pos,22,-1.6051,-2.7780,1.3323,0.0499
input,22,-0.8000,0.8000,0.1298,-0.1329
target,22,-2.0000,-1.5000,1.3000,0.0000
param,22,1.0612,0.4471,0.9554,-0.2001
pos,23,-1.5815,-2.7568,1.3307,0.0523
input,23,-0.8000,0.8000,0.0895,-0.1066
target,23,-2.0000,-1.5000,1.3000,0.0000
param,23,1.0612,0.4471,0.9554,-0.2001
pos,24,-1.5597,-2.7373,1.3294,0.0528
input,24,-0.8000,0.8000,0.0438,-0.0783
target,24,-2.0000,-1.5000,1.3000,0.0000
param,24,1.0612,0.4471,0.9554,-0.2001
pos,25,-1.5365,-2.7163,1.3281,0.0576
input,25,-0.8000,0.8000,-0.0042,-0.0496
target,25,-2.0000,-1.5000,1.3000,0.0000
param,25,1.0612,0.4471,0.9554,-0.2001
pos,26,-1.5136,-2.6955,1.3266,0.0628
input,26,-0.8000,0.8000,0.0047,-0.0362
target,26,-2.0000,-1.5000,1.3000,0.0000
param,26,1.0612,0.4471,0.9554,-0.2001
pos,27,-1.4878,-2.6743,1.3253,0.0663
input,27,-0.8000,0.6836,-0.0136,-0.0382
target,27,-2.0000,-1.5000,1.3000,0.0000
param,27,1.0612,0.4471,0.9554,-0.2001
pos,28,-1.4662,-2.6567,1.3244,0.0680
input,28,-0.8000,0.6586,-0.0219,-0.0303
target,28,-2.0000,-1.5000,1.3000,0.0000
param,28,1.0612,0.4471,0.9554,-0.2001
pos,29,-1.4472,-2.6422,1.3240,0.0679
input,29,-0.8000,0.6496,-0.0315,-0.0216
target,29,-2.0000,-1.5000,1.3000,0.0000
param,29,1.0612,0.4471,0.9553,-0.2001
pos,30,-1.4237,-2.6234,1.3232,0.0750
input,30,-0.8000,0.6523,-0.0420,-0.0124
target,30,-2.0000,-1.5000,1.3000,0.0000
param,30,1.0612,0.4471,0.9553,-0.2001
pos,31,-1.4046,-2.6082,1.3226,0.0802
input,31,-0.8000,0.5990,-0.0539,-0.0047
target,31,-2.0000,-1.5000,1.3000,0.0000
param,31,1.0612,0.4471,0.9553,-0.2001
pos,32,-1.3860,-2.5934,1.3220,0.0852
input,32,-0.8000,0.6028,-0.0652,0.0026
target,32,-2.0000,-1.5000,1.3000,0.0000
param,32,1.0612,0.4471,0.9553,-0.2001
pos,33,-1.3636,-2.5746,1.3211,0.0912
input,33,-0.8000,0.4418,-0.0780,0.0001
target,33,-2.0000,-1.5000,1.3000,0.0000
param,33,1.0612,0.4471,0.9553,-0.2001
pos,34,-1.3481,-2.5522,1.3198,0.0988
input,34,-0.8000,0.4219,-0.0896,0.0069
target,34,-2.0000,-1.5000,1.3000,0.0000
param,34,1.0612,0.4471,0.9553,-0.2001
pos,35,-1.3267,-2.5289,1.3181,0.1089
input,35,-0.8000,0.3053,-0.0992,0.0037
target,35,-2.0000,-1.5000,1.3000,0.0000
param,35,1.0612,0.4471,0.9553,-0.2001
pos,36,-1.3031,-2.5059,1.3164,0.1201
input,36,-0.8000,0.2758,-0.1083,0.0088
target,36,-2.0000,-1.5000,1.3000,0.0000
param,36,1.0612,0.4471,0.9553,-0.2001
pos,37,-1.2811,-2.4846,1.3151,0.1287
input,37,-0.8000,0.2386,-0.1133,0.0097
target,37,-2.0000,-1.5000,1.3000,0.0000
param,37,1.0612,0.4471,0.9553,-0.2001
pos,38,-1.2560,-2.4603,1.3133,0.1396
input,38,-0.8000,0.1619,-0.1207,0.0075
target,38,-2.0000,-1.5000,1.3000,0.0000
param,38,1.0612,0.4471,0.9553,-0.2001
pos,39,-1.2312,-2.4361,1.3114,0.1520
input,39,-0.8000,0.1119,-0.1303,0.0119
target,39,-2.0000,-1.5000,1.3000,0.0000
param,39,1.0612,0.4471,0.9553,-0.2001
pos,40,-1.2099,-2.4152,1.3100,0.1618
input,40,-0.8000,0.0466,-0.1376,0.0111
target,40,-2.0000,-1.5000,1.3000,0.0000
param,40,1.0612,0.4471,0.9553,-0.2001
pos,41,-1.1915,-2.3973,1.3093,0.1687
input,41,-0.8000,-0.0025,-0.1468,0.0150
target,41,-2.0000,-1.5000,1.3000,0.0000
param,41,1.0612,0.4471,0.9553,-0.2001
pos,42,-1.1757,-2.3818,1.3090,0.1731
input,42,-0.8000,-0.0266,-0.1496,0.0157
target,42,-2.0000,-1.5000,1.3000,0.0000
param,42,1.0612,0.4471,0.9553,-0.2001
pos,43,-1.1621,-2.3686,1.3090,0.1759
input,43,-0.8000,-0.0352,-0.1500,0.0158
target,43,-2.0000,-1.5000,1.3000,0.0000
param,43,1.0612,0.4471,0.9553,-0.2001
pos,44,-1.1504,-2.3573,1.3095,0.1764
input,44,-0.8000,-0.0328,-0.1485,0.0156
target,44,-2.0000,-1.5000,1.3000,0.0000
param,44,1.0612,0.4471,0.9553,-0.2001
pos,45,-1.1261,-2.3339,1.3083,0.1843
input,45,-0.8000,-0.0732,-0.1539,0.0154
target,45,-2.0000,-1.5000,1.3000,0.0000
param,45,1.0612,0.4471,0.9553,-0.2001
pos,46,-1.0987,-2.3076,1.3060,0.1960
input,46,-0.7744,-0.0603,-0.1509,0.0149
target,46,-2.0000,-1.5000,1.3000,0.0000
param,46,1.0612,0.4471,0.9553,-0.2001
pos,47,-1.0751,-2.2851,1.3039,0.2053
input,47,-0.7417,-0.0439,-0.1473,0.0143
target,47,-2.0000,-1.5000,1.3000,0.0000
param,47,1.0612,0.4471,0.9553,-0.2001
pos,48,-1.0500,-2.2613,1.3019,0.2109
input,48,-0.7831,-0.1468,-0.1615,0.0130
target,48,-2.0000,-1.5000,1.3000,0.0000
param,48,1.0612,0.4471,0.9553,-0.2001
pos,49,-1.0266,-2.2397,1.3002,0.2121
input,49,-0.7384,-0.1947,-0.1688,0.0196
target,49,-2.0000,-1.5000,1.3000,0.0000
param,49,1.0612,0.4471,0.9553,-0.2001
pos,50,-0.9998,-2.2126,1.2981,0.2172
input,50,-0.7398,-0.2704,-0.1745,0.0182
target,50,-2.0000,-1.5000,1.3000,0.0000
param,50,1.0612,0.4471,0.9553,-0.2001
pos,51,-0.9767,-2.1894,1.2968,0.2182
input,51,-0.6960,-0.3165,-0.1767,0.0218
target,51,-2.0000,-1.5000,1.3000,0.0000
param,51,1.0612,0.4471,0.9553,-0.2001
pos,52,-0.9568,-2.1697,1.2962,0.2164
input,52,-0.6727,-0.3806,-0.1792,0.0216
target,52,-2.0000,-1.5000,1.3000,0.0000
param,52,1.0612,0.4471,0.9554,-0.2001
pos,53,-0.9397,-2.1529,1.2955,0.2143
input,53,-0.6283,-0.4262,-0.1784,0.0234
target,53,-2.0000,-1.5000,1.3000,0.0000
param,53,1.0612,0.4471,0.9554,-0.2001
pos,54,-0.9250,-2.1386,1.2954,0.2101
input,54,-0.5981,-0.4777,-0.1771,0.0224
target,54,-2.0000,-1.5000,1.3000,0.0000
param,54,1.0612,0.4471,0.9554,-0.2001
pos,55,-0.9124,-2.1265,1.2958,0.2038
input,55,-0.5592,-0.5172,-0.1735,0.0223
target,55,-2.0000,-1.5000,1.3000,0.0000
param,55,1.0612,0.4471,0.9554,-0.2001
pos,56,-0.9015,-2.1162,1.2966,0.1959
input,56,-0.5304,-0.5572,-0.1692,0.0203
target,56,-2.0000,-1.5000,1.3000,0.0000
param,56,1.0612,0.4471,0.9554,-0.2001
pos,57,-0.8780,-2.0949,1.2961,0.2013
input,57,-0.4988,-0.5890,-0.1632,0.0187
target,57,-2.0000,-1.5000,1.3000,0.0000
param,57,1.0612,0.4471,0.9554,-0.2001
pos,58,-0.8599,-2.0768,1.2959,0.2032
input,58,-0.4487,-0.5947,-0.1571,0.0164
target,58,-2.0000,-1.5000,1.3000,0.0000
param,58,1.0612,0.4471,0.9554,-0.2001
pos,59,-0.8282,-2.0449,1.2938,0.2141
input,59,-0.4267,-0.6207,-0.1495,0.0133
target,59,-2.0000,-1.5000,1.3000,0.0000
param,59,1.0612,0.4471,0.9554,-0.2001
pos,60,-0.8010,-2.0177,1.2925,0.2202
input,60,-0.3967,-0.6716,-0.1511,0.0133
target,60,-2.0000,-1.5000,1.3000,0.0000
param,60,1.0612,0.4471,0.9554,-0.2001
pos,61,-0.7744,-1.9913,1.2915,0.2252
input,61,-0.3565,-0.7107,-0.1485,0.0126
target,61,-2.0000,-1.5000,1.3000,0.0000
param,61,1.0612,0.4471,0.9554,-0.2001
pos,62,-0.7525,-1.9688,1.2912,0.2272
input,62,-0.3143,-0.7610,-0.1499,0.0129
target,62,-2.0000,-1.5000,1.3000,0.0000
param,62,1.0612,0.4471,0.9554,-0.2001
pos,63,-0.7335,-1.9495,1.2913,0.2269
input,63,-0.2681,-0.8000,-0.1487,0.0125
target,63,-2.0000,-1.5000,1.3000,0.0000
param,63,1.0612,0.4471,0.9554,-0.2001
pos,64,-0.7202,-1.9332,1.2916,0.2246
input,64,-0.2561,-0.8000,-0.1488,0.0124
target,64,-2.0000,-1.5000,1.3000,0.0000
param,64,1.0612,0.4471,0.9554,-0.2001
pos,65,-0.6957,-1.9061,1.2903,0.2286
input,65,-0.2522,-0.7880,-0.1466,0.0122
target,65,-0.6957,-1.9061,1.2903,0.2286
param,65,1.0612,0.4471,0.9554,-0.2001
pos,66,-0.6750,-1.8814,1.2893,0.2290
input,66,-0.2484,-0.7762,-0.1444,0.0120
target,66,-0.6750,-1.8814,1.2893,0.2290
param,66,1.0612,0.4471,0.9554,-0.2001
pos,67,-0.6529,-1.8556,1.2882,0.2295
input,67,-0.2447,-0.7645,-0.1422,0.0119
target,67,-0.6529,-1.8556,1.2882,0.2295
param,67,1.0612,0.4471,0.9554,-0.2002
pos,68,-0.6296,-1.8287,1.2869,0.2290
input,68,-0.2410,-0.7531,-0.1401,0.0117
target,68,-0.6296,-1.8287,1.2869,0.2290
param,68,1.0612,0.4471,0.9554,-0.2002
pos,69,-0.6077,-1.8026,1.2858,0.2279
input,69,-0.2374,-0.7418,-0.1380,0.0115
target,69,-0.6077,-1.8026,1.2858,0.2279
param,69,1.0612,0.4471,0.9554,-0.2002
pos,70,-0.5865,-1.7771,1.2849,0.2262
input,70,-0.2339,-0.7306,-0.1359,0.0113
target,70,-0.5865,-1.7771,1.2849,0.2262
param,70,1.0612,0.4471,0.9554,-0.2002
pos,71,-0.5679,-1.7538,1.2842,0.2231
input,71,-0.2304,-0.7197,-0.1189,0.0112
target,71,-0.5679,-1.7538,1.2842,0.2231
param,71,1.0612,0.4471,0.9554,-0.2002
pos,72,-0.5480,-1.7293,1.2833,0.2194
input,72,-0.2269,-0.7089,-0.1021,0.0110
target,72,-0.5480,-1.7293,1.2833,0.2194
param,72,1.0612,0.4471,0.9554,-0.2002
pos,73,-0.5283,-1.7053,1.2826,0.2147
input,73,-0.2235,-0.6983,-0.0856,0.0108
target,73,-0.5283,-1.7053,1.2826,0.2147
param,73,1.0611,0.4471,0.9554,-0.2002
pos,74,-0.5084,-1.6818,1.2818,0.2106
input,74,-0.2202,-0.6878,-0.0693,0.0107
target,74,-0.5084,-1.6818,1.2818,0.2106
param,74,1.0611,0.4471,0.9554,-0.2002
pos,75,-0.4912,-1.6615,1.2814,0.2060
input,75,-0.2168,-0.6775,-0.0532,0.0105
target,75,-0.4912,-1.6615,1.2814,0.2060
param,75,1.0611,0.4471,0.9554,-0.2002
pos,76,-0.4772,-1.6442,1.2814,0.2010
input,76,-0.2136,-0.6673,-0.0374,0.0103
target,76,-0.4772,-1.6442,1.2814,0.2010
param,76,1.0611,0.4471,0.9554,-0.2002
pos,77,-0.4630,-1.6280,1.2816,0.1955
input,77,-0.2104,-0.6573,-0.0219,0.0102
target,77,-0.4630,-1.6280,1.2816,0.1955
param,77,1.0611,0.4471,0.9554,-0.2003
pos,78,-0.4382,-1.6034,1.2807,0.1901
input,78,-0.2072,-0.6474,-0.0065,0.0100
target,78,-0.4382,-1.6034,1.2807,0.1901
param,78,1.0611,0.4471,0.9554,-0.2003
pos,79,-0.4193,-1.5819,1.2801,0.1843
input,79,-0.2041,-0.6377,-0.0064,0.0099
target,79,-0.4193,-1.5819,1.2801,0.1843
param,79,1.0610,0.4471,0.9554,-0.2003
pos,80,-0.4003,-1.5609,1.2797,0.1785
input,80,-0.2011,-0.6282,-0.0063,0.0097
target,80,-0.4003,-1.5609,1.2797,0.1785
param,80,1.0610,0.4471,0.9554,-0.2003
pos,81,-0.3853,-1.5428,1.2796,0.1724
input,81,-0.1980,-0.6187,-0.0063,0.0096
target,81,-0.3853,-1.5428,1.2796,0.1724
param,81,1.0610,0.4471,0.9554,-0.2003
pos,82,-0.3726,-1.5276,1.2798,0.1664
input,82,-0.1951,-0.6095,-0.0062,0.0095
target,82,-0.3726,-1.5276,1.2798,0.1664
param,82,1.0610,0.4471,0.9554,-0.2003
pos,83,-0.3530,-1.5058,1.2794,0.1565
input,83,-0.1922,-0.6003,-0.0061,0.0093
target,83,-0.3530,-1.5058,1.2794,0.1565
param,83,1.0610,0.4471,0.9554,-0.2003
pos,84,-0.3322,-1.4835,1.2791,0.1460
input,84,-0.1893,-0.5913,-0.0060,0.0092
target,84,-0.3322,-1.4835,1.2791,0.1460
param,84,1.0609,0.4471,0.9554,-0.2003
pos,85,-0.3147,-1.4645,1.2792,0.1359
input,85,-0.1864,-0.5824,-0.0059,0.0090
target,85,-0.3147,-1.4645,1.2792,0.1359
param,85,1.0609,0.4471,0.9554,-0.2004
pos,86,-0.2945,-1.4436,1.2791,0.1247
input,86,-0.1836,-0.5737,-0.0058,0.0089
target,86,-0.2945,-1.4436,1.2791,0.1247
param,86,1.0609,0.4471,0.9554,-0.2004
pos,87,-0.2749,-1.4233,1.2792,0.1133
input,87,-0.1809,-0.5651,-0.0057,0.0088
target,87,-0.2749,-1.4233,1.2792,0.1133
param,87,1.0608,0.4471,0.9554,-0.2004
pos,88,-0.2569,-1.4048,1.2794,0.1021
input,88,-0.1782,-0.5566,-0.0056,0.0086
target,88,-0.2569,-1.4048,1.2794,0.1021
param,88,1.0608,0.4471,0.9554,-0.2004
pos,89,-0.2369,-1.3858,1.2797,0.0905
input,89,-0.1755,-0.5483,-0.0055,0.0085
target,89,-0.2369,-1.3858,1.2797,0.0905
param,89,1.0608,0.4471,0.9554,-0.2004
pos,90,-0.2186,-1.3684,1.2802,0.0795
input,90,-0.1729,-0.5400,-0.0055,0.0084
target,90,-0.2186,-1.3684,1.2802,0.0795
param,90,1.0608,0.4471,0.9555,-0.2004
pos,91,-0.2009,-1.3512,1.2807,0.0684
input,91,-0.1703,-0.5319,-0.0054,0.0083
target,91,-0.2009,-1.3512,1.2807,0.0684
param,91,1.0607,0.4471,0.9555,-0.2004
pos,92,-0.1821,-1.3332,1.2813,0.0566
input,92,-0.1677,-0.5240,-0.0053,0.0081
target,92,-0.1821,-1.3332,1.2813,0.0566
param,92,1.0607,0.4471,0.9555,-0.2004
pos,93,-0.1661,-1.3179,1.2821,0.0459
input,93,-0.1652,-0.5161,-0.0052,0.0080
target,93,-0.1661,-1.3179,1.2821,0.0459
param,93,1.0607,0.4471,0.9555,-0.2004
pos,94,-0.1524,-1.3049,1.2831,0.0364
input,94,-0.1627,-0.5084,-0.0051,0.0079
target,94,-0.1524,-1.3049,1.2831,0.0364
param,94,1.0607,0.4471,0.9555,-0.2004
pos,95,-0.1334,-1.2871,1.2839,0.0217
input,95,-0.1603,-0.5007,-0.0051,0.0078
target,95,-0.1334,-1.2871,1.2839,0.0217
param,95,1.0606,0.4471,0.9555,-0.2004
pos,96,-0.1170,-1.2721,1.2848,0.0114
input,96,-0.1579,-0.4932,-0.0050,0.0077
target,96,-0.1170,-1.2721,1.2848,0.0114
param,96,1.0606,0.4471,0.9555,-0.2004
pos,97,-0.1002,-1.2569,1.2857,-0.0014
input,97,-0.1555,-0.4858,-0.0049,0.0075
target,97,-0.1002,-1.2569,1.2857,-0.0014
param,97,1.0606,0.4471,0.9555,-0.2004
pos,98,-0.0857,-1.2441,1.2867,-0.0096
input,98,-0.1532,-0.4785,-0.0048,0.0074
target,98,-0.0857,-1.2441,1.2867,-0.0096
param,98,1.0606,0.4471,0.9555,-0.2004
pos,99,-0.0673,-1.2279,1.2875,-0.0224
input,99,-0.1509,-0.4714,-0.0048,0.0073
target,99,-0.0673,-1.2279,1.2875,-0.0224
param,99,1.0606,0.4471,0.9555,-0.2004
pos,100,-0.0492,-1.2122,1.2884,-0.0340
input,100,-0.1486,-0.4643,-0.0047,0.0072
target,100,-0.0492,-1.2122,1.2884,-0.0340
param,100,1.0605,0.4471,0.9555,-0.2004
pos,101,-0.0301,-1.1959,1.2892,-0.0460
input,101,-0.1464,-0.4573,-0.0046,0.0071
target,101,-0.0301,-1.1959,1.2892,-0.0460
param,101,1.0605,0.4471,0.9555,-0.2004
pos,102,-0.0116,-1.1800,1.2901,-0.0567
input,102,-0.1442,-0.4505,-0.0046,0.0070
target,102,-0.0116,-1.1800,1.2901,-0.0567
param,102,1.0605,0.4471,0.9555,-0.2004
pos,103,-0.0116,-1.1800,1.2901,-0.0567
input,103,-0.1420,-0.4437,-0.0045,0.0069
target,103,-0.0116,-1.1800,1.2901,-0.0567
param,103,1.0605,0.4471,0.9555,-0.2004
pos,104,0.0245,-1.1501,1.2918,-0.0734
input,104,-0.1399,-0.4371,-0.0044,0.0068
target,104,0.0245,-1.1501,1.2918,-0.0734
param,104,1.0605,0.4471,0.9555,-0.2004
pos,105,0.0245,-1.1501,1.2918,-0.0734
input,105,-0.1378,-0.4305,-0.0044,0.0067
target,105,0.0245,-1.1501,1.2918,-0.0734
param,105,1.0605,0.4471,0.9555,-0.2004
pos,106,0.0595,-1.1219,1.2934,-0.0855
input,106,-0.1357,-0.4240,-0.0043,0.0066
target,106,0.0595,-1.1219,1.2934,-0.0855
param,106,1.0605,0.4471,0.9555,-0.2004
pos,107,0.0754,-1.1093,1.2942,-0.0889
input,107,-0.1337,-0.4177,-0.0042,0.0065
target,107,0.0754,-1.1093,1.2942,-0.0889
param,107,1.0605,0.4471,0.9555,-0.2004
pos,108,0.0912,-1.0969,1.2950,-0.0932
input,108,-0.1317,-0.4114,-0.0042,0.0064
target,108,0.0912,-1.0969,1.2950,-0.0932
param,108,1.0605,0.4471,0.9555,-0.2004
pos,109,0.1078,-1.0839,1.2959,-0.0971
input,109,-0.1297,-0.4052,-0.0041,0.0063
target,109,0.1078,-1.0839,1.2959,-0.0971
param,109,1.0605,0.4471,0.9555,-0.2004
pos,110,0.1241,-1.0713,1.2967,-0.0999
input,110,-0.1278,-0.3992,-0.0040,0.0062
target,110,0.1241,-1.0713,1.2967,-0.0999
param,110,1.0605,0.4471,0.9555,-0.2004
pos,111,0.1401,-1.0592,1.2975,-0.1017
input,111,-0.1259,-0.3932,-0.0040,0.0061
target,111,0.1401,-1.0592,1.2975,-0.1017
param,111,1.0605,0.4471,0.9555,-0.2004
pos,112,0.1556,-1.0474,1.2982,-0.1028
input,112,-0.1240,-0.3873,-0.0039,0.0060
target,112,0.1556,-1.0474,1.2982,-0.1028
param,112,1.0605,0.4471,0.9555,-0.2004
pos,113,0.1709,-1.0360,1.2990,-0.1033
input,113,-0.1221,-0.3815,-0.0039,0.0059
target,113,0.1709,-1.0360,1.2990,-0.1033
param,113,1.0605,0.4471,0.9555,-0.2004
pos,114,0.1859,-1.0248,1.2997,-0.1036
input,114,-0.1203,-0.3758,-0.0038,0.0058
target,114,0.1859,-1.0248,1.2997,-0.1036
param,114,1.0605,0.4471,0.9555,-0.2003
pos,115,0.2008,-1.0141,1.3004,-0.1032
input,115,-0.1185,-0.3701,-0.0037,0.0057
target,115,0.2008,-1.0141,1.3004,-0.1032
param,115,1.0605,0.4471,0.9555,-0.2003
pos,116,0.2153,-1.0034,1.3011,-0.1026
input,116,-0.1167,-0.3646,-0.0037,0.0057
target,116,0.2153,-1.0034,1.3011,-0.1026
param,116,1.0605,0.4471,0.9554,-0.2003
pos,117,0.2294,-0.9931,1.3019,-0.1016
input,117,-0.1149,-0.3591,-0.0036,0.0056
target,117,0.2294,-0.9931,1.3019,-0.1016
param,117,1.0606,0.4471,0.9554,-0.2003
pos,118,0.2433,-0.9829,1.3027,-0.1007
input,118,-0.1132,-0.3537,-0.0036,0.0055
target,118,0.2433,-0.9829,1.3027,-0.1007
param,118,1.0606,0.4471,0.9554,-0.2003
pos,119,0.2569,-0.9730,1.3034,-0.0995
input,119,-0.1115,-0.3484,-0.0035,0.0054
target,119,0.2569,-0.9730,1.3034,-0.0995
param,119,1.0606,0.4471,0.9554,-0.2003
pos,120,0.2703,-0.9634,1.3042,-0.0982
input,120,-0.1098,-0.3582,-0.0035,0.0053
target,120,0.2703,-0.9634,1.3042,-0.0982
param,120,1.0606,0.4471,0.9554,-0.2003
pos,121,0.2834,-0.9539,1.3048,-0.0967
input,121,-0.1082,-0.3678,-0.0034,0.0052
target,121,0.2834,-0.9539,1.3048,-0.0967
param,121,1.0606,0.4471,0.9554,-0.2003
pos,122,0.2961,-0.9447,1.3055,-0.0951
input,122,-0.1066,-0.3773,-0.0034,0.0052
target,122,0.2961,-0.9447,1.3055,-0.0951
param,122,1.0606,0.4471,0.9554,-0.2003
pos,123,0.3084,-0.9357,1.3063,-0.0922
input,123,-0.1050,-0.3866,-0.0033,0.0051
target,123,0.3084,-0.9357,1.3063,-0.0922
param,123,1.0606,0.4471,0.9554,-0.2003
pos,124,0.3203,-0.9271,1.3074,-0.0872
input,124,-0.1034,-0.3958,-0.0033,0.0050
target,124,0.3203,-0.9271,1.3074,-0.0872
param,124,1.0606,0.4471,0.9554,-0.2003
pos,125,0.3318,-0.9185,1.3082,-0.0838
input,125,-0.1019,-0.4049,-0.0032,0.0049
target,125,0.3318,-0.9185,1.3082,-0.0838
param,125,1.0607,0.4471,0.9554,-0.2003
pos,126,0.3429,-0.9101,1.3089,-0.0805
input,126,-0.1003,-0.4138,-0.0032,0.0049
target,126,0.3429,-0.9101,1.3089,-0.0805
param,126,1.0607,0.4471,0.9554,-0.2002
pos,127,0.3536,-0.9019,1.3096,-0.0771
input,127,-0.0988,-0.4226,-0.0031,0.0048
target,127,0.3536,-0.9019,1.3096,-0.0771
param,127,1.0607,0.4471,0.9554,-0.2002
pos,128,0.3642,-0.8937,1.3101,-0.0720
input,128,-0.0973,-0.4313,-0.0031,0.0047
target,128,0.3642,-0.8937,1.3101,-0.0720
param,128,1.0607,0.4471,0.9554,-0.2002
pos,129,0.3740,-0.8860,1.3110,-0.0684
input,129,-0.0959,-0.4398,-0.0030,0.0046
target,129,0.3740,-0.8860,1.3110,-0.0684
param,129,1.0607,0.4471,0.9554,-0.2002
pos,130,0.3834,-0.8784,1.3117,-0.0659
input,130,-0.0944,-0.4482,-0.0030,0.0046
target,130,0.3834,-0.8784,1.3117,-0.0659
param,130,1.0607,0.4471,0.9554,-0.2002
pos,131,0.3924,-0.8710,1.3123,-0.0629
input,131,-0.0930,-0.4565,-0.0029,0.0045
target,131,0.3924,-0.8710,1.3123,-0.0629
param,131,1.0607,0.4471,0.9554,-0.2002
pos,132,0.4009,-0.8638,1.3129,-0.0596
input,132,-0.0916,-0.4646,-0.0029,0.0044
target,132,0.4009,-0.8638,1.3129,-0.0596
param,132,1.0607,0.4471,0.9554,-0.2002
pos,133,0.4085,-0.8573,1.3136,-0.0552
input,133,-0.0903,-0.4727,-0.0029,0.0044
target,133,0.4085,-0.8573,1.3136,-0.0552
param,133,1.0608,0.4471,0.9554,-0.2002
pos,134,0.4161,-0.8504,1.3144,-0.0517
input,134,-0.0889,-0.4806,-0.0028,0.0043
target,134,0.4161,-0.8504,1.3144,-0.0517
param,134,1.0608,0.4471,0.9554,-0.2002
pos,135,0.4230,-0.8441,1.3151,-0.0477
input,135,-0.0876,-0.4884,-0.0028,0.0042
target,135,0.4230,-0.8441,1.3151,-0.0477
param,135,1.0608,0.4471,0.9554,-0.2002
pos,136,0.4297,-0.8375,1.3158,-0.0447
input,136,-0.0863,-0.4960,-0.0027,0.0042
target,136,0.4297,-0.8375,1.3158,-0.0447
param,136,1.0608,0.4471,0.9554,-0.2002
pos,137,0.4359,-0.8312,1.3163,-0.0417
input,137,-0.0850,-0.5036,-0.0027,0.0041
target,137,0.4359,-0.8312,1.3163,-0.0417
param,137,1.0608,0.4471,0.9554,-0.2002
pos,138,0.4415,-0.8254,1.3168,-0.0384
input,138,-0.0837,-0.5110,-0.0026,0.0041
target,138,0.4415,-0.8254,1.3168,-0.0384
param,138,1.0608,0.4471,0.9554,-0.2001
pos,139,0.4467,-0.8194,1.3175,-0.0344
input,139,-0.0824,-0.5184,-0.0026,0.0040
target,139,0.4467,-0.8194,1.3175,-0.0344
param,139,1.0608,0.4471,0.9554,-0.2001
pos,140,0.4514,-0.8135,1.3181,-0.0304
input,140,-0.0812,-0.5256,-0.0026,0.0039
target,140,0.4514,-0.8135,1.3181,-0.0304
param,140,1.0608,0.4471,0.9554,-0.2001
pos,141,0.4558,-0.8079,1.3186,-0.0269
input,141,-0.0800,-0.5327,-0.0025,0.0039
target,141,0.4558,-0.8079,1.3186,-0.0269
param,141,1.0608,0.4471,0.9554,-0.2001
pos,142,0.4596,-0.8024,1.3191,-0.0228
input,142,-0.0788,-0.5397,-0.0025,0.0038
target,142,0.4596,-0.8024,1.3191,-0.0228
param,142,1.0609,0.4471,0.9554,-0.2001
pos,143,0.4630,-0.7974,1.3197,-0.0187
input,143,-0.0776,-0.5466,-0.0025,0.0038
target,143,0.4630,-0.7974,1.3197,-0.0187
param,143,1.0609,0.4471,0.9554,-0.2001
pos,144,0.4659,-0.7922,1.3201,-0.0152
input,144,-0.0764,-0.5534,-0.0024,0.0037
target,144,0.4659,-0.7922,1.3201,-0.0152
param,144,1.0609,0.4471,0.9554,-0.2001
pos,145,0.4683,-0.7873,1.3205,-0.0118
input,145,-0.0753,-0.5601,-0.0024,0.0036
target,145,0.4683,-0.7873,1.3205,-0.0118
param,145,1.0609,0.4471,0.9554,-0.2001
pos,146,0.4703,-0.7824,1.3209,-0.0083
input,146,-0.0742,-0.5667,-0.0023,0.0036
target,146,0.4703,-0.7824,1.3209,-0.0083
param,146,1.0609,0.4471,0.9554,-0.2001
pos,147,0.4718,-0.7778,1.3212,-0.0047
input,147,-0.0730,-0.5732,-0.0023,0.0035
target,147,0.4718,-0.7778,1.3212,-0.0047
param,147,1.0609,0.4471,0.9554,-0.2001
pos,148,0.4729,-0.7731,1.3216,-0.0008
input,148,-0.0719,-0.5796,-0.0023,0.0035
target,148,0.4729,-0.7731,1.3216,-0.0008
param,148,1.0609,0.4471,0.9554,-0.2001
pos,149,0.4736,-0.7686,1.3219,0.0029
input,149,-0.0709,-0.5859,-0.0022,0.0034
target,149,0.4736,-0.7686,1.3219,0.0029
param,149,1.0609,0.4471,0.9554,-0.2001
pos,150,0.4739,-0.7643,1.3221,0.0061
input,150,-0.0698,-0.5921,-0.0022,0.0034
target,150,0.4739,-0.7643,1.3221,0.0061
param,150,1.0609,0.4471,0.9554,-0.2001
pos,151,0.4734,-0.7602,1.3224,0.0101
input,151,-0.0688,-0.5983,-0.0022,0.0033
target,151,0.4734,-0.7602,1.3224,0.0101
param,151,1.0609,0.4471,0.9554,-0.2001
pos,152,0.4723,-0.7562,1.3230,0.0151
input,152,-0.0677,-0.6043,-0.0021,0.0033
target,152,0.4723,-0.7562,1.3230,0.0151
param,152,1.0609,0.4471,0.9554,-0.2001
pos,153,0.4706,-0.7521,1.3231,0.0177
input,153,-0.0667,-0.6102,-0.0021,0.0032
target,153,0.4706,-0.7521,1.3231,0.0177
param,153,1.0610,0.4471,0.9554,-0.2001
pos,154,0.4684,-0.7482,1.3232,0.0205
input,154,-0.0657,-0.6161,-0.0021,0.0032
target,154,0.4684,-0.7482,1.3232,0.0205
param,154,1.0610,0.4471,0.9554,-0.2001
pos,155,0.4657,-0.7444,1.3232,0.0230
input,155,-0.0647,-0.6218,-0.0020,0.0031
target,155,0.4657,-0.7444,1.3232,0.0230
param,155,1.0610,0.4471,0.9554,-0.2001
pos,156,0.4629,-0.7408,1.3226,0.0254
input,156,-0.0638,-0.6275,-0.0020,0.0031
target,156,0.4629,-0.7408,1.3226,0.0254
param,156,1.0610,0.4471,0.9554,-0.2000
pos,157,0.4598,-0.7373,1.3218,0.0229
input,157,-0.0628,-0.6331,-0.0020,0.0030
target,157,0.4598,-0.7373,1.3218,0.0229
param,157,1.0610,0.4471,0.9554,-0.2000
pos,158,0.4562,-0.7339,1.3212,0.0210
input,158,-0.0619,-0.6386,-0.0020,0.0030
target,158,0.4562,-0.7339,1.3212,0.0210
param,158,1.0610,0.4471,0.9554,-0.2000
pos,159,0.4515,-0.7304,1.3214,0.0235
input,159,-0.0609,-0.6440,-0.0019,0.0030
target,159,0.4515,-0.7304,1.3214,0.0235
param,159,1.0610,0.4471,0.9554,-0.2000
pos,160,0.4466,-0.7271,1.3216,0.0260
input,160,-0.0600,-0.6494,-0.0019,0.0029
target,160,0.4466,-0.7271,1.3216,0.0260
param,160,1.0610,0.4471,0.9554,-0.2000
pos,161,0.4414,-0.7239,1.3217,0.0287
input,161,-0.0591,-0.6546,-0.0019,0.0029
target,161,0.4414,-0.7239,1.3217,0.0287
param,161,1.0610,0.4471,0.9554,-0.2000
pos,162,0.4358,-0.7210,1.3221,0.0333
input,162,-0.0582,-0.6598,-0.0018,0.0028
target,162,0.4358,-0.7210,1.3221,0.0333
param,162,1.0610,0.4471,0.9554,-0.2000
pos,163,0.4301,-0.7182,1.3223,0.0374
input,163,-0.0574,-0.6649,-0.0018,0.0028
target,163,0.4301,-0.7182,1.3223,0.0374
param,163,1.0610,0.4471,0.9554,-0.2000
pos,164,0.4245,-0.7158,1.3229,0.0426
input,164,-0.0565,-0.6699,-0.0018,0.0027
target,164,0.4245,-0.7158,1.3229,0.0426
param,164,1.0610,0.4471,0.9554,-0.2000
pos,165,0.4184,-0.7129,1.3234,0.0449
input,165,-0.0556,-0.6749,-0.0018,0.0027
target,165,0.4184,-0.7129,1.3234,0.0449
param,165,1.0610,0.4471,0.9554,-0.2000
pos,166,0.4120,-0.7102,1.3238,0.0475
input,166,-0.0548,-0.6798,-0.0017,0.0027
target,166,0.4120,-0.7102,1.3238,0.0475
param,166,1.0610,0.4471,0.9554,-0.2000
pos,167,0.4053,-0.7078,1.3236,0.0501
input,167,-0.0540,-0.6846,-0.0017,0.0026
target,167,0.4053,-0.7078,1.3236,0.0501
param,167,1.0610,0.4471,0.9554,-0.2000
pos,168,0.3984,-0.7054,1.3234,0.0520
input,168,-0.0532,-0.6893,-0.0017,0.0026
target,168,0.3984,-0.7054,1.3234,0.0520
param,168,1.0610,0.4471,0.9554,-0.2000
pos,169,0.3916,-0.7037,1.3227,0.0579
input,169,-0.0524,-0.6940,-0.0017,0.0025
target,169,0.3916,-0.7037,1.3227,0.0579
param,169,1.0610,0.4471,0.9554,-0.2000
pos,170,0.3844,-0.7020,1.3222,0.0638
input,170,-0.0516,-0.6985,-0.0016,0.0025
target,170,0.3844,-0.7020,1.3222,0.0638
param,170,1.0610,0.4471,0.9554,-0.2000
pos,171,0.3770,-0.7003,1.3217,0.0686
input,171,-0.0508,-0.7031,-0.0016,0.0025
target,171,0.3770,-0.7003,1.3217,0.0686
param,171,1.0610,0.4471,0.9554,-0.2000
pos,172,0.3695,-0.6987,1.3210,0.0724
input,172,-0.0501,-0.7075,-0.0016,0.0024
target,172,0.3695,-0.6987,1.3210,0.0724
param,172,1.0610,0.4471,0.9554,-0.2000
pos,173,0.3616,-0.6973,1.3204,0.0762
input,173,-0.0493,-0.7119,-0.0016,0.0024
target,173,0.3616,-0.6973,1.3204,0.0762
param,173,1.0610,0.4471,0.9554,-0.2000
pos,174,0.3530,-0.6955,1.3201,0.0772
input,174,-0.0486,-0.7012,-0.0015,0.0024
target,174,0.3530,-0.6955,1.3201,0.0772
param,174,1.0610,0.4471,0.9554,-0.2000
pos,175,0.3441,-0.6939,1.3199,0.0778
input,175,-0.0478,-0.6907,-0.0015,0.0023
target,175,0.3441,-0.6939,1.3199,0.0778
param,175,1.0610,0.4471,0.9554,-0.2000
pos,176,0.3349,-0.6923,1.3197,0.0790
input,176,-0.0471,-0.6803,-0.0015,0.0023
target,176,0.3349,-0.6923,1.3197,0.0790
param,176,1.0610,0.4471,0.9554,-0.2000
pos,177,0.3255,-0.6908,1.3196,0.0811
input,177,-0.0464,-0.6701,-0.0015,0.0022
target,177,0.3255,-0.6908,1.3196,0.0811
param,177,1.0611,0.4471,0.9554,-0.2000
pos,178,0.3158,-0.6894,1.3193,0.0817
input,178,-0.0457,-0.6601,-0.0014,0.0022
target,178,0.3158,-0.6894,1.3193,0.0817
param,178,1.0611,0.4471,0.9554,-0.2000
pos,179,0.3058,-0.6881,1.3191,0.0829
input,179,-0.0450,-0.6502,-0.0014,0.0022
target,179,0.3058,-0.6881,1.3191,0.0829
param,179,1.0611,0.4471,0.9554,-0.2000
pos,180,0.2956,-0.6870,1.3189,0.0842
input,180,-0.0444,-0.6404,-0.0014,0.0021
target,180,0.2956,-0.6870,1.3189,0.0842
param,180,1.0611,0.4471,0.9554,-0.2000
pos,181,0.2849,-0.6861,1.3189,0.0873
input,181,-0.0437,-0.6308,-0.0014,0.0021
target,181,0.2849,-0.6861,1.3189,0.0873
param,181,1.0611,0.4471,0.9554,-0.2000
pos,182,0.2741,-0.6850,1.3187,0.0887
input,182,-0.0430,-0.6214,-0.0014,0.0021
target,182,0.2741,-0.6850,1.3187,0.0887
param,182,1.0611,0.4471,0.9554,-0.2000
pos,183,0.2631,-0.6841,1.3184,0.0898
input,183,-0.0424,-0.6120,-0.0013,0.0021
target,183,0.2631,-0.6841,1.3184,0.0898
param,183,1.0611,0.4471,0.9554,-0.2000
pos,184,0.2518,-0.6832,1.3182,0.0908
input,184,-0.0418,-0.6029,-0.0013,0.0020
target,184,0.2518,-0.6832,1.3182,0.0908
param,184,1.0611,0.4471,0.9554,-0.2000
pos,185,0.2402,-0.6825,1.3179,0.0916
input,185,-0.0411,-0.5938,-0.0013,0.0020
target,185,0.2402,-0.6825,1.3179,0.0916
param,185,1.0611,0.4471,0.9554,-0.2000
pos,186,0.2284,-0.6818,1.3177,0.0929
input,186,-0.0405,-0.5849,-0.0013,0.0020
target,186,0.2284,-0.6818,1.3177,0.0929
param,186,1.0611,0.4471,0.9554,-0.2000
pos,187,0.2163,-0.6816,1.3173,0.0975
input,187,-0.0399,-0.5761,-0.0013,0.0019
target,187,0.2163,-0.6816,1.3173,0.0975
param,187,1.0611,0.4471,0.9554,-0.2000
pos,188,0.2043,-0.6815,1.3165,0.1007
input,188,-0.0393,-0.5675,-0.0012,0.0019
target,188,0.2043,-0.6815,1.3165,0.1007
param,188,1.0611,0.4471,0.9554,-0.2000
pos,189,0.1920,-0.6814,1.3159,0.1036
input,189,-0.0387,-0.5590,-0.0012,0.0019
target,189,0.1920,-0.6814,1.3159,0.1036
param,189,1.0611,0.4471,0.9554,-0.2000
pos,190,0.1794,-0.6814,1.3153,0.1068
input,190,-0.0381,-0.5506,-0.0012,0.0018
target,190,0.1794,-0.6814,1.3153,0.1068
param,190,1.0611,0.4471,0.9554,-0.2000
pos,191,0.1667,-0.6813,1.3146,0.1087
input,191,-0.0376,-0.5423,-0.0012,0.0018
target,191,0.1667,-0.6813,1.3146,0.1087
param,191,1.0611,0.4471,0.9554,-0.2000
pos,192,0.1537,-0.6813,1.3141,0.1119
input,192,-0.0370,-0.5342,-0.0012,0.0018
target,192,0.1537,-0.6813,1.3141,0.1119
param,192,1.0611,0.4471,0.9554,-0.2000
pos,193,0.1417,-0.6809,1.3134,0.1147
input,193,-0.0364,-0.5262,-0.0012,0.0018
target,193,0.1417,-0.6809,1.3134,0.1147
param,193,1.0611,0.4471,0.9554,-0.2000
pos,194,0.1278,-0.6804,1.3129,0.1174
input,194,-0.0359,-0.5183,-0.0011,0.0017
target,194,0.1278,-0.6804,1.3129,0.1174
param,194,1.0611,0.4471,0.9554,-0.2000
pos,195,0.1137,-0.6795,1.3126,0.1153
input,195,-0.0354,-0.5105,-0.0011,0.0017
target,195,0.1137,-0.6795,1.3126,0.1153
param,195,1.0611,0.4471,0.9554,-0.2000
pos,196,0.0994,-0.6798,1.3122,0.1174
input,196,-0.0348,-0.5029,-0.0011,0.0017
target,196,0.0994,-0.6798,1.3122,0.1174
param,196,1.0611,0.4471,0.9554,-0.2000
pos,197,0.0847,-0.6802,1.3119,0.1216
input,197,-0.0343,-0.4953,-0.0011,0.0017
target,197,0.0847,-0.6802,1.3119,0.1216
param,197,1.0611,0.4471,0.9554,-0.2000
pos,198,0.0696,-0.6804,1.3116,0.1254
input,198,-0.0338,-0.4879,-0.0011,0.0016
target,198,0.0696,-0.6804,1.3116,0.1254
param,198,1.0611,0.4471,0.9554,-0.2000
pos,199,0.0546,-0.6807,1.3113,0.1267
input,199,-0.0333,-0.4806,-0.0011,0.0016
target,199,0.0546,-0.6807,1.3113,0.1267
param,199,1.0611,0.4471,0.9554,-0.2000
pos,200,0.0417,-0.6810,1.3109,0.1277
input,200,-0.0328,-0.4734,-0.0010,0.0016
target,200,0.0417,-0.6810,1.3109,0.1277
param,200,1.0611,0.4471,0.9554,-0.2000
pos,201,0.0251,-0.6809,1.3112,0.1283
input,201,-0.0323,-0.4663,-0.0010,0.0016
target,201,0.0251,-0.6809,1.3112,0.1283
param,201,1.0611,0.4471,0.9554,-0.2000
pos,202,0.0087,-0.6807,1.3114,0.1288
input,202,-0.0318,-0.4593,-0.0010,0.0015
target,202,0.0087,-0.6807,1.3114,0.1288
param,202,1.0611,0.4471,0.9554,-0.2000
pos,203,-0.0081,-0.6806,1.3116,0.1293
input,203,-0.0313,-0.4524,-0.0160,0.0015
target,203,-0.0081,-0.6806,1.3116,0.1293
param,203,1.0611,0.4471,0.9554,-0.2000
pos,204,-0.0250,-0.6807,1.3118,0.1291
input,204,-0.0309,-0.4456,-0.0307,0.0015
target,204,-0.0250,-0.6807,1.3118,0.1291
param,204,1.0611,0.4471,0.9554,-0.2000
pos,205,-0.0417,-0.6808,1.3120,0.1286
input,205,-0.0304,-0.4389,-0.0453,0.0015
target,205,-0.0417,-0.6808,1.3120,0.1286
param,205,1.0611,0.4471,0.9554,-0.2000
pos,206,-0.0582,-0.6809,1.3122,0.1283
input,206,-0.0299,-0.4323,-0.0596,0.0015
target,206,-0.0582,-0.6809,1.3122,0.1283
param,206,1.0611,0.4471,0.9554,-0.2000
pos,207,-0.0745,-0.6812,1.3124,0.1267
input,207,-0.0295,-0.4258,-0.0737,0.0014
target,207,-0.0745,-0.6812,1.3124,0.1267
param,207,1.0611,0.4471,0.9554,-0.2000
pos,208,-0.0908,-0.6815,1.3127,0.1271
input,208,-0.0291,-0.4195,-0.0876,0.0014
target,208,-0.0908,-0.6815,1.3127,0.1271
param,208,1.0611,0.4471,0.9554,-0.2000
pos,209,-0.1069,-0.6819,1.3128,0.1269
input,209,-0.0286,-0.4132,-0.1013,0.0014
target,209,-0.1069,-0.6819,1.3128,0.1269
param,209,1.0611,0.4471,0.9554,-0.2000
pos,210,-0.1228,-0.6824,1.3131,0.1267
input,210,-0.0282,-0.4070,-0.1148,0.0014
target,210,-0.1228,-0.6824,1.3131,0.1267
param,210,1.0611,0.4471,0.9554,-0.2000
pos,211,-0.1387,-0.6828,1.3134,0.1268
input,211,-0.0278,-0.4009,-0.1281,0.0013
target,211,-0.1387,-0.6828,1.3134,0.1268
param,211,1.0611,0.4471,0.9554,-0.2000
pos,212,-0.1543,-0.6833,1.3134,0.1245
input,212,-0.0273,-0.3949,-0.1411,0.0013
target,212,-0.1543,-0.6833,1.3134,0.1245
param,212,1.0611,0.4471,0.9554,-0.2000
pos,213,-0.1700,-0.6841,1.3136,0.1260
input,213,-0.0269,-0.3889,-0.1540,0.0013
target,213,-0.1700,-0.6841,1.3136,0.1260
param,213,1.0611,0.4471,0.9554,-0.2000
pos,214,-0.1856,-0.6849,1.3138,0.1270
input,214,-0.0265,-0.3831,-0.1667,0.0013
target,214,-0.1856,-0.6849,1.3138,0.1270
param,214,1.0611,0.4471,0.9554,-0.2000
pos,215,-0.2012,-0.6858,1.3140,0.1286
input,215,-0.0261,-0.3773,-0.1792,0.0013
target,215,-0.2012,-0.6858,1.3140,0.1286
param,215,1.0611,0.4471,0.9554,-0.2000
pos,216,-0.2163,-0.6868,1.3142,0.1309
input,216,-0.0257,-0.3717,-0.1915,0.0012
target,216,-0.2163,-0.6868,1.3142,0.1309
param,216,1.0611,0.4471,0.9554,-0.2000
pos,217,-0.2313,-0.6878,1.3144,0.1332
input,217,-0.0254,-0.3661,-0.2036,0.0012
target,217,-0.2313,-0.6878,1.3144,0.1332
param,217,1.0611,0.4471,0.9554,-0.2000
pos,218,-0.2463,-0.6888,1.3146,0.1353
input,218,-0.0250,-0.3606,-0.2156,0.0012
target,218,-0.2463,-0.6888,1.3146,0.1353
param,218,1.0611,0.4471,0.9554,-0.2000
pos,219,-0.2609,-0.6900,1.3144,0.1377
input,219,-0.0246,-0.3552,-0.2274,0.0012
target,219,-0.2609,-0.6900,1.3144,0.1377
param,219,1.0611,0.4471,0.9554,-0.2000
pos,220,-0.2754,-0.6912,1.3142,0.1396
input,220,-0.0242,-0.3499,-0.2389,0.0012
target,220,-0.2754,-0.6912,1.3142,0.1396
param,220,1.0611,0.4471,0.9554,-0.2000
pos,221,-0.2899,-0.6925,1.3140,0.1414
input,221,-0.0239,-0.3446,-0.2504,0.0012
target,221,-0.2899,-0.6925,1.3140,0.1414
param,221,1.0611,0.4471,0.9554,-0.2000
pos,222,-0.3042,-0.6938,1.3137,0.1434
input,222,-0.0235,-0.3395,-0.2616,0.0011
target,222,-0.3042,-0.6938,1.3137,0.1434
param,222,1.0611,0.4471,0.9554,-0.2000
pos,223,-0.3184,-0.6950,1.3135,0.1444
input,223,-0.0232,-0.3344,-0.2727,0.0011
target,223,-0.3184,-0.6950,1.3135,0.1444
param,223,1.0611,0.4471,0.9554,-0.2000
pos,224,-0.3327,-0.6962,1.3133,0.1458
input,224,-0.0228,-0.3294,-0.2836,0.0011
target,224,-0.3327,-0.6962,1.3133,0.1458
param,224,1.0611,0.4471,0.9554,-0.2000
pos,225,-0.3469,-0.6973,1.3132,0.1461
input,225,-0.0225,-0.3244,-0.2943,0.0011
target,225,-0.3469,-0.6973,1.3132,0.1461
param,225,1.0611,0.4471,0.9554,-0.2000
pos,226,-0.3610,-0.6985,1.3131,0.1477
input,226,-0.0221,-0.3196,-0.3049,0.0011
target,226,-0.3610,-0.6985,1.3131,0.1477
param,226,1.0611,0.4471,0.9554,-0.2000
pos,227,-0.3752,-0.6997,1.3131,0.1496
input,227,-0.0218,-0.3148,-0.3153,0.0011
target,227,-0.3752,-0.6997,1.3131,0.1496
param,227,1.0611,0.4471,0.9554,-0.2000
pos,228,-0.3892,-0.7008,1.3131,0.1504
input,228,-0.0215,-0.3100,-0.3256,0.0010
target,228,-0.3892,-0.7008,1.3131,0.1504
param,228,1.0611,0.4471,0.9554,-0.2000
pos,229,-0.4032,-0.7020,1.3130,0.1511
input,229,-0.0212,-0.3054,-0.3357,0.0010
target,229,-0.4032,-0.7020,1.3130,0.1511
param,229,1.0611,0.4471,0.9554,-0.2000
pos,230,-0.4161,-0.7031,1.3130,0.1522
input,230,-0.0208,-0.3008,-0.3457,0.0010
target,230,-0.4161,-0.7031,1.3130,0.1522
param,230,1.0611,0.4471,0.9554,-0.2000
pos,231,-0.4305,-0.7038,1.3136,0.1494
input,231,-0.0205,-0.2963,-0.3555,0.0010
target,231,-0.4305,-0.7038,1.3136,0.1494
param,231,1.0611,0.4471,0.9554,-0.2000
pos,232,-0.4444,-0.7050,1.3136,0.1490
input,232,-0.0202,-0.2919,-0.3652,0.0010
target,232,-0.4444,-0.7050,1.3136,0.1490
param,232,1.0611,0.4471,0.9554,-0.2000
pos,233,-0.4583,-0.7055,1.3141,0.1437
input,233,-0.0199,-0.2875,-0.3747,0.0010
target,233,-0.4583,-0.7055,1.3141,0.1437
param,233,1.0611,0.4471,0.9554,-0.2000
pos,234,-0.4721,-0.7061,1.3145,0.1381
input,234,-0.0196,-0.2832,-0.3841,0.0010
target,234,-0.4721,-0.7061,1.3145,0.1381
param,234,1.0611,0.4471,0.9554,-0.2000
pos,235,-0.4858,-0.7067,1.3150,0.1321
input,235,-0.0193,-0.2789,-0.3933,0.0009
target,235,-0.4858,-0.7067,1.3150,0.1321
param,235,1.0611,0.4471,0.9554,-0.2000
pos,236,-0.4995,-0.7076,1.3156,0.1283
input,236,-0.0190,-0.2747,-0.4024,0.0009
target,236,-0.4995,-0.7076,1.3156,0.1283
param,236,1.0611,0.4471,0.9554,-0.2000
pos,237,-0.5131,-0.7084,1.3162,0.1238
input,237,-0.0187,-0.2706,-0.4114,0.0009
target,237,-0.5131,-0.7084,1.3162,0.1238
param,237,1.0611,0.4471,0.9554,-0.2000
pos,238,-0.5264,-0.7093,1.3166,0.1172
input,238,-0.0185,-0.2665,-0.4202,0.0009
target,238,-0.5264,-0.7093,1.3166,0.1172
param,238,1.0611,0.4471,0.9554,-0.2000
pos,239,-0.5398,-0.7101,1.3169,0.1103
input,239,-0.0182,-0.2626,-0.4289,0.0009
target,239,-0.5398,-0.7101,1.3169,0.1103
param,239,1.0611,0.4471,0.9554,-0.2000
pos,240,-0.5530,-0.7110,1.3173,0.1032
input,240,-0.0179,-0.2586,-0.4375,0.0009
target,240,-0.5530,-0.7110,1.3173,0.1032
param,240,1.0611,0.4471,0.9554,-0.2000
pos,241,-0.5661,-0.7119,1.3177,0.0960
input,241,-0.0176,-0.2547,-0.4459,0.0009
target,241,-0.5661,-0.7119,1.3177,0.0960
param,241,1.0611,0.4471,0.9554,-0.2000
pos,242,-0.5790,-0.7129,1.3182,0.0889
input,242,-0.0174,-0.2509,-0.4542,0.0008
target,242,-0.5790,-0.7129,1.3182,0.0889
param,242,1.0611,0.4471,0.9554,-0.2000
pos,243,-0.5918,-0.7138,1.3186,0.0816
input,243,-0.0171,-0.2471,-0.4624,0.0008
target,243,-0.5918,-0.7138,1.3186,0.0816
param,243,1.0611,0.4471,0.9554,-0.2000
pos,244,-0.6045,-0.7148,1.3190,0.0745
input,244,-0.0169,-0.2434,-0.4705,0.0008
target,244,-0.6045,-0.7148,1.3190,0.0745
param,244,1.0611,0.4471,0.9554,-0.2000
pos,245,-0.6171,-0.7159,1.3195,0.0678
input,245,-0.0166,-0.2398,-0.4784,0.0008
target,245,-0.6171,-0.7159,1.3195,0.0678
param,245,1.0611,0.4471,0.9554,-0.2000
pos,246,-0.6295,-0.7173,1.3197,0.0638
input,246,-0.0164,-0.2362,-0.4862,0.0008
target,246,-0.6295,-0.7173,1.3197,0.0638
param,246,1.0611,0.4471,0.9554,-0.2000
pos,247,-0.6410,-0.7186,1.3200,0.0593
input,247,-0.0161,-0.2327,-0.4939,0.0008
target,247,-0.6410,-0.7186,1.3200,0.0593
param,247,1.0611,0.4471,0.9554,-0.2000
pos,248,-0.6533,-0.7199,1.3203,0.0544
input,248,-0.0159,-0.2292,-0.5015,0.0008
target,248,-0.6533,-0.7199,1.3203,0.0544
param,248,1.0611,0.4471,0.9554,-0.2000
pos,249,-0.6655,-0.7211,1.3205,0.0494
input,249,-0.0156,-0.2257,-0.5090,0.0008
target,249,-0.6655,-0.7211,1.3205,0.0494
param,249,1.0611,0.4471,0.9554,-0.2000
pos,250,-0.6776,-0.7223,1.3208,0.0442
input,250,-0.0154,-0.2223,-0.5164,0.0007
target,250,-0.6776,-0.7223,1.3208,0.0442
param,250,1.0611,0.4471,0.9554,-0.2000
pos,251,-0.6895,-0.7234,1.3211,0.0388
input,251,-0.0152,-0.2190,-0.5236,0.0007
target,251,-0.6895,-0.7234,1.3211,0.0388
param,251,1.0611,0.4471,0.9554,-0.2000
pos,252,-0.7013,-0.7246,1.3214,0.0344
input,252,-0.0149,-0.2157,-0.5308,0.0007
target,252,-0.7013,-0.7246,1.3214,0.0344
param,252,1.0611,0.4471,0.9554,-0.2000
pos,253,-0.7130,-0.7257,1.3216,0.0295
input,253,-0.0147,-0.2125,-0.5378,0.0007
target,253,-0.7130,-0.7257,1.3216,0.0295
param,253,1.0611,0.4471,0.9554,-0.2000
pos,254,-0.7245,-0.7266,1.3218,0.0244
input,254,-0.0145,-0.1943,-0.5448,0.0007
target,254,-0.7245,-0.7266,1.3218,0.0244
param,254,1.0611,0.4471,0.9554,-0.2000
pos,255,-0.7359,-0.7276,1.3220,0.0193
input,255,-0.0143,-0.1764,-0.5516,0.0007
target,255,-0.7359,-0.7276,1.3220,0.0193
param,255,1.0611,0.4471,0.9554,-0.2000
pos,256,-0.7471,-0.7285,1.3221,0.0144
input,256,-0.0141,-0.1587,-0.5583,0.0007
target,256,-0.7471,-0.7285,1.3221,0.0144
param,256,1.0611,0.4471,0.9554,-0.2000
pos,257,-0.7582,-0.7289,1.3226,0.0093
input,257,-0.0139,-0.1414,-0.5649,0.0007
target,257,-0.7582,-0.7289,1.3226,0.0093
param,257,1.0611,0.4471,0.9554,-0.2000
pos,258,-0.7685,-0.7296,1.3230,0.0025
input,258,-0.0136,-0.1242,-0.5715,0.0007
target,258,-0.7685,-0.7296,1.3230,0.0025
param,258,1.0611,0.4471,0.9554,-0.2000
pos,259,-0.7794,-0.7303,1.3233,-0.0044
input,259,-0.0134,-0.1074,-0.5629,0.0007
target,259,-0.7794,-0.7303,1.3233,-0.0044
param,259,1.0611,0.4471,0.9554,-0.2000
pos,260,-0.7902,-0.7310,1.3236,-0.0115
input,260,-0.0132,-0.0908,-0.5544,0.0006
target,260,-0.7902,-0.7310,1.3236,-0.0115
param,260,1.0611,0.4471,0.9554,-0.2000
pos,261,-0.8007,-0.7316,1.3239,-0.0187
input,261,-0.0130,-0.0744,-0.5461,0.0006
target,261,-0.8007,-0.7316,1.3239,-0.0187
param,261,1.0611,0.4471,0.9554,-0.2000
pos,262,-0.8107,-0.7320,1.3239,-0.0271
input,262,-0.0128,-0.0583,-0.5379,0.0006
target,262,-0.8107,-0.7320,1.3239,-0.0271
param,262,1.0611,0.4471,0.9554,-0.2000
pos,263,-0.8206,-0.7319,1.3242,-0.0409
input,263,-0.0127,-0.0424,-0.5299,0.0006
target,263,-0.8206,-0.7319,1.3242,-0.0409
param,263,1.0611,0.4471,0.9554,-0.2000
pos,264,-0.8304,-0.7322,1.3243,-0.0517
input,264,-0.0125,-0.0268,-0.5219,0.0006
target,264,-0.8304,-0.7322,1.3243,-0.0517
param,264,1.0611,0.4471,0.9554,-0.2000
pos,265,-0.8393,-0.7327,1.3245,-0.0614
input,265,-0.0123,-0.0114,-0.5141,0.0006
target,265,-0.8393,-0.7327,1.3245,-0.0614
param,265,1.0611,0.4471,0.9554,-0.2000
pos,266,-0.8488,-0.7329,1.3247,-0.0729
input,266,-0.0121,0.0038,-0.5064,0.0006
target,266,-0.8488,-0.7329,1.3247,-0.0729
param,266,1.0611,0.4471,0.9554,-0.2000
pos,267,-0.8576,-0.7331,1.3246,-0.0855
input,267,-0.0119,0.0187,-0.4988,0.0006
target,267,-0.8576,-0.7331,1.3246,-0.0855
param,267,1.0611,0.4471,0.9555,-0.2000
pos,268,-0.8663,-0.7329,1.3247,-0.0969
input,268,-0.0117,0.0335,-0.4913,0.0006
target,268,-0.8663,-0.7329,1.3247,-0.0969
param,268,1.0611,0.4471,0.9555,-0.2000
pos,269,-0.8748,-0.7328,1.3248,-0.1088
input,269,-0.0116,0.0480,-0.4839,0.0006
target,269,-0.8748,-0.7328,1.3248,-0.1088
param,269,1.0611,0.4471,0.9555,-0.2000
pos,270,-0.8826,-0.7326,1.3249,-0.1204
input,270,-0.0114,0.0622,-0.4767,0.0006
target,270,-0.8826,-0.7326,1.3249,-0.1204
param,270,1.0611,0.4471,0.9555,-0.2000
pos,271,-0.8910,-0.7328,1.3251,-0.1323
input,271,-0.0112,0.0763,-0.4695,0.0005
target,271,-0.8910,-0.7328,1.3251,-0.1323
param,271,1.0611,0.4471,0.9555,-0.2000
pos,272,-0.8992,-0.7329,1.3254,-0.1453
input,272,-0.0110,0.0902,-0.4625,0.0005
target,272,-0.8992,-0.7329,1.3254,-0.1453
param,272,1.0611,0.4471,0.9555,-0.2000
pos,273,-0.9071,-0.7330,1.3256,-0.1579
input,273,-0.0109,0.1038,-0.4555,0.0005
target,273,-0.9071,-0.7330,1.3256,-0.1579
param,273,1.0611,0.4471,0.9555,-0.2000
pos,274,-0.9149,-0.7334,1.3258,-0.1697
input,274,-0.0107,0.1173,-0.4487,0.0005
target,274,-0.9149,-0.7334,1.3258,-0.1697
param,274,1.0611,0.4471,0.9555,-0.2000
pos,275,-0.9215,-0.7337,1.3259,-0.1814
input,275,-0.0106,0.1305,-0.4420,0.0005
target,275,-0.9215,-0.7337,1.3259,-0.1814
param,275,1.0611,0.4471,0.9555,-0.2000
pos,276,-0.9289,-0.7342,1.3259,-0.1941
input,276,-0.0104,0.1435,-0.4353,0.0005
target,276,-0.9289,-0.7342,1.3259,-0.1941
param,276,1.0611,0.4471,0.9555,-0.2000
pos,277,-0.9360,-0.7347,1.3260,-0.2059
input,277,-0.0102,0.1564,-0.4288,0.0005
target,277,-0.9360,-0.7347,1.3260,-0.2059
param,277,1.0611,0.4471,0.9555,-0.2000
pos,278,-0.9428,-0.7348,1.3261,-0.2208
input,278,-0.0101,0.1690,-0.4224,0.0005
target,278,-0.9428,-0.7348,1.3261,-0.2208
param,278,1.0611,0.4471,0.9555,-0.2000
pos,279,-0.9495,-0.7347,1.3266,-0.2343
input,279,-0.0099,0.1815,-0.4161,0.0005
target,279,-0.9495,-0.7347,1.3266,-0.2343
param,279,1.0611,0.4471,0.9555,-0.2000
pos,280,-0.9558,-0.7346,1.3270,-0.2500
input,280,-0.0098,0.1938,-0.4098,0.0005
target,280,-0.9558,-0.7346,1.3270,-0.2500
param,280,1.0611,0.4471,0.9555,-0.2000
pos,281,-0.9621,-0.7347,1.3275,-0.2631
input,281,-0.0096,0.2059,-0.4037,0.0005
target,281,-0.9621,-0.7347,1.3275,-0.2631
param,281,1.0611,0.4471,0.9555,-0.2000
pos,282,-0.9674,-0.7348,1.3280,-0.2758
input,282,-0.0095,0.2178,-0.3976,0.0005
target,282,-0.9674,-0.7348,1.3280,-0.2758
param,282,1.0611,0.4471,0.9555,-0.2000
pos,283,-0.9733,-0.7350,1.3283,-0.2893
input,283,-0.0094,0.2295,-0.3916,0.0005
target,283,-0.9733,-0.7350,1.3283,-0.2893
param,283,1.0611,0.4471,0.9555,-0.2000
pos,284,-0.9789,-0.7352,1.3286,-0.3035
input,284,-0.0092,0.2411,-0.3858,0.0004
target,284,-0.9789,-0.7352,1.3286,-0.3035
param,284,1.0611,0.4471,0.9555,-0.2000
pos,285,-0.9840,-0.7356,1.3289,-0.3173
input,285,-0.0091,0.2525,-0.3800,0.0004
target,285,-0.9840,-0.7356,1.3289,-0.3173
param,285,1.0611,0.4471,0.9555,-0.2000
pos,286,-0.9887,-0.7361,1.3292,-0.3317
input,286,-0.0089,0.2637,-0.3743,0.0004
target,286,-0.9887,-0.7361,1.3292,-0.3317
param,286,1.0611,0.4471,0.9556,-0.2000
pos,287,-0.9931,-0.7370,1.3294,-0.3441
input,287,-0.0088,0.2747,-0.3687,0.0004
target,287,-0.9931,-0.7370,1.3294,-0.3441
param,287,1.0611,0.4471,0.9556,-0.2000
pos,288,-0.9971,-0.7384,1.3295,-0.3545
input,288,-0.0087,0.2856,-0.3631,0.0004
target,288,-0.9971,-0.7384,1.3295,-0.3545
param,288,1.0611,0.4471,0.9555,-0.2000
pos,289,-1.0006,-0.7399,1.3295,-0.3651
input,289,-0.0085,0.2963,-0.3577,0.0004
target,289,-1.0006,-0.7399,1.3295,-0.3651
param,289,1.0611,0.4471,0.9555,-0.2000
pos,290,-1.0037,-0.7412,1.3297,-0.3756
input,290,-0.0084,0.3069,-0.3523,0.0004
target,290,-1.0037,-0.7412,1.3297,-0.3756
param,290,1.0611,0.4471,0.9555,-0.2000
pos,291,-1.0067,-0.7426,1.3298,-0.3859
input,291,-0.0083,0.3173,-0.3470,0.0004
target,291,-1.0067,-0.7426,1.3298,-0.3859
param,291,1.0611,0.4471,0.9555,-0.2000
pos,292,-1.0095,-0.7444,1.3299,-0.3954
input,292,-0.0082,0.3275,-0.3418,0.0004
target,292,-1.0095,-0.7444,1.3299,-0.3954
param,292,1.0611,0.4471,0.9555,-0.2000
pos,293,-1.0119,-0.7462,1.3300,-0.4042
input,293,-0.0080,0.3376,-0.3367,0.0004
target,293,-1.0119,-0.7462,1.3300,-0.4042
param,293,1.0611,0.4471,0.9555,-0.2000
pos,294,-1.0142,-0.7483,1.3301,-0.4121
input,294,-0.0079,0.3475,-0.3317,0.0004
target,294,-1.0142,-0.7483,1.3301,-0.4121
param,294,1.0611,0.4471,0.9555,-0.2000
pos,295,-1.0161,-0.7503,1.3302,-0.4192
input,295,-0.0078,0.3573,-0.3267,0.0004
target,295,-1.0161,-0.7503,1.3302,-0.4192
param,295,1.0611,0.4471,0.9555,-0.2000
pos,296,-1.0176,-0.7516,1.3306,-0.4259
input,296,-0.0077,0.3670,-0.3218,0.0004
target,296,-1.0176,-0.7516,1.3306,-0.4259
param,296,1.0611,0.4471,0.9555,-0.2000
pos,297,-1.0188,-0.7529,1.3311,-0.4389
input,297,-0.0076,0.3765,-0.3170,0.0004
target,297,-1.0188,-0.7529,1.3311,-0.4389
param,297,1.0611,0.4471,0.9555,-0.2000
pos,298,-1.0196,-0.7542,1.3315,-0.4514
input,298,-0.0075,0.3858,-0.3122,0.0004
target,298,-1.0196,-0.7542,1.3315,-0.4514
param,298,1.0611,0.4471,0.9555,-0.2000
pos,299,-1.0204,-0.7559,1.3319,-0.4639
input,299,-0.0073,0.3950,-0.3075,0.0004
target,299,-1.0204,-0.7559,1.3319,-0.4639
param,299,1.0611,0.4471,0.9555,-0.2000
pos,300,-1.0210,-0.7582,1.3320,-0.4732
input,300,-0.0072,0.4041,-0.3029,0.0004
target,300,-1.0210,-0.7582,1.3320,-0.4732
param,300,1.0611,0.4471,0.9555,-0.2000
pos,301,-1.0216,-0.7610,1.3321,-0.4787
input,301,-0.0071,0.4130,-0.2984,0.0003
target,301,-1.0216,-0.7610,1.3321,-0.4787
param,301,1.0611,0.4471,0.9555,-0.2000
pos,302,-1.0218,-0.7635,1.3321,-0.4839
input,302,-0.0070,0.4218,-0.2939,0.0003
target,302,-1.0218,-0.7635,1.3321,-0.4839
param,302,1.0611,0.4471,0.9554,-0.2000
pos,303,-1.0218,-0.7659,1.3321,-0.4887
input,303,-0.0069,0.4305,-0.2895,0.0003
target,303,-1.0218,-0.7659,1.3321,-0.4887
param,303,1.0611,0.4471,0.9554,-0.2000
pos,304,-1.0217,-0.7681,1.3321,-0.4932
input,304,-0.0068,0.4391,-0.2851,0.0003
target,304,-1.0217,-0.7681,1.3321,-0.4932
param,304,1.0611,0.4471,0.9554,-0.2000
pos,305,-1.0210,-0.7703,1.3326,-0.5031
input,305,-0.0067,0.4475,-0.2809,0.0003
target,305,-1.0210,-0.7703,1.3326,-0.5031
param,305,1.0611,0.4471,0.9554,-0.2000
pos,306,-1.0202,-0.7725,1.3330,-0.5120
input,306,-0.0066,0.4558,-0.2766,0.0003
target,306,-1.0202,-0.7725,1.3330,-0.5120
param,306,1.0611,0.4471,0.9554,-0.2000
pos,307,-1.0191,-0.7749,1.3334,-0.5206
input,307,-0.0065,0.4639,-0.2725,0.0003
target,307,-1.0191,-0.7749,1.3334,-0.5206
param,307,1.0611,0.4471,0.9554,-0.2000
pos,308,-1.0180,-0.7774,1.3338,-0.5294
input,308,-0.0064,0.4720,-0.2684,0.0003
target,308,-1.0180,-0.7774,1.3338,-0.5294
param,308,1.0611,0.4471,0.9554,-0.2000
pos,309,-1.0166,-0.7799,1.3342,-0.5376
input,309,-0.0063,0.4799,-0.2644,0.0003
target,309,-1.0166,-0.7799,1.3342,-0.5376
param,309,1.0611,0.4471,0.9554,-0.2000
pos,310,-1.0151,-0.7826,1.3345,-0.5459
input,310,-0.0062,0.4877,-0.2604,0.0003
target,310,-1.0151,-0.7826,1.3345,-0.5459
param,310,1.0611,0.4471,0.9554,-0.2000
pos,311,-1.0136,-0.7853,1.3350,-0.5532
input,311,-0.0061,0.4954,-0.2565,0.0003
target,311,-1.0136,-0.7853,1.3350,-0.5532
param,311,1.0611,0.4471,0.9554,-0.2000
pos,312,-1.0118,-0.7881,1.3354,-0.5601
input,312,-0.0060,0.5029,-0.2527,0.0003
target,312,-1.0118,-0.7881,1.3354,-0.5601
param,312,1.0611,0.4471,0.9554,-0.2000
pos,313,-1.0100,-0.7909,1.3358,-0.5667
input,313,-0.0059,0.5104,-0.2489,0.0003
target,313,-1.0100,-0.7909,1.3358,-0.5667
param,313,1.0611,0.4471,0.9554,-0.2000
pos,314,-1.0080,-0.7939,1.3362,-0.5732
input,314,-0.0059,0.5177,-0.2451,0.0003
target,314,-1.0080,-0.7939,1.3362,-0.5732
param,314,1.0611,0.4471,0.9554,-0.2000
pos,315,-1.0060,-0.7969,1.3366,-0.5794
input,315,-0.0058,0.5250,-0.2415,0.0003
target,315,-1.0060,-0.7969,1.3366,-0.5794
param,315,1.0611,0.4471,0.9554,-0.2000
pos,316,-1.0038,-0.8000,1.3370,-0.5854
input,316,-0.0057,0.5321,-0.2378,0.0003
target,316,-1.0038,-0.8000,1.3370,-0.5854
param,316,1.0611,0.4471,0.9554,-0.2000
pos,317,-1.0014,-0.8031,1.3374,-0.5908
input,317,-0.0056,0.5391,-0.2343,0.0003
target,317,-1.0014,-0.8031,1.3374,-0.5908
param,317,1.0611,0.4471,0.9554,-0.2000
pos,318,-0.9989,-0.8063,1.3378,-0.5962
input,318,-0.0055,0.5460,-0.2308,0.0003
target,318,-0.9989,-0.8063,1.3378,-0.5962
param,318,1.0611,0.4471,0.9554,-0.2000
pos,319,-0.9963,-0.8096,1.3381,-0.6012
input,319,-0.0054,0.5528,-0.2273,0.0003
target,319,-0.9963,-0.8096,1.3381,-0.6012
param,319,1.0611,0.4471,0.9554,-0.2000
pos,320,-0.9934,-0.8131,1.3385,-0.6058
input,320,-0.0053,0.5595,-0.2239,0.0003
target,320,-0.9934,-0.8131,1.3385,-0.6058
param,320,1.0611,0.4471,0.9554,-0.2000
pos,321,-0.9934,-0.8131,1.3385,-0.6058
input,321,-0.0053,0.5662,-0.2205,0.0003
target,321,-0.9934,-0.8131,1.3385,-0.6058
param,321,1.0611,0.4471,0.9554,-0.2000
pos,322,-0.9872,-0.8202,1.3386,-0.6178
input,322,-0.0052,0.5727,-0.2172,0.0003
target,322,-0.9872,-0.8202,1.3386,-0.6178
param,322,1.0611,0.4471,0.9554,-0.2000
pos,323,-0.9836,-0.8241,1.3387,-0.6231
input,323,-0.0051,0.5791,-0.2140,0.0002
target,323,-0.9836,-0.8241,1.3387,-0.6231
param,323,1.0611,0.4471,0.9554,-0.2000
pos,324,-0.9799,-0.8281,1.3389,-0.6286
input,324,-0.0050,0.5854,-0.2108,0.0002
target,324,-0.9799,-0.8281,1.3389,-0.6286
param,324,1.0611,0.4471,0.9554,-0.2000
pos,325,-0.9758,-0.8322,1.3390,-0.6340
input,325,-0.0050,0.5916,-0.2076,0.0002
target,325,-0.9758,-0.8322,1.3390,-0.6340
param,325,1.0611,0.4471,0.9554,-0.2000
pos,326,-0.9716,-0.8365,1.3392,-0.6387
input,326,-0.0049,0.5977,-0.2045,0.0002
target,326,-0.9716,-0.8365,1.3392,-0.6387
param,326,1.0611,0.4471,0.9554,-0.2000
pos,327,-0.9671,-0.8410,1.3391,-0.6430
input,327,-0.0048,0.6038,-0.2014,0.0002
target,327,-0.9671,-0.8410,1.3391,-0.6430
param,327,1.0611,0.4471,0.9554,-0.2000
pos,328,-0.9623,-0.8456,1.3391,-0.6484
input,328,-0.0047,0.6097,-0.1984,0.0002
target,328,-0.9623,-0.8456,1.3391,-0.6484
param,328,1.0611,0.4471,0.9554,-0.2000
pos,329,-0.9574,-0.8506,1.3391,-0.6501
input,329,-0.0047,0.6156,-0.1954,0.0002
target,329,-0.9574,-0.8506,1.3391,-0.6501
param,329,1.0611,0.4471,0.9554,-0.2000
pos,330,-0.9521,-0.8555,1.3391,-0.6549
input,330,-0.0046,0.6213,-0.1925,0.0002
target,330,-0.9521,-0.8555,1.3391,-0.6549
param,330,1.0611,0.4471,0.9554,-0.2000
pos,331,-0.9468,-0.8614,1.3392,-0.6597
input,331,-0.0045,0.6270,-0.1896,0.0002
target,331,-0.9468,-0.8614,1.3392,-0.6597
param,331,1.0611,0.4471,0.9554,-0.2000
pos,332,-0.9409,-0.8666,1.3395,-0.6636
input,332,-0.0045,0.6326,-0.1868,0.0002
target,332,-0.9409,-0.8666,1.3395,-0.6636
param,332,1.0611,0.4471,0.9554,-0.2000
pos,333,-0.9354,-0.8719,1.3397,-0.6613
input,333,-0.0044,0.6231,-0.1840,0.0002
target,333,-0.9354,-0.8719,1.3397,-0.6613
param,333,1.0611,0.4471,0.9553,-0.2000
pos,334,-0.9285,-0.8774,1.3397,-0.6584
input,334,-0.0043,0.6138,-0.1812,0.0002
target,334,-0.9285,-0.8774,1.3397,-0.6584
param,334,1.0611,0.4471,0.9553,-0.2000
pos,335,-0.9217,-0.8840,1.3397,-0.6550
input,335,-0.0043,0.6046,-0.1785,0.0002
target,335,-0.9217,-0.8840,1.3397,-0.6550
param,335,1.0611,0.4471,0.9553,-0.2000
pos,336,-0.9145,-0.8909,1.3398,-0.6494
input,336,-0.0042,0.5955,-0.1758,0.0002
target,336,-0.9145,-0.8909,1.3398,-0.6494
param,336,1.0611,0.4471,0.9553,-0.2000
pos,337,-0.9073,-0.8963,1.3399,-0.6434
input,337,-0.0041,0.5866,-0.1732,0.0002
target,337,-0.9073,-0.8963,1.3399,-0.6434
param,337,1.0611,0.4471,0.9553,-0.2000
pos,338,-0.8993,-0.9032,1.3400,-0.6414
input,338,-0.0041,0.5778,-0.1706,0.0002
target,338,-0.8993,-0.9032,1.3400,-0.6414
param,338,1.0611,0.4471,0.9553,-0.2000
pos,339,-0.8908,-0.9095,1.3403,-0.6392
input,339,-0.0040,0.5691,-0.1680,0.0002
target,339,-0.8908,-0.9095,1.3403,-0.6392
param,339,1.0611,0.4471,0.9553,-0.2000
pos,340,-0.8823,-0.9164,1.3407,-0.6395
input,340,-0.0040,0.5606,-0.1655,0.0002
target,340,-0.8823,-0.9164,1.3407,-0.6395
param,340,1.0611,0.4471,0.9553,-0.2000
pos,341,-0.8733,-0.9233,1.3411,-0.6435
input,341,-0.0039,0.5521,-0.1630,0.0002
target,341,-0.8733,-0.9233,1.3411,-0.6435
param,341,1.0611,0.4471,0.9553,-0.2000
pos,342,-0.8640,-0.9305,1.3415,-0.6477
input,342,-0.0038,0.5439,-0.1606,0.0002
target,342,-0.8640,-0.9305,1.3415,-0.6477
param,342,1.0611,0.4471,0.9553,-0.2000
pos,343,-0.8553,-0.9374,1.3420,-0.6507
input,343,-0.0038,0.5357,-0.1581,0.0002
target,343,-0.8553,-0.9374,1.3420,-0.6507
param,343,1.0611,0.4471,0.9553,-0.2000
pos,344,-0.8456,-0.9451,1.3427,-0.6544
input,344,-0.0037,0.5277,-0.1558,0.0002
target,344,-0.8456,-0.9451,1.3427,-0.6544
param,344,1.0611,0.4471,0.9553,-0.2000
pos,345,-0.8355,-0.9532,1.3431,-0.6569
input,345,-0.0037,0.5198,-0.1534,0.0002
target,345,-0.8355,-0.9532,1.3431,-0.6569
param,345,1.0611,0.4471,0.9553,-0.2000
pos,346,-0.8251,-0.9614,1.3434,-0.6600
input,346,-0.0036,0.5120,-0.1511,0.0002
target,346,-0.8251,-0.9614,1.3434,-0.6600
param,346,1.0611,0.4471,0.9553,-0.2000
pos,347,-0.8144,-0.9700,1.3437,-0.6625
input,347,-0.0036,0.5043,-0.1489,0.0002
target,347,-0.8144,-0.9700,1.3437,-0.6625
param,347,1.0611,0.4471,0.9553,-0.2000
pos,348,-0.8036,-0.9788,1.3443,-0.6658
input,348,-0.0035,0.4967,-0.1466,0.0002
target,348,-0.8036,-0.9788,1.3443,-0.6658
param,348,1.0611,0.4471,0.9553,-0.2000
pos,349,-0.7926,-0.9881,1.3444,-0.6685
input,349,-0.0034,0.4893,-0.1444,0.0002
target,349,-0.7926,-0.9881,1.3444,-0.6685
param,349,1.0611,0.4471,0.9553,-0.2000
pos,350,-0.7816,-0.9984,1.3444,-0.6712
input,350,-0.0034,0.4819,-0.1423,0.0002
target,350,-0.7816,-0.9984,1.3444,-0.6712
param,350,1.0611,0.4471,0.9553,-0.2000
pos,351,-0.7700,-1.0078,1.3450,-0.6740
input,351,-0.0033,0.4747,-0.1401,0.0002
target,351,-0.7700,-1.0078,1.3450,-0.6740
param,351,1.0611,0.4471,0.9553,-0.2000
pos,352,-0.7582,-1.0174,1.3455,-0.6765
input,352,-0.0033,0.4676,-0.1380,0.0002
target,352,-0.7582,-1.0174,1.3455,-0.6765
param,352,1.0611,0.4471,0.9553,-0.2000
pos,353,-0.7461,-1.0271,1.3460,-0.6786
input,353,-0.0032,0.4606,-0.1360,0.0002
target,353,-0.7461,-1.0271,1.3460,-0.6786
param,353,1.0611,0.4471,0.9553,-0.2000
pos,354,-0.7339,-1.0370,1.3465,-0.6813
input,354,-0.0032,0.4537,-0.1339,0.0002
target,354,-0.7339,-1.0370,1.3465,-0.6813
param,354,1.0611,0.4471,0.9553,-0.2000
pos,355,-0.7216,-1.0472,1.3469,-0.6846
input,355,-0.0031,0.4469,-0.1319,0.0002
target,355,-0.7216,-1.0472,1.3469,-0.6846
param,355,1.0611,0.4471,0.9553,-0.2000
pos,356,-0.7091,-1.0575,1.3474,-0.6874
input,356,-0.0031,0.4401,-0.1299,0.0002
target,356,-0.7091,-1.0575,1.3474,-0.6874
param,356,1.0611,0.4471,0.9553,-0.2000
pos,357,-0.6966,-1.0679,1.3478,-0.6903
input,357,-0.0031,0.4335,-0.1280,0.0001
target,357,-0.6966,-1.0679,1.3478,-0.6903
param,357,1.0611,0.4471,0.9553,-0.2000
pos,358,-0.6841,-1.0785,1.3482,-0.6931
input,358,-0.0030,0.4270,-0.1261,0.0001
target,358,-0.6841,-1.0785,1.3482,-0.6931
param,358,1.0611,0.4471,0.9553,-0.2000
pos,359,-0.6715,-1.0890,1.3486,-0.6967
input,359,-0.0030,0.4206,-0.1242,0.0001
target,359,-0.6715,-1.0890,1.3486,-0.6967
param,359,1.0611,0.4471,0.9553,-0.2000
pos,360,-0.6589,-1.0997,1.3490,-0.6991
input,360,-0.0029,0.4143,-0.1223,0.0001
target,360,-0.6589,-1.0997,1.3490,-0.6991
param,360,1.0611,0.4471,0.9553,-0.2000
pos,361,-0.6463,-1.1103,1.3495,-0.7009
input,361,-0.0029,0.4081,-0.1205,0.0001
target,361,-0.6463,-1.1103,1.3495,-0.7009
param,361,1.0611,0.4471,0.9553,-0.2000
pos,362,-0.6338,-1.1210,1.3500,-0.7033
input,362,-0.0028,0.4020,-0.1187,-0.0149
target,362,-0.6338,-1.1210,1.3500,-0.7033
param,362,1.0611,0.4471,0.9553,-0.2000
pos,363,-0.6213,-1.1316,1.3505,-0.7051
input,363,-0.0028,0.3960,-0.1169,-0.0296
target,363,-0.6213,-1.1316,1.3505,-0.7051
param,363,1.0611,0.4471,0.9553,-0.2000
pos,364,-0.6092,-1.1423,1.3507,-0.7053
input,364,-0.0027,0.3900,-0.1151,-0.0442
target,364,-0.6092,-1.1423,1.3507,-0.7053
param,364,1.0611,0.4471,0.9554,-0.2000
pos,365,-0.5972,-1.1526,1.3510,-0.7080
input,365,-0.0027,0.3842,-0.1134,-0.0585
target,365,-0.5972,-1.1526,1.3510,-0.7080
param,365,1.0611,0.4471,0.9554,-0.2000
pos,366,-0.5856,-1.1628,1.3512,-0.7115
input,366,-0.0027,0.3784,-0.1117,-0.0727
target,366,-0.5856,-1.1628,1.3512,-0.7115
param,366,1.0611,0.4471,0.9554,-0.2000
pos,367,-0.5741,-1.1729,1.3515,-0.7153
input,367,-0.0026,0.3727,-0.1100,-0.0866
target,367,-0.5741,-1.1729,1.3515,-0.7153
param,367,1.0611,0.4471,0.9554,-0.2000
pos,368,-0.5628,-1.1828,1.3517,-0.7176
input,368,-0.0026,0.3671,-0.1084,-0.1003
target,368,-0.5628,-1.1828,1.3517,-0.7176
param,368,1.0611,0.4471,0.9554,-0.2000
pos,369,-0.5516,-1.1925,1.3520,-0.7206
input,369,-0.0025,0.3616,-0.1068,-0.1138
target,369,-0.5516,-1.1925,1.3520,-0.7206
param,369,1.0611,0.4471,0.9554,-0.2000
pos,370,-0.5406,-1.2018,1.3524,-0.7231
input,370,-0.0025,0.3562,-0.1052,-0.1271
target,370,-0.5406,-1.2018,1.3524,-0.7231
param,370,1.0611,0.4471,0.9554,-0.2000
pos,371,-0.5296,-1.2111,1.3529,-0.7251
input,371,-0.0025,0.3509,-0.1036,-0.1401
target,371,-0.5296,-1.2111,1.3529,-0.7251
param,371,1.0611,0.4471,0.9554,-0.2000
pos,372,-0.5188,-1.2203,1.3533,-0.7268
input,372,-0.0024,0.3456,-0.1020,-0.1530
target,372,-0.5188,-1.2203,1.3533,-0.7268
param,372,1.0611,0.4471,0.9554,-0.2000
pos,373,-0.5081,-1.2296,1.3536,-0.7280
input,373,-0.0024,0.3404,-0.1005,-0.1658
target,373,-0.5081,-1.2296,1.3536,-0.7280
param,373,1.0611,0.4471,0.9554,-0.2000
pos,374,-0.4975,-1.2387,1.3540,-0.7308
input,374,-0.0024,0.3353,-0.0990,-0.1783
target,374,-0.4975,-1.2387,1.3540,-0.7308
param,374,1.0611,0.4471,0.9554,-0.2000
pos,375,-0.4870,-1.2479,1.3543,-0.7339
input,375,-0.0023,0.3303,-0.0975,-0.1906
target,375,-0.4870,-1.2479,1.3543,-0.7339
param,375,1.0611,0.4471,0.9554,-0.2000
pos,376,-0.4765,-1.2566,1.3550,-0.7350
input,376,-0.0023,0.3253,-0.0960,-0.2027
target,376,-0.4765,-1.2566,1.3550,-0.7350
param,376,1.0611,0.4471,0.9554,-0.2000
pos,377,-0.4661,-1.2654,1.3556,-0.7359
input,377,-0.0023,0.3205,-0.0946,-0.2147
target,377,-0.4661,-1.2654,1.3556,-0.7359
param,377,1.0611,0.4471,0.9554,-0.2000
pos,378,-0.4559,-1.2743,1.3562,-0.7347
input,378,-0.0022,0.3156,-0.0932,-0.2265
target,378,-0.4559,-1.2743,1.3562,-0.7347
param,378,1.0611,0.4471,0.9554,-0.2000
pos,379,-0.4463,-1.2827,1.3568,-0.7324
input,379,-0.0022,0.3109,-0.0918,-0.2381
target,379,-0.4463,-1.2827,1.3568,-0.7324
param,379,1.0611,0.4471,0.9554,-0.2000
pos,380,-0.4359,-1.2918,1.3570,-0.7335
input,380,-0.0022,0.3062,-0.0904,-0.2495
target,380,-0.4359,-1.2918,1.3570,-0.7335
param,380,1.0611,0.4471,0.9554,-0.2000
pos,381,-0.4256,-1.3014,1.3570,-0.7313
input,381,-0.0021,0.3017,-0.0891,-0.2608
target,381,-0.4256,-1.3014,1.3570,-0.7313
param,381,1.0611,0.4471,0.9554,-0.2000
pos,382,-0.4153,-1.3101,1.3576,-0.7332
input,382,-0.0021,0.2971,-0.0877,-0.2718
target,382,-0.4153,-1.3101,1.3576,-0.7332
param,382,1.0611,0.4471,0.9554,-0.2000
pos,383,-0.4050,-1.3188,1.3581,-0.7343
input,383,-0.0021,0.2927,-0.0864,-0.2828
target,383,-0.4050,-1.3188,1.3581,-0.7343
param,383,1.0611,0.4471,0.9554,-0.2000
pos,384,-0.3948,-1.3276,1.3586,-0.7358
input,384,-0.0020,0.2883,-0.0851,-0.2935
target,384,-0.3948,-1.3276,1.3586,-0.7358
param,384,1.0611,0.4471,0.9554,-0.2000
pos,385,-0.3847,-1.3363,1.3590,-0.7372
input,385,-0.0020,0.2840,-0.0838,-0.3041
target,385,-0.3847,-1.3363,1.3590,-0.7372
param,385,1.0611,0.4471,0.9554,-0.2000
pos,386,-0.3746,-1.3455,1.3590,-0.7403
input,386,-0.0020,0.2797,-0.0826,-0.3146
target,386,-0.3746,-1.3455,1.3590,-0.7403
param,386,1.0611,0.4471,0.9554,-0.2000
pos,387,-0.3646,-1.3549,1.3589,-0.7387
input,387,-0.0019,0.2755,-0.0813,-0.3248
target,387,-0.3646,-1.3549,1.3589,-0.7387
param,387,1.0611,0.4471,0.9554,-0.2000
pos,388,-0.3547,-1.3644,1.3587,-0.7354
input,388,-0.0019,0.2714,-0.0801,-0.3350
target,388,-0.3547,-1.3644,1.3587,-0.7354
param,388,1.0611,0.4471,0.9554,-0.2000
pos,389,-0.3447,-1.3733,1.3587,-0.7376
input,389,-0.0019,0.2673,-0.0789,-0.3449
target,389,-0.3447,-1.3733,1.3587,-0.7376
param,389,1.0611,0.4471,0.9554,-0.2000
pos,390,-0.3348,-1.3822,1.3586,-0.7403
input,390,-0.0019,0.2633,-0.0777,-0.3548
target,390,-0.3348,-1.3822,1.3586,-0.7403
param,390,1.0611,0.4471,0.9554,-0.2000
pos,391,-0.3250,-1.3911,1.3584,-0.7435
input,391,-0.0018,0.2593,-0.0766,-0.3645
target,391,-0.3250,-1.3911,1.3584,-0.7435
param,391,1.0611,0.4471,0.9554,-0.2000
pos,392,-0.3151,-1.3998,1.3584,-0.7421
input,392,-0.0018,0.2554,-0.0754,-0.3740
target,392,-0.3151,-1.3998,1.3584,-0.7421
param,392,1.0611,0.4471,0.9554,-0.2000
pos,393,-0.3054,-1.4084,1.3583,-0.7421
input,393,-0.0018,0.2516,-0.0743,-0.3834
target,393,-0.3054,-1.4084,1.3583,-0.7421
param,393,1.0611,0.4471,0.9554,-0.2000
pos,394,-0.2958,-1.4170,1.3579,-0.7416
input,394,-0.0017,0.2478,-0.0732,-0.3926
target,394,-0.2958,-1.4170,1.3579,-0.7416
param,394,1.0611,0.4471,0.9554,-0.2000
pos,395,-0.2862,-1.4255,1.3573,-0.7414
input,395,-0.0017,0.2441,-0.0721,-0.4017
target,395,-0.2862,-1.4255,1.3573,-0.7414
param,395,1.0611,0.4471,0.9554,-0.2000
pos,396,-0.2767,-1.4340,1.3566,-0.7414
input,396,-0.0017,0.2405,-0.0710,-0.4107
target,396,-0.2767,-1.4340,1.3566,-0.7414
param,396,1.0611,0.4471,0.9554,-0.2000
pos,397,-0.2671,-1.4428,1.3553,-0.7434
input,397,-0.0017,0.2369,-0.0699,-0.4195
target,397,-0.2671,-1.4428,1.3553,-0.7434
param,397,1.0611,0.4471,0.9554,-0.2000
pos,398,-0.2577,-1.4513,1.3540,-0.7452
input,398,-0.0016,0.2333,-0.0689,-0.4283
target,398,-0.2577,-1.4513,1.3540,-0.7452
param,398,1.0611,0.4471,0.9554,-0.2000
pos,399,-0.2483,-1.4598,1.3524,-0.7474
input,399,-0.0016,0.2298,-0.0678,-0.4368
target,399,-0.2483,-1.4598,1.3524,-0.7474
param,399,1.0611,0.4471,0.9554,-0.2000
pos,400,-0.2397,-1.4677,1.3509,-0.7491
input,400,-0.0016,0.2264,-0.0668,-0.4453
target,400,-0.2397,-1.4677,1.3509,-0.7491
param,400,1.0611,0.4471,0.9554,-0.2000
pos,401,-0.2304,-1.4762,1.3491,-0.7501
input,401,-0.0016,0.2230,-0.0658,-0.4536
target,401,-0.2304,-1.4762,1.3491,-0.7501
param,401,1.0611,0.4471,0.9554,-0.2000
pos,402,-0.2212,-1.4847,1.3470,-0.7522
input,402,-0.0015,0.2196,-0.0648,-0.4618
target,402,-0.2212,-1.4847,1.3470,-0.7522
param,402,1.0611,0.4471,0.9554,-0.2000
pos,403,-0.2121,-1.4930,1.3450,-0.7539
input,403,-0.0015,0.2163,-0.0639,-0.4699
target,403,-0.2121,-1.4930,1.3450,-0.7539
param,403,1.0611,0.4471,0.9554,-0.2000
pos,404,-0.2037,-1.5006,1.3430,-0.7552
input,404,-0.0015,0.2131,-0.0629,-0.4778
target,404,-0.2037,-1.5006,1.3430,-0.7552
param,404,1.0611,0.4471,0.9554,-0.2000
pos,405,-0.1947,-1.5087,1.3408,-0.7566
input,405,-0.0015,0.2099,-0.0620,-0.4857
target,405,-0.1947,-1.5087,1.3408,-0.7566
param,405,1.0611,0.4471,0.9554,-0.2000
pos,406,-0.1859,-1.5164,1.3392,-0.7566
input,406,-0.0015,0.2067,-0.0610,-0.4934
target,406,-0.1859,-1.5164,1.3392,-0.7566
param,406,1.0611,0.4471,0.9554,-0.2000
pos,407,-0.1775,-1.5249,1.3369,-0.7529
input,407,-0.0014,0.2036,-0.0601,-0.5010
target,407,-0.1775,-1.5249,1.3369,-0.7529
param,407,1.0611,0.4471,0.9554,-0.2000
pos,408,-0.1687,-1.5327,1.3345,-0.7490
input,408,-0.0014,0.2006,-0.0592,-0.5085
target,408,-0.1687,-1.5327,1.3345,-0.7490
param,408,1.0611,0.4471,0.9554,-0.2000
pos,409,-0.1607,-1.5398,1.3322,-0.7510
input,409,-0.0014,0.1976,-0.0583,-0.5158
target,409,-0.1607,-1.5398,1.3322,-0.7510
param,409,1.0611,0.4471,0.9554,-0.2000
pos,410,-0.1524,-1.5474,1.3299,-0.7533
input,410,-0.0014,0.1946,-0.0575,-0.5231
target,410,-0.1524,-1.5474,1.3299,-0.7533
param,410,1.0611,0.4471,0.9554,-0.2000
pos,411,-0.1442,-1.5546,1.3277,-0.7533
input,411,-0.0014,0.1917,-0.0566,-0.5302
target,411,-0.1442,-1.5546,1.3277,-0.7533
param,411,1.0611,0.4471,0.9554,-0.2000
pos,412,-0.1363,-1.5617,1.3255,-0.7534
input,412,-0.0013,0.1888,-0.0557,-0.5373
target,412,-0.1363,-1.5617,1.3255,-0.7534
param,412,1.0611,0.4471,0.9554,-0.2000
pos,413,-0.1285,-1.5688,1.3232,-0.7533
input,413,-0.0013,0.1860,-0.0549,-0.5442
target,413,-0.1285,-1.5688,1.3232,-0.7533
param,413,1.0611,0.4471,0.9554,-0.2000
pos,414,-0.1208,-1.5757,1.3207,-0.7537
input,414,-0.0013,0.1832,-0.0541,-0.5511
target,414,-0.1208,-1.5757,1.3207,-0.7537
param,414,1.0611,0.4471,0.9554,-0.2000
pos,415,-0.1134,-1.5826,1.3182,-0.7541
input,415,-0.0013,0.1804,-0.0533,-0.5578
target,415,-0.1134,-1.5826,1.3182,-0.7541
param,415,1.0611,0.4471,0.9554,-0.2000
pos,416,-0.1060,-1.5894,1.3155,-0.7542
input,416,-0.0013,0.1777,-0.0525,-0.5644
target,416,-0.1060,-1.5894,1.3155,-0.7542
param,416,1.0611,0.4471,0.9554,-0.2000
pos,417,-0.0988,-1.5962,1.3123,-0.7565
input,417,-0.0012,0.1751,-0.0517,-0.5710
target,417,-0.0988,-1.5962,1.3123,-0.7565
param,417,1.0611,0.4471,0.9554,-0.2000
pos,418,-0.0917,-1.6028,1.3090,-0.7584
input,418,-0.0012,0.1724,-0.0509,-0.5774
target,418,-0.0917,-1.6028,1.3090,-0.7584
param,418,1.0611,0.4471,0.9554,-0.2000
pos,419,-0.0852,-1.6089,1.3057,-0.7611
input,419,-0.0012,0.1699,-0.0501,-0.5837
target,419,-0.0852,-1.6089,1.3057,-0.7611
param,419,1.0611,0.4471,0.9554,-0.2000
pos,420,-0.0787,-1.6159,1.3019,-0.7639
input,420,-0.0012,0.1673,-0.0494,-0.5900
target,420,-0.0787,-1.6159,1.3019,-0.7639
param,420,1.0611,0.4471,0.9554,-0.2000
pos,421,-0.0722,-1.6228,1.2979,-0.7604
input,421,-0.0012,0.1648,-0.0487,-0.5961
target,421,-0.0722,-1.6228,1.2979,-0.7604
param,421,1.0611,0.4471,0.9554,-0.2000
pos,422,-0.0659,-1.6294,1.2937,-0.7568
input,422,-0.0011,0.1623,-0.0479,-0.6022
target,422,-0.0659,-1.6294,1.2937,-0.7568
param,422,1.0611,0.4471,0.9554,-0.2000
pos,423,-0.0596,-1.6358,1.2895,-0.7529
input,423,-0.0011,0.1599,-0.0472,-0.6082
target,423,-0.0596,-1.6358,1.2895,-0.7529
param,423,1.0611,0.4471,0.9554,-0.2000
pos,424,-0.0535,-1.6421,1.2848,-0.7502
input,424,-0.0011,0.1575,-0.0465,-0.6140
target,424,-0.0535,-1.6421,1.2848,-0.7502
param,424,1.0611,0.4471,0.9554,-0.2000
pos,425,-0.0475,-1.6484,1.2800,-0.7469
input,425,-0.0011,0.1551,-0.0458,-0.6198
target,425,-0.0475,-1.6484,1.2800,-0.7469
param,425,1.0611,0.4471,0.9554,-0.2000
pos,426,-0.0416,-1.6544,1.2750,-0.7443
input,426,-0.0011,0.1528,-0.0451,-0.6255
target,426,-0.0416,-1.6544,1.2750,-0.7443
param,426,1.0611,0.4472,0.9554,-0.2000
pos,427,-0.0357,-1.6595,1.2702,-0.7457
input,427,-0.0011,0.1505,-0.0444,-0.6311
target,427,-0.0357,-1.6595,1.2702,-0.7457
param,427,1.0611,0.4472,0.9554,-0.2000
pos,428,-0.0302,-1.6642,1.2655,-0.7471
input,428,-0.0010,0.1483,-0.0438,-0.6367
target,428,-0.0302,-1.6642,1.2655,-0.7471
param,428,1.0611,0.4472,0.9554,-0.2000
pos,429,-0.0245,-1.6694,1.2601,-0.7482
input,429,-0.0010,0.1460,-0.0431,-0.6421
target,429,-0.0245,-1.6694,1.2601,-0.7482
param,429,1.0611,0.4472,0.9554,-0.2000
pos,430,-0.0192,-1.6741,1.2549,-0.7497
input,430,-0.0010,0.1438,-0.0425,-0.6475
target,430,-0.0192,-1.6741,1.2549,-0.7497
param,430,1.0611,0.4472,0.9554,-0.2000
pos,431,-0.0137,-1.6792,1.2490,-0.7510
input,431,-0.0010,0.1417,-0.0418,-0.6528
target,431,-0.0137,-1.6792,1.2490,-0.7510
param,431,1.0611,0.4472,0.9554,-0.2000
pos,432,-0.0082,-1.6842,1.2427,-0.7543
input,432,-0.0010,0.1396,-0.0412,-0.6580
target,432,-0.0082,-1.6842,1.2427,-0.7543
param,432,1.0611,0.4472,0.9554,-0.2000
pos,433,-0.0029,-1.6895,1.2360,-0.7569
input,433,-0.0010,0.1375,-0.0406,-0.6631
target,433,-0.0029,-1.6895,1.2360,-0.7569
param,433,1.0611,0.4472,0.9554,-0.2000
pos,434,0.0023,-1.6943,1.2293,-0.7597
input,434,-0.0010,0.1354,-0.0400,-0.6682
target,434,0.0023,-1.6943,1.2293,-0.7597
param,434,1.0611,0.4472,0.9554,-0.2000
pos,435,0.0070,-1.6986,1.2231,-0.7606
input,435,-0.0009,0.1334,-0.0394,-0.6732
target,435,0.0070,-1.6986,1.2231,-0.7606
param,435,1.0611,0.4473,0.9554,-0.2000
pos,436,0.0110,-1.7021,1.2175,-0.7615
input,436,-0.0009,0.1314,-0.0388,-0.6781
target,436,0.0110,-1.7021,1.2175,-0.7615
param,436,1.0611,0.4473,0.9554,-0.2000
pos,437,0.0157,-1.7067,1.2104,-0.7628
input,437,-0.0009,0.1294,-0.0382,-0.6829
target,437,0.0157,-1.7067,1.2104,-0.7628
param,437,1.0611,0.4473,0.9554,-0.2000
pos,438,0.0202,-1.7113,1.2030,-0.7641
input,438,-0.0009,0.1275,-0.0376,-0.6876
target,438,0.0202,-1.7113,1.2030,-0.7641
param,438,1.0611,0.4473,0.9554,-0.2000
pos,439,0.0247,-1.7157,1.1954,-0.7656
input,439,-0.0009,0.1255,-0.0371,-0.6923
target,439,0.0247,-1.7157,1.1954,-0.7656
param,439,1.0611,0.4473,0.9554,-0.2000
pos,440,0.0295,-1.7204,1.1871,-0.7669
input,440,-0.0009,0.1237,-0.0365,-0.6969
target,440,0.0295,-1.7204,1.1871,-0.7669
param,440,1.0611,0.4474,0.9554,-0.2000
pos,441,0.0341,-1.7250,1.1786,-0.7680
input,441,-0.0009,0.1218,-0.0360,-0.7015
target,441,0.0341,-1.7250,1.1786,-0.7680
param,441,1.0611,0.4474,0.9554,-0.2000
pos,442,0.0387,-1.7294,1.1699,-0.7692
input,442,-0.0008,0.1200,-0.0354,-0.7060
target,442,0.0387,-1.7294,1.1699,-0.7692
param,442,1.0611,0.4474,0.9554,-0.2000
pos,443,0.0431,-1.7338,1.1611,-0.7704
input,443,-0.0008,0.1182,-0.0349,-0.7104
target,443,0.0431,-1.7338,1.1611,-0.7704
param,443,1.0611,0.4475,0.9554,-0.2000
pos,444,0.0474,-1.7381,1.1520,-0.7717
input,444,-0.0008,0.1164,-0.0344,-0.7147
target,444,0.0474,-1.7381,1.1520,-0.7717
param,444,1.0611,0.4475,0.9554,-0.2000
pos,445,0.0516,-1.7423,1.1428,-0.7726
input,445,-0.0008,0.1147,-0.0339,-0.7190
target,445,0.0516,-1.7423,1.1428,-0.7726
param,445,1.0611,0.4475,0.9554,-0.2000
pos,446,0.0556,-1.7465,1.1335,-0.7738
input,446,-0.0008,0.1129,-0.0333,-0.7232
target,446,0.0556,-1.7465,1.1335,-0.7738
param,446,1.0611,0.4476,0.9554,-0.2000
pos,447,0.0596,-1.7506,1.1241,-0.7746
input,447,-0.0008,0.1112,-0.0328,-0.7274
target,447,0.0596,-1.7506,1.1241,-0.7746
param,447,1.0611,0.4476,0.9554,-0.2000
pos,448,0.0635,-1.7545,1.1147,-0.7756
input,448,-0.0008,0.1096,-0.0323,-0.7315
target,448,0.0635,-1.7545,1.1147,-0.7756
param,448,1.0611,0.4476,0.9554,-0.2000
pos,449,0.0670,-1.7581,1.1057,-0.7767
input,449,-0.0008,0.1079,-0.0319,-0.7355
target,449,0.0670,-1.7581,1.1057,-0.7767
param,449,1.0611,0.4477,0.9554,-0.2000
pos,450,0.0708,-1.7622,1.0956,-0.7794
input,450,-0.0007,0.1063,-0.0314,-0.7395
target,450,0.0708,-1.7622,1.0956,-0.7794
param,450,1.0611,0.4477,0.9554,-0.2000
