pos,0,-2.0491,-3.1753,1.2249,0.0129
input,0,-0.1488,0.0550,-0.0099,0.0722
target,0,-2.0000,-3.0000,1.3000,0.0000
param,0,1.0611,0.4471,0.9554,-0.1670
pos,1,-2.0458,-3.1731,1.2251,0.0132
input,1,-0.1488,0.0550,-0.0099,0.0722
target,1,-2.0000,-1.5000,1.3000,0.0000
param,1,1.0611,0.4471,0.9554,-0.1670
pos,2,-2.0430,-3.1713,1.2253,0.0134
input,2,-0.1465,0.0550,-0.0111,0.0730
target,2,-2.0000,-1.5000,1.3000,0.0000
param,2,1.0611,0.4471,0.9554,-0.1670
pos,3,-2.0406,-3.1697,1.2255,0.0136
input,3,-0.1442,0.0548,-0.0123,0.0737
target,3,-2.0000,-1.5000,1.3000,0.0000
param,3,1.0611,0.4471,0.9554,-0.1670
pos,4,-2.0385,-3.1684,1.2257,0.0137
input,4,-0.3726,-0.0778,0.0088,-0.0017
target,4,-2.0000,-1.5000,1.3000,0.0000
param,4,1.0611,0.4471,0.9554,-0.1670
pos,5,-2.0367,-3.1672,1.2258,0.0139
input,5,-0.3864,-0.0857,-0.0264,-0.0404
target,5,-2.0000,-1.5000,1.3000,0.0000
param,5,1.0611,0.4471,0.9554,-0.1670
pos,6,-2.0353,-3.1662,1.2260,0.0139
input,6,-0.3864,-0.0857,-0.0264,-0.0404
target,6,-2.0000,-1.5000,1.3000,0.0000
param,6,1.0611,0.4471,0.9554,-0.1670
pos,7,-2.0341,-3.1653,1.2261,0.0140
input,7,-0.3864,-0.0857,-0.0264,-0.0404
target,7,-2.0000,-1.5000,1.3000,0.0000
param,7,1.0611,0.4471,0.9554,-0.1670
pos,8,-2.0310,-3.1626,1.2264,0.0139
input,8,-0.3864,-0.0857,-0.0264,-0.0404
target,8,-2.0000,-1.5000,1.3000,0.0000
param,8,1.0611,0.4471,0.9554,-0.1670
pos,9,-2.0281,-3.1599,1.2266,0.0139
input,9,-0.3826,-0.0767,-0.0260,-0.0402
target,9,-2.0000,-1.5000,1.3000,0.0000
param,9,1.0611,0.4471,0.9554,-0.1670
pos,10,-2.0256,-3.1577,1.2268,0.0139
input,10,-0.3826,-0.0767,-0.0260,-0.0402
target,10,-2.0000,-1.5000,1.3000,0.0000
param,10,1.0611,0.4471,0.9554,-0.1670
pos,11,-2.0228,-3.1550,1.2271,0.0142
input,11,-0.3826,-0.0767,-0.0260,-0.0402
target,11,-2.0000,-1.5000,1.3000,0.0000
param,11,1.0611,0.4471,0.9554,-0.1670
pos,12,-2.0205,-3.1527,1.2274,0.0146
input,12,-0.3826,-0.0767,-0.0260,-0.0402
target,12,-2.0000,-1.5000,1.3000,0.0000
param,12,1.0611,0.4471,0.9554,-0.1670
pos,13,-2.0184,-3.1507,1.2277,0.0149
input,13,-0.3826,-0.0767,-0.0260,-0.0402
target,13,-2.0000,-1.5000,1.3000,0.0000
param,13,1.0611,0.4471,0.9554,-0.1670
pos,14,-2.0168,-3.1490,1.2279,0.0151
input,14,-0.3801,-0.0695,-0.0239,-0.0391
target,14,-2.0000,-1.5000,1.3000,0.0000
param,14,1.0611,0.4471,0.9554,-0.1670
pos,15,-2.0153,-3.1475,1.2282,0.0153
input,15,-0.3801,-0.0695,-0.0239,-0.0391
target,15,-2.0000,-1.5000,1.3000,0.0000
param,15,1.0611,0.4471,0.9554,-0.1670
pos,16,-2.0142,-3.1462,1.2284,0.0154
input,16,-0.3801,-0.0695,-0.0239,-0.0391
target,16,-2.0000,-1.5000,1.3000,0.0000
param,16,1.0611,0.4471,0.9554,-0.1670
pos,17,-2.0133,-3.1451,1.2286,0.0155
input,17,-0.3801,-0.0695,-0.0239,-0.0391
target,17,-2.0000,-1.5000,1.3000,0.0000
param,17,1.0611,0.4471,0.9554,-0.1670
pos,18,-2.0121,-3.1438,1.2288,0.0154
input,18,-0.3777,-0.0625,-0.0217,-0.0383
target,18,-2.0000,-1.5000,1.3000,0.0000
param,18,1.0611,0.4471,0.9554,-0.1670
pos,19,-2.0111,-3.1427,1.2289,0.0152
input,19,-0.3777,-0.0625,-0.0217,-0.0383
target,19,-2.0000,-1.5000,1.3000,0.0000
param,19,1.0611,0.4471,0.9554,-0.1670
pos,20,-2.0163,-3.1394,1.2285,0.0155
input,20,-0.3777,-0.0625,-0.0217,-0.0383
target,20,-2.0000,-1.5000,1.3000,0.0000
param,20,1.0611,0.4471,0.9554,-0.1670
pos,21,-2.0193,-3.1340,1.2276,0.0141
input,21,-0.3777,-0.0625,-0.0217,-0.0383
target,21,-2.0000,-1.5000,1.3000,0.0000
param,21,1.0611,0.4471,0.9554,-0.1670
pos,22,-2.0219,-3.1294,1.2268,0.0128
input,22,-0.3777,-0.0625,-0.0217,-0.0383
target,22,-2.0000,-1.5000,1.3000,0.0000
param,22,1.0611,0.4471,0.9554,-0.1670
pos,23,-2.0234,-3.1244,1.2261,0.0121
input,23,-0.3777,-0.0625,-0.0217,-0.0383
target,23,-2.0000,-1.5000,1.3000,0.0000
param,23,1.0611,0.4471,0.9554,-0.1670
pos,24,-2.0247,-3.1200,1.2254,0.0114
input,24,-0.3777,-0.0625,-0.0217,-0.0383
target,24,-2.0000,-1.5000,1.3000,0.0000
param,24,1.0611,0.4471,0.9554,-0.1670
pos,25,-2.0246,-3.1148,1.2249,0.0108
input,25,-0.3777,-0.0625,-0.0217,-0.0383
target,25,-2.0000,-1.5000,1.3000,0.0000
param,25,1.0611,0.4471,0.9554,-0.1670
pos,26,-2.0244,-3.1101,1.2244,0.0102
input,26,-0.3777,-0.0625,-0.0217,-0.0383
target,26,-2.0000,-1.5000,1.3000,0.0000
param,26,1.0611,0.4471,0.9554,-0.1670
pos,27,-2.0241,-3.1061,1.2240,0.0098
input,27,-0.3777,-0.0625,-0.0217,-0.0383
target,27,-2.0000,-1.5000,1.3000,0.0000
param,27,1.0611,0.4471,0.9554,-0.1670
pos,28,-2.0240,-3.1026,1.2236,0.0094
input,28,-0.3777,-0.0625,-0.0217,-0.0383
target,28,-2.0000,-1.5000,1.3000,0.0000
param,28,1.0611,0.4471,0.9554,-0.1670
pos,29,-2.0230,-3.0982,1.2233,0.0091
input,29,-0.3777,-0.0625,-0.0217,-0.0383
target,29,-2.0000,-1.5000,1.3000,0.0000
param,29,1.0611,0.4471,0.9554,-0.1670
pos,30,-2.0219,-3.0944,1.2230,0.0099
input,30,-0.3777,-0.0625,-0.0217,-0.0383
target,30,-2.0000,-1.5000,1.3000,0.0000
param,30,1.0611,0.4471,0.9554,-0.1670
pos,31,-2.0210,-3.0911,1.2227,0.0107
input,31,-0.3777,-0.0625,-0.0217,-0.0383
target,31,-2.0000,-1.5000,1.3000,0.0000
param,31,1.0611,0.4471,0.9554,-0.1670
pos,32,-2.0202,-3.0883,1.2225,0.0115
input,32,-0.3777,-0.0625,-0.0217,-0.0383
target,32,-2.0000,-1.5000,1.3000,0.0000
param,32,1.0611,0.4471,0.9554,-0.1670
pos,33,-2.0193,-3.0856,1.2224,0.0115
input,33,-0.3777,-0.0625,-0.0217,-0.0383
target,33,-2.0000,-1.5000,1.3000,0.0000
param,33,1.0611,0.4471,0.9554,-0.1670
pos,34,-2.0175,-3.0818,1.2221,0.0107
input,34,-0.3777,-0.0625,-0.0217,-0.0383
target,34,-2.0000,-1.5000,1.3000,0.0000
param,34,1.0611,0.4471,0.9554,-0.1670
pos,35,-2.0159,-3.0784,1.2218,0.0098
input,35,-0.3777,-0.0625,-0.0217,-0.0383
target,35,-2.0000,-1.5000,1.3000,0.0000
param,35,1.0611,0.4471,0.9554,-0.1670
pos,36,-2.0144,-3.0754,1.2216,0.0091
input,36,-0.3777,-0.0625,-0.0217,-0.0383
target,36,-2.0000,-1.5000,1.3000,0.0000
param,36,1.0611,0.4471,0.9554,-0.1670
pos,37,-2.0132,-3.0729,1.2214,0.0084
input,37,-0.3777,-0.0625,-0.0217,-0.0383
target,37,-2.0000,-1.5000,1.3000,0.0000
param,37,1.0611,0.4471,0.9554,-0.1670
pos,38,-2.0121,-3.0707,1.2212,0.0078
input,38,-0.3777,-0.0625,-0.0217,-0.0383
target,38,-2.0000,-1.5000,1.3000,0.0000
param,38,1.0611,0.4471,0.9554,-0.1670
pos,39,-2.0112,-3.0688,1.2211,0.0072
input,39,-0.3777,-0.0625,-0.0217,-0.0383
target,39,-2.0000,-1.5000,1.3000,0.0000
param,39,1.0611,0.4471,0.9554,-0.1670
pos,40,-2.0103,-3.0671,1.2210,0.0070
input,40,-0.3777,-0.0625,-0.0217,-0.0383
target,40,-2.0000,-1.5000,1.3000,0.0000
param,40,1.0611,0.4471,0.9554,-0.1670
pos,41,-2.0084,-3.0635,1.2208,0.0070
input,41,-0.3777,-0.0625,-0.0217,-0.0383
target,41,-2.0000,-1.5000,1.3000,0.0000
param,41,1.0611,0.4471,0.9554,-0.1670
pos,42,-2.0068,-3.0605,1.2206,0.0070
input,42,-0.3777,-0.0625,-0.0217,-0.0383
target,42,-2.0000,-1.5000,1.3000,0.0000
param,42,1.0610,0.4471,0.9554,-0.1670
pos,43,-2.0054,-3.0578,1.2205,0.0071
input,43,-0.3777,-0.0625,-0.0217,-0.0383
target,43,-2.0000,-1.5000,1.3000,0.0000
param,43,1.0610,0.4471,0.9554,-0.1670
pos,44,-2.0040,-3.0553,1.2204,0.0073
input,44,-0.3777,-0.0625,-0.0217,-0.0383
target,44,-2.0000,-1.5000,1.3000,0.0000
param,44,1.0610,0.4471,0.9554,-0.1670
pos,45,-2.0023,-3.0523,1.2202,0.0064
input,45,-0.3777,-0.0625,-0.0217,-0.0383
target,45,-2.0000,-1.5000,1.3000,0.0000
param,45,1.0610,0.4471,0.9554,-0.1670
pos,46,-2.0008,-3.0495,1.2200,0.0050
input,46,-0.3777,-0.0625,-0.0217,-0.0383
target,46,-2.0000,-1.5000,1.3000,0.0000
param,46,1.0610,0.4471,0.9554,-0.1670
pos,47,-1.9993,-3.0466,1.2197,0.0037
input,47,-0.3777,-0.0625,-0.0217,-0.0383
target,47,-2.0000,-1.5000,1.3000,0.0000
param,47,1.0610,0.4471,0.9554,-0.1670
pos,48,-1.9980,-3.0442,1.2196,0.0024
input,48,-0.3777,-0.0625,-0.0217,-0.0383
target,48,-2.0000,-1.5000,1.3000,0.0000
param,48,1.0610,0.4471,0.9554,-0.1670
pos,49,-1.9969,-3.0418,1.2195,0.0021
input,49,-0.3777,-0.0625,-0.0217,-0.0383
target,49,-2.0000,-1.5000,1.3000,0.0000
param,49,1.0610,0.4471,0.9554,-0.1670
pos,50,-1.9960,-3.0394,1.2196,-0.0007
input,50,-0.3799,-0.0689,-0.0143,-0.0330
target,50,-2.0000,-1.5000,1.3000,0.0000
param,50,1.0610,0.4471,0.9554,-0.1670
pos,51,-1.9952,-3.0372,1.2198,-0.0034
input,51,-0.3799,-0.0689,-0.0143,-0.0330
target,51,-2.0000,-1.5000,1.3000,0.0000
param,51,1.0610,0.4471,0.9554,-0.1670
pos,52,-1.9946,-3.0354,1.2199,-0.0060
input,52,-0.3799,-0.0689,-0.0143,-0.0330
target,52,-2.0000,-1.5000,1.3000,0.0000
param,52,1.0610,0.4471,0.9554,-0.1670
pos,53,-1.9940,-3.0338,1.2200,-0.0084
input,53,-0.3799,-0.0689,-0.0143,-0.0330
target,53,-2.0000,-1.5000,1.3000,0.0000
param,53,1.0610,0.4471,0.9554,-0.1670
pos,54,-1.9934,-3.0326,1.2200,-0.0077
input,54,-0.3799,-0.0689,-0.0143,-0.0330
target,54,-2.0000,-1.5000,1.3000,0.0000
param,54,1.0610,0.4471,0.9554,-0.1670
pos,55,-1.9926,-3.0308,1.2199,-0.0072
input,55,-0.3799,-0.0689,-0.0143,-0.0330
target,55,-2.0000,-1.5000,1.3000,0.0000
param,55,1.0610,0.4471,0.9554,-0.1670
pos,56,-1.9919,-3.0292,1.2198,-0.0068
input,56,-0.3799,-0.0689,-0.0143,-0.0330
target,56,-2.0000,-1.5000,1.3000,0.0000
param,56,1.0610,0.4471,0.9554,-0.1670
pos,57,-1.9914,-3.0278,1.2197,-0.0062
input,57,-0.3799,-0.0689,-0.0143,-0.0330
target,57,-2.0000,-1.5000,1.3000,0.0000
param,57,1.0610,0.4471,0.9554,-0.1670
pos,58,-1.9909,-3.0265,1.2196,-0.0054
input,58,-0.3799,-0.0689,-0.0143,-0.0330
target,58,-2.0000,-1.5000,1.3000,0.0000
param,58,1.0610,0.4471,0.9554,-0.1670
pos,59,-1.9905,-3.0253,1.2195,-0.0049
input,59,-0.3799,-0.0689,-0.0143,-0.0330
target,59,-2.0000,-1.5000,1.3000,0.0000
param,59,1.0610,0.4471,0.9554,-0.1670
pos,60,-1.9901,-3.0242,1.2195,-0.0043
input,60,-0.3799,-0.0689,-0.0143,-0.0330
target,60,-2.0000,-1.5000,1.3000,0.0000
param,60,1.0610,0.4471,0.9554,-0.1670
pos,61,-1.9899,-3.0231,1.2194,-0.0035
input,61,-0.3799,-0.0689,-0.0143,-0.0330
target,61,-2.0000,-1.5000,1.3000,0.0000
param,61,1.0610,0.4471,0.9554,-0.1670
pos,62,-1.9897,-3.0223,1.2194,-0.0020
input,62,-0.3799,-0.0689,-0.0143,-0.0330
target,62,-2.0000,-1.5000,1.3000,0.0000
param,62,1.0610,0.4471,0.9554,-0.1670
pos,63,-1.9895,-3.0215,1.2194,-0.0005
input,63,-0.3799,-0.0689,-0.0143,-0.0330
target,63,-2.0000,-1.5000,1.3000,0.0000
param,63,1.0610,0.4471,0.9554,-0.1670
pos,64,-1.9894,-3.0208,1.2194,0.0001
input,64,-0.3799,-0.0689,-0.0143,-0.0330
target,64,-2.0000,-1.5000,1.3000,0.0000
param,64,1.0610,0.4471,0.9554,-0.1670
pos,65,-1.9893,-3.0201,1.2194,0.0006
input,65,-0.3799,-0.0689,-0.0143,-0.0330
target,65,-2.0000,-1.5000,1.3000,0.0000
param,65,1.0610,0.4471,0.9554,-0.1670
pos,66,-1.9893,-3.0194,1.2194,0.0012
input,66,-0.3799,-0.0689,-0.0143,-0.0330
target,66,-2.0000,-1.5000,1.3000,0.0000
param,66,1.0610,0.4471,0.9554,-0.1670
pos,67,-1.9894,-3.0188,1.2194,0.0019
input,67,-0.3799,-0.0689,-0.0143,-0.0330
target,67,-2.0000,-1.5000,1.3000,0.0000
param,67,1.0610,0.4471,0.9554,-0.1670
pos,68,-1.9894,-3.0183,1.2194,0.0025
input,68,-0.3799,-0.0689,-0.0143,-0.0330
target,68,-2.0000,-1.5000,1.3000,0.0000
param,68,1.0610,0.4471,0.9554,-0.1670
pos,69,-1.9896,-3.0179,1.2195,0.0028
input,69,-0.3799,-0.0689,-0.0143,-0.0330
target,69,-2.0000,-1.5000,1.3000,0.0000
param,69,1.0610,0.4471,0.9554,-0.1670
pos,70,-1.9898,-3.0175,1.2195,0.0034
input,70,-0.3799,-0.0689,-0.0143,-0.0330
target,70,-2.0000,-1.5000,1.3000,0.0000
param,70,1.0610,0.4471,0.9554,-0.1670
pos,71,-1.9901,-3.0172,1.2197,0.0043
input,71,-0.3799,-0.0689,-0.0143,-0.0330
target,71,-2.0000,-1.5000,1.3000,0.0000
param,71,1.0610,0.4471,0.9554,-0.1670
pos,72,-1.9903,-3.0170,1.2198,0.0046
input,72,-0.3799,-0.0689,-0.0143,-0.0330
target,72,-2.0000,-1.5000,1.3000,0.0000
param,72,1.0610,0.4471,0.9554,-0.1670
pos,73,-1.9906,-3.0168,1.2199,0.0049
input,73,-0.3799,-0.0689,-0.0143,-0.0330
target,73,-2.0000,-1.5000,1.3000,0.0000
param,73,1.0610,0.4471,0.9554,-0.1670
pos,74,-1.9908,-3.0166,1.2200,0.0054
input,74,-0.3799,-0.0689,-0.0143,-0.0330
target,74,-2.0000,-1.5000,1.3000,0.0000
param,74,1.0610,0.4471,0.9554,-0.1670
pos,75,-1.9910,-3.0165,1.2201,0.0058
input,75,-0.3799,-0.0689,-0.0143,-0.0330
target,75,-2.0000,-1.5000,1.3000,0.0000
param,75,1.0610,0.4471,0.9554,-0.1670
pos,76,-1.9914,-3.0164,1.2202,0.0059
input,76,-0.3799,-0.0689,-0.0143,-0.0330
target,76,-2.0000,-1.5000,1.3000,0.0000
param,76,1.0610,0.4471,0.9554,-0.1670
pos,77,-1.9917,-3.0164,1.2203,0.0062
input,77,-0.3799,-0.0689,-0.0143,-0.0330
target,77,-2.0000,-1.5000,1.3000,0.0000
param,77,1.0610,0.4471,0.9554,-0.1670
pos,78,-1.9920,-3.0164,1.2204,0.0064
input,78,-0.3799,-0.0689,-0.0143,-0.0330
target,78,-2.0000,-1.5000,1.3000,0.0000
param,78,1.0610,0.4471,0.9554,-0.1670
pos,79,-1.9923,-3.0163,1.2205,0.0067
input,79,-0.3799,-0.0689,-0.0143,-0.0330
target,79,-2.0000,-1.5000,1.3000,0.0000
param,79,1.0610,0.4471,0.9554,-0.1670
pos,80,-1.9925,-3.0163,1.2206,0.0070
input,80,-0.3799,-0.0689,-0.0143,-0.0330
target,80,-2.0000,-1.5000,1.3000,0.0000
param,80,1.0610,0.4471,0.9554,-0.1670
pos,81,-1.9927,-3.0163,1.2207,0.0073
input,81,-0.3799,-0.0689,-0.0143,-0.0330
target,81,-2.0000,-1.5000,1.3000,0.0000
param,81,1.0610,0.4471,0.9554,-0.1670
pos,82,-1.9929,-3.0163,1.2207,0.0075
input,82,-0.3799,-0.0689,-0.0143,-0.0330
target,82,-2.0000,-1.5000,1.3000,0.0000
param,82,1.0610,0.4471,0.9554,-0.1670
pos,83,-1.9930,-3.0163,1.2208,0.0077
input,83,-0.3799,-0.0689,-0.0143,-0.0330
target,83,-2.0000,-1.5000,1.3000,0.0000
param,83,1.0610,0.4471,0.9554,-0.1670
pos,84,-1.9931,-3.0163,1.2209,0.0079
input,84,-0.3799,-0.0689,-0.0143,-0.0330
target,84,-2.0000,-1.5000,1.3000,0.0000
param,84,1.0610,0.4471,0.9554,-0.1670
pos,85,-1.9932,-3.0162,1.2209,0.0080
input,85,-0.3799,-0.0689,-0.0143,-0.0330
target,85,-2.0000,-1.5000,1.3000,0.0000
param,85,1.0610,0.4471,0.9554,-0.1670
pos,86,-1.9933,-3.0162,1.2210,0.0082
input,86,-0.3799,-0.0689,-0.0143,-0.0330
target,86,-2.0000,-1.5000,1.3000,0.0000
param,86,1.0610,0.4471,0.9554,-0.1670
pos,87,-1.9934,-3.0162,1.2210,0.0084
input,87,-0.3799,-0.0689,-0.0143,-0.0330
target,87,-2.0000,-1.5000,1.3000,0.0000
param,87,1.0610,0.4471,0.9554,-0.1670
pos,88,-1.9935,-3.0162,1.2210,0.0085
input,88,-0.3799,-0.0689,-0.0143,-0.0330
target,88,-2.0000,-1.5000,1.3000,0.0000
param,88,1.0610,0.4471,0.9554,-0.1670
pos,89,-1.9935,-3.0162,1.2211,0.0086
input,89,-0.3799,-0.0689,-0.0143,-0.0330
target,89,-2.0000,-1.5000,1.3000,0.0000
param,89,1.0610,0.4471,0.9554,-0.1670
pos,90,-1.9946,-3.0170,1.2214,0.0092
input,90,-0.3799,-0.0689,-0.0143,-0.0330
target,90,-2.0000,-1.5000,1.3000,0.0000
param,90,1.0610,0.4471,0.9554,-0.1670
pos,91,-1.9959,-3.0179,1.2217,0.0095
input,91,-0.3799,-0.0689,-0.0143,-0.0330
target,91,-2.0000,-1.5000,1.3000,0.0000
param,91,1.0610,0.4471,0.9554,-0.1670
pos,92,-1.9970,-3.0188,1.2220,0.0098
input,92,-0.3799,-0.0689,-0.0143,-0.0330
target,92,-2.0000,-1.5000,1.3000,0.0000
param,92,1.0610,0.4471,0.9554,-0.1670
pos,93,-1.9982,-3.0198,1.2223,0.0094
input,93,-0.3799,-0.0689,-0.0143,-0.0330
target,93,-2.0000,-1.5000,1.3000,0.0000
param,93,1.0610,0.4471,0.9554,-0.1670
pos,94,-1.9992,-3.0206,1.2226,0.0087
input,94,-0.3796,-0.0618,-0.0202,-0.0342
target,94,-2.0000,-1.5000,1.3000,0.0000
param,94,1.0610,0.4471,0.9554,-0.1670
pos,95,-2.0001,-3.0213,1.2228,0.0080
input,95,-0.3796,-0.0618,-0.0202,-0.0342
target,95,-2.0000,-1.5000,1.3000,0.0000
param,95,1.0610,0.4471,0.9554,-0.1670
pos,96,-2.0012,-3.0221,1.2232,0.0092
input,96,-0.3796,-0.0618,-0.0202,-0.0342
target,96,-2.0000,-1.5000,1.3000,0.0000
param,96,1.0610,0.4471,0.9554,-0.1670
pos,97,-2.0021,-3.0228,1.2236,0.0104
input,97,-0.3796,-0.0618,-0.0202,-0.0342
target,97,-2.0000,-1.5000,1.3000,0.0000
param,97,1.0610,0.4471,0.9554,-0.1670
pos,98,-2.0029,-3.0234,1.2239,0.0116
input,98,-0.3796,-0.0618,-0.0202,-0.0342
target,98,-2.0000,-1.5000,1.3000,0.0000
param,98,1.0610,0.4471,0.9554,-0.1670
pos,99,-2.0036,-3.0239,1.2242,0.0127
input,99,-0.3796,-0.0618,-0.0202,-0.0342
target,99,-2.0000,-1.5000,1.3000,0.0000
param,99,1.0610,0.4471,0.9554,-0.1670
pos,100,-2.0046,-3.0247,1.2245,0.0139
input,100,-0.3796,-0.0618,-0.0202,-0.0342
target,100,-2.0000,-1.5000,1.3000,0.0000
param,100,1.0610,0.4471,0.9554,-0.1670
pos,101,-2.0054,-3.0255,1.2247,0.0140
input,101,-0.3796,-0.0618,-0.0202,-0.0342
target,101,-2.0000,-1.5000,1.3000,0.0000
param,101,1.0610,0.4471,0.9554,-0.1670
pos,102,-2.0062,-3.0261,1.2250,0.0141
input,102,-0.3796,-0.0618,-0.0202,-0.0342
target,102,-2.0000,-1.5000,1.3000,0.0000
param,102,1.0610,0.4471,0.9554,-0.1670
pos,103,-2.0069,-3.0267,1.2252,0.0142
input,103,-0.3796,-0.0618,-0.0202,-0.0342
target,103,-2.0000,-1.5000,1.3000,0.0000
param,103,1.0610,0.4471,0.9554,-0.1670
pos,104,-2.0074,-3.0272,1.2254,0.0142
input,104,-0.3796,-0.0618,-0.0202,-0.0342
target,104,-2.0000,-1.5000,1.3000,0.0000
param,104,1.0610,0.4471,0.9554,-0.1670
pos,105,-2.0079,-3.0276,1.2256,0.0143
input,105,-0.3796,-0.0618,-0.0202,-0.0342
target,105,-2.0000,-1.5000,1.3000,0.0000
param,105,1.0610,0.4471,0.9554,-0.1670
pos,106,-2.0088,-3.0284,1.2258,0.0141
input,106,-0.3796,-0.0618,-0.0202,-0.0342
target,106,-2.0000,-1.5000,1.3000,0.0000
param,106,1.0610,0.4471,0.9554,-0.1670
pos,107,-2.0095,-3.0291,1.2260,0.0139
input,107,-0.3796,-0.0618,-0.0202,-0.0342
target,107,-2.0000,-1.5000,1.3000,0.0000
param,107,1.0610,0.4471,0.9554,-0.1670
pos,108,-2.0101,-3.0297,1.2262,0.0136
input,108,-0.3796,-0.0618,-0.0202,-0.0342
target,108,-2.0000,-1.5000,1.3000,0.0000
param,108,1.0610,0.4471,0.9554,-0.1670
pos,109,-2.0109,-3.0306,1.2265,0.0136
input,109,-0.3796,-0.0618,-0.0202,-0.0342
target,109,-2.0000,-1.5000,1.3000,0.0000
param,109,1.0610,0.4471,0.9554,-0.1670
pos,110,-2.0115,-3.0313,1.2267,0.0134
input,110,-0.3796,-0.0618,-0.0202,-0.0342
target,110,-2.0000,-1.5000,1.3000,0.0000
param,110,1.0610,0.4471,0.9554,-0.1670
pos,111,-2.0121,-3.0321,1.2270,0.0132
input,111,-0.3796,-0.0618,-0.0202,-0.0342
target,111,-2.0000,-1.5000,1.3000,0.0000
param,111,1.0610,0.4471,0.9554,-0.1670
pos,112,-2.0126,-3.0328,1.2272,0.0131
input,112,-0.3796,-0.0618,-0.0202,-0.0342
target,112,-2.0000,-1.5000,1.3000,0.0000
param,112,1.0610,0.4471,0.9554,-0.1670
pos,113,-2.0133,-3.0336,1.2274,0.0131
input,113,-0.3796,-0.0618,-0.0202,-0.0342
target,113,-2.0000,-1.5000,1.3000,0.0000
param,113,1.0610,0.4471,0.9554,-0.1670
pos,114,-2.0138,-3.0343,1.2276,0.0132
input,114,-0.3796,-0.0618,-0.0202,-0.0342
target,114,-2.0000,-1.5000,1.3000,0.0000
param,114,1.0610,0.4471,0.9554,-0.1670
pos,115,-2.0144,-3.0351,1.2279,0.0131
input,115,-0.3796,-0.0618,-0.0202,-0.0342
target,115,-2.0000,-1.5000,1.3000,0.0000
param,115,1.0610,0.4471,0.9554,-0.1670
pos,116,-2.0149,-3.0358,1.2282,0.0130
input,116,-0.3796,-0.0618,-0.0202,-0.0342
target,116,-2.0000,-1.5000,1.3000,0.0000
param,116,1.0610,0.4471,0.9554,-0.1670
pos,117,-2.0154,-3.0364,1.2284,0.0130
input,117,-0.3796,-0.0618,-0.0202,-0.0342
target,117,-2.0000,-1.5000,1.3000,0.0000
param,117,1.0610,0.4471,0.9554,-0.1670
pos,118,-2.0158,-3.0369,1.2286,0.0131
input,118,-0.3796,-0.0618,-0.0202,-0.0342
target,118,-2.0000,-1.5000,1.3000,0.0000
param,118,1.0610,0.4471,0.9554,-0.1670
pos,119,-2.0161,-3.0373,1.2287,0.0131
input,119,-0.3796,-0.0618,-0.0202,-0.0342
target,119,-2.0000,-1.5000,1.3000,0.0000
param,119,1.0610,0.4471,0.9554,-0.1670
pos,120,-2.0165,-3.0378,1.2289,0.0131
input,120,-0.3742,-0.0571,-0.0187,-0.0369
target,120,-2.0000,-1.5000,1.3000,0.0000
param,120,1.0610,0.4471,0.9554,-0.1670
pos,121,-2.0169,-3.0383,1.2291,0.0131
input,121,-0.3742,-0.0571,-0.0187,-0.0369
target,121,-2.0000,-1.5000,1.3000,0.0000
param,121,1.0610,0.4471,0.9554,-0.1670
pos,122,-2.0174,-3.0390,1.2294,0.0132
input,122,-0.3742,-0.0571,-0.0187,-0.0369
target,122,-2.0000,-1.5000,1.3000,0.0000
param,122,1.0610,0.4471,0.9554,-0.1670
pos,123,-2.0179,-3.0396,1.2297,0.0132
input,123,-0.3742,-0.0571,-0.0187,-0.0369
target,123,-2.0000,-1.5000,1.3000,0.0000
param,123,1.0610,0.4471,0.9554,-0.1670
pos,124,-2.0185,-3.0403,1.2301,0.0133
input,124,-0.3742,-0.0571,-0.0187,-0.0369
target,124,-2.0000,-1.5000,1.3000,0.0000
param,124,1.0610,0.4471,0.9554,-0.1670
pos,125,-2.0190,-3.0409,1.2304,0.0133
input,125,-0.3742,-0.0571,-0.0187,-0.0369
target,125,-2.0000,-1.5000,1.3000,0.0000
param,125,1.0610,0.4471,0.9554,-0.1670
pos,126,-2.0194,-3.0414,1.2307,0.0134
input,126,-0.3742,-0.0571,-0.0187,-0.0369
target,126,-2.0000,-1.5000,1.3000,0.0000
param,126,1.0610,0.4471,0.9554,-0.1670
pos,127,-2.0198,-3.0419,1.2309,0.0134
input,127,-0.3742,-0.0571,-0.0187,-0.0369
target,127,-2.0000,-1.5000,1.3000,0.0000
param,127,1.0610,0.4471,0.9554,-0.1670
pos,128,-2.0201,-3.0422,1.2312,0.0134
input,128,-0.3742,-0.0571,-0.0187,-0.0369
target,128,-2.0000,-1.5000,1.3000,0.0000
param,128,1.0610,0.4471,0.9554,-0.1670
pos,129,-2.0205,-3.0428,1.2315,0.0135
input,129,-0.3742,-0.0571,-0.0187,-0.0369
target,129,-2.0000,-1.5000,1.3000,0.0000
param,129,1.0610,0.4471,0.9554,-0.1670
pos,130,-2.0209,-3.0434,1.2318,0.0135
input,130,-0.3742,-0.0571,-0.0187,-0.0369
target,130,-2.0000,-1.5000,1.3000,0.0000
param,130,1.0610,0.4471,0.9554,-0.1670
pos,131,-2.0214,-3.0439,1.2322,0.0136
input,131,-0.3742,-0.0571,-0.0187,-0.0369
target,131,-2.0000,-1.5000,1.3000,0.0000
param,131,1.0610,0.4471,0.9554,-0.1670
pos,132,-2.0217,-3.0444,1.2326,0.0136
input,132,-0.3742,-0.0571,-0.0187,-0.0369
target,132,-2.0000,-1.5000,1.3000,0.0000
param,132,1.0610,0.4471,0.9554,-0.1670
pos,133,-2.0221,-3.0448,1.2329,0.0136
input,133,-0.3742,-0.0571,-0.0187,-0.0369
target,133,-2.0000,-1.5000,1.3000,0.0000
param,133,1.0610,0.4471,0.9554,-0.1670
pos,134,-2.0225,-3.0453,1.2332,0.0146
input,134,-0.3742,-0.0571,-0.0187,-0.0369
target,134,-2.0000,-1.5000,1.3000,0.0000
param,134,1.0610,0.4471,0.9554,-0.1670
pos,135,-2.0229,-3.0457,1.2335,0.0157
input,135,-0.3742,-0.0571,-0.0187,-0.0369
target,135,-2.0000,-1.5000,1.3000,0.0000
param,135,1.0610,0.4471,0.9554,-0.1670
pos,136,-2.0231,-3.0461,1.2338,0.0167
input,136,-0.3742,-0.0571,-0.0187,-0.0369
target,136,-2.0000,-1.5000,1.3000,0.0000
param,136,1.0610,0.4471,0.9554,-0.1670
pos,137,-2.0232,-3.0465,1.2340,0.0177
input,137,-0.3742,-0.0571,-0.0187,-0.0369
target,137,-2.0000,-1.5000,1.3000,0.0000
param,137,1.0610,0.4471,0.9554,-0.1670
pos,138,-2.0234,-3.0468,1.2342,0.0186
input,138,-0.3742,-0.0571,-0.0187,-0.0369
target,138,-2.0000,-1.5000,1.3000,0.0000
param,138,1.0610,0.4471,0.9554,-0.1670
pos,139,-2.0235,-3.0470,1.2344,0.0195
input,139,-0.3742,-0.0571,-0.0187,-0.0369
target,139,-2.0000,-1.5000,1.3000,0.0000
param,139,1.0610,0.4471,0.9554,-0.1670
pos,140,-2.0236,-3.0473,1.2345,0.0204
input,140,-0.3742,-0.0571,-0.0187,-0.0369
target,140,-2.0000,-1.5000,1.3000,0.0000
param,140,1.0610,0.4471,0.9554,-0.1670
pos,141,-2.0236,-3.0475,1.2347,0.0212
input,141,-0.3742,-0.0571,-0.0187,-0.0369
target,141,-2.0000,-1.5000,1.3000,0.0000
param,141,1.0610,0.4471,0.9554,-0.1670
pos,142,-2.0237,-3.0476,1.2348,0.0219
input,142,-0.3742,-0.0571,-0.0187,-0.0369
target,142,-2.0000,-1.5000,1.3000,0.0000
param,142,1.0610,0.4471,0.9554,-0.1670
pos,143,-2.0239,-3.0481,1.2351,0.0215
input,143,-0.3742,-0.0571,-0.0187,-0.0369
target,143,-2.0000,-1.5000,1.3000,0.0000
param,143,1.0610,0.4471,0.9554,-0.1670
pos,144,-2.0242,-3.0486,1.2354,0.0212
input,144,-0.3742,-0.0571,-0.0187,-0.0369
target,144,-2.0000,-1.5000,1.3000,0.0000
param,144,1.0610,0.4471,0.9554,-0.1670
pos,145,-2.0245,-3.0490,1.2357,0.0209
input,145,-0.3742,-0.0571,-0.0187,-0.0369
target,145,-2.0000,-1.5000,1.3000,0.0000
param,145,1.0610,0.4471,0.9554,-0.1670
pos,146,-2.0247,-3.0494,1.2359,0.0206
input,146,-0.3742,-0.0571,-0.0187,-0.0369
target,146,-2.0000,-1.5000,1.3000,0.0000
param,146,1.0610,0.4471,0.9554,-0.1670
pos,147,-2.0249,-3.0497,1.2362,0.0203
input,147,-0.3742,-0.0571,-0.0187,-0.0369
target,147,-2.0000,-1.5000,1.3000,0.0000
param,147,1.0610,0.4471,0.9554,-0.1670
pos,148,-2.0251,-3.0500,1.2364,0.0200
input,148,-0.3742,-0.0571,-0.0187,-0.0369
target,148,-2.0000,-1.5000,1.3000,0.0000
param,148,1.0610,0.4471,0.9554,-0.1670
pos,149,-2.0254,-3.0503,1.2368,0.0197
input,149,-0.3742,-0.0571,-0.0187,-0.0369
target,149,-2.0000,-1.5000,1.3000,0.0000
param,149,1.0610,0.4471,0.9554,-0.1670
pos,150,-2.0256,-3.0506,1.2370,0.0194
input,150,-0.3742,-0.0571,-0.0187,-0.0369
target,150,-2.0000,-1.5000,1.3000,0.0000
param,150,1.0610,0.4471,0.9554,-0.1670
pos,151,-2.0259,-3.0509,1.2372,0.0191
input,151,-0.3742,-0.0571,-0.0187,-0.0369
target,151,-2.0000,-1.5000,1.3000,0.0000
param,151,1.0610,0.4471,0.9554,-0.1670
pos,152,-2.0261,-3.0511,1.2375,0.0188
input,152,-0.3742,-0.0571,-0.0187,-0.0369
target,152,-2.0000,-1.5000,1.3000,0.0000
param,152,1.0610,0.4471,0.9554,-0.1670
pos,153,-2.0263,-3.0514,1.2377,0.0183
input,153,-0.3742,-0.0571,-0.0187,-0.0369
target,153,-2.0000,-1.5000,1.3000,0.0000
param,153,1.0610,0.4471,0.9554,-0.1670
pos,154,-2.0266,-3.0516,1.2379,0.0182
input,154,-0.3742,-0.0571,-0.0187,-0.0369
target,154,-2.0000,-1.5000,1.3000,0.0000
param,154,1.0610,0.4471,0.9554,-0.1670
pos,155,-2.0269,-3.0518,1.2381,0.0181
input,155,-0.3742,-0.0571,-0.0187,-0.0369
target,155,-2.0000,-1.5000,1.3000,0.0000
param,155,1.0610,0.4471,0.9554,-0.1670
pos,156,-2.0271,-3.0520,1.2383,0.0180
input,156,-0.3742,-0.0571,-0.0187,-0.0369
target,156,-2.0000,-1.5000,1.3000,0.0000
param,156,1.0610,0.4471,0.9554,-0.1670
pos,157,-2.0274,-3.0522,1.2384,0.0182
input,157,-0.3742,-0.0571,-0.0187,-0.0369
target,157,-2.0000,-1.5000,1.3000,0.0000
param,157,1.0610,0.4471,0.9554,-0.1670
pos,158,-2.0277,-3.0523,1.2386,0.0181
input,158,-0.3742,-0.0571,-0.0187,-0.0369
target,158,-2.0000,-1.5000,1.3000,0.0000
param,158,1.0610,0.4471,0.9554,-0.1670
pos,159,-2.0279,-3.0525,1.2387,0.0181
input,159,-0.3742,-0.0571,-0.0187,-0.0369
target,159,-2.0000,-1.5000,1.3000,0.0000
param,159,1.0610,0.4471,0.9554,-0.1670
pos,160,-2.0281,-3.0526,1.2388,0.0182
input,160,-0.3742,-0.0571,-0.0187,-0.0369
target,160,-2.0000,-1.5000,1.3000,0.0000
param,160,1.0610,0.4471,0.9554,-0.1670
pos,161,-2.0283,-3.0527,1.2389,0.0180
input,161,-0.3742,-0.0571,-0.0187,-0.0369
target,161,-2.0000,-1.5000,1.3000,0.0000
param,161,1.0610,0.4471,0.9554,-0.1670
pos,162,-2.0285,-3.0527,1.2390,0.0177
input,162,-0.3742,-0.0571,-0.0187,-0.0369
target,162,-2.0000,-1.5000,1.3000,0.0000
param,162,1.0610,0.4471,0.9554,-0.1670
pos,163,-2.0287,-3.0528,1.2390,0.0172
input,163,-0.3742,-0.0571,-0.0187,-0.0369
target,163,-2.0000,-1.5000,1.3000,0.0000
param,163,1.0610,0.4471,0.9554,-0.1670
pos,164,-2.0289,-3.0528,1.2391,0.0167
input,164,-0.3742,-0.0571,-0.0187,-0.0369
target,164,-2.0000,-1.5000,1.3000,0.0000
param,164,1.0610,0.4471,0.9554,-0.1670
pos,165,-2.0291,-3.0529,1.2391,0.0164
input,165,-0.3742,-0.0571,-0.0187,-0.0369
target,165,-2.0000,-1.5000,1.3000,0.0000
param,165,1.0610,0.4471,0.9554,-0.1670
pos,166,-2.0293,-3.0529,1.2391,0.0160
input,166,-0.3742,-0.0571,-0.0187,-0.0369
target,166,-2.0000,-1.5000,1.3000,0.0000
param,166,1.0610,0.4471,0.9554,-0.1670
pos,167,-2.0295,-3.0529,1.2392,0.0155
input,167,-0.3742,-0.0571,-0.0187,-0.0369
target,167,-2.0000,-1.5000,1.3000,0.0000
param,167,1.0610,0.4471,0.9554,-0.1670
pos,168,-2.0296,-3.0529,1.2392,0.0152
input,168,-0.3742,-0.0571,-0.0187,-0.0369
target,168,-2.0000,-1.5000,1.3000,0.0000
param,168,1.0610,0.4471,0.9554,-0.1670
pos,169,-2.0297,-3.0530,1.2392,0.0150
input,169,-0.3742,-0.0571,-0.0187,-0.0369
target,169,-2.0000,-1.5000,1.3000,0.0000
param,169,1.0610,0.4471,0.9554,-0.1670
pos,170,-2.0299,-3.0530,1.2392,0.0147
input,170,-0.3742,-0.0571,-0.0187,-0.0369
target,170,-2.0000,-1.5000,1.3000,0.0000
param,170,1.0610,0.4471,0.9554,-0.1670
pos,171,-2.0300,-3.0530,1.2392,0.0145
input,171,-0.3742,-0.0571,-0.0187,-0.0369
target,171,-2.0000,-1.5000,1.3000,0.0000
param,171,1.0610,0.4471,0.9554,-0.1670
pos,172,-2.0301,-3.0530,1.2391,0.0140
input,172,-0.3742,-0.0571,-0.0187,-0.0369
target,172,-2.0000,-1.5000,1.3000,0.0000
param,172,1.0610,0.4471,0.9554,-0.1670
pos,173,-2.0302,-3.0530,1.2391,0.0136
input,173,-0.3742,-0.0571,-0.0187,-0.0369
target,173,-2.0000,-1.5000,1.3000,0.0000
param,173,1.0610,0.4471,0.9554,-0.1670
pos,174,-2.0303,-3.0530,1.2390,0.0132
input,174,-0.3742,-0.0571,-0.0187,-0.0369
target,174,-2.0000,-1.5000,1.3000,0.0000
param,174,1.0610,0.4471,0.9554,-0.1670
pos,175,-2.0308,-3.0530,1.2389,0.0116
input,175,-0.3742,-0.0571,-0.0187,-0.0369
target,175,-2.0000,-1.5000,1.3000,0.0000
param,175,1.0610,0.4471,0.9554,-0.1670
pos,176,-2.0312,-3.0529,1.2388,0.0100
input,176,-0.3742,-0.0571,-0.0187,-0.0369
target,176,-2.0000,-1.5000,1.3000,0.0000
param,176,1.0610,0.4471,0.9554,-0.1670
pos,177,-2.0316,-3.0529,1.2387,0.0085
input,177,-0.3742,-0.0571,-0.0187,-0.0369
target,177,-2.0000,-1.5000,1.3000,0.0000
param,177,1.0610,0.4471,0.9554,-0.1670
pos,178,-2.0318,-3.0530,1.2386,0.0065
input,178,-0.3742,-0.0571,-0.0187,-0.0369
target,178,-2.0000,-1.5000,1.3000,0.0000
param,178,1.0610,0.4471,0.9554,-0.1670
pos,179,-2.0320,-3.0532,1.2384,0.0062
input,179,-0.3655,-0.0593,-0.0151,-0.0398
target,179,-2.0000,-1.5000,1.3000,0.0000
param,179,1.0610,0.4471,0.9554,-0.1670
pos,180,-2.0322,-3.0534,1.2382,0.0059
input,180,-0.3655,-0.0593,-0.0151,-0.0398
target,180,-2.0000,-1.5000,1.3000,0.0000
param,180,1.0610,0.4471,0.9554,-0.1670
pos,181,-2.0323,-3.0536,1.2380,0.0056
input,181,-0.3655,-0.0593,-0.0151,-0.0398
target,181,-2.0000,-1.5000,1.3000,0.0000
param,181,1.0610,0.4471,0.9554,-0.1670
pos,182,-2.0325,-3.0537,1.2379,0.0053
input,182,-0.3655,-0.0593,-0.0151,-0.0398
target,182,-2.0000,-1.5000,1.3000,0.0000
param,182,1.0610,0.4471,0.9554,-0.1670
pos,183,-2.0326,-3.0538,1.2377,0.0051
input,183,-0.3655,-0.0593,-0.0151,-0.0398
target,183,-2.0000,-1.5000,1.3000,0.0000
param,183,1.0610,0.4471,0.9554,-0.1670
pos,184,-2.0326,-3.0538,1.2374,0.0062
input,184,-0.3655,-0.0593,-0.0151,-0.0398
target,184,-2.0000,-1.5000,1.3000,0.0000
param,184,1.0610,0.4471,0.9554,-0.1670
pos,185,-2.0325,-3.0539,1.2369,0.0066
input,185,-0.3655,-0.0593,-0.0151,-0.0398
target,185,-2.0000,-1.5000,1.3000,0.0000
param,185,1.0610,0.4471,0.9554,-0.1670
pos,186,-2.0324,-3.0539,1.2365,0.0070
input,186,-0.3655,-0.0593,-0.0151,-0.0398
target,186,-2.0000,-1.5000,1.3000,0.0000
param,186,1.0610,0.4471,0.9554,-0.1670
pos,187,-2.0324,-3.0539,1.2361,0.0074
input,187,-0.3655,-0.0593,-0.0151,-0.0398
target,187,-2.0000,-1.5000,1.3000,0.0000
param,187,1.0610,0.4471,0.9554,-0.1670
pos,188,-2.0323,-3.0539,1.2356,0.0077
input,188,-0.3655,-0.0593,-0.0151,-0.0398
target,188,-2.0000,-1.5000,1.3000,0.0000
param,188,1.0610,0.4471,0.9554,-0.1670
pos,189,-2.0323,-3.0539,1.2352,0.0079
input,189,-0.3655,-0.0593,-0.0151,-0.0398
target,189,-2.0000,-1.5000,1.3000,0.0000
param,189,1.0610,0.4471,0.9554,-0.1670
pos,190,-2.0322,-3.0540,1.2349,0.0082
input,190,-0.3655,-0.0593,-0.0151,-0.0398
target,190,-2.0000,-1.5000,1.3000,0.0000
param,190,1.0610,0.4471,0.9554,-0.1670
pos,191,-2.0322,-3.0540,1.2345,0.0085
input,191,-0.3655,-0.0593,-0.0151,-0.0398
target,191,-2.0000,-1.5000,1.3000,0.0000
param,191,1.0610,0.4471,0.9554,-0.1670
pos,192,-2.0321,-3.0539,1.2340,0.0084
input,192,-0.3655,-0.0593,-0.0151,-0.0398
target,192,-2.0000,-1.5000,1.3000,0.0000
param,192,1.0610,0.4471,0.9554,-0.1670
pos,193,-2.0320,-3.0539,1.2336,0.0083
input,193,-0.3655,-0.0593,-0.0151,-0.0398
target,193,-2.0000,-1.5000,1.3000,0.0000
param,193,1.0610,0.4471,0.9554,-0.1670
pos,194,-2.0319,-3.0538,1.2332,0.0083
input,194,-0.3655,-0.0593,-0.0151,-0.0398
target,194,-2.0000,-1.5000,1.3000,0.0000
param,194,1.0610,0.4471,0.9554,-0.1670
pos,195,-2.0318,-3.0539,1.2328,0.0083
input,195,-0.3655,-0.0593,-0.0151,-0.0398
target,195,-2.0000,-1.5000,1.3000,0.0000
param,195,1.0610,0.4471,0.9554,-0.1670
pos,196,-2.0316,-3.0539,1.2324,0.0083
input,196,-0.3655,-0.0593,-0.0151,-0.0398
target,196,-2.0000,-1.5000,1.3000,0.0000
param,196,1.0610,0.4471,0.9554,-0.1670
pos,197,-2.0315,-3.0539,1.2321,0.0081
input,197,-0.3655,-0.0593,-0.0151,-0.0398
target,197,-2.0000,-1.5000,1.3000,0.0000
param,197,1.0610,0.4471,0.9554,-0.1670
pos,198,-2.0313,-3.0540,1.2315,0.0082
input,198,-0.3655,-0.0593,-0.0151,-0.0398
target,198,-2.0000,-1.5000,1.3000,0.0000
param,198,1.0610,0.4471,0.9554,-0.1670
pos,199,-2.0311,-3.0540,1.2310,0.0081
input,199,-0.3655,-0.0593,-0.0151,-0.0398
target,199,-2.0000,-1.5000,1.3000,0.0000
param,199,1.0610,0.4471,0.9554,-0.1670
pos,200,-2.0309,-3.0540,1.2305,0.0080
input,200,-0.3655,-0.0593,-0.0151,-0.0398
target,200,-2.0000,-1.5000,1.3000,0.0000
param,200,1.0610,0.4471,0.9554,-0.1670
pos,201,-2.0307,-3.0539,1.2299,0.0079
input,201,-0.3655,-0.0593,-0.0151,-0.0398
target,201,-2.0000,-1.5000,1.3000,0.0000
param,201,1.0610,0.4471,0.9554,-0.1670
pos,202,-2.0305,-3.0539,1.2294,0.0079
input,202,-0.3655,-0.0593,-0.0151,-0.0398
target,202,-2.0000,-1.5000,1.3000,0.0000
param,202,1.0610,0.4471,0.9554,-0.1670
pos,203,-2.0303,-3.0540,1.2290,0.0079
input,203,-0.3655,-0.0593,-0.0151,-0.0398
target,203,-2.0000,-1.5000,1.3000,0.0000
param,203,1.0610,0.4471,0.9554,-0.1670
pos,204,-2.0302,-3.0540,1.2286,0.0079
input,204,-0.3655,-0.0593,-0.0151,-0.0398
target,204,-2.0000,-1.5000,1.3000,0.0000
param,204,1.0610,0.4471,0.9554,-0.1670
pos,205,-2.0301,-3.0540,1.2282,0.0080
input,205,-0.3655,-0.0593,-0.0151,-0.0398
target,205,-2.0000,-1.5000,1.3000,0.0000
param,205,1.0610,0.4471,0.9554,-0.1670
pos,206,-2.0299,-3.0540,1.2276,0.0077
input,206,-0.3655,-0.0593,-0.0151,-0.0398
target,206,-2.0000,-1.5000,1.3000,0.0000
param,206,1.0610,0.4471,0.9554,-0.1670
pos,207,-2.0297,-3.0540,1.2271,0.0080
input,207,-0.3655,-0.0593,-0.0151,-0.0398
target,207,-2.0000,-1.5000,1.3000,0.0000
param,207,1.0610,0.4471,0.9554,-0.1670
pos,208,-2.0296,-3.0541,1.2266,0.0083
input,208,-0.3655,-0.0593,-0.0151,-0.0398
target,208,-2.0000,-1.5000,1.3000,0.0000
param,208,1.0610,0.4471,0.9554,-0.1670
pos,209,-2.0295,-3.0541,1.2262,0.0085
input,209,-0.3655,-0.0593,-0.0151,-0.0398
target,209,-2.0000,-1.5000,1.3000,0.0000
param,209,1.0610,0.4471,0.9554,-0.1670
pos,210,-2.0294,-3.0541,1.2258,0.0088
input,210,-0.3741,-0.0566,-0.0170,-0.0342
target,210,-2.0000,-1.5000,1.3000,0.0000
param,210,1.0610,0.4471,0.9554,-0.1670
pos,211,-2.0293,-3.0542,1.2254,0.0090
input,211,-0.3741,-0.0566,-0.0170,-0.0342
target,211,-2.0000,-1.5000,1.3000,0.0000
param,211,1.0610,0.4471,0.9554,-0.1670
