delay,0
pos,0,-2.4889,-1.9307,1.5804,-2.3442
pos,1,-2.4853,-1.9289,1.5803,-2.3414
pos,2,-2.4817,-1.9271,1.5802,-2.3387
pos,3,-2.4779,-1.9252,1.5801,-2.3361
pos,4,-2.4739,-1.9232,1.5800,-2.3334
pos,5,-2.4699,-1.9211,1.5800,-2.3306
pos,6,-2.4657,-1.9189,1.5800,-2.3279
pos,7,-2.4614,-1.9167,1.5800,-2.3254
pos,8,-2.4570,-1.9144,1.5800,-2.3228
pos,9,-2.4524,-1.9119,1.5800,-2.3202
pos,10,-2.4474,-1.9093,1.5800,-2.3176
pos,11,-2.4423,-1.9065,1.5800,-2.3150
pos,12,-2.4370,-1.9037,1.5800,-2.3123
pos,13,-2.4316,-1.9006,1.5800,-2.3099
pos,14,-2.4259,-1.8975,1.5799,-2.3074
pos,15,-2.4200,-1.8941,1.5799,-2.3049
pos,16,-2.4139,-1.8907,1.5799,-2.3024
pos,17,-2.4076,-1.8871,1.5798,-2.2998
pos,18,-2.4011,-1.8833,1.5797,-2.2972
pos,19,-2.3943,-1.8794,1.5796,-2.2949
pos,20,-2.3875,-1.8754,1.5794,-2.2925
pos,21,-2.3805,-1.8712,1.5790,-2.2901
pos,22,-2.3733,-1.8669,1.5786,-2.2876
pos,23,-2.3659,-1.8624,1.5779,-2.2852
pos,24,-2.3581,-1.8577,1.5769,-2.2827
pos,25,-2.3501,-1.8528,1.5753,-2.2805
pos,26,-2.3419,-1.8478,1.5747,-2.2782
pos,27,-2.3334,-1.8425,1.5731,-2.2759
pos,28,-2.3248,-1.8372,1.5721,-2.2736
pos,29,-2.3161,-1.8317,1.5714,-2.2713
pos,30,-2.3071,-1.8260,1.5709,-2.2689
pos,31,-2.2979,-1.8201,1.5706,-2.2666
pos,32,-2.2886,-1.8142,1.5704,-2.2642
pos,33,-2.2790,-1.8081,1.5703,-2.2621
pos,34,-2.2693,-1.8018,1.5702,-2.2599
pos,35,-2.2594,-1.7954,1.5701,-2.2577
pos,36,-2.2493,-1.7888,1.5700,-2.2555
pos,37,-2.2390,-1.7821,1.5700,-2.2532
pos,38,-2.2284,-1.7752,1.5700,-2.2510
pos,39,-2.2175,-1.7679,1.5700,-2.2487
pos,40,-2.2063,-1.7605,1.5700,-2.2465
pos,41,-2.1947,-1.7528,1.5700,-2.2444
pos,42,-2.1826,-1.7447,1.5700,-2.2423
pos,43,-2.1701,-1.7364,1.5700,-2.2402
pos,44,-2.1572,-1.7277,1.5700,-2.2381
pos,45,-2.1437,-1.7186,1.5700,-2.2360
pos,46,-2.1297,-1.7091,1.5699,-2.2339
pos,47,-2.1149,-1.6991,1.5699,-2.2317
pos,48,-2.1001,-1.6890,1.5699,-2.2296
pos,49,-2.0851,-1.6788,1.5698,-2.2274
pos,50,-2.0700,-1.6683,1.5698,-2.2255
pos,51,-2.0548,-1.6578,1.5696,-2.2235
pos,52,-2.0394,-1.6471,1.5694,-2.2215
pos,53,-2.0240,-1.6363,1.5692,-2.2196
pos,54,-2.0084,-1.6253,1.5688,-2.2176
pos,55,-1.9927,-1.6142,1.5682,-2.2157
pos,56,-1.9769,-1.6030,1.5673,-2.2137
pos,57,-1.9610,-1.5916,1.5660,-2.2118
pos,58,-1.9450,-1.5801,1.5640,-2.2098
pos,59,-1.9291,-1.5685,1.5627,-2.2079
pos,60,-1.9133,-1.5570,1.5618,-2.2060
pos,61,-1.8978,-1.5456,1.5612,-2.2044
pos,62,-1.8824,-1.5342,1.5608,-2.2028
pos,63,-1.8671,-1.5228,1.5605,-2.2012
pos,64,-1.8520,-1.5115,1.5603,-2.1996
pos,65,-1.8371,-1.5002,1.5602,-2.1981
pos,66,-1.8223,-1.4890,1.5601,-2.1966
pos,67,-1.8075,-1.4777,1.5600,-2.1951
pos,68,-1.7929,-1.4665,1.5599,-2.1937
pos,69,-1.7785,-1.4553,1.5598,-2.1923
pos,70,-1.7642,-1.4443,1.5597,-2.1910
pos,71,-1.7501,-1.4333,1.5595,-2.1897
pos,72,-1.7362,-1.4224,1.5592,-2.1884
pos,73,-1.7222,-1.4115,1.5588,-2.1872
pos,74,-1.7085,-1.4007,1.5582,-2.1860
pos,75,-1.6949,-1.3899,1.5573,-2.1850
pos,76,-1.6814,-1.3793,1.5560,-2.1841
pos,77,-1.6682,-1.3688,1.5540,-2.1832
pos,78,-1.6549,-1.3583,1.5527,-2.1823
pos,79,-1.6419,-1.3478,1.5518,-2.1815
pos,80,-1.6290,-1.3375,1.5512,-2.1807
pos,81,-1.6162,-1.3272,1.5508,-2.1799
pos,82,-1.6035,-1.3171,1.5506,-2.1792
pos,83,-1.5910,-1.3071,1.5504,-2.1785
pos,84,-1.5788,-1.2973,1.5502,-2.1778
pos,85,-1.5665,-1.2875,1.5502,-2.1771
pos,86,-1.5545,-1.2778,1.5501,-2.1765
pos,87,-1.5424,-1.2681,1.5501,-2.1757
pos,88,-1.5306,-1.2586,1.5500,-2.1745
pos,89,-1.5190,-1.2493,1.5500,-2.1732
pos,90,-1.5074,-1.2400,1.5500,-2.1716
pos,91,-1.4960,-1.2308,1.5500,-2.1697
pos,92,-1.4848,-1.2218,1.5500,-2.1676
pos,93,-1.4736,-1.2128,1.5500,-2.1653
pos,94,-1.4626,-1.2040,1.5500,-2.1627
pos,95,-1.4517,-1.1952,1.5500,-2.1598
pos,96,-1.4409,-1.1864,1.5500,-2.1567
pos,97,-1.4301,-1.1777,1.5500,-2.1534
pos,98,-1.4195,-1.1691,1.5499,-2.1498
pos,99,-1.4092,-1.1607,1.5499,-2.1459
pos,100,-1.3988,-1.1523,1.5498,-2.1419
pos,101,-1.3887,-1.1441,1.5497,-2.1376
pos,102,-1.3787,-1.1360,1.5496,-2.1332
pos,103,-1.3688,-1.1280,1.5494,-2.1283
pos,104,-1.3590,-1.1201,1.5492,-2.1232
pos,105,-1.3494,-1.1123,1.5488,-2.1179
pos,106,-1.3399,-1.1046,1.5482,-2.1124
pos,107,-1.3306,-1.0971,1.5473,-2.1067
pos,108,-1.3214,-1.0896,1.5460,-2.1008
pos,109,-1.3125,-1.0823,1.5440,-2.0947
pos,110,-1.3036,-1.0751,1.5426,-2.0883
pos,111,-1.2948,-1.0679,1.5417,-2.0817
pos,112,-1.2863,-1.0609,1.5412,-2.0750
pos,113,-1.2778,-1.0540,1.5408,-2.0679
pos,114,-1.2696,-1.0473,1.5405,-2.0607
pos,115,-1.2615,-1.0406,1.5404,-2.0533
pos,116,-1.2535,-1.0341,1.5402,-2.0456
pos,117,-1.2456,-1.0276,1.5402,-2.0377
pos,118,-1.2379,-1.0212,1.5401,-2.0295
pos,119,-1.2303,-1.0150,1.5401,-2.0211
pos,120,-1.2229,-1.0088,1.5400,-2.0126
pos,121,-1.2157,-1.0029,1.5400,-2.0039
pos,122,-1.2087,-0.9971,1.5400,-1.9950
pos,123,-1.2017,-0.9914,1.5400,-1.9858
pos,124,-1.1950,-0.9858,1.5400,-1.9763
pos,125,-1.1884,-0.9804,1.5400,-1.9666
pos,126,-1.1819,-0.9750,1.5400,-1.9568
pos,127,-1.1757,-0.9697,1.5400,-1.9467
pos,128,-1.1695,-0.9645,1.5400,-1.9364
pos,129,-1.1633,-0.9592,1.5400,-1.9262
pos,130,-1.1573,-0.9541,1.5400,-1.9159
pos,131,-1.1513,-0.9489,1.5400,-1.9057
pos,132,-1.1453,-0.9437,1.5400,-1.8956
pos,133,-1.1395,-0.9387,1.5400,-1.8857
pos,134,-1.1338,-0.9340,1.5400,-1.8756
pos,135,-1.1283,-0.9295,1.5400,-1.8656
pos,136,-1.1230,-0.9252,1.5400,-1.8558
pos,137,-1.1178,-0.9211,1.5400,-1.8458
pos,138,-1.1130,-0.9175,1.5400,-1.8361
pos,139,-1.1085,-0.9143,1.5400,-1.8264
pos,140,-1.1042,-0.9113,1.5400,-1.8167
pos,141,-1.1002,-0.9087,1.5400,-1.8072
pos,142,-1.0965,-0.9066,1.5400,-1.7977
pos,143,-1.0930,-0.9047,1.5401,-1.7883
pos,144,-1.0897,-0.9032,1.5401,-1.7791
pos,145,-1.0867,-0.9020,1.5401,-1.7699
pos,146,-1.0839,-0.9011,1.5402,-1.7609
pos,147,-1.0813,-0.9005,1.5403,-1.7519
pos,148,-1.0789,-0.9004,1.5404,-1.7431
pos,149,-1.0767,-0.9005,1.5406,-1.7342
pos,150,-1.0746,-0.9009,1.5408,-1.7256
pos,151,-1.0728,-0.9017,1.5412,-1.7170
pos,152,-1.0711,-0.9029,1.5418,-1.7086
pos,153,-1.0697,-0.9044,1.5427,-1.7002
pos,154,-1.0684,-0.9063,1.5441,-1.6921
pos,155,-1.0672,-0.9084,1.5460,-1.6839
pos,156,-1.0661,-0.9107,1.5474,-1.6761
pos,157,-1.0653,-0.9136,1.5483,-1.6682
pos,158,-1.0646,-0.9167,1.5490,-1.6606
pos,159,-1.0640,-0.9201,1.5494,-1.6531
pos,160,-1.0635,-0.9238,1.5498,-1.6458
pos,161,-1.0632,-0.9280,1.5502,-1.6386
pos,162,-1.0630,-0.9325,1.5506,-1.6316
pos,163,-1.0629,-0.9372,1.5511,-1.6247
pos,164,-1.0629,-0.9422,1.5518,-1.6180
pos,165,-1.0630,-0.9476,1.5527,-1.6114
pos,166,-1.0632,-0.9532,1.5541,-1.6049
pos,167,-1.0635,-0.9591,1.5562,-1.5986
pos,168,-1.0639,-0.9653,1.5576,-1.5924
pos,169,-1.0644,-0.9720,1.5587,-1.5865
pos,170,-1.0650,-0.9790,1.5596,-1.5807
pos,171,-1.0657,-0.9863,1.5604,-1.5749
pos,172,-1.0665,-0.9938,1.5613,-1.5695
pos,173,-1.0674,-1.0017,1.5623,-1.5641
pos,174,-1.0683,-1.0099,1.5638,-1.5590
pos,175,-1.0694,-1.0184,1.5658,-1.5540
pos,176,-1.0706,-1.0272,1.5672,-1.5491
pos,177,-1.0717,-1.0360,1.5681,-1.5445
pos,178,-1.0730,-1.0452,1.5687,-1.5400
pos,179,-1.0743,-1.0546,1.5691,-1.5355
pos,180,-1.0757,-1.0643,1.5694,-1.5313
pos,181,-1.0772,-1.0742,1.5695,-1.5273
pos,182,-1.0787,-1.0845,1.5696,-1.5232
pos,183,-1.0803,-1.0950,1.5696,-1.5195
pos,184,-1.0820,-1.1059,1.5695,-1.5159
pos,185,-1.0837,-1.1167,1.5694,-1.5123
pos,186,-1.0855,-1.1279,1.5691,-1.5090
pos,187,-1.0873,-1.1392,1.5687,-1.5058
pos,188,-1.0892,-1.1509,1.5682,-1.5026
pos,189,-1.0912,-1.1628,1.5673,-1.4997
pos,190,-1.0932,-1.1747,1.5660,-1.4969
pos,191,-1.0953,-1.1869,1.5640,-1.4942
pos,192,-1.0974,-1.1993,1.5627,-1.4915
pos,193,-1.0996,-1.2118,1.5618,-1.4890
pos,194,-1.1018,-1.2244,1.5612,-1.4867
pos,195,-1.1040,-1.2372,1.5608,-1.4843
pos,196,-1.1062,-1.2501,1.5605,-1.4820
pos,197,-1.1085,-1.2634,1.5603,-1.4800
pos,198,-1.1109,-1.2767,1.5602,-1.4780
pos,199,-1.1132,-1.2903,1.5601,-1.4761
pos,200,-1.1157,-1.3044,1.5600,-1.4742
pos,201,-1.1181,-1.3185,1.5600,-1.4725
pos,202,-1.1206,-1.3326,1.5599,-1.4709
pos,203,-1.1230,-1.3469,1.5598,-1.4693
pos,204,-1.1254,-1.3614,1.5597,-1.4678
pos,205,-1.1279,-1.3761,1.5595,-1.4665
pos,206,-1.1305,-1.3913,1.5592,-1.4652
pos,207,-1.1330,-1.4061,1.5588,-1.4640
pos,208,-1.1354,-1.4207,1.5582,-1.4628
pos,209,-1.1378,-1.4350,1.5573,-1.4618
pos,210,-1.1402,-1.4492,1.5560,-1.4609
pos,211,-1.1425,-1.4630,1.5540,-1.4600
pos,212,-1.1447,-1.4766,1.5527,-1.4591
pos,213,-1.1468,-1.4898,1.5518,-1.4582
pos,214,-1.1490,-1.5028,1.5512,-1.4576
pos,215,-1.1510,-1.5155,1.5508,-1.4569
pos,216,-1.1530,-1.5279,1.5505,-1.4563
pos,217,-1.1551,-1.5403,1.5504,-1.4556
pos,218,-1.1571,-1.5524,1.5502,-1.4550
pos,219,-1.1590,-1.5644,1.5502,-1.4546
pos,220,-1.1610,-1.5765,1.5501,-1.4541
pos,221,-1.1630,-1.5885,1.5501,-1.4537
pos,222,-1.1650,-1.6007,1.5500,-1.4532
pos,223,-1.1670,-1.6128,1.5500,-1.4527
pos,224,-1.1691,-1.6251,1.5499,-1.4524
pos,225,-1.1712,-1.6376,1.5499,-1.4521
pos,226,-1.1733,-1.6503,1.5498,-1.4518
pos,227,-1.1755,-1.6634,1.5497,-1.4514
pos,228,-1.1778,-1.6767,1.5496,-1.4510
pos,229,-1.1801,-1.6903,1.5494,-1.4507
pos,230,-1.1825,-1.7044,1.5491,-1.4505
pos,231,-1.1850,-1.7189,1.5487,-1.4502
pos,232,-1.1876,-1.7341,1.5480,-1.4500
pos,233,-1.1903,-1.7497,1.5470,-1.4497
pos,234,-1.1932,-1.7661,1.5456,-1.4494
pos,235,-1.1961,-1.7831,1.5434,-1.4491
pos,236,-1.1990,-1.7999,1.5418,-1.4488
pos,237,-1.2018,-1.8161,1.5405,-1.4487
pos,238,-1.2045,-1.8321,1.5393,-1.4486
pos,239,-1.2071,-1.8477,1.5380,-1.4484
pos,240,-1.2097,-1.8630,1.5380,-1.4483
pos,241,-1.2121,-1.8779,1.5376,-1.4482
pos,242,-1.2146,-1.8926,1.5368,-1.4481
pos,243,-1.2170,-1.9070,1.5356,-1.4480
pos,244,-1.2193,-1.9211,1.5336,-1.4480
pos,245,-1.2215,-1.9350,1.5322,-1.4481
pos,246,-1.2237,-1.9484,1.5312,-1.4481
pos,247,-1.2259,-1.9617,1.5303,-1.4481
pos,248,-1.2279,-1.9746,1.5295,-1.4481
pos,249,-1.2300,-1.9873,1.5287,-1.4481
pos,250,-1.2320,-1.9998,1.5276,-1.4481
pos,251,-1.2339,-2.0120,1.5260,-1.4481
pos,252,-1.2358,-2.0240,1.5237,-1.4480
pos,253,-1.2376,-2.0356,1.5218,-1.4482
pos,254,-1.2394,-2.0470,1.5201,-1.4483
pos,255,-1.2412,-2.0584,1.5184,-1.4484
pos,256,-1.2429,-2.0693,1.5162,-1.4485
pos,257,-1.2446,-2.0801,1.5134,-1.4486
pos,258,-1.2463,-2.0908,1.5110,-1.4486
pos,259,-1.2479,-2.1011,1.5086,-1.4487
pos,260,-1.2495,-2.1113,1.5059,-1.4487
pos,261,-1.2510,-2.1212,1.5025,-1.4487
pos,262,-1.2526,-2.1309,1.4994,-1.4488
pos,263,-1.2541,-2.1404,1.4960,-1.4490
pos,264,-1.2555,-2.1497,1.4920,-1.4491
pos,265,-1.2569,-2.1588,1.4881,-1.4493
pos,266,-1.2583,-2.1679,1.4839,-1.4493
pos,267,-1.2597,-2.1768,1.4801,-1.4494
pos,268,-1.2611,-2.1854,1.4763,-1.4494
pos,269,-1.2624,-2.1939,1.4719,-1.4495
pos,270,-1.2637,-2.2022,1.4676,-1.4494
pos,271,-1.2649,-2.2103,1.4629,-1.4494
pos,272,-1.2661,-2.2182,1.4586,-1.4493
pos,273,-1.2673,-2.2260,1.4540,-1.4494
pos,274,-1.2685,-2.2335,1.4499,-1.4495
pos,275,-1.2696,-2.2409,1.4457,-1.4496
pos,276,-1.2707,-2.2482,1.4406,-1.4496
pos,277,-1.2718,-2.2554,1.4357,-1.4496
pos,278,-1.2729,-2.2623,1.4299,-1.4495
pos,279,-1.2739,-2.2691,1.4240,-1.4494
pos,280,-1.2748,-2.2758,1.4188,-1.4493
pos,281,-1.2758,-2.2824,1.4134,-1.4492
pos,282,-1.2767,-2.2887,1.4084,-1.4490
pos,283,-1.2776,-2.2949,1.4030,-1.4488
pos,284,-1.2785,-2.3010,1.3981,-1.4486
pos,285,-1.2793,-2.3070,1.3927,-1.4483
pos,286,-1.2802,-2.3127,1.3877,-1.4482
pos,287,-1.2810,-2.3182,1.3823,-1.4481
pos,288,-1.2818,-2.3237,1.3772,-1.4479
pos,289,-1.2826,-2.3291,1.3715,-1.4477
pos,290,-1.2833,-2.3341,1.3661,-1.4475
pos,291,-1.2840,-2.3390,1.3616,-1.4472
pos,292,-1.2847,-2.3439,1.3573,-1.4469
pos,293,-1.2854,-2.3486,1.3525,-1.4466
pos,294,-1.2860,-2.3532,1.3480,-1.4463
pos,295,-1.2866,-2.3575,1.3432,-1.4459
pos,296,-1.2871,-2.3617,1.3388,-1.4455
pos,297,-1.2877,-2.3658,1.3341,-1.4451
pos,298,-1.2882,-2.3698,1.3302,-1.4446
pos,299,-1.2888,-2.3736,1.3264,-1.4442
pos,300,-1.2893,-2.3772,1.3220,-1.4436
pos,301,-1.2898,-2.3806,1.3181,-1.4431
pos,302,-1.2902,-2.3840,1.3139,-1.4425
pos,303,-1.2907,-2.3872,1.3104,-1.4421
pos,304,-1.2912,-2.3903,1.3069,-1.4417
pos,305,-1.2917,-2.3934,1.3031,-1.4412
pos,306,-1.2921,-2.3960,1.2998,-1.4407
pos,307,-1.2926,-2.3986,1.2965,-1.4402
pos,308,-1.2930,-2.4010,1.2927,-1.4396
