delay,0
pos,0,-1.6130,-3.4387,1.4698,-3.4192
pos,1,-1.6179,-3.4361,1.4729,-3.4296
pos,2,-1.6234,-3.4337,1.4781,-3.4399
pos,3,-1.6291,-3.4317,1.4846,-3.4503
pos,4,-1.6352,-3.4299,1.4902,-3.4608
pos,5,-1.6414,-3.4282,1.4957,-3.4712
pos,6,-1.6478,-3.4267,1.5005,-3.4817
pos,7,-1.6543,-3.4253,1.5038,-3.4922
pos,8,-1.6609,-3.4239,1.5060,-3.5027
pos,9,-1.6678,-3.4226,1.5075,-3.5133
pos,10,-1.6747,-3.4215,1.5085,-3.5239
pos,11,-1.6818,-3.4204,1.5093,-3.5346
pos,12,-1.6892,-3.4194,1.5098,-3.5455
pos,13,-1.6967,-3.4185,1.5103,-3.5564
pos,14,-1.7046,-3.4177,1.5107,-3.5675
pos,15,-1.7127,-3.4169,1.5111,-3.5787
pos,16,-1.7211,-3.4162,1.5116,-3.5901
pos,17,-1.7300,-3.4156,1.5123,-3.6016
pos,18,-1.7392,-3.4151,1.5132,-3.6133
pos,19,-1.7489,-3.4145,1.5146,-3.6252
pos,20,-1.7590,-3.4141,1.5165,-3.6372
pos,21,-1.7696,-3.4138,1.5195,-3.6496
pos,22,-1.7808,-3.4135,1.5238,-3.6621
pos,23,-1.7926,-3.4131,1.5301,-3.6750
pos,24,-1.8049,-3.4130,1.5396,-3.6880
pos,25,-1.8179,-3.4129,1.5537,-3.7015
pos,26,-1.8317,-3.4128,1.5746,-3.7153
pos,27,-1.8463,-3.4127,1.6058,-3.7295
pos,28,-1.8601,-3.4125,1.6265,-3.7440
pos,29,-1.8733,-3.4121,1.6402,-3.7589
pos,30,-1.8859,-3.4113,1.6490,-3.7740
pos,31,-1.8980,-3.4103,1.6543,-3.7895
pos,32,-1.9094,-3.4093,1.6571,-3.8052
pos,33,-1.9204,-3.4079,1.6577,-3.8213
pos,34,-1.9309,-3.4064,1.6563,-3.8375
pos,35,-1.9410,-3.4047,1.6543,-3.8541
pos,36,-1.9505,-3.4026,1.6529,-3.8707
pos,37,-1.9596,-3.4005,1.6518,-3.8873
pos,38,-1.9682,-3.3982,1.6511,-3.9041
pos,39,-1.9764,-3.3956,1.6505,-3.9209
pos,40,-1.9842,-3.3929,1.6499,-3.9378
pos,41,-1.9916,-3.3899,1.6493,-3.9544
pos,42,-1.9988,-3.3865,1.6485,-3.9706
pos,43,-2.0057,-3.3827,1.6475,-3.9866
pos,44,-2.0125,-3.3784,1.6461,-4.0023
pos,45,-2.0190,-3.3737,1.6441,-4.0178
pos,46,-2.0253,-3.3686,1.6427,-4.0331
pos,47,-2.0313,-3.3632,1.6417,-4.0482
pos,48,-2.0372,-3.3574,1.6411,-4.0630
pos,49,-2.0429,-3.3510,1.6406,-4.0776
pos,50,-2.0484,-3.3443,1.6402,-4.0920
pos,51,-2.0537,-3.3372,1.6399,-4.1062
pos,52,-2.0588,-3.3297,1.6395,-4.1201
pos,53,-2.0637,-3.3220,1.6392,-4.1338
pos,54,-2.0684,-3.3139,1.6387,-4.1475
pos,55,-2.0729,-3.3054,1.6380,-4.1610
pos,56,-2.0773,-3.2967,1.6371,-4.1743
pos,57,-2.0815,-3.2875,1.6357,-4.1873
pos,58,-2.0855,-3.2781,1.6337,-4.2001
pos,59,-2.0894,-3.2683,1.6323,-4.2126
pos,60,-2.0931,-3.2582,1.6313,-4.2249
pos,61,-2.0966,-3.2478,1.6305,-4.2372
pos,62,-2.1000,-3.2370,1.6299,-4.2493
pos,63,-2.1032,-3.2260,1.6293,-4.2611
pos,64,-2.1063,-3.2146,1.6287,-4.2726
pos,65,-2.1092,-3.2029,1.6280,-4.2840
pos,66,-2.1120,-3.1909,1.6269,-4.2953
pos,67,-2.1146,-3.1786,1.6255,-4.3063
pos,68,-2.1170,-3.1659,1.6233,-4.3171
pos,69,-2.1193,-3.1529,1.6218,-4.3277
pos,70,-2.1215,-3.1396,1.6206,-4.3383
pos,71,-2.1235,-3.1261,1.6196,-4.3486
pos,72,-2.1253,-3.1124,1.6186,-4.3586
pos,73,-2.1270,-3.0983,1.6175,-4.3687
pos,74,-2.1283,-3.0840,1.6160,-4.3785
pos,75,-2.1295,-3.0694,1.6138,-4.3881
pos,76,-2.1306,-3.0546,1.6123,-4.3977
pos,77,-2.1315,-3.0396,1.6111,-4.4071
pos,78,-2.1322,-3.0244,1.6101,-4.4162
pos,79,-2.1329,-3.0089,1.6090,-4.4254
pos,80,-2.1334,-2.9930,1.6079,-4.4344
pos,81,-2.1338,-2.9771,1.6064,-4.4434
pos,82,-2.1340,-2.9610,1.6043,-4.4523
pos,83,-2.1341,-2.9445,1.6029,-4.4610
pos,84,-2.1341,-2.9280,1.6020,-4.4698
pos,85,-2.1340,-2.9113,1.6014,-4.4784
pos,86,-2.1337,-2.8942,1.6010,-4.4870
pos,87,-2.1332,-2.8772,1.6007,-4.4955
pos,88,-2.1326,-2.8598,1.6006,-4.5041
pos,89,-2.1319,-2.8422,1.6005,-4.5125
pos,90,-2.1310,-2.8246,1.6006,-4.5210
pos,91,-2.1300,-2.8068,1.6007,-4.5293
pos,92,-2.1288,-2.7886,1.6010,-4.5377
pos,93,-2.1275,-2.7705,1.6014,-4.5460
pos,94,-2.1260,-2.7526,1.6021,-4.5544
pos,95,-2.1246,-2.7348,1.6031,-4.5628
pos,96,-2.1229,-2.7171,1.6046,-4.5712
pos,97,-2.1212,-2.6995,1.6068,-4.5795
pos,98,-2.1195,-2.6821,1.6085,-4.5879
pos,99,-2.1176,-2.6649,1.6100,-4.5962
pos,100,-2.1155,-2.6479,1.6114,-4.6047
pos,101,-2.1129,-2.6311,1.6126,-4.6131
pos,102,-2.1100,-2.6144,1.6138,-4.6215
pos,103,-2.1066,-2.5980,1.6150,-4.6300
pos,104,-2.1030,-2.5819,1.6160,-4.6385
pos,105,-2.0991,-2.5661,1.6171,-4.6472
pos,106,-2.0947,-2.5506,1.6182,-4.6558
pos,107,-2.0900,-2.5352,1.6192,-4.6645
pos,108,-2.0851,-2.5201,1.6204,-4.6732
pos,109,-2.0797,-2.5054,1.6215,-4.6820
pos,110,-2.0740,-2.4907,1.6226,-4.6909
pos,111,-2.0681,-2.4763,1.6239,-4.6998
pos,112,-2.0617,-2.4623,1.6252,-4.7088
pos,113,-2.0550,-2.4486,1.6267,-4.7177
pos,114,-2.0481,-2.4350,1.6285,-4.7268
pos,115,-2.0409,-2.4217,1.6292,-4.7360
pos,116,-2.0334,-2.4086,1.6289,-4.7452
pos,117,-2.0254,-2.3959,1.6287,-4.7545
pos,118,-2.0172,-2.3835,1.6287,-4.7639
pos,119,-2.0087,-2.3712,1.6287,-4.7733
pos,120,-2.0000,-2.3594,1.6287,-4.7828
pos,121,-1.9910,-2.3478,1.6286,-4.7924
pos,122,-1.9817,-2.3365,1.6283,-4.8019
pos,123,-1.9722,-2.3255,1.6276,-4.8116
pos,124,-1.9623,-2.3148,1.6265,-4.8214
pos,125,-1.9523,-2.3044,1.6247,-4.8310
pos,126,-1.9420,-2.2942,1.6234,-4.8408
pos,127,-1.9314,-2.2844,1.6225,-4.8506
pos,128,-1.9207,-2.2750,1.6217,-4.8604
pos,129,-1.9097,-2.2659,1.6210,-4.8702
pos,130,-1.8985,-2.2571,1.6202,-4.8802
pos,131,-1.8870,-2.2486,1.6191,-4.8902
pos,132,-1.8754,-2.2405,1.6177,-4.9001
pos,133,-1.8634,-2.2325,1.6155,-4.9105
pos,134,-1.8513,-2.2250,1.6140,-4.9212
pos,135,-1.8389,-2.2177,1.6128,-4.9322
pos,136,-1.8264,-2.2108,1.6118,-4.9434
pos,137,-1.8138,-2.2041,1.6111,-4.9549
pos,138,-1.8011,-2.1978,1.6105,-4.9667
pos,139,-1.7881,-2.1919,1.6100,-4.9789
pos,140,-1.7749,-2.1861,1.6097,-4.9914
pos,141,-1.7614,-2.1808,1.6095,-5.0042
pos,142,-1.7476,-2.1758,1.6093,-5.0172
pos,143,-1.7337,-2.1710,1.6093,-5.0304
pos,144,-1.7193,-2.1664,1.6094,-5.0439
pos,145,-1.7046,-2.1622,1.6095,-5.0575
pos,146,-1.6892,-2.1581,1.6095,-5.0715
pos,147,-1.6735,-2.1541,1.6094,-5.0856
pos,148,-1.6571,-2.1504,1.6089,-5.0999
pos,149,-1.6401,-2.1468,1.6076,-5.1143
pos,150,-1.6223,-2.1435,1.6053,-5.1290
pos,151,-1.6040,-2.1403,1.6012,-5.1437
pos,152,-1.5855,-2.1374,1.5980,-5.1586
pos,153,-1.5669,-2.1349,1.5954,-5.1736
pos,154,-1.5485,-2.1328,1.5932,-5.1885
pos,155,-1.5300,-2.1310,1.5913,-5.2035
pos,156,-1.5115,-2.1297,1.5896,-5.2187
pos,157,-1.4931,-2.1286,1.5881,-5.2339
pos,158,-1.4746,-2.1279,1.5868,-5.2493
pos,159,-1.4562,-2.1275,1.5856,-5.2649
pos,160,-1.4376,-2.1275,1.5845,-5.2805
pos,161,-1.4187,-2.1277,1.5836,-5.2961
pos,162,-1.3997,-2.1283,1.5827,-5.3119
pos,163,-1.3803,-2.1293,1.5819,-5.3277
pos,164,-1.3605,-2.1305,1.5812,-5.3433
pos,165,-1.3404,-2.1321,1.5804,-5.3586
pos,166,-1.3195,-2.1340,1.5795,-5.3738
pos,167,-1.2981,-2.1362,1.5783,-5.3887
pos,168,-1.2761,-2.1389,1.5766,-5.4033
pos,169,-1.2534,-2.1418,1.5742,-5.4177
pos,170,-1.2306,-2.1451,1.5724,-5.4318
pos,171,-1.2079,-2.1487,1.5714,-5.4456
pos,172,-1.1852,-2.1527,1.5712,-5.4591
pos,173,-1.1628,-2.1569,1.5705,-5.4724
pos,174,-1.1401,-2.1614,1.5696,-5.4853
pos,175,-1.1178,-2.1663,1.5685,-5.4980
pos,176,-1.0955,-2.1715,1.5675,-5.5104
pos,177,-1.0732,-2.1769,1.5667,-5.5227
pos,178,-1.0508,-2.1826,1.5663,-5.5346
pos,179,-1.0288,-2.1886,1.5665,-5.5462
pos,180,-1.0069,-2.1949,1.5662,-5.5577
pos,181,-0.9849,-2.2014,1.5655,-5.5688
pos,182,-0.9631,-2.2081,1.5646,-5.5798
pos,183,-0.9414,-2.2151,1.5638,-5.5905
pos,184,-0.9199,-2.2224,1.5632,-5.6011
pos,185,-0.8983,-2.2298,1.5629,-5.6114
pos,186,-0.8769,-2.2375,1.5633,-5.6215
pos,187,-0.8556,-2.2453,1.5632,-5.6314
pos,188,-0.8344,-2.2535,1.5627,-5.6411
pos,189,-0.8134,-2.2617,1.5621,-5.6505
pos,190,-0.7924,-2.2702,1.5617,-5.6598
pos,191,-0.7716,-2.2789,1.5616,-5.6689
pos,192,-0.7511,-2.2877,1.5620,-5.6778
pos,193,-0.7306,-2.2967,1.5618,-5.6865
pos,194,-0.7104,-2.3058,1.5611,-5.6950
pos,195,-0.6904,-2.3150,1.5601,-5.7033
pos,196,-0.6704,-2.3244,1.5589,-5.7116
pos,197,-0.6508,-2.3340,1.5576,-5.7195
pos,198,-0.6311,-2.3437,1.5561,-5.7274
pos,199,-0.6115,-2.3537,1.5547,-5.7350
pos,200,-0.5918,-2.3639,1.5533,-5.7426
pos,201,-0.5723,-2.3744,1.5519,-5.7501
pos,202,-0.5528,-2.3850,1.5505,-5.7573
pos,203,-0.5334,-2.3960,1.5491,-5.7645
pos,204,-0.5140,-2.4072,1.5476,-5.7714
pos,205,-0.4943,-2.4189,1.5463,-5.7782
pos,206,-0.4747,-2.4308,1.5448,-5.7849
pos,207,-0.4547,-2.4432,1.5433,-5.7911
pos,208,-0.4343,-2.4560,1.5419,-5.7967
pos,209,-0.4137,-2.4694,1.5404,-5.8019
pos,210,-0.3926,-2.4834,1.5391,-5.8065
pos,211,-0.3708,-2.4979,1.5379,-5.8106
pos,212,-0.3484,-2.5132,1.5371,-5.8144
pos,213,-0.3252,-2.5291,1.5369,-5.8175
pos,214,-0.3011,-2.5458,1.5375,-5.8200
pos,215,-0.2761,-2.5633,1.5396,-5.8222
pos,216,-0.2502,-2.5817,1.5437,-5.8236
pos,217,-0.2232,-2.6010,1.5512,-5.8245
pos,218,-0.1965,-2.6200,1.5570,-5.8250
pos,219,-0.1704,-2.6387,1.5618,-5.8248
pos,220,-0.1448,-2.6571,1.5663,-5.8242
pos,221,-0.1196,-2.6753,1.5710,-5.8231
pos,222,-0.0950,-2.6932,1.5749,-5.8215
pos,223,-0.0711,-2.7108,1.5785,-5.8195
pos,224,-0.0476,-2.7281,1.5820,-5.8171
pos,225,-0.0245,-2.7453,1.5861,-5.8141
pos,226,-0.0017,-2.7622,1.5896,-5.8109
pos,227,0.0205,-2.7788,1.5927,-5.8071
pos,228,0.0423,-2.7952,1.5958,-5.8030
pos,229,0.0637,-2.8112,1.5991,-5.7986
pos,230,0.0849,-2.8271,1.6031,-5.7937
pos,231,0.1054,-2.8427,1.6065,-5.7885
pos,232,0.1254,-2.8581,1.6096,-5.7830
pos,233,0.1451,-2.8732,1.6128,-5.7772
pos,234,0.1645,-2.8880,1.6163,-5.7710
pos,235,0.1835,-2.9027,1.6205,-5.7646
pos,236,0.2021,-2.9170,1.6243,-5.7580
pos,237,0.2205,-2.9311,1.6281,-5.7511
pos,238,0.2386,-2.9450,1.6324,-5.7437
pos,239,0.2563,-2.9586,1.6359,-5.7361
pos,240,0.2738,-2.9720,1.6392,-5.7283
pos,241,0.2906,-2.9852,1.6425,-5.7202
pos,242,0.3071,-2.9980,1.6460,-5.7120
pos,243,0.3233,-3.0106,1.6502,-5.7035
pos,244,0.3390,-3.0228,1.6538,-5.6949
pos,245,0.3546,-3.0348,1.6573,-5.6860
pos,246,0.3697,-3.0465,1.6610,-5.6769
pos,247,0.3844,-3.0578,1.6652,-5.6676
pos,248,0.3989,-3.0689,1.6688,-5.6582
pos,249,0.4129,-3.0796,1.6722,-5.6485
pos,250,0.4267,-3.0901,1.6756,-5.6387
pos,251,0.4400,-3.1002,1.6794,-5.6287
pos,252,0.4528,-3.1100,1.6824,-5.6186
pos,253,0.4652,-3.1194,1.6847,-5.6083
pos,254,0.4773,-3.1286,1.6867,-5.5980
pos,255,0.4891,-3.1375,1.6882,-5.5875
pos,256,0.5007,-3.1462,1.6896,-5.5769
pos,257,0.5119,-3.1546,1.6907,-5.5662
pos,258,0.5231,-3.1629,1.6917,-5.5554
pos,259,0.5341,-3.1710,1.6926,-5.5444
pos,260,0.5451,-3.1791,1.6933,-5.5333
pos,261,0.5559,-3.1870,1.6940,-5.5223
pos,262,0.5668,-3.1950,1.6946,-5.5111
pos,263,0.5776,-3.2028,1.6951,-5.4998
pos,264,0.5886,-3.2108,1.6956,-5.4883
pos,265,0.5993,-3.2188,1.6961,-5.4766
pos,266,0.6104,-3.2269,1.6967,-5.4651
pos,267,0.6215,-3.2351,1.6974,-5.4534
pos,268,0.6329,-3.2434,1.6983,-5.4415
pos,269,0.6447,-3.2520,1.6998,-5.4294
pos,270,0.6567,-3.2607,1.7019,-5.4174
pos,271,0.6691,-3.2696,1.7051,-5.4051
pos,272,0.6819,-3.2787,1.7099,-5.3927
pos,273,0.6951,-3.2881,1.7173,-5.3803
pos,274,0.7090,-3.2978,1.7284,-5.3676
pos,275,0.7233,-3.3078,1.7453,-5.3548
pos,276,0.7373,-3.3174,1.7576,-5.3419
pos,277,0.7507,-3.3264,1.7671,-5.3287
pos,278,0.7638,-3.3351,1.7752,-5.3153
pos,279,0.7767,-3.3434,1.7830,-5.3019
pos,280,0.7890,-3.3512,1.7900,-5.2883
pos,281,0.8010,-3.3587,1.7971,-5.2744
pos,282,0.8125,-3.3660,1.8021,-5.2605
pos,283,0.8234,-3.3729,1.8057,-5.2464
pos,284,0.8340,-3.3794,1.8082,-5.2323
pos,285,0.8442,-3.3856,1.8115,-5.2180
pos,286,0.8539,-3.3915,1.8144,-5.2036
pos,287,0.8633,-3.3970,1.8171,-5.1894
pos,288,0.8723,-3.4022,1.8200,-5.1750
pos,289,0.8809,-3.4071,1.8233,-5.1607
pos,290,0.8891,-3.4117,1.8259,-5.1463
pos,291,0.8971,-3.4160,1.8280,-5.1321
pos,292,0.9047,-3.4199,1.8298,-5.1178
pos,293,0.9120,-3.4236,1.8315,-5.1035
pos,294,0.9192,-3.4271,1.8332,-5.0892
pos,295,0.9262,-3.4303,1.8352,-5.0750
pos,296,0.9329,-3.4333,1.8376,-5.0607
pos,297,0.9395,-3.4360,1.8408,-5.0465
pos,298,0.9460,-3.4386,1.8451,-5.0322
pos,299,0.9524,-3.4409,1.8512,-5.0180
pos,300,0.9586,-3.4430,1.8600,-5.0036
pos,301,0.9647,-3.4449,1.8728,-4.9893
pos,302,0.9706,-3.4465,1.8835,-4.9749
pos,303,0.9760,-3.4476,1.8921,-4.9607
pos,304,0.9810,-3.4486,1.8983,-4.9469
pos,305,0.9856,-3.4492,1.9030,-4.9333
pos,306,0.9899,-3.4495,1.9068,-4.9199
pos,307,0.9941,-3.4491,1.9087,-4.9067
