delay,0
pos,0,-0.4527,-2.4657,1.3502,-4.2250
pos,1,-0.4520,-2.4700,1.3502,-4.2363
pos,2,-0.4512,-2.4743,1.3503,-4.2475
pos,3,-0.4504,-2.4787,1.3504,-4.2590
pos,4,-0.4496,-2.4830,1.3505,-4.2707
pos,5,-0.4488,-2.4872,1.3508,-4.2823
pos,6,-0.4480,-2.4911,1.3512,-4.2938
pos,7,-0.4473,-2.4949,1.3517,-4.3053
pos,8,-0.4467,-2.4982,1.3526,-4.3165
pos,9,-0.4461,-2.5012,1.3538,-4.3276
pos,10,-0.4456,-2.5038,1.3557,-4.3384
pos,11,-0.4451,-2.5063,1.3569,-4.3490
pos,12,-0.4447,-2.5084,1.3576,-4.3594
pos,13,-0.4443,-2.5103,1.3579,-4.3698
pos,14,-0.4439,-2.5118,1.3579,-4.3800
pos,15,-0.4436,-2.5131,1.3591,-4.3900
pos,16,-0.4433,-2.5141,1.3602,-4.3997
pos,17,-0.4430,-2.5147,1.3613,-4.4095
pos,18,-0.4428,-2.5152,1.3626,-4.4190
pos,19,-0.4427,-2.5154,1.3644,-4.4283
pos,20,-0.4425,-2.5153,1.3668,-4.4374
pos,21,-0.4424,-2.5151,1.3687,-4.4464
pos,22,-0.4423,-2.5145,1.3705,-4.4553
pos,23,-0.4422,-2.5138,1.3723,-4.4639
pos,24,-0.4422,-2.5126,1.3745,-4.4726
pos,25,-0.4423,-2.5113,1.3758,-4.4809
pos,26,-0.4423,-2.5099,1.3764,-4.4891
pos,27,-0.4424,-2.5080,1.3780,-4.4973
pos,28,-0.4425,-2.5060,1.3793,-4.5052
pos,29,-0.4426,-2.5037,1.3806,-4.5131
pos,30,-0.4428,-2.5013,1.3819,-4.5209
pos,31,-0.4429,-2.4985,1.3835,-4.5284
pos,32,-0.4431,-2.4954,1.3856,-4.5359
pos,33,-0.4433,-2.4922,1.3871,-4.5433
pos,34,-0.4435,-2.4888,1.3881,-4.5508
pos,35,-0.4436,-2.4852,1.3888,-4.5585
pos,36,-0.4437,-2.4814,1.3893,-4.5664
pos,37,-0.4437,-2.4772,1.3898,-4.5746
pos,38,-0.4437,-2.4728,1.3901,-4.5830
pos,39,-0.4437,-2.4682,1.3905,-4.5915
pos,40,-0.4436,-2.4633,1.3910,-4.6001
pos,41,-0.4436,-2.4586,1.3916,-4.6090
pos,42,-0.4435,-2.4539,1.3925,-4.6180
pos,43,-0.4435,-2.4494,1.3939,-4.6272
pos,44,-0.4435,-2.4449,1.3958,-4.6367
pos,45,-0.4434,-2.4403,1.3970,-4.6462
pos,46,-0.4435,-2.4359,1.3978,-4.6559
pos,47,-0.4435,-2.4315,1.3982,-4.6657
pos,48,-0.4435,-2.4273,1.3983,-4.6758
pos,49,-0.4436,-2.4229,1.3982,-4.6859
pos,50,-0.4437,-2.4186,1.3978,-4.6962
pos,51,-0.4438,-2.4143,1.3970,-4.7068
pos,52,-0.4439,-2.4101,1.3958,-4.7175
pos,53,-0.4440,-2.4060,1.3939,-4.7282
pos,54,-0.4440,-2.4018,1.3926,-4.7392
pos,55,-0.4441,-2.3976,1.3917,-4.7503
pos,56,-0.4441,-2.3936,1.3911,-4.7614
pos,57,-0.4442,-2.3895,1.3906,-4.7727
pos,58,-0.4442,-2.3853,1.3903,-4.7842
pos,59,-0.4442,-2.3814,1.3900,-4.7957
pos,60,-0.4442,-2.3774,1.3897,-4.8075
pos,61,-0.4442,-2.3733,1.3893,-4.8191
pos,62,-0.4442,-2.3694,1.3889,-4.8310
pos,63,-0.4442,-2.3655,1.3882,-4.8431
pos,64,-0.4442,-2.3615,1.3873,-4.8551
pos,65,-0.4442,-2.3576,1.3860,-4.8673
pos,66,-0.4442,-2.3537,1.3840,-4.8796
pos,67,-0.4442,-2.3498,1.3826,-4.8919
pos,68,-0.4441,-2.3458,1.3816,-4.9045
pos,69,-0.4441,-2.3420,1.3809,-4.9170
pos,70,-0.4440,-2.3381,1.3804,-4.9298
pos,71,-0.4438,-2.3343,1.3799,-4.9424
pos,72,-0.4437,-2.3305,1.3794,-4.9553
pos,73,-0.4436,-2.3268,1.3788,-4.9681
pos,74,-0.4433,-2.3230,1.3780,-4.9810
pos,75,-0.4430,-2.3192,1.3768,-4.9940
pos,76,-0.4428,-2.3155,1.3752,-5.0071
pos,77,-0.4424,-2.3118,1.3728,-5.0201
pos,78,-0.4421,-2.3080,1.3708,-5.0334
pos,79,-0.4416,-2.3042,1.3690,-5.0466
pos,80,-0.4412,-2.3005,1.3670,-5.0599
pos,81,-0.4408,-2.2969,1.3646,-5.0733
pos,82,-0.4403,-2.2932,1.3629,-5.0863
pos,83,-0.4397,-2.2896,1.3616,-5.0991
pos,84,-0.4389,-2.2858,1.3606,-5.1117
pos,85,-0.4380,-2.2819,1.3597,-5.1240
pos,86,-0.4368,-2.2779,1.3588,-5.1360
pos,87,-0.4353,-2.2735,1.3576,-5.1479
pos,88,-0.4336,-2.2691,1.3561,-5.1595
pos,89,-0.4317,-2.2646,1.3540,-5.1708
pos,90,-0.4296,-2.2599,1.3525,-5.1819
pos,91,-0.4273,-2.2552,1.3514,-5.1928
pos,92,-0.4248,-2.2503,1.3505,-5.2035
pos,93,-0.4220,-2.2453,1.3496,-5.2140
pos,94,-0.4190,-2.2402,1.3488,-5.2244
pos,95,-0.4156,-2.2349,1.3477,-5.2346
pos,96,-0.4120,-2.2295,1.3462,-5.2446
pos,97,-0.4082,-2.2241,1.3442,-5.2545
pos,98,-0.4041,-2.2185,1.3428,-5.2641
pos,99,-0.3998,-2.2129,1.3419,-5.2735
pos,100,-0.3953,-2.2072,1.3413,-5.2829
pos,101,-0.3905,-2.2013,1.3409,-5.2921
pos,102,-0.3854,-2.1953,1.3406,-5.3011
pos,103,-0.3800,-2.1891,1.3404,-5.3100
pos,104,-0.3743,-2.1829,1.3403,-5.3186
pos,105,-0.3686,-2.1767,1.3402,-5.3273
pos,106,-0.3626,-2.1704,1.3401,-5.3358
pos,107,-0.3564,-2.1641,1.3401,-5.3441
pos,108,-0.3499,-2.1577,1.3400,-5.3524
pos,109,-0.3431,-2.1512,1.3400,-5.3606
pos,110,-0.3360,-2.1446,1.3400,-5.3686
pos,111,-0.3286,-2.1379,1.3400,-5.3766
pos,112,-0.3208,-2.1310,1.3400,-5.3844
pos,113,-0.3128,-2.1241,1.3400,-5.3921
pos,114,-0.3045,-2.1172,1.3400,-5.3998
pos,115,-0.2959,-2.1102,1.3400,-5.4073
pos,116,-0.2870,-2.1031,1.3399,-5.4147
pos,117,-0.2781,-2.0961,1.3399,-5.4221
pos,118,-0.2689,-2.0891,1.3398,-5.4293
pos,119,-0.2594,-2.0820,1.3397,-5.4364
pos,120,-0.2497,-2.0749,1.3396,-5.4435
pos,121,-0.2399,-2.0679,1.3394,-5.4504
pos,122,-0.2298,-2.0608,1.3392,-5.4574
pos,123,-0.2195,-2.0537,1.3388,-5.4642
pos,124,-0.2088,-2.0466,1.3382,-5.4711
pos,125,-0.1981,-2.0396,1.3373,-5.4778
pos,126,-0.1871,-2.0324,1.3359,-5.4843
pos,127,-0.1756,-2.0253,1.3339,-5.4908
pos,128,-0.1641,-2.0181,1.3326,-5.4972
pos,129,-0.1523,-2.0110,1.3316,-5.5035
pos,130,-0.1403,-2.0038,1.3310,-5.5096
pos,131,-0.1279,-1.9965,1.3304,-5.5158
pos,132,-0.1150,-1.9890,1.3300,-5.5217
pos,133,-0.1019,-1.9815,1.3295,-5.5277
pos,134,-0.0882,-1.9738,1.3289,-5.5335
pos,135,-0.0742,-1.9661,1.3282,-5.5394
pos,136,-0.0601,-1.9585,1.3272,-5.5453
pos,137,-0.0458,-1.9509,1.3258,-5.5511
pos,138,-0.0314,-1.9434,1.3236,-5.5570
pos,139,-0.0166,-1.9358,1.3221,-5.5627
pos,140,-0.0018,-1.9284,1.3208,-5.5685
pos,141,0.0134,-1.9209,1.3197,-5.5741
pos,142,0.0286,-1.9135,1.3186,-5.5798
pos,143,0.0441,-1.9062,1.3173,-5.5853
pos,144,0.0597,-1.8989,1.3155,-5.5909
pos,145,0.0757,-1.8916,1.3130,-5.5966
pos,146,0.0917,-1.8845,1.3109,-5.6020
pos,147,0.1079,-1.8774,1.3090,-5.6076
pos,148,0.1243,-1.8703,1.3070,-5.6129
pos,149,0.1411,-1.8632,1.3045,-5.6184
pos,150,0.1579,-1.8563,1.3027,-5.6238
pos,151,0.1750,-1.8494,1.3013,-5.6291
pos,152,0.1922,-1.8426,1.3001,-5.6345
pos,153,0.2097,-1.8358,1.2989,-5.6399
pos,154,0.2275,-1.8291,1.2976,-5.6451
pos,155,0.2457,-1.8223,1.2959,-5.6504
pos,156,0.2643,-1.8156,1.2935,-5.6558
pos,157,0.2829,-1.8090,1.2916,-5.6609
pos,158,0.3018,-1.8024,1.2901,-5.6661
pos,159,0.3207,-1.7960,1.2885,-5.6714
pos,160,0.3400,-1.7896,1.2867,-5.6764
pos,161,0.3594,-1.7833,1.2844,-5.6815
pos,162,0.3789,-1.7771,1.2827,-5.6866
pos,163,0.3986,-1.7709,1.2815,-5.6915
pos,164,0.4185,-1.7648,1.2806,-5.6964
pos,165,0.4387,-1.7587,1.2797,-5.7013
pos,166,0.4590,-1.7528,1.2788,-5.7061
pos,167,0.4793,-1.7469,1.2777,-5.7109
pos,168,0.4999,-1.7410,1.2762,-5.7157
pos,169,0.5206,-1.7353,1.2741,-5.7205
pos,170,0.5413,-1.7296,1.2727,-5.7251
pos,171,0.5624,-1.7240,1.2717,-5.7297
pos,172,0.5835,-1.7184,1.2709,-5.7343
pos,173,0.6046,-1.7129,1.2703,-5.7388
pos,174,0.6261,-1.7075,1.2698,-5.7432
pos,175,0.6478,-1.7021,1.2692,-5.7477
pos,176,0.6697,-1.6968,1.2684,-5.7522
pos,177,0.6922,-1.6914,1.2675,-5.7566
pos,178,0.7151,-1.6861,1.2661,-5.7609
pos,179,0.7385,-1.6808,1.2641,-5.7653
pos,180,0.7621,-1.6754,1.2628,-5.7698
pos,181,0.7858,-1.6702,1.2619,-5.7741
pos,182,0.8095,-1.6650,1.2612,-5.7784
pos,183,0.8333,-1.6599,1.2608,-5.7828
pos,184,0.8574,-1.6548,1.2606,-5.7872
pos,185,0.8816,-1.6498,1.2604,-5.7918
pos,186,0.9059,-1.6448,1.2603,-5.7962
pos,187,0.9302,-1.6399,1.2602,-5.8008
pos,188,0.9550,-1.6350,1.2601,-5.8054
pos,189,0.9793,-1.6303,1.2601,-5.8101
pos,190,1.0036,-1.6256,1.2601,-5.8148
pos,191,1.0277,-1.6210,1.2600,-5.8196
pos,192,1.0518,-1.6166,1.2600,-5.8245
pos,193,1.0757,-1.6122,1.2600,-5.8295
pos,194,1.0994,-1.6080,1.2600,-5.8347
pos,195,1.1229,-1.6039,1.2600,-5.8400
pos,196,1.1463,-1.5998,1.2600,-5.8452
pos,197,1.1698,-1.5959,1.2600,-5.8506
pos,198,1.1935,-1.5920,1.2600,-5.8562
pos,199,1.2173,-1.5881,1.2600,-5.8619
pos,200,1.2416,-1.5842,1.2600,-5.8677
pos,201,1.2662,-1.5804,1.2600,-5.8736
pos,202,1.2913,-1.5766,1.2601,-5.8797
pos,203,1.3170,-1.5727,1.2601,-5.8860
pos,204,1.3434,-1.5689,1.2601,-5.8926
pos,205,1.3706,-1.5649,1.2602,-5.8994
pos,206,1.3986,-1.5610,1.2603,-5.9066
pos,207,1.4265,-1.5571,1.2605,-5.9138
pos,208,1.4542,-1.5534,1.2607,-5.9213
pos,209,1.4818,-1.5498,1.2610,-5.9292
pos,210,1.5092,-1.5462,1.2616,-5.9373
pos,211,1.5365,-1.5429,1.2623,-5.9458
pos,212,1.5638,-1.5396,1.2634,-5.9547
pos,213,1.5910,-1.5365,1.2651,-5.9639
pos,214,1.6181,-1.5335,1.2660,-5.9733
pos,215,1.6451,-1.5307,1.2663,-5.9830
pos,216,1.6719,-1.5280,1.2675,-5.9931
pos,217,1.6986,-1.5255,1.2684,-6.0036
pos,218,1.7250,-1.5231,1.2690,-6.0145
pos,219,1.7510,-1.5208,1.2695,-6.0258
pos,220,1.7766,-1.5187,1.2699,-6.0375
pos,221,1.8017,-1.5167,1.2702,-6.0494
pos,222,1.8264,-1.5149,1.2706,-6.0617
pos,223,1.8508,-1.5131,1.2711,-6.0743
pos,224,1.8748,-1.5115,1.2717,-6.0873
pos,225,1.8984,-1.5100,1.2727,-6.1007
pos,226,1.9217,-1.5087,1.2740,-6.1144
pos,227,1.9447,-1.5074,1.2761,-6.1286
pos,228,1.9672,-1.5063,1.2774,-6.1431
pos,229,1.9894,-1.5052,1.2784,-6.1577
pos,230,2.0112,-1.5043,1.2791,-6.1727
pos,231,2.0327,-1.5034,1.2797,-6.1880
pos,232,2.0538,-1.5026,1.2803,-6.2036
pos,233,2.0746,-1.5018,1.2808,-6.2196
pos,234,2.0953,-1.5012,1.2816,-6.2358
pos,235,2.1158,-1.5006,1.2825,-6.2523
pos,236,2.1359,-1.5000,1.2839,-6.2691
pos,237,2.1556,-1.4995,1.2859,-6.2862
pos,238,2.1752,-1.4991,1.2873,-6.3035
pos,239,2.1944,-1.4987,1.2882,-6.3208
pos,240,2.2132,-1.4984,1.2888,-6.3383
pos,241,2.2318,-1.4981,1.2892,-6.3560
pos,242,2.2501,-1.4978,1.2895,-6.3739
pos,243,2.2682,-1.4976,1.2897,-6.3920
pos,244,2.2859,-1.4974,1.2899,-6.4102
pos,245,2.3034,-1.4971,1.2901,-6.4285
pos,246,2.3207,-1.4968,1.2903,-6.4468
pos,247,2.3376,-1.4966,1.2905,-6.4653
pos,248,2.3544,-1.4963,1.2908,-6.4838
pos,249,2.3711,-1.4962,1.2912,-6.5023
pos,250,2.3875,-1.4959,1.2918,-6.5206
pos,251,2.4038,-1.4957,1.2927,-6.5389
pos,252,2.4198,-1.4954,1.2940,-6.5572
pos,253,2.4357,-1.4950,1.2960,-6.5753
pos,254,2.4514,-1.4947,1.2974,-6.5934
pos,255,2.4667,-1.4943,1.2983,-6.6113
pos,256,2.4820,-1.4938,1.2989,-6.6291
pos,257,2.4972,-1.4933,1.2994,-6.6467
pos,258,2.5123,-1.4928,1.2998,-6.6641
pos,259,2.5273,-1.4921,1.3002,-6.6812
pos,260,2.5421,-1.4913,1.3006,-6.6981
pos,261,2.5567,-1.4905,1.3011,-6.7147
pos,262,2.5711,-1.4897,1.3017,-6.7310
pos,263,2.5853,-1.4888,1.3026,-6.7469
pos,264,2.5992,-1.4876,1.3040,-6.7623
pos,265,2.6129,-1.4865,1.3059,-6.7773
pos,266,2.6264,-1.4853,1.3073,-6.7920
pos,267,2.6396,-1.4840,1.3082,-6.8062
pos,268,2.6526,-1.4827,1.3088,-6.8199
pos,269,2.6654,-1.4813,1.3092,-6.8332
pos,270,2.6781,-1.4798,1.3094,-6.8460
pos,271,2.6906,-1.4783,1.3096,-6.8583
pos,272,2.7029,-1.4767,1.3098,-6.8701
pos,273,2.7149,-1.4749,1.3098,-6.8813
pos,274,2.7267,-1.4731,1.3099,-6.8921
pos,275,2.7381,-1.4712,1.3099,-6.9023
pos,276,2.7494,-1.4692,1.3100,-6.9120
pos,277,2.7603,-1.4670,1.3100,-6.9211
pos,278,2.7710,-1.4647,1.3101,-6.9296
pos,279,2.7813,-1.4623,1.3101,-6.9376
pos,280,2.7913,-1.4598,1.3102,-6.9448
pos,281,2.8010,-1.4571,1.3102,-6.9514
pos,282,2.8104,-1.4543,1.3104,-6.9574
pos,283,2.8195,-1.4514,1.3106,-6.9629
pos,284,2.8284,-1.4484,1.3108,-6.9677
pos,285,2.8369,-1.4453,1.3112,-6.9720
pos,286,2.8451,-1.4419,1.3118,-6.9758
pos,287,2.8533,-1.4388,1.3127,-6.9790
pos,288,2.8611,-1.4356,1.3141,-6.9817
pos,289,2.8688,-1.4327,1.3161,-6.9839
pos,290,2.8763,-1.4299,1.3174,-6.9858
pos,291,2.8835,-1.4271,1.3184,-6.9872
pos,292,2.8905,-1.4245,1.3190,-6.9882
pos,293,2.8974,-1.4219,1.3196,-6.9889
pos,294,2.9039,-1.4193,1.3200,-6.9893
pos,295,2.9102,-1.4168,1.3205,-6.9894
pos,296,2.9163,-1.4142,1.3210,-6.9892
pos,297,2.9222,-1.4117,1.3217,-6.9888
pos,298,2.9278,-1.4093,1.3227,-6.9882
pos,299,2.9331,-1.4068,1.3241,-6.9875
pos,300,2.9381,-1.4044,1.3261,-6.9866
pos,301,2.9427,-1.4018,1.3275,-6.9857
pos,302,2.9470,-1.3993,1.3285,-6.9844
pos,303,2.9510,-1.3966,1.3293,-6.9832
pos,304,2.9545,-1.3938,1.3300,-6.9818
pos,305,2.9575,-1.3907,1.3307,-6.9805
pos,306,2.9599,-1.3872,1.3314,-6.9791
pos,307,2.9617,-1.3833,1.3324,-6.9778
pos,308,2.9630,-1.3790,1.3338,-6.9765
pos,309,2.9637,-1.3743,1.3359,-6.9752
pos,310,2.9638,-1.3693,1.3372,-6.9740
pos,311,2.9633,-1.3637,1.3381,-6.9729
pos,312,2.9621,-1.3578,1.3387,-6.9719
pos,313,2.9602,-1.3513,1.3391,-6.9711
pos,314,2.9577,-1.3446,1.3394,-6.9704
pos,315,2.9545,-1.3373,1.3396,-6.9699
pos,316,2.9505,-1.3295,1.3397,-6.9697
pos,317,2.9457,-1.3210,1.3397,-6.9698
