delay,0
pos,0,-1.8220,-3.1625,1.3369,-0.3027
pos,1,-1.8099,-3.1714,1.3380,-0.3011
pos,2,-1.7976,-3.1805,1.3388,-0.2990
pos,3,-1.7851,-3.1896,1.3395,-0.2967
pos,4,-1.7724,-3.1989,1.3400,-0.2941
pos,5,-1.7595,-3.2082,1.3405,-0.2911
pos,6,-1.7465,-3.2177,1.3411,-0.2879
pos,7,-1.7332,-3.2273,1.3419,-0.2844
pos,8,-1.7197,-3.2370,1.3430,-0.2807
pos,9,-1.7060,-3.2468,1.3445,-0.2765
pos,10,-1.6922,-3.2566,1.3468,-0.2720
pos,11,-1.6783,-3.2664,1.3486,-0.2674
pos,12,-1.6644,-3.2762,1.3502,-0.2624
pos,13,-1.6504,-3.2860,1.3517,-0.2573
pos,14,-1.6364,-3.2957,1.3536,-0.2517
pos,15,-1.6222,-3.3056,1.3560,-0.2459
pos,16,-1.6079,-3.3154,1.3578,-0.2398
pos,17,-1.5937,-3.3252,1.3592,-0.2334
pos,18,-1.5794,-3.3349,1.3605,-0.2268
pos,19,-1.5651,-3.3446,1.3620,-0.2199
pos,20,-1.5506,-3.3543,1.3637,-0.2127
pos,21,-1.5362,-3.3640,1.3660,-0.2053
pos,22,-1.5218,-3.3736,1.3676,-0.1976
pos,23,-1.5075,-3.3831,1.3689,-0.1895
pos,24,-1.4931,-3.3925,1.3700,-0.1812
pos,25,-1.4788,-3.4019,1.3711,-0.1726
pos,26,-1.4646,-3.4111,1.3724,-0.1636
pos,27,-1.4504,-3.4203,1.3740,-0.1543
pos,28,-1.4366,-3.4292,1.3763,-0.1447
pos,29,-1.4231,-3.4379,1.3780,-0.1347
pos,30,-1.4099,-3.4464,1.3794,-0.1244
pos,31,-1.3970,-3.4547,1.3807,-0.1137
pos,32,-1.3845,-3.4628,1.3821,-0.1027
pos,33,-1.3723,-3.4706,1.3838,-0.0916
pos,34,-1.3605,-3.4782,1.3862,-0.0801
pos,35,-1.3491,-3.4856,1.3879,-0.0683
pos,36,-1.3379,-3.4928,1.3893,-0.0562
pos,37,-1.3272,-3.4997,1.3906,-0.0441
pos,38,-1.3168,-3.5065,1.3920,-0.0319
pos,39,-1.3068,-3.5130,1.3937,-0.0198
pos,40,-1.2970,-3.5195,1.3960,-0.0078
pos,41,-1.2876,-3.5257,1.3976,0.0044
pos,42,-1.2786,-3.5317,1.3989,0.0164
pos,43,-1.2701,-3.5376,1.4000,0.0284
pos,44,-1.2618,-3.5434,1.4010,0.0404
pos,45,-1.2539,-3.5490,1.4023,0.0523
pos,46,-1.2464,-3.5544,1.4039,0.0641
pos,47,-1.2392,-3.5597,1.4061,0.0759
pos,48,-1.2325,-3.5648,1.4077,0.0876
pos,49,-1.2262,-3.5698,1.4089,0.0994
pos,50,-1.2202,-3.5747,1.4099,0.1110
pos,51,-1.2147,-3.5794,1.4109,0.1226
pos,52,-1.2095,-3.5841,1.4121,0.1340
pos,53,-1.2048,-3.5886,1.4136,0.1452
pos,54,-1.2003,-3.5931,1.4157,0.1565
pos,55,-1.1963,-3.5974,1.4171,0.1675
pos,56,-1.1926,-3.6016,1.4181,0.1785
pos,57,-1.1894,-3.6057,1.4187,0.1892
pos,58,-1.1865,-3.6098,1.4191,0.1999
pos,59,-1.1839,-3.6138,1.4194,0.2104
pos,60,-1.1817,-3.6178,1.4196,0.2208
pos,61,-1.1799,-3.6217,1.4197,0.2309
pos,62,-1.1782,-3.6257,1.4197,0.2410
pos,63,-1.1771,-3.6295,1.4197,0.2509
pos,64,-1.1764,-3.6333,1.4197,0.2606
pos,65,-1.1759,-3.6371,1.4197,0.2701
pos,66,-1.1757,-3.6408,1.4195,0.2793
pos,67,-1.1761,-3.6445,1.4193,0.2884
pos,68,-1.1768,-3.6482,1.4190,0.2972
pos,69,-1.1778,-3.6520,1.4186,0.3058
pos,70,-1.1791,-3.6557,1.4179,0.3140
pos,71,-1.1808,-3.6596,1.4169,0.3221
pos,72,-1.1827,-3.6634,1.4153,0.3301
pos,73,-1.1850,-3.6672,1.4130,0.3376
pos,74,-1.1876,-3.6710,1.4112,0.3449
pos,75,-1.1908,-3.6747,1.4096,0.3519
pos,76,-1.1943,-3.6784,1.4080,0.3586
pos,77,-1.1981,-3.6821,1.4060,0.3651
pos,78,-1.2022,-3.6858,1.4034,0.3712
pos,79,-1.2067,-3.6894,1.4013,0.3771
pos,80,-1.2115,-3.6930,1.3995,0.3828
pos,81,-1.2166,-3.6966,1.3976,0.3880
pos,82,-1.2221,-3.7002,1.3952,0.3930
pos,83,-1.2278,-3.7038,1.3921,0.3978
pos,84,-1.2339,-3.7073,1.3894,0.4021
pos,85,-1.2401,-3.7108,1.3865,0.4062
pos,86,-1.2466,-3.7143,1.3831,0.4100
pos,87,-1.2533,-3.7178,1.3803,0.4135
pos,88,-1.2598,-3.7212,1.3774,0.4169
pos,89,-1.2665,-3.7246,1.3741,0.4205
pos,90,-1.2730,-3.7280,1.3715,0.4241
pos,91,-1.2795,-3.7313,1.3692,0.4278
pos,92,-1.2860,-3.7346,1.3667,0.4314
pos,93,-1.2924,-3.7379,1.3636,0.4351
pos,94,-1.2990,-3.7411,1.3612,0.4387
pos,95,-1.3055,-3.7443,1.3589,0.4425
pos,96,-1.3120,-3.7475,1.3565,0.4462
pos,97,-1.3184,-3.7507,1.3535,0.4501
pos,98,-1.3250,-3.7538,1.3511,0.4539
pos,99,-1.3314,-3.7569,1.3489,0.4579
pos,100,-1.3379,-3.7600,1.3465,0.4619
pos,101,-1.3443,-3.7630,1.3435,0.4660
pos,102,-1.3508,-3.7661,1.3412,0.4702
pos,103,-1.3572,-3.7691,1.3389,0.4745
pos,104,-1.3636,-3.7721,1.3366,0.4789
pos,105,-1.3700,-3.7750,1.3336,0.4830
pos,106,-1.3764,-3.7779,1.3313,0.4871
pos,107,-1.3826,-3.7808,1.3292,0.4908
pos,108,-1.3890,-3.7837,1.3269,0.4945
pos,109,-1.3954,-3.7865,1.3242,0.4979
pos,110,-1.4017,-3.7893,1.3221,0.5013
pos,111,-1.4080,-3.7922,1.3203,0.5044
pos,112,-1.4141,-3.7949,1.3186,0.5071
pos,113,-1.4203,-3.7977,1.3166,0.5093
pos,114,-1.4263,-3.8004,1.3142,0.5111
pos,115,-1.4324,-3.8031,1.3123,0.5125
pos,116,-1.4385,-3.8058,1.3109,0.5134
pos,117,-1.4444,-3.8085,1.3096,0.5139
pos,118,-1.4504,-3.8111,1.3082,0.5142
pos,119,-1.4564,-3.8137,1.3066,0.5140
pos,120,-1.4623,-3.8162,1.3044,0.5134
pos,121,-1.4682,-3.8188,1.3030,0.5125
pos,122,-1.4739,-3.8212,1.3020,0.5111
pos,123,-1.4796,-3.8237,1.3013,0.5094
pos,124,-1.4853,-3.8261,1.3008,0.5074
pos,125,-1.4909,-3.8284,1.3004,0.5050
pos,126,-1.4964,-3.8308,1.3002,0.5024
pos,127,-1.5020,-3.8331,1.2999,0.4993
pos,128,-1.5074,-3.8353,1.2996,0.4961
pos,129,-1.5128,-3.8375,1.2993,0.4924
pos,130,-1.5182,-3.8397,1.2989,0.4884
pos,131,-1.5234,-3.8418,1.2983,0.4841
pos,132,-1.5286,-3.8439,1.2974,0.4794
pos,133,-1.5338,-3.8460,1.2960,0.4746
pos,134,-1.5389,-3.8480,1.2941,0.4697
pos,135,-1.5439,-3.8499,1.2928,0.4648
pos,136,-1.5488,-3.8518,1.2919,0.4599
pos,137,-1.5537,-3.8537,1.2914,0.4550
pos,138,-1.5584,-3.8555,1.2911,0.4501
pos,139,-1.5631,-3.8572,1.2909,0.4452
pos,140,-1.5678,-3.8589,1.2909,0.4403
pos,141,-1.5724,-3.8606,1.2910,0.4354
pos,142,-1.5769,-3.8621,1.2913,0.4304
pos,143,-1.5813,-3.8637,1.2918,0.4255
pos,144,-1.5856,-3.8652,1.2926,0.4205
pos,145,-1.5900,-3.8666,1.2938,0.4156
pos,146,-1.5941,-3.8680,1.2941,0.4106
pos,147,-1.5982,-3.8693,1.2949,0.4058
pos,148,-1.6023,-3.8705,1.2966,0.4011
pos,149,-1.6063,-3.8717,1.2977,0.3963
pos,150,-1.6101,-3.8729,1.2985,0.3915
pos,151,-1.6138,-3.8739,1.2990,0.3866
pos,152,-1.6175,-3.8748,1.2993,0.3818
pos,153,-1.6211,-3.8757,1.2995,0.3770
pos,154,-1.6244,-3.8765,1.2997,0.3722
pos,155,-1.6277,-3.8773,1.2998,0.3673
pos,156,-1.6310,-3.8780,1.2999,0.3625
pos,157,-1.6341,-3.8786,1.2999,0.3576
pos,158,-1.6373,-3.8791,1.2999,0.3527
pos,159,-1.6401,-3.8795,1.2999,0.3479
pos,160,-1.6428,-3.8798,1.3000,0.3430
pos,161,-1.6455,-3.8800,1.3000,0.3381
pos,162,-1.6484,-3.8799,1.3000,0.3332
pos,163,-1.6514,-3.8796,1.3000,0.3283
pos,164,-1.6543,-3.8791,1.3000,0.3235
pos,165,-1.6574,-3.8782,1.3000,0.3186
pos,166,-1.6606,-3.8772,1.3002,0.3138
pos,167,-1.6640,-3.8758,1.3005,0.3089
pos,168,-1.6675,-3.8741,1.3011,0.3041
pos,169,-1.6710,-3.8723,1.3020,0.2992
pos,170,-1.6746,-3.8701,1.3020,0.2944
pos,171,-1.6782,-3.8677,1.3010,0.2896
pos,172,-1.6819,-3.8650,1.2991,0.2847
pos,173,-1.6858,-3.8621,1.2976,0.2799
pos,174,-1.6898,-3.8589,1.2963,0.2751
pos,175,-1.6938,-3.8554,1.2952,0.2703
pos,176,-1.6976,-3.8518,1.2942,0.2655
pos,177,-1.7015,-3.8479,1.2931,0.2607
pos,178,-1.7056,-3.8436,1.2921,0.2559
pos,179,-1.7098,-3.8391,1.2910,0.2511
pos,180,-1.7140,-3.8344,1.2899,0.2463
pos,181,-1.7183,-3.8294,1.2887,0.2418
pos,182,-1.7224,-3.8241,1.2875,0.2372
pos,183,-1.7266,-3.8186,1.2860,0.2326
pos,184,-1.7308,-3.8129,1.2844,0.2281
pos,185,-1.7351,-3.8068,1.2825,0.2235
pos,186,-1.7394,-3.8005,1.2802,0.2190
pos,187,-1.7439,-3.7938,1.2775,0.2144
pos,188,-1.7485,-3.7868,1.2740,0.2099
pos,189,-1.7532,-3.7795,1.2711,0.2054
pos,190,-1.7577,-3.7719,1.2686,0.2008
pos,191,-1.7621,-3.7641,1.2661,0.1964
pos,192,-1.7665,-3.7561,1.2636,0.1919
pos,193,-1.7710,-3.7478,1.2608,0.1875
pos,194,-1.7755,-3.7391,1.2575,0.1831
pos,195,-1.7801,-3.7302,1.2537,0.1787
pos,196,-1.7848,-3.7209,1.2503,0.1744
pos,197,-1.7895,-3.7113,1.2474,0.1700
pos,198,-1.7940,-3.7014,1.2446,0.1657
pos,199,-1.7986,-3.6913,1.2418,0.1614
pos,200,-1.8033,-3.6808,1.2388,0.1572
pos,201,-1.8079,-3.6701,1.2354,0.1529
pos,202,-1.8125,-3.6591,1.2314,0.1486
pos,203,-1.8171,-3.6478,1.2280,0.1444
pos,204,-1.8218,-3.6362,1.2250,0.1402
pos,205,-1.8266,-3.6243,1.2222,0.1360
pos,206,-1.8312,-3.6121,1.2195,0.1319
pos,207,-1.8357,-3.5997,1.2167,0.1278
pos,208,-1.8402,-3.5871,1.2137,0.1236
pos,209,-1.8448,-3.5741,1.2104,0.1195
pos,210,-1.8493,-3.5610,1.2064,0.1155
pos,211,-1.8538,-3.5476,1.2030,0.1114
pos,212,-1.8584,-3.5339,1.2000,0.1073
pos,213,-1.8628,-3.5200,1.1971,0.1033
pos,214,-1.8674,-3.5059,1.1942,0.0993
pos,215,-1.8719,-3.4915,1.1911,0.0953
pos,216,-1.8764,-3.4769,1.1876,0.0914
pos,217,-1.8809,-3.4620,1.1835,0.0875
pos,218,-1.8853,-3.4468,1.1801,0.0836
pos,219,-1.8895,-3.4315,1.1771,0.0797
pos,220,-1.8938,-3.4160,1.1743,0.0758
pos,221,-1.8982,-3.4001,1.1716,0.0720
pos,222,-1.9024,-3.3841,1.1688,0.0682
pos,223,-1.9067,-3.3678,1.1658,0.0644
pos,224,-1.9109,-3.3514,1.1624,0.0604
pos,225,-1.9152,-3.3348,1.1582,0.0560
pos,226,-1.9194,-3.3178,1.1546,0.0515
pos,227,-1.9236,-3.3007,1.1514,0.0466
pos,228,-1.9279,-3.2831,1.1486,0.0415
pos,229,-1.9320,-3.2654,1.1457,0.0363
pos,230,-1.9362,-3.2473,1.1428,0.0307
pos,231,-1.9403,-3.2291,1.1397,0.0249
pos,232,-1.9443,-3.2105,1.1364,0.0190
pos,233,-1.9482,-3.1915,1.1328,0.0126
pos,234,-1.9523,-3.1719,1.1288,0.0061
pos,235,-1.9563,-3.1518,1.1244,-0.0006
pos,236,-1.9604,-3.1315,1.1207,-0.0074
pos,237,-1.9643,-3.1111,1.1175,-0.0146
pos,238,-1.9682,-3.0904,1.1145,-0.0220
pos,239,-1.9720,-3.0696,1.1116,-0.0295
pos,240,-1.9757,-3.0486,1.1086,-0.0371
pos,241,-1.9794,-3.0274,1.1052,-0.0449
pos,242,-1.9831,-3.0060,1.1013,-0.0530
pos,243,-1.9866,-2.9845,1.0982,-0.0612
pos,244,-1.9900,-2.9629,1.0954,-0.0696
pos,245,-1.9933,-2.9411,1.0929,-0.0781
pos,246,-1.9965,-2.9193,1.0905,-0.0867
pos,247,-1.9997,-2.8972,1.0883,-0.0954
pos,248,-2.0025,-2.8750,1.0862,-0.1043
pos,249,-2.0054,-2.8526,1.0843,-0.1134
pos,250,-2.0081,-2.8302,1.0825,-0.1226
pos,251,-2.0107,-2.8078,1.0806,-0.1320
pos,252,-2.0133,-2.7850,1.0789,-0.1415
pos,253,-2.0158,-2.7623,1.0770,-0.1511
pos,254,-2.0180,-2.7396,1.0750,-0.1609
pos,255,-2.0203,-2.7166,1.0730,-0.1709
pos,256,-2.0224,-2.6936,1.0709,-0.1810
pos,257,-2.0245,-2.6703,1.0689,-0.1912
pos,258,-2.0264,-2.6469,1.0668,-0.2016
pos,259,-2.0282,-2.6234,1.0648,-0.2119
pos,260,-2.0299,-2.5997,1.0628,-0.2223
pos,261,-2.0315,-2.5758,1.0611,-0.2329
pos,262,-2.0329,-2.5519,1.0593,-0.2436
pos,263,-2.0342,-2.5279,1.0577,-0.2544
pos,264,-2.0354,-2.5039,1.0562,-0.2653
pos,265,-2.0363,-2.4799,1.0548,-0.2761
pos,266,-2.0373,-2.4557,1.0536,-0.2870
pos,267,-2.0380,-2.4316,1.0527,-0.2980
pos,268,-2.0386,-2.4076,1.0521,-0.3091
pos,269,-2.0391,-2.3834,1.0518,-0.3203
pos,270,-2.0395,-2.3592,1.0523,-0.3314
pos,271,-2.0396,-2.3351,1.0522,-0.3427
pos,272,-2.0396,-2.3111,1.0517,-0.3540
pos,273,-2.0395,-2.2870,1.0511,-0.3653
pos,274,-2.0393,-2.2629,1.0505,-0.3767
pos,275,-2.0389,-2.2389,1.0498,-0.3883
pos,276,-2.0384,-2.2151,1.0489,-0.3997
pos,277,-2.0379,-2.1911,1.0483,-0.4113
pos,278,-2.0372,-2.1671,1.0479,-0.4230
pos,279,-2.0364,-2.1433,1.0476,-0.4346
pos,280,-2.0354,-2.1195,1.0475,-0.4462
pos,281,-2.0346,-2.0957,1.0480,-0.4581
pos,282,-2.0336,-2.0720,1.0491,-0.4698
pos,283,-2.0325,-2.0484,1.0510,-0.4816
pos,284,-2.0314,-2.0249,1.0523,-0.4935
pos,285,-2.0304,-2.0015,1.0534,-0.5052
pos,286,-2.0294,-1.9782,1.0544,-0.5171
pos,287,-2.0284,-1.9551,1.0553,-0.5288
pos,288,-2.0273,-1.9323,1.0560,-0.5406
pos,289,-2.0264,-1.9094,1.0567,-0.5523
pos,290,-2.0255,-1.8866,1.0575,-0.5641
pos,291,-2.0245,-1.8638,1.0584,-0.5760
pos,292,-2.0236,-1.8410,1.0599,-0.5877
pos,293,-2.0227,-1.8183,1.0618,-0.5996
pos,294,-2.0222,-1.7957,1.0643,-0.6113
pos,295,-2.0217,-1.7733,1.0675,-0.6231
pos,296,-2.0215,-1.7513,1.0712,-0.6348
pos,297,-2.0214,-1.7295,1.0754,-0.6465
pos,298,-2.0217,-1.7081,1.0802,-0.6581
pos,299,-2.0221,-1.6872,1.0853,-0.6699
pos,300,-2.0226,-1.6666,1.0907,-0.6813
pos,301,-2.0231,-1.6466,1.0966,-0.6926
pos,302,-2.0234,-1.6273,1.1031,-0.7036
pos,303,-2.0238,-1.6087,1.1101,-0.7145
pos,304,-2.0244,-1.5908,1.1176,-0.7253
pos,305,-2.0252,-1.5739,1.1257,-0.7360
pos,306,-2.0262,-1.5579,1.1340,-0.7466
pos,307,-2.0275,-1.5429,1.1427,-0.7573
pos,308,-2.0293,-1.5288,1.1515,-0.7680
pos,309,-2.0317,-1.5156,1.1604,-0.7787
pos,310,-2.0345,-1.5035,1.1692,-0.7894
pos,311,-2.0380,-1.4922,1.1779,-0.8001
pos,312,-2.0421,-1.4819,1.1863,-0.8108
pos,313,-2.0468,-1.4725,1.1945,-0.8216
pos,314,-2.0522,-1.4640,1.2023,-0.8325
pos,315,-2.0583,-1.4562,1.2098,-0.8434
pos,316,-2.0654,-1.4496,1.2164,-0.8541
pos,317,-2.0735,-1.4440,1.2210,-0.8647
