delay,0
pos,0,0.4068,-1.3339,1.1914,-9.9731
pos,1,0.4055,-1.3323,1.1908,-9.9683
pos,2,0.4044,-1.3307,1.1903,-9.9636
pos,3,0.4037,-1.3294,1.1899,-9.9588
pos,4,0.4031,-1.3282,1.1895,-9.9539
pos,5,0.4029,-1.3272,1.1890,-9.9490
pos,6,0.4028,-1.3262,1.1885,-9.9440
pos,7,0.4030,-1.3254,1.1877,-9.9389
pos,8,0.4034,-1.3247,1.1867,-9.9339
pos,9,0.4040,-1.3243,1.1851,-9.9288
pos,10,0.4049,-1.3239,1.1844,-9.9236
pos,11,0.4060,-1.3238,1.1828,-9.9182
pos,12,0.4074,-1.3237,1.1818,-9.9130
pos,13,0.4089,-1.3238,1.1811,-9.9077
pos,14,0.4107,-1.3241,1.1807,-9.9022
pos,15,0.4127,-1.3246,1.1805,-9.8969
pos,16,0.4149,-1.3252,1.1804,-9.8916
pos,17,0.4173,-1.3259,1.1805,-9.8861
pos,18,0.4200,-1.3269,1.1806,-9.8806
pos,19,0.4229,-1.3281,1.1810,-9.8753
pos,20,0.4259,-1.3293,1.1816,-9.8699
pos,21,0.4292,-1.3307,1.1809,-9.8643
pos,22,0.4327,-1.3324,1.1805,-9.8582
pos,23,0.4365,-1.3342,1.1801,-9.8520
pos,24,0.4405,-1.3362,1.1799,-9.8455
pos,25,0.4446,-1.3383,1.1796,-9.8388
pos,26,0.4489,-1.3405,1.1794,-9.8319
pos,27,0.4535,-1.3429,1.1792,-9.8248
pos,28,0.4582,-1.3454,1.1789,-9.8175
pos,29,0.4631,-1.3481,1.1785,-9.8098
pos,30,0.4683,-1.3509,1.1779,-9.8019
pos,31,0.4736,-1.3538,1.1771,-9.7938
pos,32,0.4791,-1.3569,1.1758,-9.7856
pos,33,0.4849,-1.3601,1.1739,-9.7772
pos,34,0.4908,-1.3634,1.1727,-9.7687
pos,35,0.4970,-1.3669,1.1720,-9.7600
pos,36,0.5034,-1.3706,1.1717,-9.7511
pos,37,0.5102,-1.3746,1.1716,-9.7421
pos,38,0.5171,-1.3785,1.1719,-9.7329
pos,39,0.5238,-1.3823,1.1725,-9.7235
pos,40,0.5306,-1.3862,1.1736,-9.7140
pos,41,0.5373,-1.3899,1.1752,-9.7043
pos,42,0.5439,-1.3936,1.1761,-9.6944
pos,43,0.5506,-1.3972,1.1763,-9.6846
pos,44,0.5572,-1.4008,1.1760,-9.6745
pos,45,0.5639,-1.4043,1.1751,-9.6643
pos,46,0.5704,-1.4078,1.1734,-9.6539
pos,47,0.5771,-1.4112,1.1722,-9.6432
pos,48,0.5836,-1.4145,1.1714,-9.6324
pos,49,0.5902,-1.4177,1.1710,-9.6216
pos,50,0.5967,-1.4209,1.1707,-9.6107
pos,51,0.6033,-1.4241,1.1705,-9.5995
pos,52,0.6098,-1.4271,1.1705,-9.5882
pos,53,0.6163,-1.4302,1.1705,-9.5767
pos,54,0.6229,-1.4333,1.1706,-9.5652
pos,55,0.6294,-1.4362,1.1708,-9.5535
pos,56,0.6359,-1.4392,1.1712,-9.5416
pos,57,0.6423,-1.4420,1.1718,-9.5296
pos,58,0.6488,-1.4448,1.1726,-9.5175
pos,59,0.6551,-1.4475,1.1739,-9.5053
pos,60,0.6615,-1.4503,1.1759,-9.4928
pos,61,0.6679,-1.4530,1.1772,-9.4804
pos,62,0.6742,-1.4555,1.1781,-9.4677
pos,63,0.6805,-1.4581,1.1787,-9.4549
pos,64,0.6867,-1.4606,1.1791,-9.4420
pos,65,0.6930,-1.4630,1.1794,-9.4289
pos,66,0.6992,-1.4654,1.1797,-9.4157
pos,67,0.7053,-1.4678,1.1798,-9.4024
pos,68,0.7115,-1.4701,1.1800,-9.3890
pos,69,0.7177,-1.4724,1.1801,-9.3755
pos,70,0.7238,-1.4745,1.1803,-9.3619
pos,71,0.7299,-1.4767,1.1805,-9.3480
pos,72,0.7361,-1.4789,1.1808,-9.3342
pos,73,0.7421,-1.4810,1.1813,-9.3201
pos,74,0.7481,-1.4831,1.1819,-9.3061
pos,75,0.7542,-1.4851,1.1829,-9.2918
pos,76,0.7601,-1.4870,1.1844,-9.2774
pos,77,0.7660,-1.4888,1.1865,-9.2628
pos,78,0.7720,-1.4907,1.1881,-9.2482
pos,79,0.7778,-1.4924,1.1895,-9.2333
pos,80,0.7836,-1.4941,1.1907,-9.2181
pos,81,0.7894,-1.4957,1.1921,-9.2029
pos,82,0.7951,-1.4973,1.1939,-9.1874
pos,83,0.8009,-1.4988,1.1962,-9.1719
pos,84,0.8067,-1.5002,1.1964,-9.1562
pos,85,0.8126,-1.5015,1.1976,-9.1403
pos,86,0.8183,-1.5027,1.1985,-9.1244
pos,87,0.8241,-1.5039,1.1991,-9.1083
pos,88,0.8298,-1.5050,1.1996,-9.0923
pos,89,0.8354,-1.5060,1.2000,-9.0764
pos,90,0.8410,-1.5070,1.2004,-9.0608
pos,91,0.8466,-1.5079,1.2009,-9.0452
pos,92,0.8518,-1.5088,1.2016,-9.0299
pos,93,0.8567,-1.5096,1.2025,-9.0147
pos,94,0.8614,-1.5104,1.2038,-8.9997
pos,95,0.8658,-1.5111,1.2058,-8.9848
pos,96,0.8697,-1.5118,1.2071,-8.9701
pos,97,0.8736,-1.5125,1.2080,-8.9556
pos,98,0.8770,-1.5132,1.2086,-8.9413
pos,99,0.8803,-1.5139,1.2090,-8.9271
pos,100,0.8833,-1.5146,1.2092,-8.9132
pos,101,0.8861,-1.5154,1.2094,-8.8992
pos,102,0.8885,-1.5161,1.2096,-8.8855
pos,103,0.8908,-1.5168,1.2097,-8.8719
pos,104,0.8927,-1.5176,1.2098,-8.8586
pos,105,0.8944,-1.5184,1.2099,-8.8454
pos,106,0.8958,-1.5193,1.2099,-8.8325
pos,107,0.8970,-1.5202,1.2101,-8.8196
pos,108,0.8979,-1.5213,1.2102,-8.8069
pos,109,0.8986,-1.5224,1.2104,-8.7944
pos,110,0.8993,-1.5236,1.2107,-8.7821
pos,111,0.8996,-1.5250,1.2111,-8.7699
pos,112,0.8998,-1.5264,1.2117,-8.7578
pos,113,0.8998,-1.5278,1.2125,-8.7460
pos,114,0.8997,-1.5294,1.2138,-8.7343
pos,115,0.8992,-1.5311,1.2140,-8.7227
pos,116,0.8984,-1.5328,1.2149,-8.7114
pos,117,0.8975,-1.5347,1.2166,-8.7002
pos,118,0.8965,-1.5366,1.2177,-8.6891
pos,119,0.8952,-1.5386,1.2185,-8.6782
pos,120,0.8935,-1.5408,1.2190,-8.6676
pos,121,0.8916,-1.5431,1.2193,-8.6570
pos,122,0.8895,-1.5455,1.2195,-8.6466
pos,123,0.8873,-1.5481,1.2197,-8.6363
pos,124,0.8848,-1.5507,1.2198,-8.6263
pos,125,0.8822,-1.5535,1.2199,-8.6165
pos,126,0.8793,-1.5564,1.2199,-8.6068
pos,127,0.8763,-1.5595,1.2200,-8.5973
pos,128,0.8731,-1.5627,1.2200,-8.5879
pos,129,0.8696,-1.5660,1.2200,-8.5788
pos,130,0.8660,-1.5694,1.2201,-8.5699
pos,131,0.8622,-1.5731,1.2201,-8.5611
pos,132,0.8582,-1.5769,1.2202,-8.5526
pos,133,0.8540,-1.5808,1.2203,-8.5441
pos,134,0.8496,-1.5849,1.2205,-8.5359
pos,135,0.8450,-1.5892,1.2208,-8.5278
pos,136,0.8402,-1.5936,1.2212,-8.5199
pos,137,0.8352,-1.5982,1.2218,-8.5121
pos,138,0.8300,-1.6030,1.2227,-8.5046
pos,139,0.8248,-1.6078,1.2240,-8.4971
pos,140,0.8194,-1.6128,1.2260,-8.4900
pos,141,0.8138,-1.6180,1.2273,-8.4828
pos,142,0.8079,-1.6234,1.2282,-8.4760
pos,143,0.8019,-1.6290,1.2287,-8.4693
pos,144,0.7956,-1.6348,1.2291,-8.4626
pos,145,0.7894,-1.6406,1.2294,-8.4562
pos,146,0.7829,-1.6467,1.2295,-8.4498
pos,147,0.7762,-1.6529,1.2296,-8.4437
pos,148,0.7694,-1.6594,1.2296,-8.4377
pos,149,0.7624,-1.6659,1.2296,-8.4320
pos,150,0.7553,-1.6726,1.2294,-8.4263
pos,151,0.7480,-1.6796,1.2292,-8.4207
pos,152,0.7405,-1.6868,1.2289,-8.4154
pos,153,0.7329,-1.6940,1.2284,-8.4101
pos,154,0.7251,-1.7016,1.2276,-8.4051
pos,155,0.7171,-1.7093,1.2264,-8.4002
pos,156,0.7090,-1.7171,1.2263,-8.3953
pos,157,0.7008,-1.7252,1.2272,-8.3908
pos,158,0.6923,-1.7335,1.2276,-8.3862
pos,159,0.6837,-1.7419,1.2277,-8.3818
pos,160,0.6749,-1.7506,1.2274,-8.3776
pos,161,0.6661,-1.7594,1.2282,-8.3734
pos,162,0.6570,-1.7684,1.2288,-8.3695
pos,163,0.6477,-1.7777,1.2292,-8.3656
pos,164,0.6384,-1.7871,1.2295,-8.3618
pos,165,0.6287,-1.7967,1.2296,-8.3583
pos,166,0.6190,-1.8064,1.2298,-8.3548
pos,167,0.6091,-1.8165,1.2298,-8.3513
pos,168,0.5991,-1.8266,1.2299,-8.3478
pos,169,0.5888,-1.8371,1.2299,-8.3446
pos,170,0.5783,-1.8478,1.2300,-8.3415
pos,171,0.5677,-1.8587,1.2300,-8.3384
pos,172,0.5569,-1.8698,1.2300,-8.3355
pos,173,0.5460,-1.8810,1.2300,-8.3326
pos,174,0.5348,-1.8925,1.2300,-8.3297
pos,175,0.5236,-1.9041,1.2300,-8.3271
pos,176,0.5121,-1.9160,1.2300,-8.3245
pos,177,0.5006,-1.9280,1.2300,-8.3219
pos,178,0.4888,-1.9402,1.2300,-8.3193
pos,179,0.4770,-1.9527,1.2300,-8.3169
pos,180,0.4649,-1.9653,1.2300,-8.3145
pos,181,0.4527,-1.9781,1.2300,-8.3121
pos,182,0.4405,-1.9910,1.2300,-8.3097
pos,183,0.4280,-2.0042,1.2300,-8.3075
pos,184,0.4155,-2.0175,1.2300,-8.3054
pos,185,0.4027,-2.0311,1.2300,-8.3032
pos,186,0.3898,-2.0448,1.2300,-8.3014
pos,187,0.3767,-2.0587,1.2300,-8.3000
pos,188,0.3635,-2.0728,1.2300,-8.2988
pos,189,0.3503,-2.0869,1.2300,-8.2980
pos,190,0.3367,-2.1014,1.2300,-8.2975
pos,191,0.3231,-2.1159,1.2300,-8.2973
pos,192,0.3093,-2.1307,1.2300,-8.2973
pos,193,0.2953,-2.1456,1.2300,-8.2976
pos,194,0.2813,-2.1606,1.2300,-8.2982
pos,195,0.2670,-2.1758,1.2300,-8.2990
pos,196,0.2525,-2.1912,1.2300,-8.3002
pos,197,0.2381,-2.2066,1.2300,-8.3015
pos,198,0.2233,-2.2222,1.2300,-8.3032
pos,199,0.2084,-2.2379,1.2300,-8.3051
pos,200,0.1935,-2.2537,1.2300,-8.3074
pos,201,0.1782,-2.2697,1.2300,-8.3098
pos,202,0.1628,-2.2858,1.2300,-8.3124
pos,203,0.1473,-2.3019,1.2300,-8.3153
pos,204,0.1315,-2.3183,1.2300,-8.3185
pos,205,0.1155,-2.3348,1.2300,-8.3218
pos,206,0.0996,-2.3511,1.2299,-8.3255
pos,207,0.0837,-2.3674,1.2299,-8.3295
pos,208,0.0678,-2.3836,1.2299,-8.3336
pos,209,0.0521,-2.3996,1.2300,-8.3379
pos,210,0.0364,-2.4155,1.2300,-8.3426
pos,211,0.0208,-2.4312,1.2300,-8.3475
pos,212,0.0051,-2.4469,1.2300,-8.3525
pos,213,-0.0105,-2.4624,1.2300,-8.3578
pos,214,-0.0261,-2.4778,1.2300,-8.3633
pos,215,-0.0416,-2.4931,1.2300,-8.3690
pos,216,-0.0571,-2.5083,1.2300,-8.3750
pos,217,-0.0726,-2.5234,1.2300,-8.3814
pos,218,-0.0880,-2.5383,1.2300,-8.3880
pos,219,-0.1034,-2.5531,1.2300,-8.3949
pos,220,-0.1187,-2.5677,1.2300,-8.4021
pos,221,-0.1340,-2.5822,1.2300,-8.4094
pos,222,-0.1492,-2.5965,1.2300,-8.4170
pos,223,-0.1644,-2.6107,1.2300,-8.4249
pos,224,-0.1795,-2.6247,1.2300,-8.4330
pos,225,-0.1945,-2.6385,1.2300,-8.4414
pos,226,-0.2096,-2.6523,1.2300,-8.4501
pos,227,-0.2245,-2.6658,1.2300,-8.4591
pos,228,-0.2394,-2.6792,1.2300,-8.4684
pos,229,-0.2543,-2.6924,1.2300,-8.4778
pos,230,-0.2690,-2.7054,1.2300,-8.4875
pos,231,-0.2837,-2.7182,1.2299,-8.4975
pos,232,-0.2984,-2.7309,1.2299,-8.5078
pos,233,-0.3130,-2.7434,1.2298,-8.5185
pos,234,-0.3275,-2.7556,1.2298,-8.5295
pos,235,-0.3418,-2.7676,1.2297,-8.5408
pos,236,-0.3562,-2.7794,1.2295,-8.5522
pos,237,-0.3705,-2.7910,1.2292,-8.5640
pos,238,-0.3846,-2.8024,1.2289,-8.5762
pos,239,-0.3985,-2.8135,1.2283,-8.5886
pos,240,-0.4125,-2.8244,1.2275,-8.6015
pos,241,-0.4264,-2.8351,1.2278,-8.6145
pos,242,-0.4400,-2.8455,1.2279,-8.6279
pos,243,-0.4537,-2.8558,1.2275,-8.6416
pos,244,-0.4673,-2.8658,1.2268,-8.6554
pos,245,-0.4806,-2.8755,1.2256,-8.6696
pos,246,-0.4940,-2.8850,1.2237,-8.6842
pos,247,-0.5072,-2.8943,1.2223,-8.6987
pos,248,-0.5201,-2.9033,1.2214,-8.7131
pos,249,-0.5331,-2.9120,1.2206,-8.7276
pos,250,-0.5456,-2.9204,1.2200,-8.7420
pos,251,-0.5576,-2.9284,1.2193,-8.7564
pos,252,-0.5691,-2.9361,1.2185,-8.7706
pos,253,-0.5802,-2.9434,1.2175,-8.7847
pos,254,-0.5909,-2.9505,1.2161,-8.7988
pos,255,-0.6012,-2.9572,1.2141,-8.8128
pos,256,-0.6113,-2.9637,1.2128,-8.8267
pos,257,-0.6209,-2.9698,1.2119,-8.8406
pos,258,-0.6301,-2.9758,1.2113,-8.8543
pos,259,-0.6389,-2.9814,1.2108,-8.8678
pos,260,-0.6472,-2.9867,1.2106,-8.8813
pos,261,-0.6551,-2.9918,1.2104,-8.8945
pos,262,-0.6627,-2.9967,1.2103,-8.9076
pos,263,-0.6698,-3.0013,1.2102,-8.9206
pos,264,-0.6765,-3.0057,1.2101,-8.9334
pos,265,-0.6827,-3.0098,1.2101,-8.9460
pos,266,-0.6886,-3.0137,1.2100,-8.9585
pos,267,-0.6940,-3.0173,1.2100,-8.9708
pos,268,-0.6992,-3.0208,1.2100,-8.9830
pos,269,-0.7038,-3.0240,1.2100,-8.9949
pos,270,-0.7079,-3.0271,1.2100,-9.0068
pos,271,-0.7118,-3.0300,1.2100,-9.0183
pos,272,-0.7152,-3.0328,1.2100,-9.0296
pos,273,-0.7184,-3.0354,1.2100,-9.0408
pos,274,-0.7211,-3.0380,1.2099,-9.0517
pos,275,-0.7236,-3.0405,1.2099,-9.0624
pos,276,-0.7259,-3.0429,1.2099,-9.0729
pos,277,-0.7278,-3.0453,1.2098,-9.0833
pos,278,-0.7296,-3.0476,1.2097,-9.0933
pos,279,-0.7309,-3.0499,1.2096,-9.1033
pos,280,-0.7320,-3.0522,1.2094,-9.1129
pos,281,-0.7330,-3.0545,1.2091,-9.1224
pos,282,-0.7336,-3.0568,1.2087,-9.1316
pos,283,-0.7340,-3.0591,1.2080,-9.1406
pos,284,-0.7342,-3.0614,1.2087,-9.1493
pos,285,-0.7340,-3.0636,1.2091,-9.1578
pos,286,-0.7333,-3.0657,1.2093,-9.1660
pos,287,-0.7322,-3.0678,1.2095,-9.1740
pos,288,-0.7308,-3.0698,1.2096,-9.1819
pos,289,-0.7291,-3.0717,1.2096,-9.1894
pos,290,-0.7269,-3.0736,1.2096,-9.1968
pos,291,-0.7244,-3.0755,1.2094,-9.2038
pos,292,-0.7214,-3.0774,1.2092,-9.2107
pos,293,-0.7179,-3.0792,1.2089,-9.2173
pos,294,-0.7140,-3.0810,1.2084,-9.2237
pos,295,-0.7097,-3.0829,1.2076,-9.2300
pos,296,-0.7050,-3.0847,1.2064,-9.2360
pos,297,-0.6999,-3.0866,1.2047,-9.2419
pos,298,-0.6943,-3.0885,1.2021,-9.2479
pos,299,-0.6882,-3.0904,1.1983,-9.2540
pos,300,-0.6816,-3.0923,1.1957,-9.2601
pos,301,-0.6746,-3.0940,1.1941,-9.2663
pos,302,-0.6671,-3.0957,1.1932,-9.2726
pos,303,-0.6593,-3.0973,1.1927,-9.2789
