delay,0
pos,0,3.1765,-1.1018,1.0000,0.3202
pos,1,3.1744,-1.1018,1.0000,0.3156
pos,2,3.1725,-1.1017,1.0000,0.3111
pos,3,3.1708,-1.1017,1.0000,0.3067
pos,4,3.1693,-1.1016,1.0000,0.3026
pos,5,3.1679,-1.1016,1.0000,0.2986
pos,6,3.1666,-1.1015,1.0000,0.2946
pos,7,3.1654,-1.1014,1.0000,0.2909
pos,8,3.1643,-1.1013,1.0000,0.2873
pos,9,3.1633,-1.1013,1.0000,0.2838
pos,10,3.1622,-1.1012,1.0000,0.2805
pos,11,3.1610,-1.1012,1.0000,0.2773
pos,12,3.1599,-1.1012,1.0000,0.2742
pos,13,3.1587,-1.1012,1.0000,0.2714
pos,14,3.1575,-1.1012,1.0000,0.2686
pos,15,3.1562,-1.1012,1.0000,0.2659
pos,16,3.1548,-1.1012,0.9999,0.2632
pos,17,3.1533,-1.1012,0.9999,0.2608
pos,18,3.1517,-1.1013,0.9998,0.2584
pos,19,3.1500,-1.1013,0.9998,0.2561
pos,20,3.1481,-1.1014,0.9997,0.2541
pos,21,3.1461,-1.1014,0.9995,0.2521
pos,22,3.1438,-1.1015,0.9992,0.2501
pos,23,3.1413,-1.1016,0.9989,0.2482
pos,24,3.1389,-1.1017,0.9983,0.2465
pos,25,3.1366,-1.1019,0.9975,0.2449
pos,26,3.1343,-1.1020,0.9962,0.2433
pos,27,3.1321,-1.1023,0.9944,0.2417
pos,28,3.1299,-1.1025,0.9933,0.2404
pos,29,3.1279,-1.1029,0.9926,0.2391
pos,30,3.1259,-1.1032,0.9925,0.2378
pos,31,3.1240,-1.1036,0.9927,0.2366
pos,32,3.1221,-1.1041,0.9933,0.2354
pos,33,3.1202,-1.1046,0.9944,0.2344
pos,34,3.1183,-1.1052,0.9963,0.2334
pos,35,3.1165,-1.1058,0.9976,0.2324
pos,36,3.1145,-1.1064,0.9984,0.2313
pos,37,3.1126,-1.1071,0.9991,0.2305
pos,38,3.1106,-1.1077,0.9995,0.2296
pos,39,3.1088,-1.1084,0.9999,0.2287
pos,40,3.1068,-1.1092,1.0003,0.2278
pos,41,3.1048,-1.1100,1.0007,0.2267
pos,42,3.1028,-1.1108,1.0013,0.2253
pos,43,3.1007,-1.1116,1.0020,0.2236
pos,44,3.0986,-1.1125,1.0031,0.2216
pos,45,3.0963,-1.1135,1.0047,0.2193
pos,46,3.0942,-1.1144,1.0055,0.2169
pos,47,3.0918,-1.1154,1.0055,0.2140
pos,48,3.0893,-1.1164,1.0064,0.2109
pos,49,3.0869,-1.1175,1.0083,0.2077
pos,50,3.0844,-1.1186,1.0099,0.2042
pos,51,3.0819,-1.1197,1.0115,0.2006
pos,52,3.0792,-1.1208,1.0133,0.1968
pos,53,3.0763,-1.1219,1.0157,0.1928
pos,54,3.0735,-1.1230,1.0174,0.1884
pos,55,3.0705,-1.1241,1.0187,0.1838
pos,56,3.0673,-1.1251,1.0198,0.1795
pos,57,3.0642,-1.1262,1.0208,0.1751
pos,58,3.0612,-1.1276,1.0220,0.1709
pos,59,3.0581,-1.1292,1.0235,0.1668
pos,60,3.0552,-1.1310,1.0255,0.1628
pos,61,3.0524,-1.1330,1.0270,0.1588
pos,62,3.0495,-1.1352,1.0281,0.1551
pos,63,3.0469,-1.1378,1.0290,0.1513
pos,64,3.0443,-1.1405,1.0299,0.1476
pos,65,3.0416,-1.1433,1.0312,0.1440
pos,66,3.0391,-1.1464,1.0329,0.1405
pos,67,3.0367,-1.1497,1.0340,0.1372
pos,68,3.0341,-1.1532,1.0346,0.1338
pos,69,3.0317,-1.1569,1.0350,0.1305
pos,70,3.0294,-1.1609,1.0354,0.1273
pos,71,3.0270,-1.1650,1.0359,0.1242
pos,72,3.0246,-1.1693,1.0366,0.1210
pos,73,3.0223,-1.1737,1.0380,0.1180
pos,74,3.0201,-1.1785,1.0386,0.1151
pos,75,3.0178,-1.1835,1.0389,0.1121
pos,76,3.0155,-1.1886,1.0389,0.1093
pos,77,3.0134,-1.1940,1.0389,0.1065
pos,78,3.0112,-1.1996,1.0390,0.1037
pos,79,3.0089,-1.2053,1.0394,0.1010
pos,80,3.0065,-1.2112,1.0404,0.0984
pos,81,3.0044,-1.2174,1.0407,0.0957
pos,82,3.0021,-1.2238,1.0405,0.0932
pos,83,3.0000,-1.2305,1.0402,0.0907
pos,84,2.9978,-1.2375,1.0399,0.0881
pos,85,2.9955,-1.2446,1.0397,0.0857
pos,86,2.9933,-1.2519,1.0399,0.0833
pos,87,2.9910,-1.2593,1.0406,0.0808
pos,88,2.9886,-1.2670,1.0406,0.0783
pos,89,2.9863,-1.2749,1.0402,0.0759
pos,90,2.9839,-1.2830,1.0396,0.0735
pos,91,2.9816,-1.2914,1.0389,0.0711
pos,92,2.9793,-1.3001,1.0384,0.0688
pos,93,2.9770,-1.3089,1.0383,0.0665
pos,94,2.9747,-1.3180,1.0387,0.0641
pos,95,2.9723,-1.3274,1.0385,0.0616
pos,96,2.9702,-1.3370,1.0379,0.0594
pos,97,2.9679,-1.3466,1.0369,0.0570
pos,98,2.9655,-1.3565,1.0358,0.0546
pos,99,2.9632,-1.3666,1.0347,0.0522
pos,100,2.9608,-1.3770,1.0336,0.0498
pos,101,2.9586,-1.3876,1.0328,0.0475
pos,102,2.9563,-1.3983,1.0321,0.0451
pos,103,2.9540,-1.4091,1.0319,0.0426
pos,104,2.9517,-1.4202,1.0324,0.0400
pos,105,2.9495,-1.4315,1.0324,0.0376
pos,106,2.9471,-1.4428,1.0318,0.0352
pos,107,2.9450,-1.4544,1.0311,0.0327
pos,108,2.9429,-1.4661,1.0303,0.0301
pos,109,2.9407,-1.4779,1.0293,0.0275
pos,110,2.9386,-1.4899,1.0284,0.0250
pos,111,2.9365,-1.5021,1.0276,0.0225
pos,112,2.9344,-1.5143,1.0269,0.0200
pos,113,2.9323,-1.5267,1.0265,0.0174
pos,114,2.9305,-1.5393,1.0265,0.0148
pos,115,2.9287,-1.5520,1.0270,0.0123
pos,116,2.9269,-1.5648,1.0281,0.0098
pos,117,2.9250,-1.5773,1.0298,0.0073
pos,118,2.9228,-1.5897,1.0323,0.0048
pos,119,2.9206,-1.6020,1.0343,0.0023
pos,120,2.9182,-1.6141,1.0374,-0.0001
pos,121,2.9159,-1.6261,1.0404,-0.0026
pos,122,2.9137,-1.6381,1.0422,-0.0051
pos,123,2.9113,-1.6499,1.0430,-0.0077
pos,124,2.9088,-1.6616,1.0442,-0.0103
pos,125,2.9062,-1.6732,1.0458,-0.0129
pos,126,2.9036,-1.6846,1.0479,-0.0154
pos,127,2.9009,-1.6959,1.0508,-0.0179
pos,128,2.8982,-1.7071,1.0531,-0.0205
pos,129,2.8956,-1.7182,1.0551,-0.0232
pos,130,2.8930,-1.7294,1.0570,-0.0258
pos,131,2.8904,-1.7404,1.0590,-0.0285
pos,132,2.8877,-1.7512,1.0611,-0.0313
pos,133,2.8849,-1.7620,1.0635,-0.0338
pos,134,2.8822,-1.7727,1.0665,-0.0364
pos,135,2.8795,-1.7833,1.0689,-0.0390
pos,136,2.8768,-1.7938,1.0709,-0.0417
pos,137,2.8741,-1.8042,1.0726,-0.0443
pos,138,2.8713,-1.8144,1.0742,-0.0471
pos,139,2.8688,-1.8248,1.0757,-0.0498
pos,140,2.8662,-1.8349,1.0772,-0.0523
pos,141,2.8636,-1.8449,1.0787,-0.0549
pos,142,2.8611,-1.8549,1.0804,-0.0575
pos,143,2.8586,-1.8647,1.0824,-0.0601
pos,144,2.8562,-1.8744,1.0848,-0.0627
pos,145,2.8538,-1.8840,1.0878,-0.0654
pos,146,2.8515,-1.8935,1.0903,-0.0680
pos,147,2.8491,-1.9028,1.0923,-0.0707
pos,148,2.8468,-1.9120,1.0939,-0.0732
pos,149,2.8446,-1.9211,1.0954,-0.0757
pos,150,2.8425,-1.9301,1.0967,-0.0783
pos,151,2.8406,-1.9391,1.0980,-0.0808
pos,152,2.8388,-1.9478,1.0991,-0.0833
pos,153,2.8371,-1.9566,1.1002,-0.0858
pos,154,2.8353,-1.9652,1.1012,-0.0884
pos,155,2.8338,-1.9737,1.1023,-0.0909
pos,156,2.8322,-1.9821,1.1034,-0.0934
pos,157,2.8308,-1.9905,1.1045,-0.0960
pos,158,2.8295,-1.9987,1.1057,-0.0983
pos,159,2.8283,-2.0068,1.1069,-0.1006
pos,160,2.8270,-2.0147,1.1081,-0.1030
pos,161,2.8256,-2.0222,1.1092,-0.1054
pos,162,2.8241,-2.0294,1.1115,-0.1078
pos,163,2.8226,-2.0364,1.1135,-0.1102
pos,164,2.8213,-2.0432,1.1154,-0.1125
pos,165,2.8198,-2.0497,1.1172,-0.1149
pos,166,2.8182,-2.0558,1.1188,-0.1173
pos,167,2.8165,-2.0617,1.1202,-0.1196
pos,168,2.8148,-2.0672,1.1214,-0.1220
pos,169,2.8130,-2.0725,1.1225,-0.1241
pos,170,2.8112,-2.0775,1.1234,-0.1262
pos,171,2.8093,-2.0822,1.1240,-0.1284
pos,172,2.8074,-2.0867,1.1243,-0.1305
pos,173,2.8054,-2.0909,1.1241,-0.1326
pos,174,2.8035,-2.0950,1.1234,-0.1347
pos,175,2.8015,-2.0987,1.1233,-0.1368
pos,176,2.7995,-2.1023,1.1239,-0.1388
pos,177,2.7975,-2.1055,1.1250,-0.1409
pos,178,2.7955,-2.1085,1.1251,-0.1430
pos,179,2.7933,-2.1112,1.1242,-0.1450
pos,180,2.7915,-2.1138,1.1236,-0.1471
pos,181,2.7895,-2.1162,1.1232,-0.1491
pos,182,2.7876,-2.1183,1.1229,-0.1510
pos,183,2.7855,-2.1200,1.1224,-0.1528
pos,184,2.7835,-2.1216,1.1218,-0.1546
pos,185,2.7815,-2.1230,1.1210,-0.1564
pos,186,2.7794,-2.1240,1.1196,-0.1582
pos,187,2.7773,-2.1249,1.1176,-0.1600
pos,188,2.7752,-2.1255,1.1162,-0.1617
pos,189,2.7732,-2.1259,1.1152,-0.1635
pos,190,2.7710,-2.1260,1.1144,-0.1652
pos,191,2.7688,-2.1258,1.1139,-0.1669
pos,192,2.7666,-2.1255,1.1134,-0.1686
pos,193,2.7644,-2.1249,1.1130,-0.1703
pos,194,2.7621,-2.1241,1.1126,-0.1719
pos,195,2.7597,-2.1230,1.1123,-0.1736
pos,196,2.7575,-2.1219,1.1120,-0.1752
pos,197,2.7554,-2.1208,1.1117,-0.1768
pos,198,2.7536,-2.1198,1.1115,-0.1784
pos,199,2.7518,-2.1187,1.1114,-0.1798
pos,200,2.7502,-2.1175,1.1115,-0.1812
pos,201,2.7487,-2.1164,1.1118,-0.1826
pos,202,2.7475,-2.1153,1.1123,-0.1839
pos,203,2.7464,-2.1141,1.1134,-0.1853
pos,204,2.7455,-2.1130,1.1150,-0.1866
pos,205,2.7446,-2.1119,1.1160,-0.1879
pos,206,2.7438,-2.1107,1.1166,-0.1892
pos,207,2.7432,-2.1096,1.1171,-0.1904
pos,208,2.7426,-2.1084,1.1174,-0.1917
pos,209,2.7421,-2.1071,1.1177,-0.1929
pos,210,2.7416,-2.1057,1.1180,-0.1941
pos,211,2.7413,-2.1045,1.1185,-0.1953
pos,212,2.7410,-2.1032,1.1192,-0.1965
pos,213,2.7407,-2.1018,1.1202,-0.1977
pos,214,2.7406,-2.1006,1.1217,-0.1989
pos,215,2.7405,-2.0992,1.1240,-0.2000
pos,216,2.7403,-2.0978,1.1258,-0.2011
pos,217,2.7402,-2.0964,1.1274,-0.2023
pos,218,2.7402,-2.0950,1.1292,-0.2033
pos,219,2.7402,-2.0936,1.1313,-0.2044
pos,220,2.7402,-2.0922,1.1340,-0.2055
pos,221,2.7402,-2.0907,1.1364,-0.2063
pos,222,2.7404,-2.0893,1.1387,-0.2071
pos,223,2.7405,-2.0879,1.1413,-0.2079
pos,224,2.7406,-2.0865,1.1447,-0.2087
pos,225,2.7408,-2.0850,1.1477,-0.2095
pos,226,2.7411,-2.0836,1.1509,-0.2103
pos,227,2.7414,-2.0822,1.1547,-0.2111
pos,228,2.7416,-2.0807,1.1581,-0.2118
pos,229,2.7419,-2.0792,1.1618,-0.2125
pos,230,2.7422,-2.0778,1.1663,-0.2132
pos,231,2.7426,-2.0764,1.1706,-0.2140
pos,232,2.7429,-2.0750,1.1756,-0.2146
pos,233,2.7431,-2.0735,1.1803,-0.2153
pos,234,2.7434,-2.0720,1.1856,-0.2160
pos,235,2.7437,-2.0706,1.1906,-0.2166
pos,236,2.7442,-2.0694,1.1962,-0.2173
pos,237,2.7447,-2.0681,1.2016,-0.2179
pos,238,2.7451,-2.0667,1.2077,-0.2185
pos,239,2.7456,-2.0654,1.2139,-0.2191
pos,240,2.7461,-2.0642,1.2196,-0.2197
pos,241,2.7466,-2.0630,1.2255,-0.2203
pos,242,2.7471,-2.0617,1.2312,-0.2209
pos,243,2.7475,-2.0605,1.2375,-0.2215
pos,244,2.7478,-2.0592,1.2438,-0.2221
pos,245,2.7481,-2.0580,1.2494,-0.2226
pos,246,2.7485,-2.0568,1.2552,-0.2232
pos,247,2.7488,-2.0557,1.2606,-0.2238
pos,248,2.7491,-2.0546,1.2665,-0.2243
pos,249,2.7494,-2.0534,1.2721,-0.2249
pos,250,2.7496,-2.0523,1.2783,-0.2254
pos,251,2.7497,-2.0512,1.2846,-0.2259
pos,252,2.7500,-2.0502,1.2902,-0.2264
pos,253,2.7503,-2.0492,1.2962,-0.2270
pos,254,2.7505,-2.0483,1.3018,-0.2275
pos,255,2.7506,-2.0473,1.3080,-0.2278
pos,256,2.7508,-2.0463,1.3141,-0.2281
pos,257,2.7508,-2.0454,1.3195,-0.2284
pos,258,2.7511,-2.0445,1.3250,-0.2286
pos,259,2.7513,-2.0436,1.3300,-0.2289
pos,260,2.7514,-2.0428,1.3351,-0.2292
pos,261,2.7515,-2.0419,1.3397,-0.2295
pos,262,2.7516,-2.0410,1.3444,-0.2297
pos,263,2.7516,-2.0402,1.3484,-0.2300
pos,264,2.7516,-2.0394,1.3521,-0.2302
pos,265,2.7516,-2.0386,1.3562,-0.2305
pos,266,2.7517,-2.0378,1.3598,-0.2307
pos,267,2.7518,-2.0371,1.3635,-0.2309
pos,268,2.7519,-2.0364,1.3677,-0.2312
pos,269,2.7519,-2.0357,1.3716,-0.2314
pos,270,2.7519,-2.0349,1.3757,-0.2316
pos,271,2.7519,-2.0342,1.3793,-0.2318
pos,272,2.7518,-2.0335,1.3828,-0.2321
pos,273,2.7517,-2.0328,1.3867,-0.2323
pos,274,2.7518,-2.0322,1.3902,-0.2325
pos,275,2.7518,-2.0316,1.3937,-0.2327
pos,276,2.7516,-2.0309,1.3978,-0.2329
pos,277,2.7510,-2.0300,1.4016,-0.2330
pos,278,2.7502,-2.0290,1.4056,-0.2332
pos,279,2.7490,-2.0278,1.4090,-0.2334
pos,280,2.7475,-2.0264,1.4121,-0.2335
pos,281,2.7459,-2.0250,1.4156,-0.2337
pos,282,2.7438,-2.0234,1.4185,-0.2338
pos,283,2.7417,-2.0218,1.4210,-0.2339
pos,284,2.7395,-2.0200,1.4237,-0.2340
pos,285,2.7368,-2.0181,1.4269,-0.2341
pos,286,2.7338,-2.0160,1.4297,-0.2341
pos,287,2.7307,-2.0139,1.4324,-0.2342
pos,288,2.7272,-2.0115,1.4354,-0.2342
pos,289,2.7234,-2.0091,1.4376,-0.2342
pos,290,2.7195,-2.0065,1.4394,-0.2342
pos,291,2.7153,-2.0039,1.4411,-0.2342
pos,292,2.7109,-2.0011,1.4429,-0.2342
pos,293,2.7062,-1.9982,1.4451,-0.2342
pos,294,2.7010,-1.9951,1.4482,-0.2341
pos,295,2.6959,-1.9920,1.4508,-0.2341
pos,296,2.6904,-1.9888,1.4536,-0.2341
pos,297,2.6848,-1.9855,1.4568,-0.2340
pos,298,2.6788,-1.9820,1.4595,-0.2340
pos,299,2.6727,-1.9785,1.4621,-0.2340
pos,300,2.6663,-1.9749,1.4649,-0.2340
pos,301,2.6598,-1.9712,1.4668,-0.2340
pos,302,2.6530,-1.9674,1.4682,-0.2340
pos,303,2.6459,-1.9634,1.4691,-0.2341
pos,304,2.6387,-1.9594,1.4699,-0.2342
pos,305,2.6313,-1.9552,1.4705,-0.2342
pos,306,2.6236,-1.9509,1.4712,-0.2342
pos,307,2.6157,-1.9465,1.4719,-0.2343
pos,308,2.6078,-1.9420,1.4729,-0.2344
pos,309,2.5997,-1.9373,1.4742,-0.2345
pos,310,2.5913,-1.9324,1.4762,-0.2347
pos,311,2.5829,-1.9275,1.4792,-0.2348
pos,312,2.5742,-1.9224,1.4835,-0.2350
pos,313,2.5654,-1.9171,1.4867,-0.2351
pos,314,2.5564,-1.9117,1.4894,-0.2353
pos,315,2.5472,-1.9061,1.4920,-0.2354
pos,316,2.5378,-1.9004,1.4948,-0.2356
