pos,0,-0.9445,-2.0553,1.1814,-0.0375
input,0,0.0000,0.0299,0.0000,0.0000
param,0,0.9171,0.4122,0.9180,0.0202
pos,1,-0.9463,-2.0554,1.1806,-0.0375
input,1,-0.0254,-0.0283,0.0000,0.0001
param,1,0.9171,0.4122,0.9180,0.0202
pos,2,-0.9481,-2.0555,1.1797,-0.0375
input,2,-0.0214,-0.0238,-0.0001,0.0025
param,2,0.9171,0.4122,0.9180,0.0202
pos,3,-0.9498,-2.0556,1.1789,-0.0375
input,3,-0.0175,-0.0195,-0.0001,0.0047
param,3,0.9172,0.4122,0.9180,0.0202
pos,4,-0.9514,-2.0557,1.1781,-0.0375
input,4,-0.0138,-0.0154,-0.0001,0.0069
param,4,0.9172,0.4122,0.9180,0.0202
pos,5,-0.9530,-2.0557,1.1773,-0.0374
input,5,-0.0105,-0.0117,-0.0001,0.0089
param,5,0.9172,0.4122,0.9180,0.0202
pos,6,-0.9546,-2.0558,1.1765,-0.0374
input,6,-0.0074,-0.0082,-0.0002,0.0110
param,6,0.9172,0.4122,0.9180,0.0202
pos,7,-0.9562,-2.0559,1.1758,-0.0374
input,7,-0.0044,-0.0048,-0.0002,0.0129
param,7,0.9172,0.4122,0.9180,0.0202
pos,8,-0.9577,-2.0560,1.1751,-0.0373
input,8,-0.0016,-0.0016,-0.0002,0.0147
param,8,0.9172,0.4122,0.9180,0.0202
pos,9,-0.9591,-2.0562,1.1744,-0.0372
input,9,0.0010,0.0013,-0.0003,0.0163
param,9,0.9172,0.4122,0.9180,0.0202
pos,10,-0.9606,-2.0563,1.1736,-0.0372
input,10,0.0033,0.0041,-0.0005,0.0180
param,10,0.9173,0.4122,0.9180,0.0202
pos,11,-0.9620,-2.0564,1.1730,-0.0372
input,11,0.0056,0.0067,-0.0005,0.0195
param,11,0.9173,0.4122,0.9180,0.0202
pos,12,-0.9633,-2.0565,1.1723,-0.0372
input,12,0.0076,0.0091,-0.0005,0.0209
param,12,0.9173,0.4122,0.9180,0.0202
pos,13,-0.9646,-2.0566,1.1717,-0.0371
input,13,0.0095,0.0114,-0.0005,0.0222
param,13,0.9173,0.4122,0.9180,0.0202
pos,14,-0.9658,-2.0567,1.1711,-0.0371
input,14,0.0112,0.0134,-0.0005,0.0235
param,14,0.9173,0.4122,0.9180,0.0202
pos,15,-0.9669,-2.0568,1.1705,-0.0371
input,15,0.0128,0.0154,-0.0005,0.0247
param,15,0.9173,0.4122,0.9180,0.0202
pos,16,-0.9680,-2.0569,1.1700,-0.0371
input,16,0.0142,0.0171,-0.0005,0.0257
param,16,0.9173,0.4122,0.9180,0.0202
pos,17,-0.9690,-2.0570,1.1696,-0.0370
input,17,0.0154,0.0186,-0.0006,0.0265
param,17,0.9173,0.4122,0.9180,0.0202
pos,18,-0.9698,-2.0571,1.1691,-0.0370
input,18,0.0165,0.0199,-0.0006,0.0272
param,18,0.9174,0.4122,0.9180,0.0202
pos,19,-0.9707,-2.0571,1.1688,-0.0370
input,19,0.0174,0.0211,-0.0006,0.0278
param,19,0.9174,0.4122,0.9180,0.0202
pos,20,-0.9720,-2.0572,1.1680,-0.0370
input,20,0.0182,0.0221,-0.0006,0.0282
param,20,0.9174,0.4122,0.9180,0.0202
pos,21,-0.9733,-2.0573,1.1673,-0.0370
input,21,0.0194,0.0237,-0.0006,0.0296
param,21,0.9174,0.4122,0.9180,0.0202
pos,22,-0.9744,-2.0575,1.1666,-0.0370
input,22,0.0205,0.0252,-0.0006,0.0310
param,22,0.9174,0.4122,0.9180,0.0202
pos,23,-0.9757,-2.0576,1.1659,-0.0370
input,23,0.0215,0.0265,-0.0005,0.0323
param,23,0.9174,0.4122,0.9180,0.0202
pos,24,-0.9768,-2.0576,1.1653,-0.0370
input,24,0.0225,0.0278,-0.0005,0.0335
param,24,0.9174,0.4122,0.9180,0.0202
pos,25,-0.9780,-2.0578,1.1646,-0.0370
input,25,0.0233,0.0289,-0.0005,0.0344
param,25,0.9174,0.4122,0.9180,0.0202
pos,26,-0.9792,-2.0579,1.1641,-0.0370
input,26,0.0240,0.0300,-0.0004,0.0354
param,26,0.9174,0.4122,0.9180,0.0202
pos,27,-0.9803,-2.0580,1.1635,-0.0370
input,27,0.0247,0.0310,-0.0004,0.0362
param,27,0.9174,0.4122,0.9180,0.0202
pos,28,-0.9814,-2.0581,1.1630,-0.0370
input,28,0.0254,0.0319,-0.0004,0.0370
param,28,0.9174,0.4122,0.9180,0.0202
pos,29,-0.9824,-2.0582,1.1626,-0.0370
input,29,0.0259,0.0327,-0.0004,0.0375
param,29,0.9174,0.4122,0.9180,0.0202
pos,30,-0.9835,-2.0584,1.1622,-0.0369
input,30,0.0263,0.0335,-0.0005,0.0379
param,30,0.9174,0.4122,0.9180,0.0202
pos,31,-0.9846,-2.0585,1.1617,-0.0369
input,31,0.0267,0.0342,-0.0005,0.0382
param,31,0.9175,0.4122,0.9180,0.0202
pos,32,-0.9870,-2.0585,1.1614,-0.0369
input,32,0.0271,0.0349,-0.0005,0.0384
param,32,0.9175,0.4122,0.9180,0.0202
pos,33,-0.9891,-2.0584,1.1610,-0.0369
input,33,0.0271,0.0349,-0.0005,0.0384
param,33,0.9175,0.4122,0.9180,0.0202
pos,34,-0.9910,-2.0585,1.1608,-0.0369
input,34,0.0273,0.0357,-0.0005,0.0387
param,34,0.9175,0.4122,0.9180,0.0202
pos,35,-0.9926,-2.0586,1.1606,-0.0368
input,35,0.0273,0.0357,-0.0005,0.0387
param,35,0.9175,0.4122,0.9180,0.0202
pos,36,-0.9941,-2.0586,1.1604,-0.0367
input,36,0.0273,0.0357,-0.0005,0.0387
param,36,0.9175,0.4122,0.9180,0.0202
pos,37,-0.9954,-2.0587,1.1603,-0.0367
input,37,0.0273,0.0357,-0.0005,0.0387
param,37,0.9175,0.4122,0.9180,0.0202
pos,38,-0.9966,-2.0588,1.1603,-0.0366
input,38,0.0265,0.0358,-0.0008,0.0379
param,38,0.9175,0.4122,0.9180,0.0202
pos,39,-0.9975,-2.0589,1.1602,-0.0366
input,39,0.0265,0.0358,-0.0008,0.0379
param,39,0.9175,0.4122,0.9180,0.0202
pos,40,-0.9985,-2.0590,1.1603,-0.0366
input,40,0.0258,0.0355,-0.0009,0.0370
param,40,0.9175,0.4122,0.9180,0.0202
pos,41,-0.9993,-2.0591,1.1605,-0.0366
input,41,0.0258,0.0355,-0.0009,0.0370
param,41,0.9175,0.4122,0.9180,0.0202
pos,42,-1.0001,-2.0593,1.1607,-0.0366
input,42,0.0253,0.0353,-0.0009,0.0353
param,42,0.9176,0.4122,0.9180,0.0202
pos,43,-1.0008,-2.0594,1.1610,-0.0366
input,43,0.0253,0.0353,-0.0009,0.0353
param,43,0.9176,0.4122,0.9180,0.0202
pos,44,-1.0014,-2.0595,1.1613,-0.0365
input,44,0.0248,0.0351,-0.0009,0.0334
param,44,0.9176,0.4122,0.9180,0.0202
pos,45,-1.0020,-2.0596,1.1617,-0.0365
input,45,0.0248,0.0351,-0.0009,0.0334
param,45,0.9176,0.4122,0.9180,0.0202
pos,46,-1.0025,-2.0597,1.1621,-0.0365
input,46,0.0245,0.0351,-0.0009,0.0309
param,46,0.9176,0.4122,0.9180,0.0202
pos,47,-1.0030,-2.0597,1.1626,-0.0365
input,47,0.0245,0.0351,-0.0009,0.0309
param,47,0.9176,0.4122,0.9180,0.0202
pos,48,-1.0034,-2.0598,1.1632,-0.0364
input,48,0.0242,0.0350,-0.0009,0.0281
param,48,0.9176,0.4122,0.9180,0.0202
pos,49,-1.0039,-2.0599,1.1638,-0.0364
input,49,0.0242,0.0350,-0.0010,0.0264
param,49,0.9176,0.4122,0.9180,0.0202
pos,50,-1.0043,-2.0599,1.1644,-0.0364
input,50,0.0242,0.0351,-0.0010,0.0248
param,50,0.9176,0.4122,0.9180,0.0202
pos,51,-1.0047,-2.0599,1.1650,-0.0364
input,51,0.0242,0.0351,-0.0010,0.0231
param,51,0.9176,0.4122,0.9180,0.0202
pos,52,-1.0051,-2.0599,1.1656,-0.0364
input,52,0.0242,0.0351,-0.0010,0.0231
param,52,0.9177,0.4122,0.9180,0.0202
pos,53,-1.0054,-2.0599,1.1663,-0.0363
input,53,0.0243,0.0352,-0.0010,0.0200
param,53,0.9177,0.4122,0.9180,0.0202
pos,54,-1.0058,-2.0599,1.1670,-0.0363
input,54,0.0244,0.0354,-0.0011,0.0182
param,54,0.9177,0.4122,0.9180,0.0202
pos,55,-1.0061,-2.0599,1.1678,-0.0362
input,55,0.0245,0.0355,-0.0011,0.0165
param,55,0.9177,0.4122,0.9180,0.0202
pos,56,-1.0064,-2.0599,1.1686,-0.0362
input,56,0.0247,0.0357,-0.0012,0.0148
param,56,0.9177,0.4122,0.9180,0.0202
pos,57,-1.0066,-2.0599,1.1693,-0.0362
input,57,0.0249,0.0358,-0.0012,0.0131
param,57,0.9177,0.4122,0.9180,0.0202
pos,58,-1.0069,-2.0598,1.1701,-0.0362
input,58,0.0250,0.0360,-0.0012,0.0116
param,58,0.9176,0.4122,0.9180,0.0202
pos,59,-1.0072,-2.0597,1.1709,-0.0363
input,59,0.0253,0.0362,-0.0011,0.0099
param,59,0.9176,0.4122,0.9180,0.0202
pos,60,-1.0075,-2.0597,1.1717,-0.0363
input,60,0.0256,0.0365,-0.0011,0.0083
param,60,0.9176,0.4122,0.9180,0.0202
pos,61,-1.0078,-2.0596,1.1725,-0.0362
input,61,0.0259,0.0367,-0.0010,0.0068
param,61,0.9176,0.4122,0.9180,0.0202
pos,62,-1.0081,-2.0595,1.1733,-0.0364
input,62,0.0263,0.0370,-0.0011,0.0052
param,62,0.9176,0.4122,0.9180,0.0202
pos,63,-1.0084,-2.0594,1.1741,-0.0365
input,63,0.0266,0.0372,-0.0008,0.0037
param,63,0.9176,0.4122,0.9180,0.0202
pos,64,-1.0087,-2.0592,1.1749,-0.0365
input,64,0.0269,0.0375,-0.0007,0.0023
param,64,0.9175,0.4122,0.9180,0.0202
pos,65,-1.0090,-2.0591,1.1756,-0.0366
input,65,0.0273,0.0378,-0.0006,0.0010
param,65,0.9175,0.4122,0.9180,0.0202
pos,66,-1.0093,-2.0589,1.1763,-0.0366
input,66,0.0277,0.0381,-0.0006,-0.0002
param,66,0.9175,0.4122,0.9180,0.0202
pos,67,-1.0096,-2.0588,1.1770,-0.0366
input,67,0.0281,0.0384,-0.0005,-0.0013
param,67,0.9175,0.4122,0.9180,0.0202
pos,68,-1.0100,-2.0586,1.1777,-0.0367
input,68,0.0281,0.0384,-0.0005,-0.0013
param,68,0.9175,0.4122,0.9180,0.0202
pos,69,-1.0103,-2.0584,1.1782,-0.0368
input,69,0.0288,0.0390,-0.0004,-0.0032
param,69,0.9175,0.4122,0.9180,0.0202
pos,70,-1.0106,-2.0582,1.1788,-0.0368
input,70,0.0288,0.0390,-0.0004,-0.0032
param,70,0.9175,0.4122,0.9180,0.0202
pos,71,-1.0109,-2.0580,1.1793,-0.0370
input,71,0.0295,0.0395,-0.0002,-0.0045
param,71,0.9175,0.4122,0.9180,0.0202
pos,72,-1.0112,-2.0577,1.1799,-0.0371
input,72,0.0295,0.0395,-0.0002,-0.0045
param,72,0.9175,0.4122,0.9180,0.0202
pos,73,-1.0115,-2.0575,1.1803,-0.0373
input,73,0.0302,0.0398,0.0002,-0.0055
param,73,0.9175,0.4122,0.9180,0.0202
pos,74,-1.0118,-2.0572,1.1807,-0.0374
input,74,0.0302,0.0398,0.0002,-0.0055
param,74,0.9175,0.4122,0.9180,0.0202
pos,75,-1.0121,-2.0569,1.1810,-0.0374
input,75,0.0302,0.0398,0.0002,-0.0055
param,75,0.9174,0.4122,0.9180,0.0202
pos,76,-1.0124,-2.0567,1.1813,-0.0375
input,76,0.0310,0.0402,0.0005,-0.0059
param,76,0.9174,0.4122,0.9180,0.0202
pos,77,-1.0127,-2.0563,1.1815,-0.0375
input,77,0.0310,0.0402,0.0005,-0.0059
param,77,0.9174,0.4122,0.9180,0.0202
pos,78,-1.0129,-2.0560,1.1816,-0.0376
input,78,0.0310,0.0402,0.0005,-0.0059
param,78,0.9174,0.4122,0.9180,0.0202
pos,79,-1.0131,-2.0557,1.1817,-0.0377
input,79,0.0316,0.0404,0.0007,-0.0051
param,79,0.9174,0.4122,0.9180,0.0202
pos,80,-1.0134,-2.0554,1.1818,-0.0378
input,80,0.0316,0.0404,0.0007,-0.0051
param,80,0.9174,0.4122,0.9180,0.0202
pos,81,-1.0135,-2.0551,1.1817,-0.0379
input,81,0.0316,0.0404,0.0007,-0.0051
param,81,0.9174,0.4122,0.9180,0.0202
pos,82,-1.0137,-2.0548,1.1816,-0.0380
input,82,0.0320,0.0402,0.0009,-0.0031
param,82,0.9174,0.4122,0.9180,0.0202
pos,83,-1.0139,-2.0545,1.1815,-0.0380
input,83,0.0320,0.0402,0.0009,-0.0031
param,83,0.9174,0.4122,0.9180,0.0202
pos,84,-1.0141,-2.0542,1.1814,-0.0380
input,84,0.0321,0.0401,0.0010,-0.0014
param,84,0.9174,0.4122,0.9180,0.0202
pos,85,-1.0143,-2.0539,1.1812,-0.0380
input,85,0.0321,0.0401,0.0010,-0.0014
param,85,0.9174,0.4122,0.9180,0.0202
pos,86,-1.0144,-2.0536,1.1809,-0.0381
input,86,0.0323,0.0399,0.0010,0.0006
param,86,0.9174,0.4122,0.9180,0.0202
pos,87,-1.0146,-2.0533,1.1806,-0.0381
input,87,0.0323,0.0399,0.0010,0.0006
param,87,0.9174,0.4121,0.9180,0.0202
pos,88,-1.0148,-2.0530,1.1802,-0.0381
input,88,0.0325,0.0398,0.0009,0.0028
param,88,0.9174,0.4121,0.9180,0.0202
pos,89,-1.0149,-2.0527,1.1798,-0.0382
input,89,0.0325,0.0398,0.0009,0.0028
param,89,0.9174,0.4121,0.9180,0.0202
pos,90,-1.0150,-2.0525,1.1794,-0.0382
input,90,0.0326,0.0396,0.0010,0.0054
param,90,0.9174,0.4121,0.9180,0.0202
pos,91,-1.0151,-2.0523,1.1789,-0.0383
input,91,0.0326,0.0396,0.0010,0.0054
param,91,0.9174,0.4121,0.9180,0.0202
pos,92,-1.0152,-2.0520,1.1784,-0.0383
input,92,0.0326,0.0394,0.0009,0.0081
param,92,0.9174,0.4121,0.9180,0.0202
pos,93,-1.0153,-2.0518,1.1779,-0.0383
input,93,0.0326,0.0394,0.0009,0.0081
param,93,0.9174,0.4121,0.9180,0.0202
pos,94,-1.0154,-2.0516,1.1774,-0.0382
input,94,0.0326,0.0392,0.0008,0.0108
param,94,0.9174,0.4121,0.9180,0.0202
pos,95,-1.0155,-2.0514,1.1769,-0.0382
input,95,0.0326,0.0392,0.0008,0.0108
param,95,0.9174,0.4121,0.9180,0.0202
pos,96,-1.0155,-2.0512,1.1764,-0.0382
input,96,0.0327,0.0391,0.0007,0.0133
param,96,0.9174,0.4121,0.9180,0.0202
pos,97,-1.0155,-2.0510,1.1759,-0.0382
input,97,0.0327,0.0391,0.0007,0.0133
param,97,0.9174,0.4121,0.9180,0.0202
pos,98,-1.0155,-2.0508,1.1755,-0.0382
input,98,0.0327,0.0389,0.0005,0.0154
param,98,0.9174,0.4121,0.9180,0.0202
pos,99,-1.0155,-2.0506,1.1752,-0.0381
input,99,0.0327,0.0389,0.0005,0.0154
param,99,0.9174,0.4121,0.9180,0.0202
pos,100,-1.0155,-2.0504,1.1749,-0.0381
input,100,0.0327,0.0389,0.0005,0.0154
param,100,0.9174,0.4121,0.9180,0.0202
pos,101,-1.0154,-2.0502,1.1747,-0.0381
input,101,0.0327,0.0385,0.0003,0.0172
param,101,0.9174,0.4121,0.9180,0.0202
pos,102,-1.0154,-2.0499,1.1745,-0.0381
input,102,0.0327,0.0385,0.0003,0.0172
param,102,0.9174,0.4121,0.9180,0.0202
pos,103,-1.0153,-2.0496,1.1743,-0.0381
input,103,0.0327,0.0385,0.0003,0.0172
param,103,0.9174,0.4121,0.9180,0.0202
pos,104,-1.0152,-2.0493,1.1742,-0.0380
input,104,0.0327,0.0385,0.0003,0.0172
param,104,0.9174,0.4121,0.9180,0.0202
pos,105,-1.0150,-2.0489,1.1742,-0.0380
input,105,0.0327,0.0385,0.0003,0.0172
param,105,0.9174,0.4121,0.9180,0.0202
pos,106,-1.0149,-2.0486,1.1742,-0.0380
input,106,0.0328,0.0376,0.0001,0.0164
param,106,0.9174,0.4121,0.9180,0.0202
pos,107,-1.0148,-2.0482,1.1742,-0.0380
input,107,0.0328,0.0376,0.0001,0.0164
param,107,0.9174,0.4121,0.9180,0.0202
pos,108,-1.0148,-2.0479,1.1743,-0.0380
input,108,0.0328,0.0376,0.0001,0.0164
param,108,0.9174,0.4121,0.9180,0.0202
pos,109,-1.0147,-2.0475,1.1744,-0.0379
input,109,0.0332,0.0372,0.0001,0.0147
param,109,0.9174,0.4121,0.9180,0.0202
pos,110,-1.0146,-2.0472,1.1745,-0.0379
input,110,0.0332,0.0372,0.0001,0.0147
param,110,0.9174,0.4121,0.9180,0.0202
pos,111,-1.0145,-2.0468,1.1746,-0.0379
input,111,0.0334,0.0369,0.0000,0.0131
param,111,0.9174,0.4121,0.9180,0.0202
pos,112,-1.0144,-2.0465,1.1748,-0.0378
input,112,0.0334,0.0369,0.0000,0.0131
param,112,0.9174,0.4121,0.9180,0.0202
pos,113,-1.0144,-2.0461,1.1751,-0.0378
input,113,0.0337,0.0367,-0.0000,0.0113
param,113,0.9174,0.4122,0.9180,0.0202
pos,114,-1.0143,-2.0459,1.1753,-0.0377
input,114,0.0337,0.0367,-0.0000,0.0113
param,114,0.9174,0.4122,0.9180,0.0202
pos,115,-1.0142,-2.0455,1.1755,-0.0376
input,115,0.0340,0.0366,-0.0002,0.0095
param,115,0.9174,0.4122,0.9180,0.0202
pos,116,-1.0142,-2.0452,1.1758,-0.0376
input,116,0.0340,0.0366,-0.0002,0.0095
param,116,0.9174,0.4122,0.9180,0.0202
pos,117,-1.0142,-2.0449,1.1761,-0.0375
input,117,0.0343,0.0364,-0.0004,0.0074
param,117,0.9174,0.4122,0.9180,0.0202
pos,118,-1.0142,-2.0445,1.1764,-0.0374
input,118,0.0343,0.0364,-0.0004,0.0074
param,118,0.9174,0.4122,0.9180,0.0202
pos,119,-1.0142,-2.0442,1.1766,-0.0374
input,119,0.0348,0.0364,-0.0005,0.0056
param,119,0.9174,0.4122,0.9180,0.0202
pos,120,-1.0142,-2.0439,1.1769,-0.0373
input,120,0.0348,0.0364,-0.0005,0.0056
param,120,0.9174,0.4122,0.9180,0.0202
pos,121,-1.0143,-2.0436,1.1772,-0.0373
input,121,0.0352,0.0364,-0.0005,0.0040
param,121,0.9174,0.4122,0.9180,0.0202
pos,122,-1.0143,-2.0434,1.1774,-0.0373
input,122,0.0352,0.0364,-0.0005,0.0040
param,122,0.9174,0.4122,0.9180,0.0202
pos,123,-1.0144,-2.0431,1.1777,-0.0373
input,123,0.0356,0.0365,-0.0005,0.0025
param,123,0.9174,0.4122,0.9180,0.0202
pos,124,-1.0144,-2.0429,1.1779,-0.0373
input,124,0.0356,0.0365,-0.0005,0.0025
param,124,0.9174,0.4122,0.9180,0.0202
pos,125,-1.0145,-2.0426,1.1781,-0.0372
input,125,0.0356,0.0365,-0.0005,0.0025
param,125,0.9174,0.4122,0.9180,0.0202
pos,126,-1.0145,-2.0424,1.1782,-0.0372
input,126,0.0362,0.0366,-0.0005,0.0011
param,126,0.9174,0.4122,0.9180,0.0202
pos,127,-1.0146,-2.0422,1.1784,-0.0371
input,127,0.0362,0.0366,-0.0005,0.0011
param,127,0.9174,0.4122,0.9180,0.0202
pos,128,-1.0147,-2.0420,1.1784,-0.0371
input,128,0.0362,0.0366,-0.0005,0.0011
param,128,0.9174,0.4122,0.9180,0.0202
pos,129,-1.0149,-2.0417,1.1785,-0.0372
input,129,0.0362,0.0366,-0.0005,0.0011
param,129,0.9174,0.4122,0.9180,0.0202
pos,130,-1.0150,-2.0415,1.1785,-0.0372
input,130,0.0370,0.0369,-0.0005,0.0011
param,130,0.9174,0.4122,0.9180,0.0202
pos,131,-1.0151,-2.0413,1.1785,-0.0372
input,131,0.0370,0.0369,-0.0005,0.0011
param,131,0.9174,0.4122,0.9180,0.0202
pos,132,-1.0153,-2.0412,1.1784,-0.0372
input,132,0.0370,0.0369,-0.0005,0.0011
param,132,0.9174,0.4122,0.9180,0.0202
pos,133,-1.0154,-2.0410,1.1783,-0.0372
input,133,0.0376,0.0372,-0.0003,0.0024
param,133,0.9174,0.4122,0.9180,0.0202
pos,134,-1.0155,-2.0409,1.1780,-0.0373
input,134,0.0376,0.0372,-0.0003,0.0024
param,134,0.9174,0.4122,0.9180,0.0202
pos,135,-1.0156,-2.0408,1.1777,-0.0374
input,135,0.0378,0.0374,-0.0002,0.0041
param,135,0.9174,0.4122,0.9180,0.0202
pos,136,-1.0158,-2.0407,1.1774,-0.0375
input,136,0.0378,0.0374,-0.0002,0.0041
param,136,0.9174,0.4121,0.9180,0.0202
pos,137,-1.0160,-2.0407,1.1769,-0.0375
input,137,0.0380,0.0375,0.0002,0.0064
param,137,0.9174,0.4121,0.9180,0.0202
pos,138,-1.0162,-2.0406,1.1765,-0.0375
input,138,0.0382,0.0377,0.0001,0.0080
param,138,0.9174,0.4121,0.9180,0.0202
pos,139,-1.0164,-2.0406,1.1759,-0.0374
input,139,0.0382,0.0377,0.0001,0.0080
param,139,0.9174,0.4121,0.9180,0.0202
pos,140,-1.0167,-2.0406,1.1753,-0.0374
input,140,0.0384,0.0380,0.0000,0.0113
param,140,0.9174,0.4121,0.9180,0.0202
pos,141,-1.0169,-2.0406,1.1747,-0.0374
input,141,0.0386,0.0382,-0.0000,0.0131
param,141,0.9174,0.4121,0.9180,0.0202
pos,142,-1.0171,-2.0406,1.1741,-0.0375
input,142,0.0386,0.0383,0.0001,0.0149
param,142,0.9174,0.4121,0.9180,0.0202
pos,143,-1.0174,-2.0407,1.1731,-0.0375
input,143,0.0387,0.0385,0.0002,0.0164
param,143,0.9174,0.4121,0.9180,0.0202
pos,144,-1.0178,-2.0408,1.1721,-0.0375
input,144,0.0388,0.0387,0.0002,0.0190
param,144,0.9174,0.4121,0.9180,0.0202
pos,145,-1.0181,-2.0409,1.1710,-0.0375
input,145,0.0389,0.0390,0.0001,0.0218
param,145,0.9174,0.4121,0.9180,0.0202
pos,146,-1.0185,-2.0410,1.1699,-0.0375
input,146,0.0391,0.0393,0.0001,0.0246
param,146,0.9174,0.4121,0.9180,0.0202
pos,147,-1.0188,-2.0412,1.1687,-0.0375
input,147,0.0392,0.0396,0.0001,0.0274
param,147,0.9174,0.4121,0.9180,0.0202
pos,148,-1.0191,-2.0414,1.1677,-0.0375
input,148,0.0393,0.0399,0.0001,0.0302
param,148,0.9174,0.4121,0.9180,0.0202
pos,149,-1.0194,-2.0415,1.1666,-0.0375
input,149,0.0393,0.0401,0.0001,0.0326
param,149,0.9174,0.4121,0.9180,0.0202
pos,150,-1.0198,-2.0416,1.1654,-0.0375
input,150,0.0394,0.0404,0.0001,0.0352
param,150,0.9174,0.4121,0.9180,0.0202
pos,151,-1.0201,-2.0418,1.1642,-0.0375
input,151,0.0143,0.0146,0.0000,0.0128
param,151,0.9174,0.4121,0.9180,0.0202
pos,152,-1.0205,-2.0419,1.1631,-0.0376
input,152,0.0143,0.0147,0.0000,0.0137
param,152,0.9174,0.4121,0.9180,0.0202
pos,153,-1.0208,-2.0419,1.1620,-0.0376
input,153,0.0419,0.0433,0.0001,0.0437
param,153,0.9174,0.4121,0.9180,0.0202
pos,154,-1.0211,-2.0420,1.1610,-0.0375
input,154,0.0419,0.0434,0.0001,0.0458
param,154,0.9174,0.4121,0.9180,0.0202
pos,155,-1.0213,-2.0420,1.1600,-0.0376
input,155,0.0418,0.0435,0.0001,0.0477
param,155,0.9174,0.4121,0.9180,0.0202
pos,156,-1.0215,-2.0421,1.1591,-0.0376
input,156,0.0418,0.0435,0.0001,0.0477
param,156,0.9174,0.4121,0.9180,0.0202
pos,157,-1.0217,-2.0421,1.1583,-0.0376
input,157,0.0417,0.0436,0.0001,0.0508
param,157,0.9174,0.4121,0.9180,0.0202
pos,158,-1.0219,-2.0421,1.1576,-0.0375
input,158,0.0417,0.0436,0.0001,0.0508
param,158,0.9174,0.4121,0.9180,0.0202
pos,159,-1.0220,-2.0420,1.1569,-0.0374
input,159,0.0416,0.0435,-0.0001,0.0529
param,159,0.9174,0.4121,0.9180,0.0202
pos,160,-1.0221,-2.0420,1.1563,-0.0374
input,160,0.0416,0.0435,-0.0001,0.0529
param,160,0.9174,0.4121,0.9180,0.0202
pos,161,-1.0223,-2.0419,1.1558,-0.0374
input,161,0.0416,0.0435,-0.0001,0.0529
param,161,0.9174,0.4121,0.9180,0.0202
pos,162,-1.0223,-2.0417,1.1555,-0.0374
input,162,0.0416,0.0435,-0.0001,0.0529
param,162,0.9174,0.4121,0.9180,0.0202
pos,163,-1.0224,-2.0415,1.1552,-0.0374
input,163,0.0416,0.0435,-0.0001,0.0529
param,163,0.9174,0.4121,0.9180,0.0202
pos,164,-1.0225,-2.0413,1.1549,-0.0373
input,164,0.0416,0.0435,-0.0001,0.0529
param,164,0.9174,0.4121,0.9180,0.0202
pos,165,-1.0225,-2.0410,1.1548,-0.0373
input,165,0.0412,0.0427,-0.0004,0.0532
param,165,0.9174,0.4121,0.9180,0.0202
pos,166,-1.0225,-2.0408,1.1547,-0.0373
input,166,0.0412,0.0427,-0.0004,0.0532
param,166,0.9174,0.4121,0.9180,0.0202
pos,167,-1.0226,-2.0405,1.1547,-0.0373
input,167,0.0412,0.0423,-0.0004,0.0515
param,167,0.9174,0.4121,0.9180,0.0202
pos,168,-1.0226,-2.0403,1.1548,-0.0372
input,168,0.0412,0.0423,-0.0004,0.0515
param,168,0.9174,0.4121,0.9180,0.0202
pos,169,-1.0226,-2.0400,1.1549,-0.0371
input,169,0.0413,0.0420,-0.0005,0.0491
param,169,0.9174,0.4121,0.9180,0.0202
pos,170,-1.0227,-2.0397,1.1550,-0.0372
input,170,0.0413,0.0420,-0.0005,0.0491
param,170,0.9174,0.4121,0.9180,0.0202
pos,171,-1.0227,-2.0394,1.1553,-0.0372
input,171,0.0414,0.0417,-0.0006,0.0466
param,171,0.9174,0.4121,0.9180,0.0202
pos,172,-1.0228,-2.0391,1.1555,-0.0371
input,172,0.0414,0.0417,-0.0006,0.0466
param,172,0.9174,0.4121,0.9180,0.0202
pos,173,-1.0229,-2.0388,1.1558,-0.0371
input,173,0.0416,0.0415,-0.0007,0.0436
param,173,0.9174,0.4121,0.9180,0.0202
pos,174,-1.0231,-2.0385,1.1561,-0.0371
input,174,0.0416,0.0415,-0.0007,0.0436
param,174,0.9174,0.4122,0.9180,0.0202
pos,175,-1.0232,-2.0382,1.1564,-0.0371
input,175,0.0420,0.0414,-0.0006,0.0407
param,175,0.9174,0.4122,0.9180,0.0202
pos,176,-1.0234,-2.0378,1.1568,-0.0372
input,176,0.0420,0.0414,-0.0006,0.0407
param,176,0.9174,0.4122,0.9180,0.0202
pos,177,-1.0235,-2.0375,1.1572,-0.0371
input,177,0.0425,0.0415,-0.0005,0.0376
param,177,0.9174,0.4122,0.9180,0.0202
pos,178,-1.0237,-2.0373,1.1577,-0.0371
input,178,0.0425,0.0415,-0.0005,0.0376
param,178,0.9174,0.4122,0.9180,0.0202
pos,179,-1.0239,-2.0370,1.1581,-0.0371
input,179,0.0430,0.0416,-0.0005,0.0348
param,179,0.9174,0.4122,0.9180,0.0202
pos,180,-1.0242,-2.0367,1.1586,-0.0371
input,180,0.0430,0.0416,-0.0005,0.0348
param,180,0.9174,0.4122,0.9180,0.0202
pos,181,-1.0244,-2.0363,1.1591,-0.0371
input,181,0.0436,0.0418,-0.0005,0.0320
param,181,0.9174,0.4122,0.9180,0.0202
pos,182,-1.0255,-2.0359,1.1594,-0.0371
input,182,0.0436,0.0418,-0.0005,0.0320
param,182,0.9174,0.4122,0.9180,0.0202
pos,183,-1.0265,-2.0354,1.1596,-0.0371
input,183,0.0442,0.0420,-0.0005,0.0295
param,183,0.9174,0.4122,0.9180,0.0202
pos,184,-1.0266,-2.0351,1.1601,-0.0371
input,184,0.0442,0.0420,-0.0005,0.0295
param,184,0.9174,0.4122,0.9180,0.0202
pos,185,-1.0267,-2.0348,1.1606,-0.0371
input,185,0.0445,0.0420,-0.0005,0.0274
param,185,0.9174,0.4122,0.9180,0.0202
pos,186,-1.0269,-2.0345,1.1611,-0.0371
input,186,0.0445,0.0420,-0.0005,0.0274
param,186,0.9174,0.4122,0.9180,0.0202
pos,187,-1.0270,-2.0342,1.1616,-0.0370
input,187,0.0451,0.0422,-0.0005,0.0253
param,187,0.9173,0.4122,0.9180,0.0202
pos,188,-1.0272,-2.0339,1.1622,-0.0370
input,188,0.0451,0.0422,-0.0005,0.0253
param,188,0.9173,0.4122,0.9180,0.0202
pos,189,-1.0275,-2.0336,1.1627,-0.0370
input,189,0.0458,0.0425,-0.0006,0.0235
param,189,0.9173,0.4122,0.9180,0.0202
pos,190,-1.0278,-2.0333,1.1632,-0.0370
input,190,0.0458,0.0425,-0.0006,0.0235
param,190,0.9173,0.4122,0.9180,0.0202
pos,191,-1.0282,-2.0330,1.1638,-0.0370
input,191,0.0466,0.0430,-0.0005,0.0218
param,191,0.9173,0.4122,0.9180,0.0202
pos,192,-1.0285,-2.0327,1.1644,-0.0370
input,192,0.0470,0.0433,-0.0300,0.0210
param,192,0.9173,0.4122,0.9180,0.0202
pos,193,-1.0289,-2.0324,1.1649,-0.0369
input,193,0.0475,0.0436,-0.0588,0.0202
param,193,0.9173,0.4122,0.9180,0.0202
pos,194,-1.0294,-2.0321,1.1655,-0.0368
input,194,0.0479,0.0439,-0.0869,0.0194
param,194,0.9173,0.4122,0.9180,0.0202
pos,195,-1.0298,-2.0318,1.1660,-0.0368
input,195,0.0484,0.0443,-0.1141,0.0186
param,195,0.9173,0.4122,0.9180,0.0202
pos,196,-1.0304,-2.0315,1.1666,-0.0369
input,196,0.0489,0.0447,-0.1406,0.0178
param,196,0.9173,0.4122,0.9180,0.0202
pos,197,-1.0309,-2.0312,1.1671,-0.0368
input,197,0.0494,0.0452,-0.1662,0.0171
param,197,0.9173,0.4122,0.9180,0.0202
pos,198,-1.0314,-2.0308,1.1677,-0.0368
input,198,0.0498,0.0456,-0.1914,0.0164
param,198,0.9173,0.4122,0.9180,0.0202
pos,199,-1.0320,-2.0305,1.1682,-0.0369
input,199,0.0503,0.0460,-0.2157,0.0157
param,199,0.9173,0.4122,0.9180,0.0202
pos,200,-1.0326,-2.0302,1.1688,-0.0369
input,200,0.0507,0.0465,-0.2393,0.0149
param,200,0.9173,0.4122,0.9180,0.0202
pos,201,-1.0331,-2.0299,1.1693,-0.0369
input,201,0.0512,0.0469,-0.2623,0.0142
param,201,0.9173,0.4122,0.9180,0.0202
pos,202,-1.0338,-2.0296,1.1699,-0.0369
input,202,0.0516,0.0474,-0.2847,0.0134
param,202,0.9173,0.4122,0.9180,0.0202
pos,203,-1.0344,-2.0292,1.1704,-0.0370
input,203,0.0520,0.0478,-0.3065,0.0127
param,203,0.9173,0.4122,0.9180,0.0202
pos,204,-1.0350,-2.0289,1.1709,-0.0371
input,204,0.0525,0.0483,-0.3277,0.0120
param,204,0.9173,0.4122,0.9180,0.0202
pos,205,-1.0356,-2.0286,1.1715,-0.0372
input,205,0.0528,0.0488,-0.3482,0.0113
param,205,0.9173,0.4122,0.9180,0.0202
pos,206,-1.0363,-2.0282,1.1720,-0.0374
input,206,0.0532,0.0493,-0.3682,0.0104
param,206,0.9173,0.4122,0.9180,0.0202
pos,207,-1.0369,-2.0279,1.1726,-0.0376
input,207,0.0536,0.0498,-0.3874,0.0096
param,207,0.9173,0.4122,0.9180,0.0202
pos,208,-1.0376,-2.0275,1.1730,-0.0380
input,208,0.0540,0.0502,-0.3766,0.0088
param,208,0.9173,0.4122,0.9180,0.0202
pos,209,-1.0383,-2.0272,1.1735,-0.0384
input,209,0.0544,0.0507,-0.3659,0.0082
param,209,0.9173,0.4122,0.9180,0.0202
pos,210,-1.0390,-2.0268,1.1740,-0.0388
input,210,0.0548,0.0512,-0.3554,0.0075
param,210,0.9172,0.4122,0.9180,0.0202
pos,211,-1.0396,-2.0264,1.1744,-0.0393
input,211,0.0552,0.0517,-0.3451,0.0068
param,211,0.9172,0.4122,0.9180,0.0202
pos,212,-1.0403,-2.0261,1.1749,-0.0399
input,212,0.0555,0.0522,-0.3350,0.0062
param,212,0.9172,0.4122,0.9180,0.0202
pos,213,-1.0410,-2.0257,1.1754,-0.0407
input,213,0.0558,0.0526,-0.3251,0.0055
param,213,0.9172,0.4122,0.9180,0.0202
pos,214,-1.0416,-2.0253,1.1759,-0.0416
input,214,0.0562,0.0530,-0.3152,0.0048
param,214,0.9172,0.4122,0.9180,0.0202
pos,215,-1.0423,-2.0249,1.1764,-0.0426
input,215,0.0565,0.0535,-0.3053,0.0039
param,215,0.9172,0.4122,0.9180,0.0202
pos,216,-1.0429,-2.0245,1.1769,-0.0438
input,216,0.0568,0.0539,-0.2955,0.0032
param,216,0.9172,0.4122,0.9180,0.0202
pos,217,-1.0436,-2.0241,1.1773,-0.0449
input,217,0.0572,0.0543,-0.2858,0.0024
param,217,0.9172,0.4122,0.9180,0.0202
pos,218,-1.0442,-2.0238,1.1778,-0.0461
input,218,0.0574,0.0547,-0.2764,0.0017
param,218,0.9172,0.4122,0.9180,0.0202
pos,219,-1.0449,-2.0233,1.1783,-0.0472
input,219,0.0577,0.0550,-0.2671,0.0008
param,219,0.9172,0.4122,0.9180,0.0202
pos,220,-1.0455,-2.0229,1.1788,-0.0484
input,220,0.0580,0.0554,-0.2582,-0.0000
param,220,0.9172,0.4122,0.9180,0.0202
pos,221,-1.0462,-2.0224,1.1794,-0.0496
input,221,0.0583,0.0558,-0.2495,-0.0010
param,221,0.9172,0.4122,0.9180,0.0202
pos,222,-1.0467,-2.0220,1.1798,-0.0506
input,222,0.0585,0.0561,-0.2411,-0.0019
param,222,0.9172,0.4122,0.9180,0.0202
pos,223,-1.0473,-2.0216,1.1802,-0.0522
input,223,0.0587,0.0563,-0.2330,-0.0026
param,223,0.9172,0.4122,0.9180,0.0202
pos,224,-1.0478,-2.0211,1.1806,-0.0544
input,224,0.0589,0.0566,-0.2251,-0.0031
param,224,0.9172,0.4122,0.9180,0.0202
pos,225,-1.0485,-2.0206,1.1811,-0.0571
input,225,0.0591,0.0569,-0.2175,-0.0037
param,225,0.9172,0.4122,0.9180,0.0202
pos,226,-1.0491,-2.0201,1.1816,-0.0605
input,226,0.0595,0.0573,-0.2098,-0.0047
param,226,0.9172,0.4122,0.9181,0.0202
pos,227,-1.0497,-2.0196,1.1821,-0.0642
input,227,0.0598,0.0576,-0.2023,-0.0055
param,227,0.9172,0.4122,0.9181,0.0202
pos,228,-1.0503,-2.0190,1.1826,-0.0684
input,228,0.0601,0.0580,-0.1951,-0.0064
param,228,0.9172,0.4122,0.9181,0.0202
pos,229,-1.0509,-2.0186,1.1830,-0.0733
input,229,0.0604,0.0583,-0.1881,-0.0072
param,229,0.9172,0.4122,0.9181,0.0202
pos,230,-1.0515,-2.0180,1.1835,-0.0784
input,230,0.0607,0.0587,-0.1810,-0.0078
param,230,0.9172,0.4122,0.9181,0.0202
pos,231,-1.0521,-2.0175,1.1839,-0.0839
input,231,0.0610,0.0590,-0.1744,-0.0085
param,231,0.9172,0.4122,0.9181,0.0202
pos,232,-1.0526,-2.0170,1.1844,-0.0898
input,232,0.0613,0.0594,-0.1680,-0.0093
param,232,0.9172,0.4122,0.9181,0.0202
pos,233,-1.0532,-2.0164,1.1848,-0.0961
input,233,0.0616,0.0597,-0.1619,-0.0101
param,233,0.9172,0.4122,0.9182,0.0202
pos,234,-1.0537,-2.0159,1.1853,-0.1028
input,234,0.0619,0.0600,-0.1559,-0.0107
param,234,0.9172,0.4122,0.9182,0.0202
pos,235,-1.0543,-2.0154,1.1858,-0.1098
input,235,0.0623,0.0604,-0.1502,-0.0115
param,235,0.9172,0.4122,0.9182,0.0202
pos,236,-1.0548,-2.0149,1.1862,-0.1172
input,236,0.0626,0.0608,-0.1150,-0.0122
param,236,0.9172,0.4122,0.9183,0.0202
pos,237,-1.0554,-2.0144,1.1866,-0.1246
input,237,0.0628,0.0610,-0.0810,-0.0129
param,237,0.9172,0.4122,0.9183,0.0202
pos,238,-1.0559,-2.0138,1.1869,-0.1325
input,238,0.0632,0.0614,-0.0482,-0.0134
param,238,0.9172,0.4122,0.9183,0.0202
pos,239,-1.0566,-2.0133,1.1873,-0.1402
input,239,0.0636,0.0617,-0.0163,-0.0139
param,239,0.9172,0.4122,0.9184,0.0202
pos,240,-1.0572,-2.0127,1.1877,-0.1476
input,240,0.0640,0.0622,0.0148,-0.0145
param,240,0.9172,0.4122,0.9184,0.0202
pos,241,-1.0579,-2.0122,1.1880,-0.1548
input,241,0.0645,0.0626,0.0450,-0.0151
param,241,0.9172,0.4122,0.9185,0.0202
pos,242,-1.0585,-2.0117,1.1884,-0.1617
input,242,0.0650,0.0630,0.0743,-0.0155
param,242,0.9172,0.4122,0.9185,0.0202
pos,243,-1.0591,-2.0112,1.1887,-0.1683
input,243,0.0654,0.0634,0.1027,-0.0160
param,243,0.9171,0.4122,0.9185,0.0202
pos,244,-1.0597,-2.0106,1.1890,-0.1747
input,244,0.0658,0.0637,0.1300,-0.0163
param,244,0.9171,0.4122,0.9186,0.0202
pos,245,-1.0604,-2.0102,1.1892,-0.1809
input,245,0.0663,0.0641,0.1567,-0.0166
param,245,0.9171,0.4122,0.9186,0.0202
pos,246,-1.0609,-2.0097,1.1894,-0.1866
input,246,0.0668,0.0645,0.1826,-0.0168
param,246,0.9171,0.4122,0.9186,0.0202
pos,247,-1.0617,-2.0091,1.1896,-0.1923
input,247,0.0672,0.0647,0.2073,-0.0167
param,247,0.9171,0.4122,0.9186,0.0202
pos,248,-1.0624,-2.0085,1.1897,-0.1976
input,248,0.0678,0.0652,0.2316,-0.0170
param,248,0.9171,0.4122,0.9186,0.0202
pos,249,-1.0631,-2.0080,1.1898,-0.2026
input,249,0.0685,0.0656,0.2548,-0.0168
param,249,0.9171,0.4122,0.9186,0.0202
pos,250,-1.0638,-2.0074,1.1899,-0.2074
input,250,0.0691,0.0660,0.2774,-0.0167
param,250,0.9171,0.4122,0.9186,0.0202
pos,251,-1.0645,-2.0068,1.1900,-0.2120
input,251,0.0697,0.0664,0.2992,-0.0166
param,251,0.9171,0.4122,0.9185,0.0202
pos,252,-1.0653,-2.0062,1.1901,-0.2164
input,252,0.0703,0.0667,0.3205,-0.0164
param,252,0.9171,0.4122,0.9185,0.0202
pos,253,-1.0659,-2.0056,1.1901,-0.2197
input,253,0.0710,0.0672,0.3410,-0.0163
param,253,0.9171,0.4122,0.9183,0.0202
pos,254,-1.0668,-2.0049,1.1903,-0.2236
input,254,0.0716,0.0673,0.3595,-0.0162
param,254,0.9171,0.4122,0.9183,0.0202
pos,255,-1.0677,-2.0042,1.1903,-0.2272
input,255,0.0725,0.0678,0.3787,-0.0162
param,255,0.9170,0.4122,0.9182,0.0202
pos,256,-1.0686,-2.0036,1.1903,-0.2306
input,256,0.0734,0.0682,0.3972,-0.0162
param,256,0.9170,0.4122,0.9181,0.0202
pos,257,-1.0694,-2.0029,1.1904,-0.2337
input,257,0.0742,0.0686,0.4150,-0.0160
param,257,0.9170,0.4122,0.9180,0.0202
pos,258,-1.0703,-2.0022,1.1903,-0.2364
input,258,0.0750,0.0688,0.4321,-0.0158
param,258,0.9170,0.4122,0.9179,0.0202
pos,259,-1.0711,-2.0016,1.1903,-0.2390
input,259,0.0759,0.0691,0.4485,-0.0155
param,259,0.9170,0.4122,0.9178,0.0202
pos,260,-1.0718,-2.0009,1.1903,-0.2413
input,260,0.0767,0.0693,0.4643,-0.0152
param,260,0.9170,0.4122,0.9177,0.0202
pos,261,-1.0725,-2.0004,1.1902,-0.2435
input,261,0.0774,0.0693,0.4795,-0.0150
param,261,0.9170,0.4122,0.9176,0.0202
pos,262,-1.0735,-1.9996,1.1902,-0.2453
input,262,0.0781,0.0693,0.4943,-0.0147
param,262,0.9170,0.4122,0.9175,0.0202
pos,263,-1.0745,-1.9988,1.1901,-0.2467
input,263,0.0792,0.0695,0.5084,-0.0144
param,263,0.9170,0.4122,0.9173,0.0202
pos,264,-1.0756,-1.9979,1.1900,-0.2479
input,264,0.0804,0.0697,0.5217,-0.0141
param,264,0.9170,0.4122,0.9172,0.0202
pos,265,-1.0765,-1.9971,1.1899,-0.2489
input,265,0.0816,0.0699,0.5344,-0.0138
param,265,0.9170,0.4122,0.9171,0.0202
pos,266,-1.0776,-1.9962,1.1898,-0.2497
input,266,0.0828,0.0700,0.5467,-0.0135
param,266,0.9169,0.4122,0.9170,0.0202
pos,267,-1.0787,-1.9953,1.1897,-0.2495
input,267,0.0842,0.0701,0.5584,-0.0134
param,267,0.9169,0.4122,0.9169,0.0202
pos,268,-1.0798,-1.9944,1.1896,-0.2488
input,268,0.0855,0.0701,0.5399,-0.0130
param,268,0.9169,0.4122,0.9168,0.0202
pos,269,-1.0809,-1.9934,1.1895,-0.2475
input,269,0.0868,0.0700,0.5221,-0.0128
param,269,0.9169,0.4122,0.9168,0.0202
pos,270,-1.0821,-1.9925,1.1894,-0.2457
input,270,0.0881,0.0699,0.5047,-0.0125
param,270,0.9169,0.4122,0.9167,0.0202
pos,271,-1.0832,-1.9915,1.1892,-0.2433
input,271,0.0895,0.0698,0.4880,-0.0122
param,271,0.9169,0.4122,0.9167,0.0202
pos,272,-1.0844,-1.9905,1.1890,-0.2404
input,272,0.0909,0.0697,0.4716,-0.0119
param,272,0.9169,0.4122,0.9167,0.0202
pos,273,-1.0855,-1.9896,1.1888,-0.2371
input,273,0.0924,0.0696,0.4557,-0.0115
param,273,0.9169,0.4122,0.9167,0.0202
pos,274,-1.0867,-1.9886,1.1886,-0.2333
input,274,0.0938,0.0695,0.4405,-0.0112
param,274,0.9169,0.4122,0.9167,0.0202
pos,275,-1.0877,-1.9877,1.1883,-0.2291
input,275,0.0952,0.0693,0.4257,-0.0106
param,275,0.9169,0.4122,0.9167,0.0202
pos,276,-1.0890,-1.9867,1.1880,-0.2244
input,276,0.0965,0.0690,0.4115,-0.0101
param,276,0.9169,0.4122,0.9168,0.0202
pos,277,-1.0902,-1.9858,1.1876,-0.2190
input,277,0.0980,0.0688,0.3976,-0.0094
param,277,0.9168,0.4122,0.9169,0.0202
pos,278,-1.0914,-1.9848,1.1873,-0.2131
input,278,0.0995,0.0686,0.3838,-0.0087
param,278,0.9168,0.4122,0.9169,0.0202
pos,279,-1.0926,-1.9839,1.1870,-0.2070
input,279,0.1010,0.0684,0.3704,-0.0079
param,279,0.9168,0.4122,0.9170,0.0202
pos,280,-1.0937,-1.9830,1.1866,-0.2003
input,280,0.1024,0.0681,0.3575,-0.0073
param,280,0.9168,0.4122,0.9171,0.0202
pos,281,-1.0950,-1.9821,1.1862,-0.1930
input,281,0.1038,0.0679,0.3448,-0.0067
param,281,0.9168,0.4122,0.9172,0.0202
pos,282,-1.0961,-1.9812,1.1858,-0.1853
input,282,0.1053,0.0676,0.3322,-0.0058
param,282,0.9168,0.4122,0.9174,0.0202
pos,283,-1.0973,-1.9803,1.1854,-0.1772
input,283,0.1067,0.0673,0.3199,-0.0049
param,283,0.9168,0.4122,0.9175,0.0202
pos,284,-1.0985,-1.9794,1.1850,-0.1688
input,284,0.1081,0.0669,0.3079,-0.0042
param,284,0.9168,0.4122,0.9177,0.0202
pos,285,-1.0996,-1.9785,1.1846,-0.1602
input,285,0.1096,0.0666,0.2963,-0.0034
param,285,0.9168,0.4122,0.9178,0.0202
pos,286,-1.1006,-1.9777,1.1843,-0.1513
input,286,0.1109,0.0662,0.2852,-0.0028
param,286,0.9168,0.4122,0.9180,0.0202
pos,287,-1.1018,-1.9768,1.1840,-0.1418
input,287,0.1120,0.0657,0.2746,-0.0022
param,287,0.9168,0.4122,0.9182,0.0202
pos,288,-1.1030,-1.9758,1.1837,-0.1319
input,288,0.1135,0.0654,0.2639,-0.0016
param,288,0.9167,0.4122,0.9184,0.0202
pos,289,-1.1041,-1.9750,1.1834,-0.1219
input,289,0.1150,0.0651,0.2533,-0.0012
param,289,0.9167,0.4122,0.9187,0.0202
pos,290,-1.1050,-1.9742,1.1832,-0.1116
input,290,0.1164,0.0646,0.2432,-0.0009
param,290,0.9167,0.4122,0.9189,0.0202
pos,291,-1.1062,-1.9731,1.1831,-0.1010
input,291,0.1175,0.0641,0.2336,-0.0006
param,291,0.9167,0.4122,0.9191,0.0202
pos,292,-1.1073,-1.9720,1.1831,-0.0901
input,292,0.1190,0.0637,0.2240,-0.0008
param,292,0.9167,0.4122,0.9194,0.0202
pos,293,-1.1084,-1.9708,1.1832,-0.0789
input,293,0.1205,0.0633,0.2148,-0.0013
param,293,0.9167,0.4122,0.9196,0.0202
pos,294,-1.1094,-1.9697,1.1834,-0.0676
input,294,0.1219,0.0627,0.2058,-0.0021
param,294,0.9167,0.4122,0.9198,0.0202
pos,295,-1.1104,-1.9685,1.1838,-0.0560
input,295,0.1233,0.0621,0.1972,-0.0029
param,295,0.9167,0.4122,0.9200,0.0202
pos,296,-1.1113,-1.9672,1.1843,-0.0441
input,296,0.1247,0.0615,0.1889,-0.0043
param,296,0.9167,0.4122,0.9203,0.0202
pos,297,-1.1122,-1.9658,1.1848,-0.0322
input,297,0.1261,0.0608,0.1807,-0.0060
param,297,0.9167,0.4122,0.9204,0.0202
pos,298,-1.1130,-1.9646,1.1853,-0.0202
input,298,0.1275,0.0600,0.1729,-0.0078
param,298,0.9167,0.4122,0.9206,0.0202
pos,299,-1.1139,-1.9631,1.1860,-0.0085
input,299,0.1275,0.0600,0.1729,-0.0078
param,299,0.9166,0.4121,0.9207,0.0202
pos,300,-1.1146,-1.9616,1.1868,0.0029
input,300,0.1301,0.0583,0.1582,-0.0116
param,300,0.9166,0.4121,0.9209,0.0202
pos,301,-1.1153,-1.9602,1.1877,0.0138
input,301,0.1314,0.0574,0.1514,-0.0141
param,301,0.9166,0.4121,0.9210,0.0202
pos,302,-1.1161,-1.9587,1.1887,0.0244
input,302,0.1325,0.0564,0.1448,-0.0165
param,302,0.9166,0.4121,0.9211,0.0202
pos,303,-1.1168,-1.9571,1.1897,0.0345
input,303,0.1339,0.0555,0.1385,-0.0193
param,303,0.9166,0.4121,0.9212,0.0202
pos,304,-1.1175,-1.9555,1.1907,0.0443
input,304,0.1352,0.0546,0.1325,-0.0222
param,304,0.9166,0.4121,0.9212,0.0202
pos,305,-1.1182,-1.9539,1.1919,0.0537
input,305,0.1365,0.0537,0.1269,-0.0249
param,305,0.9166,0.4121,0.9213,0.0202
pos,306,-1.1189,-1.9522,1.1931,0.0628
input,306,0.1379,0.0528,0.1215,-0.0280
param,306,0.9166,0.4121,0.9213,0.0202
pos,307,-1.1197,-1.9505,1.1943,0.0715
input,307,0.1392,0.0519,0.1164,-0.0310
param,307,0.9166,0.4121,0.9213,0.0202
pos,308,-1.1204,-1.9488,1.1956,0.0799
input,308,0.1406,0.0511,0.1116,-0.0342
param,308,0.9166,0.4121,0.9212,0.0202
pos,309,-1.1211,-1.9471,1.1969,0.0880
input,309,0.1419,0.0502,0.1069,-0.0374
param,309,0.9166,0.4121,0.9212,0.0202
pos,310,-1.1217,-1.9455,1.1981,0.0957
input,310,0.1433,0.0493,0.1025,-0.0404
param,310,0.9166,0.4121,0.9212,0.0202
pos,311,-1.1224,-1.9439,1.1994,0.1032
input,311,0.1445,0.0485,0.0983,-0.0434
param,311,0.9165,0.4121,0.9211,0.0202
pos,312,-1.1231,-1.9423,1.2007,0.1103
input,312,0.1458,0.0477,0.0944,-0.0462
param,312,0.9165,0.4121,0.9210,0.0202
pos,313,-1.1238,-1.9405,1.2020,0.1172
input,313,0.1471,0.0469,0.0907,-0.0490
param,313,0.9165,0.4121,0.9209,0.0202
pos,314,-1.1244,-1.9388,1.2034,0.1238
input,314,0.1485,0.0462,0.0870,-0.0519
param,314,0.9165,0.4121,0.9208,0.0202
pos,315,-1.1251,-1.9373,1.2046,0.1301
input,315,0.1498,0.0454,0.0837,-0.0548
param,315,0.9165,0.4121,0.9206,0.0202
pos,316,-1.1256,-1.9357,1.2058,0.1361
input,316,0.1510,0.0447,0.0805,-0.0572
param,316,0.9165,0.4121,0.9205,0.0202
pos,317,-1.1263,-1.9341,1.2071,0.1420
input,317,0.1510,0.0447,0.0805,-0.0572
param,317,0.9165,0.4121,0.9204,0.0202
pos,318,-1.1269,-1.9324,1.2084,0.1475
input,318,0.1534,0.0433,0.0744,-0.0619
param,318,0.9165,0.4121,0.9202,0.0202
pos,319,-1.1277,-1.9306,1.2097,0.1529
input,319,0.1534,0.0433,0.0744,-0.0619
param,319,0.9165,0.4121,0.9201,0.0202
pos,320,-1.1284,-1.9289,1.2110,0.1582
input,320,0.1562,0.0420,0.0688,-0.0667
param,320,0.9164,0.4121,0.9200,0.0202
pos,321,-1.1291,-1.9271,1.2122,0.1631
input,321,0.1562,0.0420,0.0688,-0.0667
param,321,0.9164,0.4121,0.9198,0.0202
pos,322,-1.1299,-1.9254,1.2133,0.1678
input,322,0.1591,0.0408,0.0635,-0.0710
param,322,0.9164,0.4121,0.9197,0.0202
pos,323,-1.1307,-1.9236,1.2145,0.1724
input,323,0.1591,0.0408,0.0635,-0.0710
param,323,0.9164,0.4121,0.9196,0.0202
pos,324,-1.1314,-1.9219,1.2155,0.1765
input,324,0.1620,0.0397,0.0589,-0.0745
param,324,0.9164,0.4121,0.9194,0.0202
pos,325,-1.1322,-1.9202,1.2165,0.1807
input,325,0.1620,0.0397,0.0589,-0.0745
param,325,0.9164,0.4121,0.9193,0.0202
pos,326,-1.1329,-1.9185,1.2175,0.1846
input,326,0.1649,0.0388,0.0549,-0.0772
param,326,0.9164,0.4121,0.9192,0.0202
pos,327,-1.1337,-1.9169,1.2183,0.1883
input,327,0.1649,0.0388,0.0549,-0.0772
param,327,0.9164,0.4121,0.9191,0.0202
pos,328,-1.1345,-1.9151,1.2192,0.1920
input,328,0.1677,0.0379,0.0511,-0.0791
param,328,0.9163,0.4121,0.9190,0.0202
pos,329,-1.1352,-1.9135,1.2200,0.1954
input,329,0.1677,0.0379,0.0511,-0.0791
param,329,0.9163,0.4121,0.9189,0.0202
pos,330,-1.1360,-1.9118,1.2208,0.1987
input,330,0.1705,0.0370,0.0475,-0.0810
param,330,0.9163,0.4121,0.9188,0.0202
pos,331,-1.1368,-1.9101,1.2215,0.2018
input,331,0.1705,0.0370,0.0475,-0.0810
param,331,0.9163,0.4121,0.9187,0.0202
pos,332,-1.1377,-1.9084,1.2222,0.2047
input,332,0.1735,0.0362,0.0445,-0.0821
param,332,0.9163,0.4121,0.9187,0.0202
pos,333,-1.1385,-1.9068,1.2227,0.2075
input,333,0.1735,0.0362,0.0445,-0.0821
param,333,0.9163,0.4121,0.9186,0.0202
pos,334,-1.1395,-1.9049,1.2232,0.2100
input,334,0.1735,0.0362,0.0445,-0.0821
param,334,0.9163,0.4121,0.9185,0.0202
pos,335,-1.1403,-1.9032,1.2237,0.2126
input,335,0.1780,0.0353,0.0405,-0.0829
param,335,0.9163,0.4121,0.9185,0.0202
pos,336,-1.1412,-1.9015,1.2241,0.2150
input,336,0.1780,0.0353,0.0405,-0.0829
param,336,0.9162,0.4121,0.9184,0.0202
pos,337,-1.1422,-1.8997,1.2244,0.2173
input,337,0.1780,0.0353,0.0405,-0.0829
param,337,0.9162,0.4121,0.9184,0.0202
pos,338,-1.1431,-1.8979,1.2247,0.2194
input,338,0.1826,0.0342,0.0663,-0.0828
param,338,0.9162,0.4121,0.9183,0.0202
pos,339,-1.1441,-1.8961,1.2251,0.2214
input,339,0.1843,0.0340,0.0941,-0.0828
param,339,0.9162,0.4121,0.9183,0.0202
pos,340,-1.1451,-1.8943,1.2253,0.2234
input,340,0.1860,0.0336,0.1212,-0.0828
param,340,0.9162,0.4121,0.9183,0.0202
pos,341,-1.1459,-1.8927,1.2254,0.2254
input,341,0.1878,0.0330,0.1474,-0.0825
param,341,0.9162,0.4121,0.9182,0.0202
pos,342,-1.1469,-1.8910,1.2256,0.2271
input,342,0.1893,0.0324,0.1729,-0.0822
param,342,0.9162,0.4121,0.9182,0.0202
pos,343,-1.1479,-1.8892,1.2257,0.2287
input,343,0.1909,0.0317,0.1979,-0.0820
param,343,0.9162,0.4121,0.9182,0.0202
pos,344,-1.1489,-1.8873,1.2258,0.2303
input,344,0.1927,0.0308,0.2222,-0.0817
param,344,0.9161,0.4121,0.9181,0.0202
pos,345,-1.1498,-1.8857,1.2259,0.2318
input,345,0.1946,0.0298,0.2459,-0.0814
param,345,0.9161,0.4121,0.9181,0.0202
pos,346,-1.1506,-1.8841,1.2259,0.2332
input,346,0.1962,0.0287,0.2690,-0.0811
param,346,0.9161,0.4121,0.9181,0.0202
pos,347,-1.1516,-1.8823,1.2260,0.2346
input,347,0.1977,0.0275,0.2915,-0.0808
param,347,0.9161,0.4121,0.9181,0.0202
pos,348,-1.1526,-1.8804,1.2259,0.2360
input,348,0.1996,0.0262,0.3134,-0.0805
param,348,0.9161,0.4121,0.9181,0.0202
pos,349,-1.1536,-1.8784,1.2259,0.2374
input,349,0.2016,0.0247,0.3345,-0.0801
param,349,0.9161,0.4121,0.9181,0.0202
pos,350,-1.1547,-1.8764,1.2259,0.2387
input,350,0.2036,0.0231,0.3551,-0.0798
param,350,0.9161,0.4121,0.9181,0.0202
pos,351,-1.1556,-1.8745,1.2258,0.2400
input,351,0.2056,0.0214,0.3751,-0.0796
param,351,0.9161,0.4121,0.9180,0.0202
pos,352,-1.1567,-1.8725,1.2257,0.2414
input,352,0.2076,0.0196,0.3945,-0.0793
param,352,0.9161,0.4121,0.9180,0.0202
pos,353,-1.1577,-1.8705,1.2257,0.2426
input,353,0.2097,0.0177,0.4133,-0.0790
param,353,0.9161,0.4121,0.9180,0.0202
pos,354,-1.1587,-1.8684,1.2257,0.2439
input,354,0.2119,0.0156,0.4315,-0.0790
param,354,0.9161,0.4121,0.9180,0.0202
pos,355,-1.1598,-1.8663,1.2256,0.2452
input,355,0.2140,0.0134,0.4494,-0.0789
param,355,0.9160,0.4120,0.9181,0.0202
pos,356,-1.1608,-1.8642,1.2255,0.2466
input,356,0.2163,0.0111,0.4664,-0.0789
param,356,0.9160,0.4120,0.9181,0.0202
pos,357,-1.1618,-1.8621,1.2254,0.2479
input,357,0.2186,0.0087,0.4830,-0.0787
param,357,0.9160,0.4120,0.9181,0.0202
pos,358,-1.1628,-1.8599,1.2253,0.2494
input,358,0.2208,0.0062,0.4991,-0.0787
param,358,0.9160,0.4120,0.9181,0.0202
pos,359,-1.1638,-1.8578,1.2251,0.2507
input,359,0.2232,0.0035,0.5147,-0.0785
param,359,0.9160,0.4120,0.9181,0.0202
pos,360,-1.1648,-1.8555,1.2250,0.2523
input,360,0.2254,0.0008,0.5298,-0.0783
param,360,0.9160,0.4120,0.9181,0.0202
pos,361,-1.1658,-1.8533,1.2248,0.2539
input,361,0.2280,-0.0021,0.5441,-0.0782
param,361,0.9160,0.4120,0.9181,0.0202
pos,362,-1.1668,-1.8511,1.2247,0.2555
input,362,0.2304,-0.0051,0.5580,-0.0782
param,362,0.9160,0.4120,0.9181,0.0202
pos,363,-1.1677,-1.8486,1.2245,0.2572
input,363,0.2328,-0.0082,0.5715,-0.0780
param,363,0.9160,0.4120,0.9181,0.0202
pos,364,-1.1686,-1.8461,1.2243,0.2591
input,364,0.2353,-0.0118,0.5844,-0.0779
param,364,0.9160,0.4120,0.9182,0.0202
pos,365,-1.1698,-1.8435,1.2243,0.2611
input,365,0.2378,-0.0154,0.5967,-0.0778
param,365,0.9159,0.4120,0.9182,0.0202
pos,366,-1.1709,-1.8411,1.2241,0.2634
input,366,0.2406,-0.0188,0.6085,-0.0779
param,366,0.9159,0.4120,0.9182,0.0202
pos,367,-1.1721,-1.8386,1.2240,0.2656
input,367,0.2434,-0.0223,0.6195,-0.0780
param,367,0.9159,0.4120,0.9182,0.0202
pos,368,-1.1733,-1.8359,1.2238,0.2679
input,368,0.2434,-0.0223,0.6195,-0.0780
param,368,0.9159,0.4120,0.9182,0.0202
pos,369,-1.1744,-1.8333,1.2236,0.2708
input,369,0.2492,-0.0297,0.6407,-0.0777
param,369,0.9159,0.4120,0.9183,0.0202
pos,370,-1.1755,-1.8306,1.2235,0.2741
input,370,0.2492,-0.0297,0.6407,-0.0777
param,370,0.9159,0.4119,0.9183,0.0202
pos,371,-1.1766,-1.8280,1.2233,0.2779
input,371,0.2552,-0.0375,0.6312,-0.0774
param,371,0.9158,0.4119,0.9183,0.0202
pos,372,-1.1778,-1.8252,1.2230,0.2821
input,372,0.2579,-0.0414,0.6121,-0.0775
param,372,0.9158,0.4119,0.9183,0.0202
pos,373,-1.1790,-1.8224,1.2228,0.2867
input,373,0.2609,-0.0452,0.5935,-0.0772
param,373,0.9158,0.4119,0.9183,0.0202
pos,374,-1.1803,-1.8196,1.2227,0.2919
input,374,0.2639,-0.0490,0.5755,-0.0770
param,374,0.9158,0.4119,0.9183,0.0202
pos,375,-1.1815,-1.8167,1.2225,0.2974
input,375,0.2669,-0.0526,0.5577,-0.0769
param,375,0.9158,0.4119,0.9184,0.0202
pos,376,-1.1827,-1.8139,1.2222,0.3033
input,376,0.2699,-0.0562,0.5407,-0.0768
param,376,0.9157,0.4119,0.9184,0.0202
pos,377,-1.1840,-1.8110,1.2219,0.3093
input,377,0.2728,-0.0596,0.5243,-0.0765
param,377,0.9157,0.4119,0.9184,0.0202
pos,378,-1.1853,-1.8081,1.2217,0.3158
input,378,0.2757,-0.0629,0.5086,-0.0761
param,378,0.9157,0.4119,0.9184,0.0202
pos,379,-1.1863,-1.8051,1.2213,0.3228
input,379,0.2786,-0.0660,0.4934,-0.0757
param,379,0.9157,0.4119,0.9184,0.0202
pos,380,-1.1875,-1.8023,1.2211,0.3305
input,380,0.2813,-0.0694,0.4783,-0.0751
param,380,0.9157,0.4119,0.9185,0.0202
pos,381,-1.1886,-1.7993,1.2208,0.3384
input,381,0.2840,-0.0726,0.4631,-0.0747
param,381,0.9156,0.4119,0.9185,0.0202
pos,382,-1.1897,-1.7964,1.2204,0.3467
input,382,0.2866,-0.0758,0.4487,-0.0742
param,382,0.9156,0.4119,0.9186,0.0202
pos,383,-1.1909,-1.7935,1.2202,0.3552
input,383,0.2891,-0.0789,0.4347,-0.0737
param,383,0.9156,0.4119,0.9186,0.0202
pos,384,-1.1924,-1.7907,1.2199,0.3646
input,384,0.2917,-0.0818,0.4211,-0.0734
param,384,0.9156,0.4120,0.9187,0.0202
pos,385,-1.1938,-1.7878,1.2197,0.3743
input,385,0.2946,-0.0844,0.4072,-0.0730
param,385,0.9156,0.4120,0.9188,0.0202
pos,386,-1.1953,-1.7849,1.2194,0.3845
input,386,0.2973,-0.0870,0.3936,-0.0726
param,386,0.9155,0.4120,0.9189,0.0202
pos,387,-1.1968,-1.7821,1.2192,0.3949
input,387,0.3002,-0.0896,0.3802,-0.0722
param,387,0.9155,0.4120,0.9190,0.0202
pos,388,-1.1984,-1.7791,1.2190,0.4060
input,388,0.3028,-0.0920,0.3673,-0.0719
param,388,0.9155,0.4120,0.9192,0.0202
pos,389,-1.1999,-1.7762,1.2189,0.4172
input,389,0.3056,-0.0947,0.3541,-0.0719
param,389,0.9155,0.4120,0.9193,0.0202
pos,390,-1.2015,-1.7731,1.2187,0.4287
input,390,0.3082,-0.0972,0.3416,-0.0718
param,390,0.9155,0.4120,0.9195,0.0202
pos,391,-1.2030,-1.7701,1.2185,0.4406
input,391,0.3109,-0.0997,0.3293,-0.0717
param,391,0.9154,0.4120,0.9197,0.0202
pos,392,-1.2045,-1.7673,1.2183,0.4526
input,392,0.3136,-0.1022,0.3173,-0.0715
param,392,0.9154,0.4120,0.9199,0.0202
pos,393,-1.2061,-1.7642,1.2180,0.4646
input,393,0.3159,-0.1045,0.3059,-0.0713
param,393,0.9154,0.4120,0.9201,0.0202
pos,394,-1.2076,-1.7613,1.2177,0.4768
input,394,0.3186,-0.1068,0.2950,-0.0708
param,394,0.9154,0.4120,0.9202,0.0202
pos,395,-1.2090,-1.7580,1.2174,0.4890
input,395,0.3209,-0.1089,0.2847,-0.0704
param,395,0.9154,0.4120,0.9203,0.0202
pos,396,-1.2105,-1.7546,1.2170,0.5012
input,396,0.3233,-0.1116,0.2749,-0.0698
param,396,0.9154,0.4120,0.9204,0.0202
pos,397,-1.2126,-1.7515,1.2162,0.5135
input,397,0.3259,-0.1140,0.2657,-0.0693
param,397,0.9153,0.4120,0.9205,0.0202
pos,398,-1.2145,-1.7485,1.2155,0.5258
input,398,0.3290,-0.1156,0.2570,-0.0675
param,398,0.9153,0.4120,0.9206,0.0202
pos,399,-1.2164,-1.7449,1.2153,0.5390
input,399,0.3319,-0.1171,0.2487,-0.0659
param,399,0.9153,0.4120,0.9207,0.0202
pos,400,-1.2182,-1.7414,1.2150,0.5525
input,400,0.3348,-0.1196,0.2394,-0.0658
param,400,0.9153,0.4120,0.9209,0.0202
pos,401,-1.2201,-1.7377,1.2148,0.5659
input,401,0.3376,-0.1222,0.2306,-0.0656
param,401,0.9152,0.4120,0.9210,0.0202
pos,402,-1.2220,-1.7343,1.2144,0.5790
input,402,0.3406,-0.1247,0.2221,-0.0655
param,402,0.9152,0.4120,0.9211,0.0202
pos,403,-1.2238,-1.7306,1.2140,0.5912
input,403,0.3432,-0.1270,0.2140,-0.0650
param,403,0.9152,0.4120,0.9211,0.0202
pos,404,-1.2255,-1.7270,1.2136,0.6031
input,404,0.3461,-0.1297,0.2069,-0.0646
param,404,0.9152,0.4120,0.9211,0.0202
pos,405,-1.2274,-1.7231,1.2132,0.6143
input,405,0.3461,-0.1297,0.2069,-0.0646
param,405,0.9152,0.4120,0.9211,0.0202
pos,406,-1.2295,-1.7192,1.2127,0.6255
input,406,0.3518,-0.1346,0.1936,-0.0635
param,406,0.9151,0.4120,0.9210,0.0202
pos,407,-1.2315,-1.7154,1.2123,0.6361
input,407,0.3518,-0.1346,0.1936,-0.0635
param,407,0.9151,0.4120,0.9210,0.0202
pos,408,-1.2334,-1.7121,1.2119,0.6462
input,408,0.3582,-0.1396,0.1812,-0.0622
param,408,0.9151,0.4120,0.9209,0.0202
pos,409,-1.2372,-1.7068,1.2122,0.6561
input,409,0.3582,-0.1396,0.1812,-0.0622
param,409,0.9150,0.4120,0.9208,0.0202
pos,410,-1.2410,-1.7016,1.2123,0.6666
input,410,0.3670,-0.1443,0.1703,-0.0635
param,410,0.9150,0.4120,0.9208,0.0202
pos,411,-1.2431,-1.6968,1.2122,0.6844
input,411,0.3729,-0.1473,0.1641,-0.0651
param,411,0.9149,0.4120,0.9222,0.0202
pos,412,-1.2447,-1.6924,1.2111,0.7020
input,412,0.3756,-0.1538,0.1462,-0.0656
param,412,0.9149,0.4120,0.9235,0.0202
pos,413,-1.2465,-1.6880,1.2100,0.7191
input,413,0.3775,-0.1598,0.1290,-0.0631
param,413,0.9149,0.4120,0.9247,0.0202
pos,414,-1.2481,-1.6837,1.2091,0.7356
input,414,0.3795,-0.1655,0.1126,-0.0606
param,414,0.9148,0.4121,0.9258,0.0202
pos,415,-1.2499,-1.6790,1.2080,0.7516
input,415,0.3813,-0.1709,0.0970,-0.0584
param,415,0.9148,0.4121,0.9268,0.0202
pos,416,-1.2522,-1.6743,1.2069,0.7584
input,416,0.3837,-0.1763,0.0823,-0.0560
param,416,0.9147,0.4121,0.9263,0.0202
pos,417,-1.2545,-1.6694,1.2057,0.7647
input,417,0.3837,-0.1763,0.0823,-0.0560
param,417,0.9147,0.4121,0.9257,0.0202
pos,418,-1.2569,-1.6645,1.2045,0.7707
input,418,0.3919,-0.1803,0.0811,-0.0511
param,418,0.9146,0.4121,0.9251,0.0202
pos,419,-1.2590,-1.6600,1.2035,0.7763
input,419,0.3919,-0.1803,0.0811,-0.0511
param,419,0.9146,0.4122,0.9246,0.0202
pos,420,-1.2614,-1.6546,1.2022,0.7805
input,420,0.3999,-0.1839,0.0805,-0.0469
param,420,0.9145,0.4122,0.9238,0.0202
pos,421,-1.2642,-1.6494,1.2011,0.7863
input,421,0.3999,-0.1839,0.0805,-0.0469
param,421,0.9145,0.4122,0.9233,0.0202
pos,422,-1.2671,-1.6440,1.1998,0.7918
input,422,0.4096,-0.1882,0.0812,-0.0427
param,422,0.9144,0.4122,0.9229,0.0202
pos,423,-1.2700,-1.6385,1.1986,0.7969
input,423,0.4096,-0.1882,0.0812,-0.0427
param,423,0.9143,0.4122,0.9224,0.0202
pos,424,-1.2727,-1.6336,1.1974,0.8017
input,424,0.4198,-0.1929,0.0794,-0.0385
param,424,0.9142,0.4122,0.9219,0.0202
pos,425,-1.2756,-1.6281,1.1958,0.8059
input,425,0.4198,-0.1929,0.0794,-0.0385
param,425,0.9142,0.4123,0.9213,0.0202
pos,426,-1.2784,-1.6224,1.1942,0.8096
input,426,0.4294,-0.1970,0.0788,-0.0337
param,426,0.9141,0.4123,0.9208,0.0202
pos,427,-1.2817,-1.6168,1.1923,0.8130
input,427,0.4294,-0.1970,0.0788,-0.0337
param,427,0.9140,0.4123,0.9202,0.0202
pos,428,-1.2847,-1.6109,1.1908,0.8160
input,428,0.4402,-0.2010,0.0801,-0.0270
param,428,0.9139,0.4124,0.9197,0.0202
pos,429,-1.2877,-1.6049,1.1893,0.8189
input,429,0.4402,-0.2010,0.0801,-0.0270
param,429,0.9138,0.4124,0.9192,0.0202
pos,430,-1.2899,-1.5983,1.1874,0.8208
input,430,0.4509,-0.2061,0.0819,-0.0225
param,430,0.9138,0.4124,0.9187,0.0202
pos,431,-1.2928,-1.5929,1.1859,0.8242
input,431,0.4509,-0.2061,0.0819,-0.0225
param,431,0.9137,0.4124,0.9183,0.0202
pos,432,-1.2961,-1.5868,1.1841,0.8279
input,432,0.4607,-0.2116,0.0837,-0.0166
param,432,0.9136,0.4124,0.9181,0.0202
pos,433,-1.2994,-1.5808,1.1824,0.8316
input,433,0.4607,-0.2116,0.0837,-0.0166
param,433,0.9135,0.4125,0.9178,0.0202
pos,434,-1.3021,-1.5753,1.1806,0.8351
input,434,0.4717,-0.2172,0.0812,-0.0107
param,434,0.9134,0.4125,0.9176,0.0202
pos,435,-1.3056,-1.5696,1.1788,0.8373
input,435,0.4717,-0.2172,0.0812,-0.0107
param,435,0.9133,0.4125,0.9173,0.0202
pos,436,-1.3088,-1.5645,1.1771,0.8393
input,436,0.4816,-0.2214,0.0807,-0.0047
param,436,0.9132,0.4125,0.9170,0.0202
pos,437,-1.3124,-1.5588,1.1746,0.8411
input,437,0.4816,-0.2214,0.0807,-0.0047
param,437,0.9132,0.4125,0.9168,0.0202
pos,438,-1.3160,-1.5531,1.1719,0.8429
input,438,0.4922,-0.2240,0.0821,0.0029
param,438,0.9131,0.4126,0.9166,0.0202
pos,439,-1.3192,-1.5480,1.1695,0.8445
input,439,0.4922,-0.2240,0.0821,0.0029
param,439,0.9130,0.4126,0.9165,0.0202
pos,440,-1.3221,-1.5434,1.1673,0.8463
input,440,0.5028,-0.2263,0.0834,0.0125
param,440,0.9129,0.4126,0.9165,0.0202
pos,441,-1.3259,-1.5371,1.1652,0.8482
input,441,0.5028,-0.2263,0.0834,0.0125
param,441,0.9128,0.4126,0.9166,0.0202
pos,442,-1.3296,-1.5308,1.1631,0.8499
input,442,0.5127,-0.2296,0.0835,0.0195
param,442,0.9127,0.4126,0.9166,0.0202
pos,443,-1.3335,-1.5244,1.1609,0.8515
input,443,0.5127,-0.2296,0.0835,0.0195
param,443,0.9126,0.4127,0.9166,0.0202
pos,444,-1.3373,-1.5184,1.1589,0.8527
input,444,0.5250,-0.2347,0.0831,0.0260
param,444,0.9125,0.4127,0.9167,0.0202
pos,445,-1.3414,-1.5119,1.1567,0.8531
input,445,0.5250,-0.2347,0.0831,0.0260
param,445,0.9124,0.4127,0.9167,0.0202
pos,446,-1.3454,-1.5057,1.1547,0.8532
input,446,0.5372,-0.2398,0.0837,0.0314
param,446,0.9122,0.4127,0.9167,0.0202
pos,447,-1.3497,-1.4991,1.1525,0.8528
input,447,0.5372,-0.2398,0.0837,0.0314
param,447,0.9121,0.4127,0.9167,0.0202
pos,448,-1.3536,-1.4931,1.1504,0.8524
input,448,0.5498,-0.2447,0.0853,0.0371
param,448,0.9120,0.4127,0.9167,0.0202
pos,449,-1.3576,-1.4868,1.1485,0.8524
input,449,0.5498,-0.2447,0.0853,0.0371
param,449,0.9119,0.4127,0.9168,0.0202
pos,450,-1.3615,-1.4807,1.1467,0.8523
input,450,0.5610,-0.2496,0.0866,0.0417
param,450,0.9118,0.4127,0.9168,0.0202
pos,451,-1.3649,-1.4752,1.1451,0.8523
input,451,0.5610,-0.2496,0.0866,0.0417
param,451,0.9117,0.4127,0.9168,0.0202
pos,452,-1.3695,-1.4677,1.1431,0.8520
input,452,0.5610,-0.2496,0.0866,0.0417
param,452,0.9115,0.4127,0.9169,0.0202
pos,453,-1.3744,-1.4596,1.1412,0.8516
input,453,0.5779,-0.2580,0.0878,0.0478
param,453,0.9114,0.4127,0.9169,0.0202
pos,454,-1.3792,-1.4518,1.1393,0.8515
input,454,0.5779,-0.2580,0.0878,0.0478
param,454,0.9112,0.4127,0.9169,0.0202
pos,455,-1.3840,-1.4439,1.1376,0.8512
input,455,0.5779,-0.2580,0.0878,0.0478
param,455,0.9110,0.4127,0.9169,0.0202
pos,456,-1.3892,-1.4353,1.1358,0.8508
input,456,0.2101,-0.0943,0.0309,0.0199
param,456,0.9108,0.4127,0.9170,0.0202
pos,457,-1.3942,-1.4271,1.1341,0.8505
input,457,0.6197,-0.2759,0.0940,0.0524
param,457,0.9106,0.4127,0.9170,0.0202
pos,458,-1.3995,-1.4183,1.1325,0.8498
input,458,0.6197,-0.2759,0.0940,0.0524
param,458,0.9104,0.4127,0.9170,0.0202
pos,459,-1.4049,-1.4093,1.1310,0.8492
input,459,0.6359,-0.2842,0.0959,0.0538
param,459,0.9102,0.4126,0.9170,0.0202
pos,460,-1.4101,-1.4007,1.1296,0.8487
input,460,0.6359,-0.2842,0.0959,0.0538
param,460,0.9100,0.4126,0.9171,0.0202
pos,461,-1.4154,-1.3920,1.1284,0.8483
input,461,0.6526,-0.2928,0.0983,0.0541
param,461,0.9098,0.4126,0.9171,0.0202
pos,462,-1.4209,-1.3830,1.1272,0.8478
input,462,0.6526,-0.2928,0.0983,0.0541
param,462,0.9096,0.4126,0.9171,0.0202
pos,463,-1.4261,-1.3746,1.1261,0.8476
input,463,0.6690,-0.3015,0.1004,0.0534
param,463,0.9094,0.4126,0.9172,0.0202
pos,464,-1.4323,-1.3646,1.1252,0.8475
input,464,0.6690,-0.3015,0.1004,0.0534
param,464,0.9091,0.4125,0.9172,0.0202
pos,465,-1.4386,-1.3547,1.1244,0.8473
input,465,0.6864,-0.3109,0.1019,0.0515
param,465,0.9089,0.4125,0.9173,0.0202
pos,466,-1.4450,-1.3446,1.1235,0.8472
input,466,0.6864,-0.3109,0.1019,0.0515
param,466,0.9086,0.4125,0.9173,0.0201
pos,467,-1.4510,-1.3350,1.1229,0.8469
input,467,0.7060,-0.3213,0.1032,0.0485
param,467,0.9084,0.4125,0.9174,0.0201
pos,468,-1.4573,-1.3251,1.1223,0.8466
input,468,0.7060,-0.3213,0.1032,0.0485
param,468,0.9081,0.4124,0.9174,0.0201
pos,469,-1.4640,-1.3145,1.1218,0.8465
input,469,0.7244,-0.3313,0.1050,0.0444
param,469,0.9079,0.4124,0.9175,0.0201
pos,470,-1.4709,-1.3038,1.1214,0.8461
input,470,0.7244,-0.3313,0.1050,0.0444
param,470,0.9076,0.4124,0.9175,0.0201
pos,471,-1.4778,-1.2930,1.1210,0.8457
input,471,0.7452,-0.3423,0.1068,0.0396
param,471,0.9073,0.4124,0.9175,0.0201
pos,472,-1.4848,-1.2820,1.1208,0.8453
input,472,0.7452,-0.3423,0.1068,0.0396
param,472,0.9070,0.4123,0.9175,0.0201
pos,473,-1.4919,-1.2709,1.1206,0.8448
input,473,0.7664,-0.3531,0.1093,0.0342
param,473,0.9067,0.4123,0.9175,0.0201
pos,474,-1.4988,-1.2603,1.1204,0.8445
input,474,0.7664,-0.3531,0.1093,0.0342
param,474,0.9064,0.4123,0.9175,0.0201
pos,475,-1.5061,-1.2490,1.1204,0.8442
input,475,0.7870,-0.3637,0.1116,0.0284
param,475,0.9061,0.4123,0.9175,0.0201
pos,476,-1.5136,-1.2375,1.1204,0.8437
input,476,0.7870,-0.3637,0.1116,0.0284
param,476,0.9058,0.4123,0.9175,0.0201
pos,477,-1.5207,-1.2267,1.1203,0.8435
input,477,0.8090,-0.3748,0.1138,0.0222
param,477,0.9055,0.4122,0.9175,0.0201
pos,478,-1.5283,-1.2152,1.1202,0.8432
input,478,0.8090,-0.3748,0.1138,0.0222
param,478,0.9052,0.4122,0.9175,0.0201
pos,479,-1.5351,-1.2048,1.1202,0.8430
input,479,0.8301,-0.3854,0.1157,0.0166
param,479,0.9049,0.4122,0.9175,0.0201
pos,480,-1.5428,-1.1931,1.1202,0.8427
input,480,0.8301,-0.3854,0.1157,0.0166
param,480,0.9046,0.4122,0.9175,0.0201
pos,481,-1.5502,-1.1820,1.1203,0.8425
input,481,0.8505,-0.3955,0.1175,0.0112
param,481,0.9043,0.4122,0.9175,0.0201
pos,482,-1.5576,-1.1709,1.1204,0.8423
input,482,0.8505,-0.3955,0.1175,0.0112
param,482,0.9040,0.4122,0.9175,0.0201
pos,483,-1.5656,-1.1590,1.1204,0.8420
input,483,0.8710,-0.4055,0.1191,0.0060
param,483,0.9037,0.4122,0.9175,0.0201
pos,484,-1.5734,-1.1473,1.1206,0.8418
input,484,0.8710,-0.4055,0.1191,0.0060
param,484,0.9034,0.4121,0.9175,0.0201
pos,485,-1.5809,-1.1361,1.1208,0.8416
input,485,0.8930,-0.4162,0.1210,0.0004
param,485,0.9031,0.4121,0.9175,0.0201
pos,486,-1.5885,-1.1248,1.1209,0.8414
input,486,0.8930,-0.4162,0.1210,0.0004
param,486,0.9028,0.4121,0.9175,0.0201
pos,487,-1.6004,-1.1082,1.1208,0.8403
input,487,0.9128,-0.4260,0.1226,-0.0048
param,487,0.9026,0.4121,0.9175,0.0201
pos,488,-1.6077,-1.0969,1.1209,0.8402
input,488,0.9128,-0.4260,0.1226,-0.0048
param,488,0.9024,0.4121,0.9175,0.0201
pos,489,-1.6148,-1.0862,1.1210,0.8401
input,489,0.9329,-0.4362,0.1239,-0.0095
param,489,0.9021,0.4121,0.9175,0.0201
pos,490,-1.6223,-1.0746,1.1214,0.8400
input,490,0.9329,-0.4362,0.1239,-0.0095
param,490,0.9019,0.4121,0.9175,0.0201
pos,491,-1.6300,-1.0628,1.1217,0.8402
input,491,0.9525,-0.4464,0.1254,-0.0145
param,491,0.9016,0.4121,0.9175,0.0201
pos,492,-1.6377,-1.0510,1.1219,0.8404
input,492,0.9525,-0.4464,0.1254,-0.0145
param,492,0.9013,0.4121,0.9175,0.0201
pos,493,-1.6455,-1.0389,1.1223,0.8403
input,493,0.9736,-0.4577,0.1263,-0.0198
param,493,0.9010,0.4121,0.9175,0.0201
pos,494,-1.6529,-1.0276,1.1226,0.8403
input,494,0.9736,-0.4577,0.1263,-0.0198
param,494,0.9007,0.4121,0.9175,0.0201
pos,495,-1.6610,-1.0152,1.1229,0.8404
input,495,0.9943,-0.4685,0.1284,-0.0255
param,495,0.9004,0.4121,0.9175,0.0201
pos,496,-1.6690,-1.0029,1.1231,0.8402
input,496,0.9943,-0.4685,0.1284,-0.0255
param,496,0.9000,0.4121,0.9175,0.0201
pos,497,-1.6772,-0.9903,1.1233,0.8399
input,497,1.0000,-0.4799,0.1304,-0.0308
param,497,0.8997,0.4121,0.9175,0.0201
pos,498,-1.6855,-0.9777